[2023-10-10T15:24:04.271+0000] {processor.py:157} INFO - Started process (PID=151) to work on /home/airflow/.local/lib/python3.8/site-packages/airflow/example_dags/example_bash_operator.py
[2023-10-10T15:24:04.272+0000] {processor.py:829} INFO - Processing file /home/airflow/.local/lib/python3.8/site-packages/airflow/example_dags/example_bash_operator.py for tasks to queue
[2023-10-10T15:24:04.274+0000] {logging_mixin.py:151} INFO - [2023-10-10T15:24:04.273+0000] {dagbag.py:539} INFO - Filling up the DagBag from /home/airflow/.local/lib/python3.8/site-packages/airflow/example_dags/example_bash_operator.py
[2023-10-10T15:24:04.487+0000] {processor.py:839} INFO - DAG(s) dict_keys(['example_bash_operator']) retrieved from /home/airflow/.local/lib/python3.8/site-packages/airflow/example_dags/example_bash_operator.py
[2023-10-10T15:24:04.511+0000] {logging_mixin.py:151} INFO - [2023-10-10T15:24:04.511+0000] {dag.py:2915} INFO - Sync 1 DAGs
[2023-10-10T15:24:04.538+0000] {logging_mixin.py:151} INFO - [2023-10-10T15:24:04.538+0000] {dag.py:3696} INFO - Setting next_dagrun for example_bash_operator to 2023-10-09T00:00:00+00:00, run_after=2023-10-10T00:00:00+00:00
[2023-10-10T15:24:04.558+0000] {processor.py:179} INFO - Processing /home/airflow/.local/lib/python3.8/site-packages/airflow/example_dags/example_bash_operator.py took 0.290 seconds
[2023-10-10T15:24:35.060+0000] {processor.py:157} INFO - Started process (PID=205) to work on /home/airflow/.local/lib/python3.8/site-packages/airflow/example_dags/example_bash_operator.py
[2023-10-10T15:24:35.061+0000] {processor.py:829} INFO - Processing file /home/airflow/.local/lib/python3.8/site-packages/airflow/example_dags/example_bash_operator.py for tasks to queue
[2023-10-10T15:24:35.062+0000] {logging_mixin.py:151} INFO - [2023-10-10T15:24:35.062+0000] {dagbag.py:539} INFO - Filling up the DagBag from /home/airflow/.local/lib/python3.8/site-packages/airflow/example_dags/example_bash_operator.py
[2023-10-10T15:24:35.072+0000] {processor.py:839} INFO - DAG(s) dict_keys(['example_bash_operator']) retrieved from /home/airflow/.local/lib/python3.8/site-packages/airflow/example_dags/example_bash_operator.py
[2023-10-10T15:24:35.102+0000] {logging_mixin.py:151} INFO - [2023-10-10T15:24:35.102+0000] {dag.py:2915} INFO - Sync 1 DAGs
[2023-10-10T15:24:35.123+0000] {logging_mixin.py:151} INFO - [2023-10-10T15:24:35.123+0000] {dag.py:3696} INFO - Setting next_dagrun for example_bash_operator to 2023-10-09T00:00:00+00:00, run_after=2023-10-10T00:00:00+00:00
[2023-10-10T15:24:35.139+0000] {processor.py:179} INFO - Processing /home/airflow/.local/lib/python3.8/site-packages/airflow/example_dags/example_bash_operator.py took 0.082 seconds
[2023-10-10T15:25:05.213+0000] {processor.py:157} INFO - Started process (PID=259) to work on /home/airflow/.local/lib/python3.8/site-packages/airflow/example_dags/example_bash_operator.py
[2023-10-10T15:25:05.214+0000] {processor.py:829} INFO - Processing file /home/airflow/.local/lib/python3.8/site-packages/airflow/example_dags/example_bash_operator.py for tasks to queue
[2023-10-10T15:25:05.216+0000] {logging_mixin.py:151} INFO - [2023-10-10T15:25:05.215+0000] {dagbag.py:539} INFO - Filling up the DagBag from /home/airflow/.local/lib/python3.8/site-packages/airflow/example_dags/example_bash_operator.py
[2023-10-10T15:25:05.224+0000] {processor.py:839} INFO - DAG(s) dict_keys(['example_bash_operator']) retrieved from /home/airflow/.local/lib/python3.8/site-packages/airflow/example_dags/example_bash_operator.py
[2023-10-10T15:25:05.252+0000] {logging_mixin.py:151} INFO - [2023-10-10T15:25:05.251+0000] {dag.py:2915} INFO - Sync 1 DAGs
[2023-10-10T15:25:05.279+0000] {logging_mixin.py:151} INFO - [2023-10-10T15:25:05.279+0000] {dag.py:3696} INFO - Setting next_dagrun for example_bash_operator to 2023-10-09T00:00:00+00:00, run_after=2023-10-10T00:00:00+00:00
[2023-10-10T15:25:05.300+0000] {processor.py:179} INFO - Processing /home/airflow/.local/lib/python3.8/site-packages/airflow/example_dags/example_bash_operator.py took 0.089 seconds
[2023-10-10T15:25:35.346+0000] {processor.py:157} INFO - Started process (PID=313) to work on /home/airflow/.local/lib/python3.8/site-packages/airflow/example_dags/example_bash_operator.py
[2023-10-10T15:25:35.347+0000] {processor.py:829} INFO - Processing file /home/airflow/.local/lib/python3.8/site-packages/airflow/example_dags/example_bash_operator.py for tasks to queue
[2023-10-10T15:25:35.349+0000] {logging_mixin.py:151} INFO - [2023-10-10T15:25:35.349+0000] {dagbag.py:539} INFO - Filling up the DagBag from /home/airflow/.local/lib/python3.8/site-packages/airflow/example_dags/example_bash_operator.py
[2023-10-10T15:25:35.357+0000] {processor.py:839} INFO - DAG(s) dict_keys(['example_bash_operator']) retrieved from /home/airflow/.local/lib/python3.8/site-packages/airflow/example_dags/example_bash_operator.py
[2023-10-10T15:25:35.387+0000] {logging_mixin.py:151} INFO - [2023-10-10T15:25:35.387+0000] {dag.py:2915} INFO - Sync 1 DAGs
[2023-10-10T15:25:35.413+0000] {logging_mixin.py:151} INFO - [2023-10-10T15:25:35.413+0000] {dag.py:3696} INFO - Setting next_dagrun for example_bash_operator to 2023-10-09T00:00:00+00:00, run_after=2023-10-10T00:00:00+00:00
[2023-10-10T15:25:35.430+0000] {processor.py:179} INFO - Processing /home/airflow/.local/lib/python3.8/site-packages/airflow/example_dags/example_bash_operator.py took 0.086 seconds
[2023-10-10T15:26:06.001+0000] {processor.py:157} INFO - Started process (PID=367) to work on /home/airflow/.local/lib/python3.8/site-packages/airflow/example_dags/example_bash_operator.py
[2023-10-10T15:26:06.004+0000] {processor.py:829} INFO - Processing file /home/airflow/.local/lib/python3.8/site-packages/airflow/example_dags/example_bash_operator.py for tasks to queue
[2023-10-10T15:26:06.006+0000] {logging_mixin.py:151} INFO - [2023-10-10T15:26:06.005+0000] {dagbag.py:539} INFO - Filling up the DagBag from /home/airflow/.local/lib/python3.8/site-packages/airflow/example_dags/example_bash_operator.py
[2023-10-10T15:26:06.017+0000] {processor.py:839} INFO - DAG(s) dict_keys(['example_bash_operator']) retrieved from /home/airflow/.local/lib/python3.8/site-packages/airflow/example_dags/example_bash_operator.py
[2023-10-10T15:26:06.045+0000] {logging_mixin.py:151} INFO - [2023-10-10T15:26:06.044+0000] {dag.py:2915} INFO - Sync 1 DAGs
[2023-10-10T15:26:06.064+0000] {logging_mixin.py:151} INFO - [2023-10-10T15:26:06.064+0000] {dag.py:3696} INFO - Setting next_dagrun for example_bash_operator to 2023-10-09T00:00:00+00:00, run_after=2023-10-10T00:00:00+00:00
[2023-10-10T15:26:06.080+0000] {processor.py:179} INFO - Processing /home/airflow/.local/lib/python3.8/site-packages/airflow/example_dags/example_bash_operator.py took 0.082 seconds
[2023-10-10T15:26:36.607+0000] {processor.py:157} INFO - Started process (PID=421) to work on /home/airflow/.local/lib/python3.8/site-packages/airflow/example_dags/example_bash_operator.py
[2023-10-10T15:26:36.608+0000] {processor.py:829} INFO - Processing file /home/airflow/.local/lib/python3.8/site-packages/airflow/example_dags/example_bash_operator.py for tasks to queue
[2023-10-10T15:26:36.610+0000] {logging_mixin.py:151} INFO - [2023-10-10T15:26:36.609+0000] {dagbag.py:539} INFO - Filling up the DagBag from /home/airflow/.local/lib/python3.8/site-packages/airflow/example_dags/example_bash_operator.py
[2023-10-10T15:26:36.618+0000] {processor.py:839} INFO - DAG(s) dict_keys(['example_bash_operator']) retrieved from /home/airflow/.local/lib/python3.8/site-packages/airflow/example_dags/example_bash_operator.py
[2023-10-10T15:26:36.649+0000] {logging_mixin.py:151} INFO - [2023-10-10T15:26:36.649+0000] {dag.py:2915} INFO - Sync 1 DAGs
[2023-10-10T15:26:36.676+0000] {logging_mixin.py:151} INFO - [2023-10-10T15:26:36.676+0000] {dag.py:3696} INFO - Setting next_dagrun for example_bash_operator to 2023-10-09T00:00:00+00:00, run_after=2023-10-10T00:00:00+00:00
[2023-10-10T15:26:36.694+0000] {processor.py:179} INFO - Processing /home/airflow/.local/lib/python3.8/site-packages/airflow/example_dags/example_bash_operator.py took 0.090 seconds
[2023-10-10T15:27:07.224+0000] {processor.py:157} INFO - Started process (PID=475) to work on /home/airflow/.local/lib/python3.8/site-packages/airflow/example_dags/example_bash_operator.py
[2023-10-10T15:27:07.224+0000] {processor.py:829} INFO - Processing file /home/airflow/.local/lib/python3.8/site-packages/airflow/example_dags/example_bash_operator.py for tasks to queue
[2023-10-10T15:27:07.226+0000] {logging_mixin.py:151} INFO - [2023-10-10T15:27:07.226+0000] {dagbag.py:539} INFO - Filling up the DagBag from /home/airflow/.local/lib/python3.8/site-packages/airflow/example_dags/example_bash_operator.py
[2023-10-10T15:27:07.235+0000] {processor.py:839} INFO - DAG(s) dict_keys(['example_bash_operator']) retrieved from /home/airflow/.local/lib/python3.8/site-packages/airflow/example_dags/example_bash_operator.py
[2023-10-10T15:27:07.263+0000] {logging_mixin.py:151} INFO - [2023-10-10T15:27:07.263+0000] {dag.py:2915} INFO - Sync 1 DAGs
[2023-10-10T15:27:07.287+0000] {logging_mixin.py:151} INFO - [2023-10-10T15:27:07.286+0000] {dag.py:3696} INFO - Setting next_dagrun for example_bash_operator to 2023-10-09T00:00:00+00:00, run_after=2023-10-10T00:00:00+00:00
[2023-10-10T15:27:07.306+0000] {processor.py:179} INFO - Processing /home/airflow/.local/lib/python3.8/site-packages/airflow/example_dags/example_bash_operator.py took 0.085 seconds
[2023-10-10T15:27:37.927+0000] {processor.py:157} INFO - Started process (PID=529) to work on /home/airflow/.local/lib/python3.8/site-packages/airflow/example_dags/example_bash_operator.py
[2023-10-10T15:27:37.928+0000] {processor.py:829} INFO - Processing file /home/airflow/.local/lib/python3.8/site-packages/airflow/example_dags/example_bash_operator.py for tasks to queue
[2023-10-10T15:27:37.930+0000] {logging_mixin.py:151} INFO - [2023-10-10T15:27:37.930+0000] {dagbag.py:539} INFO - Filling up the DagBag from /home/airflow/.local/lib/python3.8/site-packages/airflow/example_dags/example_bash_operator.py
[2023-10-10T15:27:37.994+0000] {processor.py:839} INFO - DAG(s) dict_keys(['example_bash_operator']) retrieved from /home/airflow/.local/lib/python3.8/site-packages/airflow/example_dags/example_bash_operator.py
[2023-10-10T15:27:38.199+0000] {logging_mixin.py:151} INFO - [2023-10-10T15:27:38.199+0000] {dag.py:2915} INFO - Sync 1 DAGs
[2023-10-10T15:27:38.319+0000] {logging_mixin.py:151} INFO - [2023-10-10T15:27:38.319+0000] {dag.py:3696} INFO - Setting next_dagrun for example_bash_operator to 2023-10-09T00:00:00+00:00, run_after=2023-10-10T00:00:00+00:00
[2023-10-10T15:27:38.400+0000] {processor.py:179} INFO - Processing /home/airflow/.local/lib/python3.8/site-packages/airflow/example_dags/example_bash_operator.py took 0.477 seconds
[2023-10-10T15:28:08.656+0000] {processor.py:157} INFO - Started process (PID=583) to work on /home/airflow/.local/lib/python3.8/site-packages/airflow/example_dags/example_bash_operator.py
[2023-10-10T15:28:08.657+0000] {processor.py:829} INFO - Processing file /home/airflow/.local/lib/python3.8/site-packages/airflow/example_dags/example_bash_operator.py for tasks to queue
[2023-10-10T15:28:08.659+0000] {logging_mixin.py:151} INFO - [2023-10-10T15:28:08.658+0000] {dagbag.py:539} INFO - Filling up the DagBag from /home/airflow/.local/lib/python3.8/site-packages/airflow/example_dags/example_bash_operator.py
[2023-10-10T15:28:08.668+0000] {processor.py:839} INFO - DAG(s) dict_keys(['example_bash_operator']) retrieved from /home/airflow/.local/lib/python3.8/site-packages/airflow/example_dags/example_bash_operator.py
[2023-10-10T15:28:08.703+0000] {logging_mixin.py:151} INFO - [2023-10-10T15:28:08.703+0000] {dag.py:2915} INFO - Sync 1 DAGs
[2023-10-10T15:28:08.732+0000] {logging_mixin.py:151} INFO - [2023-10-10T15:28:08.732+0000] {dag.py:3696} INFO - Setting next_dagrun for example_bash_operator to 2023-10-09T00:00:00+00:00, run_after=2023-10-10T00:00:00+00:00
[2023-10-10T15:28:08.788+0000] {processor.py:179} INFO - Processing /home/airflow/.local/lib/python3.8/site-packages/airflow/example_dags/example_bash_operator.py took 0.134 seconds
[2023-10-10T15:28:39.456+0000] {processor.py:157} INFO - Started process (PID=637) to work on /home/airflow/.local/lib/python3.8/site-packages/airflow/example_dags/example_bash_operator.py
[2023-10-10T15:28:39.457+0000] {processor.py:829} INFO - Processing file /home/airflow/.local/lib/python3.8/site-packages/airflow/example_dags/example_bash_operator.py for tasks to queue
[2023-10-10T15:28:39.459+0000] {logging_mixin.py:151} INFO - [2023-10-10T15:28:39.459+0000] {dagbag.py:539} INFO - Filling up the DagBag from /home/airflow/.local/lib/python3.8/site-packages/airflow/example_dags/example_bash_operator.py
[2023-10-10T15:28:39.468+0000] {processor.py:839} INFO - DAG(s) dict_keys(['example_bash_operator']) retrieved from /home/airflow/.local/lib/python3.8/site-packages/airflow/example_dags/example_bash_operator.py
[2023-10-10T15:28:39.507+0000] {logging_mixin.py:151} INFO - [2023-10-10T15:28:39.506+0000] {dag.py:2915} INFO - Sync 1 DAGs
[2023-10-10T15:28:39.537+0000] {logging_mixin.py:151} INFO - [2023-10-10T15:28:39.536+0000] {dag.py:3696} INFO - Setting next_dagrun for example_bash_operator to 2023-10-09T00:00:00+00:00, run_after=2023-10-10T00:00:00+00:00
[2023-10-10T15:28:39.556+0000] {processor.py:179} INFO - Processing /home/airflow/.local/lib/python3.8/site-packages/airflow/example_dags/example_bash_operator.py took 0.102 seconds
[2023-10-10T15:29:09.638+0000] {processor.py:157} INFO - Started process (PID=691) to work on /home/airflow/.local/lib/python3.8/site-packages/airflow/example_dags/example_bash_operator.py
[2023-10-10T15:29:09.640+0000] {processor.py:829} INFO - Processing file /home/airflow/.local/lib/python3.8/site-packages/airflow/example_dags/example_bash_operator.py for tasks to queue
[2023-10-10T15:29:09.642+0000] {logging_mixin.py:151} INFO - [2023-10-10T15:29:09.642+0000] {dagbag.py:539} INFO - Filling up the DagBag from /home/airflow/.local/lib/python3.8/site-packages/airflow/example_dags/example_bash_operator.py
[2023-10-10T15:29:09.652+0000] {processor.py:839} INFO - DAG(s) dict_keys(['example_bash_operator']) retrieved from /home/airflow/.local/lib/python3.8/site-packages/airflow/example_dags/example_bash_operator.py
[2023-10-10T15:29:09.679+0000] {logging_mixin.py:151} INFO - [2023-10-10T15:29:09.679+0000] {dag.py:2915} INFO - Sync 1 DAGs
[2023-10-10T15:29:09.708+0000] {logging_mixin.py:151} INFO - [2023-10-10T15:29:09.708+0000] {dag.py:3696} INFO - Setting next_dagrun for example_bash_operator to 2023-10-09T00:00:00+00:00, run_after=2023-10-10T00:00:00+00:00
[2023-10-10T15:29:09.730+0000] {processor.py:179} INFO - Processing /home/airflow/.local/lib/python3.8/site-packages/airflow/example_dags/example_bash_operator.py took 0.094 seconds
[2023-10-10T15:29:39.837+0000] {processor.py:157} INFO - Started process (PID=745) to work on /home/airflow/.local/lib/python3.8/site-packages/airflow/example_dags/example_bash_operator.py
[2023-10-10T15:29:39.838+0000] {processor.py:829} INFO - Processing file /home/airflow/.local/lib/python3.8/site-packages/airflow/example_dags/example_bash_operator.py for tasks to queue
[2023-10-10T15:29:39.840+0000] {logging_mixin.py:151} INFO - [2023-10-10T15:29:39.839+0000] {dagbag.py:539} INFO - Filling up the DagBag from /home/airflow/.local/lib/python3.8/site-packages/airflow/example_dags/example_bash_operator.py
[2023-10-10T15:29:39.853+0000] {processor.py:839} INFO - DAG(s) dict_keys(['example_bash_operator']) retrieved from /home/airflow/.local/lib/python3.8/site-packages/airflow/example_dags/example_bash_operator.py
[2023-10-10T15:29:39.881+0000] {logging_mixin.py:151} INFO - [2023-10-10T15:29:39.881+0000] {dag.py:2915} INFO - Sync 1 DAGs
[2023-10-10T15:29:39.908+0000] {logging_mixin.py:151} INFO - [2023-10-10T15:29:39.908+0000] {dag.py:3696} INFO - Setting next_dagrun for example_bash_operator to 2023-10-09T00:00:00+00:00, run_after=2023-10-10T00:00:00+00:00
[2023-10-10T15:29:39.930+0000] {processor.py:179} INFO - Processing /home/airflow/.local/lib/python3.8/site-packages/airflow/example_dags/example_bash_operator.py took 0.096 seconds
[2023-10-10T15:30:10.351+0000] {processor.py:157} INFO - Started process (PID=799) to work on /home/airflow/.local/lib/python3.8/site-packages/airflow/example_dags/example_bash_operator.py
[2023-10-10T15:30:10.352+0000] {processor.py:829} INFO - Processing file /home/airflow/.local/lib/python3.8/site-packages/airflow/example_dags/example_bash_operator.py for tasks to queue
[2023-10-10T15:30:10.354+0000] {logging_mixin.py:151} INFO - [2023-10-10T15:30:10.353+0000] {dagbag.py:539} INFO - Filling up the DagBag from /home/airflow/.local/lib/python3.8/site-packages/airflow/example_dags/example_bash_operator.py
[2023-10-10T15:30:10.362+0000] {processor.py:839} INFO - DAG(s) dict_keys(['example_bash_operator']) retrieved from /home/airflow/.local/lib/python3.8/site-packages/airflow/example_dags/example_bash_operator.py
[2023-10-10T15:30:10.389+0000] {logging_mixin.py:151} INFO - [2023-10-10T15:30:10.389+0000] {dag.py:2915} INFO - Sync 1 DAGs
[2023-10-10T15:30:10.409+0000] {logging_mixin.py:151} INFO - [2023-10-10T15:30:10.408+0000] {dag.py:3696} INFO - Setting next_dagrun for example_bash_operator to 2023-10-09T00:00:00+00:00, run_after=2023-10-10T00:00:00+00:00
[2023-10-10T15:30:10.428+0000] {processor.py:179} INFO - Processing /home/airflow/.local/lib/python3.8/site-packages/airflow/example_dags/example_bash_operator.py took 0.080 seconds
[2023-10-10T15:30:40.809+0000] {processor.py:157} INFO - Started process (PID=853) to work on /home/airflow/.local/lib/python3.8/site-packages/airflow/example_dags/example_bash_operator.py
[2023-10-10T15:30:40.809+0000] {processor.py:829} INFO - Processing file /home/airflow/.local/lib/python3.8/site-packages/airflow/example_dags/example_bash_operator.py for tasks to queue
[2023-10-10T15:30:40.811+0000] {logging_mixin.py:151} INFO - [2023-10-10T15:30:40.811+0000] {dagbag.py:539} INFO - Filling up the DagBag from /home/airflow/.local/lib/python3.8/site-packages/airflow/example_dags/example_bash_operator.py
[2023-10-10T15:30:40.820+0000] {processor.py:839} INFO - DAG(s) dict_keys(['example_bash_operator']) retrieved from /home/airflow/.local/lib/python3.8/site-packages/airflow/example_dags/example_bash_operator.py
[2023-10-10T15:30:40.849+0000] {logging_mixin.py:151} INFO - [2023-10-10T15:30:40.849+0000] {dag.py:2915} INFO - Sync 1 DAGs
[2023-10-10T15:30:40.869+0000] {logging_mixin.py:151} INFO - [2023-10-10T15:30:40.869+0000] {dag.py:3696} INFO - Setting next_dagrun for example_bash_operator to 2023-10-09T00:00:00+00:00, run_after=2023-10-10T00:00:00+00:00
[2023-10-10T15:30:40.885+0000] {processor.py:179} INFO - Processing /home/airflow/.local/lib/python3.8/site-packages/airflow/example_dags/example_bash_operator.py took 0.078 seconds
[2023-10-10T15:31:10.937+0000] {processor.py:157} INFO - Started process (PID=907) to work on /home/airflow/.local/lib/python3.8/site-packages/airflow/example_dags/example_bash_operator.py
[2023-10-10T15:31:10.938+0000] {processor.py:829} INFO - Processing file /home/airflow/.local/lib/python3.8/site-packages/airflow/example_dags/example_bash_operator.py for tasks to queue
[2023-10-10T15:31:10.940+0000] {logging_mixin.py:151} INFO - [2023-10-10T15:31:10.939+0000] {dagbag.py:539} INFO - Filling up the DagBag from /home/airflow/.local/lib/python3.8/site-packages/airflow/example_dags/example_bash_operator.py
[2023-10-10T15:31:10.949+0000] {processor.py:839} INFO - DAG(s) dict_keys(['example_bash_operator']) retrieved from /home/airflow/.local/lib/python3.8/site-packages/airflow/example_dags/example_bash_operator.py
[2023-10-10T15:31:10.980+0000] {logging_mixin.py:151} INFO - [2023-10-10T15:31:10.980+0000] {dag.py:2915} INFO - Sync 1 DAGs
[2023-10-10T15:31:11.004+0000] {logging_mixin.py:151} INFO - [2023-10-10T15:31:11.004+0000] {dag.py:3696} INFO - Setting next_dagrun for example_bash_operator to 2023-10-09T00:00:00+00:00, run_after=2023-10-10T00:00:00+00:00
[2023-10-10T15:31:11.022+0000] {processor.py:179} INFO - Processing /home/airflow/.local/lib/python3.8/site-packages/airflow/example_dags/example_bash_operator.py took 0.089 seconds
[2023-10-10T15:31:41.226+0000] {processor.py:157} INFO - Started process (PID=961) to work on /home/airflow/.local/lib/python3.8/site-packages/airflow/example_dags/example_bash_operator.py
[2023-10-10T15:31:41.227+0000] {processor.py:829} INFO - Processing file /home/airflow/.local/lib/python3.8/site-packages/airflow/example_dags/example_bash_operator.py for tasks to queue
[2023-10-10T15:31:41.228+0000] {logging_mixin.py:151} INFO - [2023-10-10T15:31:41.228+0000] {dagbag.py:539} INFO - Filling up the DagBag from /home/airflow/.local/lib/python3.8/site-packages/airflow/example_dags/example_bash_operator.py
[2023-10-10T15:31:41.238+0000] {processor.py:839} INFO - DAG(s) dict_keys(['example_bash_operator']) retrieved from /home/airflow/.local/lib/python3.8/site-packages/airflow/example_dags/example_bash_operator.py
[2023-10-10T15:31:41.273+0000] {logging_mixin.py:151} INFO - [2023-10-10T15:31:41.273+0000] {dag.py:2915} INFO - Sync 1 DAGs
[2023-10-10T15:31:41.297+0000] {logging_mixin.py:151} INFO - [2023-10-10T15:31:41.297+0000] {dag.py:3696} INFO - Setting next_dagrun for example_bash_operator to 2023-10-09T00:00:00+00:00, run_after=2023-10-10T00:00:00+00:00
[2023-10-10T15:31:41.313+0000] {processor.py:179} INFO - Processing /home/airflow/.local/lib/python3.8/site-packages/airflow/example_dags/example_bash_operator.py took 0.090 seconds
[2023-10-10T15:32:12.060+0000] {processor.py:157} INFO - Started process (PID=1015) to work on /home/airflow/.local/lib/python3.8/site-packages/airflow/example_dags/example_bash_operator.py
[2023-10-10T15:32:12.061+0000] {processor.py:829} INFO - Processing file /home/airflow/.local/lib/python3.8/site-packages/airflow/example_dags/example_bash_operator.py for tasks to queue
[2023-10-10T15:32:12.062+0000] {logging_mixin.py:151} INFO - [2023-10-10T15:32:12.062+0000] {dagbag.py:539} INFO - Filling up the DagBag from /home/airflow/.local/lib/python3.8/site-packages/airflow/example_dags/example_bash_operator.py
[2023-10-10T15:32:12.073+0000] {processor.py:839} INFO - DAG(s) dict_keys(['example_bash_operator']) retrieved from /home/airflow/.local/lib/python3.8/site-packages/airflow/example_dags/example_bash_operator.py
[2023-10-10T15:32:12.101+0000] {logging_mixin.py:151} INFO - [2023-10-10T15:32:12.101+0000] {dag.py:2915} INFO - Sync 1 DAGs
[2023-10-10T15:32:12.121+0000] {logging_mixin.py:151} INFO - [2023-10-10T15:32:12.121+0000] {dag.py:3696} INFO - Setting next_dagrun for example_bash_operator to 2023-10-09T00:00:00+00:00, run_after=2023-10-10T00:00:00+00:00
[2023-10-10T15:32:12.140+0000] {processor.py:179} INFO - Processing /home/airflow/.local/lib/python3.8/site-packages/airflow/example_dags/example_bash_operator.py took 0.083 seconds
[2023-10-10T15:32:42.847+0000] {processor.py:157} INFO - Started process (PID=1069) to work on /home/airflow/.local/lib/python3.8/site-packages/airflow/example_dags/example_bash_operator.py
[2023-10-10T15:32:42.848+0000] {processor.py:829} INFO - Processing file /home/airflow/.local/lib/python3.8/site-packages/airflow/example_dags/example_bash_operator.py for tasks to queue
[2023-10-10T15:32:42.850+0000] {logging_mixin.py:151} INFO - [2023-10-10T15:32:42.850+0000] {dagbag.py:539} INFO - Filling up the DagBag from /home/airflow/.local/lib/python3.8/site-packages/airflow/example_dags/example_bash_operator.py
[2023-10-10T15:32:42.864+0000] {processor.py:839} INFO - DAG(s) dict_keys(['example_bash_operator']) retrieved from /home/airflow/.local/lib/python3.8/site-packages/airflow/example_dags/example_bash_operator.py
[2023-10-10T15:32:42.902+0000] {logging_mixin.py:151} INFO - [2023-10-10T15:32:42.902+0000] {dag.py:2915} INFO - Sync 1 DAGs
[2023-10-10T15:32:42.931+0000] {logging_mixin.py:151} INFO - [2023-10-10T15:32:42.930+0000] {dag.py:3696} INFO - Setting next_dagrun for example_bash_operator to 2023-10-09T00:00:00+00:00, run_after=2023-10-10T00:00:00+00:00
[2023-10-10T15:32:42.950+0000] {processor.py:179} INFO - Processing /home/airflow/.local/lib/python3.8/site-packages/airflow/example_dags/example_bash_operator.py took 0.107 seconds
[2023-10-10T15:33:13.227+0000] {processor.py:157} INFO - Started process (PID=1123) to work on /home/airflow/.local/lib/python3.8/site-packages/airflow/example_dags/example_bash_operator.py
[2023-10-10T15:33:13.227+0000] {processor.py:829} INFO - Processing file /home/airflow/.local/lib/python3.8/site-packages/airflow/example_dags/example_bash_operator.py for tasks to queue
[2023-10-10T15:33:13.229+0000] {logging_mixin.py:151} INFO - [2023-10-10T15:33:13.229+0000] {dagbag.py:539} INFO - Filling up the DagBag from /home/airflow/.local/lib/python3.8/site-packages/airflow/example_dags/example_bash_operator.py
[2023-10-10T15:33:13.238+0000] {processor.py:839} INFO - DAG(s) dict_keys(['example_bash_operator']) retrieved from /home/airflow/.local/lib/python3.8/site-packages/airflow/example_dags/example_bash_operator.py
[2023-10-10T15:33:13.272+0000] {logging_mixin.py:151} INFO - [2023-10-10T15:33:13.272+0000] {dag.py:2915} INFO - Sync 1 DAGs
[2023-10-10T15:33:13.323+0000] {logging_mixin.py:151} INFO - [2023-10-10T15:33:13.322+0000] {dag.py:3696} INFO - Setting next_dagrun for example_bash_operator to 2023-10-09T00:00:00+00:00, run_after=2023-10-10T00:00:00+00:00
[2023-10-10T15:33:13.350+0000] {processor.py:179} INFO - Processing /home/airflow/.local/lib/python3.8/site-packages/airflow/example_dags/example_bash_operator.py took 0.126 seconds
[2023-10-10T15:33:43.496+0000] {processor.py:157} INFO - Started process (PID=1178) to work on /home/airflow/.local/lib/python3.8/site-packages/airflow/example_dags/example_bash_operator.py
[2023-10-10T15:33:43.497+0000] {processor.py:829} INFO - Processing file /home/airflow/.local/lib/python3.8/site-packages/airflow/example_dags/example_bash_operator.py for tasks to queue
[2023-10-10T15:33:43.499+0000] {logging_mixin.py:151} INFO - [2023-10-10T15:33:43.499+0000] {dagbag.py:539} INFO - Filling up the DagBag from /home/airflow/.local/lib/python3.8/site-packages/airflow/example_dags/example_bash_operator.py
[2023-10-10T15:33:43.508+0000] {processor.py:839} INFO - DAG(s) dict_keys(['example_bash_operator']) retrieved from /home/airflow/.local/lib/python3.8/site-packages/airflow/example_dags/example_bash_operator.py
[2023-10-10T15:33:43.534+0000] {logging_mixin.py:151} INFO - [2023-10-10T15:33:43.534+0000] {dag.py:2915} INFO - Sync 1 DAGs
[2023-10-10T15:33:43.554+0000] {logging_mixin.py:151} INFO - [2023-10-10T15:33:43.553+0000] {dag.py:3696} INFO - Setting next_dagrun for example_bash_operator to 2023-10-09T00:00:00+00:00, run_after=2023-10-10T00:00:00+00:00
[2023-10-10T15:33:43.567+0000] {processor.py:179} INFO - Processing /home/airflow/.local/lib/python3.8/site-packages/airflow/example_dags/example_bash_operator.py took 0.074 seconds
[2023-10-10T15:34:13.672+0000] {processor.py:157} INFO - Started process (PID=1231) to work on /home/airflow/.local/lib/python3.8/site-packages/airflow/example_dags/example_bash_operator.py
[2023-10-10T15:34:13.673+0000] {processor.py:829} INFO - Processing file /home/airflow/.local/lib/python3.8/site-packages/airflow/example_dags/example_bash_operator.py for tasks to queue
[2023-10-10T15:34:13.675+0000] {logging_mixin.py:151} INFO - [2023-10-10T15:34:13.675+0000] {dagbag.py:539} INFO - Filling up the DagBag from /home/airflow/.local/lib/python3.8/site-packages/airflow/example_dags/example_bash_operator.py
[2023-10-10T15:34:13.686+0000] {processor.py:839} INFO - DAG(s) dict_keys(['example_bash_operator']) retrieved from /home/airflow/.local/lib/python3.8/site-packages/airflow/example_dags/example_bash_operator.py
[2023-10-10T15:34:13.717+0000] {logging_mixin.py:151} INFO - [2023-10-10T15:34:13.717+0000] {dag.py:2915} INFO - Sync 1 DAGs
[2023-10-10T15:34:13.740+0000] {logging_mixin.py:151} INFO - [2023-10-10T15:34:13.740+0000] {dag.py:3696} INFO - Setting next_dagrun for example_bash_operator to 2023-10-09T00:00:00+00:00, run_after=2023-10-10T00:00:00+00:00
[2023-10-10T15:34:13.758+0000] {processor.py:179} INFO - Processing /home/airflow/.local/lib/python3.8/site-packages/airflow/example_dags/example_bash_operator.py took 0.089 seconds
[2023-10-10T15:34:43.814+0000] {processor.py:157} INFO - Started process (PID=1285) to work on /home/airflow/.local/lib/python3.8/site-packages/airflow/example_dags/example_bash_operator.py
[2023-10-10T15:34:43.823+0000] {processor.py:829} INFO - Processing file /home/airflow/.local/lib/python3.8/site-packages/airflow/example_dags/example_bash_operator.py for tasks to queue
[2023-10-10T15:34:43.826+0000] {logging_mixin.py:151} INFO - [2023-10-10T15:34:43.825+0000] {dagbag.py:539} INFO - Filling up the DagBag from /home/airflow/.local/lib/python3.8/site-packages/airflow/example_dags/example_bash_operator.py
[2023-10-10T15:34:43.860+0000] {processor.py:839} INFO - DAG(s) dict_keys(['example_bash_operator']) retrieved from /home/airflow/.local/lib/python3.8/site-packages/airflow/example_dags/example_bash_operator.py
[2023-10-10T15:34:43.911+0000] {logging_mixin.py:151} INFO - [2023-10-10T15:34:43.911+0000] {dag.py:2915} INFO - Sync 1 DAGs
[2023-10-10T15:34:43.947+0000] {logging_mixin.py:151} INFO - [2023-10-10T15:34:43.947+0000] {dag.py:3696} INFO - Setting next_dagrun for example_bash_operator to 2023-10-09T00:00:00+00:00, run_after=2023-10-10T00:00:00+00:00
[2023-10-10T15:34:43.993+0000] {processor.py:179} INFO - Processing /home/airflow/.local/lib/python3.8/site-packages/airflow/example_dags/example_bash_operator.py took 0.191 seconds
[2023-10-10T15:35:14.497+0000] {processor.py:157} INFO - Started process (PID=1338) to work on /home/airflow/.local/lib/python3.8/site-packages/airflow/example_dags/example_bash_operator.py
[2023-10-10T15:35:14.498+0000] {processor.py:829} INFO - Processing file /home/airflow/.local/lib/python3.8/site-packages/airflow/example_dags/example_bash_operator.py for tasks to queue
[2023-10-10T15:35:14.500+0000] {logging_mixin.py:151} INFO - [2023-10-10T15:35:14.499+0000] {dagbag.py:539} INFO - Filling up the DagBag from /home/airflow/.local/lib/python3.8/site-packages/airflow/example_dags/example_bash_operator.py
[2023-10-10T15:35:14.509+0000] {processor.py:839} INFO - DAG(s) dict_keys(['example_bash_operator']) retrieved from /home/airflow/.local/lib/python3.8/site-packages/airflow/example_dags/example_bash_operator.py
[2023-10-10T15:35:14.538+0000] {logging_mixin.py:151} INFO - [2023-10-10T15:35:14.537+0000] {dag.py:2915} INFO - Sync 1 DAGs
[2023-10-10T15:35:14.559+0000] {logging_mixin.py:151} INFO - [2023-10-10T15:35:14.559+0000] {dag.py:3696} INFO - Setting next_dagrun for example_bash_operator to 2023-10-09T00:00:00+00:00, run_after=2023-10-10T00:00:00+00:00
[2023-10-10T15:35:14.574+0000] {processor.py:179} INFO - Processing /home/airflow/.local/lib/python3.8/site-packages/airflow/example_dags/example_bash_operator.py took 0.081 seconds
[2023-10-10T15:35:44.743+0000] {processor.py:157} INFO - Started process (PID=1392) to work on /home/airflow/.local/lib/python3.8/site-packages/airflow/example_dags/example_bash_operator.py
[2023-10-10T15:35:44.744+0000] {processor.py:829} INFO - Processing file /home/airflow/.local/lib/python3.8/site-packages/airflow/example_dags/example_bash_operator.py for tasks to queue
[2023-10-10T15:35:44.746+0000] {logging_mixin.py:151} INFO - [2023-10-10T15:35:44.746+0000] {dagbag.py:539} INFO - Filling up the DagBag from /home/airflow/.local/lib/python3.8/site-packages/airflow/example_dags/example_bash_operator.py
[2023-10-10T15:35:44.756+0000] {processor.py:839} INFO - DAG(s) dict_keys(['example_bash_operator']) retrieved from /home/airflow/.local/lib/python3.8/site-packages/airflow/example_dags/example_bash_operator.py
[2023-10-10T15:35:44.789+0000] {logging_mixin.py:151} INFO - [2023-10-10T15:35:44.789+0000] {dag.py:2915} INFO - Sync 1 DAGs
[2023-10-10T15:35:44.823+0000] {logging_mixin.py:151} INFO - [2023-10-10T15:35:44.823+0000] {dag.py:3696} INFO - Setting next_dagrun for example_bash_operator to 2023-10-09T00:00:00+00:00, run_after=2023-10-10T00:00:00+00:00
[2023-10-10T15:35:44.844+0000] {processor.py:179} INFO - Processing /home/airflow/.local/lib/python3.8/site-packages/airflow/example_dags/example_bash_operator.py took 0.103 seconds
[2023-10-10T15:36:15.201+0000] {processor.py:157} INFO - Started process (PID=1446) to work on /home/airflow/.local/lib/python3.8/site-packages/airflow/example_dags/example_bash_operator.py
[2023-10-10T15:36:15.203+0000] {processor.py:829} INFO - Processing file /home/airflow/.local/lib/python3.8/site-packages/airflow/example_dags/example_bash_operator.py for tasks to queue
[2023-10-10T15:36:15.206+0000] {logging_mixin.py:151} INFO - [2023-10-10T15:36:15.205+0000] {dagbag.py:539} INFO - Filling up the DagBag from /home/airflow/.local/lib/python3.8/site-packages/airflow/example_dags/example_bash_operator.py
[2023-10-10T15:36:15.228+0000] {processor.py:839} INFO - DAG(s) dict_keys(['example_bash_operator']) retrieved from /home/airflow/.local/lib/python3.8/site-packages/airflow/example_dags/example_bash_operator.py
[2023-10-10T15:36:15.267+0000] {logging_mixin.py:151} INFO - [2023-10-10T15:36:15.267+0000] {dag.py:2915} INFO - Sync 1 DAGs
[2023-10-10T15:36:15.298+0000] {logging_mixin.py:151} INFO - [2023-10-10T15:36:15.297+0000] {dag.py:3696} INFO - Setting next_dagrun for example_bash_operator to 2023-10-09T00:00:00+00:00, run_after=2023-10-10T00:00:00+00:00
[2023-10-10T15:36:15.321+0000] {processor.py:179} INFO - Processing /home/airflow/.local/lib/python3.8/site-packages/airflow/example_dags/example_bash_operator.py took 0.129 seconds
[2023-10-10T15:36:45.568+0000] {processor.py:157} INFO - Started process (PID=1500) to work on /home/airflow/.local/lib/python3.8/site-packages/airflow/example_dags/example_bash_operator.py
[2023-10-10T15:36:45.569+0000] {processor.py:829} INFO - Processing file /home/airflow/.local/lib/python3.8/site-packages/airflow/example_dags/example_bash_operator.py for tasks to queue
[2023-10-10T15:36:45.570+0000] {logging_mixin.py:151} INFO - [2023-10-10T15:36:45.570+0000] {dagbag.py:539} INFO - Filling up the DagBag from /home/airflow/.local/lib/python3.8/site-packages/airflow/example_dags/example_bash_operator.py
[2023-10-10T15:36:45.580+0000] {processor.py:839} INFO - DAG(s) dict_keys(['example_bash_operator']) retrieved from /home/airflow/.local/lib/python3.8/site-packages/airflow/example_dags/example_bash_operator.py
[2023-10-10T15:36:45.614+0000] {logging_mixin.py:151} INFO - [2023-10-10T15:36:45.613+0000] {dag.py:2915} INFO - Sync 1 DAGs
[2023-10-10T15:36:45.638+0000] {logging_mixin.py:151} INFO - [2023-10-10T15:36:45.638+0000] {dag.py:3696} INFO - Setting next_dagrun for example_bash_operator to 2023-10-09T00:00:00+00:00, run_after=2023-10-10T00:00:00+00:00
[2023-10-10T15:36:45.655+0000] {processor.py:179} INFO - Processing /home/airflow/.local/lib/python3.8/site-packages/airflow/example_dags/example_bash_operator.py took 0.090 seconds
[2023-10-10T15:37:15.729+0000] {processor.py:157} INFO - Started process (PID=1554) to work on /home/airflow/.local/lib/python3.8/site-packages/airflow/example_dags/example_bash_operator.py
[2023-10-10T15:37:15.730+0000] {processor.py:829} INFO - Processing file /home/airflow/.local/lib/python3.8/site-packages/airflow/example_dags/example_bash_operator.py for tasks to queue
[2023-10-10T15:37:15.732+0000] {logging_mixin.py:151} INFO - [2023-10-10T15:37:15.732+0000] {dagbag.py:539} INFO - Filling up the DagBag from /home/airflow/.local/lib/python3.8/site-packages/airflow/example_dags/example_bash_operator.py
[2023-10-10T15:37:15.742+0000] {processor.py:839} INFO - DAG(s) dict_keys(['example_bash_operator']) retrieved from /home/airflow/.local/lib/python3.8/site-packages/airflow/example_dags/example_bash_operator.py
[2023-10-10T15:37:15.770+0000] {logging_mixin.py:151} INFO - [2023-10-10T15:37:15.769+0000] {dag.py:2915} INFO - Sync 1 DAGs
[2023-10-10T15:37:15.800+0000] {logging_mixin.py:151} INFO - [2023-10-10T15:37:15.800+0000] {dag.py:3696} INFO - Setting next_dagrun for example_bash_operator to 2023-10-09T00:00:00+00:00, run_after=2023-10-10T00:00:00+00:00
[2023-10-10T15:37:15.820+0000] {processor.py:179} INFO - Processing /home/airflow/.local/lib/python3.8/site-packages/airflow/example_dags/example_bash_operator.py took 0.094 seconds
[2023-10-10T15:37:46.132+0000] {processor.py:157} INFO - Started process (PID=1608) to work on /home/airflow/.local/lib/python3.8/site-packages/airflow/example_dags/example_bash_operator.py
[2023-10-10T15:37:46.133+0000] {processor.py:829} INFO - Processing file /home/airflow/.local/lib/python3.8/site-packages/airflow/example_dags/example_bash_operator.py for tasks to queue
[2023-10-10T15:37:46.134+0000] {logging_mixin.py:151} INFO - [2023-10-10T15:37:46.134+0000] {dagbag.py:539} INFO - Filling up the DagBag from /home/airflow/.local/lib/python3.8/site-packages/airflow/example_dags/example_bash_operator.py
[2023-10-10T15:37:46.145+0000] {processor.py:839} INFO - DAG(s) dict_keys(['example_bash_operator']) retrieved from /home/airflow/.local/lib/python3.8/site-packages/airflow/example_dags/example_bash_operator.py
[2023-10-10T15:37:46.174+0000] {logging_mixin.py:151} INFO - [2023-10-10T15:37:46.174+0000] {dag.py:2915} INFO - Sync 1 DAGs
[2023-10-10T15:37:46.201+0000] {logging_mixin.py:151} INFO - [2023-10-10T15:37:46.201+0000] {dag.py:3696} INFO - Setting next_dagrun for example_bash_operator to 2023-10-09T00:00:00+00:00, run_after=2023-10-10T00:00:00+00:00
[2023-10-10T15:37:46.221+0000] {processor.py:179} INFO - Processing /home/airflow/.local/lib/python3.8/site-packages/airflow/example_dags/example_bash_operator.py took 0.092 seconds
[2023-10-10T15:38:16.483+0000] {processor.py:157} INFO - Started process (PID=1662) to work on /home/airflow/.local/lib/python3.8/site-packages/airflow/example_dags/example_bash_operator.py
[2023-10-10T15:38:16.484+0000] {processor.py:829} INFO - Processing file /home/airflow/.local/lib/python3.8/site-packages/airflow/example_dags/example_bash_operator.py for tasks to queue
[2023-10-10T15:38:16.486+0000] {logging_mixin.py:151} INFO - [2023-10-10T15:38:16.486+0000] {dagbag.py:539} INFO - Filling up the DagBag from /home/airflow/.local/lib/python3.8/site-packages/airflow/example_dags/example_bash_operator.py
[2023-10-10T15:38:16.500+0000] {processor.py:839} INFO - DAG(s) dict_keys(['example_bash_operator']) retrieved from /home/airflow/.local/lib/python3.8/site-packages/airflow/example_dags/example_bash_operator.py
[2023-10-10T15:38:16.539+0000] {logging_mixin.py:151} INFO - [2023-10-10T15:38:16.538+0000] {dag.py:2915} INFO - Sync 1 DAGs
[2023-10-10T15:38:16.592+0000] {logging_mixin.py:151} INFO - [2023-10-10T15:38:16.591+0000] {dag.py:3696} INFO - Setting next_dagrun for example_bash_operator to 2023-10-09T00:00:00+00:00, run_after=2023-10-10T00:00:00+00:00
[2023-10-10T15:38:16.612+0000] {processor.py:179} INFO - Processing /home/airflow/.local/lib/python3.8/site-packages/airflow/example_dags/example_bash_operator.py took 0.134 seconds
[2023-10-10T15:38:46.856+0000] {processor.py:157} INFO - Started process (PID=1716) to work on /home/airflow/.local/lib/python3.8/site-packages/airflow/example_dags/example_bash_operator.py
[2023-10-10T15:38:46.857+0000] {processor.py:829} INFO - Processing file /home/airflow/.local/lib/python3.8/site-packages/airflow/example_dags/example_bash_operator.py for tasks to queue
[2023-10-10T15:38:46.858+0000] {logging_mixin.py:151} INFO - [2023-10-10T15:38:46.858+0000] {dagbag.py:539} INFO - Filling up the DagBag from /home/airflow/.local/lib/python3.8/site-packages/airflow/example_dags/example_bash_operator.py
[2023-10-10T15:38:46.867+0000] {processor.py:839} INFO - DAG(s) dict_keys(['example_bash_operator']) retrieved from /home/airflow/.local/lib/python3.8/site-packages/airflow/example_dags/example_bash_operator.py
[2023-10-10T15:38:46.897+0000] {logging_mixin.py:151} INFO - [2023-10-10T15:38:46.897+0000] {dag.py:2915} INFO - Sync 1 DAGs
[2023-10-10T15:38:46.920+0000] {logging_mixin.py:151} INFO - [2023-10-10T15:38:46.920+0000] {dag.py:3696} INFO - Setting next_dagrun for example_bash_operator to 2023-10-09T00:00:00+00:00, run_after=2023-10-10T00:00:00+00:00
[2023-10-10T15:38:46.937+0000] {processor.py:179} INFO - Processing /home/airflow/.local/lib/python3.8/site-packages/airflow/example_dags/example_bash_operator.py took 0.084 seconds
[2023-10-10T15:39:17.209+0000] {processor.py:157} INFO - Started process (PID=1770) to work on /home/airflow/.local/lib/python3.8/site-packages/airflow/example_dags/example_bash_operator.py
[2023-10-10T15:39:17.210+0000] {processor.py:829} INFO - Processing file /home/airflow/.local/lib/python3.8/site-packages/airflow/example_dags/example_bash_operator.py for tasks to queue
[2023-10-10T15:39:17.213+0000] {logging_mixin.py:151} INFO - [2023-10-10T15:39:17.213+0000] {dagbag.py:539} INFO - Filling up the DagBag from /home/airflow/.local/lib/python3.8/site-packages/airflow/example_dags/example_bash_operator.py
[2023-10-10T15:39:17.223+0000] {processor.py:839} INFO - DAG(s) dict_keys(['example_bash_operator']) retrieved from /home/airflow/.local/lib/python3.8/site-packages/airflow/example_dags/example_bash_operator.py
[2023-10-10T15:39:17.258+0000] {logging_mixin.py:151} INFO - [2023-10-10T15:39:17.257+0000] {dag.py:2915} INFO - Sync 1 DAGs
[2023-10-10T15:39:17.282+0000] {logging_mixin.py:151} INFO - [2023-10-10T15:39:17.281+0000] {dag.py:3696} INFO - Setting next_dagrun for example_bash_operator to 2023-10-09T00:00:00+00:00, run_after=2023-10-10T00:00:00+00:00
[2023-10-10T15:39:17.301+0000] {processor.py:179} INFO - Processing /home/airflow/.local/lib/python3.8/site-packages/airflow/example_dags/example_bash_operator.py took 0.095 seconds
[2023-10-10T15:39:47.503+0000] {processor.py:157} INFO - Started process (PID=1824) to work on /home/airflow/.local/lib/python3.8/site-packages/airflow/example_dags/example_bash_operator.py
[2023-10-10T15:39:47.504+0000] {processor.py:829} INFO - Processing file /home/airflow/.local/lib/python3.8/site-packages/airflow/example_dags/example_bash_operator.py for tasks to queue
[2023-10-10T15:39:47.507+0000] {logging_mixin.py:151} INFO - [2023-10-10T15:39:47.506+0000] {dagbag.py:539} INFO - Filling up the DagBag from /home/airflow/.local/lib/python3.8/site-packages/airflow/example_dags/example_bash_operator.py
[2023-10-10T15:39:47.520+0000] {processor.py:839} INFO - DAG(s) dict_keys(['example_bash_operator']) retrieved from /home/airflow/.local/lib/python3.8/site-packages/airflow/example_dags/example_bash_operator.py
[2023-10-10T15:39:47.558+0000] {logging_mixin.py:151} INFO - [2023-10-10T15:39:47.558+0000] {dag.py:2915} INFO - Sync 1 DAGs
[2023-10-10T15:39:47.582+0000] {logging_mixin.py:151} INFO - [2023-10-10T15:39:47.582+0000] {dag.py:3696} INFO - Setting next_dagrun for example_bash_operator to 2023-10-09T00:00:00+00:00, run_after=2023-10-10T00:00:00+00:00
[2023-10-10T15:39:47.606+0000] {processor.py:179} INFO - Processing /home/airflow/.local/lib/python3.8/site-packages/airflow/example_dags/example_bash_operator.py took 0.107 seconds
[2023-10-10T15:40:17.892+0000] {processor.py:157} INFO - Started process (PID=1878) to work on /home/airflow/.local/lib/python3.8/site-packages/airflow/example_dags/example_bash_operator.py
[2023-10-10T15:40:17.893+0000] {processor.py:829} INFO - Processing file /home/airflow/.local/lib/python3.8/site-packages/airflow/example_dags/example_bash_operator.py for tasks to queue
[2023-10-10T15:40:17.895+0000] {logging_mixin.py:151} INFO - [2023-10-10T15:40:17.895+0000] {dagbag.py:539} INFO - Filling up the DagBag from /home/airflow/.local/lib/python3.8/site-packages/airflow/example_dags/example_bash_operator.py
[2023-10-10T15:40:17.904+0000] {processor.py:839} INFO - DAG(s) dict_keys(['example_bash_operator']) retrieved from /home/airflow/.local/lib/python3.8/site-packages/airflow/example_dags/example_bash_operator.py
[2023-10-10T15:40:17.935+0000] {logging_mixin.py:151} INFO - [2023-10-10T15:40:17.935+0000] {dag.py:2915} INFO - Sync 1 DAGs
[2023-10-10T15:40:17.963+0000] {logging_mixin.py:151} INFO - [2023-10-10T15:40:17.963+0000] {dag.py:3696} INFO - Setting next_dagrun for example_bash_operator to 2023-10-09T00:00:00+00:00, run_after=2023-10-10T00:00:00+00:00
[2023-10-10T15:40:17.981+0000] {processor.py:179} INFO - Processing /home/airflow/.local/lib/python3.8/site-packages/airflow/example_dags/example_bash_operator.py took 0.092 seconds
[2023-10-10T15:40:48.061+0000] {processor.py:157} INFO - Started process (PID=1932) to work on /home/airflow/.local/lib/python3.8/site-packages/airflow/example_dags/example_bash_operator.py
[2023-10-10T15:40:48.062+0000] {processor.py:829} INFO - Processing file /home/airflow/.local/lib/python3.8/site-packages/airflow/example_dags/example_bash_operator.py for tasks to queue
[2023-10-10T15:40:48.064+0000] {logging_mixin.py:151} INFO - [2023-10-10T15:40:48.064+0000] {dagbag.py:539} INFO - Filling up the DagBag from /home/airflow/.local/lib/python3.8/site-packages/airflow/example_dags/example_bash_operator.py
[2023-10-10T15:40:48.074+0000] {processor.py:839} INFO - DAG(s) dict_keys(['example_bash_operator']) retrieved from /home/airflow/.local/lib/python3.8/site-packages/airflow/example_dags/example_bash_operator.py
[2023-10-10T15:40:48.112+0000] {logging_mixin.py:151} INFO - [2023-10-10T15:40:48.111+0000] {dag.py:2915} INFO - Sync 1 DAGs
[2023-10-10T15:40:48.136+0000] {logging_mixin.py:151} INFO - [2023-10-10T15:40:48.136+0000] {dag.py:3696} INFO - Setting next_dagrun for example_bash_operator to 2023-10-09T00:00:00+00:00, run_after=2023-10-10T00:00:00+00:00
[2023-10-10T15:40:48.156+0000] {processor.py:179} INFO - Processing /home/airflow/.local/lib/python3.8/site-packages/airflow/example_dags/example_bash_operator.py took 0.097 seconds
[2023-10-10T15:41:18.579+0000] {processor.py:157} INFO - Started process (PID=1986) to work on /home/airflow/.local/lib/python3.8/site-packages/airflow/example_dags/example_bash_operator.py
[2023-10-10T15:41:18.580+0000] {processor.py:829} INFO - Processing file /home/airflow/.local/lib/python3.8/site-packages/airflow/example_dags/example_bash_operator.py for tasks to queue
[2023-10-10T15:41:18.582+0000] {logging_mixin.py:151} INFO - [2023-10-10T15:41:18.582+0000] {dagbag.py:539} INFO - Filling up the DagBag from /home/airflow/.local/lib/python3.8/site-packages/airflow/example_dags/example_bash_operator.py
[2023-10-10T15:41:18.591+0000] {processor.py:839} INFO - DAG(s) dict_keys(['example_bash_operator']) retrieved from /home/airflow/.local/lib/python3.8/site-packages/airflow/example_dags/example_bash_operator.py
[2023-10-10T15:41:18.620+0000] {logging_mixin.py:151} INFO - [2023-10-10T15:41:18.620+0000] {dag.py:2915} INFO - Sync 1 DAGs
[2023-10-10T15:41:18.640+0000] {logging_mixin.py:151} INFO - [2023-10-10T15:41:18.640+0000] {dag.py:3696} INFO - Setting next_dagrun for example_bash_operator to 2023-10-09T00:00:00+00:00, run_after=2023-10-10T00:00:00+00:00
[2023-10-10T15:41:18.655+0000] {processor.py:179} INFO - Processing /home/airflow/.local/lib/python3.8/site-packages/airflow/example_dags/example_bash_operator.py took 0.078 seconds
[2023-10-10T15:41:48.845+0000] {processor.py:157} INFO - Started process (PID=2039) to work on /home/airflow/.local/lib/python3.8/site-packages/airflow/example_dags/example_bash_operator.py
[2023-10-10T15:41:48.846+0000] {processor.py:829} INFO - Processing file /home/airflow/.local/lib/python3.8/site-packages/airflow/example_dags/example_bash_operator.py for tasks to queue
[2023-10-10T15:41:48.848+0000] {logging_mixin.py:151} INFO - [2023-10-10T15:41:48.847+0000] {dagbag.py:539} INFO - Filling up the DagBag from /home/airflow/.local/lib/python3.8/site-packages/airflow/example_dags/example_bash_operator.py
[2023-10-10T15:41:48.857+0000] {processor.py:839} INFO - DAG(s) dict_keys(['example_bash_operator']) retrieved from /home/airflow/.local/lib/python3.8/site-packages/airflow/example_dags/example_bash_operator.py
[2023-10-10T15:41:48.888+0000] {logging_mixin.py:151} INFO - [2023-10-10T15:41:48.888+0000] {dag.py:2915} INFO - Sync 1 DAGs
[2023-10-10T15:41:48.911+0000] {logging_mixin.py:151} INFO - [2023-10-10T15:41:48.911+0000] {dag.py:3696} INFO - Setting next_dagrun for example_bash_operator to 2023-10-09T00:00:00+00:00, run_after=2023-10-10T00:00:00+00:00
[2023-10-10T15:41:48.927+0000] {processor.py:179} INFO - Processing /home/airflow/.local/lib/python3.8/site-packages/airflow/example_dags/example_bash_operator.py took 0.084 seconds
[2023-10-10T15:42:19.049+0000] {processor.py:157} INFO - Started process (PID=2093) to work on /home/airflow/.local/lib/python3.8/site-packages/airflow/example_dags/example_bash_operator.py
[2023-10-10T15:42:19.050+0000] {processor.py:829} INFO - Processing file /home/airflow/.local/lib/python3.8/site-packages/airflow/example_dags/example_bash_operator.py for tasks to queue
[2023-10-10T15:42:19.052+0000] {logging_mixin.py:151} INFO - [2023-10-10T15:42:19.052+0000] {dagbag.py:539} INFO - Filling up the DagBag from /home/airflow/.local/lib/python3.8/site-packages/airflow/example_dags/example_bash_operator.py
[2023-10-10T15:42:19.060+0000] {processor.py:839} INFO - DAG(s) dict_keys(['example_bash_operator']) retrieved from /home/airflow/.local/lib/python3.8/site-packages/airflow/example_dags/example_bash_operator.py
[2023-10-10T15:42:19.094+0000] {logging_mixin.py:151} INFO - [2023-10-10T15:42:19.094+0000] {dag.py:2915} INFO - Sync 1 DAGs
[2023-10-10T15:42:19.120+0000] {logging_mixin.py:151} INFO - [2023-10-10T15:42:19.120+0000] {dag.py:3696} INFO - Setting next_dagrun for example_bash_operator to 2023-10-09T00:00:00+00:00, run_after=2023-10-10T00:00:00+00:00
[2023-10-10T15:42:19.136+0000] {processor.py:179} INFO - Processing /home/airflow/.local/lib/python3.8/site-packages/airflow/example_dags/example_bash_operator.py took 0.089 seconds
[2023-10-10T15:42:49.164+0000] {processor.py:157} INFO - Started process (PID=2147) to work on /home/airflow/.local/lib/python3.8/site-packages/airflow/example_dags/example_bash_operator.py
[2023-10-10T15:42:49.165+0000] {processor.py:829} INFO - Processing file /home/airflow/.local/lib/python3.8/site-packages/airflow/example_dags/example_bash_operator.py for tasks to queue
[2023-10-10T15:42:49.166+0000] {logging_mixin.py:151} INFO - [2023-10-10T15:42:49.166+0000] {dagbag.py:539} INFO - Filling up the DagBag from /home/airflow/.local/lib/python3.8/site-packages/airflow/example_dags/example_bash_operator.py
[2023-10-10T15:42:49.174+0000] {processor.py:839} INFO - DAG(s) dict_keys(['example_bash_operator']) retrieved from /home/airflow/.local/lib/python3.8/site-packages/airflow/example_dags/example_bash_operator.py
[2023-10-10T15:42:49.220+0000] {logging_mixin.py:151} INFO - [2023-10-10T15:42:49.220+0000] {dag.py:2915} INFO - Sync 1 DAGs
[2023-10-10T15:42:49.244+0000] {logging_mixin.py:151} INFO - [2023-10-10T15:42:49.243+0000] {dag.py:3696} INFO - Setting next_dagrun for example_bash_operator to 2023-10-09T00:00:00+00:00, run_after=2023-10-10T00:00:00+00:00
[2023-10-10T15:42:49.258+0000] {processor.py:179} INFO - Processing /home/airflow/.local/lib/python3.8/site-packages/airflow/example_dags/example_bash_operator.py took 0.096 seconds
[2023-10-10T15:43:19.358+0000] {processor.py:157} INFO - Started process (PID=2201) to work on /home/airflow/.local/lib/python3.8/site-packages/airflow/example_dags/example_bash_operator.py
[2023-10-10T15:43:19.358+0000] {processor.py:829} INFO - Processing file /home/airflow/.local/lib/python3.8/site-packages/airflow/example_dags/example_bash_operator.py for tasks to queue
[2023-10-10T15:43:19.360+0000] {logging_mixin.py:151} INFO - [2023-10-10T15:43:19.360+0000] {dagbag.py:539} INFO - Filling up the DagBag from /home/airflow/.local/lib/python3.8/site-packages/airflow/example_dags/example_bash_operator.py
[2023-10-10T15:43:19.369+0000] {processor.py:839} INFO - DAG(s) dict_keys(['example_bash_operator']) retrieved from /home/airflow/.local/lib/python3.8/site-packages/airflow/example_dags/example_bash_operator.py
[2023-10-10T15:43:19.399+0000] {logging_mixin.py:151} INFO - [2023-10-10T15:43:19.399+0000] {dag.py:2915} INFO - Sync 1 DAGs
[2023-10-10T15:43:19.426+0000] {logging_mixin.py:151} INFO - [2023-10-10T15:43:19.426+0000] {dag.py:3696} INFO - Setting next_dagrun for example_bash_operator to 2023-10-09T00:00:00+00:00, run_after=2023-10-10T00:00:00+00:00
[2023-10-10T15:43:19.442+0000] {processor.py:179} INFO - Processing /home/airflow/.local/lib/python3.8/site-packages/airflow/example_dags/example_bash_operator.py took 0.086 seconds
[2023-10-10T15:43:49.563+0000] {processor.py:157} INFO - Started process (PID=2255) to work on /home/airflow/.local/lib/python3.8/site-packages/airflow/example_dags/example_bash_operator.py
[2023-10-10T15:43:49.564+0000] {processor.py:829} INFO - Processing file /home/airflow/.local/lib/python3.8/site-packages/airflow/example_dags/example_bash_operator.py for tasks to queue
[2023-10-10T15:43:49.566+0000] {logging_mixin.py:151} INFO - [2023-10-10T15:43:49.565+0000] {dagbag.py:539} INFO - Filling up the DagBag from /home/airflow/.local/lib/python3.8/site-packages/airflow/example_dags/example_bash_operator.py
[2023-10-10T15:43:49.574+0000] {processor.py:839} INFO - DAG(s) dict_keys(['example_bash_operator']) retrieved from /home/airflow/.local/lib/python3.8/site-packages/airflow/example_dags/example_bash_operator.py
[2023-10-10T15:43:49.616+0000] {logging_mixin.py:151} INFO - [2023-10-10T15:43:49.616+0000] {dag.py:2915} INFO - Sync 1 DAGs
[2023-10-10T15:43:49.644+0000] {logging_mixin.py:151} INFO - [2023-10-10T15:43:49.643+0000] {dag.py:3696} INFO - Setting next_dagrun for example_bash_operator to 2023-10-09T00:00:00+00:00, run_after=2023-10-10T00:00:00+00:00
[2023-10-10T15:43:49.661+0000] {processor.py:179} INFO - Processing /home/airflow/.local/lib/python3.8/site-packages/airflow/example_dags/example_bash_operator.py took 0.101 seconds
[2023-10-10T15:44:20.317+0000] {processor.py:157} INFO - Started process (PID=2309) to work on /home/airflow/.local/lib/python3.8/site-packages/airflow/example_dags/example_bash_operator.py
[2023-10-10T15:44:20.318+0000] {processor.py:829} INFO - Processing file /home/airflow/.local/lib/python3.8/site-packages/airflow/example_dags/example_bash_operator.py for tasks to queue
[2023-10-10T15:44:20.320+0000] {logging_mixin.py:151} INFO - [2023-10-10T15:44:20.320+0000] {dagbag.py:539} INFO - Filling up the DagBag from /home/airflow/.local/lib/python3.8/site-packages/airflow/example_dags/example_bash_operator.py
[2023-10-10T15:44:20.328+0000] {processor.py:839} INFO - DAG(s) dict_keys(['example_bash_operator']) retrieved from /home/airflow/.local/lib/python3.8/site-packages/airflow/example_dags/example_bash_operator.py
[2023-10-10T15:44:20.354+0000] {logging_mixin.py:151} INFO - [2023-10-10T15:44:20.354+0000] {dag.py:2915} INFO - Sync 1 DAGs
[2023-10-10T15:44:20.378+0000] {logging_mixin.py:151} INFO - [2023-10-10T15:44:20.377+0000] {dag.py:3696} INFO - Setting next_dagrun for example_bash_operator to 2023-10-09T00:00:00+00:00, run_after=2023-10-10T00:00:00+00:00
[2023-10-10T15:44:20.397+0000] {processor.py:179} INFO - Processing /home/airflow/.local/lib/python3.8/site-packages/airflow/example_dags/example_bash_operator.py took 0.082 seconds
[2023-10-10T15:44:50.942+0000] {processor.py:157} INFO - Started process (PID=2363) to work on /home/airflow/.local/lib/python3.8/site-packages/airflow/example_dags/example_bash_operator.py
[2023-10-10T15:44:50.943+0000] {processor.py:829} INFO - Processing file /home/airflow/.local/lib/python3.8/site-packages/airflow/example_dags/example_bash_operator.py for tasks to queue
[2023-10-10T15:44:50.945+0000] {logging_mixin.py:151} INFO - [2023-10-10T15:44:50.945+0000] {dagbag.py:539} INFO - Filling up the DagBag from /home/airflow/.local/lib/python3.8/site-packages/airflow/example_dags/example_bash_operator.py
[2023-10-10T15:44:50.955+0000] {processor.py:839} INFO - DAG(s) dict_keys(['example_bash_operator']) retrieved from /home/airflow/.local/lib/python3.8/site-packages/airflow/example_dags/example_bash_operator.py
[2023-10-10T15:44:50.983+0000] {logging_mixin.py:151} INFO - [2023-10-10T15:44:50.982+0000] {dag.py:2915} INFO - Sync 1 DAGs
[2023-10-10T15:44:51.009+0000] {logging_mixin.py:151} INFO - [2023-10-10T15:44:51.009+0000] {dag.py:3696} INFO - Setting next_dagrun for example_bash_operator to 2023-10-09T00:00:00+00:00, run_after=2023-10-10T00:00:00+00:00
[2023-10-10T15:44:51.032+0000] {processor.py:179} INFO - Processing /home/airflow/.local/lib/python3.8/site-packages/airflow/example_dags/example_bash_operator.py took 0.093 seconds
[2023-10-10T15:45:21.359+0000] {processor.py:157} INFO - Started process (PID=2417) to work on /home/airflow/.local/lib/python3.8/site-packages/airflow/example_dags/example_bash_operator.py
[2023-10-10T15:45:21.360+0000] {processor.py:829} INFO - Processing file /home/airflow/.local/lib/python3.8/site-packages/airflow/example_dags/example_bash_operator.py for tasks to queue
[2023-10-10T15:45:21.363+0000] {logging_mixin.py:151} INFO - [2023-10-10T15:45:21.362+0000] {dagbag.py:539} INFO - Filling up the DagBag from /home/airflow/.local/lib/python3.8/site-packages/airflow/example_dags/example_bash_operator.py
[2023-10-10T15:45:21.372+0000] {processor.py:839} INFO - DAG(s) dict_keys(['example_bash_operator']) retrieved from /home/airflow/.local/lib/python3.8/site-packages/airflow/example_dags/example_bash_operator.py
[2023-10-10T15:45:21.403+0000] {logging_mixin.py:151} INFO - [2023-10-10T15:45:21.403+0000] {dag.py:2915} INFO - Sync 1 DAGs
[2023-10-10T15:45:21.425+0000] {logging_mixin.py:151} INFO - [2023-10-10T15:45:21.425+0000] {dag.py:3696} INFO - Setting next_dagrun for example_bash_operator to 2023-10-09T00:00:00+00:00, run_after=2023-10-10T00:00:00+00:00
[2023-10-10T15:45:21.443+0000] {processor.py:179} INFO - Processing /home/airflow/.local/lib/python3.8/site-packages/airflow/example_dags/example_bash_operator.py took 0.086 seconds
[2023-10-10T15:45:51.489+0000] {processor.py:157} INFO - Started process (PID=2471) to work on /home/airflow/.local/lib/python3.8/site-packages/airflow/example_dags/example_bash_operator.py
[2023-10-10T15:45:51.490+0000] {processor.py:829} INFO - Processing file /home/airflow/.local/lib/python3.8/site-packages/airflow/example_dags/example_bash_operator.py for tasks to queue
[2023-10-10T15:45:51.493+0000] {logging_mixin.py:151} INFO - [2023-10-10T15:45:51.492+0000] {dagbag.py:539} INFO - Filling up the DagBag from /home/airflow/.local/lib/python3.8/site-packages/airflow/example_dags/example_bash_operator.py
[2023-10-10T15:45:51.506+0000] {processor.py:839} INFO - DAG(s) dict_keys(['example_bash_operator']) retrieved from /home/airflow/.local/lib/python3.8/site-packages/airflow/example_dags/example_bash_operator.py
[2023-10-10T15:45:51.544+0000] {logging_mixin.py:151} INFO - [2023-10-10T15:45:51.544+0000] {dag.py:2915} INFO - Sync 1 DAGs
[2023-10-10T15:45:51.571+0000] {logging_mixin.py:151} INFO - [2023-10-10T15:45:51.571+0000] {dag.py:3696} INFO - Setting next_dagrun for example_bash_operator to 2023-10-09T00:00:00+00:00, run_after=2023-10-10T00:00:00+00:00
[2023-10-10T15:45:51.595+0000] {processor.py:179} INFO - Processing /home/airflow/.local/lib/python3.8/site-packages/airflow/example_dags/example_bash_operator.py took 0.110 seconds
[2023-10-10T15:46:21.700+0000] {processor.py:157} INFO - Started process (PID=2526) to work on /home/airflow/.local/lib/python3.8/site-packages/airflow/example_dags/example_bash_operator.py
[2023-10-10T15:46:21.701+0000] {processor.py:829} INFO - Processing file /home/airflow/.local/lib/python3.8/site-packages/airflow/example_dags/example_bash_operator.py for tasks to queue
[2023-10-10T15:46:21.703+0000] {logging_mixin.py:151} INFO - [2023-10-10T15:46:21.702+0000] {dagbag.py:539} INFO - Filling up the DagBag from /home/airflow/.local/lib/python3.8/site-packages/airflow/example_dags/example_bash_operator.py
[2023-10-10T15:46:21.712+0000] {processor.py:839} INFO - DAG(s) dict_keys(['example_bash_operator']) retrieved from /home/airflow/.local/lib/python3.8/site-packages/airflow/example_dags/example_bash_operator.py
[2023-10-10T15:46:21.737+0000] {logging_mixin.py:151} INFO - [2023-10-10T15:46:21.737+0000] {dag.py:2915} INFO - Sync 1 DAGs
[2023-10-10T15:46:21.757+0000] {logging_mixin.py:151} INFO - [2023-10-10T15:46:21.757+0000] {dag.py:3696} INFO - Setting next_dagrun for example_bash_operator to 2023-10-09T00:00:00+00:00, run_after=2023-10-10T00:00:00+00:00
[2023-10-10T15:46:21.774+0000] {processor.py:179} INFO - Processing /home/airflow/.local/lib/python3.8/site-packages/airflow/example_dags/example_bash_operator.py took 0.076 seconds
[2023-10-10T15:46:52.244+0000] {processor.py:157} INFO - Started process (PID=2579) to work on /home/airflow/.local/lib/python3.8/site-packages/airflow/example_dags/example_bash_operator.py
[2023-10-10T15:46:52.245+0000] {processor.py:829} INFO - Processing file /home/airflow/.local/lib/python3.8/site-packages/airflow/example_dags/example_bash_operator.py for tasks to queue
[2023-10-10T15:46:52.247+0000] {logging_mixin.py:151} INFO - [2023-10-10T15:46:52.247+0000] {dagbag.py:539} INFO - Filling up the DagBag from /home/airflow/.local/lib/python3.8/site-packages/airflow/example_dags/example_bash_operator.py
[2023-10-10T15:46:52.256+0000] {processor.py:839} INFO - DAG(s) dict_keys(['example_bash_operator']) retrieved from /home/airflow/.local/lib/python3.8/site-packages/airflow/example_dags/example_bash_operator.py
[2023-10-10T15:46:52.283+0000] {logging_mixin.py:151} INFO - [2023-10-10T15:46:52.283+0000] {dag.py:2915} INFO - Sync 1 DAGs
[2023-10-10T15:46:52.302+0000] {logging_mixin.py:151} INFO - [2023-10-10T15:46:52.302+0000] {dag.py:3696} INFO - Setting next_dagrun for example_bash_operator to 2023-10-09T00:00:00+00:00, run_after=2023-10-10T00:00:00+00:00
[2023-10-10T15:46:52.316+0000] {processor.py:179} INFO - Processing /home/airflow/.local/lib/python3.8/site-packages/airflow/example_dags/example_bash_operator.py took 0.075 seconds
[2023-10-10T15:47:22.899+0000] {processor.py:157} INFO - Started process (PID=2633) to work on /home/airflow/.local/lib/python3.8/site-packages/airflow/example_dags/example_bash_operator.py
[2023-10-10T15:47:22.899+0000] {processor.py:829} INFO - Processing file /home/airflow/.local/lib/python3.8/site-packages/airflow/example_dags/example_bash_operator.py for tasks to queue
[2023-10-10T15:47:22.901+0000] {logging_mixin.py:151} INFO - [2023-10-10T15:47:22.901+0000] {dagbag.py:539} INFO - Filling up the DagBag from /home/airflow/.local/lib/python3.8/site-packages/airflow/example_dags/example_bash_operator.py
[2023-10-10T15:47:22.909+0000] {processor.py:839} INFO - DAG(s) dict_keys(['example_bash_operator']) retrieved from /home/airflow/.local/lib/python3.8/site-packages/airflow/example_dags/example_bash_operator.py
[2023-10-10T15:47:22.936+0000] {logging_mixin.py:151} INFO - [2023-10-10T15:47:22.936+0000] {dag.py:2915} INFO - Sync 1 DAGs
[2023-10-10T15:47:22.956+0000] {logging_mixin.py:151} INFO - [2023-10-10T15:47:22.956+0000] {dag.py:3696} INFO - Setting next_dagrun for example_bash_operator to 2023-10-09T00:00:00+00:00, run_after=2023-10-10T00:00:00+00:00
[2023-10-10T15:47:22.971+0000] {processor.py:179} INFO - Processing /home/airflow/.local/lib/python3.8/site-packages/airflow/example_dags/example_bash_operator.py took 0.075 seconds
[2023-10-10T15:47:53.306+0000] {processor.py:157} INFO - Started process (PID=2687) to work on /home/airflow/.local/lib/python3.8/site-packages/airflow/example_dags/example_bash_operator.py
[2023-10-10T15:47:53.307+0000] {processor.py:829} INFO - Processing file /home/airflow/.local/lib/python3.8/site-packages/airflow/example_dags/example_bash_operator.py for tasks to queue
[2023-10-10T15:47:53.309+0000] {logging_mixin.py:151} INFO - [2023-10-10T15:47:53.309+0000] {dagbag.py:539} INFO - Filling up the DagBag from /home/airflow/.local/lib/python3.8/site-packages/airflow/example_dags/example_bash_operator.py
[2023-10-10T15:47:53.318+0000] {processor.py:839} INFO - DAG(s) dict_keys(['example_bash_operator']) retrieved from /home/airflow/.local/lib/python3.8/site-packages/airflow/example_dags/example_bash_operator.py
[2023-10-10T15:47:53.344+0000] {logging_mixin.py:151} INFO - [2023-10-10T15:47:53.344+0000] {dag.py:2915} INFO - Sync 1 DAGs
[2023-10-10T15:47:53.364+0000] {logging_mixin.py:151} INFO - [2023-10-10T15:47:53.364+0000] {dag.py:3696} INFO - Setting next_dagrun for example_bash_operator to 2023-10-09T00:00:00+00:00, run_after=2023-10-10T00:00:00+00:00
[2023-10-10T15:47:53.378+0000] {processor.py:179} INFO - Processing /home/airflow/.local/lib/python3.8/site-packages/airflow/example_dags/example_bash_operator.py took 0.074 seconds
[2023-10-10T15:48:23.800+0000] {processor.py:157} INFO - Started process (PID=2741) to work on /home/airflow/.local/lib/python3.8/site-packages/airflow/example_dags/example_bash_operator.py
[2023-10-10T15:48:23.801+0000] {processor.py:829} INFO - Processing file /home/airflow/.local/lib/python3.8/site-packages/airflow/example_dags/example_bash_operator.py for tasks to queue
[2023-10-10T15:48:23.802+0000] {logging_mixin.py:151} INFO - [2023-10-10T15:48:23.802+0000] {dagbag.py:539} INFO - Filling up the DagBag from /home/airflow/.local/lib/python3.8/site-packages/airflow/example_dags/example_bash_operator.py
[2023-10-10T15:48:23.812+0000] {processor.py:839} INFO - DAG(s) dict_keys(['example_bash_operator']) retrieved from /home/airflow/.local/lib/python3.8/site-packages/airflow/example_dags/example_bash_operator.py
[2023-10-10T15:48:23.838+0000] {logging_mixin.py:151} INFO - [2023-10-10T15:48:23.838+0000] {dag.py:2915} INFO - Sync 1 DAGs
[2023-10-10T15:48:23.860+0000] {logging_mixin.py:151} INFO - [2023-10-10T15:48:23.860+0000] {dag.py:3696} INFO - Setting next_dagrun for example_bash_operator to 2023-10-09T00:00:00+00:00, run_after=2023-10-10T00:00:00+00:00
[2023-10-10T15:48:23.874+0000] {processor.py:179} INFO - Processing /home/airflow/.local/lib/python3.8/site-packages/airflow/example_dags/example_bash_operator.py took 0.077 seconds
[2023-10-10T15:48:54.334+0000] {processor.py:157} INFO - Started process (PID=2795) to work on /home/airflow/.local/lib/python3.8/site-packages/airflow/example_dags/example_bash_operator.py
[2023-10-10T15:48:54.335+0000] {processor.py:829} INFO - Processing file /home/airflow/.local/lib/python3.8/site-packages/airflow/example_dags/example_bash_operator.py for tasks to queue
[2023-10-10T15:48:54.337+0000] {logging_mixin.py:151} INFO - [2023-10-10T15:48:54.336+0000] {dagbag.py:539} INFO - Filling up the DagBag from /home/airflow/.local/lib/python3.8/site-packages/airflow/example_dags/example_bash_operator.py
[2023-10-10T15:48:54.348+0000] {processor.py:839} INFO - DAG(s) dict_keys(['example_bash_operator']) retrieved from /home/airflow/.local/lib/python3.8/site-packages/airflow/example_dags/example_bash_operator.py
[2023-10-10T15:48:54.372+0000] {logging_mixin.py:151} INFO - [2023-10-10T15:48:54.372+0000] {dag.py:2915} INFO - Sync 1 DAGs
[2023-10-10T15:48:54.392+0000] {logging_mixin.py:151} INFO - [2023-10-10T15:48:54.392+0000] {dag.py:3696} INFO - Setting next_dagrun for example_bash_operator to 2023-10-09T00:00:00+00:00, run_after=2023-10-10T00:00:00+00:00
[2023-10-10T15:48:54.407+0000] {processor.py:179} INFO - Processing /home/airflow/.local/lib/python3.8/site-packages/airflow/example_dags/example_bash_operator.py took 0.075 seconds
[2023-10-10T15:49:24.740+0000] {processor.py:157} INFO - Started process (PID=2849) to work on /home/airflow/.local/lib/python3.8/site-packages/airflow/example_dags/example_bash_operator.py
[2023-10-10T15:49:24.741+0000] {processor.py:829} INFO - Processing file /home/airflow/.local/lib/python3.8/site-packages/airflow/example_dags/example_bash_operator.py for tasks to queue
[2023-10-10T15:49:24.743+0000] {logging_mixin.py:151} INFO - [2023-10-10T15:49:24.743+0000] {dagbag.py:539} INFO - Filling up the DagBag from /home/airflow/.local/lib/python3.8/site-packages/airflow/example_dags/example_bash_operator.py
[2023-10-10T15:49:24.753+0000] {processor.py:839} INFO - DAG(s) dict_keys(['example_bash_operator']) retrieved from /home/airflow/.local/lib/python3.8/site-packages/airflow/example_dags/example_bash_operator.py
[2023-10-10T15:49:24.783+0000] {logging_mixin.py:151} INFO - [2023-10-10T15:49:24.782+0000] {dag.py:2915} INFO - Sync 1 DAGs
[2023-10-10T15:49:24.805+0000] {logging_mixin.py:151} INFO - [2023-10-10T15:49:24.804+0000] {dag.py:3696} INFO - Setting next_dagrun for example_bash_operator to 2023-10-09T00:00:00+00:00, run_after=2023-10-10T00:00:00+00:00
[2023-10-10T15:49:24.824+0000] {processor.py:179} INFO - Processing /home/airflow/.local/lib/python3.8/site-packages/airflow/example_dags/example_bash_operator.py took 0.087 seconds
[2023-10-10T15:49:55.020+0000] {processor.py:157} INFO - Started process (PID=2901) to work on /home/airflow/.local/lib/python3.8/site-packages/airflow/example_dags/example_bash_operator.py
[2023-10-10T15:49:55.021+0000] {processor.py:829} INFO - Processing file /home/airflow/.local/lib/python3.8/site-packages/airflow/example_dags/example_bash_operator.py for tasks to queue
[2023-10-10T15:49:55.023+0000] {logging_mixin.py:151} INFO - [2023-10-10T15:49:55.023+0000] {dagbag.py:539} INFO - Filling up the DagBag from /home/airflow/.local/lib/python3.8/site-packages/airflow/example_dags/example_bash_operator.py
[2023-10-10T15:49:55.033+0000] {processor.py:839} INFO - DAG(s) dict_keys(['example_bash_operator']) retrieved from /home/airflow/.local/lib/python3.8/site-packages/airflow/example_dags/example_bash_operator.py
[2023-10-10T15:49:55.063+0000] {logging_mixin.py:151} INFO - [2023-10-10T15:49:55.063+0000] {dag.py:2915} INFO - Sync 1 DAGs
[2023-10-10T15:49:55.085+0000] {logging_mixin.py:151} INFO - [2023-10-10T15:49:55.084+0000] {dag.py:3696} INFO - Setting next_dagrun for example_bash_operator to 2023-10-09T00:00:00+00:00, run_after=2023-10-10T00:00:00+00:00
[2023-10-10T15:49:55.103+0000] {processor.py:179} INFO - Processing /home/airflow/.local/lib/python3.8/site-packages/airflow/example_dags/example_bash_operator.py took 0.085 seconds
[2023-10-10T15:50:25.897+0000] {processor.py:157} INFO - Started process (PID=2955) to work on /home/airflow/.local/lib/python3.8/site-packages/airflow/example_dags/example_bash_operator.py
[2023-10-10T15:50:25.898+0000] {processor.py:829} INFO - Processing file /home/airflow/.local/lib/python3.8/site-packages/airflow/example_dags/example_bash_operator.py for tasks to queue
[2023-10-10T15:50:25.901+0000] {logging_mixin.py:151} INFO - [2023-10-10T15:50:25.900+0000] {dagbag.py:539} INFO - Filling up the DagBag from /home/airflow/.local/lib/python3.8/site-packages/airflow/example_dags/example_bash_operator.py
[2023-10-10T15:50:25.912+0000] {processor.py:839} INFO - DAG(s) dict_keys(['example_bash_operator']) retrieved from /home/airflow/.local/lib/python3.8/site-packages/airflow/example_dags/example_bash_operator.py
[2023-10-10T15:50:25.941+0000] {logging_mixin.py:151} INFO - [2023-10-10T15:50:25.940+0000] {dag.py:2915} INFO - Sync 1 DAGs
[2023-10-10T15:50:25.962+0000] {logging_mixin.py:151} INFO - [2023-10-10T15:50:25.962+0000] {dag.py:3696} INFO - Setting next_dagrun for example_bash_operator to 2023-10-09T00:00:00+00:00, run_after=2023-10-10T00:00:00+00:00
[2023-10-10T15:50:25.979+0000] {processor.py:179} INFO - Processing /home/airflow/.local/lib/python3.8/site-packages/airflow/example_dags/example_bash_operator.py took 0.086 seconds
[2023-10-10T15:50:56.505+0000] {processor.py:157} INFO - Started process (PID=3009) to work on /home/airflow/.local/lib/python3.8/site-packages/airflow/example_dags/example_bash_operator.py
[2023-10-10T15:50:56.506+0000] {processor.py:829} INFO - Processing file /home/airflow/.local/lib/python3.8/site-packages/airflow/example_dags/example_bash_operator.py for tasks to queue
[2023-10-10T15:50:56.508+0000] {logging_mixin.py:151} INFO - [2023-10-10T15:50:56.508+0000] {dagbag.py:539} INFO - Filling up the DagBag from /home/airflow/.local/lib/python3.8/site-packages/airflow/example_dags/example_bash_operator.py
[2023-10-10T15:50:56.520+0000] {processor.py:839} INFO - DAG(s) dict_keys(['example_bash_operator']) retrieved from /home/airflow/.local/lib/python3.8/site-packages/airflow/example_dags/example_bash_operator.py
[2023-10-10T15:50:56.548+0000] {logging_mixin.py:151} INFO - [2023-10-10T15:50:56.548+0000] {dag.py:2915} INFO - Sync 1 DAGs
[2023-10-10T15:50:56.570+0000] {logging_mixin.py:151} INFO - [2023-10-10T15:50:56.570+0000] {dag.py:3696} INFO - Setting next_dagrun for example_bash_operator to 2023-10-09T00:00:00+00:00, run_after=2023-10-10T00:00:00+00:00
[2023-10-10T15:50:56.587+0000] {processor.py:179} INFO - Processing /home/airflow/.local/lib/python3.8/site-packages/airflow/example_dags/example_bash_operator.py took 0.084 seconds
[2023-10-10T15:51:27.393+0000] {processor.py:157} INFO - Started process (PID=3070) to work on /home/airflow/.local/lib/python3.8/site-packages/airflow/example_dags/example_bash_operator.py
[2023-10-10T15:51:27.394+0000] {processor.py:829} INFO - Processing file /home/airflow/.local/lib/python3.8/site-packages/airflow/example_dags/example_bash_operator.py for tasks to queue
[2023-10-10T15:51:27.395+0000] {logging_mixin.py:151} INFO - [2023-10-10T15:51:27.395+0000] {dagbag.py:539} INFO - Filling up the DagBag from /home/airflow/.local/lib/python3.8/site-packages/airflow/example_dags/example_bash_operator.py
[2023-10-10T15:51:27.404+0000] {processor.py:839} INFO - DAG(s) dict_keys(['example_bash_operator']) retrieved from /home/airflow/.local/lib/python3.8/site-packages/airflow/example_dags/example_bash_operator.py
[2023-10-10T15:51:27.439+0000] {logging_mixin.py:151} INFO - [2023-10-10T15:51:27.438+0000] {dag.py:2915} INFO - Sync 1 DAGs
[2023-10-10T15:51:27.460+0000] {logging_mixin.py:151} INFO - [2023-10-10T15:51:27.459+0000] {dag.py:3696} INFO - Setting next_dagrun for example_bash_operator to 2023-10-09T00:00:00+00:00, run_after=2023-10-10T00:00:00+00:00
[2023-10-10T15:51:27.474+0000] {processor.py:179} INFO - Processing /home/airflow/.local/lib/python3.8/site-packages/airflow/example_dags/example_bash_operator.py took 0.084 seconds
[2023-10-10T15:51:58.297+0000] {processor.py:157} INFO - Started process (PID=3124) to work on /home/airflow/.local/lib/python3.8/site-packages/airflow/example_dags/example_bash_operator.py
[2023-10-10T15:51:58.298+0000] {processor.py:829} INFO - Processing file /home/airflow/.local/lib/python3.8/site-packages/airflow/example_dags/example_bash_operator.py for tasks to queue
[2023-10-10T15:51:58.301+0000] {logging_mixin.py:151} INFO - [2023-10-10T15:51:58.300+0000] {dagbag.py:539} INFO - Filling up the DagBag from /home/airflow/.local/lib/python3.8/site-packages/airflow/example_dags/example_bash_operator.py
[2023-10-10T15:51:58.313+0000] {processor.py:839} INFO - DAG(s) dict_keys(['example_bash_operator']) retrieved from /home/airflow/.local/lib/python3.8/site-packages/airflow/example_dags/example_bash_operator.py
[2023-10-10T15:51:58.342+0000] {logging_mixin.py:151} INFO - [2023-10-10T15:51:58.342+0000] {dag.py:2915} INFO - Sync 1 DAGs
[2023-10-10T15:51:58.364+0000] {logging_mixin.py:151} INFO - [2023-10-10T15:51:58.364+0000] {dag.py:3696} INFO - Setting next_dagrun for example_bash_operator to 2023-10-09T00:00:00+00:00, run_after=2023-10-10T00:00:00+00:00
[2023-10-10T15:51:58.391+0000] {processor.py:179} INFO - Processing /home/airflow/.local/lib/python3.8/site-packages/airflow/example_dags/example_bash_operator.py took 0.098 seconds
[2023-10-10T15:52:28.853+0000] {processor.py:157} INFO - Started process (PID=3169) to work on /home/airflow/.local/lib/python3.8/site-packages/airflow/example_dags/example_bash_operator.py
[2023-10-10T15:52:28.854+0000] {processor.py:829} INFO - Processing file /home/airflow/.local/lib/python3.8/site-packages/airflow/example_dags/example_bash_operator.py for tasks to queue
[2023-10-10T15:52:28.856+0000] {logging_mixin.py:151} INFO - [2023-10-10T15:52:28.856+0000] {dagbag.py:539} INFO - Filling up the DagBag from /home/airflow/.local/lib/python3.8/site-packages/airflow/example_dags/example_bash_operator.py
[2023-10-10T15:52:28.864+0000] {processor.py:839} INFO - DAG(s) dict_keys(['example_bash_operator']) retrieved from /home/airflow/.local/lib/python3.8/site-packages/airflow/example_dags/example_bash_operator.py
[2023-10-10T15:52:28.892+0000] {logging_mixin.py:151} INFO - [2023-10-10T15:52:28.892+0000] {dag.py:2915} INFO - Sync 1 DAGs
[2023-10-10T15:52:28.912+0000] {logging_mixin.py:151} INFO - [2023-10-10T15:52:28.912+0000] {dag.py:3696} INFO - Setting next_dagrun for example_bash_operator to 2023-10-09T00:00:00+00:00, run_after=2023-10-10T00:00:00+00:00
[2023-10-10T15:52:28.928+0000] {processor.py:179} INFO - Processing /home/airflow/.local/lib/python3.8/site-packages/airflow/example_dags/example_bash_operator.py took 0.077 seconds
[2023-10-10T15:52:59.004+0000] {processor.py:157} INFO - Started process (PID=3218) to work on /home/airflow/.local/lib/python3.8/site-packages/airflow/example_dags/example_bash_operator.py
[2023-10-10T15:52:59.005+0000] {processor.py:829} INFO - Processing file /home/airflow/.local/lib/python3.8/site-packages/airflow/example_dags/example_bash_operator.py for tasks to queue
[2023-10-10T15:52:59.006+0000] {logging_mixin.py:151} INFO - [2023-10-10T15:52:59.006+0000] {dagbag.py:539} INFO - Filling up the DagBag from /home/airflow/.local/lib/python3.8/site-packages/airflow/example_dags/example_bash_operator.py
[2023-10-10T15:52:59.020+0000] {processor.py:839} INFO - DAG(s) dict_keys(['example_bash_operator']) retrieved from /home/airflow/.local/lib/python3.8/site-packages/airflow/example_dags/example_bash_operator.py
[2023-10-10T15:52:59.056+0000] {logging_mixin.py:151} INFO - [2023-10-10T15:52:59.055+0000] {dag.py:2915} INFO - Sync 1 DAGs
[2023-10-10T15:52:59.091+0000] {logging_mixin.py:151} INFO - [2023-10-10T15:52:59.091+0000] {dag.py:3696} INFO - Setting next_dagrun for example_bash_operator to 2023-10-09T00:00:00+00:00, run_after=2023-10-10T00:00:00+00:00
[2023-10-10T15:52:59.117+0000] {processor.py:179} INFO - Processing /home/airflow/.local/lib/python3.8/site-packages/airflow/example_dags/example_bash_operator.py took 0.117 seconds
[2023-10-10T15:53:30.184+0000] {processor.py:157} INFO - Started process (PID=3270) to work on /home/airflow/.local/lib/python3.8/site-packages/airflow/example_dags/example_bash_operator.py
[2023-10-10T15:53:30.185+0000] {processor.py:829} INFO - Processing file /home/airflow/.local/lib/python3.8/site-packages/airflow/example_dags/example_bash_operator.py for tasks to queue
[2023-10-10T15:53:30.186+0000] {logging_mixin.py:151} INFO - [2023-10-10T15:53:30.186+0000] {dagbag.py:539} INFO - Filling up the DagBag from /home/airflow/.local/lib/python3.8/site-packages/airflow/example_dags/example_bash_operator.py
[2023-10-10T15:53:30.196+0000] {processor.py:839} INFO - DAG(s) dict_keys(['example_bash_operator']) retrieved from /home/airflow/.local/lib/python3.8/site-packages/airflow/example_dags/example_bash_operator.py
[2023-10-10T15:53:30.235+0000] {logging_mixin.py:151} INFO - [2023-10-10T15:53:30.234+0000] {dag.py:2915} INFO - Sync 1 DAGs
[2023-10-10T15:53:30.265+0000] {logging_mixin.py:151} INFO - [2023-10-10T15:53:30.265+0000] {dag.py:3696} INFO - Setting next_dagrun for example_bash_operator to 2023-10-09T00:00:00+00:00, run_after=2023-10-10T00:00:00+00:00
[2023-10-10T15:53:30.282+0000] {processor.py:179} INFO - Processing /home/airflow/.local/lib/python3.8/site-packages/airflow/example_dags/example_bash_operator.py took 0.101 seconds
[2023-10-10T15:54:01.127+0000] {processor.py:157} INFO - Started process (PID=3325) to work on /home/airflow/.local/lib/python3.8/site-packages/airflow/example_dags/example_bash_operator.py
[2023-10-10T15:54:01.129+0000] {processor.py:829} INFO - Processing file /home/airflow/.local/lib/python3.8/site-packages/airflow/example_dags/example_bash_operator.py for tasks to queue
[2023-10-10T15:54:01.131+0000] {logging_mixin.py:151} INFO - [2023-10-10T15:54:01.131+0000] {dagbag.py:539} INFO - Filling up the DagBag from /home/airflow/.local/lib/python3.8/site-packages/airflow/example_dags/example_bash_operator.py
[2023-10-10T15:54:01.144+0000] {processor.py:839} INFO - DAG(s) dict_keys(['example_bash_operator']) retrieved from /home/airflow/.local/lib/python3.8/site-packages/airflow/example_dags/example_bash_operator.py
[2023-10-10T15:54:01.206+0000] {logging_mixin.py:151} INFO - [2023-10-10T15:54:01.205+0000] {dag.py:2915} INFO - Sync 1 DAGs
[2023-10-10T15:54:01.240+0000] {logging_mixin.py:151} INFO - [2023-10-10T15:54:01.240+0000] {dag.py:3696} INFO - Setting next_dagrun for example_bash_operator to 2023-10-09T00:00:00+00:00, run_after=2023-10-10T00:00:00+00:00
[2023-10-10T15:54:01.263+0000] {processor.py:179} INFO - Processing /home/airflow/.local/lib/python3.8/site-packages/airflow/example_dags/example_bash_operator.py took 0.139 seconds
[2023-10-10T15:54:31.438+0000] {processor.py:157} INFO - Started process (PID=3376) to work on /home/airflow/.local/lib/python3.8/site-packages/airflow/example_dags/example_bash_operator.py
[2023-10-10T15:54:31.439+0000] {processor.py:829} INFO - Processing file /home/airflow/.local/lib/python3.8/site-packages/airflow/example_dags/example_bash_operator.py for tasks to queue
[2023-10-10T15:54:31.441+0000] {logging_mixin.py:151} INFO - [2023-10-10T15:54:31.441+0000] {dagbag.py:539} INFO - Filling up the DagBag from /home/airflow/.local/lib/python3.8/site-packages/airflow/example_dags/example_bash_operator.py
[2023-10-10T15:54:31.455+0000] {processor.py:839} INFO - DAG(s) dict_keys(['example_bash_operator']) retrieved from /home/airflow/.local/lib/python3.8/site-packages/airflow/example_dags/example_bash_operator.py
[2023-10-10T15:54:31.496+0000] {logging_mixin.py:151} INFO - [2023-10-10T15:54:31.495+0000] {dag.py:2915} INFO - Sync 1 DAGs
[2023-10-10T15:54:31.525+0000] {logging_mixin.py:151} INFO - [2023-10-10T15:54:31.525+0000] {dag.py:3696} INFO - Setting next_dagrun for example_bash_operator to 2023-10-09T00:00:00+00:00, run_after=2023-10-10T00:00:00+00:00
[2023-10-10T15:54:31.549+0000] {processor.py:179} INFO - Processing /home/airflow/.local/lib/python3.8/site-packages/airflow/example_dags/example_bash_operator.py took 0.115 seconds
[2023-10-10T15:55:02.341+0000] {processor.py:157} INFO - Started process (PID=3429) to work on /home/airflow/.local/lib/python3.8/site-packages/airflow/example_dags/example_bash_operator.py
[2023-10-10T15:55:02.341+0000] {processor.py:829} INFO - Processing file /home/airflow/.local/lib/python3.8/site-packages/airflow/example_dags/example_bash_operator.py for tasks to queue
[2023-10-10T15:55:02.343+0000] {logging_mixin.py:151} INFO - [2023-10-10T15:55:02.343+0000] {dagbag.py:539} INFO - Filling up the DagBag from /home/airflow/.local/lib/python3.8/site-packages/airflow/example_dags/example_bash_operator.py
[2023-10-10T15:55:02.352+0000] {processor.py:839} INFO - DAG(s) dict_keys(['example_bash_operator']) retrieved from /home/airflow/.local/lib/python3.8/site-packages/airflow/example_dags/example_bash_operator.py
[2023-10-10T15:55:02.378+0000] {logging_mixin.py:151} INFO - [2023-10-10T15:55:02.377+0000] {dag.py:2915} INFO - Sync 1 DAGs
[2023-10-10T15:55:02.397+0000] {logging_mixin.py:151} INFO - [2023-10-10T15:55:02.397+0000] {dag.py:3696} INFO - Setting next_dagrun for example_bash_operator to 2023-10-09T00:00:00+00:00, run_after=2023-10-10T00:00:00+00:00
[2023-10-10T15:55:02.410+0000] {processor.py:179} INFO - Processing /home/airflow/.local/lib/python3.8/site-packages/airflow/example_dags/example_bash_operator.py took 0.072 seconds
[2023-10-10T15:55:32.710+0000] {processor.py:157} INFO - Started process (PID=3475) to work on /home/airflow/.local/lib/python3.8/site-packages/airflow/example_dags/example_bash_operator.py
[2023-10-10T15:55:32.711+0000] {processor.py:829} INFO - Processing file /home/airflow/.local/lib/python3.8/site-packages/airflow/example_dags/example_bash_operator.py for tasks to queue
[2023-10-10T15:55:32.713+0000] {logging_mixin.py:151} INFO - [2023-10-10T15:55:32.712+0000] {dagbag.py:539} INFO - Filling up the DagBag from /home/airflow/.local/lib/python3.8/site-packages/airflow/example_dags/example_bash_operator.py
[2023-10-10T15:55:32.722+0000] {processor.py:839} INFO - DAG(s) dict_keys(['example_bash_operator']) retrieved from /home/airflow/.local/lib/python3.8/site-packages/airflow/example_dags/example_bash_operator.py
[2023-10-10T15:55:32.753+0000] {logging_mixin.py:151} INFO - [2023-10-10T15:55:32.753+0000] {dag.py:2915} INFO - Sync 1 DAGs
[2023-10-10T15:55:32.794+0000] {logging_mixin.py:151} INFO - [2023-10-10T15:55:32.794+0000] {dag.py:3696} INFO - Setting next_dagrun for example_bash_operator to 2023-10-09T00:00:00+00:00, run_after=2023-10-10T00:00:00+00:00
[2023-10-10T15:55:32.810+0000] {processor.py:179} INFO - Processing /home/airflow/.local/lib/python3.8/site-packages/airflow/example_dags/example_bash_operator.py took 0.102 seconds
[2023-10-10T15:56:02.855+0000] {processor.py:157} INFO - Started process (PID=3529) to work on /home/airflow/.local/lib/python3.8/site-packages/airflow/example_dags/example_bash_operator.py
[2023-10-10T15:56:02.856+0000] {processor.py:829} INFO - Processing file /home/airflow/.local/lib/python3.8/site-packages/airflow/example_dags/example_bash_operator.py for tasks to queue
[2023-10-10T15:56:02.858+0000] {logging_mixin.py:151} INFO - [2023-10-10T15:56:02.858+0000] {dagbag.py:539} INFO - Filling up the DagBag from /home/airflow/.local/lib/python3.8/site-packages/airflow/example_dags/example_bash_operator.py
[2023-10-10T15:56:02.869+0000] {processor.py:839} INFO - DAG(s) dict_keys(['example_bash_operator']) retrieved from /home/airflow/.local/lib/python3.8/site-packages/airflow/example_dags/example_bash_operator.py
[2023-10-10T15:56:02.896+0000] {logging_mixin.py:151} INFO - [2023-10-10T15:56:02.896+0000] {dag.py:2915} INFO - Sync 1 DAGs
[2023-10-10T15:56:02.918+0000] {logging_mixin.py:151} INFO - [2023-10-10T15:56:02.918+0000] {dag.py:3696} INFO - Setting next_dagrun for example_bash_operator to 2023-10-09T00:00:00+00:00, run_after=2023-10-10T00:00:00+00:00
[2023-10-10T15:56:02.933+0000] {processor.py:179} INFO - Processing /home/airflow/.local/lib/python3.8/site-packages/airflow/example_dags/example_bash_operator.py took 0.080 seconds
[2023-10-10T15:56:33.241+0000] {processor.py:157} INFO - Started process (PID=3583) to work on /home/airflow/.local/lib/python3.8/site-packages/airflow/example_dags/example_bash_operator.py
[2023-10-10T15:56:33.242+0000] {processor.py:829} INFO - Processing file /home/airflow/.local/lib/python3.8/site-packages/airflow/example_dags/example_bash_operator.py for tasks to queue
[2023-10-10T15:56:33.243+0000] {logging_mixin.py:151} INFO - [2023-10-10T15:56:33.243+0000] {dagbag.py:539} INFO - Filling up the DagBag from /home/airflow/.local/lib/python3.8/site-packages/airflow/example_dags/example_bash_operator.py
[2023-10-10T15:56:33.254+0000] {processor.py:839} INFO - DAG(s) dict_keys(['example_bash_operator']) retrieved from /home/airflow/.local/lib/python3.8/site-packages/airflow/example_dags/example_bash_operator.py
[2023-10-10T15:56:33.283+0000] {logging_mixin.py:151} INFO - [2023-10-10T15:56:33.283+0000] {dag.py:2915} INFO - Sync 1 DAGs
[2023-10-10T15:56:33.308+0000] {logging_mixin.py:151} INFO - [2023-10-10T15:56:33.308+0000] {dag.py:3696} INFO - Setting next_dagrun for example_bash_operator to 2023-10-09T00:00:00+00:00, run_after=2023-10-10T00:00:00+00:00
[2023-10-10T15:56:33.325+0000] {processor.py:179} INFO - Processing /home/airflow/.local/lib/python3.8/site-packages/airflow/example_dags/example_bash_operator.py took 0.087 seconds
[2023-10-10T15:57:03.767+0000] {processor.py:157} INFO - Started process (PID=3637) to work on /home/airflow/.local/lib/python3.8/site-packages/airflow/example_dags/example_bash_operator.py
[2023-10-10T15:57:03.768+0000] {processor.py:829} INFO - Processing file /home/airflow/.local/lib/python3.8/site-packages/airflow/example_dags/example_bash_operator.py for tasks to queue
[2023-10-10T15:57:03.770+0000] {logging_mixin.py:151} INFO - [2023-10-10T15:57:03.769+0000] {dagbag.py:539} INFO - Filling up the DagBag from /home/airflow/.local/lib/python3.8/site-packages/airflow/example_dags/example_bash_operator.py
[2023-10-10T15:57:03.785+0000] {processor.py:839} INFO - DAG(s) dict_keys(['example_bash_operator']) retrieved from /home/airflow/.local/lib/python3.8/site-packages/airflow/example_dags/example_bash_operator.py
[2023-10-10T15:57:03.840+0000] {logging_mixin.py:151} INFO - [2023-10-10T15:57:03.839+0000] {dag.py:2915} INFO - Sync 1 DAGs
[2023-10-10T15:57:03.861+0000] {logging_mixin.py:151} INFO - [2023-10-10T15:57:03.861+0000] {dag.py:3696} INFO - Setting next_dagrun for example_bash_operator to 2023-10-09T00:00:00+00:00, run_after=2023-10-10T00:00:00+00:00
[2023-10-10T15:57:03.879+0000] {processor.py:179} INFO - Processing /home/airflow/.local/lib/python3.8/site-packages/airflow/example_dags/example_bash_operator.py took 0.114 seconds
