[2023-10-10T15:24:07.951+0000] {processor.py:157} INFO - Started process (PID=179) to work on /home/airflow/.local/lib/python3.8/site-packages/airflow/example_dags/example_skip_dag.py
[2023-10-10T15:24:07.952+0000] {processor.py:829} INFO - Processing file /home/airflow/.local/lib/python3.8/site-packages/airflow/example_dags/example_skip_dag.py for tasks to queue
[2023-10-10T15:24:07.954+0000] {logging_mixin.py:151} INFO - [2023-10-10T15:24:07.954+0000] {dagbag.py:539} INFO - Filling up the DagBag from /home/airflow/.local/lib/python3.8/site-packages/airflow/example_dags/example_skip_dag.py
[2023-10-10T15:24:07.981+0000] {processor.py:839} INFO - DAG(s) dict_keys(['example_skip_dag']) retrieved from /home/airflow/.local/lib/python3.8/site-packages/airflow/example_dags/example_skip_dag.py
[2023-10-10T15:24:07.994+0000] {logging_mixin.py:151} INFO - [2023-10-10T15:24:07.994+0000] {dag.py:2915} INFO - Sync 1 DAGs
[2023-10-10T15:24:08.026+0000] {logging_mixin.py:151} INFO - [2023-10-10T15:24:08.025+0000] {dag.py:3696} INFO - Setting next_dagrun for example_skip_dag to 2023-10-09T15:24:08.025586+00:00, run_after=2023-10-10T15:24:08.025586+00:00
[2023-10-10T15:24:08.045+0000] {processor.py:179} INFO - Processing /home/airflow/.local/lib/python3.8/site-packages/airflow/example_dags/example_skip_dag.py took 0.097 seconds
[2023-10-10T15:24:39.015+0000] {processor.py:157} INFO - Started process (PID=233) to work on /home/airflow/.local/lib/python3.8/site-packages/airflow/example_dags/example_skip_dag.py
[2023-10-10T15:24:39.016+0000] {processor.py:829} INFO - Processing file /home/airflow/.local/lib/python3.8/site-packages/airflow/example_dags/example_skip_dag.py for tasks to queue
[2023-10-10T15:24:39.018+0000] {logging_mixin.py:151} INFO - [2023-10-10T15:24:39.018+0000] {dagbag.py:539} INFO - Filling up the DagBag from /home/airflow/.local/lib/python3.8/site-packages/airflow/example_dags/example_skip_dag.py
[2023-10-10T15:24:39.023+0000] {processor.py:839} INFO - DAG(s) dict_keys(['example_skip_dag']) retrieved from /home/airflow/.local/lib/python3.8/site-packages/airflow/example_dags/example_skip_dag.py
[2023-10-10T15:24:39.043+0000] {logging_mixin.py:151} INFO - [2023-10-10T15:24:39.043+0000] {dag.py:2915} INFO - Sync 1 DAGs
[2023-10-10T15:24:39.062+0000] {logging_mixin.py:151} INFO - [2023-10-10T15:24:39.062+0000] {dag.py:3696} INFO - Setting next_dagrun for example_skip_dag to 2023-10-09T15:24:39.062564+00:00, run_after=2023-10-10T15:24:39.062564+00:00
[2023-10-10T15:24:39.089+0000] {processor.py:179} INFO - Processing /home/airflow/.local/lib/python3.8/site-packages/airflow/example_dags/example_skip_dag.py took 0.077 seconds
[2023-10-10T15:25:10.513+0000] {processor.py:157} INFO - Started process (PID=287) to work on /home/airflow/.local/lib/python3.8/site-packages/airflow/example_dags/example_skip_dag.py
[2023-10-10T15:25:10.514+0000] {processor.py:829} INFO - Processing file /home/airflow/.local/lib/python3.8/site-packages/airflow/example_dags/example_skip_dag.py for tasks to queue
[2023-10-10T15:25:10.517+0000] {logging_mixin.py:151} INFO - [2023-10-10T15:25:10.517+0000] {dagbag.py:539} INFO - Filling up the DagBag from /home/airflow/.local/lib/python3.8/site-packages/airflow/example_dags/example_skip_dag.py
[2023-10-10T15:25:10.525+0000] {processor.py:839} INFO - DAG(s) dict_keys(['example_skip_dag']) retrieved from /home/airflow/.local/lib/python3.8/site-packages/airflow/example_dags/example_skip_dag.py
[2023-10-10T15:25:10.552+0000] {logging_mixin.py:151} INFO - [2023-10-10T15:25:10.551+0000] {dag.py:2915} INFO - Sync 1 DAGs
[2023-10-10T15:25:10.581+0000] {logging_mixin.py:151} INFO - [2023-10-10T15:25:10.581+0000] {dag.py:3696} INFO - Setting next_dagrun for example_skip_dag to 2023-10-09T15:25:10.580949+00:00, run_after=2023-10-10T15:25:10.580949+00:00
[2023-10-10T15:25:10.604+0000] {processor.py:179} INFO - Processing /home/airflow/.local/lib/python3.8/site-packages/airflow/example_dags/example_skip_dag.py took 0.094 seconds
[2023-10-10T15:25:41.102+0000] {processor.py:157} INFO - Started process (PID=341) to work on /home/airflow/.local/lib/python3.8/site-packages/airflow/example_dags/example_skip_dag.py
[2023-10-10T15:25:41.103+0000] {processor.py:829} INFO - Processing file /home/airflow/.local/lib/python3.8/site-packages/airflow/example_dags/example_skip_dag.py for tasks to queue
[2023-10-10T15:25:41.105+0000] {logging_mixin.py:151} INFO - [2023-10-10T15:25:41.104+0000] {dagbag.py:539} INFO - Filling up the DagBag from /home/airflow/.local/lib/python3.8/site-packages/airflow/example_dags/example_skip_dag.py
[2023-10-10T15:25:41.110+0000] {processor.py:839} INFO - DAG(s) dict_keys(['example_skip_dag']) retrieved from /home/airflow/.local/lib/python3.8/site-packages/airflow/example_dags/example_skip_dag.py
[2023-10-10T15:25:41.128+0000] {logging_mixin.py:151} INFO - [2023-10-10T15:25:41.128+0000] {dag.py:2915} INFO - Sync 1 DAGs
[2023-10-10T15:25:41.148+0000] {logging_mixin.py:151} INFO - [2023-10-10T15:25:41.147+0000] {dag.py:3696} INFO - Setting next_dagrun for example_skip_dag to 2023-10-09T15:25:41.147685+00:00, run_after=2023-10-10T15:25:41.147685+00:00
[2023-10-10T15:25:41.162+0000] {processor.py:179} INFO - Processing /home/airflow/.local/lib/python3.8/site-packages/airflow/example_dags/example_skip_dag.py took 0.063 seconds
[2023-10-10T15:26:11.761+0000] {processor.py:157} INFO - Started process (PID=395) to work on /home/airflow/.local/lib/python3.8/site-packages/airflow/example_dags/example_skip_dag.py
[2023-10-10T15:26:11.761+0000] {processor.py:829} INFO - Processing file /home/airflow/.local/lib/python3.8/site-packages/airflow/example_dags/example_skip_dag.py for tasks to queue
[2023-10-10T15:26:11.763+0000] {logging_mixin.py:151} INFO - [2023-10-10T15:26:11.763+0000] {dagbag.py:539} INFO - Filling up the DagBag from /home/airflow/.local/lib/python3.8/site-packages/airflow/example_dags/example_skip_dag.py
[2023-10-10T15:26:11.768+0000] {processor.py:839} INFO - DAG(s) dict_keys(['example_skip_dag']) retrieved from /home/airflow/.local/lib/python3.8/site-packages/airflow/example_dags/example_skip_dag.py
[2023-10-10T15:26:11.789+0000] {logging_mixin.py:151} INFO - [2023-10-10T15:26:11.789+0000] {dag.py:2915} INFO - Sync 1 DAGs
[2023-10-10T15:26:11.811+0000] {logging_mixin.py:151} INFO - [2023-10-10T15:26:11.811+0000] {dag.py:3696} INFO - Setting next_dagrun for example_skip_dag to 2023-10-09T15:26:11.811060+00:00, run_after=2023-10-10T15:26:11.811060+00:00
[2023-10-10T15:26:11.829+0000] {processor.py:179} INFO - Processing /home/airflow/.local/lib/python3.8/site-packages/airflow/example_dags/example_skip_dag.py took 0.071 seconds
[2023-10-10T15:26:42.306+0000] {processor.py:157} INFO - Started process (PID=449) to work on /home/airflow/.local/lib/python3.8/site-packages/airflow/example_dags/example_skip_dag.py
[2023-10-10T15:26:42.307+0000] {processor.py:829} INFO - Processing file /home/airflow/.local/lib/python3.8/site-packages/airflow/example_dags/example_skip_dag.py for tasks to queue
[2023-10-10T15:26:42.309+0000] {logging_mixin.py:151} INFO - [2023-10-10T15:26:42.308+0000] {dagbag.py:539} INFO - Filling up the DagBag from /home/airflow/.local/lib/python3.8/site-packages/airflow/example_dags/example_skip_dag.py
[2023-10-10T15:26:42.315+0000] {processor.py:839} INFO - DAG(s) dict_keys(['example_skip_dag']) retrieved from /home/airflow/.local/lib/python3.8/site-packages/airflow/example_dags/example_skip_dag.py
[2023-10-10T15:26:42.337+0000] {logging_mixin.py:151} INFO - [2023-10-10T15:26:42.337+0000] {dag.py:2915} INFO - Sync 1 DAGs
[2023-10-10T15:26:42.357+0000] {logging_mixin.py:151} INFO - [2023-10-10T15:26:42.356+0000] {dag.py:3696} INFO - Setting next_dagrun for example_skip_dag to 2023-10-09T15:26:42.356659+00:00, run_after=2023-10-10T15:26:42.356659+00:00
[2023-10-10T15:26:42.372+0000] {processor.py:179} INFO - Processing /home/airflow/.local/lib/python3.8/site-packages/airflow/example_dags/example_skip_dag.py took 0.069 seconds
[2023-10-10T15:27:12.952+0000] {processor.py:157} INFO - Started process (PID=503) to work on /home/airflow/.local/lib/python3.8/site-packages/airflow/example_dags/example_skip_dag.py
[2023-10-10T15:27:12.952+0000] {processor.py:829} INFO - Processing file /home/airflow/.local/lib/python3.8/site-packages/airflow/example_dags/example_skip_dag.py for tasks to queue
[2023-10-10T15:27:12.954+0000] {logging_mixin.py:151} INFO - [2023-10-10T15:27:12.954+0000] {dagbag.py:539} INFO - Filling up the DagBag from /home/airflow/.local/lib/python3.8/site-packages/airflow/example_dags/example_skip_dag.py
[2023-10-10T15:27:12.959+0000] {processor.py:839} INFO - DAG(s) dict_keys(['example_skip_dag']) retrieved from /home/airflow/.local/lib/python3.8/site-packages/airflow/example_dags/example_skip_dag.py
[2023-10-10T15:27:12.983+0000] {logging_mixin.py:151} INFO - [2023-10-10T15:27:12.983+0000] {dag.py:2915} INFO - Sync 1 DAGs
[2023-10-10T15:27:13.006+0000] {logging_mixin.py:151} INFO - [2023-10-10T15:27:13.005+0000] {dag.py:3696} INFO - Setting next_dagrun for example_skip_dag to 2023-10-09T15:27:13.005760+00:00, run_after=2023-10-10T15:27:13.005760+00:00
[2023-10-10T15:27:13.020+0000] {processor.py:179} INFO - Processing /home/airflow/.local/lib/python3.8/site-packages/airflow/example_dags/example_skip_dag.py took 0.071 seconds
[2023-10-10T15:27:43.733+0000] {processor.py:157} INFO - Started process (PID=557) to work on /home/airflow/.local/lib/python3.8/site-packages/airflow/example_dags/example_skip_dag.py
[2023-10-10T15:27:43.734+0000] {processor.py:829} INFO - Processing file /home/airflow/.local/lib/python3.8/site-packages/airflow/example_dags/example_skip_dag.py for tasks to queue
[2023-10-10T15:27:43.736+0000] {logging_mixin.py:151} INFO - [2023-10-10T15:27:43.736+0000] {dagbag.py:539} INFO - Filling up the DagBag from /home/airflow/.local/lib/python3.8/site-packages/airflow/example_dags/example_skip_dag.py
[2023-10-10T15:27:43.743+0000] {processor.py:839} INFO - DAG(s) dict_keys(['example_skip_dag']) retrieved from /home/airflow/.local/lib/python3.8/site-packages/airflow/example_dags/example_skip_dag.py
[2023-10-10T15:27:43.764+0000] {logging_mixin.py:151} INFO - [2023-10-10T15:27:43.763+0000] {dag.py:2915} INFO - Sync 1 DAGs
[2023-10-10T15:27:43.800+0000] {logging_mixin.py:151} INFO - [2023-10-10T15:27:43.799+0000] {dag.py:3696} INFO - Setting next_dagrun for example_skip_dag to 2023-10-09T15:27:43.799498+00:00, run_after=2023-10-10T15:27:43.799498+00:00
[2023-10-10T15:27:43.820+0000] {processor.py:179} INFO - Processing /home/airflow/.local/lib/python3.8/site-packages/airflow/example_dags/example_skip_dag.py took 0.091 seconds
[2023-10-10T15:28:14.530+0000] {processor.py:157} INFO - Started process (PID=611) to work on /home/airflow/.local/lib/python3.8/site-packages/airflow/example_dags/example_skip_dag.py
[2023-10-10T15:28:14.530+0000] {processor.py:829} INFO - Processing file /home/airflow/.local/lib/python3.8/site-packages/airflow/example_dags/example_skip_dag.py for tasks to queue
[2023-10-10T15:28:14.532+0000] {logging_mixin.py:151} INFO - [2023-10-10T15:28:14.532+0000] {dagbag.py:539} INFO - Filling up the DagBag from /home/airflow/.local/lib/python3.8/site-packages/airflow/example_dags/example_skip_dag.py
[2023-10-10T15:28:14.537+0000] {processor.py:839} INFO - DAG(s) dict_keys(['example_skip_dag']) retrieved from /home/airflow/.local/lib/python3.8/site-packages/airflow/example_dags/example_skip_dag.py
[2023-10-10T15:28:14.555+0000] {logging_mixin.py:151} INFO - [2023-10-10T15:28:14.555+0000] {dag.py:2915} INFO - Sync 1 DAGs
[2023-10-10T15:28:14.576+0000] {logging_mixin.py:151} INFO - [2023-10-10T15:28:14.575+0000] {dag.py:3696} INFO - Setting next_dagrun for example_skip_dag to 2023-10-09T15:28:14.575719+00:00, run_after=2023-10-10T15:28:14.575719+00:00
[2023-10-10T15:28:14.598+0000] {processor.py:179} INFO - Processing /home/airflow/.local/lib/python3.8/site-packages/airflow/example_dags/example_skip_dag.py took 0.071 seconds
[2023-10-10T15:28:45.276+0000] {processor.py:157} INFO - Started process (PID=665) to work on /home/airflow/.local/lib/python3.8/site-packages/airflow/example_dags/example_skip_dag.py
[2023-10-10T15:28:45.277+0000] {processor.py:829} INFO - Processing file /home/airflow/.local/lib/python3.8/site-packages/airflow/example_dags/example_skip_dag.py for tasks to queue
[2023-10-10T15:28:45.278+0000] {logging_mixin.py:151} INFO - [2023-10-10T15:28:45.278+0000] {dagbag.py:539} INFO - Filling up the DagBag from /home/airflow/.local/lib/python3.8/site-packages/airflow/example_dags/example_skip_dag.py
[2023-10-10T15:28:45.284+0000] {processor.py:839} INFO - DAG(s) dict_keys(['example_skip_dag']) retrieved from /home/airflow/.local/lib/python3.8/site-packages/airflow/example_dags/example_skip_dag.py
[2023-10-10T15:28:45.308+0000] {logging_mixin.py:151} INFO - [2023-10-10T15:28:45.308+0000] {dag.py:2915} INFO - Sync 1 DAGs
[2023-10-10T15:28:45.329+0000] {logging_mixin.py:151} INFO - [2023-10-10T15:28:45.329+0000] {dag.py:3696} INFO - Setting next_dagrun for example_skip_dag to 2023-10-09T15:28:45.328915+00:00, run_after=2023-10-10T15:28:45.328915+00:00
[2023-10-10T15:28:45.348+0000] {processor.py:179} INFO - Processing /home/airflow/.local/lib/python3.8/site-packages/airflow/example_dags/example_skip_dag.py took 0.075 seconds
[2023-10-10T15:29:17.206+0000] {processor.py:157} INFO - Started process (PID=719) to work on /home/airflow/.local/lib/python3.8/site-packages/airflow/example_dags/example_skip_dag.py
[2023-10-10T15:29:17.207+0000] {processor.py:829} INFO - Processing file /home/airflow/.local/lib/python3.8/site-packages/airflow/example_dags/example_skip_dag.py for tasks to queue
[2023-10-10T15:29:17.208+0000] {logging_mixin.py:151} INFO - [2023-10-10T15:29:17.208+0000] {dagbag.py:539} INFO - Filling up the DagBag from /home/airflow/.local/lib/python3.8/site-packages/airflow/example_dags/example_skip_dag.py
[2023-10-10T15:29:17.214+0000] {processor.py:839} INFO - DAG(s) dict_keys(['example_skip_dag']) retrieved from /home/airflow/.local/lib/python3.8/site-packages/airflow/example_dags/example_skip_dag.py
[2023-10-10T15:29:17.233+0000] {logging_mixin.py:151} INFO - [2023-10-10T15:29:17.233+0000] {dag.py:2915} INFO - Sync 1 DAGs
[2023-10-10T15:29:17.293+0000] {logging_mixin.py:151} INFO - [2023-10-10T15:29:17.293+0000] {dag.py:3696} INFO - Setting next_dagrun for example_skip_dag to 2023-10-09T15:29:17.292971+00:00, run_after=2023-10-10T15:29:17.292971+00:00
[2023-10-10T15:29:17.311+0000] {processor.py:179} INFO - Processing /home/airflow/.local/lib/python3.8/site-packages/airflow/example_dags/example_skip_dag.py took 0.108 seconds
[2023-10-10T15:29:48.209+0000] {processor.py:157} INFO - Started process (PID=773) to work on /home/airflow/.local/lib/python3.8/site-packages/airflow/example_dags/example_skip_dag.py
[2023-10-10T15:29:48.210+0000] {processor.py:829} INFO - Processing file /home/airflow/.local/lib/python3.8/site-packages/airflow/example_dags/example_skip_dag.py for tasks to queue
[2023-10-10T15:29:48.212+0000] {logging_mixin.py:151} INFO - [2023-10-10T15:29:48.212+0000] {dagbag.py:539} INFO - Filling up the DagBag from /home/airflow/.local/lib/python3.8/site-packages/airflow/example_dags/example_skip_dag.py
[2023-10-10T15:29:48.218+0000] {processor.py:839} INFO - DAG(s) dict_keys(['example_skip_dag']) retrieved from /home/airflow/.local/lib/python3.8/site-packages/airflow/example_dags/example_skip_dag.py
[2023-10-10T15:29:48.238+0000] {logging_mixin.py:151} INFO - [2023-10-10T15:29:48.238+0000] {dag.py:2915} INFO - Sync 1 DAGs
[2023-10-10T15:29:48.279+0000] {logging_mixin.py:151} INFO - [2023-10-10T15:29:48.278+0000] {dag.py:3696} INFO - Setting next_dagrun for example_skip_dag to 2023-10-09T15:29:48.278699+00:00, run_after=2023-10-10T15:29:48.278699+00:00
[2023-10-10T15:29:48.306+0000] {processor.py:179} INFO - Processing /home/airflow/.local/lib/python3.8/site-packages/airflow/example_dags/example_skip_dag.py took 0.099 seconds
[2023-10-10T15:30:18.539+0000] {processor.py:157} INFO - Started process (PID=827) to work on /home/airflow/.local/lib/python3.8/site-packages/airflow/example_dags/example_skip_dag.py
[2023-10-10T15:30:18.540+0000] {processor.py:829} INFO - Processing file /home/airflow/.local/lib/python3.8/site-packages/airflow/example_dags/example_skip_dag.py for tasks to queue
[2023-10-10T15:30:18.541+0000] {logging_mixin.py:151} INFO - [2023-10-10T15:30:18.541+0000] {dagbag.py:539} INFO - Filling up the DagBag from /home/airflow/.local/lib/python3.8/site-packages/airflow/example_dags/example_skip_dag.py
[2023-10-10T15:30:18.546+0000] {processor.py:839} INFO - DAG(s) dict_keys(['example_skip_dag']) retrieved from /home/airflow/.local/lib/python3.8/site-packages/airflow/example_dags/example_skip_dag.py
[2023-10-10T15:30:18.564+0000] {logging_mixin.py:151} INFO - [2023-10-10T15:30:18.564+0000] {dag.py:2915} INFO - Sync 1 DAGs
[2023-10-10T15:30:18.586+0000] {logging_mixin.py:151} INFO - [2023-10-10T15:30:18.586+0000] {dag.py:3696} INFO - Setting next_dagrun for example_skip_dag to 2023-10-09T15:30:18.586247+00:00, run_after=2023-10-10T15:30:18.586247+00:00
[2023-10-10T15:30:18.609+0000] {processor.py:179} INFO - Processing /home/airflow/.local/lib/python3.8/site-packages/airflow/example_dags/example_skip_dag.py took 0.073 seconds
[2023-10-10T15:30:48.704+0000] {processor.py:157} INFO - Started process (PID=881) to work on /home/airflow/.local/lib/python3.8/site-packages/airflow/example_dags/example_skip_dag.py
[2023-10-10T15:30:48.704+0000] {processor.py:829} INFO - Processing file /home/airflow/.local/lib/python3.8/site-packages/airflow/example_dags/example_skip_dag.py for tasks to queue
[2023-10-10T15:30:48.706+0000] {logging_mixin.py:151} INFO - [2023-10-10T15:30:48.706+0000] {dagbag.py:539} INFO - Filling up the DagBag from /home/airflow/.local/lib/python3.8/site-packages/airflow/example_dags/example_skip_dag.py
[2023-10-10T15:30:48.712+0000] {processor.py:839} INFO - DAG(s) dict_keys(['example_skip_dag']) retrieved from /home/airflow/.local/lib/python3.8/site-packages/airflow/example_dags/example_skip_dag.py
[2023-10-10T15:30:48.733+0000] {logging_mixin.py:151} INFO - [2023-10-10T15:30:48.732+0000] {dag.py:2915} INFO - Sync 1 DAGs
[2023-10-10T15:30:48.755+0000] {logging_mixin.py:151} INFO - [2023-10-10T15:30:48.755+0000] {dag.py:3696} INFO - Setting next_dagrun for example_skip_dag to 2023-10-09T15:30:48.754814+00:00, run_after=2023-10-10T15:30:48.754814+00:00
[2023-10-10T15:30:48.770+0000] {processor.py:179} INFO - Processing /home/airflow/.local/lib/python3.8/site-packages/airflow/example_dags/example_skip_dag.py took 0.069 seconds
[2023-10-10T15:31:19.974+0000] {processor.py:157} INFO - Started process (PID=935) to work on /home/airflow/.local/lib/python3.8/site-packages/airflow/example_dags/example_skip_dag.py
[2023-10-10T15:31:19.974+0000] {processor.py:829} INFO - Processing file /home/airflow/.local/lib/python3.8/site-packages/airflow/example_dags/example_skip_dag.py for tasks to queue
[2023-10-10T15:31:19.976+0000] {logging_mixin.py:151} INFO - [2023-10-10T15:31:19.976+0000] {dagbag.py:539} INFO - Filling up the DagBag from /home/airflow/.local/lib/python3.8/site-packages/airflow/example_dags/example_skip_dag.py
[2023-10-10T15:31:19.983+0000] {processor.py:839} INFO - DAG(s) dict_keys(['example_skip_dag']) retrieved from /home/airflow/.local/lib/python3.8/site-packages/airflow/example_dags/example_skip_dag.py
[2023-10-10T15:31:20.008+0000] {logging_mixin.py:151} INFO - [2023-10-10T15:31:20.008+0000] {dag.py:2915} INFO - Sync 1 DAGs
[2023-10-10T15:31:20.032+0000] {logging_mixin.py:151} INFO - [2023-10-10T15:31:20.032+0000] {dag.py:3696} INFO - Setting next_dagrun for example_skip_dag to 2023-10-09T15:31:20.031996+00:00, run_after=2023-10-10T15:31:20.031996+00:00
[2023-10-10T15:31:20.050+0000] {processor.py:179} INFO - Processing /home/airflow/.local/lib/python3.8/site-packages/airflow/example_dags/example_skip_dag.py took 0.078 seconds
[2023-10-10T15:31:51.102+0000] {processor.py:157} INFO - Started process (PID=989) to work on /home/airflow/.local/lib/python3.8/site-packages/airflow/example_dags/example_skip_dag.py
[2023-10-10T15:31:51.103+0000] {processor.py:829} INFO - Processing file /home/airflow/.local/lib/python3.8/site-packages/airflow/example_dags/example_skip_dag.py for tasks to queue
[2023-10-10T15:31:51.105+0000] {logging_mixin.py:151} INFO - [2023-10-10T15:31:51.105+0000] {dagbag.py:539} INFO - Filling up the DagBag from /home/airflow/.local/lib/python3.8/site-packages/airflow/example_dags/example_skip_dag.py
[2023-10-10T15:31:51.111+0000] {processor.py:839} INFO - DAG(s) dict_keys(['example_skip_dag']) retrieved from /home/airflow/.local/lib/python3.8/site-packages/airflow/example_dags/example_skip_dag.py
[2023-10-10T15:31:51.130+0000] {logging_mixin.py:151} INFO - [2023-10-10T15:31:51.130+0000] {dag.py:2915} INFO - Sync 1 DAGs
[2023-10-10T15:31:51.153+0000] {logging_mixin.py:151} INFO - [2023-10-10T15:31:51.153+0000] {dag.py:3696} INFO - Setting next_dagrun for example_skip_dag to 2023-10-09T15:31:51.152855+00:00, run_after=2023-10-10T15:31:51.152855+00:00
[2023-10-10T15:31:51.171+0000] {processor.py:179} INFO - Processing /home/airflow/.local/lib/python3.8/site-packages/airflow/example_dags/example_skip_dag.py took 0.073 seconds
[2023-10-10T15:32:21.994+0000] {processor.py:157} INFO - Started process (PID=1043) to work on /home/airflow/.local/lib/python3.8/site-packages/airflow/example_dags/example_skip_dag.py
[2023-10-10T15:32:21.995+0000] {processor.py:829} INFO - Processing file /home/airflow/.local/lib/python3.8/site-packages/airflow/example_dags/example_skip_dag.py for tasks to queue
[2023-10-10T15:32:21.996+0000] {logging_mixin.py:151} INFO - [2023-10-10T15:32:21.996+0000] {dagbag.py:539} INFO - Filling up the DagBag from /home/airflow/.local/lib/python3.8/site-packages/airflow/example_dags/example_skip_dag.py
[2023-10-10T15:32:22.002+0000] {processor.py:839} INFO - DAG(s) dict_keys(['example_skip_dag']) retrieved from /home/airflow/.local/lib/python3.8/site-packages/airflow/example_dags/example_skip_dag.py
[2023-10-10T15:32:22.021+0000] {logging_mixin.py:151} INFO - [2023-10-10T15:32:22.021+0000] {dag.py:2915} INFO - Sync 1 DAGs
[2023-10-10T15:32:22.039+0000] {logging_mixin.py:151} INFO - [2023-10-10T15:32:22.039+0000] {dag.py:3696} INFO - Setting next_dagrun for example_skip_dag to 2023-10-09T15:32:22.038891+00:00, run_after=2023-10-10T15:32:22.038891+00:00
[2023-10-10T15:32:22.054+0000] {processor.py:179} INFO - Processing /home/airflow/.local/lib/python3.8/site-packages/airflow/example_dags/example_skip_dag.py took 0.063 seconds
[2023-10-10T15:32:52.788+0000] {processor.py:157} INFO - Started process (PID=1097) to work on /home/airflow/.local/lib/python3.8/site-packages/airflow/example_dags/example_skip_dag.py
[2023-10-10T15:32:52.789+0000] {processor.py:829} INFO - Processing file /home/airflow/.local/lib/python3.8/site-packages/airflow/example_dags/example_skip_dag.py for tasks to queue
[2023-10-10T15:32:52.791+0000] {logging_mixin.py:151} INFO - [2023-10-10T15:32:52.791+0000] {dagbag.py:539} INFO - Filling up the DagBag from /home/airflow/.local/lib/python3.8/site-packages/airflow/example_dags/example_skip_dag.py
[2023-10-10T15:32:52.797+0000] {processor.py:839} INFO - DAG(s) dict_keys(['example_skip_dag']) retrieved from /home/airflow/.local/lib/python3.8/site-packages/airflow/example_dags/example_skip_dag.py
[2023-10-10T15:32:52.820+0000] {logging_mixin.py:151} INFO - [2023-10-10T15:32:52.819+0000] {dag.py:2915} INFO - Sync 1 DAGs
[2023-10-10T15:32:52.842+0000] {logging_mixin.py:151} INFO - [2023-10-10T15:32:52.842+0000] {dag.py:3696} INFO - Setting next_dagrun for example_skip_dag to 2023-10-09T15:32:52.841724+00:00, run_after=2023-10-10T15:32:52.841724+00:00
[2023-10-10T15:32:52.864+0000] {processor.py:179} INFO - Processing /home/airflow/.local/lib/python3.8/site-packages/airflow/example_dags/example_skip_dag.py took 0.079 seconds
[2023-10-10T15:33:23.387+0000] {processor.py:157} INFO - Started process (PID=1151) to work on /home/airflow/.local/lib/python3.8/site-packages/airflow/example_dags/example_skip_dag.py
[2023-10-10T15:33:23.387+0000] {processor.py:829} INFO - Processing file /home/airflow/.local/lib/python3.8/site-packages/airflow/example_dags/example_skip_dag.py for tasks to queue
[2023-10-10T15:33:23.389+0000] {logging_mixin.py:151} INFO - [2023-10-10T15:33:23.389+0000] {dagbag.py:539} INFO - Filling up the DagBag from /home/airflow/.local/lib/python3.8/site-packages/airflow/example_dags/example_skip_dag.py
[2023-10-10T15:33:23.394+0000] {processor.py:839} INFO - DAG(s) dict_keys(['example_skip_dag']) retrieved from /home/airflow/.local/lib/python3.8/site-packages/airflow/example_dags/example_skip_dag.py
[2023-10-10T15:33:23.415+0000] {logging_mixin.py:151} INFO - [2023-10-10T15:33:23.415+0000] {dag.py:2915} INFO - Sync 1 DAGs
[2023-10-10T15:33:23.436+0000] {logging_mixin.py:151} INFO - [2023-10-10T15:33:23.436+0000] {dag.py:3696} INFO - Setting next_dagrun for example_skip_dag to 2023-10-09T15:33:23.436057+00:00, run_after=2023-10-10T15:33:23.436057+00:00
[2023-10-10T15:33:23.452+0000] {processor.py:179} INFO - Processing /home/airflow/.local/lib/python3.8/site-packages/airflow/example_dags/example_skip_dag.py took 0.068 seconds
[2023-10-10T15:33:53.708+0000] {processor.py:157} INFO - Started process (PID=1205) to work on /home/airflow/.local/lib/python3.8/site-packages/airflow/example_dags/example_skip_dag.py
[2023-10-10T15:33:53.710+0000] {processor.py:829} INFO - Processing file /home/airflow/.local/lib/python3.8/site-packages/airflow/example_dags/example_skip_dag.py for tasks to queue
[2023-10-10T15:33:53.712+0000] {logging_mixin.py:151} INFO - [2023-10-10T15:33:53.711+0000] {dagbag.py:539} INFO - Filling up the DagBag from /home/airflow/.local/lib/python3.8/site-packages/airflow/example_dags/example_skip_dag.py
[2023-10-10T15:33:53.718+0000] {processor.py:839} INFO - DAG(s) dict_keys(['example_skip_dag']) retrieved from /home/airflow/.local/lib/python3.8/site-packages/airflow/example_dags/example_skip_dag.py
[2023-10-10T15:33:53.747+0000] {logging_mixin.py:151} INFO - [2023-10-10T15:33:53.747+0000] {dag.py:2915} INFO - Sync 1 DAGs
[2023-10-10T15:33:53.767+0000] {logging_mixin.py:151} INFO - [2023-10-10T15:33:53.767+0000] {dag.py:3696} INFO - Setting next_dagrun for example_skip_dag to 2023-10-09T15:33:53.767503+00:00, run_after=2023-10-10T15:33:53.767503+00:00
[2023-10-10T15:33:53.787+0000] {processor.py:179} INFO - Processing /home/airflow/.local/lib/python3.8/site-packages/airflow/example_dags/example_skip_dag.py took 0.082 seconds
[2023-10-10T15:34:24.578+0000] {processor.py:157} INFO - Started process (PID=1266) to work on /home/airflow/.local/lib/python3.8/site-packages/airflow/example_dags/example_skip_dag.py
[2023-10-10T15:34:24.579+0000] {processor.py:829} INFO - Processing file /home/airflow/.local/lib/python3.8/site-packages/airflow/example_dags/example_skip_dag.py for tasks to queue
[2023-10-10T15:34:24.580+0000] {logging_mixin.py:151} INFO - [2023-10-10T15:34:24.580+0000] {dagbag.py:539} INFO - Filling up the DagBag from /home/airflow/.local/lib/python3.8/site-packages/airflow/example_dags/example_skip_dag.py
[2023-10-10T15:34:24.586+0000] {processor.py:839} INFO - DAG(s) dict_keys(['example_skip_dag']) retrieved from /home/airflow/.local/lib/python3.8/site-packages/airflow/example_dags/example_skip_dag.py
[2023-10-10T15:34:24.607+0000] {logging_mixin.py:151} INFO - [2023-10-10T15:34:24.607+0000] {dag.py:2915} INFO - Sync 1 DAGs
[2023-10-10T15:34:24.628+0000] {logging_mixin.py:151} INFO - [2023-10-10T15:34:24.628+0000] {dag.py:3696} INFO - Setting next_dagrun for example_skip_dag to 2023-10-09T15:34:24.628540+00:00, run_after=2023-10-10T15:34:24.628540+00:00
[2023-10-10T15:34:24.644+0000] {processor.py:179} INFO - Processing /home/airflow/.local/lib/python3.8/site-packages/airflow/example_dags/example_skip_dag.py took 0.069 seconds
[2023-10-10T15:34:55.371+0000] {processor.py:157} INFO - Started process (PID=1319) to work on /home/airflow/.local/lib/python3.8/site-packages/airflow/example_dags/example_skip_dag.py
[2023-10-10T15:34:55.372+0000] {processor.py:829} INFO - Processing file /home/airflow/.local/lib/python3.8/site-packages/airflow/example_dags/example_skip_dag.py for tasks to queue
[2023-10-10T15:34:55.373+0000] {logging_mixin.py:151} INFO - [2023-10-10T15:34:55.373+0000] {dagbag.py:539} INFO - Filling up the DagBag from /home/airflow/.local/lib/python3.8/site-packages/airflow/example_dags/example_skip_dag.py
[2023-10-10T15:34:55.381+0000] {processor.py:839} INFO - DAG(s) dict_keys(['example_skip_dag']) retrieved from /home/airflow/.local/lib/python3.8/site-packages/airflow/example_dags/example_skip_dag.py
[2023-10-10T15:34:55.413+0000] {logging_mixin.py:151} INFO - [2023-10-10T15:34:55.413+0000] {dag.py:2915} INFO - Sync 1 DAGs
[2023-10-10T15:34:55.434+0000] {logging_mixin.py:151} INFO - [2023-10-10T15:34:55.434+0000] {dag.py:3696} INFO - Setting next_dagrun for example_skip_dag to 2023-10-09T15:34:55.433870+00:00, run_after=2023-10-10T15:34:55.433870+00:00
[2023-10-10T15:34:55.449+0000] {processor.py:179} INFO - Processing /home/airflow/.local/lib/python3.8/site-packages/airflow/example_dags/example_skip_dag.py took 0.081 seconds
[2023-10-10T15:35:26.687+0000] {processor.py:157} INFO - Started process (PID=1373) to work on /home/airflow/.local/lib/python3.8/site-packages/airflow/example_dags/example_skip_dag.py
[2023-10-10T15:35:26.688+0000] {processor.py:829} INFO - Processing file /home/airflow/.local/lib/python3.8/site-packages/airflow/example_dags/example_skip_dag.py for tasks to queue
[2023-10-10T15:35:26.690+0000] {logging_mixin.py:151} INFO - [2023-10-10T15:35:26.690+0000] {dagbag.py:539} INFO - Filling up the DagBag from /home/airflow/.local/lib/python3.8/site-packages/airflow/example_dags/example_skip_dag.py
[2023-10-10T15:35:26.696+0000] {processor.py:839} INFO - DAG(s) dict_keys(['example_skip_dag']) retrieved from /home/airflow/.local/lib/python3.8/site-packages/airflow/example_dags/example_skip_dag.py
[2023-10-10T15:35:26.718+0000] {logging_mixin.py:151} INFO - [2023-10-10T15:35:26.718+0000] {dag.py:2915} INFO - Sync 1 DAGs
[2023-10-10T15:35:26.739+0000] {logging_mixin.py:151} INFO - [2023-10-10T15:35:26.739+0000] {dag.py:3696} INFO - Setting next_dagrun for example_skip_dag to 2023-10-09T15:35:26.738827+00:00, run_after=2023-10-10T15:35:26.738827+00:00
[2023-10-10T15:35:26.758+0000] {processor.py:179} INFO - Processing /home/airflow/.local/lib/python3.8/site-packages/airflow/example_dags/example_skip_dag.py took 0.074 seconds
[2023-10-10T15:35:57.919+0000] {processor.py:157} INFO - Started process (PID=1427) to work on /home/airflow/.local/lib/python3.8/site-packages/airflow/example_dags/example_skip_dag.py
[2023-10-10T15:35:57.920+0000] {processor.py:829} INFO - Processing file /home/airflow/.local/lib/python3.8/site-packages/airflow/example_dags/example_skip_dag.py for tasks to queue
[2023-10-10T15:35:57.922+0000] {logging_mixin.py:151} INFO - [2023-10-10T15:35:57.922+0000] {dagbag.py:539} INFO - Filling up the DagBag from /home/airflow/.local/lib/python3.8/site-packages/airflow/example_dags/example_skip_dag.py
[2023-10-10T15:35:57.928+0000] {processor.py:839} INFO - DAG(s) dict_keys(['example_skip_dag']) retrieved from /home/airflow/.local/lib/python3.8/site-packages/airflow/example_dags/example_skip_dag.py
[2023-10-10T15:35:57.948+0000] {logging_mixin.py:151} INFO - [2023-10-10T15:35:57.948+0000] {dag.py:2915} INFO - Sync 1 DAGs
[2023-10-10T15:35:57.978+0000] {logging_mixin.py:151} INFO - [2023-10-10T15:35:57.978+0000] {dag.py:3696} INFO - Setting next_dagrun for example_skip_dag to 2023-10-09T15:35:57.977919+00:00, run_after=2023-10-10T15:35:57.977919+00:00
[2023-10-10T15:35:58.008+0000] {processor.py:179} INFO - Processing /home/airflow/.local/lib/python3.8/site-packages/airflow/example_dags/example_skip_dag.py took 0.092 seconds
[2023-10-10T15:36:28.558+0000] {processor.py:157} INFO - Started process (PID=1481) to work on /home/airflow/.local/lib/python3.8/site-packages/airflow/example_dags/example_skip_dag.py
[2023-10-10T15:36:28.559+0000] {processor.py:829} INFO - Processing file /home/airflow/.local/lib/python3.8/site-packages/airflow/example_dags/example_skip_dag.py for tasks to queue
[2023-10-10T15:36:28.561+0000] {logging_mixin.py:151} INFO - [2023-10-10T15:36:28.560+0000] {dagbag.py:539} INFO - Filling up the DagBag from /home/airflow/.local/lib/python3.8/site-packages/airflow/example_dags/example_skip_dag.py
[2023-10-10T15:36:28.567+0000] {processor.py:839} INFO - DAG(s) dict_keys(['example_skip_dag']) retrieved from /home/airflow/.local/lib/python3.8/site-packages/airflow/example_dags/example_skip_dag.py
[2023-10-10T15:36:28.597+0000] {logging_mixin.py:151} INFO - [2023-10-10T15:36:28.596+0000] {dag.py:2915} INFO - Sync 1 DAGs
[2023-10-10T15:36:28.625+0000] {logging_mixin.py:151} INFO - [2023-10-10T15:36:28.625+0000] {dag.py:3696} INFO - Setting next_dagrun for example_skip_dag to 2023-10-09T15:36:28.624827+00:00, run_after=2023-10-10T15:36:28.624827+00:00
[2023-10-10T15:36:28.646+0000] {processor.py:179} INFO - Processing /home/airflow/.local/lib/python3.8/site-packages/airflow/example_dags/example_skip_dag.py took 0.091 seconds
[2023-10-10T15:36:59.707+0000] {processor.py:157} INFO - Started process (PID=1535) to work on /home/airflow/.local/lib/python3.8/site-packages/airflow/example_dags/example_skip_dag.py
[2023-10-10T15:36:59.708+0000] {processor.py:829} INFO - Processing file /home/airflow/.local/lib/python3.8/site-packages/airflow/example_dags/example_skip_dag.py for tasks to queue
[2023-10-10T15:36:59.710+0000] {logging_mixin.py:151} INFO - [2023-10-10T15:36:59.710+0000] {dagbag.py:539} INFO - Filling up the DagBag from /home/airflow/.local/lib/python3.8/site-packages/airflow/example_dags/example_skip_dag.py
[2023-10-10T15:36:59.717+0000] {processor.py:839} INFO - DAG(s) dict_keys(['example_skip_dag']) retrieved from /home/airflow/.local/lib/python3.8/site-packages/airflow/example_dags/example_skip_dag.py
[2023-10-10T15:36:59.737+0000] {logging_mixin.py:151} INFO - [2023-10-10T15:36:59.737+0000] {dag.py:2915} INFO - Sync 1 DAGs
[2023-10-10T15:36:59.758+0000] {logging_mixin.py:151} INFO - [2023-10-10T15:36:59.758+0000] {dag.py:3696} INFO - Setting next_dagrun for example_skip_dag to 2023-10-09T15:36:59.758264+00:00, run_after=2023-10-10T15:36:59.758264+00:00
[2023-10-10T15:36:59.785+0000] {processor.py:179} INFO - Processing /home/airflow/.local/lib/python3.8/site-packages/airflow/example_dags/example_skip_dag.py took 0.080 seconds
[2023-10-10T15:37:30.941+0000] {processor.py:157} INFO - Started process (PID=1589) to work on /home/airflow/.local/lib/python3.8/site-packages/airflow/example_dags/example_skip_dag.py
[2023-10-10T15:37:30.942+0000] {processor.py:829} INFO - Processing file /home/airflow/.local/lib/python3.8/site-packages/airflow/example_dags/example_skip_dag.py for tasks to queue
[2023-10-10T15:37:30.944+0000] {logging_mixin.py:151} INFO - [2023-10-10T15:37:30.943+0000] {dagbag.py:539} INFO - Filling up the DagBag from /home/airflow/.local/lib/python3.8/site-packages/airflow/example_dags/example_skip_dag.py
[2023-10-10T15:37:30.949+0000] {processor.py:839} INFO - DAG(s) dict_keys(['example_skip_dag']) retrieved from /home/airflow/.local/lib/python3.8/site-packages/airflow/example_dags/example_skip_dag.py
[2023-10-10T15:37:30.970+0000] {logging_mixin.py:151} INFO - [2023-10-10T15:37:30.970+0000] {dag.py:2915} INFO - Sync 1 DAGs
[2023-10-10T15:37:30.992+0000] {logging_mixin.py:151} INFO - [2023-10-10T15:37:30.992+0000] {dag.py:3696} INFO - Setting next_dagrun for example_skip_dag to 2023-10-09T15:37:30.992509+00:00, run_after=2023-10-10T15:37:30.992509+00:00
[2023-10-10T15:37:31.010+0000] {processor.py:179} INFO - Processing /home/airflow/.local/lib/python3.8/site-packages/airflow/example_dags/example_skip_dag.py took 0.072 seconds
[2023-10-10T15:38:02.470+0000] {processor.py:157} INFO - Started process (PID=1643) to work on /home/airflow/.local/lib/python3.8/site-packages/airflow/example_dags/example_skip_dag.py
[2023-10-10T15:38:02.471+0000] {processor.py:829} INFO - Processing file /home/airflow/.local/lib/python3.8/site-packages/airflow/example_dags/example_skip_dag.py for tasks to queue
[2023-10-10T15:38:02.472+0000] {logging_mixin.py:151} INFO - [2023-10-10T15:38:02.472+0000] {dagbag.py:539} INFO - Filling up the DagBag from /home/airflow/.local/lib/python3.8/site-packages/airflow/example_dags/example_skip_dag.py
[2023-10-10T15:38:02.478+0000] {processor.py:839} INFO - DAG(s) dict_keys(['example_skip_dag']) retrieved from /home/airflow/.local/lib/python3.8/site-packages/airflow/example_dags/example_skip_dag.py
[2023-10-10T15:38:02.502+0000] {logging_mixin.py:151} INFO - [2023-10-10T15:38:02.502+0000] {dag.py:2915} INFO - Sync 1 DAGs
[2023-10-10T15:38:02.532+0000] {logging_mixin.py:151} INFO - [2023-10-10T15:38:02.531+0000] {dag.py:3696} INFO - Setting next_dagrun for example_skip_dag to 2023-10-09T15:38:02.531542+00:00, run_after=2023-10-10T15:38:02.531542+00:00
[2023-10-10T15:38:02.549+0000] {processor.py:179} INFO - Processing /home/airflow/.local/lib/python3.8/site-packages/airflow/example_dags/example_skip_dag.py took 0.081 seconds
[2023-10-10T15:38:32.918+0000] {processor.py:157} INFO - Started process (PID=1697) to work on /home/airflow/.local/lib/python3.8/site-packages/airflow/example_dags/example_skip_dag.py
[2023-10-10T15:38:32.919+0000] {processor.py:829} INFO - Processing file /home/airflow/.local/lib/python3.8/site-packages/airflow/example_dags/example_skip_dag.py for tasks to queue
[2023-10-10T15:38:32.921+0000] {logging_mixin.py:151} INFO - [2023-10-10T15:38:32.921+0000] {dagbag.py:539} INFO - Filling up the DagBag from /home/airflow/.local/lib/python3.8/site-packages/airflow/example_dags/example_skip_dag.py
[2023-10-10T15:38:32.927+0000] {processor.py:839} INFO - DAG(s) dict_keys(['example_skip_dag']) retrieved from /home/airflow/.local/lib/python3.8/site-packages/airflow/example_dags/example_skip_dag.py
[2023-10-10T15:38:32.952+0000] {logging_mixin.py:151} INFO - [2023-10-10T15:38:32.952+0000] {dag.py:2915} INFO - Sync 1 DAGs
[2023-10-10T15:38:32.975+0000] {logging_mixin.py:151} INFO - [2023-10-10T15:38:32.975+0000] {dag.py:3696} INFO - Setting next_dagrun for example_skip_dag to 2023-10-09T15:38:32.974796+00:00, run_after=2023-10-10T15:38:32.974796+00:00
[2023-10-10T15:38:32.994+0000] {processor.py:179} INFO - Processing /home/airflow/.local/lib/python3.8/site-packages/airflow/example_dags/example_skip_dag.py took 0.079 seconds
[2023-10-10T15:39:04.054+0000] {processor.py:157} INFO - Started process (PID=1751) to work on /home/airflow/.local/lib/python3.8/site-packages/airflow/example_dags/example_skip_dag.py
[2023-10-10T15:39:04.075+0000] {processor.py:829} INFO - Processing file /home/airflow/.local/lib/python3.8/site-packages/airflow/example_dags/example_skip_dag.py for tasks to queue
[2023-10-10T15:39:04.078+0000] {logging_mixin.py:151} INFO - [2023-10-10T15:39:04.077+0000] {dagbag.py:539} INFO - Filling up the DagBag from /home/airflow/.local/lib/python3.8/site-packages/airflow/example_dags/example_skip_dag.py
[2023-10-10T15:39:04.085+0000] {processor.py:839} INFO - DAG(s) dict_keys(['example_skip_dag']) retrieved from /home/airflow/.local/lib/python3.8/site-packages/airflow/example_dags/example_skip_dag.py
[2023-10-10T15:39:04.111+0000] {logging_mixin.py:151} INFO - [2023-10-10T15:39:04.110+0000] {dag.py:2915} INFO - Sync 1 DAGs
[2023-10-10T15:39:04.134+0000] {logging_mixin.py:151} INFO - [2023-10-10T15:39:04.134+0000] {dag.py:3696} INFO - Setting next_dagrun for example_skip_dag to 2023-10-09T15:39:04.133907+00:00, run_after=2023-10-10T15:39:04.133907+00:00
[2023-10-10T15:39:04.153+0000] {processor.py:179} INFO - Processing /home/airflow/.local/lib/python3.8/site-packages/airflow/example_dags/example_skip_dag.py took 0.102 seconds
[2023-10-10T15:39:34.561+0000] {processor.py:157} INFO - Started process (PID=1805) to work on /home/airflow/.local/lib/python3.8/site-packages/airflow/example_dags/example_skip_dag.py
[2023-10-10T15:39:34.562+0000] {processor.py:829} INFO - Processing file /home/airflow/.local/lib/python3.8/site-packages/airflow/example_dags/example_skip_dag.py for tasks to queue
[2023-10-10T15:39:34.564+0000] {logging_mixin.py:151} INFO - [2023-10-10T15:39:34.563+0000] {dagbag.py:539} INFO - Filling up the DagBag from /home/airflow/.local/lib/python3.8/site-packages/airflow/example_dags/example_skip_dag.py
[2023-10-10T15:39:34.578+0000] {processor.py:839} INFO - DAG(s) dict_keys(['example_skip_dag']) retrieved from /home/airflow/.local/lib/python3.8/site-packages/airflow/example_dags/example_skip_dag.py
[2023-10-10T15:39:34.603+0000] {logging_mixin.py:151} INFO - [2023-10-10T15:39:34.603+0000] {dag.py:2915} INFO - Sync 1 DAGs
[2023-10-10T15:39:34.629+0000] {logging_mixin.py:151} INFO - [2023-10-10T15:39:34.629+0000] {dag.py:3696} INFO - Setting next_dagrun for example_skip_dag to 2023-10-09T15:39:34.629299+00:00, run_after=2023-10-10T15:39:34.629299+00:00
[2023-10-10T15:39:34.645+0000] {processor.py:179} INFO - Processing /home/airflow/.local/lib/python3.8/site-packages/airflow/example_dags/example_skip_dag.py took 0.086 seconds
[2023-10-10T15:40:05.818+0000] {processor.py:157} INFO - Started process (PID=1859) to work on /home/airflow/.local/lib/python3.8/site-packages/airflow/example_dags/example_skip_dag.py
[2023-10-10T15:40:05.819+0000] {processor.py:829} INFO - Processing file /home/airflow/.local/lib/python3.8/site-packages/airflow/example_dags/example_skip_dag.py for tasks to queue
[2023-10-10T15:40:05.821+0000] {logging_mixin.py:151} INFO - [2023-10-10T15:40:05.821+0000] {dagbag.py:539} INFO - Filling up the DagBag from /home/airflow/.local/lib/python3.8/site-packages/airflow/example_dags/example_skip_dag.py
[2023-10-10T15:40:05.828+0000] {processor.py:839} INFO - DAG(s) dict_keys(['example_skip_dag']) retrieved from /home/airflow/.local/lib/python3.8/site-packages/airflow/example_dags/example_skip_dag.py
[2023-10-10T15:40:05.853+0000] {logging_mixin.py:151} INFO - [2023-10-10T15:40:05.853+0000] {dag.py:2915} INFO - Sync 1 DAGs
[2023-10-10T15:40:05.881+0000] {logging_mixin.py:151} INFO - [2023-10-10T15:40:05.881+0000] {dag.py:3696} INFO - Setting next_dagrun for example_skip_dag to 2023-10-09T15:40:05.880976+00:00, run_after=2023-10-10T15:40:05.880976+00:00
[2023-10-10T15:40:05.907+0000] {processor.py:179} INFO - Processing /home/airflow/.local/lib/python3.8/site-packages/airflow/example_dags/example_skip_dag.py took 0.094 seconds
[2023-10-10T15:40:36.936+0000] {processor.py:157} INFO - Started process (PID=1913) to work on /home/airflow/.local/lib/python3.8/site-packages/airflow/example_dags/example_skip_dag.py
[2023-10-10T15:40:36.937+0000] {processor.py:829} INFO - Processing file /home/airflow/.local/lib/python3.8/site-packages/airflow/example_dags/example_skip_dag.py for tasks to queue
[2023-10-10T15:40:36.938+0000] {logging_mixin.py:151} INFO - [2023-10-10T15:40:36.938+0000] {dagbag.py:539} INFO - Filling up the DagBag from /home/airflow/.local/lib/python3.8/site-packages/airflow/example_dags/example_skip_dag.py
[2023-10-10T15:40:36.944+0000] {processor.py:839} INFO - DAG(s) dict_keys(['example_skip_dag']) retrieved from /home/airflow/.local/lib/python3.8/site-packages/airflow/example_dags/example_skip_dag.py
[2023-10-10T15:40:36.967+0000] {logging_mixin.py:151} INFO - [2023-10-10T15:40:36.966+0000] {dag.py:2915} INFO - Sync 1 DAGs
[2023-10-10T15:40:36.991+0000] {logging_mixin.py:151} INFO - [2023-10-10T15:40:36.991+0000] {dag.py:3696} INFO - Setting next_dagrun for example_skip_dag to 2023-10-09T15:40:36.990772+00:00, run_after=2023-10-10T15:40:36.990772+00:00
[2023-10-10T15:40:37.010+0000] {processor.py:179} INFO - Processing /home/airflow/.local/lib/python3.8/site-packages/airflow/example_dags/example_skip_dag.py took 0.076 seconds
[2023-10-10T15:41:08.646+0000] {processor.py:157} INFO - Started process (PID=1967) to work on /home/airflow/.local/lib/python3.8/site-packages/airflow/example_dags/example_skip_dag.py
[2023-10-10T15:41:08.647+0000] {processor.py:829} INFO - Processing file /home/airflow/.local/lib/python3.8/site-packages/airflow/example_dags/example_skip_dag.py for tasks to queue
[2023-10-10T15:41:08.649+0000] {logging_mixin.py:151} INFO - [2023-10-10T15:41:08.648+0000] {dagbag.py:539} INFO - Filling up the DagBag from /home/airflow/.local/lib/python3.8/site-packages/airflow/example_dags/example_skip_dag.py
[2023-10-10T15:41:08.656+0000] {processor.py:839} INFO - DAG(s) dict_keys(['example_skip_dag']) retrieved from /home/airflow/.local/lib/python3.8/site-packages/airflow/example_dags/example_skip_dag.py
[2023-10-10T15:41:08.696+0000] {logging_mixin.py:151} INFO - [2023-10-10T15:41:08.696+0000] {dag.py:2915} INFO - Sync 1 DAGs
[2023-10-10T15:41:08.716+0000] {logging_mixin.py:151} INFO - [2023-10-10T15:41:08.716+0000] {dag.py:3696} INFO - Setting next_dagrun for example_skip_dag to 2023-10-09T15:41:08.716471+00:00, run_after=2023-10-10T15:41:08.716471+00:00
[2023-10-10T15:41:08.732+0000] {processor.py:179} INFO - Processing /home/airflow/.local/lib/python3.8/site-packages/airflow/example_dags/example_skip_dag.py took 0.089 seconds
[2023-10-10T15:41:40.032+0000] {processor.py:157} INFO - Started process (PID=2020) to work on /home/airflow/.local/lib/python3.8/site-packages/airflow/example_dags/example_skip_dag.py
[2023-10-10T15:41:40.033+0000] {processor.py:829} INFO - Processing file /home/airflow/.local/lib/python3.8/site-packages/airflow/example_dags/example_skip_dag.py for tasks to queue
[2023-10-10T15:41:40.035+0000] {logging_mixin.py:151} INFO - [2023-10-10T15:41:40.035+0000] {dagbag.py:539} INFO - Filling up the DagBag from /home/airflow/.local/lib/python3.8/site-packages/airflow/example_dags/example_skip_dag.py
[2023-10-10T15:41:40.079+0000] {processor.py:839} INFO - DAG(s) dict_keys(['example_skip_dag']) retrieved from /home/airflow/.local/lib/python3.8/site-packages/airflow/example_dags/example_skip_dag.py
[2023-10-10T15:41:40.104+0000] {logging_mixin.py:151} INFO - [2023-10-10T15:41:40.104+0000] {dag.py:2915} INFO - Sync 1 DAGs
[2023-10-10T15:41:40.125+0000] {logging_mixin.py:151} INFO - [2023-10-10T15:41:40.125+0000] {dag.py:3696} INFO - Setting next_dagrun for example_skip_dag to 2023-10-09T15:41:40.125338+00:00, run_after=2023-10-10T15:41:40.125338+00:00
[2023-10-10T15:41:40.196+0000] {processor.py:179} INFO - Processing /home/airflow/.local/lib/python3.8/site-packages/airflow/example_dags/example_skip_dag.py took 0.167 seconds
[2023-10-10T15:42:11.012+0000] {processor.py:157} INFO - Started process (PID=2074) to work on /home/airflow/.local/lib/python3.8/site-packages/airflow/example_dags/example_skip_dag.py
[2023-10-10T15:42:11.013+0000] {processor.py:829} INFO - Processing file /home/airflow/.local/lib/python3.8/site-packages/airflow/example_dags/example_skip_dag.py for tasks to queue
[2023-10-10T15:42:11.015+0000] {logging_mixin.py:151} INFO - [2023-10-10T15:42:11.015+0000] {dagbag.py:539} INFO - Filling up the DagBag from /home/airflow/.local/lib/python3.8/site-packages/airflow/example_dags/example_skip_dag.py
[2023-10-10T15:42:11.021+0000] {processor.py:839} INFO - DAG(s) dict_keys(['example_skip_dag']) retrieved from /home/airflow/.local/lib/python3.8/site-packages/airflow/example_dags/example_skip_dag.py
[2023-10-10T15:42:11.042+0000] {logging_mixin.py:151} INFO - [2023-10-10T15:42:11.042+0000] {dag.py:2915} INFO - Sync 1 DAGs
[2023-10-10T15:42:11.063+0000] {logging_mixin.py:151} INFO - [2023-10-10T15:42:11.062+0000] {dag.py:3696} INFO - Setting next_dagrun for example_skip_dag to 2023-10-09T15:42:11.062635+00:00, run_after=2023-10-10T15:42:11.062635+00:00
[2023-10-10T15:42:11.093+0000] {processor.py:179} INFO - Processing /home/airflow/.local/lib/python3.8/site-packages/airflow/example_dags/example_skip_dag.py took 0.083 seconds
[2023-10-10T15:42:42.028+0000] {processor.py:157} INFO - Started process (PID=2128) to work on /home/airflow/.local/lib/python3.8/site-packages/airflow/example_dags/example_skip_dag.py
[2023-10-10T15:42:42.029+0000] {processor.py:829} INFO - Processing file /home/airflow/.local/lib/python3.8/site-packages/airflow/example_dags/example_skip_dag.py for tasks to queue
[2023-10-10T15:42:42.031+0000] {logging_mixin.py:151} INFO - [2023-10-10T15:42:42.031+0000] {dagbag.py:539} INFO - Filling up the DagBag from /home/airflow/.local/lib/python3.8/site-packages/airflow/example_dags/example_skip_dag.py
[2023-10-10T15:42:42.036+0000] {processor.py:839} INFO - DAG(s) dict_keys(['example_skip_dag']) retrieved from /home/airflow/.local/lib/python3.8/site-packages/airflow/example_dags/example_skip_dag.py
[2023-10-10T15:42:42.054+0000] {logging_mixin.py:151} INFO - [2023-10-10T15:42:42.054+0000] {dag.py:2915} INFO - Sync 1 DAGs
[2023-10-10T15:42:42.084+0000] {logging_mixin.py:151} INFO - [2023-10-10T15:42:42.084+0000] {dag.py:3696} INFO - Setting next_dagrun for example_skip_dag to 2023-10-09T15:42:42.083790+00:00, run_after=2023-10-10T15:42:42.083790+00:00
[2023-10-10T15:42:42.102+0000] {processor.py:179} INFO - Processing /home/airflow/.local/lib/python3.8/site-packages/airflow/example_dags/example_skip_dag.py took 0.076 seconds
[2023-10-10T15:43:12.343+0000] {processor.py:157} INFO - Started process (PID=2182) to work on /home/airflow/.local/lib/python3.8/site-packages/airflow/example_dags/example_skip_dag.py
[2023-10-10T15:43:12.344+0000] {processor.py:829} INFO - Processing file /home/airflow/.local/lib/python3.8/site-packages/airflow/example_dags/example_skip_dag.py for tasks to queue
[2023-10-10T15:43:12.345+0000] {logging_mixin.py:151} INFO - [2023-10-10T15:43:12.345+0000] {dagbag.py:539} INFO - Filling up the DagBag from /home/airflow/.local/lib/python3.8/site-packages/airflow/example_dags/example_skip_dag.py
[2023-10-10T15:43:12.350+0000] {processor.py:839} INFO - DAG(s) dict_keys(['example_skip_dag']) retrieved from /home/airflow/.local/lib/python3.8/site-packages/airflow/example_dags/example_skip_dag.py
[2023-10-10T15:43:12.368+0000] {logging_mixin.py:151} INFO - [2023-10-10T15:43:12.368+0000] {dag.py:2915} INFO - Sync 1 DAGs
[2023-10-10T15:43:12.393+0000] {logging_mixin.py:151} INFO - [2023-10-10T15:43:12.393+0000] {dag.py:3696} INFO - Setting next_dagrun for example_skip_dag to 2023-10-09T15:43:12.392927+00:00, run_after=2023-10-10T15:43:12.392927+00:00
[2023-10-10T15:43:12.410+0000] {processor.py:179} INFO - Processing /home/airflow/.local/lib/python3.8/site-packages/airflow/example_dags/example_skip_dag.py took 0.070 seconds
[2023-10-10T15:43:43.422+0000] {processor.py:157} INFO - Started process (PID=2236) to work on /home/airflow/.local/lib/python3.8/site-packages/airflow/example_dags/example_skip_dag.py
[2023-10-10T15:43:43.423+0000] {processor.py:829} INFO - Processing file /home/airflow/.local/lib/python3.8/site-packages/airflow/example_dags/example_skip_dag.py for tasks to queue
[2023-10-10T15:43:43.424+0000] {logging_mixin.py:151} INFO - [2023-10-10T15:43:43.424+0000] {dagbag.py:539} INFO - Filling up the DagBag from /home/airflow/.local/lib/python3.8/site-packages/airflow/example_dags/example_skip_dag.py
[2023-10-10T15:43:43.430+0000] {processor.py:839} INFO - DAG(s) dict_keys(['example_skip_dag']) retrieved from /home/airflow/.local/lib/python3.8/site-packages/airflow/example_dags/example_skip_dag.py
[2023-10-10T15:43:43.455+0000] {logging_mixin.py:151} INFO - [2023-10-10T15:43:43.455+0000] {dag.py:2915} INFO - Sync 1 DAGs
[2023-10-10T15:43:43.482+0000] {logging_mixin.py:151} INFO - [2023-10-10T15:43:43.481+0000] {dag.py:3696} INFO - Setting next_dagrun for example_skip_dag to 2023-10-09T15:43:43.481656+00:00, run_after=2023-10-10T15:43:43.481656+00:00
[2023-10-10T15:43:43.500+0000] {processor.py:179} INFO - Processing /home/airflow/.local/lib/python3.8/site-packages/airflow/example_dags/example_skip_dag.py took 0.080 seconds
[2023-10-10T15:44:14.562+0000] {processor.py:157} INFO - Started process (PID=2290) to work on /home/airflow/.local/lib/python3.8/site-packages/airflow/example_dags/example_skip_dag.py
[2023-10-10T15:44:14.562+0000] {processor.py:829} INFO - Processing file /home/airflow/.local/lib/python3.8/site-packages/airflow/example_dags/example_skip_dag.py for tasks to queue
[2023-10-10T15:44:14.564+0000] {logging_mixin.py:151} INFO - [2023-10-10T15:44:14.564+0000] {dagbag.py:539} INFO - Filling up the DagBag from /home/airflow/.local/lib/python3.8/site-packages/airflow/example_dags/example_skip_dag.py
[2023-10-10T15:44:14.569+0000] {processor.py:839} INFO - DAG(s) dict_keys(['example_skip_dag']) retrieved from /home/airflow/.local/lib/python3.8/site-packages/airflow/example_dags/example_skip_dag.py
[2023-10-10T15:44:14.597+0000] {logging_mixin.py:151} INFO - [2023-10-10T15:44:14.597+0000] {dag.py:2915} INFO - Sync 1 DAGs
[2023-10-10T15:44:14.617+0000] {logging_mixin.py:151} INFO - [2023-10-10T15:44:14.617+0000] {dag.py:3696} INFO - Setting next_dagrun for example_skip_dag to 2023-10-09T15:44:14.616770+00:00, run_after=2023-10-10T15:44:14.616770+00:00
[2023-10-10T15:44:14.631+0000] {processor.py:179} INFO - Processing /home/airflow/.local/lib/python3.8/site-packages/airflow/example_dags/example_skip_dag.py took 0.072 seconds
[2023-10-10T15:44:45.136+0000] {processor.py:157} INFO - Started process (PID=2344) to work on /home/airflow/.local/lib/python3.8/site-packages/airflow/example_dags/example_skip_dag.py
[2023-10-10T15:44:45.137+0000] {processor.py:829} INFO - Processing file /home/airflow/.local/lib/python3.8/site-packages/airflow/example_dags/example_skip_dag.py for tasks to queue
[2023-10-10T15:44:45.139+0000] {logging_mixin.py:151} INFO - [2023-10-10T15:44:45.139+0000] {dagbag.py:539} INFO - Filling up the DagBag from /home/airflow/.local/lib/python3.8/site-packages/airflow/example_dags/example_skip_dag.py
[2023-10-10T15:44:45.145+0000] {processor.py:839} INFO - DAG(s) dict_keys(['example_skip_dag']) retrieved from /home/airflow/.local/lib/python3.8/site-packages/airflow/example_dags/example_skip_dag.py
[2023-10-10T15:44:45.164+0000] {logging_mixin.py:151} INFO - [2023-10-10T15:44:45.164+0000] {dag.py:2915} INFO - Sync 1 DAGs
[2023-10-10T15:44:45.184+0000] {logging_mixin.py:151} INFO - [2023-10-10T15:44:45.184+0000] {dag.py:3696} INFO - Setting next_dagrun for example_skip_dag to 2023-10-09T15:44:45.184265+00:00, run_after=2023-10-10T15:44:45.184265+00:00
[2023-10-10T15:44:45.204+0000] {processor.py:179} INFO - Processing /home/airflow/.local/lib/python3.8/site-packages/airflow/example_dags/example_skip_dag.py took 0.071 seconds
[2023-10-10T15:45:16.231+0000] {processor.py:157} INFO - Started process (PID=2398) to work on /home/airflow/.local/lib/python3.8/site-packages/airflow/example_dags/example_skip_dag.py
[2023-10-10T15:45:16.232+0000] {processor.py:829} INFO - Processing file /home/airflow/.local/lib/python3.8/site-packages/airflow/example_dags/example_skip_dag.py for tasks to queue
[2023-10-10T15:45:16.234+0000] {logging_mixin.py:151} INFO - [2023-10-10T15:45:16.234+0000] {dagbag.py:539} INFO - Filling up the DagBag from /home/airflow/.local/lib/python3.8/site-packages/airflow/example_dags/example_skip_dag.py
[2023-10-10T15:45:16.242+0000] {processor.py:839} INFO - DAG(s) dict_keys(['example_skip_dag']) retrieved from /home/airflow/.local/lib/python3.8/site-packages/airflow/example_dags/example_skip_dag.py
[2023-10-10T15:45:16.278+0000] {logging_mixin.py:151} INFO - [2023-10-10T15:45:16.277+0000] {dag.py:2915} INFO - Sync 1 DAGs
[2023-10-10T15:45:16.304+0000] {logging_mixin.py:151} INFO - [2023-10-10T15:45:16.304+0000] {dag.py:3696} INFO - Setting next_dagrun for example_skip_dag to 2023-10-09T15:45:16.303848+00:00, run_after=2023-10-10T15:45:16.303848+00:00
[2023-10-10T15:45:16.324+0000] {processor.py:179} INFO - Processing /home/airflow/.local/lib/python3.8/site-packages/airflow/example_dags/example_skip_dag.py took 0.097 seconds
[2023-10-10T15:45:47.309+0000] {processor.py:157} INFO - Started process (PID=2452) to work on /home/airflow/.local/lib/python3.8/site-packages/airflow/example_dags/example_skip_dag.py
[2023-10-10T15:45:47.310+0000] {processor.py:829} INFO - Processing file /home/airflow/.local/lib/python3.8/site-packages/airflow/example_dags/example_skip_dag.py for tasks to queue
[2023-10-10T15:45:47.312+0000] {logging_mixin.py:151} INFO - [2023-10-10T15:45:47.312+0000] {dagbag.py:539} INFO - Filling up the DagBag from /home/airflow/.local/lib/python3.8/site-packages/airflow/example_dags/example_skip_dag.py
[2023-10-10T15:45:47.317+0000] {processor.py:839} INFO - DAG(s) dict_keys(['example_skip_dag']) retrieved from /home/airflow/.local/lib/python3.8/site-packages/airflow/example_dags/example_skip_dag.py
[2023-10-10T15:45:47.337+0000] {logging_mixin.py:151} INFO - [2023-10-10T15:45:47.337+0000] {dag.py:2915} INFO - Sync 1 DAGs
[2023-10-10T15:45:47.359+0000] {logging_mixin.py:151} INFO - [2023-10-10T15:45:47.359+0000] {dag.py:3696} INFO - Setting next_dagrun for example_skip_dag to 2023-10-09T15:45:47.359133+00:00, run_after=2023-10-10T15:45:47.359133+00:00
[2023-10-10T15:45:47.391+0000] {processor.py:179} INFO - Processing /home/airflow/.local/lib/python3.8/site-packages/airflow/example_dags/example_skip_dag.py took 0.085 seconds
[2023-10-10T15:46:18.412+0000] {processor.py:157} INFO - Started process (PID=2506) to work on /home/airflow/.local/lib/python3.8/site-packages/airflow/example_dags/example_skip_dag.py
[2023-10-10T15:46:18.413+0000] {processor.py:829} INFO - Processing file /home/airflow/.local/lib/python3.8/site-packages/airflow/example_dags/example_skip_dag.py for tasks to queue
[2023-10-10T15:46:18.415+0000] {logging_mixin.py:151} INFO - [2023-10-10T15:46:18.414+0000] {dagbag.py:539} INFO - Filling up the DagBag from /home/airflow/.local/lib/python3.8/site-packages/airflow/example_dags/example_skip_dag.py
[2023-10-10T15:46:18.419+0000] {processor.py:839} INFO - DAG(s) dict_keys(['example_skip_dag']) retrieved from /home/airflow/.local/lib/python3.8/site-packages/airflow/example_dags/example_skip_dag.py
[2023-10-10T15:46:18.436+0000] {logging_mixin.py:151} INFO - [2023-10-10T15:46:18.436+0000] {dag.py:2915} INFO - Sync 1 DAGs
[2023-10-10T15:46:18.453+0000] {logging_mixin.py:151} INFO - [2023-10-10T15:46:18.453+0000] {dag.py:3696} INFO - Setting next_dagrun for example_skip_dag to 2023-10-09T15:46:18.453293+00:00, run_after=2023-10-10T15:46:18.453293+00:00
[2023-10-10T15:46:18.467+0000] {processor.py:179} INFO - Processing /home/airflow/.local/lib/python3.8/site-packages/airflow/example_dags/example_skip_dag.py took 0.057 seconds
[2023-10-10T15:46:49.547+0000] {processor.py:157} INFO - Started process (PID=2560) to work on /home/airflow/.local/lib/python3.8/site-packages/airflow/example_dags/example_skip_dag.py
[2023-10-10T15:46:49.548+0000] {processor.py:829} INFO - Processing file /home/airflow/.local/lib/python3.8/site-packages/airflow/example_dags/example_skip_dag.py for tasks to queue
[2023-10-10T15:46:49.549+0000] {logging_mixin.py:151} INFO - [2023-10-10T15:46:49.549+0000] {dagbag.py:539} INFO - Filling up the DagBag from /home/airflow/.local/lib/python3.8/site-packages/airflow/example_dags/example_skip_dag.py
[2023-10-10T15:46:49.554+0000] {processor.py:839} INFO - DAG(s) dict_keys(['example_skip_dag']) retrieved from /home/airflow/.local/lib/python3.8/site-packages/airflow/example_dags/example_skip_dag.py
[2023-10-10T15:46:49.581+0000] {logging_mixin.py:151} INFO - [2023-10-10T15:46:49.581+0000] {dag.py:2915} INFO - Sync 1 DAGs
[2023-10-10T15:46:49.602+0000] {logging_mixin.py:151} INFO - [2023-10-10T15:46:49.602+0000] {dag.py:3696} INFO - Setting next_dagrun for example_skip_dag to 2023-10-09T15:46:49.602417+00:00, run_after=2023-10-10T15:46:49.602417+00:00
[2023-10-10T15:46:49.618+0000] {processor.py:179} INFO - Processing /home/airflow/.local/lib/python3.8/site-packages/airflow/example_dags/example_skip_dag.py took 0.074 seconds
[2023-10-10T15:47:19.963+0000] {processor.py:157} INFO - Started process (PID=2614) to work on /home/airflow/.local/lib/python3.8/site-packages/airflow/example_dags/example_skip_dag.py
[2023-10-10T15:47:19.964+0000] {processor.py:829} INFO - Processing file /home/airflow/.local/lib/python3.8/site-packages/airflow/example_dags/example_skip_dag.py for tasks to queue
[2023-10-10T15:47:19.966+0000] {logging_mixin.py:151} INFO - [2023-10-10T15:47:19.966+0000] {dagbag.py:539} INFO - Filling up the DagBag from /home/airflow/.local/lib/python3.8/site-packages/airflow/example_dags/example_skip_dag.py
[2023-10-10T15:47:19.972+0000] {processor.py:839} INFO - DAG(s) dict_keys(['example_skip_dag']) retrieved from /home/airflow/.local/lib/python3.8/site-packages/airflow/example_dags/example_skip_dag.py
[2023-10-10T15:47:19.990+0000] {logging_mixin.py:151} INFO - [2023-10-10T15:47:19.990+0000] {dag.py:2915} INFO - Sync 1 DAGs
[2023-10-10T15:47:20.007+0000] {logging_mixin.py:151} INFO - [2023-10-10T15:47:20.007+0000] {dag.py:3696} INFO - Setting next_dagrun for example_skip_dag to 2023-10-09T15:47:20.007517+00:00, run_after=2023-10-10T15:47:20.007517+00:00
[2023-10-10T15:47:20.022+0000] {processor.py:179} INFO - Processing /home/airflow/.local/lib/python3.8/site-packages/airflow/example_dags/example_skip_dag.py took 0.062 seconds
[2023-10-10T15:47:50.601+0000] {processor.py:157} INFO - Started process (PID=2668) to work on /home/airflow/.local/lib/python3.8/site-packages/airflow/example_dags/example_skip_dag.py
[2023-10-10T15:47:50.601+0000] {processor.py:829} INFO - Processing file /home/airflow/.local/lib/python3.8/site-packages/airflow/example_dags/example_skip_dag.py for tasks to queue
[2023-10-10T15:47:50.603+0000] {logging_mixin.py:151} INFO - [2023-10-10T15:47:50.603+0000] {dagbag.py:539} INFO - Filling up the DagBag from /home/airflow/.local/lib/python3.8/site-packages/airflow/example_dags/example_skip_dag.py
[2023-10-10T15:47:50.608+0000] {processor.py:839} INFO - DAG(s) dict_keys(['example_skip_dag']) retrieved from /home/airflow/.local/lib/python3.8/site-packages/airflow/example_dags/example_skip_dag.py
[2023-10-10T15:47:50.626+0000] {logging_mixin.py:151} INFO - [2023-10-10T15:47:50.626+0000] {dag.py:2915} INFO - Sync 1 DAGs
[2023-10-10T15:47:50.645+0000] {logging_mixin.py:151} INFO - [2023-10-10T15:47:50.645+0000] {dag.py:3696} INFO - Setting next_dagrun for example_skip_dag to 2023-10-09T15:47:50.645486+00:00, run_after=2023-10-10T15:47:50.645486+00:00
[2023-10-10T15:47:50.683+0000] {processor.py:179} INFO - Processing /home/airflow/.local/lib/python3.8/site-packages/airflow/example_dags/example_skip_dag.py took 0.086 seconds
[2023-10-10T15:48:21.111+0000] {processor.py:157} INFO - Started process (PID=2722) to work on /home/airflow/.local/lib/python3.8/site-packages/airflow/example_dags/example_skip_dag.py
[2023-10-10T15:48:21.112+0000] {processor.py:829} INFO - Processing file /home/airflow/.local/lib/python3.8/site-packages/airflow/example_dags/example_skip_dag.py for tasks to queue
[2023-10-10T15:48:21.113+0000] {logging_mixin.py:151} INFO - [2023-10-10T15:48:21.113+0000] {dagbag.py:539} INFO - Filling up the DagBag from /home/airflow/.local/lib/python3.8/site-packages/airflow/example_dags/example_skip_dag.py
[2023-10-10T15:48:21.119+0000] {processor.py:839} INFO - DAG(s) dict_keys(['example_skip_dag']) retrieved from /home/airflow/.local/lib/python3.8/site-packages/airflow/example_dags/example_skip_dag.py
[2023-10-10T15:48:21.139+0000] {logging_mixin.py:151} INFO - [2023-10-10T15:48:21.138+0000] {dag.py:2915} INFO - Sync 1 DAGs
[2023-10-10T15:48:21.158+0000] {logging_mixin.py:151} INFO - [2023-10-10T15:48:21.158+0000] {dag.py:3696} INFO - Setting next_dagrun for example_skip_dag to 2023-10-09T15:48:21.158566+00:00, run_after=2023-10-10T15:48:21.158566+00:00
[2023-10-10T15:48:21.188+0000] {processor.py:179} INFO - Processing /home/airflow/.local/lib/python3.8/site-packages/airflow/example_dags/example_skip_dag.py took 0.080 seconds
[2023-10-10T15:48:51.590+0000] {processor.py:157} INFO - Started process (PID=2776) to work on /home/airflow/.local/lib/python3.8/site-packages/airflow/example_dags/example_skip_dag.py
[2023-10-10T15:48:51.590+0000] {processor.py:829} INFO - Processing file /home/airflow/.local/lib/python3.8/site-packages/airflow/example_dags/example_skip_dag.py for tasks to queue
[2023-10-10T15:48:51.592+0000] {logging_mixin.py:151} INFO - [2023-10-10T15:48:51.592+0000] {dagbag.py:539} INFO - Filling up the DagBag from /home/airflow/.local/lib/python3.8/site-packages/airflow/example_dags/example_skip_dag.py
[2023-10-10T15:48:51.597+0000] {processor.py:839} INFO - DAG(s) dict_keys(['example_skip_dag']) retrieved from /home/airflow/.local/lib/python3.8/site-packages/airflow/example_dags/example_skip_dag.py
[2023-10-10T15:48:51.615+0000] {logging_mixin.py:151} INFO - [2023-10-10T15:48:51.615+0000] {dag.py:2915} INFO - Sync 1 DAGs
[2023-10-10T15:48:51.634+0000] {logging_mixin.py:151} INFO - [2023-10-10T15:48:51.634+0000] {dag.py:3696} INFO - Setting next_dagrun for example_skip_dag to 2023-10-09T15:48:51.633966+00:00, run_after=2023-10-10T15:48:51.633966+00:00
[2023-10-10T15:48:51.648+0000] {processor.py:179} INFO - Processing /home/airflow/.local/lib/python3.8/site-packages/airflow/example_dags/example_skip_dag.py took 0.061 seconds
[2023-10-10T15:49:22.344+0000] {processor.py:157} INFO - Started process (PID=2830) to work on /home/airflow/.local/lib/python3.8/site-packages/airflow/example_dags/example_skip_dag.py
[2023-10-10T15:49:22.345+0000] {processor.py:829} INFO - Processing file /home/airflow/.local/lib/python3.8/site-packages/airflow/example_dags/example_skip_dag.py for tasks to queue
[2023-10-10T15:49:22.346+0000] {logging_mixin.py:151} INFO - [2023-10-10T15:49:22.346+0000] {dagbag.py:539} INFO - Filling up the DagBag from /home/airflow/.local/lib/python3.8/site-packages/airflow/example_dags/example_skip_dag.py
[2023-10-10T15:49:22.352+0000] {processor.py:839} INFO - DAG(s) dict_keys(['example_skip_dag']) retrieved from /home/airflow/.local/lib/python3.8/site-packages/airflow/example_dags/example_skip_dag.py
[2023-10-10T15:49:22.389+0000] {logging_mixin.py:151} INFO - [2023-10-10T15:49:22.389+0000] {dag.py:2915} INFO - Sync 1 DAGs
[2023-10-10T15:49:22.413+0000] {logging_mixin.py:151} INFO - [2023-10-10T15:49:22.413+0000] {dag.py:3696} INFO - Setting next_dagrun for example_skip_dag to 2023-10-09T15:49:22.413084+00:00, run_after=2023-10-10T15:49:22.413084+00:00
[2023-10-10T15:49:22.432+0000] {processor.py:179} INFO - Processing /home/airflow/.local/lib/python3.8/site-packages/airflow/example_dags/example_skip_dag.py took 0.091 seconds
[2023-10-10T15:49:53.126+0000] {processor.py:157} INFO - Started process (PID=2884) to work on /home/airflow/.local/lib/python3.8/site-packages/airflow/example_dags/example_skip_dag.py
[2023-10-10T15:49:53.127+0000] {processor.py:829} INFO - Processing file /home/airflow/.local/lib/python3.8/site-packages/airflow/example_dags/example_skip_dag.py for tasks to queue
[2023-10-10T15:49:53.130+0000] {logging_mixin.py:151} INFO - [2023-10-10T15:49:53.129+0000] {dagbag.py:539} INFO - Filling up the DagBag from /home/airflow/.local/lib/python3.8/site-packages/airflow/example_dags/example_skip_dag.py
[2023-10-10T15:49:53.136+0000] {processor.py:839} INFO - DAG(s) dict_keys(['example_skip_dag']) retrieved from /home/airflow/.local/lib/python3.8/site-packages/airflow/example_dags/example_skip_dag.py
[2023-10-10T15:49:53.159+0000] {logging_mixin.py:151} INFO - [2023-10-10T15:49:53.159+0000] {dag.py:2915} INFO - Sync 1 DAGs
[2023-10-10T15:49:53.188+0000] {logging_mixin.py:151} INFO - [2023-10-10T15:49:53.188+0000] {dag.py:3696} INFO - Setting next_dagrun for example_skip_dag to 2023-10-09T15:49:53.187982+00:00, run_after=2023-10-10T15:49:53.187982+00:00
[2023-10-10T15:49:53.208+0000] {processor.py:179} INFO - Processing /home/airflow/.local/lib/python3.8/site-packages/airflow/example_dags/example_skip_dag.py took 0.084 seconds
[2023-10-10T15:50:24.013+0000] {processor.py:157} INFO - Started process (PID=2938) to work on /home/airflow/.local/lib/python3.8/site-packages/airflow/example_dags/example_skip_dag.py
[2023-10-10T15:50:24.014+0000] {processor.py:829} INFO - Processing file /home/airflow/.local/lib/python3.8/site-packages/airflow/example_dags/example_skip_dag.py for tasks to queue
[2023-10-10T15:50:24.016+0000] {logging_mixin.py:151} INFO - [2023-10-10T15:50:24.016+0000] {dagbag.py:539} INFO - Filling up the DagBag from /home/airflow/.local/lib/python3.8/site-packages/airflow/example_dags/example_skip_dag.py
[2023-10-10T15:50:24.022+0000] {processor.py:839} INFO - DAG(s) dict_keys(['example_skip_dag']) retrieved from /home/airflow/.local/lib/python3.8/site-packages/airflow/example_dags/example_skip_dag.py
[2023-10-10T15:50:24.043+0000] {logging_mixin.py:151} INFO - [2023-10-10T15:50:24.042+0000] {dag.py:2915} INFO - Sync 1 DAGs
[2023-10-10T15:50:24.065+0000] {logging_mixin.py:151} INFO - [2023-10-10T15:50:24.064+0000] {dag.py:3696} INFO - Setting next_dagrun for example_skip_dag to 2023-10-09T15:50:24.064728+00:00, run_after=2023-10-10T15:50:24.064728+00:00
[2023-10-10T15:50:24.082+0000] {processor.py:179} INFO - Processing /home/airflow/.local/lib/python3.8/site-packages/airflow/example_dags/example_skip_dag.py took 0.072 seconds
[2023-10-10T15:50:54.510+0000] {processor.py:157} INFO - Started process (PID=2992) to work on /home/airflow/.local/lib/python3.8/site-packages/airflow/example_dags/example_skip_dag.py
[2023-10-10T15:50:54.511+0000] {processor.py:829} INFO - Processing file /home/airflow/.local/lib/python3.8/site-packages/airflow/example_dags/example_skip_dag.py for tasks to queue
[2023-10-10T15:50:54.513+0000] {logging_mixin.py:151} INFO - [2023-10-10T15:50:54.513+0000] {dagbag.py:539} INFO - Filling up the DagBag from /home/airflow/.local/lib/python3.8/site-packages/airflow/example_dags/example_skip_dag.py
[2023-10-10T15:50:54.519+0000] {processor.py:839} INFO - DAG(s) dict_keys(['example_skip_dag']) retrieved from /home/airflow/.local/lib/python3.8/site-packages/airflow/example_dags/example_skip_dag.py
[2023-10-10T15:50:54.543+0000] {logging_mixin.py:151} INFO - [2023-10-10T15:50:54.542+0000] {dag.py:2915} INFO - Sync 1 DAGs
[2023-10-10T15:50:54.577+0000] {logging_mixin.py:151} INFO - [2023-10-10T15:50:54.576+0000] {dag.py:3696} INFO - Setting next_dagrun for example_skip_dag to 2023-10-09T15:50:54.576487+00:00, run_after=2023-10-10T15:50:54.576487+00:00
[2023-10-10T15:50:54.597+0000] {processor.py:179} INFO - Processing /home/airflow/.local/lib/python3.8/site-packages/airflow/example_dags/example_skip_dag.py took 0.089 seconds
[2023-10-10T15:51:25.710+0000] {processor.py:157} INFO - Started process (PID=3046) to work on /home/airflow/.local/lib/python3.8/site-packages/airflow/example_dags/example_skip_dag.py
[2023-10-10T15:51:25.710+0000] {processor.py:829} INFO - Processing file /home/airflow/.local/lib/python3.8/site-packages/airflow/example_dags/example_skip_dag.py for tasks to queue
[2023-10-10T15:51:25.712+0000] {logging_mixin.py:151} INFO - [2023-10-10T15:51:25.712+0000] {dagbag.py:539} INFO - Filling up the DagBag from /home/airflow/.local/lib/python3.8/site-packages/airflow/example_dags/example_skip_dag.py
[2023-10-10T15:51:25.717+0000] {processor.py:839} INFO - DAG(s) dict_keys(['example_skip_dag']) retrieved from /home/airflow/.local/lib/python3.8/site-packages/airflow/example_dags/example_skip_dag.py
[2023-10-10T15:51:25.737+0000] {logging_mixin.py:151} INFO - [2023-10-10T15:51:25.736+0000] {dag.py:2915} INFO - Sync 1 DAGs
[2023-10-10T15:51:25.754+0000] {logging_mixin.py:151} INFO - [2023-10-10T15:51:25.754+0000] {dag.py:3696} INFO - Setting next_dagrun for example_skip_dag to 2023-10-09T15:51:25.754007+00:00, run_after=2023-10-10T15:51:25.754007+00:00
[2023-10-10T15:51:25.768+0000] {processor.py:179} INFO - Processing /home/airflow/.local/lib/python3.8/site-packages/airflow/example_dags/example_skip_dag.py took 0.061 seconds
[2023-10-10T15:51:56.957+0000] {processor.py:157} INFO - Started process (PID=3100) to work on /home/airflow/.local/lib/python3.8/site-packages/airflow/example_dags/example_skip_dag.py
[2023-10-10T15:51:56.957+0000] {processor.py:829} INFO - Processing file /home/airflow/.local/lib/python3.8/site-packages/airflow/example_dags/example_skip_dag.py for tasks to queue
[2023-10-10T15:51:56.959+0000] {logging_mixin.py:151} INFO - [2023-10-10T15:51:56.959+0000] {dagbag.py:539} INFO - Filling up the DagBag from /home/airflow/.local/lib/python3.8/site-packages/airflow/example_dags/example_skip_dag.py
[2023-10-10T15:51:56.966+0000] {processor.py:839} INFO - DAG(s) dict_keys(['example_skip_dag']) retrieved from /home/airflow/.local/lib/python3.8/site-packages/airflow/example_dags/example_skip_dag.py
[2023-10-10T15:51:57.011+0000] {logging_mixin.py:151} INFO - [2023-10-10T15:51:57.010+0000] {dag.py:2915} INFO - Sync 1 DAGs
[2023-10-10T15:51:57.042+0000] {logging_mixin.py:151} INFO - [2023-10-10T15:51:57.042+0000] {dag.py:3696} INFO - Setting next_dagrun for example_skip_dag to 2023-10-09T15:51:57.041724+00:00, run_after=2023-10-10T15:51:57.041724+00:00
[2023-10-10T15:51:57.082+0000] {processor.py:179} INFO - Processing /home/airflow/.local/lib/python3.8/site-packages/airflow/example_dags/example_skip_dag.py took 0.129 seconds
[2023-10-10T15:52:27.437+0000] {processor.py:157} INFO - Started process (PID=3161) to work on /home/airflow/.local/lib/python3.8/site-packages/airflow/example_dags/example_skip_dag.py
[2023-10-10T15:52:27.437+0000] {processor.py:829} INFO - Processing file /home/airflow/.local/lib/python3.8/site-packages/airflow/example_dags/example_skip_dag.py for tasks to queue
[2023-10-10T15:52:27.439+0000] {logging_mixin.py:151} INFO - [2023-10-10T15:52:27.439+0000] {dagbag.py:539} INFO - Filling up the DagBag from /home/airflow/.local/lib/python3.8/site-packages/airflow/example_dags/example_skip_dag.py
[2023-10-10T15:52:27.444+0000] {processor.py:839} INFO - DAG(s) dict_keys(['example_skip_dag']) retrieved from /home/airflow/.local/lib/python3.8/site-packages/airflow/example_dags/example_skip_dag.py
[2023-10-10T15:52:27.493+0000] {logging_mixin.py:151} INFO - [2023-10-10T15:52:27.493+0000] {dag.py:2915} INFO - Sync 1 DAGs
[2023-10-10T15:52:27.512+0000] {logging_mixin.py:151} INFO - [2023-10-10T15:52:27.512+0000] {dag.py:3696} INFO - Setting next_dagrun for example_skip_dag to 2023-10-09T15:52:27.512068+00:00, run_after=2023-10-10T15:52:27.512068+00:00
[2023-10-10T15:52:27.531+0000] {processor.py:179} INFO - Processing /home/airflow/.local/lib/python3.8/site-packages/airflow/example_dags/example_skip_dag.py took 0.097 seconds
[2023-10-10T15:52:58.852+0000] {processor.py:157} INFO - Started process (PID=3215) to work on /home/airflow/.local/lib/python3.8/site-packages/airflow/example_dags/example_skip_dag.py
[2023-10-10T15:52:58.853+0000] {processor.py:829} INFO - Processing file /home/airflow/.local/lib/python3.8/site-packages/airflow/example_dags/example_skip_dag.py for tasks to queue
[2023-10-10T15:52:58.854+0000] {logging_mixin.py:151} INFO - [2023-10-10T15:52:58.854+0000] {dagbag.py:539} INFO - Filling up the DagBag from /home/airflow/.local/lib/python3.8/site-packages/airflow/example_dags/example_skip_dag.py
[2023-10-10T15:52:58.862+0000] {processor.py:839} INFO - DAG(s) dict_keys(['example_skip_dag']) retrieved from /home/airflow/.local/lib/python3.8/site-packages/airflow/example_dags/example_skip_dag.py
[2023-10-10T15:52:58.888+0000] {logging_mixin.py:151} INFO - [2023-10-10T15:52:58.887+0000] {dag.py:2915} INFO - Sync 1 DAGs
[2023-10-10T15:52:58.917+0000] {logging_mixin.py:151} INFO - [2023-10-10T15:52:58.916+0000] {dag.py:3696} INFO - Setting next_dagrun for example_skip_dag to 2023-10-09T15:52:58.916446+00:00, run_after=2023-10-10T15:52:58.916446+00:00
[2023-10-10T15:52:58.943+0000] {processor.py:179} INFO - Processing /home/airflow/.local/lib/python3.8/site-packages/airflow/example_dags/example_skip_dag.py took 0.094 seconds
[2023-10-10T15:53:30.088+0000] {processor.py:157} INFO - Started process (PID=3269) to work on /home/airflow/.local/lib/python3.8/site-packages/airflow/example_dags/example_skip_dag.py
[2023-10-10T15:53:30.089+0000] {processor.py:829} INFO - Processing file /home/airflow/.local/lib/python3.8/site-packages/airflow/example_dags/example_skip_dag.py for tasks to queue
[2023-10-10T15:53:30.092+0000] {logging_mixin.py:151} INFO - [2023-10-10T15:53:30.091+0000] {dagbag.py:539} INFO - Filling up the DagBag from /home/airflow/.local/lib/python3.8/site-packages/airflow/example_dags/example_skip_dag.py
[2023-10-10T15:53:30.100+0000] {processor.py:839} INFO - DAG(s) dict_keys(['example_skip_dag']) retrieved from /home/airflow/.local/lib/python3.8/site-packages/airflow/example_dags/example_skip_dag.py
[2023-10-10T15:53:30.124+0000] {logging_mixin.py:151} INFO - [2023-10-10T15:53:30.124+0000] {dag.py:2915} INFO - Sync 1 DAGs
[2023-10-10T15:53:30.146+0000] {logging_mixin.py:151} INFO - [2023-10-10T15:53:30.146+0000] {dag.py:3696} INFO - Setting next_dagrun for example_skip_dag to 2023-10-09T15:53:30.146202+00:00, run_after=2023-10-10T15:53:30.146202+00:00
[2023-10-10T15:53:30.185+0000] {processor.py:179} INFO - Processing /home/airflow/.local/lib/python3.8/site-packages/airflow/example_dags/example_skip_dag.py took 0.100 seconds
[2023-10-10T15:54:01.107+0000] {processor.py:157} INFO - Started process (PID=3324) to work on /home/airflow/.local/lib/python3.8/site-packages/airflow/example_dags/example_skip_dag.py
[2023-10-10T15:54:01.108+0000] {processor.py:829} INFO - Processing file /home/airflow/.local/lib/python3.8/site-packages/airflow/example_dags/example_skip_dag.py for tasks to queue
[2023-10-10T15:54:01.110+0000] {logging_mixin.py:151} INFO - [2023-10-10T15:54:01.110+0000] {dagbag.py:539} INFO - Filling up the DagBag from /home/airflow/.local/lib/python3.8/site-packages/airflow/example_dags/example_skip_dag.py
[2023-10-10T15:54:01.119+0000] {processor.py:839} INFO - DAG(s) dict_keys(['example_skip_dag']) retrieved from /home/airflow/.local/lib/python3.8/site-packages/airflow/example_dags/example_skip_dag.py
[2023-10-10T15:54:01.147+0000] {logging_mixin.py:151} INFO - [2023-10-10T15:54:01.147+0000] {dag.py:2915} INFO - Sync 1 DAGs
[2023-10-10T15:54:01.178+0000] {logging_mixin.py:151} INFO - [2023-10-10T15:54:01.178+0000] {dag.py:3696} INFO - Setting next_dagrun for example_skip_dag to 2023-10-09T15:54:01.177846+00:00, run_after=2023-10-10T15:54:01.177846+00:00
[2023-10-10T15:54:01.206+0000] {processor.py:179} INFO - Processing /home/airflow/.local/lib/python3.8/site-packages/airflow/example_dags/example_skip_dag.py took 0.103 seconds
[2023-10-10T15:54:31.791+0000] {processor.py:157} INFO - Started process (PID=3381) to work on /home/airflow/.local/lib/python3.8/site-packages/airflow/example_dags/example_skip_dag.py
[2023-10-10T15:54:31.792+0000] {processor.py:829} INFO - Processing file /home/airflow/.local/lib/python3.8/site-packages/airflow/example_dags/example_skip_dag.py for tasks to queue
[2023-10-10T15:54:31.794+0000] {logging_mixin.py:151} INFO - [2023-10-10T15:54:31.794+0000] {dagbag.py:539} INFO - Filling up the DagBag from /home/airflow/.local/lib/python3.8/site-packages/airflow/example_dags/example_skip_dag.py
[2023-10-10T15:54:31.802+0000] {processor.py:839} INFO - DAG(s) dict_keys(['example_skip_dag']) retrieved from /home/airflow/.local/lib/python3.8/site-packages/airflow/example_dags/example_skip_dag.py
[2023-10-10T15:54:31.828+0000] {logging_mixin.py:151} INFO - [2023-10-10T15:54:31.828+0000] {dag.py:2915} INFO - Sync 1 DAGs
[2023-10-10T15:54:31.856+0000] {logging_mixin.py:151} INFO - [2023-10-10T15:54:31.856+0000] {dag.py:3696} INFO - Setting next_dagrun for example_skip_dag to 2023-10-09T15:54:31.856215+00:00, run_after=2023-10-10T15:54:31.856215+00:00
[2023-10-10T15:54:31.878+0000] {processor.py:179} INFO - Processing /home/airflow/.local/lib/python3.8/site-packages/airflow/example_dags/example_skip_dag.py took 0.092 seconds
[2023-10-10T15:55:02.983+0000] {processor.py:157} INFO - Started process (PID=3440) to work on /home/airflow/.local/lib/python3.8/site-packages/airflow/example_dags/example_skip_dag.py
[2023-10-10T15:55:02.984+0000] {processor.py:829} INFO - Processing file /home/airflow/.local/lib/python3.8/site-packages/airflow/example_dags/example_skip_dag.py for tasks to queue
[2023-10-10T15:55:02.986+0000] {logging_mixin.py:151} INFO - [2023-10-10T15:55:02.986+0000] {dagbag.py:539} INFO - Filling up the DagBag from /home/airflow/.local/lib/python3.8/site-packages/airflow/example_dags/example_skip_dag.py
[2023-10-10T15:55:02.992+0000] {processor.py:839} INFO - DAG(s) dict_keys(['example_skip_dag']) retrieved from /home/airflow/.local/lib/python3.8/site-packages/airflow/example_dags/example_skip_dag.py
[2023-10-10T15:55:03.011+0000] {logging_mixin.py:151} INFO - [2023-10-10T15:55:03.011+0000] {dag.py:2915} INFO - Sync 1 DAGs
[2023-10-10T15:55:03.031+0000] {logging_mixin.py:151} INFO - [2023-10-10T15:55:03.031+0000] {dag.py:3696} INFO - Setting next_dagrun for example_skip_dag to 2023-10-09T15:55:03.031364+00:00, run_after=2023-10-10T15:55:03.031364+00:00
[2023-10-10T15:55:03.046+0000] {processor.py:179} INFO - Processing /home/airflow/.local/lib/python3.8/site-packages/airflow/example_dags/example_skip_dag.py took 0.066 seconds
[2023-10-10T15:55:34.294+0000] {processor.py:157} INFO - Started process (PID=3495) to work on /home/airflow/.local/lib/python3.8/site-packages/airflow/example_dags/example_skip_dag.py
[2023-10-10T15:55:34.295+0000] {processor.py:829} INFO - Processing file /home/airflow/.local/lib/python3.8/site-packages/airflow/example_dags/example_skip_dag.py for tasks to queue
[2023-10-10T15:55:34.297+0000] {logging_mixin.py:151} INFO - [2023-10-10T15:55:34.296+0000] {dagbag.py:539} INFO - Filling up the DagBag from /home/airflow/.local/lib/python3.8/site-packages/airflow/example_dags/example_skip_dag.py
[2023-10-10T15:55:34.302+0000] {processor.py:839} INFO - DAG(s) dict_keys(['example_skip_dag']) retrieved from /home/airflow/.local/lib/python3.8/site-packages/airflow/example_dags/example_skip_dag.py
[2023-10-10T15:55:34.322+0000] {logging_mixin.py:151} INFO - [2023-10-10T15:55:34.322+0000] {dag.py:2915} INFO - Sync 1 DAGs
[2023-10-10T15:55:34.343+0000] {logging_mixin.py:151} INFO - [2023-10-10T15:55:34.343+0000] {dag.py:3696} INFO - Setting next_dagrun for example_skip_dag to 2023-10-09T15:55:34.343400+00:00, run_after=2023-10-10T15:55:34.343400+00:00
[2023-10-10T15:55:34.358+0000] {processor.py:179} INFO - Processing /home/airflow/.local/lib/python3.8/site-packages/airflow/example_dags/example_skip_dag.py took 0.066 seconds
[2023-10-10T15:56:06.062+0000] {processor.py:157} INFO - Started process (PID=3553) to work on /home/airflow/.local/lib/python3.8/site-packages/airflow/example_dags/example_skip_dag.py
[2023-10-10T15:56:06.063+0000] {processor.py:829} INFO - Processing file /home/airflow/.local/lib/python3.8/site-packages/airflow/example_dags/example_skip_dag.py for tasks to queue
[2023-10-10T15:56:06.064+0000] {logging_mixin.py:151} INFO - [2023-10-10T15:56:06.064+0000] {dagbag.py:539} INFO - Filling up the DagBag from /home/airflow/.local/lib/python3.8/site-packages/airflow/example_dags/example_skip_dag.py
[2023-10-10T15:56:06.069+0000] {processor.py:839} INFO - DAG(s) dict_keys(['example_skip_dag']) retrieved from /home/airflow/.local/lib/python3.8/site-packages/airflow/example_dags/example_skip_dag.py
[2023-10-10T15:56:06.089+0000] {logging_mixin.py:151} INFO - [2023-10-10T15:56:06.089+0000] {dag.py:2915} INFO - Sync 1 DAGs
[2023-10-10T15:56:06.108+0000] {logging_mixin.py:151} INFO - [2023-10-10T15:56:06.107+0000] {dag.py:3696} INFO - Setting next_dagrun for example_skip_dag to 2023-10-09T15:56:06.107690+00:00, run_after=2023-10-10T15:56:06.107690+00:00
[2023-10-10T15:56:06.123+0000] {processor.py:179} INFO - Processing /home/airflow/.local/lib/python3.8/site-packages/airflow/example_dags/example_skip_dag.py took 0.064 seconds
[2023-10-10T15:56:37.102+0000] {processor.py:157} INFO - Started process (PID=3607) to work on /home/airflow/.local/lib/python3.8/site-packages/airflow/example_dags/example_skip_dag.py
[2023-10-10T15:56:37.103+0000] {processor.py:829} INFO - Processing file /home/airflow/.local/lib/python3.8/site-packages/airflow/example_dags/example_skip_dag.py for tasks to queue
[2023-10-10T15:56:37.104+0000] {logging_mixin.py:151} INFO - [2023-10-10T15:56:37.104+0000] {dagbag.py:539} INFO - Filling up the DagBag from /home/airflow/.local/lib/python3.8/site-packages/airflow/example_dags/example_skip_dag.py
[2023-10-10T15:56:37.109+0000] {processor.py:839} INFO - DAG(s) dict_keys(['example_skip_dag']) retrieved from /home/airflow/.local/lib/python3.8/site-packages/airflow/example_dags/example_skip_dag.py
[2023-10-10T15:56:37.127+0000] {logging_mixin.py:151} INFO - [2023-10-10T15:56:37.127+0000] {dag.py:2915} INFO - Sync 1 DAGs
[2023-10-10T15:56:37.146+0000] {logging_mixin.py:151} INFO - [2023-10-10T15:56:37.146+0000] {dag.py:3696} INFO - Setting next_dagrun for example_skip_dag to 2023-10-09T15:56:37.145970+00:00, run_after=2023-10-10T15:56:37.145970+00:00
[2023-10-10T15:56:37.164+0000] {processor.py:179} INFO - Processing /home/airflow/.local/lib/python3.8/site-packages/airflow/example_dags/example_skip_dag.py took 0.064 seconds
[2023-10-10T15:57:08.094+0000] {processor.py:157} INFO - Started process (PID=3661) to work on /home/airflow/.local/lib/python3.8/site-packages/airflow/example_dags/example_skip_dag.py
[2023-10-10T15:57:08.096+0000] {processor.py:829} INFO - Processing file /home/airflow/.local/lib/python3.8/site-packages/airflow/example_dags/example_skip_dag.py for tasks to queue
[2023-10-10T15:57:08.102+0000] {logging_mixin.py:151} INFO - [2023-10-10T15:57:08.102+0000] {dagbag.py:539} INFO - Filling up the DagBag from /home/airflow/.local/lib/python3.8/site-packages/airflow/example_dags/example_skip_dag.py
[2023-10-10T15:57:08.114+0000] {processor.py:839} INFO - DAG(s) dict_keys(['example_skip_dag']) retrieved from /home/airflow/.local/lib/python3.8/site-packages/airflow/example_dags/example_skip_dag.py
[2023-10-10T15:57:08.136+0000] {logging_mixin.py:151} INFO - [2023-10-10T15:57:08.135+0000] {dag.py:2915} INFO - Sync 1 DAGs
[2023-10-10T15:57:08.195+0000] {logging_mixin.py:151} INFO - [2023-10-10T15:57:08.195+0000] {dag.py:3696} INFO - Setting next_dagrun for example_skip_dag to 2023-10-09T15:57:08.194895+00:00, run_after=2023-10-10T15:57:08.194895+00:00
[2023-10-10T15:57:08.217+0000] {processor.py:179} INFO - Processing /home/airflow/.local/lib/python3.8/site-packages/airflow/example_dags/example_skip_dag.py took 0.131 seconds
[2023-10-10T16:51:14.858+0000] {processor.py:157} INFO - Started process (PID=175) to work on /home/airflow/.local/lib/python3.8/site-packages/airflow/example_dags/example_skip_dag.py
[2023-10-10T16:51:14.863+0000] {processor.py:829} INFO - Processing file /home/airflow/.local/lib/python3.8/site-packages/airflow/example_dags/example_skip_dag.py for tasks to queue
[2023-10-10T16:51:14.864+0000] {logging_mixin.py:151} INFO - [2023-10-10T16:51:14.864+0000] {dagbag.py:539} INFO - Filling up the DagBag from /home/airflow/.local/lib/python3.8/site-packages/airflow/example_dags/example_skip_dag.py
[2023-10-10T16:51:14.872+0000] {processor.py:839} INFO - DAG(s) dict_keys(['example_skip_dag']) retrieved from /home/airflow/.local/lib/python3.8/site-packages/airflow/example_dags/example_skip_dag.py
[2023-10-10T16:51:14.892+0000] {logging_mixin.py:151} INFO - [2023-10-10T16:51:14.892+0000] {dag.py:2915} INFO - Sync 1 DAGs
[2023-10-10T16:51:14.913+0000] {logging_mixin.py:151} INFO - [2023-10-10T16:51:14.913+0000] {dag.py:3696} INFO - Setting next_dagrun for example_skip_dag to 2023-10-09T16:51:14.913102+00:00, run_after=2023-10-10T16:51:14.913102+00:00
[2023-10-10T16:51:14.930+0000] {processor.py:179} INFO - Processing /home/airflow/.local/lib/python3.8/site-packages/airflow/example_dags/example_skip_dag.py took 0.074 seconds
[2023-10-10T16:51:47.655+0000] {processor.py:157} INFO - Started process (PID=229) to work on /home/airflow/.local/lib/python3.8/site-packages/airflow/example_dags/example_skip_dag.py
[2023-10-10T16:51:47.657+0000] {processor.py:829} INFO - Processing file /home/airflow/.local/lib/python3.8/site-packages/airflow/example_dags/example_skip_dag.py for tasks to queue
[2023-10-10T16:51:47.659+0000] {logging_mixin.py:151} INFO - [2023-10-10T16:51:47.659+0000] {dagbag.py:539} INFO - Filling up the DagBag from /home/airflow/.local/lib/python3.8/site-packages/airflow/example_dags/example_skip_dag.py
[2023-10-10T16:51:47.727+0000] {processor.py:839} INFO - DAG(s) dict_keys(['example_skip_dag']) retrieved from /home/airflow/.local/lib/python3.8/site-packages/airflow/example_dags/example_skip_dag.py
[2023-10-10T16:51:47.754+0000] {logging_mixin.py:151} INFO - [2023-10-10T16:51:47.754+0000] {dag.py:2915} INFO - Sync 1 DAGs
[2023-10-10T16:51:47.843+0000] {logging_mixin.py:151} INFO - [2023-10-10T16:51:47.842+0000] {dag.py:3696} INFO - Setting next_dagrun for example_skip_dag to 2023-10-09T16:51:47.842383+00:00, run_after=2023-10-10T16:51:47.842383+00:00
[2023-10-10T16:51:47.869+0000] {processor.py:179} INFO - Processing /home/airflow/.local/lib/python3.8/site-packages/airflow/example_dags/example_skip_dag.py took 0.218 seconds
[2023-10-10T16:52:18.465+0000] {processor.py:157} INFO - Started process (PID=289) to work on /home/airflow/.local/lib/python3.8/site-packages/airflow/example_dags/example_skip_dag.py
[2023-10-10T16:52:18.466+0000] {processor.py:829} INFO - Processing file /home/airflow/.local/lib/python3.8/site-packages/airflow/example_dags/example_skip_dag.py for tasks to queue
[2023-10-10T16:52:18.468+0000] {logging_mixin.py:151} INFO - [2023-10-10T16:52:18.468+0000] {dagbag.py:539} INFO - Filling up the DagBag from /home/airflow/.local/lib/python3.8/site-packages/airflow/example_dags/example_skip_dag.py
[2023-10-10T16:52:18.474+0000] {processor.py:839} INFO - DAG(s) dict_keys(['example_skip_dag']) retrieved from /home/airflow/.local/lib/python3.8/site-packages/airflow/example_dags/example_skip_dag.py
[2023-10-10T16:52:18.493+0000] {logging_mixin.py:151} INFO - [2023-10-10T16:52:18.492+0000] {dag.py:2915} INFO - Sync 1 DAGs
[2023-10-10T16:52:18.512+0000] {logging_mixin.py:151} INFO - [2023-10-10T16:52:18.512+0000] {dag.py:3696} INFO - Setting next_dagrun for example_skip_dag to 2023-10-09T16:52:18.512234+00:00, run_after=2023-10-10T16:52:18.512234+00:00
[2023-10-10T16:52:18.529+0000] {processor.py:179} INFO - Processing /home/airflow/.local/lib/python3.8/site-packages/airflow/example_dags/example_skip_dag.py took 0.066 seconds
[2023-10-10T16:52:49.086+0000] {processor.py:157} INFO - Started process (PID=343) to work on /home/airflow/.local/lib/python3.8/site-packages/airflow/example_dags/example_skip_dag.py
[2023-10-10T16:52:49.087+0000] {processor.py:829} INFO - Processing file /home/airflow/.local/lib/python3.8/site-packages/airflow/example_dags/example_skip_dag.py for tasks to queue
[2023-10-10T16:52:49.088+0000] {logging_mixin.py:151} INFO - [2023-10-10T16:52:49.088+0000] {dagbag.py:539} INFO - Filling up the DagBag from /home/airflow/.local/lib/python3.8/site-packages/airflow/example_dags/example_skip_dag.py
[2023-10-10T16:52:49.093+0000] {processor.py:839} INFO - DAG(s) dict_keys(['example_skip_dag']) retrieved from /home/airflow/.local/lib/python3.8/site-packages/airflow/example_dags/example_skip_dag.py
[2023-10-10T16:52:49.134+0000] {logging_mixin.py:151} INFO - [2023-10-10T16:52:49.134+0000] {dag.py:2915} INFO - Sync 1 DAGs
[2023-10-10T16:52:49.158+0000] {logging_mixin.py:151} INFO - [2023-10-10T16:52:49.157+0000] {dag.py:3696} INFO - Setting next_dagrun for example_skip_dag to 2023-10-09T16:52:49.157557+00:00, run_after=2023-10-10T16:52:49.157557+00:00
[2023-10-10T16:52:49.177+0000] {processor.py:179} INFO - Processing /home/airflow/.local/lib/python3.8/site-packages/airflow/example_dags/example_skip_dag.py took 0.094 seconds
[2023-10-10T16:53:19.677+0000] {processor.py:157} INFO - Started process (PID=397) to work on /home/airflow/.local/lib/python3.8/site-packages/airflow/example_dags/example_skip_dag.py
[2023-10-10T16:53:19.678+0000] {processor.py:829} INFO - Processing file /home/airflow/.local/lib/python3.8/site-packages/airflow/example_dags/example_skip_dag.py for tasks to queue
[2023-10-10T16:53:19.680+0000] {logging_mixin.py:151} INFO - [2023-10-10T16:53:19.680+0000] {dagbag.py:539} INFO - Filling up the DagBag from /home/airflow/.local/lib/python3.8/site-packages/airflow/example_dags/example_skip_dag.py
[2023-10-10T16:53:19.684+0000] {processor.py:839} INFO - DAG(s) dict_keys(['example_skip_dag']) retrieved from /home/airflow/.local/lib/python3.8/site-packages/airflow/example_dags/example_skip_dag.py
[2023-10-10T16:53:19.704+0000] {logging_mixin.py:151} INFO - [2023-10-10T16:53:19.704+0000] {dag.py:2915} INFO - Sync 1 DAGs
[2023-10-10T16:53:19.732+0000] {logging_mixin.py:151} INFO - [2023-10-10T16:53:19.732+0000] {dag.py:3696} INFO - Setting next_dagrun for example_skip_dag to 2023-10-09T16:53:19.731986+00:00, run_after=2023-10-10T16:53:19.731986+00:00
[2023-10-10T16:53:19.750+0000] {processor.py:179} INFO - Processing /home/airflow/.local/lib/python3.8/site-packages/airflow/example_dags/example_skip_dag.py took 0.074 seconds
[2023-10-10T16:53:50.443+0000] {processor.py:157} INFO - Started process (PID=451) to work on /home/airflow/.local/lib/python3.8/site-packages/airflow/example_dags/example_skip_dag.py
[2023-10-10T16:53:50.443+0000] {processor.py:829} INFO - Processing file /home/airflow/.local/lib/python3.8/site-packages/airflow/example_dags/example_skip_dag.py for tasks to queue
[2023-10-10T16:53:50.445+0000] {logging_mixin.py:151} INFO - [2023-10-10T16:53:50.445+0000] {dagbag.py:539} INFO - Filling up the DagBag from /home/airflow/.local/lib/python3.8/site-packages/airflow/example_dags/example_skip_dag.py
[2023-10-10T16:53:50.452+0000] {processor.py:839} INFO - DAG(s) dict_keys(['example_skip_dag']) retrieved from /home/airflow/.local/lib/python3.8/site-packages/airflow/example_dags/example_skip_dag.py
[2023-10-10T16:53:50.473+0000] {logging_mixin.py:151} INFO - [2023-10-10T16:53:50.473+0000] {dag.py:2915} INFO - Sync 1 DAGs
[2023-10-10T16:53:50.536+0000] {logging_mixin.py:151} INFO - [2023-10-10T16:53:50.535+0000] {dag.py:3696} INFO - Setting next_dagrun for example_skip_dag to 2023-10-09T16:53:50.535557+00:00, run_after=2023-10-10T16:53:50.535557+00:00
[2023-10-10T16:53:50.553+0000] {processor.py:179} INFO - Processing /home/airflow/.local/lib/python3.8/site-packages/airflow/example_dags/example_skip_dag.py took 0.113 seconds
[2023-10-10T16:54:21.471+0000] {processor.py:157} INFO - Started process (PID=505) to work on /home/airflow/.local/lib/python3.8/site-packages/airflow/example_dags/example_skip_dag.py
[2023-10-10T16:54:21.471+0000] {processor.py:829} INFO - Processing file /home/airflow/.local/lib/python3.8/site-packages/airflow/example_dags/example_skip_dag.py for tasks to queue
[2023-10-10T16:54:21.473+0000] {logging_mixin.py:151} INFO - [2023-10-10T16:54:21.473+0000] {dagbag.py:539} INFO - Filling up the DagBag from /home/airflow/.local/lib/python3.8/site-packages/airflow/example_dags/example_skip_dag.py
[2023-10-10T16:54:21.531+0000] {processor.py:839} INFO - DAG(s) dict_keys(['example_skip_dag']) retrieved from /home/airflow/.local/lib/python3.8/site-packages/airflow/example_dags/example_skip_dag.py
[2023-10-10T16:54:21.553+0000] {logging_mixin.py:151} INFO - [2023-10-10T16:54:21.552+0000] {dag.py:2915} INFO - Sync 1 DAGs
[2023-10-10T16:54:21.579+0000] {logging_mixin.py:151} INFO - [2023-10-10T16:54:21.579+0000] {dag.py:3696} INFO - Setting next_dagrun for example_skip_dag to 2023-10-09T16:54:21.578964+00:00, run_after=2023-10-10T16:54:21.578964+00:00
[2023-10-10T16:54:21.599+0000] {processor.py:179} INFO - Processing /home/airflow/.local/lib/python3.8/site-packages/airflow/example_dags/example_skip_dag.py took 0.131 seconds
[2023-10-10T16:54:52.382+0000] {processor.py:157} INFO - Started process (PID=559) to work on /home/airflow/.local/lib/python3.8/site-packages/airflow/example_dags/example_skip_dag.py
[2023-10-10T16:54:52.383+0000] {processor.py:829} INFO - Processing file /home/airflow/.local/lib/python3.8/site-packages/airflow/example_dags/example_skip_dag.py for tasks to queue
[2023-10-10T16:54:52.385+0000] {logging_mixin.py:151} INFO - [2023-10-10T16:54:52.384+0000] {dagbag.py:539} INFO - Filling up the DagBag from /home/airflow/.local/lib/python3.8/site-packages/airflow/example_dags/example_skip_dag.py
[2023-10-10T16:54:52.391+0000] {processor.py:839} INFO - DAG(s) dict_keys(['example_skip_dag']) retrieved from /home/airflow/.local/lib/python3.8/site-packages/airflow/example_dags/example_skip_dag.py
[2023-10-10T16:54:52.414+0000] {logging_mixin.py:151} INFO - [2023-10-10T16:54:52.414+0000] {dag.py:2915} INFO - Sync 1 DAGs
[2023-10-10T16:54:52.436+0000] {logging_mixin.py:151} INFO - [2023-10-10T16:54:52.436+0000] {dag.py:3696} INFO - Setting next_dagrun for example_skip_dag to 2023-10-09T16:54:52.436287+00:00, run_after=2023-10-10T16:54:52.436287+00:00
[2023-10-10T16:54:52.456+0000] {processor.py:179} INFO - Processing /home/airflow/.local/lib/python3.8/site-packages/airflow/example_dags/example_skip_dag.py took 0.077 seconds
