[2023-10-10T15:24:07.624+0000] {processor.py:157} INFO - Started process (PID=174) to work on /home/airflow/.local/lib/python3.8/site-packages/airflow/example_dags/example_sensors.py
[2023-10-10T15:24:07.625+0000] {processor.py:829} INFO - Processing file /home/airflow/.local/lib/python3.8/site-packages/airflow/example_dags/example_sensors.py for tasks to queue
[2023-10-10T15:24:07.626+0000] {logging_mixin.py:151} INFO - [2023-10-10T15:24:07.626+0000] {dagbag.py:539} INFO - Filling up the DagBag from /home/airflow/.local/lib/python3.8/site-packages/airflow/example_dags/example_sensors.py
[2023-10-10T15:24:07.638+0000] {processor.py:839} INFO - DAG(s) dict_keys(['example_sensors']) retrieved from /home/airflow/.local/lib/python3.8/site-packages/airflow/example_dags/example_sensors.py
[2023-10-10T15:24:07.656+0000] {logging_mixin.py:151} INFO - [2023-10-10T15:24:07.656+0000] {dag.py:2915} INFO - Sync 1 DAGs
[2023-10-10T15:24:07.670+0000] {logging_mixin.py:151} INFO - [2023-10-10T15:24:07.669+0000] {dag.py:3696} INFO - Setting next_dagrun for example_sensors to None, run_after=None
[2023-10-10T15:24:07.713+0000] {processor.py:179} INFO - Processing /home/airflow/.local/lib/python3.8/site-packages/airflow/example_dags/example_sensors.py took 0.092 seconds
[2023-10-10T15:24:38.746+0000] {processor.py:157} INFO - Started process (PID=228) to work on /home/airflow/.local/lib/python3.8/site-packages/airflow/example_dags/example_sensors.py
[2023-10-10T15:24:38.747+0000] {processor.py:829} INFO - Processing file /home/airflow/.local/lib/python3.8/site-packages/airflow/example_dags/example_sensors.py for tasks to queue
[2023-10-10T15:24:38.749+0000] {logging_mixin.py:151} INFO - [2023-10-10T15:24:38.749+0000] {dagbag.py:539} INFO - Filling up the DagBag from /home/airflow/.local/lib/python3.8/site-packages/airflow/example_dags/example_sensors.py
[2023-10-10T15:24:38.757+0000] {processor.py:839} INFO - DAG(s) dict_keys(['example_sensors']) retrieved from /home/airflow/.local/lib/python3.8/site-packages/airflow/example_dags/example_sensors.py
[2023-10-10T15:24:38.789+0000] {logging_mixin.py:151} INFO - [2023-10-10T15:24:38.789+0000] {dag.py:2915} INFO - Sync 1 DAGs
[2023-10-10T15:24:38.802+0000] {logging_mixin.py:151} INFO - [2023-10-10T15:24:38.802+0000] {dag.py:3696} INFO - Setting next_dagrun for example_sensors to None, run_after=None
[2023-10-10T15:24:38.821+0000] {processor.py:179} INFO - Processing /home/airflow/.local/lib/python3.8/site-packages/airflow/example_dags/example_sensors.py took 0.077 seconds
[2023-10-10T15:25:10.161+0000] {processor.py:157} INFO - Started process (PID=282) to work on /home/airflow/.local/lib/python3.8/site-packages/airflow/example_dags/example_sensors.py
[2023-10-10T15:25:10.162+0000] {processor.py:829} INFO - Processing file /home/airflow/.local/lib/python3.8/site-packages/airflow/example_dags/example_sensors.py for tasks to queue
[2023-10-10T15:25:10.164+0000] {logging_mixin.py:151} INFO - [2023-10-10T15:25:10.164+0000] {dagbag.py:539} INFO - Filling up the DagBag from /home/airflow/.local/lib/python3.8/site-packages/airflow/example_dags/example_sensors.py
[2023-10-10T15:25:10.174+0000] {processor.py:839} INFO - DAG(s) dict_keys(['example_sensors']) retrieved from /home/airflow/.local/lib/python3.8/site-packages/airflow/example_dags/example_sensors.py
[2023-10-10T15:25:10.207+0000] {logging_mixin.py:151} INFO - [2023-10-10T15:25:10.207+0000] {dag.py:2915} INFO - Sync 1 DAGs
[2023-10-10T15:25:10.223+0000] {logging_mixin.py:151} INFO - [2023-10-10T15:25:10.222+0000] {dag.py:3696} INFO - Setting next_dagrun for example_sensors to None, run_after=None
[2023-10-10T15:25:10.245+0000] {processor.py:179} INFO - Processing /home/airflow/.local/lib/python3.8/site-packages/airflow/example_dags/example_sensors.py took 0.087 seconds
[2023-10-10T15:25:40.877+0000] {processor.py:157} INFO - Started process (PID=336) to work on /home/airflow/.local/lib/python3.8/site-packages/airflow/example_dags/example_sensors.py
[2023-10-10T15:25:40.878+0000] {processor.py:829} INFO - Processing file /home/airflow/.local/lib/python3.8/site-packages/airflow/example_dags/example_sensors.py for tasks to queue
[2023-10-10T15:25:40.881+0000] {logging_mixin.py:151} INFO - [2023-10-10T15:25:40.880+0000] {dagbag.py:539} INFO - Filling up the DagBag from /home/airflow/.local/lib/python3.8/site-packages/airflow/example_dags/example_sensors.py
[2023-10-10T15:25:40.890+0000] {processor.py:839} INFO - DAG(s) dict_keys(['example_sensors']) retrieved from /home/airflow/.local/lib/python3.8/site-packages/airflow/example_dags/example_sensors.py
[2023-10-10T15:25:40.916+0000] {logging_mixin.py:151} INFO - [2023-10-10T15:25:40.915+0000] {dag.py:2915} INFO - Sync 1 DAGs
[2023-10-10T15:25:40.928+0000] {logging_mixin.py:151} INFO - [2023-10-10T15:25:40.927+0000] {dag.py:3696} INFO - Setting next_dagrun for example_sensors to None, run_after=None
[2023-10-10T15:25:40.946+0000] {processor.py:179} INFO - Processing /home/airflow/.local/lib/python3.8/site-packages/airflow/example_dags/example_sensors.py took 0.072 seconds
[2023-10-10T15:26:11.547+0000] {processor.py:157} INFO - Started process (PID=390) to work on /home/airflow/.local/lib/python3.8/site-packages/airflow/example_dags/example_sensors.py
[2023-10-10T15:26:11.548+0000] {processor.py:829} INFO - Processing file /home/airflow/.local/lib/python3.8/site-packages/airflow/example_dags/example_sensors.py for tasks to queue
[2023-10-10T15:26:11.550+0000] {logging_mixin.py:151} INFO - [2023-10-10T15:26:11.550+0000] {dagbag.py:539} INFO - Filling up the DagBag from /home/airflow/.local/lib/python3.8/site-packages/airflow/example_dags/example_sensors.py
[2023-10-10T15:26:11.558+0000] {processor.py:839} INFO - DAG(s) dict_keys(['example_sensors']) retrieved from /home/airflow/.local/lib/python3.8/site-packages/airflow/example_dags/example_sensors.py
[2023-10-10T15:26:11.578+0000] {logging_mixin.py:151} INFO - [2023-10-10T15:26:11.578+0000] {dag.py:2915} INFO - Sync 1 DAGs
[2023-10-10T15:26:11.588+0000] {logging_mixin.py:151} INFO - [2023-10-10T15:26:11.588+0000] {dag.py:3696} INFO - Setting next_dagrun for example_sensors to None, run_after=None
[2023-10-10T15:26:11.606+0000] {processor.py:179} INFO - Processing /home/airflow/.local/lib/python3.8/site-packages/airflow/example_dags/example_sensors.py took 0.061 seconds
[2023-10-10T15:26:42.082+0000] {processor.py:157} INFO - Started process (PID=444) to work on /home/airflow/.local/lib/python3.8/site-packages/airflow/example_dags/example_sensors.py
[2023-10-10T15:26:42.083+0000] {processor.py:829} INFO - Processing file /home/airflow/.local/lib/python3.8/site-packages/airflow/example_dags/example_sensors.py for tasks to queue
[2023-10-10T15:26:42.084+0000] {logging_mixin.py:151} INFO - [2023-10-10T15:26:42.084+0000] {dagbag.py:539} INFO - Filling up the DagBag from /home/airflow/.local/lib/python3.8/site-packages/airflow/example_dags/example_sensors.py
[2023-10-10T15:26:42.092+0000] {processor.py:839} INFO - DAG(s) dict_keys(['example_sensors']) retrieved from /home/airflow/.local/lib/python3.8/site-packages/airflow/example_dags/example_sensors.py
[2023-10-10T15:26:42.116+0000] {logging_mixin.py:151} INFO - [2023-10-10T15:26:42.115+0000] {dag.py:2915} INFO - Sync 1 DAGs
[2023-10-10T15:26:42.127+0000] {logging_mixin.py:151} INFO - [2023-10-10T15:26:42.127+0000] {dag.py:3696} INFO - Setting next_dagrun for example_sensors to None, run_after=None
[2023-10-10T15:26:42.144+0000] {processor.py:179} INFO - Processing /home/airflow/.local/lib/python3.8/site-packages/airflow/example_dags/example_sensors.py took 0.064 seconds
[2023-10-10T15:27:12.749+0000] {processor.py:157} INFO - Started process (PID=498) to work on /home/airflow/.local/lib/python3.8/site-packages/airflow/example_dags/example_sensors.py
[2023-10-10T15:27:12.750+0000] {processor.py:829} INFO - Processing file /home/airflow/.local/lib/python3.8/site-packages/airflow/example_dags/example_sensors.py for tasks to queue
[2023-10-10T15:27:12.752+0000] {logging_mixin.py:151} INFO - [2023-10-10T15:27:12.751+0000] {dagbag.py:539} INFO - Filling up the DagBag from /home/airflow/.local/lib/python3.8/site-packages/airflow/example_dags/example_sensors.py
[2023-10-10T15:27:12.759+0000] {processor.py:839} INFO - DAG(s) dict_keys(['example_sensors']) retrieved from /home/airflow/.local/lib/python3.8/site-packages/airflow/example_dags/example_sensors.py
[2023-10-10T15:27:12.786+0000] {logging_mixin.py:151} INFO - [2023-10-10T15:27:12.786+0000] {dag.py:2915} INFO - Sync 1 DAGs
[2023-10-10T15:27:12.800+0000] {logging_mixin.py:151} INFO - [2023-10-10T15:27:12.800+0000] {dag.py:3696} INFO - Setting next_dagrun for example_sensors to None, run_after=None
[2023-10-10T15:27:12.818+0000] {processor.py:179} INFO - Processing /home/airflow/.local/lib/python3.8/site-packages/airflow/example_dags/example_sensors.py took 0.071 seconds
[2023-10-10T15:27:43.428+0000] {processor.py:157} INFO - Started process (PID=552) to work on /home/airflow/.local/lib/python3.8/site-packages/airflow/example_dags/example_sensors.py
[2023-10-10T15:27:43.429+0000] {processor.py:829} INFO - Processing file /home/airflow/.local/lib/python3.8/site-packages/airflow/example_dags/example_sensors.py for tasks to queue
[2023-10-10T15:27:43.431+0000] {logging_mixin.py:151} INFO - [2023-10-10T15:27:43.431+0000] {dagbag.py:539} INFO - Filling up the DagBag from /home/airflow/.local/lib/python3.8/site-packages/airflow/example_dags/example_sensors.py
[2023-10-10T15:27:43.441+0000] {processor.py:839} INFO - DAG(s) dict_keys(['example_sensors']) retrieved from /home/airflow/.local/lib/python3.8/site-packages/airflow/example_dags/example_sensors.py
[2023-10-10T15:27:43.480+0000] {logging_mixin.py:151} INFO - [2023-10-10T15:27:43.480+0000] {dag.py:2915} INFO - Sync 1 DAGs
[2023-10-10T15:27:43.495+0000] {logging_mixin.py:151} INFO - [2023-10-10T15:27:43.495+0000] {dag.py:3696} INFO - Setting next_dagrun for example_sensors to None, run_after=None
[2023-10-10T15:27:43.514+0000] {processor.py:179} INFO - Processing /home/airflow/.local/lib/python3.8/site-packages/airflow/example_dags/example_sensors.py took 0.089 seconds
[2023-10-10T15:28:14.299+0000] {processor.py:157} INFO - Started process (PID=606) to work on /home/airflow/.local/lib/python3.8/site-packages/airflow/example_dags/example_sensors.py
[2023-10-10T15:28:14.300+0000] {processor.py:829} INFO - Processing file /home/airflow/.local/lib/python3.8/site-packages/airflow/example_dags/example_sensors.py for tasks to queue
[2023-10-10T15:28:14.302+0000] {logging_mixin.py:151} INFO - [2023-10-10T15:28:14.302+0000] {dagbag.py:539} INFO - Filling up the DagBag from /home/airflow/.local/lib/python3.8/site-packages/airflow/example_dags/example_sensors.py
[2023-10-10T15:28:14.310+0000] {processor.py:839} INFO - DAG(s) dict_keys(['example_sensors']) retrieved from /home/airflow/.local/lib/python3.8/site-packages/airflow/example_dags/example_sensors.py
[2023-10-10T15:28:14.336+0000] {logging_mixin.py:151} INFO - [2023-10-10T15:28:14.336+0000] {dag.py:2915} INFO - Sync 1 DAGs
[2023-10-10T15:28:14.347+0000] {logging_mixin.py:151} INFO - [2023-10-10T15:28:14.347+0000] {dag.py:3696} INFO - Setting next_dagrun for example_sensors to None, run_after=None
[2023-10-10T15:28:14.361+0000] {processor.py:179} INFO - Processing /home/airflow/.local/lib/python3.8/site-packages/airflow/example_dags/example_sensors.py took 0.065 seconds
[2023-10-10T15:28:45.031+0000] {processor.py:157} INFO - Started process (PID=660) to work on /home/airflow/.local/lib/python3.8/site-packages/airflow/example_dags/example_sensors.py
[2023-10-10T15:28:45.032+0000] {processor.py:829} INFO - Processing file /home/airflow/.local/lib/python3.8/site-packages/airflow/example_dags/example_sensors.py for tasks to queue
[2023-10-10T15:28:45.033+0000] {logging_mixin.py:151} INFO - [2023-10-10T15:28:45.033+0000] {dagbag.py:539} INFO - Filling up the DagBag from /home/airflow/.local/lib/python3.8/site-packages/airflow/example_dags/example_sensors.py
[2023-10-10T15:28:45.041+0000] {processor.py:839} INFO - DAG(s) dict_keys(['example_sensors']) retrieved from /home/airflow/.local/lib/python3.8/site-packages/airflow/example_dags/example_sensors.py
[2023-10-10T15:28:45.065+0000] {logging_mixin.py:151} INFO - [2023-10-10T15:28:45.065+0000] {dag.py:2915} INFO - Sync 1 DAGs
[2023-10-10T15:28:45.077+0000] {logging_mixin.py:151} INFO - [2023-10-10T15:28:45.076+0000] {dag.py:3696} INFO - Setting next_dagrun for example_sensors to None, run_after=None
[2023-10-10T15:28:45.095+0000] {processor.py:179} INFO - Processing /home/airflow/.local/lib/python3.8/site-packages/airflow/example_dags/example_sensors.py took 0.066 seconds
[2023-10-10T15:29:16.838+0000] {processor.py:157} INFO - Started process (PID=714) to work on /home/airflow/.local/lib/python3.8/site-packages/airflow/example_dags/example_sensors.py
[2023-10-10T15:29:16.839+0000] {processor.py:829} INFO - Processing file /home/airflow/.local/lib/python3.8/site-packages/airflow/example_dags/example_sensors.py for tasks to queue
[2023-10-10T15:29:16.841+0000] {logging_mixin.py:151} INFO - [2023-10-10T15:29:16.840+0000] {dagbag.py:539} INFO - Filling up the DagBag from /home/airflow/.local/lib/python3.8/site-packages/airflow/example_dags/example_sensors.py
[2023-10-10T15:29:16.849+0000] {processor.py:839} INFO - DAG(s) dict_keys(['example_sensors']) retrieved from /home/airflow/.local/lib/python3.8/site-packages/airflow/example_dags/example_sensors.py
[2023-10-10T15:29:16.896+0000] {logging_mixin.py:151} INFO - [2023-10-10T15:29:16.896+0000] {dag.py:2915} INFO - Sync 1 DAGs
[2023-10-10T15:29:16.909+0000] {logging_mixin.py:151} INFO - [2023-10-10T15:29:16.909+0000] {dag.py:3696} INFO - Setting next_dagrun for example_sensors to None, run_after=None
[2023-10-10T15:29:16.927+0000] {processor.py:179} INFO - Processing /home/airflow/.local/lib/python3.8/site-packages/airflow/example_dags/example_sensors.py took 0.092 seconds
[2023-10-10T15:29:47.848+0000] {processor.py:157} INFO - Started process (PID=768) to work on /home/airflow/.local/lib/python3.8/site-packages/airflow/example_dags/example_sensors.py
[2023-10-10T15:29:47.849+0000] {processor.py:829} INFO - Processing file /home/airflow/.local/lib/python3.8/site-packages/airflow/example_dags/example_sensors.py for tasks to queue
[2023-10-10T15:29:47.851+0000] {logging_mixin.py:151} INFO - [2023-10-10T15:29:47.850+0000] {dagbag.py:539} INFO - Filling up the DagBag from /home/airflow/.local/lib/python3.8/site-packages/airflow/example_dags/example_sensors.py
[2023-10-10T15:29:47.859+0000] {processor.py:839} INFO - DAG(s) dict_keys(['example_sensors']) retrieved from /home/airflow/.local/lib/python3.8/site-packages/airflow/example_dags/example_sensors.py
[2023-10-10T15:29:47.889+0000] {logging_mixin.py:151} INFO - [2023-10-10T15:29:47.888+0000] {dag.py:2915} INFO - Sync 1 DAGs
[2023-10-10T15:29:47.904+0000] {logging_mixin.py:151} INFO - [2023-10-10T15:29:47.904+0000] {dag.py:3696} INFO - Setting next_dagrun for example_sensors to None, run_after=None
[2023-10-10T15:29:47.924+0000] {processor.py:179} INFO - Processing /home/airflow/.local/lib/python3.8/site-packages/airflow/example_dags/example_sensors.py took 0.079 seconds
[2023-10-10T15:30:18.258+0000] {processor.py:157} INFO - Started process (PID=822) to work on /home/airflow/.local/lib/python3.8/site-packages/airflow/example_dags/example_sensors.py
[2023-10-10T15:30:18.259+0000] {processor.py:829} INFO - Processing file /home/airflow/.local/lib/python3.8/site-packages/airflow/example_dags/example_sensors.py for tasks to queue
[2023-10-10T15:30:18.261+0000] {logging_mixin.py:151} INFO - [2023-10-10T15:30:18.260+0000] {dagbag.py:539} INFO - Filling up the DagBag from /home/airflow/.local/lib/python3.8/site-packages/airflow/example_dags/example_sensors.py
[2023-10-10T15:30:18.268+0000] {processor.py:839} INFO - DAG(s) dict_keys(['example_sensors']) retrieved from /home/airflow/.local/lib/python3.8/site-packages/airflow/example_dags/example_sensors.py
[2023-10-10T15:30:18.297+0000] {logging_mixin.py:151} INFO - [2023-10-10T15:30:18.297+0000] {dag.py:2915} INFO - Sync 1 DAGs
[2023-10-10T15:30:18.312+0000] {logging_mixin.py:151} INFO - [2023-10-10T15:30:18.311+0000] {dag.py:3696} INFO - Setting next_dagrun for example_sensors to None, run_after=None
[2023-10-10T15:30:18.327+0000] {processor.py:179} INFO - Processing /home/airflow/.local/lib/python3.8/site-packages/airflow/example_dags/example_sensors.py took 0.071 seconds
[2023-10-10T15:30:48.430+0000] {processor.py:157} INFO - Started process (PID=876) to work on /home/airflow/.local/lib/python3.8/site-packages/airflow/example_dags/example_sensors.py
[2023-10-10T15:30:48.431+0000] {processor.py:829} INFO - Processing file /home/airflow/.local/lib/python3.8/site-packages/airflow/example_dags/example_sensors.py for tasks to queue
[2023-10-10T15:30:48.433+0000] {logging_mixin.py:151} INFO - [2023-10-10T15:30:48.433+0000] {dagbag.py:539} INFO - Filling up the DagBag from /home/airflow/.local/lib/python3.8/site-packages/airflow/example_dags/example_sensors.py
[2023-10-10T15:30:48.441+0000] {processor.py:839} INFO - DAG(s) dict_keys(['example_sensors']) retrieved from /home/airflow/.local/lib/python3.8/site-packages/airflow/example_dags/example_sensors.py
[2023-10-10T15:30:48.463+0000] {logging_mixin.py:151} INFO - [2023-10-10T15:30:48.463+0000] {dag.py:2915} INFO - Sync 1 DAGs
[2023-10-10T15:30:48.475+0000] {logging_mixin.py:151} INFO - [2023-10-10T15:30:48.475+0000] {dag.py:3696} INFO - Setting next_dagrun for example_sensors to None, run_after=None
[2023-10-10T15:30:48.492+0000] {processor.py:179} INFO - Processing /home/airflow/.local/lib/python3.8/site-packages/airflow/example_dags/example_sensors.py took 0.066 seconds
[2023-10-10T15:31:19.596+0000] {processor.py:157} INFO - Started process (PID=930) to work on /home/airflow/.local/lib/python3.8/site-packages/airflow/example_dags/example_sensors.py
[2023-10-10T15:31:19.597+0000] {processor.py:829} INFO - Processing file /home/airflow/.local/lib/python3.8/site-packages/airflow/example_dags/example_sensors.py for tasks to queue
[2023-10-10T15:31:19.598+0000] {logging_mixin.py:151} INFO - [2023-10-10T15:31:19.598+0000] {dagbag.py:539} INFO - Filling up the DagBag from /home/airflow/.local/lib/python3.8/site-packages/airflow/example_dags/example_sensors.py
[2023-10-10T15:31:19.608+0000] {processor.py:839} INFO - DAG(s) dict_keys(['example_sensors']) retrieved from /home/airflow/.local/lib/python3.8/site-packages/airflow/example_dags/example_sensors.py
[2023-10-10T15:31:19.633+0000] {logging_mixin.py:151} INFO - [2023-10-10T15:31:19.633+0000] {dag.py:2915} INFO - Sync 1 DAGs
[2023-10-10T15:31:19.644+0000] {logging_mixin.py:151} INFO - [2023-10-10T15:31:19.644+0000] {dag.py:3696} INFO - Setting next_dagrun for example_sensors to None, run_after=None
[2023-10-10T15:31:19.657+0000] {processor.py:179} INFO - Processing /home/airflow/.local/lib/python3.8/site-packages/airflow/example_dags/example_sensors.py took 0.064 seconds
[2023-10-10T15:31:50.860+0000] {processor.py:157} INFO - Started process (PID=984) to work on /home/airflow/.local/lib/python3.8/site-packages/airflow/example_dags/example_sensors.py
[2023-10-10T15:31:50.861+0000] {processor.py:829} INFO - Processing file /home/airflow/.local/lib/python3.8/site-packages/airflow/example_dags/example_sensors.py for tasks to queue
[2023-10-10T15:31:50.862+0000] {logging_mixin.py:151} INFO - [2023-10-10T15:31:50.862+0000] {dagbag.py:539} INFO - Filling up the DagBag from /home/airflow/.local/lib/python3.8/site-packages/airflow/example_dags/example_sensors.py
[2023-10-10T15:31:50.870+0000] {processor.py:839} INFO - DAG(s) dict_keys(['example_sensors']) retrieved from /home/airflow/.local/lib/python3.8/site-packages/airflow/example_dags/example_sensors.py
[2023-10-10T15:31:50.894+0000] {logging_mixin.py:151} INFO - [2023-10-10T15:31:50.893+0000] {dag.py:2915} INFO - Sync 1 DAGs
[2023-10-10T15:31:50.906+0000] {logging_mixin.py:151} INFO - [2023-10-10T15:31:50.905+0000] {dag.py:3696} INFO - Setting next_dagrun for example_sensors to None, run_after=None
[2023-10-10T15:31:50.928+0000] {processor.py:179} INFO - Processing /home/airflow/.local/lib/python3.8/site-packages/airflow/example_dags/example_sensors.py took 0.071 seconds
[2023-10-10T15:32:21.734+0000] {processor.py:157} INFO - Started process (PID=1038) to work on /home/airflow/.local/lib/python3.8/site-packages/airflow/example_dags/example_sensors.py
[2023-10-10T15:32:21.735+0000] {processor.py:829} INFO - Processing file /home/airflow/.local/lib/python3.8/site-packages/airflow/example_dags/example_sensors.py for tasks to queue
[2023-10-10T15:32:21.737+0000] {logging_mixin.py:151} INFO - [2023-10-10T15:32:21.737+0000] {dagbag.py:539} INFO - Filling up the DagBag from /home/airflow/.local/lib/python3.8/site-packages/airflow/example_dags/example_sensors.py
[2023-10-10T15:32:21.745+0000] {processor.py:839} INFO - DAG(s) dict_keys(['example_sensors']) retrieved from /home/airflow/.local/lib/python3.8/site-packages/airflow/example_dags/example_sensors.py
[2023-10-10T15:32:21.781+0000] {logging_mixin.py:151} INFO - [2023-10-10T15:32:21.780+0000] {dag.py:2915} INFO - Sync 1 DAGs
[2023-10-10T15:32:21.793+0000] {logging_mixin.py:151} INFO - [2023-10-10T15:32:21.793+0000] {dag.py:3696} INFO - Setting next_dagrun for example_sensors to None, run_after=None
[2023-10-10T15:32:21.811+0000] {processor.py:179} INFO - Processing /home/airflow/.local/lib/python3.8/site-packages/airflow/example_dags/example_sensors.py took 0.080 seconds
[2023-10-10T15:32:52.524+0000] {processor.py:157} INFO - Started process (PID=1092) to work on /home/airflow/.local/lib/python3.8/site-packages/airflow/example_dags/example_sensors.py
[2023-10-10T15:32:52.525+0000] {processor.py:829} INFO - Processing file /home/airflow/.local/lib/python3.8/site-packages/airflow/example_dags/example_sensors.py for tasks to queue
[2023-10-10T15:32:52.528+0000] {logging_mixin.py:151} INFO - [2023-10-10T15:32:52.527+0000] {dagbag.py:539} INFO - Filling up the DagBag from /home/airflow/.local/lib/python3.8/site-packages/airflow/example_dags/example_sensors.py
[2023-10-10T15:32:52.539+0000] {processor.py:839} INFO - DAG(s) dict_keys(['example_sensors']) retrieved from /home/airflow/.local/lib/python3.8/site-packages/airflow/example_dags/example_sensors.py
[2023-10-10T15:32:52.565+0000] {logging_mixin.py:151} INFO - [2023-10-10T15:32:52.565+0000] {dag.py:2915} INFO - Sync 1 DAGs
[2023-10-10T15:32:52.587+0000] {logging_mixin.py:151} INFO - [2023-10-10T15:32:52.586+0000] {dag.py:3696} INFO - Setting next_dagrun for example_sensors to None, run_after=None
[2023-10-10T15:32:52.604+0000] {processor.py:179} INFO - Processing /home/airflow/.local/lib/python3.8/site-packages/airflow/example_dags/example_sensors.py took 0.084 seconds
[2023-10-10T15:33:23.086+0000] {processor.py:157} INFO - Started process (PID=1146) to work on /home/airflow/.local/lib/python3.8/site-packages/airflow/example_dags/example_sensors.py
[2023-10-10T15:33:23.087+0000] {processor.py:829} INFO - Processing file /home/airflow/.local/lib/python3.8/site-packages/airflow/example_dags/example_sensors.py for tasks to queue
[2023-10-10T15:33:23.088+0000] {logging_mixin.py:151} INFO - [2023-10-10T15:33:23.088+0000] {dagbag.py:539} INFO - Filling up the DagBag from /home/airflow/.local/lib/python3.8/site-packages/airflow/example_dags/example_sensors.py
[2023-10-10T15:33:23.098+0000] {processor.py:839} INFO - DAG(s) dict_keys(['example_sensors']) retrieved from /home/airflow/.local/lib/python3.8/site-packages/airflow/example_dags/example_sensors.py
[2023-10-10T15:33:23.129+0000] {logging_mixin.py:151} INFO - [2023-10-10T15:33:23.128+0000] {dag.py:2915} INFO - Sync 1 DAGs
[2023-10-10T15:33:23.142+0000] {logging_mixin.py:151} INFO - [2023-10-10T15:33:23.142+0000] {dag.py:3696} INFO - Setting next_dagrun for example_sensors to None, run_after=None
[2023-10-10T15:33:23.165+0000] {processor.py:179} INFO - Processing /home/airflow/.local/lib/python3.8/site-packages/airflow/example_dags/example_sensors.py took 0.083 seconds
[2023-10-10T15:33:53.436+0000] {processor.py:157} INFO - Started process (PID=1200) to work on /home/airflow/.local/lib/python3.8/site-packages/airflow/example_dags/example_sensors.py
[2023-10-10T15:33:53.437+0000] {processor.py:829} INFO - Processing file /home/airflow/.local/lib/python3.8/site-packages/airflow/example_dags/example_sensors.py for tasks to queue
[2023-10-10T15:33:53.439+0000] {logging_mixin.py:151} INFO - [2023-10-10T15:33:53.439+0000] {dagbag.py:539} INFO - Filling up the DagBag from /home/airflow/.local/lib/python3.8/site-packages/airflow/example_dags/example_sensors.py
[2023-10-10T15:33:53.450+0000] {processor.py:839} INFO - DAG(s) dict_keys(['example_sensors']) retrieved from /home/airflow/.local/lib/python3.8/site-packages/airflow/example_dags/example_sensors.py
[2023-10-10T15:33:53.479+0000] {logging_mixin.py:151} INFO - [2023-10-10T15:33:53.479+0000] {dag.py:2915} INFO - Sync 1 DAGs
[2023-10-10T15:33:53.493+0000] {logging_mixin.py:151} INFO - [2023-10-10T15:33:53.493+0000] {dag.py:3696} INFO - Setting next_dagrun for example_sensors to None, run_after=None
[2023-10-10T15:33:53.516+0000] {processor.py:179} INFO - Processing /home/airflow/.local/lib/python3.8/site-packages/airflow/example_dags/example_sensors.py took 0.084 seconds
[2023-10-10T15:34:24.354+0000] {processor.py:157} INFO - Started process (PID=1261) to work on /home/airflow/.local/lib/python3.8/site-packages/airflow/example_dags/example_sensors.py
[2023-10-10T15:34:24.358+0000] {processor.py:829} INFO - Processing file /home/airflow/.local/lib/python3.8/site-packages/airflow/example_dags/example_sensors.py for tasks to queue
[2023-10-10T15:34:24.360+0000] {logging_mixin.py:151} INFO - [2023-10-10T15:34:24.360+0000] {dagbag.py:539} INFO - Filling up the DagBag from /home/airflow/.local/lib/python3.8/site-packages/airflow/example_dags/example_sensors.py
[2023-10-10T15:34:24.369+0000] {processor.py:839} INFO - DAG(s) dict_keys(['example_sensors']) retrieved from /home/airflow/.local/lib/python3.8/site-packages/airflow/example_dags/example_sensors.py
[2023-10-10T15:34:24.394+0000] {logging_mixin.py:151} INFO - [2023-10-10T15:34:24.394+0000] {dag.py:2915} INFO - Sync 1 DAGs
[2023-10-10T15:34:24.406+0000] {logging_mixin.py:151} INFO - [2023-10-10T15:34:24.406+0000] {dag.py:3696} INFO - Setting next_dagrun for example_sensors to None, run_after=None
[2023-10-10T15:34:24.425+0000] {processor.py:179} INFO - Processing /home/airflow/.local/lib/python3.8/site-packages/airflow/example_dags/example_sensors.py took 0.074 seconds
[2023-10-10T15:34:55.093+0000] {processor.py:157} INFO - Started process (PID=1314) to work on /home/airflow/.local/lib/python3.8/site-packages/airflow/example_dags/example_sensors.py
[2023-10-10T15:34:55.094+0000] {processor.py:829} INFO - Processing file /home/airflow/.local/lib/python3.8/site-packages/airflow/example_dags/example_sensors.py for tasks to queue
[2023-10-10T15:34:55.096+0000] {logging_mixin.py:151} INFO - [2023-10-10T15:34:55.096+0000] {dagbag.py:539} INFO - Filling up the DagBag from /home/airflow/.local/lib/python3.8/site-packages/airflow/example_dags/example_sensors.py
[2023-10-10T15:34:55.107+0000] {processor.py:839} INFO - DAG(s) dict_keys(['example_sensors']) retrieved from /home/airflow/.local/lib/python3.8/site-packages/airflow/example_dags/example_sensors.py
[2023-10-10T15:34:55.136+0000] {logging_mixin.py:151} INFO - [2023-10-10T15:34:55.135+0000] {dag.py:2915} INFO - Sync 1 DAGs
[2023-10-10T15:34:55.149+0000] {logging_mixin.py:151} INFO - [2023-10-10T15:34:55.149+0000] {dag.py:3696} INFO - Setting next_dagrun for example_sensors to None, run_after=None
[2023-10-10T15:34:55.166+0000] {processor.py:179} INFO - Processing /home/airflow/.local/lib/python3.8/site-packages/airflow/example_dags/example_sensors.py took 0.077 seconds
[2023-10-10T15:35:26.350+0000] {processor.py:157} INFO - Started process (PID=1368) to work on /home/airflow/.local/lib/python3.8/site-packages/airflow/example_dags/example_sensors.py
[2023-10-10T15:35:26.351+0000] {processor.py:829} INFO - Processing file /home/airflow/.local/lib/python3.8/site-packages/airflow/example_dags/example_sensors.py for tasks to queue
[2023-10-10T15:35:26.353+0000] {logging_mixin.py:151} INFO - [2023-10-10T15:35:26.353+0000] {dagbag.py:539} INFO - Filling up the DagBag from /home/airflow/.local/lib/python3.8/site-packages/airflow/example_dags/example_sensors.py
[2023-10-10T15:35:26.362+0000] {processor.py:839} INFO - DAG(s) dict_keys(['example_sensors']) retrieved from /home/airflow/.local/lib/python3.8/site-packages/airflow/example_dags/example_sensors.py
[2023-10-10T15:35:26.388+0000] {logging_mixin.py:151} INFO - [2023-10-10T15:35:26.388+0000] {dag.py:2915} INFO - Sync 1 DAGs
[2023-10-10T15:35:26.401+0000] {logging_mixin.py:151} INFO - [2023-10-10T15:35:26.401+0000] {dag.py:3696} INFO - Setting next_dagrun for example_sensors to None, run_after=None
[2023-10-10T15:35:26.425+0000] {processor.py:179} INFO - Processing /home/airflow/.local/lib/python3.8/site-packages/airflow/example_dags/example_sensors.py took 0.077 seconds
[2023-10-10T15:35:57.583+0000] {processor.py:157} INFO - Started process (PID=1422) to work on /home/airflow/.local/lib/python3.8/site-packages/airflow/example_dags/example_sensors.py
[2023-10-10T15:35:57.584+0000] {processor.py:829} INFO - Processing file /home/airflow/.local/lib/python3.8/site-packages/airflow/example_dags/example_sensors.py for tasks to queue
[2023-10-10T15:35:57.587+0000] {logging_mixin.py:151} INFO - [2023-10-10T15:35:57.586+0000] {dagbag.py:539} INFO - Filling up the DagBag from /home/airflow/.local/lib/python3.8/site-packages/airflow/example_dags/example_sensors.py
[2023-10-10T15:35:57.597+0000] {processor.py:839} INFO - DAG(s) dict_keys(['example_sensors']) retrieved from /home/airflow/.local/lib/python3.8/site-packages/airflow/example_dags/example_sensors.py
[2023-10-10T15:35:57.630+0000] {logging_mixin.py:151} INFO - [2023-10-10T15:35:57.630+0000] {dag.py:2915} INFO - Sync 1 DAGs
[2023-10-10T15:35:57.645+0000] {logging_mixin.py:151} INFO - [2023-10-10T15:35:57.644+0000] {dag.py:3696} INFO - Setting next_dagrun for example_sensors to None, run_after=None
[2023-10-10T15:35:57.664+0000] {processor.py:179} INFO - Processing /home/airflow/.local/lib/python3.8/site-packages/airflow/example_dags/example_sensors.py took 0.083 seconds
[2023-10-10T15:36:28.311+0000] {processor.py:157} INFO - Started process (PID=1476) to work on /home/airflow/.local/lib/python3.8/site-packages/airflow/example_dags/example_sensors.py
[2023-10-10T15:36:28.312+0000] {processor.py:829} INFO - Processing file /home/airflow/.local/lib/python3.8/site-packages/airflow/example_dags/example_sensors.py for tasks to queue
[2023-10-10T15:36:28.314+0000] {logging_mixin.py:151} INFO - [2023-10-10T15:36:28.314+0000] {dagbag.py:539} INFO - Filling up the DagBag from /home/airflow/.local/lib/python3.8/site-packages/airflow/example_dags/example_sensors.py
[2023-10-10T15:36:28.324+0000] {processor.py:839} INFO - DAG(s) dict_keys(['example_sensors']) retrieved from /home/airflow/.local/lib/python3.8/site-packages/airflow/example_dags/example_sensors.py
[2023-10-10T15:36:28.356+0000] {logging_mixin.py:151} INFO - [2023-10-10T15:36:28.356+0000] {dag.py:2915} INFO - Sync 1 DAGs
[2023-10-10T15:36:28.372+0000] {logging_mixin.py:151} INFO - [2023-10-10T15:36:28.372+0000] {dag.py:3696} INFO - Setting next_dagrun for example_sensors to None, run_after=None
[2023-10-10T15:36:28.394+0000] {processor.py:179} INFO - Processing /home/airflow/.local/lib/python3.8/site-packages/airflow/example_dags/example_sensors.py took 0.086 seconds
[2023-10-10T15:36:59.410+0000] {processor.py:157} INFO - Started process (PID=1530) to work on /home/airflow/.local/lib/python3.8/site-packages/airflow/example_dags/example_sensors.py
[2023-10-10T15:36:59.411+0000] {processor.py:829} INFO - Processing file /home/airflow/.local/lib/python3.8/site-packages/airflow/example_dags/example_sensors.py for tasks to queue
[2023-10-10T15:36:59.413+0000] {logging_mixin.py:151} INFO - [2023-10-10T15:36:59.413+0000] {dagbag.py:539} INFO - Filling up the DagBag from /home/airflow/.local/lib/python3.8/site-packages/airflow/example_dags/example_sensors.py
[2023-10-10T15:36:59.422+0000] {processor.py:839} INFO - DAG(s) dict_keys(['example_sensors']) retrieved from /home/airflow/.local/lib/python3.8/site-packages/airflow/example_dags/example_sensors.py
[2023-10-10T15:36:59.448+0000] {logging_mixin.py:151} INFO - [2023-10-10T15:36:59.448+0000] {dag.py:2915} INFO - Sync 1 DAGs
[2023-10-10T15:36:59.459+0000] {logging_mixin.py:151} INFO - [2023-10-10T15:36:59.458+0000] {dag.py:3696} INFO - Setting next_dagrun for example_sensors to None, run_after=None
[2023-10-10T15:36:59.477+0000] {processor.py:179} INFO - Processing /home/airflow/.local/lib/python3.8/site-packages/airflow/example_dags/example_sensors.py took 0.071 seconds
[2023-10-10T15:37:30.641+0000] {processor.py:157} INFO - Started process (PID=1584) to work on /home/airflow/.local/lib/python3.8/site-packages/airflow/example_dags/example_sensors.py
[2023-10-10T15:37:30.642+0000] {processor.py:829} INFO - Processing file /home/airflow/.local/lib/python3.8/site-packages/airflow/example_dags/example_sensors.py for tasks to queue
[2023-10-10T15:37:30.643+0000] {logging_mixin.py:151} INFO - [2023-10-10T15:37:30.643+0000] {dagbag.py:539} INFO - Filling up the DagBag from /home/airflow/.local/lib/python3.8/site-packages/airflow/example_dags/example_sensors.py
[2023-10-10T15:37:30.650+0000] {processor.py:839} INFO - DAG(s) dict_keys(['example_sensors']) retrieved from /home/airflow/.local/lib/python3.8/site-packages/airflow/example_dags/example_sensors.py
[2023-10-10T15:37:30.674+0000] {logging_mixin.py:151} INFO - [2023-10-10T15:37:30.674+0000] {dag.py:2915} INFO - Sync 1 DAGs
[2023-10-10T15:37:30.687+0000] {logging_mixin.py:151} INFO - [2023-10-10T15:37:30.686+0000] {dag.py:3696} INFO - Setting next_dagrun for example_sensors to None, run_after=None
[2023-10-10T15:37:30.704+0000] {processor.py:179} INFO - Processing /home/airflow/.local/lib/python3.8/site-packages/airflow/example_dags/example_sensors.py took 0.066 seconds
[2023-10-10T15:38:02.191+0000] {processor.py:157} INFO - Started process (PID=1638) to work on /home/airflow/.local/lib/python3.8/site-packages/airflow/example_dags/example_sensors.py
[2023-10-10T15:38:02.192+0000] {processor.py:829} INFO - Processing file /home/airflow/.local/lib/python3.8/site-packages/airflow/example_dags/example_sensors.py for tasks to queue
[2023-10-10T15:38:02.194+0000] {logging_mixin.py:151} INFO - [2023-10-10T15:38:02.194+0000] {dagbag.py:539} INFO - Filling up the DagBag from /home/airflow/.local/lib/python3.8/site-packages/airflow/example_dags/example_sensors.py
[2023-10-10T15:38:02.205+0000] {processor.py:839} INFO - DAG(s) dict_keys(['example_sensors']) retrieved from /home/airflow/.local/lib/python3.8/site-packages/airflow/example_dags/example_sensors.py
[2023-10-10T15:38:02.236+0000] {logging_mixin.py:151} INFO - [2023-10-10T15:38:02.236+0000] {dag.py:2915} INFO - Sync 1 DAGs
[2023-10-10T15:38:02.251+0000] {logging_mixin.py:151} INFO - [2023-10-10T15:38:02.251+0000] {dag.py:3696} INFO - Setting next_dagrun for example_sensors to None, run_after=None
[2023-10-10T15:38:02.267+0000] {processor.py:179} INFO - Processing /home/airflow/.local/lib/python3.8/site-packages/airflow/example_dags/example_sensors.py took 0.079 seconds
[2023-10-10T15:38:32.607+0000] {processor.py:157} INFO - Started process (PID=1692) to work on /home/airflow/.local/lib/python3.8/site-packages/airflow/example_dags/example_sensors.py
[2023-10-10T15:38:32.608+0000] {processor.py:829} INFO - Processing file /home/airflow/.local/lib/python3.8/site-packages/airflow/example_dags/example_sensors.py for tasks to queue
[2023-10-10T15:38:32.609+0000] {logging_mixin.py:151} INFO - [2023-10-10T15:38:32.609+0000] {dagbag.py:539} INFO - Filling up the DagBag from /home/airflow/.local/lib/python3.8/site-packages/airflow/example_dags/example_sensors.py
[2023-10-10T15:38:32.618+0000] {processor.py:839} INFO - DAG(s) dict_keys(['example_sensors']) retrieved from /home/airflow/.local/lib/python3.8/site-packages/airflow/example_dags/example_sensors.py
[2023-10-10T15:38:32.649+0000] {logging_mixin.py:151} INFO - [2023-10-10T15:38:32.649+0000] {dag.py:2915} INFO - Sync 1 DAGs
[2023-10-10T15:38:32.666+0000] {logging_mixin.py:151} INFO - [2023-10-10T15:38:32.665+0000] {dag.py:3696} INFO - Setting next_dagrun for example_sensors to None, run_after=None
[2023-10-10T15:38:32.689+0000] {processor.py:179} INFO - Processing /home/airflow/.local/lib/python3.8/site-packages/airflow/example_dags/example_sensors.py took 0.085 seconds
[2023-10-10T15:39:03.820+0000] {processor.py:157} INFO - Started process (PID=1746) to work on /home/airflow/.local/lib/python3.8/site-packages/airflow/example_dags/example_sensors.py
[2023-10-10T15:39:03.821+0000] {processor.py:829} INFO - Processing file /home/airflow/.local/lib/python3.8/site-packages/airflow/example_dags/example_sensors.py for tasks to queue
[2023-10-10T15:39:03.823+0000] {logging_mixin.py:151} INFO - [2023-10-10T15:39:03.823+0000] {dagbag.py:539} INFO - Filling up the DagBag from /home/airflow/.local/lib/python3.8/site-packages/airflow/example_dags/example_sensors.py
[2023-10-10T15:39:03.833+0000] {processor.py:839} INFO - DAG(s) dict_keys(['example_sensors']) retrieved from /home/airflow/.local/lib/python3.8/site-packages/airflow/example_dags/example_sensors.py
[2023-10-10T15:39:03.862+0000] {logging_mixin.py:151} INFO - [2023-10-10T15:39:03.862+0000] {dag.py:2915} INFO - Sync 1 DAGs
[2023-10-10T15:39:03.873+0000] {logging_mixin.py:151} INFO - [2023-10-10T15:39:03.873+0000] {dag.py:3696} INFO - Setting next_dagrun for example_sensors to None, run_after=None
[2023-10-10T15:39:03.896+0000] {processor.py:179} INFO - Processing /home/airflow/.local/lib/python3.8/site-packages/airflow/example_dags/example_sensors.py took 0.079 seconds
[2023-10-10T15:39:34.361+0000] {processor.py:157} INFO - Started process (PID=1800) to work on /home/airflow/.local/lib/python3.8/site-packages/airflow/example_dags/example_sensors.py
[2023-10-10T15:39:34.362+0000] {processor.py:829} INFO - Processing file /home/airflow/.local/lib/python3.8/site-packages/airflow/example_dags/example_sensors.py for tasks to queue
[2023-10-10T15:39:34.363+0000] {logging_mixin.py:151} INFO - [2023-10-10T15:39:34.363+0000] {dagbag.py:539} INFO - Filling up the DagBag from /home/airflow/.local/lib/python3.8/site-packages/airflow/example_dags/example_sensors.py
[2023-10-10T15:39:34.372+0000] {processor.py:839} INFO - DAG(s) dict_keys(['example_sensors']) retrieved from /home/airflow/.local/lib/python3.8/site-packages/airflow/example_dags/example_sensors.py
[2023-10-10T15:39:34.395+0000] {logging_mixin.py:151} INFO - [2023-10-10T15:39:34.394+0000] {dag.py:2915} INFO - Sync 1 DAGs
[2023-10-10T15:39:34.407+0000] {logging_mixin.py:151} INFO - [2023-10-10T15:39:34.406+0000] {dag.py:3696} INFO - Setting next_dagrun for example_sensors to None, run_after=None
[2023-10-10T15:39:34.423+0000] {processor.py:179} INFO - Processing /home/airflow/.local/lib/python3.8/site-packages/airflow/example_dags/example_sensors.py took 0.065 seconds
[2023-10-10T15:40:05.389+0000] {processor.py:157} INFO - Started process (PID=1854) to work on /home/airflow/.local/lib/python3.8/site-packages/airflow/example_dags/example_sensors.py
[2023-10-10T15:40:05.390+0000] {processor.py:829} INFO - Processing file /home/airflow/.local/lib/python3.8/site-packages/airflow/example_dags/example_sensors.py for tasks to queue
[2023-10-10T15:40:05.392+0000] {logging_mixin.py:151} INFO - [2023-10-10T15:40:05.392+0000] {dagbag.py:539} INFO - Filling up the DagBag from /home/airflow/.local/lib/python3.8/site-packages/airflow/example_dags/example_sensors.py
[2023-10-10T15:40:05.401+0000] {processor.py:839} INFO - DAG(s) dict_keys(['example_sensors']) retrieved from /home/airflow/.local/lib/python3.8/site-packages/airflow/example_dags/example_sensors.py
[2023-10-10T15:40:05.441+0000] {logging_mixin.py:151} INFO - [2023-10-10T15:40:05.441+0000] {dag.py:2915} INFO - Sync 1 DAGs
[2023-10-10T15:40:05.457+0000] {logging_mixin.py:151} INFO - [2023-10-10T15:40:05.457+0000] {dag.py:3696} INFO - Setting next_dagrun for example_sensors to None, run_after=None
[2023-10-10T15:40:05.498+0000] {processor.py:179} INFO - Processing /home/airflow/.local/lib/python3.8/site-packages/airflow/example_dags/example_sensors.py took 0.112 seconds
[2023-10-10T15:40:36.663+0000] {processor.py:157} INFO - Started process (PID=1908) to work on /home/airflow/.local/lib/python3.8/site-packages/airflow/example_dags/example_sensors.py
[2023-10-10T15:40:36.664+0000] {processor.py:829} INFO - Processing file /home/airflow/.local/lib/python3.8/site-packages/airflow/example_dags/example_sensors.py for tasks to queue
[2023-10-10T15:40:36.665+0000] {logging_mixin.py:151} INFO - [2023-10-10T15:40:36.665+0000] {dagbag.py:539} INFO - Filling up the DagBag from /home/airflow/.local/lib/python3.8/site-packages/airflow/example_dags/example_sensors.py
[2023-10-10T15:40:36.674+0000] {processor.py:839} INFO - DAG(s) dict_keys(['example_sensors']) retrieved from /home/airflow/.local/lib/python3.8/site-packages/airflow/example_dags/example_sensors.py
[2023-10-10T15:40:36.701+0000] {logging_mixin.py:151} INFO - [2023-10-10T15:40:36.701+0000] {dag.py:2915} INFO - Sync 1 DAGs
[2023-10-10T15:40:36.714+0000] {logging_mixin.py:151} INFO - [2023-10-10T15:40:36.714+0000] {dag.py:3696} INFO - Setting next_dagrun for example_sensors to None, run_after=None
[2023-10-10T15:40:36.732+0000] {processor.py:179} INFO - Processing /home/airflow/.local/lib/python3.8/site-packages/airflow/example_dags/example_sensors.py took 0.073 seconds
[2023-10-10T15:41:08.298+0000] {processor.py:157} INFO - Started process (PID=1962) to work on /home/airflow/.local/lib/python3.8/site-packages/airflow/example_dags/example_sensors.py
[2023-10-10T15:41:08.299+0000] {processor.py:829} INFO - Processing file /home/airflow/.local/lib/python3.8/site-packages/airflow/example_dags/example_sensors.py for tasks to queue
[2023-10-10T15:41:08.301+0000] {logging_mixin.py:151} INFO - [2023-10-10T15:41:08.301+0000] {dagbag.py:539} INFO - Filling up the DagBag from /home/airflow/.local/lib/python3.8/site-packages/airflow/example_dags/example_sensors.py
[2023-10-10T15:41:08.312+0000] {processor.py:839} INFO - DAG(s) dict_keys(['example_sensors']) retrieved from /home/airflow/.local/lib/python3.8/site-packages/airflow/example_dags/example_sensors.py
[2023-10-10T15:41:08.339+0000] {logging_mixin.py:151} INFO - [2023-10-10T15:41:08.339+0000] {dag.py:2915} INFO - Sync 1 DAGs
[2023-10-10T15:41:08.388+0000] {logging_mixin.py:151} INFO - [2023-10-10T15:41:08.388+0000] {dag.py:3696} INFO - Setting next_dagrun for example_sensors to None, run_after=None
[2023-10-10T15:41:08.406+0000] {processor.py:179} INFO - Processing /home/airflow/.local/lib/python3.8/site-packages/airflow/example_dags/example_sensors.py took 0.112 seconds
[2023-10-10T15:41:39.612+0000] {processor.py:157} INFO - Started process (PID=2015) to work on /home/airflow/.local/lib/python3.8/site-packages/airflow/example_dags/example_sensors.py
[2023-10-10T15:41:39.613+0000] {processor.py:829} INFO - Processing file /home/airflow/.local/lib/python3.8/site-packages/airflow/example_dags/example_sensors.py for tasks to queue
[2023-10-10T15:41:39.615+0000] {logging_mixin.py:151} INFO - [2023-10-10T15:41:39.614+0000] {dagbag.py:539} INFO - Filling up the DagBag from /home/airflow/.local/lib/python3.8/site-packages/airflow/example_dags/example_sensors.py
[2023-10-10T15:41:39.624+0000] {processor.py:839} INFO - DAG(s) dict_keys(['example_sensors']) retrieved from /home/airflow/.local/lib/python3.8/site-packages/airflow/example_dags/example_sensors.py
[2023-10-10T15:41:39.702+0000] {logging_mixin.py:151} INFO - [2023-10-10T15:41:39.702+0000] {dag.py:2915} INFO - Sync 1 DAGs
[2023-10-10T15:41:39.718+0000] {logging_mixin.py:151} INFO - [2023-10-10T15:41:39.718+0000] {dag.py:3696} INFO - Setting next_dagrun for example_sensors to None, run_after=None
[2023-10-10T15:41:39.781+0000] {processor.py:179} INFO - Processing /home/airflow/.local/lib/python3.8/site-packages/airflow/example_dags/example_sensors.py took 0.173 seconds
[2023-10-10T15:42:10.718+0000] {processor.py:157} INFO - Started process (PID=2069) to work on /home/airflow/.local/lib/python3.8/site-packages/airflow/example_dags/example_sensors.py
[2023-10-10T15:42:10.719+0000] {processor.py:829} INFO - Processing file /home/airflow/.local/lib/python3.8/site-packages/airflow/example_dags/example_sensors.py for tasks to queue
[2023-10-10T15:42:10.722+0000] {logging_mixin.py:151} INFO - [2023-10-10T15:42:10.721+0000] {dagbag.py:539} INFO - Filling up the DagBag from /home/airflow/.local/lib/python3.8/site-packages/airflow/example_dags/example_sensors.py
[2023-10-10T15:42:10.730+0000] {processor.py:839} INFO - DAG(s) dict_keys(['example_sensors']) retrieved from /home/airflow/.local/lib/python3.8/site-packages/airflow/example_dags/example_sensors.py
[2023-10-10T15:42:10.755+0000] {logging_mixin.py:151} INFO - [2023-10-10T15:42:10.755+0000] {dag.py:2915} INFO - Sync 1 DAGs
[2023-10-10T15:42:10.785+0000] {logging_mixin.py:151} INFO - [2023-10-10T15:42:10.785+0000] {dag.py:3696} INFO - Setting next_dagrun for example_sensors to None, run_after=None
[2023-10-10T15:42:10.806+0000] {processor.py:179} INFO - Processing /home/airflow/.local/lib/python3.8/site-packages/airflow/example_dags/example_sensors.py took 0.091 seconds
[2023-10-10T15:42:41.765+0000] {processor.py:157} INFO - Started process (PID=2123) to work on /home/airflow/.local/lib/python3.8/site-packages/airflow/example_dags/example_sensors.py
[2023-10-10T15:42:41.766+0000] {processor.py:829} INFO - Processing file /home/airflow/.local/lib/python3.8/site-packages/airflow/example_dags/example_sensors.py for tasks to queue
[2023-10-10T15:42:41.768+0000] {logging_mixin.py:151} INFO - [2023-10-10T15:42:41.767+0000] {dagbag.py:539} INFO - Filling up the DagBag from /home/airflow/.local/lib/python3.8/site-packages/airflow/example_dags/example_sensors.py
[2023-10-10T15:42:41.781+0000] {processor.py:839} INFO - DAG(s) dict_keys(['example_sensors']) retrieved from /home/airflow/.local/lib/python3.8/site-packages/airflow/example_dags/example_sensors.py
[2023-10-10T15:42:41.807+0000] {logging_mixin.py:151} INFO - [2023-10-10T15:42:41.807+0000] {dag.py:2915} INFO - Sync 1 DAGs
[2023-10-10T15:42:41.820+0000] {logging_mixin.py:151} INFO - [2023-10-10T15:42:41.820+0000] {dag.py:3696} INFO - Setting next_dagrun for example_sensors to None, run_after=None
[2023-10-10T15:42:41.838+0000] {processor.py:179} INFO - Processing /home/airflow/.local/lib/python3.8/site-packages/airflow/example_dags/example_sensors.py took 0.075 seconds
[2023-10-10T15:43:12.151+0000] {processor.py:157} INFO - Started process (PID=2177) to work on /home/airflow/.local/lib/python3.8/site-packages/airflow/example_dags/example_sensors.py
[2023-10-10T15:43:12.152+0000] {processor.py:829} INFO - Processing file /home/airflow/.local/lib/python3.8/site-packages/airflow/example_dags/example_sensors.py for tasks to queue
[2023-10-10T15:43:12.154+0000] {logging_mixin.py:151} INFO - [2023-10-10T15:43:12.154+0000] {dagbag.py:539} INFO - Filling up the DagBag from /home/airflow/.local/lib/python3.8/site-packages/airflow/example_dags/example_sensors.py
[2023-10-10T15:43:12.161+0000] {processor.py:839} INFO - DAG(s) dict_keys(['example_sensors']) retrieved from /home/airflow/.local/lib/python3.8/site-packages/airflow/example_dags/example_sensors.py
[2023-10-10T15:43:12.185+0000] {logging_mixin.py:151} INFO - [2023-10-10T15:43:12.185+0000] {dag.py:2915} INFO - Sync 1 DAGs
[2023-10-10T15:43:12.198+0000] {logging_mixin.py:151} INFO - [2023-10-10T15:43:12.198+0000] {dag.py:3696} INFO - Setting next_dagrun for example_sensors to None, run_after=None
[2023-10-10T15:43:12.215+0000] {processor.py:179} INFO - Processing /home/airflow/.local/lib/python3.8/site-packages/airflow/example_dags/example_sensors.py took 0.066 seconds
[2023-10-10T15:43:43.103+0000] {processor.py:157} INFO - Started process (PID=2231) to work on /home/airflow/.local/lib/python3.8/site-packages/airflow/example_dags/example_sensors.py
[2023-10-10T15:43:43.106+0000] {processor.py:829} INFO - Processing file /home/airflow/.local/lib/python3.8/site-packages/airflow/example_dags/example_sensors.py for tasks to queue
[2023-10-10T15:43:43.108+0000] {logging_mixin.py:151} INFO - [2023-10-10T15:43:43.107+0000] {dagbag.py:539} INFO - Filling up the DagBag from /home/airflow/.local/lib/python3.8/site-packages/airflow/example_dags/example_sensors.py
[2023-10-10T15:43:43.117+0000] {processor.py:839} INFO - DAG(s) dict_keys(['example_sensors']) retrieved from /home/airflow/.local/lib/python3.8/site-packages/airflow/example_dags/example_sensors.py
[2023-10-10T15:43:43.148+0000] {logging_mixin.py:151} INFO - [2023-10-10T15:43:43.148+0000] {dag.py:2915} INFO - Sync 1 DAGs
[2023-10-10T15:43:43.163+0000] {logging_mixin.py:151} INFO - [2023-10-10T15:43:43.163+0000] {dag.py:3696} INFO - Setting next_dagrun for example_sensors to None, run_after=None
[2023-10-10T15:43:43.182+0000] {processor.py:179} INFO - Processing /home/airflow/.local/lib/python3.8/site-packages/airflow/example_dags/example_sensors.py took 0.082 seconds
[2023-10-10T15:44:14.335+0000] {processor.py:157} INFO - Started process (PID=2285) to work on /home/airflow/.local/lib/python3.8/site-packages/airflow/example_dags/example_sensors.py
[2023-10-10T15:44:14.336+0000] {processor.py:829} INFO - Processing file /home/airflow/.local/lib/python3.8/site-packages/airflow/example_dags/example_sensors.py for tasks to queue
[2023-10-10T15:44:14.337+0000] {logging_mixin.py:151} INFO - [2023-10-10T15:44:14.337+0000] {dagbag.py:539} INFO - Filling up the DagBag from /home/airflow/.local/lib/python3.8/site-packages/airflow/example_dags/example_sensors.py
[2023-10-10T15:44:14.346+0000] {processor.py:839} INFO - DAG(s) dict_keys(['example_sensors']) retrieved from /home/airflow/.local/lib/python3.8/site-packages/airflow/example_dags/example_sensors.py
[2023-10-10T15:44:14.368+0000] {logging_mixin.py:151} INFO - [2023-10-10T15:44:14.368+0000] {dag.py:2915} INFO - Sync 1 DAGs
[2023-10-10T15:44:14.382+0000] {logging_mixin.py:151} INFO - [2023-10-10T15:44:14.381+0000] {dag.py:3696} INFO - Setting next_dagrun for example_sensors to None, run_after=None
[2023-10-10T15:44:14.401+0000] {processor.py:179} INFO - Processing /home/airflow/.local/lib/python3.8/site-packages/airflow/example_dags/example_sensors.py took 0.069 seconds
[2023-10-10T15:44:44.870+0000] {processor.py:157} INFO - Started process (PID=2339) to work on /home/airflow/.local/lib/python3.8/site-packages/airflow/example_dags/example_sensors.py
[2023-10-10T15:44:44.871+0000] {processor.py:829} INFO - Processing file /home/airflow/.local/lib/python3.8/site-packages/airflow/example_dags/example_sensors.py for tasks to queue
[2023-10-10T15:44:44.873+0000] {logging_mixin.py:151} INFO - [2023-10-10T15:44:44.872+0000] {dagbag.py:539} INFO - Filling up the DagBag from /home/airflow/.local/lib/python3.8/site-packages/airflow/example_dags/example_sensors.py
[2023-10-10T15:44:44.883+0000] {processor.py:839} INFO - DAG(s) dict_keys(['example_sensors']) retrieved from /home/airflow/.local/lib/python3.8/site-packages/airflow/example_dags/example_sensors.py
[2023-10-10T15:44:44.913+0000] {logging_mixin.py:151} INFO - [2023-10-10T15:44:44.913+0000] {dag.py:2915} INFO - Sync 1 DAGs
[2023-10-10T15:44:44.925+0000] {logging_mixin.py:151} INFO - [2023-10-10T15:44:44.925+0000] {dag.py:3696} INFO - Setting next_dagrun for example_sensors to None, run_after=None
[2023-10-10T15:44:44.943+0000] {processor.py:179} INFO - Processing /home/airflow/.local/lib/python3.8/site-packages/airflow/example_dags/example_sensors.py took 0.076 seconds
[2023-10-10T15:45:15.870+0000] {processor.py:157} INFO - Started process (PID=2393) to work on /home/airflow/.local/lib/python3.8/site-packages/airflow/example_dags/example_sensors.py
[2023-10-10T15:45:15.871+0000] {processor.py:829} INFO - Processing file /home/airflow/.local/lib/python3.8/site-packages/airflow/example_dags/example_sensors.py for tasks to queue
[2023-10-10T15:45:15.873+0000] {logging_mixin.py:151} INFO - [2023-10-10T15:45:15.873+0000] {dagbag.py:539} INFO - Filling up the DagBag from /home/airflow/.local/lib/python3.8/site-packages/airflow/example_dags/example_sensors.py
[2023-10-10T15:45:15.885+0000] {processor.py:839} INFO - DAG(s) dict_keys(['example_sensors']) retrieved from /home/airflow/.local/lib/python3.8/site-packages/airflow/example_dags/example_sensors.py
[2023-10-10T15:45:15.917+0000] {logging_mixin.py:151} INFO - [2023-10-10T15:45:15.917+0000] {dag.py:2915} INFO - Sync 1 DAGs
[2023-10-10T15:45:15.934+0000] {logging_mixin.py:151} INFO - [2023-10-10T15:45:15.933+0000] {dag.py:3696} INFO - Setting next_dagrun for example_sensors to None, run_after=None
[2023-10-10T15:45:15.980+0000] {processor.py:179} INFO - Processing /home/airflow/.local/lib/python3.8/site-packages/airflow/example_dags/example_sensors.py took 0.114 seconds
[2023-10-10T15:45:47.025+0000] {processor.py:157} INFO - Started process (PID=2447) to work on /home/airflow/.local/lib/python3.8/site-packages/airflow/example_dags/example_sensors.py
[2023-10-10T15:45:47.026+0000] {processor.py:829} INFO - Processing file /home/airflow/.local/lib/python3.8/site-packages/airflow/example_dags/example_sensors.py for tasks to queue
[2023-10-10T15:45:47.027+0000] {logging_mixin.py:151} INFO - [2023-10-10T15:45:47.027+0000] {dagbag.py:539} INFO - Filling up the DagBag from /home/airflow/.local/lib/python3.8/site-packages/airflow/example_dags/example_sensors.py
[2023-10-10T15:45:47.035+0000] {processor.py:839} INFO - DAG(s) dict_keys(['example_sensors']) retrieved from /home/airflow/.local/lib/python3.8/site-packages/airflow/example_dags/example_sensors.py
[2023-10-10T15:45:47.057+0000] {logging_mixin.py:151} INFO - [2023-10-10T15:45:47.057+0000] {dag.py:2915} INFO - Sync 1 DAGs
[2023-10-10T15:45:47.079+0000] {logging_mixin.py:151} INFO - [2023-10-10T15:45:47.078+0000] {dag.py:3696} INFO - Setting next_dagrun for example_sensors to None, run_after=None
[2023-10-10T15:45:47.099+0000] {processor.py:179} INFO - Processing /home/airflow/.local/lib/python3.8/site-packages/airflow/example_dags/example_sensors.py took 0.077 seconds
[2023-10-10T15:46:18.166+0000] {processor.py:157} INFO - Started process (PID=2501) to work on /home/airflow/.local/lib/python3.8/site-packages/airflow/example_dags/example_sensors.py
[2023-10-10T15:46:18.166+0000] {processor.py:829} INFO - Processing file /home/airflow/.local/lib/python3.8/site-packages/airflow/example_dags/example_sensors.py for tasks to queue
[2023-10-10T15:46:18.168+0000] {logging_mixin.py:151} INFO - [2023-10-10T15:46:18.168+0000] {dagbag.py:539} INFO - Filling up the DagBag from /home/airflow/.local/lib/python3.8/site-packages/airflow/example_dags/example_sensors.py
[2023-10-10T15:46:18.175+0000] {processor.py:839} INFO - DAG(s) dict_keys(['example_sensors']) retrieved from /home/airflow/.local/lib/python3.8/site-packages/airflow/example_dags/example_sensors.py
[2023-10-10T15:46:18.196+0000] {logging_mixin.py:151} INFO - [2023-10-10T15:46:18.195+0000] {dag.py:2915} INFO - Sync 1 DAGs
[2023-10-10T15:46:18.206+0000] {logging_mixin.py:151} INFO - [2023-10-10T15:46:18.206+0000] {dag.py:3696} INFO - Setting next_dagrun for example_sensors to None, run_after=None
[2023-10-10T15:46:18.220+0000] {processor.py:179} INFO - Processing /home/airflow/.local/lib/python3.8/site-packages/airflow/example_dags/example_sensors.py took 0.057 seconds
[2023-10-10T15:46:49.312+0000] {processor.py:157} INFO - Started process (PID=2555) to work on /home/airflow/.local/lib/python3.8/site-packages/airflow/example_dags/example_sensors.py
[2023-10-10T15:46:49.312+0000] {processor.py:829} INFO - Processing file /home/airflow/.local/lib/python3.8/site-packages/airflow/example_dags/example_sensors.py for tasks to queue
[2023-10-10T15:46:49.314+0000] {logging_mixin.py:151} INFO - [2023-10-10T15:46:49.314+0000] {dagbag.py:539} INFO - Filling up the DagBag from /home/airflow/.local/lib/python3.8/site-packages/airflow/example_dags/example_sensors.py
[2023-10-10T15:46:49.322+0000] {processor.py:839} INFO - DAG(s) dict_keys(['example_sensors']) retrieved from /home/airflow/.local/lib/python3.8/site-packages/airflow/example_dags/example_sensors.py
[2023-10-10T15:46:49.343+0000] {logging_mixin.py:151} INFO - [2023-10-10T15:46:49.343+0000] {dag.py:2915} INFO - Sync 1 DAGs
[2023-10-10T15:46:49.354+0000] {logging_mixin.py:151} INFO - [2023-10-10T15:46:49.354+0000] {dag.py:3696} INFO - Setting next_dagrun for example_sensors to None, run_after=None
[2023-10-10T15:46:49.369+0000] {processor.py:179} INFO - Processing /home/airflow/.local/lib/python3.8/site-packages/airflow/example_dags/example_sensors.py took 0.060 seconds
[2023-10-10T15:47:19.721+0000] {processor.py:157} INFO - Started process (PID=2609) to work on /home/airflow/.local/lib/python3.8/site-packages/airflow/example_dags/example_sensors.py
[2023-10-10T15:47:19.722+0000] {processor.py:829} INFO - Processing file /home/airflow/.local/lib/python3.8/site-packages/airflow/example_dags/example_sensors.py for tasks to queue
[2023-10-10T15:47:19.724+0000] {logging_mixin.py:151} INFO - [2023-10-10T15:47:19.723+0000] {dagbag.py:539} INFO - Filling up the DagBag from /home/airflow/.local/lib/python3.8/site-packages/airflow/example_dags/example_sensors.py
[2023-10-10T15:47:19.730+0000] {processor.py:839} INFO - DAG(s) dict_keys(['example_sensors']) retrieved from /home/airflow/.local/lib/python3.8/site-packages/airflow/example_dags/example_sensors.py
[2023-10-10T15:47:19.751+0000] {logging_mixin.py:151} INFO - [2023-10-10T15:47:19.751+0000] {dag.py:2915} INFO - Sync 1 DAGs
[2023-10-10T15:47:19.761+0000] {logging_mixin.py:151} INFO - [2023-10-10T15:47:19.761+0000] {dag.py:3696} INFO - Setting next_dagrun for example_sensors to None, run_after=None
[2023-10-10T15:47:19.776+0000] {processor.py:179} INFO - Processing /home/airflow/.local/lib/python3.8/site-packages/airflow/example_dags/example_sensors.py took 0.057 seconds
[2023-10-10T15:47:50.309+0000] {processor.py:157} INFO - Started process (PID=2663) to work on /home/airflow/.local/lib/python3.8/site-packages/airflow/example_dags/example_sensors.py
[2023-10-10T15:47:50.310+0000] {processor.py:829} INFO - Processing file /home/airflow/.local/lib/python3.8/site-packages/airflow/example_dags/example_sensors.py for tasks to queue
[2023-10-10T15:47:50.312+0000] {logging_mixin.py:151} INFO - [2023-10-10T15:47:50.311+0000] {dagbag.py:539} INFO - Filling up the DagBag from /home/airflow/.local/lib/python3.8/site-packages/airflow/example_dags/example_sensors.py
[2023-10-10T15:47:50.319+0000] {processor.py:839} INFO - DAG(s) dict_keys(['example_sensors']) retrieved from /home/airflow/.local/lib/python3.8/site-packages/airflow/example_dags/example_sensors.py
[2023-10-10T15:47:50.340+0000] {logging_mixin.py:151} INFO - [2023-10-10T15:47:50.340+0000] {dag.py:2915} INFO - Sync 1 DAGs
[2023-10-10T15:47:50.350+0000] {logging_mixin.py:151} INFO - [2023-10-10T15:47:50.350+0000] {dag.py:3696} INFO - Setting next_dagrun for example_sensors to None, run_after=None
[2023-10-10T15:47:50.377+0000] {processor.py:179} INFO - Processing /home/airflow/.local/lib/python3.8/site-packages/airflow/example_dags/example_sensors.py took 0.071 seconds
[2023-10-10T15:48:20.888+0000] {processor.py:157} INFO - Started process (PID=2717) to work on /home/airflow/.local/lib/python3.8/site-packages/airflow/example_dags/example_sensors.py
[2023-10-10T15:48:20.889+0000] {processor.py:829} INFO - Processing file /home/airflow/.local/lib/python3.8/site-packages/airflow/example_dags/example_sensors.py for tasks to queue
[2023-10-10T15:48:20.891+0000] {logging_mixin.py:151} INFO - [2023-10-10T15:48:20.891+0000] {dagbag.py:539} INFO - Filling up the DagBag from /home/airflow/.local/lib/python3.8/site-packages/airflow/example_dags/example_sensors.py
[2023-10-10T15:48:20.900+0000] {processor.py:839} INFO - DAG(s) dict_keys(['example_sensors']) retrieved from /home/airflow/.local/lib/python3.8/site-packages/airflow/example_dags/example_sensors.py
[2023-10-10T15:48:20.925+0000] {logging_mixin.py:151} INFO - [2023-10-10T15:48:20.924+0000] {dag.py:2915} INFO - Sync 1 DAGs
[2023-10-10T15:48:20.937+0000] {logging_mixin.py:151} INFO - [2023-10-10T15:48:20.937+0000] {dag.py:3696} INFO - Setting next_dagrun for example_sensors to None, run_after=None
[2023-10-10T15:48:20.955+0000] {processor.py:179} INFO - Processing /home/airflow/.local/lib/python3.8/site-packages/airflow/example_dags/example_sensors.py took 0.070 seconds
[2023-10-10T15:48:51.392+0000] {processor.py:157} INFO - Started process (PID=2771) to work on /home/airflow/.local/lib/python3.8/site-packages/airflow/example_dags/example_sensors.py
[2023-10-10T15:48:51.393+0000] {processor.py:829} INFO - Processing file /home/airflow/.local/lib/python3.8/site-packages/airflow/example_dags/example_sensors.py for tasks to queue
[2023-10-10T15:48:51.394+0000] {logging_mixin.py:151} INFO - [2023-10-10T15:48:51.394+0000] {dagbag.py:539} INFO - Filling up the DagBag from /home/airflow/.local/lib/python3.8/site-packages/airflow/example_dags/example_sensors.py
[2023-10-10T15:48:51.402+0000] {processor.py:839} INFO - DAG(s) dict_keys(['example_sensors']) retrieved from /home/airflow/.local/lib/python3.8/site-packages/airflow/example_dags/example_sensors.py
[2023-10-10T15:48:51.423+0000] {logging_mixin.py:151} INFO - [2023-10-10T15:48:51.423+0000] {dag.py:2915} INFO - Sync 1 DAGs
[2023-10-10T15:48:51.433+0000] {logging_mixin.py:151} INFO - [2023-10-10T15:48:51.433+0000] {dag.py:3696} INFO - Setting next_dagrun for example_sensors to None, run_after=None
[2023-10-10T15:48:51.449+0000] {processor.py:179} INFO - Processing /home/airflow/.local/lib/python3.8/site-packages/airflow/example_dags/example_sensors.py took 0.059 seconds
[2023-10-10T15:49:22.064+0000] {processor.py:157} INFO - Started process (PID=2825) to work on /home/airflow/.local/lib/python3.8/site-packages/airflow/example_dags/example_sensors.py
[2023-10-10T15:49:22.064+0000] {processor.py:829} INFO - Processing file /home/airflow/.local/lib/python3.8/site-packages/airflow/example_dags/example_sensors.py for tasks to queue
[2023-10-10T15:49:22.066+0000] {logging_mixin.py:151} INFO - [2023-10-10T15:49:22.066+0000] {dagbag.py:539} INFO - Filling up the DagBag from /home/airflow/.local/lib/python3.8/site-packages/airflow/example_dags/example_sensors.py
[2023-10-10T15:49:22.074+0000] {processor.py:839} INFO - DAG(s) dict_keys(['example_sensors']) retrieved from /home/airflow/.local/lib/python3.8/site-packages/airflow/example_dags/example_sensors.py
[2023-10-10T15:49:22.098+0000] {logging_mixin.py:151} INFO - [2023-10-10T15:49:22.098+0000] {dag.py:2915} INFO - Sync 1 DAGs
[2023-10-10T15:49:22.109+0000] {logging_mixin.py:151} INFO - [2023-10-10T15:49:22.109+0000] {dag.py:3696} INFO - Setting next_dagrun for example_sensors to None, run_after=None
[2023-10-10T15:49:22.125+0000] {processor.py:179} INFO - Processing /home/airflow/.local/lib/python3.8/site-packages/airflow/example_dags/example_sensors.py took 0.064 seconds
[2023-10-10T15:49:52.897+0000] {processor.py:157} INFO - Started process (PID=2879) to work on /home/airflow/.local/lib/python3.8/site-packages/airflow/example_dags/example_sensors.py
[2023-10-10T15:49:52.898+0000] {processor.py:829} INFO - Processing file /home/airflow/.local/lib/python3.8/site-packages/airflow/example_dags/example_sensors.py for tasks to queue
[2023-10-10T15:49:52.900+0000] {logging_mixin.py:151} INFO - [2023-10-10T15:49:52.900+0000] {dagbag.py:539} INFO - Filling up the DagBag from /home/airflow/.local/lib/python3.8/site-packages/airflow/example_dags/example_sensors.py
[2023-10-10T15:49:52.910+0000] {processor.py:839} INFO - DAG(s) dict_keys(['example_sensors']) retrieved from /home/airflow/.local/lib/python3.8/site-packages/airflow/example_dags/example_sensors.py
[2023-10-10T15:49:52.935+0000] {logging_mixin.py:151} INFO - [2023-10-10T15:49:52.934+0000] {dag.py:2915} INFO - Sync 1 DAGs
[2023-10-10T15:49:52.946+0000] {logging_mixin.py:151} INFO - [2023-10-10T15:49:52.946+0000] {dag.py:3696} INFO - Setting next_dagrun for example_sensors to None, run_after=None
[2023-10-10T15:49:52.962+0000] {processor.py:179} INFO - Processing /home/airflow/.local/lib/python3.8/site-packages/airflow/example_dags/example_sensors.py took 0.067 seconds
[2023-10-10T15:50:23.701+0000] {processor.py:157} INFO - Started process (PID=2933) to work on /home/airflow/.local/lib/python3.8/site-packages/airflow/example_dags/example_sensors.py
[2023-10-10T15:50:23.702+0000] {processor.py:829} INFO - Processing file /home/airflow/.local/lib/python3.8/site-packages/airflow/example_dags/example_sensors.py for tasks to queue
[2023-10-10T15:50:23.704+0000] {logging_mixin.py:151} INFO - [2023-10-10T15:50:23.704+0000] {dagbag.py:539} INFO - Filling up the DagBag from /home/airflow/.local/lib/python3.8/site-packages/airflow/example_dags/example_sensors.py
[2023-10-10T15:50:23.714+0000] {processor.py:839} INFO - DAG(s) dict_keys(['example_sensors']) retrieved from /home/airflow/.local/lib/python3.8/site-packages/airflow/example_dags/example_sensors.py
[2023-10-10T15:50:23.746+0000] {logging_mixin.py:151} INFO - [2023-10-10T15:50:23.745+0000] {dag.py:2915} INFO - Sync 1 DAGs
[2023-10-10T15:50:23.759+0000] {logging_mixin.py:151} INFO - [2023-10-10T15:50:23.759+0000] {dag.py:3696} INFO - Setting next_dagrun for example_sensors to None, run_after=None
[2023-10-10T15:50:23.778+0000] {processor.py:179} INFO - Processing /home/airflow/.local/lib/python3.8/site-packages/airflow/example_dags/example_sensors.py took 0.080 seconds
[2023-10-10T15:50:54.277+0000] {processor.py:157} INFO - Started process (PID=2987) to work on /home/airflow/.local/lib/python3.8/site-packages/airflow/example_dags/example_sensors.py
[2023-10-10T15:50:54.278+0000] {processor.py:829} INFO - Processing file /home/airflow/.local/lib/python3.8/site-packages/airflow/example_dags/example_sensors.py for tasks to queue
[2023-10-10T15:50:54.279+0000] {logging_mixin.py:151} INFO - [2023-10-10T15:50:54.279+0000] {dagbag.py:539} INFO - Filling up the DagBag from /home/airflow/.local/lib/python3.8/site-packages/airflow/example_dags/example_sensors.py
[2023-10-10T15:50:54.287+0000] {processor.py:839} INFO - DAG(s) dict_keys(['example_sensors']) retrieved from /home/airflow/.local/lib/python3.8/site-packages/airflow/example_dags/example_sensors.py
[2023-10-10T15:50:54.311+0000] {logging_mixin.py:151} INFO - [2023-10-10T15:50:54.311+0000] {dag.py:2915} INFO - Sync 1 DAGs
[2023-10-10T15:50:54.325+0000] {logging_mixin.py:151} INFO - [2023-10-10T15:50:54.324+0000] {dag.py:3696} INFO - Setting next_dagrun for example_sensors to None, run_after=None
[2023-10-10T15:50:54.342+0000] {processor.py:179} INFO - Processing /home/airflow/.local/lib/python3.8/site-packages/airflow/example_dags/example_sensors.py took 0.077 seconds
[2023-10-10T15:51:25.399+0000] {processor.py:157} INFO - Started process (PID=3041) to work on /home/airflow/.local/lib/python3.8/site-packages/airflow/example_dags/example_sensors.py
[2023-10-10T15:51:25.400+0000] {processor.py:829} INFO - Processing file /home/airflow/.local/lib/python3.8/site-packages/airflow/example_dags/example_sensors.py for tasks to queue
[2023-10-10T15:51:25.402+0000] {logging_mixin.py:151} INFO - [2023-10-10T15:51:25.402+0000] {dagbag.py:539} INFO - Filling up the DagBag from /home/airflow/.local/lib/python3.8/site-packages/airflow/example_dags/example_sensors.py
[2023-10-10T15:51:25.410+0000] {processor.py:839} INFO - DAG(s) dict_keys(['example_sensors']) retrieved from /home/airflow/.local/lib/python3.8/site-packages/airflow/example_dags/example_sensors.py
[2023-10-10T15:51:25.431+0000] {logging_mixin.py:151} INFO - [2023-10-10T15:51:25.431+0000] {dag.py:2915} INFO - Sync 1 DAGs
[2023-10-10T15:51:25.441+0000] {logging_mixin.py:151} INFO - [2023-10-10T15:51:25.441+0000] {dag.py:3696} INFO - Setting next_dagrun for example_sensors to None, run_after=None
[2023-10-10T15:51:25.476+0000] {processor.py:179} INFO - Processing /home/airflow/.local/lib/python3.8/site-packages/airflow/example_dags/example_sensors.py took 0.079 seconds
[2023-10-10T15:51:56.677+0000] {processor.py:157} INFO - Started process (PID=3095) to work on /home/airflow/.local/lib/python3.8/site-packages/airflow/example_dags/example_sensors.py
[2023-10-10T15:51:56.678+0000] {processor.py:829} INFO - Processing file /home/airflow/.local/lib/python3.8/site-packages/airflow/example_dags/example_sensors.py for tasks to queue
[2023-10-10T15:51:56.680+0000] {logging_mixin.py:151} INFO - [2023-10-10T15:51:56.680+0000] {dagbag.py:539} INFO - Filling up the DagBag from /home/airflow/.local/lib/python3.8/site-packages/airflow/example_dags/example_sensors.py
[2023-10-10T15:51:56.699+0000] {processor.py:839} INFO - DAG(s) dict_keys(['example_sensors']) retrieved from /home/airflow/.local/lib/python3.8/site-packages/airflow/example_dags/example_sensors.py
[2023-10-10T15:51:56.730+0000] {logging_mixin.py:151} INFO - [2023-10-10T15:51:56.730+0000] {dag.py:2915} INFO - Sync 1 DAGs
[2023-10-10T15:51:56.743+0000] {logging_mixin.py:151} INFO - [2023-10-10T15:51:56.742+0000] {dag.py:3696} INFO - Setting next_dagrun for example_sensors to None, run_after=None
[2023-10-10T15:51:56.759+0000] {processor.py:179} INFO - Processing /home/airflow/.local/lib/python3.8/site-packages/airflow/example_dags/example_sensors.py took 0.089 seconds
[2023-10-10T15:52:27.192+0000] {processor.py:157} INFO - Started process (PID=3149) to work on /home/airflow/.local/lib/python3.8/site-packages/airflow/example_dags/example_sensors.py
[2023-10-10T15:52:27.193+0000] {processor.py:829} INFO - Processing file /home/airflow/.local/lib/python3.8/site-packages/airflow/example_dags/example_sensors.py for tasks to queue
[2023-10-10T15:52:27.195+0000] {logging_mixin.py:151} INFO - [2023-10-10T15:52:27.195+0000] {dagbag.py:539} INFO - Filling up the DagBag from /home/airflow/.local/lib/python3.8/site-packages/airflow/example_dags/example_sensors.py
[2023-10-10T15:52:27.206+0000] {processor.py:839} INFO - DAG(s) dict_keys(['example_sensors']) retrieved from /home/airflow/.local/lib/python3.8/site-packages/airflow/example_dags/example_sensors.py
[2023-10-10T15:52:27.231+0000] {logging_mixin.py:151} INFO - [2023-10-10T15:52:27.231+0000] {dag.py:2915} INFO - Sync 1 DAGs
[2023-10-10T15:52:27.243+0000] {logging_mixin.py:151} INFO - [2023-10-10T15:52:27.243+0000] {dag.py:3696} INFO - Setting next_dagrun for example_sensors to None, run_after=None
[2023-10-10T15:52:27.259+0000] {processor.py:179} INFO - Processing /home/airflow/.local/lib/python3.8/site-packages/airflow/example_dags/example_sensors.py took 0.071 seconds
[2023-10-10T15:52:58.533+0000] {processor.py:157} INFO - Started process (PID=3210) to work on /home/airflow/.local/lib/python3.8/site-packages/airflow/example_dags/example_sensors.py
[2023-10-10T15:52:58.534+0000] {processor.py:829} INFO - Processing file /home/airflow/.local/lib/python3.8/site-packages/airflow/example_dags/example_sensors.py for tasks to queue
[2023-10-10T15:52:58.536+0000] {logging_mixin.py:151} INFO - [2023-10-10T15:52:58.536+0000] {dagbag.py:539} INFO - Filling up the DagBag from /home/airflow/.local/lib/python3.8/site-packages/airflow/example_dags/example_sensors.py
[2023-10-10T15:52:58.548+0000] {processor.py:839} INFO - DAG(s) dict_keys(['example_sensors']) retrieved from /home/airflow/.local/lib/python3.8/site-packages/airflow/example_dags/example_sensors.py
[2023-10-10T15:52:58.582+0000] {logging_mixin.py:151} INFO - [2023-10-10T15:52:58.581+0000] {dag.py:2915} INFO - Sync 1 DAGs
[2023-10-10T15:52:58.597+0000] {logging_mixin.py:151} INFO - [2023-10-10T15:52:58.597+0000] {dag.py:3696} INFO - Setting next_dagrun for example_sensors to None, run_after=None
[2023-10-10T15:52:58.618+0000] {processor.py:179} INFO - Processing /home/airflow/.local/lib/python3.8/site-packages/airflow/example_dags/example_sensors.py took 0.089 seconds
[2023-10-10T15:53:29.836+0000] {processor.py:157} INFO - Started process (PID=3264) to work on /home/airflow/.local/lib/python3.8/site-packages/airflow/example_dags/example_sensors.py
[2023-10-10T15:53:29.837+0000] {processor.py:829} INFO - Processing file /home/airflow/.local/lib/python3.8/site-packages/airflow/example_dags/example_sensors.py for tasks to queue
[2023-10-10T15:53:29.838+0000] {logging_mixin.py:151} INFO - [2023-10-10T15:53:29.838+0000] {dagbag.py:539} INFO - Filling up the DagBag from /home/airflow/.local/lib/python3.8/site-packages/airflow/example_dags/example_sensors.py
[2023-10-10T15:53:29.845+0000] {processor.py:839} INFO - DAG(s) dict_keys(['example_sensors']) retrieved from /home/airflow/.local/lib/python3.8/site-packages/airflow/example_dags/example_sensors.py
[2023-10-10T15:53:29.868+0000] {logging_mixin.py:151} INFO - [2023-10-10T15:53:29.868+0000] {dag.py:2915} INFO - Sync 1 DAGs
[2023-10-10T15:53:29.879+0000] {logging_mixin.py:151} INFO - [2023-10-10T15:53:29.879+0000] {dag.py:3696} INFO - Setting next_dagrun for example_sensors to None, run_after=None
[2023-10-10T15:53:29.896+0000] {processor.py:179} INFO - Processing /home/airflow/.local/lib/python3.8/site-packages/airflow/example_dags/example_sensors.py took 0.063 seconds
[2023-10-10T15:54:00.714+0000] {processor.py:157} INFO - Started process (PID=3319) to work on /home/airflow/.local/lib/python3.8/site-packages/airflow/example_dags/example_sensors.py
[2023-10-10T15:54:00.715+0000] {processor.py:829} INFO - Processing file /home/airflow/.local/lib/python3.8/site-packages/airflow/example_dags/example_sensors.py for tasks to queue
[2023-10-10T15:54:00.721+0000] {logging_mixin.py:151} INFO - [2023-10-10T15:54:00.720+0000] {dagbag.py:539} INFO - Filling up the DagBag from /home/airflow/.local/lib/python3.8/site-packages/airflow/example_dags/example_sensors.py
[2023-10-10T15:54:00.733+0000] {processor.py:839} INFO - DAG(s) dict_keys(['example_sensors']) retrieved from /home/airflow/.local/lib/python3.8/site-packages/airflow/example_dags/example_sensors.py
[2023-10-10T15:54:00.765+0000] {logging_mixin.py:151} INFO - [2023-10-10T15:54:00.765+0000] {dag.py:2915} INFO - Sync 1 DAGs
[2023-10-10T15:54:00.781+0000] {logging_mixin.py:151} INFO - [2023-10-10T15:54:00.781+0000] {dag.py:3696} INFO - Setting next_dagrun for example_sensors to None, run_after=None
[2023-10-10T15:54:00.810+0000] {processor.py:179} INFO - Processing /home/airflow/.local/lib/python3.8/site-packages/airflow/example_dags/example_sensors.py took 0.100 seconds
[2023-10-10T15:54:31.289+0000] {processor.py:157} INFO - Started process (PID=3373) to work on /home/airflow/.local/lib/python3.8/site-packages/airflow/example_dags/example_sensors.py
[2023-10-10T15:54:31.290+0000] {processor.py:829} INFO - Processing file /home/airflow/.local/lib/python3.8/site-packages/airflow/example_dags/example_sensors.py for tasks to queue
[2023-10-10T15:54:31.292+0000] {logging_mixin.py:151} INFO - [2023-10-10T15:54:31.292+0000] {dagbag.py:539} INFO - Filling up the DagBag from /home/airflow/.local/lib/python3.8/site-packages/airflow/example_dags/example_sensors.py
[2023-10-10T15:54:31.303+0000] {processor.py:839} INFO - DAG(s) dict_keys(['example_sensors']) retrieved from /home/airflow/.local/lib/python3.8/site-packages/airflow/example_dags/example_sensors.py
[2023-10-10T15:54:31.335+0000] {logging_mixin.py:151} INFO - [2023-10-10T15:54:31.334+0000] {dag.py:2915} INFO - Sync 1 DAGs
[2023-10-10T15:54:31.350+0000] {logging_mixin.py:151} INFO - [2023-10-10T15:54:31.349+0000] {dag.py:3696} INFO - Setting next_dagrun for example_sensors to None, run_after=None
[2023-10-10T15:54:31.369+0000] {processor.py:179} INFO - Processing /home/airflow/.local/lib/python3.8/site-packages/airflow/example_dags/example_sensors.py took 0.085 seconds
[2023-10-10T15:55:02.251+0000] {processor.py:157} INFO - Started process (PID=3427) to work on /home/airflow/.local/lib/python3.8/site-packages/airflow/example_dags/example_sensors.py
[2023-10-10T15:55:02.252+0000] {processor.py:829} INFO - Processing file /home/airflow/.local/lib/python3.8/site-packages/airflow/example_dags/example_sensors.py for tasks to queue
[2023-10-10T15:55:02.254+0000] {logging_mixin.py:151} INFO - [2023-10-10T15:55:02.254+0000] {dagbag.py:539} INFO - Filling up the DagBag from /home/airflow/.local/lib/python3.8/site-packages/airflow/example_dags/example_sensors.py
[2023-10-10T15:55:02.262+0000] {processor.py:839} INFO - DAG(s) dict_keys(['example_sensors']) retrieved from /home/airflow/.local/lib/python3.8/site-packages/airflow/example_dags/example_sensors.py
[2023-10-10T15:55:02.289+0000] {logging_mixin.py:151} INFO - [2023-10-10T15:55:02.289+0000] {dag.py:2915} INFO - Sync 1 DAGs
[2023-10-10T15:55:02.301+0000] {logging_mixin.py:151} INFO - [2023-10-10T15:55:02.301+0000] {dag.py:3696} INFO - Setting next_dagrun for example_sensors to None, run_after=None
[2023-10-10T15:55:02.318+0000] {processor.py:179} INFO - Processing /home/airflow/.local/lib/python3.8/site-packages/airflow/example_dags/example_sensors.py took 0.069 seconds
[2023-10-10T15:55:33.877+0000] {processor.py:157} INFO - Started process (PID=3486) to work on /home/airflow/.local/lib/python3.8/site-packages/airflow/example_dags/example_sensors.py
[2023-10-10T15:55:33.878+0000] {processor.py:829} INFO - Processing file /home/airflow/.local/lib/python3.8/site-packages/airflow/example_dags/example_sensors.py for tasks to queue
[2023-10-10T15:55:33.879+0000] {logging_mixin.py:151} INFO - [2023-10-10T15:55:33.879+0000] {dagbag.py:539} INFO - Filling up the DagBag from /home/airflow/.local/lib/python3.8/site-packages/airflow/example_dags/example_sensors.py
[2023-10-10T15:55:33.886+0000] {processor.py:839} INFO - DAG(s) dict_keys(['example_sensors']) retrieved from /home/airflow/.local/lib/python3.8/site-packages/airflow/example_dags/example_sensors.py
[2023-10-10T15:55:33.908+0000] {logging_mixin.py:151} INFO - [2023-10-10T15:55:33.908+0000] {dag.py:2915} INFO - Sync 1 DAGs
[2023-10-10T15:55:33.919+0000] {logging_mixin.py:151} INFO - [2023-10-10T15:55:33.918+0000] {dag.py:3696} INFO - Setting next_dagrun for example_sensors to None, run_after=None
[2023-10-10T15:55:33.933+0000] {processor.py:179} INFO - Processing /home/airflow/.local/lib/python3.8/site-packages/airflow/example_dags/example_sensors.py took 0.066 seconds
[2023-10-10T15:56:05.108+0000] {processor.py:157} INFO - Started process (PID=3540) to work on /home/airflow/.local/lib/python3.8/site-packages/airflow/example_dags/example_sensors.py
[2023-10-10T15:56:05.109+0000] {processor.py:829} INFO - Processing file /home/airflow/.local/lib/python3.8/site-packages/airflow/example_dags/example_sensors.py for tasks to queue
[2023-10-10T15:56:05.110+0000] {logging_mixin.py:151} INFO - [2023-10-10T15:56:05.110+0000] {dagbag.py:539} INFO - Filling up the DagBag from /home/airflow/.local/lib/python3.8/site-packages/airflow/example_dags/example_sensors.py
[2023-10-10T15:56:05.118+0000] {processor.py:839} INFO - DAG(s) dict_keys(['example_sensors']) retrieved from /home/airflow/.local/lib/python3.8/site-packages/airflow/example_dags/example_sensors.py
[2023-10-10T15:56:05.176+0000] {logging_mixin.py:151} INFO - [2023-10-10T15:56:05.176+0000] {dag.py:2915} INFO - Sync 1 DAGs
[2023-10-10T15:56:05.187+0000] {logging_mixin.py:151} INFO - [2023-10-10T15:56:05.187+0000] {dag.py:3696} INFO - Setting next_dagrun for example_sensors to None, run_after=None
[2023-10-10T15:56:05.202+0000] {processor.py:179} INFO - Processing /home/airflow/.local/lib/python3.8/site-packages/airflow/example_dags/example_sensors.py took 0.097 seconds
[2023-10-10T15:56:36.520+0000] {processor.py:157} INFO - Started process (PID=3596) to work on /home/airflow/.local/lib/python3.8/site-packages/airflow/example_dags/example_sensors.py
[2023-10-10T15:56:36.521+0000] {processor.py:829} INFO - Processing file /home/airflow/.local/lib/python3.8/site-packages/airflow/example_dags/example_sensors.py for tasks to queue
[2023-10-10T15:56:36.522+0000] {logging_mixin.py:151} INFO - [2023-10-10T15:56:36.522+0000] {dagbag.py:539} INFO - Filling up the DagBag from /home/airflow/.local/lib/python3.8/site-packages/airflow/example_dags/example_sensors.py
[2023-10-10T15:56:36.530+0000] {processor.py:839} INFO - DAG(s) dict_keys(['example_sensors']) retrieved from /home/airflow/.local/lib/python3.8/site-packages/airflow/example_dags/example_sensors.py
[2023-10-10T15:56:36.555+0000] {logging_mixin.py:151} INFO - [2023-10-10T15:56:36.555+0000] {dag.py:2915} INFO - Sync 1 DAGs
[2023-10-10T15:56:36.566+0000] {logging_mixin.py:151} INFO - [2023-10-10T15:56:36.566+0000] {dag.py:3696} INFO - Setting next_dagrun for example_sensors to None, run_after=None
[2023-10-10T15:56:36.583+0000] {processor.py:179} INFO - Processing /home/airflow/.local/lib/python3.8/site-packages/airflow/example_dags/example_sensors.py took 0.065 seconds
[2023-10-10T15:57:07.435+0000] {processor.py:157} INFO - Started process (PID=3651) to work on /home/airflow/.local/lib/python3.8/site-packages/airflow/example_dags/example_sensors.py
[2023-10-10T15:57:07.436+0000] {processor.py:829} INFO - Processing file /home/airflow/.local/lib/python3.8/site-packages/airflow/example_dags/example_sensors.py for tasks to queue
[2023-10-10T15:57:07.438+0000] {logging_mixin.py:151} INFO - [2023-10-10T15:57:07.437+0000] {dagbag.py:539} INFO - Filling up the DagBag from /home/airflow/.local/lib/python3.8/site-packages/airflow/example_dags/example_sensors.py
[2023-10-10T15:57:07.446+0000] {processor.py:839} INFO - DAG(s) dict_keys(['example_sensors']) retrieved from /home/airflow/.local/lib/python3.8/site-packages/airflow/example_dags/example_sensors.py
[2023-10-10T15:57:07.471+0000] {logging_mixin.py:151} INFO - [2023-10-10T15:57:07.471+0000] {dag.py:2915} INFO - Sync 1 DAGs
[2023-10-10T15:57:07.489+0000] {logging_mixin.py:151} INFO - [2023-10-10T15:57:07.488+0000] {dag.py:3696} INFO - Setting next_dagrun for example_sensors to None, run_after=None
[2023-10-10T15:57:07.515+0000] {processor.py:179} INFO - Processing /home/airflow/.local/lib/python3.8/site-packages/airflow/example_dags/example_sensors.py took 0.082 seconds
[2023-10-10T16:51:14.583+0000] {processor.py:157} INFO - Started process (PID=170) to work on /home/airflow/.local/lib/python3.8/site-packages/airflow/example_dags/example_sensors.py
[2023-10-10T16:51:14.584+0000] {processor.py:829} INFO - Processing file /home/airflow/.local/lib/python3.8/site-packages/airflow/example_dags/example_sensors.py for tasks to queue
[2023-10-10T16:51:14.586+0000] {logging_mixin.py:151} INFO - [2023-10-10T16:51:14.586+0000] {dagbag.py:539} INFO - Filling up the DagBag from /home/airflow/.local/lib/python3.8/site-packages/airflow/example_dags/example_sensors.py
[2023-10-10T16:51:14.599+0000] {processor.py:839} INFO - DAG(s) dict_keys(['example_sensors']) retrieved from /home/airflow/.local/lib/python3.8/site-packages/airflow/example_dags/example_sensors.py
[2023-10-10T16:51:14.625+0000] {logging_mixin.py:151} INFO - [2023-10-10T16:51:14.624+0000] {dag.py:2915} INFO - Sync 1 DAGs
[2023-10-10T16:51:14.637+0000] {logging_mixin.py:151} INFO - [2023-10-10T16:51:14.636+0000] {dag.py:3696} INFO - Setting next_dagrun for example_sensors to None, run_after=None
[2023-10-10T16:51:14.654+0000] {processor.py:179} INFO - Processing /home/airflow/.local/lib/python3.8/site-packages/airflow/example_dags/example_sensors.py took 0.074 seconds
[2023-10-10T16:51:46.939+0000] {processor.py:157} INFO - Started process (PID=224) to work on /home/airflow/.local/lib/python3.8/site-packages/airflow/example_dags/example_sensors.py
[2023-10-10T16:51:46.940+0000] {processor.py:829} INFO - Processing file /home/airflow/.local/lib/python3.8/site-packages/airflow/example_dags/example_sensors.py for tasks to queue
[2023-10-10T16:51:46.942+0000] {logging_mixin.py:151} INFO - [2023-10-10T16:51:46.942+0000] {dagbag.py:539} INFO - Filling up the DagBag from /home/airflow/.local/lib/python3.8/site-packages/airflow/example_dags/example_sensors.py
[2023-10-10T16:51:46.952+0000] {processor.py:839} INFO - DAG(s) dict_keys(['example_sensors']) retrieved from /home/airflow/.local/lib/python3.8/site-packages/airflow/example_dags/example_sensors.py
[2023-10-10T16:51:47.047+0000] {logging_mixin.py:151} INFO - [2023-10-10T16:51:47.047+0000] {dag.py:2915} INFO - Sync 1 DAGs
[2023-10-10T16:51:47.066+0000] {logging_mixin.py:151} INFO - [2023-10-10T16:51:47.066+0000] {dag.py:3696} INFO - Setting next_dagrun for example_sensors to None, run_after=None
[2023-10-10T16:51:47.148+0000] {processor.py:179} INFO - Processing /home/airflow/.local/lib/python3.8/site-packages/airflow/example_dags/example_sensors.py took 0.212 seconds
[2023-10-10T16:52:17.211+0000] {processor.py:157} INFO - Started process (PID=277) to work on /home/airflow/.local/lib/python3.8/site-packages/airflow/example_dags/example_sensors.py
[2023-10-10T16:52:17.212+0000] {processor.py:829} INFO - Processing file /home/airflow/.local/lib/python3.8/site-packages/airflow/example_dags/example_sensors.py for tasks to queue
[2023-10-10T16:52:17.214+0000] {logging_mixin.py:151} INFO - [2023-10-10T16:52:17.213+0000] {dagbag.py:539} INFO - Filling up the DagBag from /home/airflow/.local/lib/python3.8/site-packages/airflow/example_dags/example_sensors.py
[2023-10-10T16:52:17.223+0000] {processor.py:839} INFO - DAG(s) dict_keys(['example_sensors']) retrieved from /home/airflow/.local/lib/python3.8/site-packages/airflow/example_dags/example_sensors.py
[2023-10-10T16:52:17.246+0000] {logging_mixin.py:151} INFO - [2023-10-10T16:52:17.246+0000] {dag.py:2915} INFO - Sync 1 DAGs
[2023-10-10T16:52:17.258+0000] {logging_mixin.py:151} INFO - [2023-10-10T16:52:17.257+0000] {dag.py:3696} INFO - Setting next_dagrun for example_sensors to None, run_after=None
[2023-10-10T16:52:17.274+0000] {processor.py:179} INFO - Processing /home/airflow/.local/lib/python3.8/site-packages/airflow/example_dags/example_sensors.py took 0.065 seconds
[2023-10-10T16:52:48.742+0000] {processor.py:157} INFO - Started process (PID=338) to work on /home/airflow/.local/lib/python3.8/site-packages/airflow/example_dags/example_sensors.py
[2023-10-10T16:52:48.743+0000] {processor.py:829} INFO - Processing file /home/airflow/.local/lib/python3.8/site-packages/airflow/example_dags/example_sensors.py for tasks to queue
[2023-10-10T16:52:48.744+0000] {logging_mixin.py:151} INFO - [2023-10-10T16:52:48.744+0000] {dagbag.py:539} INFO - Filling up the DagBag from /home/airflow/.local/lib/python3.8/site-packages/airflow/example_dags/example_sensors.py
[2023-10-10T16:52:48.754+0000] {processor.py:839} INFO - DAG(s) dict_keys(['example_sensors']) retrieved from /home/airflow/.local/lib/python3.8/site-packages/airflow/example_dags/example_sensors.py
[2023-10-10T16:52:48.781+0000] {logging_mixin.py:151} INFO - [2023-10-10T16:52:48.781+0000] {dag.py:2915} INFO - Sync 1 DAGs
[2023-10-10T16:52:48.793+0000] {logging_mixin.py:151} INFO - [2023-10-10T16:52:48.793+0000] {dag.py:3696} INFO - Setting next_dagrun for example_sensors to None, run_after=None
[2023-10-10T16:52:48.841+0000] {processor.py:179} INFO - Processing /home/airflow/.local/lib/python3.8/site-packages/airflow/example_dags/example_sensors.py took 0.102 seconds
[2023-10-10T16:53:19.487+0000] {processor.py:157} INFO - Started process (PID=392) to work on /home/airflow/.local/lib/python3.8/site-packages/airflow/example_dags/example_sensors.py
[2023-10-10T16:53:19.488+0000] {processor.py:829} INFO - Processing file /home/airflow/.local/lib/python3.8/site-packages/airflow/example_dags/example_sensors.py for tasks to queue
[2023-10-10T16:53:19.490+0000] {logging_mixin.py:151} INFO - [2023-10-10T16:53:19.490+0000] {dagbag.py:539} INFO - Filling up the DagBag from /home/airflow/.local/lib/python3.8/site-packages/airflow/example_dags/example_sensors.py
[2023-10-10T16:53:19.497+0000] {processor.py:839} INFO - DAG(s) dict_keys(['example_sensors']) retrieved from /home/airflow/.local/lib/python3.8/site-packages/airflow/example_dags/example_sensors.py
[2023-10-10T16:53:19.526+0000] {logging_mixin.py:151} INFO - [2023-10-10T16:53:19.526+0000] {dag.py:2915} INFO - Sync 1 DAGs
[2023-10-10T16:53:19.537+0000] {logging_mixin.py:151} INFO - [2023-10-10T16:53:19.537+0000] {dag.py:3696} INFO - Setting next_dagrun for example_sensors to None, run_after=None
[2023-10-10T16:53:19.553+0000] {processor.py:179} INFO - Processing /home/airflow/.local/lib/python3.8/site-packages/airflow/example_dags/example_sensors.py took 0.068 seconds
[2023-10-10T16:53:50.145+0000] {processor.py:157} INFO - Started process (PID=446) to work on /home/airflow/.local/lib/python3.8/site-packages/airflow/example_dags/example_sensors.py
[2023-10-10T16:53:50.146+0000] {processor.py:829} INFO - Processing file /home/airflow/.local/lib/python3.8/site-packages/airflow/example_dags/example_sensors.py for tasks to queue
[2023-10-10T16:53:50.148+0000] {logging_mixin.py:151} INFO - [2023-10-10T16:53:50.148+0000] {dagbag.py:539} INFO - Filling up the DagBag from /home/airflow/.local/lib/python3.8/site-packages/airflow/example_dags/example_sensors.py
[2023-10-10T16:53:50.155+0000] {processor.py:839} INFO - DAG(s) dict_keys(['example_sensors']) retrieved from /home/airflow/.local/lib/python3.8/site-packages/airflow/example_dags/example_sensors.py
[2023-10-10T16:53:50.179+0000] {logging_mixin.py:151} INFO - [2023-10-10T16:53:50.179+0000] {dag.py:2915} INFO - Sync 1 DAGs
[2023-10-10T16:53:50.192+0000] {logging_mixin.py:151} INFO - [2023-10-10T16:53:50.192+0000] {dag.py:3696} INFO - Setting next_dagrun for example_sensors to None, run_after=None
[2023-10-10T16:53:50.210+0000] {processor.py:179} INFO - Processing /home/airflow/.local/lib/python3.8/site-packages/airflow/example_dags/example_sensors.py took 0.068 seconds
[2023-10-10T16:54:21.062+0000] {processor.py:157} INFO - Started process (PID=500) to work on /home/airflow/.local/lib/python3.8/site-packages/airflow/example_dags/example_sensors.py
[2023-10-10T16:54:21.063+0000] {processor.py:829} INFO - Processing file /home/airflow/.local/lib/python3.8/site-packages/airflow/example_dags/example_sensors.py for tasks to queue
[2023-10-10T16:54:21.064+0000] {logging_mixin.py:151} INFO - [2023-10-10T16:54:21.064+0000] {dagbag.py:539} INFO - Filling up the DagBag from /home/airflow/.local/lib/python3.8/site-packages/airflow/example_dags/example_sensors.py
[2023-10-10T16:54:21.072+0000] {processor.py:839} INFO - DAG(s) dict_keys(['example_sensors']) retrieved from /home/airflow/.local/lib/python3.8/site-packages/airflow/example_dags/example_sensors.py
[2023-10-10T16:54:21.148+0000] {logging_mixin.py:151} INFO - [2023-10-10T16:54:21.148+0000] {dag.py:2915} INFO - Sync 1 DAGs
[2023-10-10T16:54:21.161+0000] {logging_mixin.py:151} INFO - [2023-10-10T16:54:21.160+0000] {dag.py:3696} INFO - Setting next_dagrun for example_sensors to None, run_after=None
[2023-10-10T16:54:21.175+0000] {processor.py:179} INFO - Processing /home/airflow/.local/lib/python3.8/site-packages/airflow/example_dags/example_sensors.py took 0.116 seconds
[2023-10-10T16:54:52.149+0000] {processor.py:157} INFO - Started process (PID=554) to work on /home/airflow/.local/lib/python3.8/site-packages/airflow/example_dags/example_sensors.py
[2023-10-10T16:54:52.151+0000] {processor.py:829} INFO - Processing file /home/airflow/.local/lib/python3.8/site-packages/airflow/example_dags/example_sensors.py for tasks to queue
[2023-10-10T16:54:52.153+0000] {logging_mixin.py:151} INFO - [2023-10-10T16:54:52.152+0000] {dagbag.py:539} INFO - Filling up the DagBag from /home/airflow/.local/lib/python3.8/site-packages/airflow/example_dags/example_sensors.py
[2023-10-10T16:54:52.161+0000] {processor.py:839} INFO - DAG(s) dict_keys(['example_sensors']) retrieved from /home/airflow/.local/lib/python3.8/site-packages/airflow/example_dags/example_sensors.py
[2023-10-10T16:54:52.190+0000] {logging_mixin.py:151} INFO - [2023-10-10T16:54:52.189+0000] {dag.py:2915} INFO - Sync 1 DAGs
[2023-10-10T16:54:52.204+0000] {logging_mixin.py:151} INFO - [2023-10-10T16:54:52.204+0000] {dag.py:3696} INFO - Setting next_dagrun for example_sensors to None, run_after=None
[2023-10-10T16:54:52.223+0000] {processor.py:179} INFO - Processing /home/airflow/.local/lib/python3.8/site-packages/airflow/example_dags/example_sensors.py took 0.077 seconds
