[2023-10-10T15:24:05.580+0000] {processor.py:157} INFO - Started process (PID=164) to work on /home/airflow/.local/lib/python3.8/site-packages/airflow/example_dags/example_kubernetes_executor.py
[2023-10-10T15:24:05.580+0000] {processor.py:829} INFO - Processing file /home/airflow/.local/lib/python3.8/site-packages/airflow/example_dags/example_kubernetes_executor.py for tasks to queue
[2023-10-10T15:24:05.582+0000] {logging_mixin.py:151} INFO - [2023-10-10T15:24:05.582+0000] {dagbag.py:539} INFO - Filling up the DagBag from /home/airflow/.local/lib/python3.8/site-packages/airflow/example_dags/example_kubernetes_executor.py
[2023-10-10T15:24:07.086+0000] {processor.py:839} INFO - DAG(s) dict_keys(['example_kubernetes_executor']) retrieved from /home/airflow/.local/lib/python3.8/site-packages/airflow/example_dags/example_kubernetes_executor.py
[2023-10-10T15:24:07.100+0000] {logging_mixin.py:151} INFO - [2023-10-10T15:24:07.099+0000] {dag.py:2915} INFO - Sync 1 DAGs
[2023-10-10T15:24:07.115+0000] {logging_mixin.py:151} INFO - [2023-10-10T15:24:07.115+0000] {dag.py:3696} INFO - Setting next_dagrun for example_kubernetes_executor to None, run_after=None
[2023-10-10T15:24:07.134+0000] {processor.py:179} INFO - Processing /home/airflow/.local/lib/python3.8/site-packages/airflow/example_dags/example_kubernetes_executor.py took 1.558 seconds
[2023-10-10T15:24:37.884+0000] {processor.py:157} INFO - Started process (PID=220) to work on /home/airflow/.local/lib/python3.8/site-packages/airflow/example_dags/example_kubernetes_executor.py
[2023-10-10T15:24:37.885+0000] {processor.py:829} INFO - Processing file /home/airflow/.local/lib/python3.8/site-packages/airflow/example_dags/example_kubernetes_executor.py for tasks to queue
[2023-10-10T15:24:37.887+0000] {logging_mixin.py:151} INFO - [2023-10-10T15:24:37.887+0000] {dagbag.py:539} INFO - Filling up the DagBag from /home/airflow/.local/lib/python3.8/site-packages/airflow/example_dags/example_kubernetes_executor.py
[2023-10-10T15:24:38.306+0000] {processor.py:839} INFO - DAG(s) dict_keys(['example_kubernetes_executor']) retrieved from /home/airflow/.local/lib/python3.8/site-packages/airflow/example_dags/example_kubernetes_executor.py
[2023-10-10T15:24:38.340+0000] {logging_mixin.py:151} INFO - [2023-10-10T15:24:38.339+0000] {dag.py:2915} INFO - Sync 1 DAGs
[2023-10-10T15:24:38.350+0000] {logging_mixin.py:151} INFO - [2023-10-10T15:24:38.350+0000] {dag.py:3696} INFO - Setting next_dagrun for example_kubernetes_executor to None, run_after=None
[2023-10-10T15:24:38.365+0000] {processor.py:179} INFO - Processing /home/airflow/.local/lib/python3.8/site-packages/airflow/example_dags/example_kubernetes_executor.py took 0.483 seconds
[2023-10-10T15:25:09.203+0000] {processor.py:157} INFO - Started process (PID=274) to work on /home/airflow/.local/lib/python3.8/site-packages/airflow/example_dags/example_kubernetes_executor.py
[2023-10-10T15:25:09.204+0000] {processor.py:829} INFO - Processing file /home/airflow/.local/lib/python3.8/site-packages/airflow/example_dags/example_kubernetes_executor.py for tasks to queue
[2023-10-10T15:25:09.207+0000] {logging_mixin.py:151} INFO - [2023-10-10T15:25:09.207+0000] {dagbag.py:539} INFO - Filling up the DagBag from /home/airflow/.local/lib/python3.8/site-packages/airflow/example_dags/example_kubernetes_executor.py
[2023-10-10T15:25:09.648+0000] {processor.py:839} INFO - DAG(s) dict_keys(['example_kubernetes_executor']) retrieved from /home/airflow/.local/lib/python3.8/site-packages/airflow/example_dags/example_kubernetes_executor.py
[2023-10-10T15:25:09.696+0000] {logging_mixin.py:151} INFO - [2023-10-10T15:25:09.695+0000] {dag.py:2915} INFO - Sync 1 DAGs
[2023-10-10T15:25:09.710+0000] {logging_mixin.py:151} INFO - [2023-10-10T15:25:09.709+0000] {dag.py:3696} INFO - Setting next_dagrun for example_kubernetes_executor to None, run_after=None
[2023-10-10T15:25:09.732+0000] {processor.py:179} INFO - Processing /home/airflow/.local/lib/python3.8/site-packages/airflow/example_dags/example_kubernetes_executor.py took 0.533 seconds
[2023-10-10T15:25:40.237+0000] {processor.py:157} INFO - Started process (PID=328) to work on /home/airflow/.local/lib/python3.8/site-packages/airflow/example_dags/example_kubernetes_executor.py
[2023-10-10T15:25:40.238+0000] {processor.py:829} INFO - Processing file /home/airflow/.local/lib/python3.8/site-packages/airflow/example_dags/example_kubernetes_executor.py for tasks to queue
[2023-10-10T15:25:40.239+0000] {logging_mixin.py:151} INFO - [2023-10-10T15:25:40.239+0000] {dagbag.py:539} INFO - Filling up the DagBag from /home/airflow/.local/lib/python3.8/site-packages/airflow/example_dags/example_kubernetes_executor.py
[2023-10-10T15:25:40.482+0000] {processor.py:839} INFO - DAG(s) dict_keys(['example_kubernetes_executor']) retrieved from /home/airflow/.local/lib/python3.8/site-packages/airflow/example_dags/example_kubernetes_executor.py
[2023-10-10T15:25:40.519+0000] {logging_mixin.py:151} INFO - [2023-10-10T15:25:40.519+0000] {dag.py:2915} INFO - Sync 1 DAGs
[2023-10-10T15:25:40.529+0000] {logging_mixin.py:151} INFO - [2023-10-10T15:25:40.529+0000] {dag.py:3696} INFO - Setting next_dagrun for example_kubernetes_executor to None, run_after=None
[2023-10-10T15:25:40.543+0000] {processor.py:179} INFO - Processing /home/airflow/.local/lib/python3.8/site-packages/airflow/example_dags/example_kubernetes_executor.py took 0.309 seconds
[2023-10-10T15:26:10.843+0000] {processor.py:157} INFO - Started process (PID=382) to work on /home/airflow/.local/lib/python3.8/site-packages/airflow/example_dags/example_kubernetes_executor.py
[2023-10-10T15:26:10.844+0000] {processor.py:829} INFO - Processing file /home/airflow/.local/lib/python3.8/site-packages/airflow/example_dags/example_kubernetes_executor.py for tasks to queue
[2023-10-10T15:26:10.846+0000] {logging_mixin.py:151} INFO - [2023-10-10T15:26:10.845+0000] {dagbag.py:539} INFO - Filling up the DagBag from /home/airflow/.local/lib/python3.8/site-packages/airflow/example_dags/example_kubernetes_executor.py
[2023-10-10T15:26:11.109+0000] {processor.py:839} INFO - DAG(s) dict_keys(['example_kubernetes_executor']) retrieved from /home/airflow/.local/lib/python3.8/site-packages/airflow/example_dags/example_kubernetes_executor.py
[2023-10-10T15:26:11.143+0000] {logging_mixin.py:151} INFO - [2023-10-10T15:26:11.143+0000] {dag.py:2915} INFO - Sync 1 DAGs
[2023-10-10T15:26:11.155+0000] {logging_mixin.py:151} INFO - [2023-10-10T15:26:11.155+0000] {dag.py:3696} INFO - Setting next_dagrun for example_kubernetes_executor to None, run_after=None
[2023-10-10T15:26:11.172+0000] {processor.py:179} INFO - Processing /home/airflow/.local/lib/python3.8/site-packages/airflow/example_dags/example_kubernetes_executor.py took 0.332 seconds
[2023-10-10T15:26:41.413+0000] {processor.py:157} INFO - Started process (PID=436) to work on /home/airflow/.local/lib/python3.8/site-packages/airflow/example_dags/example_kubernetes_executor.py
[2023-10-10T15:26:41.413+0000] {processor.py:829} INFO - Processing file /home/airflow/.local/lib/python3.8/site-packages/airflow/example_dags/example_kubernetes_executor.py for tasks to queue
[2023-10-10T15:26:41.416+0000] {logging_mixin.py:151} INFO - [2023-10-10T15:26:41.416+0000] {dagbag.py:539} INFO - Filling up the DagBag from /home/airflow/.local/lib/python3.8/site-packages/airflow/example_dags/example_kubernetes_executor.py
[2023-10-10T15:26:41.670+0000] {processor.py:839} INFO - DAG(s) dict_keys(['example_kubernetes_executor']) retrieved from /home/airflow/.local/lib/python3.8/site-packages/airflow/example_dags/example_kubernetes_executor.py
[2023-10-10T15:26:41.712+0000] {logging_mixin.py:151} INFO - [2023-10-10T15:26:41.712+0000] {dag.py:2915} INFO - Sync 1 DAGs
[2023-10-10T15:26:41.723+0000] {logging_mixin.py:151} INFO - [2023-10-10T15:26:41.722+0000] {dag.py:3696} INFO - Setting next_dagrun for example_kubernetes_executor to None, run_after=None
[2023-10-10T15:26:41.738+0000] {processor.py:179} INFO - Processing /home/airflow/.local/lib/python3.8/site-packages/airflow/example_dags/example_kubernetes_executor.py took 0.328 seconds
[2023-10-10T15:27:12.023+0000] {processor.py:157} INFO - Started process (PID=490) to work on /home/airflow/.local/lib/python3.8/site-packages/airflow/example_dags/example_kubernetes_executor.py
[2023-10-10T15:27:12.023+0000] {processor.py:829} INFO - Processing file /home/airflow/.local/lib/python3.8/site-packages/airflow/example_dags/example_kubernetes_executor.py for tasks to queue
[2023-10-10T15:27:12.025+0000] {logging_mixin.py:151} INFO - [2023-10-10T15:27:12.025+0000] {dagbag.py:539} INFO - Filling up the DagBag from /home/airflow/.local/lib/python3.8/site-packages/airflow/example_dags/example_kubernetes_executor.py
[2023-10-10T15:27:12.285+0000] {processor.py:839} INFO - DAG(s) dict_keys(['example_kubernetes_executor']) retrieved from /home/airflow/.local/lib/python3.8/site-packages/airflow/example_dags/example_kubernetes_executor.py
[2023-10-10T15:27:12.328+0000] {logging_mixin.py:151} INFO - [2023-10-10T15:27:12.327+0000] {dag.py:2915} INFO - Sync 1 DAGs
[2023-10-10T15:27:12.339+0000] {logging_mixin.py:151} INFO - [2023-10-10T15:27:12.339+0000] {dag.py:3696} INFO - Setting next_dagrun for example_kubernetes_executor to None, run_after=None
[2023-10-10T15:27:12.355+0000] {processor.py:179} INFO - Processing /home/airflow/.local/lib/python3.8/site-packages/airflow/example_dags/example_kubernetes_executor.py took 0.335 seconds
[2023-10-10T15:27:42.582+0000] {processor.py:157} INFO - Started process (PID=544) to work on /home/airflow/.local/lib/python3.8/site-packages/airflow/example_dags/example_kubernetes_executor.py
[2023-10-10T15:27:42.583+0000] {processor.py:829} INFO - Processing file /home/airflow/.local/lib/python3.8/site-packages/airflow/example_dags/example_kubernetes_executor.py for tasks to queue
[2023-10-10T15:27:42.584+0000] {logging_mixin.py:151} INFO - [2023-10-10T15:27:42.584+0000] {dagbag.py:539} INFO - Filling up the DagBag from /home/airflow/.local/lib/python3.8/site-packages/airflow/example_dags/example_kubernetes_executor.py
[2023-10-10T15:27:42.866+0000] {processor.py:839} INFO - DAG(s) dict_keys(['example_kubernetes_executor']) retrieved from /home/airflow/.local/lib/python3.8/site-packages/airflow/example_dags/example_kubernetes_executor.py
[2023-10-10T15:27:42.911+0000] {logging_mixin.py:151} INFO - [2023-10-10T15:27:42.910+0000] {dag.py:2915} INFO - Sync 1 DAGs
[2023-10-10T15:27:42.924+0000] {logging_mixin.py:151} INFO - [2023-10-10T15:27:42.924+0000] {dag.py:3696} INFO - Setting next_dagrun for example_kubernetes_executor to None, run_after=None
[2023-10-10T15:27:42.944+0000] {processor.py:179} INFO - Processing /home/airflow/.local/lib/python3.8/site-packages/airflow/example_dags/example_kubernetes_executor.py took 0.366 seconds
[2023-10-10T15:28:13.524+0000] {processor.py:157} INFO - Started process (PID=598) to work on /home/airflow/.local/lib/python3.8/site-packages/airflow/example_dags/example_kubernetes_executor.py
[2023-10-10T15:28:13.524+0000] {processor.py:829} INFO - Processing file /home/airflow/.local/lib/python3.8/site-packages/airflow/example_dags/example_kubernetes_executor.py for tasks to queue
[2023-10-10T15:28:13.526+0000] {logging_mixin.py:151} INFO - [2023-10-10T15:28:13.526+0000] {dagbag.py:539} INFO - Filling up the DagBag from /home/airflow/.local/lib/python3.8/site-packages/airflow/example_dags/example_kubernetes_executor.py
[2023-10-10T15:28:13.811+0000] {processor.py:839} INFO - DAG(s) dict_keys(['example_kubernetes_executor']) retrieved from /home/airflow/.local/lib/python3.8/site-packages/airflow/example_dags/example_kubernetes_executor.py
[2023-10-10T15:28:13.842+0000] {logging_mixin.py:151} INFO - [2023-10-10T15:28:13.841+0000] {dag.py:2915} INFO - Sync 1 DAGs
[2023-10-10T15:28:13.853+0000] {logging_mixin.py:151} INFO - [2023-10-10T15:28:13.853+0000] {dag.py:3696} INFO - Setting next_dagrun for example_kubernetes_executor to None, run_after=None
[2023-10-10T15:28:13.867+0000] {processor.py:179} INFO - Processing /home/airflow/.local/lib/python3.8/site-packages/airflow/example_dags/example_kubernetes_executor.py took 0.345 seconds
[2023-10-10T15:28:44.306+0000] {processor.py:157} INFO - Started process (PID=652) to work on /home/airflow/.local/lib/python3.8/site-packages/airflow/example_dags/example_kubernetes_executor.py
[2023-10-10T15:28:44.307+0000] {processor.py:829} INFO - Processing file /home/airflow/.local/lib/python3.8/site-packages/airflow/example_dags/example_kubernetes_executor.py for tasks to queue
[2023-10-10T15:28:44.309+0000] {logging_mixin.py:151} INFO - [2023-10-10T15:28:44.309+0000] {dagbag.py:539} INFO - Filling up the DagBag from /home/airflow/.local/lib/python3.8/site-packages/airflow/example_dags/example_kubernetes_executor.py
[2023-10-10T15:28:44.562+0000] {processor.py:839} INFO - DAG(s) dict_keys(['example_kubernetes_executor']) retrieved from /home/airflow/.local/lib/python3.8/site-packages/airflow/example_dags/example_kubernetes_executor.py
[2023-10-10T15:28:44.612+0000] {logging_mixin.py:151} INFO - [2023-10-10T15:28:44.611+0000] {dag.py:2915} INFO - Sync 1 DAGs
[2023-10-10T15:28:44.625+0000] {logging_mixin.py:151} INFO - [2023-10-10T15:28:44.625+0000] {dag.py:3696} INFO - Setting next_dagrun for example_kubernetes_executor to None, run_after=None
[2023-10-10T15:28:44.644+0000] {processor.py:179} INFO - Processing /home/airflow/.local/lib/python3.8/site-packages/airflow/example_dags/example_kubernetes_executor.py took 0.342 seconds
[2023-10-10T15:29:14.688+0000] {processor.py:157} INFO - Started process (PID=706) to work on /home/airflow/.local/lib/python3.8/site-packages/airflow/example_dags/example_kubernetes_executor.py
[2023-10-10T15:29:14.689+0000] {processor.py:829} INFO - Processing file /home/airflow/.local/lib/python3.8/site-packages/airflow/example_dags/example_kubernetes_executor.py for tasks to queue
[2023-10-10T15:29:14.691+0000] {logging_mixin.py:151} INFO - [2023-10-10T15:29:14.691+0000] {dagbag.py:539} INFO - Filling up the DagBag from /home/airflow/.local/lib/python3.8/site-packages/airflow/example_dags/example_kubernetes_executor.py
[2023-10-10T15:29:15.384+0000] {processor.py:839} INFO - DAG(s) dict_keys(['example_kubernetes_executor']) retrieved from /home/airflow/.local/lib/python3.8/site-packages/airflow/example_dags/example_kubernetes_executor.py
[2023-10-10T15:29:15.677+0000] {logging_mixin.py:151} INFO - [2023-10-10T15:29:15.676+0000] {dag.py:2915} INFO - Sync 1 DAGs
[2023-10-10T15:29:15.709+0000] {logging_mixin.py:151} INFO - [2023-10-10T15:29:15.709+0000] {dag.py:3696} INFO - Setting next_dagrun for example_kubernetes_executor to None, run_after=None
[2023-10-10T15:29:15.811+0000] {processor.py:179} INFO - Processing /home/airflow/.local/lib/python3.8/site-packages/airflow/example_dags/example_kubernetes_executor.py took 1.126 seconds
[2023-10-10T15:29:46.019+0000] {processor.py:157} INFO - Started process (PID=760) to work on /home/airflow/.local/lib/python3.8/site-packages/airflow/example_dags/example_kubernetes_executor.py
[2023-10-10T15:29:46.020+0000] {processor.py:829} INFO - Processing file /home/airflow/.local/lib/python3.8/site-packages/airflow/example_dags/example_kubernetes_executor.py for tasks to queue
[2023-10-10T15:29:46.022+0000] {logging_mixin.py:151} INFO - [2023-10-10T15:29:46.022+0000] {dagbag.py:539} INFO - Filling up the DagBag from /home/airflow/.local/lib/python3.8/site-packages/airflow/example_dags/example_kubernetes_executor.py
[2023-10-10T15:29:46.270+0000] {processor.py:839} INFO - DAG(s) dict_keys(['example_kubernetes_executor']) retrieved from /home/airflow/.local/lib/python3.8/site-packages/airflow/example_dags/example_kubernetes_executor.py
[2023-10-10T15:29:46.309+0000] {logging_mixin.py:151} INFO - [2023-10-10T15:29:46.309+0000] {dag.py:2915} INFO - Sync 1 DAGs
[2023-10-10T15:29:46.320+0000] {logging_mixin.py:151} INFO - [2023-10-10T15:29:46.320+0000] {dag.py:3696} INFO - Setting next_dagrun for example_kubernetes_executor to None, run_after=None
[2023-10-10T15:29:46.337+0000] {processor.py:179} INFO - Processing /home/airflow/.local/lib/python3.8/site-packages/airflow/example_dags/example_kubernetes_executor.py took 0.321 seconds
[2023-10-10T15:30:16.360+0000] {processor.py:157} INFO - Started process (PID=814) to work on /home/airflow/.local/lib/python3.8/site-packages/airflow/example_dags/example_kubernetes_executor.py
[2023-10-10T15:30:16.361+0000] {processor.py:829} INFO - Processing file /home/airflow/.local/lib/python3.8/site-packages/airflow/example_dags/example_kubernetes_executor.py for tasks to queue
[2023-10-10T15:30:16.362+0000] {logging_mixin.py:151} INFO - [2023-10-10T15:30:16.362+0000] {dagbag.py:539} INFO - Filling up the DagBag from /home/airflow/.local/lib/python3.8/site-packages/airflow/example_dags/example_kubernetes_executor.py
[2023-10-10T15:30:16.614+0000] {processor.py:839} INFO - DAG(s) dict_keys(['example_kubernetes_executor']) retrieved from /home/airflow/.local/lib/python3.8/site-packages/airflow/example_dags/example_kubernetes_executor.py
[2023-10-10T15:30:16.651+0000] {logging_mixin.py:151} INFO - [2023-10-10T15:30:16.650+0000] {dag.py:2915} INFO - Sync 1 DAGs
[2023-10-10T15:30:16.660+0000] {logging_mixin.py:151} INFO - [2023-10-10T15:30:16.660+0000] {dag.py:3696} INFO - Setting next_dagrun for example_kubernetes_executor to None, run_after=None
[2023-10-10T15:30:16.674+0000] {processor.py:179} INFO - Processing /home/airflow/.local/lib/python3.8/site-packages/airflow/example_dags/example_kubernetes_executor.py took 0.317 seconds
[2023-10-10T15:30:47.620+0000] {processor.py:157} INFO - Started process (PID=868) to work on /home/airflow/.local/lib/python3.8/site-packages/airflow/example_dags/example_kubernetes_executor.py
[2023-10-10T15:30:47.621+0000] {processor.py:829} INFO - Processing file /home/airflow/.local/lib/python3.8/site-packages/airflow/example_dags/example_kubernetes_executor.py for tasks to queue
[2023-10-10T15:30:47.623+0000] {logging_mixin.py:151} INFO - [2023-10-10T15:30:47.623+0000] {dagbag.py:539} INFO - Filling up the DagBag from /home/airflow/.local/lib/python3.8/site-packages/airflow/example_dags/example_kubernetes_executor.py
[2023-10-10T15:30:47.893+0000] {processor.py:839} INFO - DAG(s) dict_keys(['example_kubernetes_executor']) retrieved from /home/airflow/.local/lib/python3.8/site-packages/airflow/example_dags/example_kubernetes_executor.py
[2023-10-10T15:30:47.939+0000] {logging_mixin.py:151} INFO - [2023-10-10T15:30:47.938+0000] {dag.py:2915} INFO - Sync 1 DAGs
[2023-10-10T15:30:47.952+0000] {logging_mixin.py:151} INFO - [2023-10-10T15:30:47.952+0000] {dag.py:3696} INFO - Setting next_dagrun for example_kubernetes_executor to None, run_after=None
[2023-10-10T15:30:47.978+0000] {processor.py:179} INFO - Processing /home/airflow/.local/lib/python3.8/site-packages/airflow/example_dags/example_kubernetes_executor.py took 0.360 seconds
[2023-10-10T15:31:18.861+0000] {processor.py:157} INFO - Started process (PID=922) to work on /home/airflow/.local/lib/python3.8/site-packages/airflow/example_dags/example_kubernetes_executor.py
[2023-10-10T15:31:18.862+0000] {processor.py:829} INFO - Processing file /home/airflow/.local/lib/python3.8/site-packages/airflow/example_dags/example_kubernetes_executor.py for tasks to queue
[2023-10-10T15:31:18.863+0000] {logging_mixin.py:151} INFO - [2023-10-10T15:31:18.863+0000] {dagbag.py:539} INFO - Filling up the DagBag from /home/airflow/.local/lib/python3.8/site-packages/airflow/example_dags/example_kubernetes_executor.py
[2023-10-10T15:31:19.153+0000] {processor.py:839} INFO - DAG(s) dict_keys(['example_kubernetes_executor']) retrieved from /home/airflow/.local/lib/python3.8/site-packages/airflow/example_dags/example_kubernetes_executor.py
[2023-10-10T15:31:19.183+0000] {logging_mixin.py:151} INFO - [2023-10-10T15:31:19.183+0000] {dag.py:2915} INFO - Sync 1 DAGs
[2023-10-10T15:31:19.196+0000] {logging_mixin.py:151} INFO - [2023-10-10T15:31:19.196+0000] {dag.py:3696} INFO - Setting next_dagrun for example_kubernetes_executor to None, run_after=None
[2023-10-10T15:31:19.216+0000] {processor.py:179} INFO - Processing /home/airflow/.local/lib/python3.8/site-packages/airflow/example_dags/example_kubernetes_executor.py took 0.358 seconds
[2023-10-10T15:31:50.134+0000] {processor.py:157} INFO - Started process (PID=976) to work on /home/airflow/.local/lib/python3.8/site-packages/airflow/example_dags/example_kubernetes_executor.py
[2023-10-10T15:31:50.135+0000] {processor.py:829} INFO - Processing file /home/airflow/.local/lib/python3.8/site-packages/airflow/example_dags/example_kubernetes_executor.py for tasks to queue
[2023-10-10T15:31:50.137+0000] {logging_mixin.py:151} INFO - [2023-10-10T15:31:50.136+0000] {dagbag.py:539} INFO - Filling up the DagBag from /home/airflow/.local/lib/python3.8/site-packages/airflow/example_dags/example_kubernetes_executor.py
[2023-10-10T15:31:50.424+0000] {processor.py:839} INFO - DAG(s) dict_keys(['example_kubernetes_executor']) retrieved from /home/airflow/.local/lib/python3.8/site-packages/airflow/example_dags/example_kubernetes_executor.py
[2023-10-10T15:31:50.458+0000] {logging_mixin.py:151} INFO - [2023-10-10T15:31:50.458+0000] {dag.py:2915} INFO - Sync 1 DAGs
[2023-10-10T15:31:50.473+0000] {logging_mixin.py:151} INFO - [2023-10-10T15:31:50.472+0000] {dag.py:3696} INFO - Setting next_dagrun for example_kubernetes_executor to None, run_after=None
[2023-10-10T15:31:50.496+0000] {processor.py:179} INFO - Processing /home/airflow/.local/lib/python3.8/site-packages/airflow/example_dags/example_kubernetes_executor.py took 0.365 seconds
[2023-10-10T15:32:20.922+0000] {processor.py:157} INFO - Started process (PID=1030) to work on /home/airflow/.local/lib/python3.8/site-packages/airflow/example_dags/example_kubernetes_executor.py
[2023-10-10T15:32:20.926+0000] {processor.py:829} INFO - Processing file /home/airflow/.local/lib/python3.8/site-packages/airflow/example_dags/example_kubernetes_executor.py for tasks to queue
[2023-10-10T15:32:20.928+0000] {logging_mixin.py:151} INFO - [2023-10-10T15:32:20.928+0000] {dagbag.py:539} INFO - Filling up the DagBag from /home/airflow/.local/lib/python3.8/site-packages/airflow/example_dags/example_kubernetes_executor.py
[2023-10-10T15:32:21.226+0000] {processor.py:839} INFO - DAG(s) dict_keys(['example_kubernetes_executor']) retrieved from /home/airflow/.local/lib/python3.8/site-packages/airflow/example_dags/example_kubernetes_executor.py
[2023-10-10T15:32:21.263+0000] {logging_mixin.py:151} INFO - [2023-10-10T15:32:21.262+0000] {dag.py:2915} INFO - Sync 1 DAGs
[2023-10-10T15:32:21.275+0000] {logging_mixin.py:151} INFO - [2023-10-10T15:32:21.275+0000] {dag.py:3696} INFO - Setting next_dagrun for example_kubernetes_executor to None, run_after=None
[2023-10-10T15:32:21.299+0000] {processor.py:179} INFO - Processing /home/airflow/.local/lib/python3.8/site-packages/airflow/example_dags/example_kubernetes_executor.py took 0.380 seconds
[2023-10-10T15:32:51.789+0000] {processor.py:157} INFO - Started process (PID=1084) to work on /home/airflow/.local/lib/python3.8/site-packages/airflow/example_dags/example_kubernetes_executor.py
[2023-10-10T15:32:51.790+0000] {processor.py:829} INFO - Processing file /home/airflow/.local/lib/python3.8/site-packages/airflow/example_dags/example_kubernetes_executor.py for tasks to queue
[2023-10-10T15:32:51.792+0000] {logging_mixin.py:151} INFO - [2023-10-10T15:32:51.792+0000] {dagbag.py:539} INFO - Filling up the DagBag from /home/airflow/.local/lib/python3.8/site-packages/airflow/example_dags/example_kubernetes_executor.py
[2023-10-10T15:32:52.087+0000] {processor.py:839} INFO - DAG(s) dict_keys(['example_kubernetes_executor']) retrieved from /home/airflow/.local/lib/python3.8/site-packages/airflow/example_dags/example_kubernetes_executor.py
[2023-10-10T15:32:52.121+0000] {logging_mixin.py:151} INFO - [2023-10-10T15:32:52.120+0000] {dag.py:2915} INFO - Sync 1 DAGs
[2023-10-10T15:32:52.134+0000] {logging_mixin.py:151} INFO - [2023-10-10T15:32:52.134+0000] {dag.py:3696} INFO - Setting next_dagrun for example_kubernetes_executor to None, run_after=None
[2023-10-10T15:32:52.152+0000] {processor.py:179} INFO - Processing /home/airflow/.local/lib/python3.8/site-packages/airflow/example_dags/example_kubernetes_executor.py took 0.366 seconds
[2023-10-10T15:33:22.474+0000] {processor.py:157} INFO - Started process (PID=1139) to work on /home/airflow/.local/lib/python3.8/site-packages/airflow/example_dags/example_kubernetes_executor.py
[2023-10-10T15:33:22.475+0000] {processor.py:829} INFO - Processing file /home/airflow/.local/lib/python3.8/site-packages/airflow/example_dags/example_kubernetes_executor.py for tasks to queue
[2023-10-10T15:33:22.476+0000] {logging_mixin.py:151} INFO - [2023-10-10T15:33:22.476+0000] {dagbag.py:539} INFO - Filling up the DagBag from /home/airflow/.local/lib/python3.8/site-packages/airflow/example_dags/example_kubernetes_executor.py
[2023-10-10T15:33:22.737+0000] {processor.py:839} INFO - DAG(s) dict_keys(['example_kubernetes_executor']) retrieved from /home/airflow/.local/lib/python3.8/site-packages/airflow/example_dags/example_kubernetes_executor.py
[2023-10-10T15:33:22.791+0000] {logging_mixin.py:151} INFO - [2023-10-10T15:33:22.790+0000] {dag.py:2915} INFO - Sync 1 DAGs
[2023-10-10T15:33:22.803+0000] {logging_mixin.py:151} INFO - [2023-10-10T15:33:22.803+0000] {dag.py:3696} INFO - Setting next_dagrun for example_kubernetes_executor to None, run_after=None
[2023-10-10T15:33:22.822+0000] {processor.py:179} INFO - Processing /home/airflow/.local/lib/python3.8/site-packages/airflow/example_dags/example_kubernetes_executor.py took 0.351 seconds
[2023-10-10T15:33:52.925+0000] {processor.py:157} INFO - Started process (PID=1193) to work on /home/airflow/.local/lib/python3.8/site-packages/airflow/example_dags/example_kubernetes_executor.py
[2023-10-10T15:33:52.926+0000] {processor.py:829} INFO - Processing file /home/airflow/.local/lib/python3.8/site-packages/airflow/example_dags/example_kubernetes_executor.py for tasks to queue
[2023-10-10T15:33:52.927+0000] {logging_mixin.py:151} INFO - [2023-10-10T15:33:52.927+0000] {dagbag.py:539} INFO - Filling up the DagBag from /home/airflow/.local/lib/python3.8/site-packages/airflow/example_dags/example_kubernetes_executor.py
[2023-10-10T15:33:53.208+0000] {processor.py:839} INFO - DAG(s) dict_keys(['example_kubernetes_executor']) retrieved from /home/airflow/.local/lib/python3.8/site-packages/airflow/example_dags/example_kubernetes_executor.py
[2023-10-10T15:33:53.250+0000] {logging_mixin.py:151} INFO - [2023-10-10T15:33:53.250+0000] {dag.py:2915} INFO - Sync 1 DAGs
[2023-10-10T15:33:53.262+0000] {logging_mixin.py:151} INFO - [2023-10-10T15:33:53.262+0000] {dag.py:3696} INFO - Setting next_dagrun for example_kubernetes_executor to None, run_after=None
[2023-10-10T15:33:53.280+0000] {processor.py:179} INFO - Processing /home/airflow/.local/lib/python3.8/site-packages/airflow/example_dags/example_kubernetes_executor.py took 0.357 seconds
[2023-10-10T15:34:23.664+0000] {processor.py:157} INFO - Started process (PID=1246) to work on /home/airflow/.local/lib/python3.8/site-packages/airflow/example_dags/example_kubernetes_executor.py
[2023-10-10T15:34:23.665+0000] {processor.py:829} INFO - Processing file /home/airflow/.local/lib/python3.8/site-packages/airflow/example_dags/example_kubernetes_executor.py for tasks to queue
[2023-10-10T15:34:23.666+0000] {logging_mixin.py:151} INFO - [2023-10-10T15:34:23.666+0000] {dagbag.py:539} INFO - Filling up the DagBag from /home/airflow/.local/lib/python3.8/site-packages/airflow/example_dags/example_kubernetes_executor.py
[2023-10-10T15:34:23.923+0000] {processor.py:839} INFO - DAG(s) dict_keys(['example_kubernetes_executor']) retrieved from /home/airflow/.local/lib/python3.8/site-packages/airflow/example_dags/example_kubernetes_executor.py
[2023-10-10T15:34:23.958+0000] {logging_mixin.py:151} INFO - [2023-10-10T15:34:23.957+0000] {dag.py:2915} INFO - Sync 1 DAGs
[2023-10-10T15:34:23.970+0000] {logging_mixin.py:151} INFO - [2023-10-10T15:34:23.970+0000] {dag.py:3696} INFO - Setting next_dagrun for example_kubernetes_executor to None, run_after=None
[2023-10-10T15:34:23.987+0000] {processor.py:179} INFO - Processing /home/airflow/.local/lib/python3.8/site-packages/airflow/example_dags/example_kubernetes_executor.py took 0.326 seconds
[2023-10-10T15:34:54.140+0000] {processor.py:157} INFO - Started process (PID=1300) to work on /home/airflow/.local/lib/python3.8/site-packages/airflow/example_dags/example_kubernetes_executor.py
[2023-10-10T15:34:54.141+0000] {processor.py:829} INFO - Processing file /home/airflow/.local/lib/python3.8/site-packages/airflow/example_dags/example_kubernetes_executor.py for tasks to queue
[2023-10-10T15:34:54.143+0000] {logging_mixin.py:151} INFO - [2023-10-10T15:34:54.143+0000] {dagbag.py:539} INFO - Filling up the DagBag from /home/airflow/.local/lib/python3.8/site-packages/airflow/example_dags/example_kubernetes_executor.py
[2023-10-10T15:34:54.475+0000] {processor.py:839} INFO - DAG(s) dict_keys(['example_kubernetes_executor']) retrieved from /home/airflow/.local/lib/python3.8/site-packages/airflow/example_dags/example_kubernetes_executor.py
[2023-10-10T15:34:54.522+0000] {logging_mixin.py:151} INFO - [2023-10-10T15:34:54.521+0000] {dag.py:2915} INFO - Sync 1 DAGs
[2023-10-10T15:34:54.533+0000] {logging_mixin.py:151} INFO - [2023-10-10T15:34:54.532+0000] {dag.py:3696} INFO - Setting next_dagrun for example_kubernetes_executor to None, run_after=None
[2023-10-10T15:34:54.551+0000] {processor.py:179} INFO - Processing /home/airflow/.local/lib/python3.8/site-packages/airflow/example_dags/example_kubernetes_executor.py took 0.413 seconds
[2023-10-10T15:35:25.444+0000] {processor.py:157} INFO - Started process (PID=1360) to work on /home/airflow/.local/lib/python3.8/site-packages/airflow/example_dags/example_kubernetes_executor.py
[2023-10-10T15:35:25.445+0000] {processor.py:829} INFO - Processing file /home/airflow/.local/lib/python3.8/site-packages/airflow/example_dags/example_kubernetes_executor.py for tasks to queue
[2023-10-10T15:35:25.447+0000] {logging_mixin.py:151} INFO - [2023-10-10T15:35:25.447+0000] {dagbag.py:539} INFO - Filling up the DagBag from /home/airflow/.local/lib/python3.8/site-packages/airflow/example_dags/example_kubernetes_executor.py
[2023-10-10T15:35:25.830+0000] {processor.py:839} INFO - DAG(s) dict_keys(['example_kubernetes_executor']) retrieved from /home/airflow/.local/lib/python3.8/site-packages/airflow/example_dags/example_kubernetes_executor.py
[2023-10-10T15:35:25.879+0000] {logging_mixin.py:151} INFO - [2023-10-10T15:35:25.878+0000] {dag.py:2915} INFO - Sync 1 DAGs
[2023-10-10T15:35:25.893+0000] {logging_mixin.py:151} INFO - [2023-10-10T15:35:25.893+0000] {dag.py:3696} INFO - Setting next_dagrun for example_kubernetes_executor to None, run_after=None
[2023-10-10T15:35:25.917+0000] {processor.py:179} INFO - Processing /home/airflow/.local/lib/python3.8/site-packages/airflow/example_dags/example_kubernetes_executor.py took 0.477 seconds
[2023-10-10T15:35:56.733+0000] {processor.py:157} INFO - Started process (PID=1414) to work on /home/airflow/.local/lib/python3.8/site-packages/airflow/example_dags/example_kubernetes_executor.py
[2023-10-10T15:35:56.735+0000] {processor.py:829} INFO - Processing file /home/airflow/.local/lib/python3.8/site-packages/airflow/example_dags/example_kubernetes_executor.py for tasks to queue
[2023-10-10T15:35:56.738+0000] {logging_mixin.py:151} INFO - [2023-10-10T15:35:56.738+0000] {dagbag.py:539} INFO - Filling up the DagBag from /home/airflow/.local/lib/python3.8/site-packages/airflow/example_dags/example_kubernetes_executor.py
[2023-10-10T15:35:57.125+0000] {processor.py:839} INFO - DAG(s) dict_keys(['example_kubernetes_executor']) retrieved from /home/airflow/.local/lib/python3.8/site-packages/airflow/example_dags/example_kubernetes_executor.py
[2023-10-10T15:35:57.158+0000] {logging_mixin.py:151} INFO - [2023-10-10T15:35:57.158+0000] {dag.py:2915} INFO - Sync 1 DAGs
[2023-10-10T15:35:57.169+0000] {logging_mixin.py:151} INFO - [2023-10-10T15:35:57.169+0000] {dag.py:3696} INFO - Setting next_dagrun for example_kubernetes_executor to None, run_after=None
[2023-10-10T15:35:57.197+0000] {processor.py:179} INFO - Processing /home/airflow/.local/lib/python3.8/site-packages/airflow/example_dags/example_kubernetes_executor.py took 0.468 seconds
[2023-10-10T15:36:27.400+0000] {processor.py:157} INFO - Started process (PID=1468) to work on /home/airflow/.local/lib/python3.8/site-packages/airflow/example_dags/example_kubernetes_executor.py
[2023-10-10T15:36:27.401+0000] {processor.py:829} INFO - Processing file /home/airflow/.local/lib/python3.8/site-packages/airflow/example_dags/example_kubernetes_executor.py for tasks to queue
[2023-10-10T15:36:27.404+0000] {logging_mixin.py:151} INFO - [2023-10-10T15:36:27.403+0000] {dagbag.py:539} INFO - Filling up the DagBag from /home/airflow/.local/lib/python3.8/site-packages/airflow/example_dags/example_kubernetes_executor.py
[2023-10-10T15:36:27.767+0000] {processor.py:839} INFO - DAG(s) dict_keys(['example_kubernetes_executor']) retrieved from /home/airflow/.local/lib/python3.8/site-packages/airflow/example_dags/example_kubernetes_executor.py
[2023-10-10T15:36:27.819+0000] {logging_mixin.py:151} INFO - [2023-10-10T15:36:27.818+0000] {dag.py:2915} INFO - Sync 1 DAGs
[2023-10-10T15:36:27.836+0000] {logging_mixin.py:151} INFO - [2023-10-10T15:36:27.835+0000] {dag.py:3696} INFO - Setting next_dagrun for example_kubernetes_executor to None, run_after=None
[2023-10-10T15:36:27.860+0000] {processor.py:179} INFO - Processing /home/airflow/.local/lib/python3.8/site-packages/airflow/example_dags/example_kubernetes_executor.py took 0.464 seconds
[2023-10-10T15:36:58.627+0000] {processor.py:157} INFO - Started process (PID=1522) to work on /home/airflow/.local/lib/python3.8/site-packages/airflow/example_dags/example_kubernetes_executor.py
[2023-10-10T15:36:58.628+0000] {processor.py:829} INFO - Processing file /home/airflow/.local/lib/python3.8/site-packages/airflow/example_dags/example_kubernetes_executor.py for tasks to queue
[2023-10-10T15:36:58.630+0000] {logging_mixin.py:151} INFO - [2023-10-10T15:36:58.629+0000] {dagbag.py:539} INFO - Filling up the DagBag from /home/airflow/.local/lib/python3.8/site-packages/airflow/example_dags/example_kubernetes_executor.py
[2023-10-10T15:36:58.905+0000] {processor.py:839} INFO - DAG(s) dict_keys(['example_kubernetes_executor']) retrieved from /home/airflow/.local/lib/python3.8/site-packages/airflow/example_dags/example_kubernetes_executor.py
[2023-10-10T15:36:58.945+0000] {logging_mixin.py:151} INFO - [2023-10-10T15:36:58.945+0000] {dag.py:2915} INFO - Sync 1 DAGs
[2023-10-10T15:36:58.956+0000] {logging_mixin.py:151} INFO - [2023-10-10T15:36:58.956+0000] {dag.py:3696} INFO - Setting next_dagrun for example_kubernetes_executor to None, run_after=None
[2023-10-10T15:36:58.970+0000] {processor.py:179} INFO - Processing /home/airflow/.local/lib/python3.8/site-packages/airflow/example_dags/example_kubernetes_executor.py took 0.347 seconds
[2023-10-10T15:37:29.910+0000] {processor.py:157} INFO - Started process (PID=1576) to work on /home/airflow/.local/lib/python3.8/site-packages/airflow/example_dags/example_kubernetes_executor.py
[2023-10-10T15:37:29.911+0000] {processor.py:829} INFO - Processing file /home/airflow/.local/lib/python3.8/site-packages/airflow/example_dags/example_kubernetes_executor.py for tasks to queue
[2023-10-10T15:37:29.914+0000] {logging_mixin.py:151} INFO - [2023-10-10T15:37:29.913+0000] {dagbag.py:539} INFO - Filling up the DagBag from /home/airflow/.local/lib/python3.8/site-packages/airflow/example_dags/example_kubernetes_executor.py
[2023-10-10T15:37:30.224+0000] {processor.py:839} INFO - DAG(s) dict_keys(['example_kubernetes_executor']) retrieved from /home/airflow/.local/lib/python3.8/site-packages/airflow/example_dags/example_kubernetes_executor.py
[2023-10-10T15:37:30.267+0000] {logging_mixin.py:151} INFO - [2023-10-10T15:37:30.266+0000] {dag.py:2915} INFO - Sync 1 DAGs
[2023-10-10T15:37:30.288+0000] {logging_mixin.py:151} INFO - [2023-10-10T15:37:30.288+0000] {dag.py:3696} INFO - Setting next_dagrun for example_kubernetes_executor to None, run_after=None
[2023-10-10T15:37:30.309+0000] {processor.py:179} INFO - Processing /home/airflow/.local/lib/python3.8/site-packages/airflow/example_dags/example_kubernetes_executor.py took 0.402 seconds
[2023-10-10T15:38:01.201+0000] {processor.py:157} INFO - Started process (PID=1630) to work on /home/airflow/.local/lib/python3.8/site-packages/airflow/example_dags/example_kubernetes_executor.py
[2023-10-10T15:38:01.206+0000] {processor.py:829} INFO - Processing file /home/airflow/.local/lib/python3.8/site-packages/airflow/example_dags/example_kubernetes_executor.py for tasks to queue
[2023-10-10T15:38:01.208+0000] {logging_mixin.py:151} INFO - [2023-10-10T15:38:01.208+0000] {dagbag.py:539} INFO - Filling up the DagBag from /home/airflow/.local/lib/python3.8/site-packages/airflow/example_dags/example_kubernetes_executor.py
[2023-10-10T15:38:01.661+0000] {processor.py:839} INFO - DAG(s) dict_keys(['example_kubernetes_executor']) retrieved from /home/airflow/.local/lib/python3.8/site-packages/airflow/example_dags/example_kubernetes_executor.py
[2023-10-10T15:38:01.709+0000] {logging_mixin.py:151} INFO - [2023-10-10T15:38:01.708+0000] {dag.py:2915} INFO - Sync 1 DAGs
[2023-10-10T15:38:01.724+0000] {logging_mixin.py:151} INFO - [2023-10-10T15:38:01.724+0000] {dag.py:3696} INFO - Setting next_dagrun for example_kubernetes_executor to None, run_after=None
[2023-10-10T15:38:01.780+0000] {processor.py:179} INFO - Processing /home/airflow/.local/lib/python3.8/site-packages/airflow/example_dags/example_kubernetes_executor.py took 0.582 seconds
[2023-10-10T15:38:31.862+0000] {processor.py:157} INFO - Started process (PID=1684) to work on /home/airflow/.local/lib/python3.8/site-packages/airflow/example_dags/example_kubernetes_executor.py
[2023-10-10T15:38:31.862+0000] {processor.py:829} INFO - Processing file /home/airflow/.local/lib/python3.8/site-packages/airflow/example_dags/example_kubernetes_executor.py for tasks to queue
[2023-10-10T15:38:31.864+0000] {logging_mixin.py:151} INFO - [2023-10-10T15:38:31.864+0000] {dagbag.py:539} INFO - Filling up the DagBag from /home/airflow/.local/lib/python3.8/site-packages/airflow/example_dags/example_kubernetes_executor.py
[2023-10-10T15:38:32.133+0000] {processor.py:839} INFO - DAG(s) dict_keys(['example_kubernetes_executor']) retrieved from /home/airflow/.local/lib/python3.8/site-packages/airflow/example_dags/example_kubernetes_executor.py
[2023-10-10T15:38:32.176+0000] {logging_mixin.py:151} INFO - [2023-10-10T15:38:32.175+0000] {dag.py:2915} INFO - Sync 1 DAGs
[2023-10-10T15:38:32.191+0000] {logging_mixin.py:151} INFO - [2023-10-10T15:38:32.191+0000] {dag.py:3696} INFO - Setting next_dagrun for example_kubernetes_executor to None, run_after=None
[2023-10-10T15:38:32.212+0000] {processor.py:179} INFO - Processing /home/airflow/.local/lib/python3.8/site-packages/airflow/example_dags/example_kubernetes_executor.py took 0.354 seconds
[2023-10-10T15:39:03.028+0000] {processor.py:157} INFO - Started process (PID=1738) to work on /home/airflow/.local/lib/python3.8/site-packages/airflow/example_dags/example_kubernetes_executor.py
[2023-10-10T15:39:03.029+0000] {processor.py:829} INFO - Processing file /home/airflow/.local/lib/python3.8/site-packages/airflow/example_dags/example_kubernetes_executor.py for tasks to queue
[2023-10-10T15:39:03.031+0000] {logging_mixin.py:151} INFO - [2023-10-10T15:39:03.031+0000] {dagbag.py:539} INFO - Filling up the DagBag from /home/airflow/.local/lib/python3.8/site-packages/airflow/example_dags/example_kubernetes_executor.py
[2023-10-10T15:39:03.316+0000] {processor.py:839} INFO - DAG(s) dict_keys(['example_kubernetes_executor']) retrieved from /home/airflow/.local/lib/python3.8/site-packages/airflow/example_dags/example_kubernetes_executor.py
[2023-10-10T15:39:03.357+0000] {logging_mixin.py:151} INFO - [2023-10-10T15:39:03.357+0000] {dag.py:2915} INFO - Sync 1 DAGs
[2023-10-10T15:39:03.385+0000] {logging_mixin.py:151} INFO - [2023-10-10T15:39:03.385+0000] {dag.py:3696} INFO - Setting next_dagrun for example_kubernetes_executor to None, run_after=None
[2023-10-10T15:39:03.409+0000] {processor.py:179} INFO - Processing /home/airflow/.local/lib/python3.8/site-packages/airflow/example_dags/example_kubernetes_executor.py took 0.383 seconds
[2023-10-10T15:39:33.790+0000] {processor.py:157} INFO - Started process (PID=1793) to work on /home/airflow/.local/lib/python3.8/site-packages/airflow/example_dags/example_kubernetes_executor.py
[2023-10-10T15:39:33.791+0000] {processor.py:829} INFO - Processing file /home/airflow/.local/lib/python3.8/site-packages/airflow/example_dags/example_kubernetes_executor.py for tasks to queue
[2023-10-10T15:39:33.793+0000] {logging_mixin.py:151} INFO - [2023-10-10T15:39:33.792+0000] {dagbag.py:539} INFO - Filling up the DagBag from /home/airflow/.local/lib/python3.8/site-packages/airflow/example_dags/example_kubernetes_executor.py
[2023-10-10T15:39:34.058+0000] {processor.py:839} INFO - DAG(s) dict_keys(['example_kubernetes_executor']) retrieved from /home/airflow/.local/lib/python3.8/site-packages/airflow/example_dags/example_kubernetes_executor.py
[2023-10-10T15:39:34.106+0000] {logging_mixin.py:151} INFO - [2023-10-10T15:39:34.105+0000] {dag.py:2915} INFO - Sync 1 DAGs
[2023-10-10T15:39:34.120+0000] {logging_mixin.py:151} INFO - [2023-10-10T15:39:34.120+0000] {dag.py:3696} INFO - Setting next_dagrun for example_kubernetes_executor to None, run_after=None
[2023-10-10T15:39:34.136+0000] {processor.py:179} INFO - Processing /home/airflow/.local/lib/python3.8/site-packages/airflow/example_dags/example_kubernetes_executor.py took 0.348 seconds
[2023-10-10T15:40:04.579+0000] {processor.py:157} INFO - Started process (PID=1846) to work on /home/airflow/.local/lib/python3.8/site-packages/airflow/example_dags/example_kubernetes_executor.py
[2023-10-10T15:40:04.580+0000] {processor.py:829} INFO - Processing file /home/airflow/.local/lib/python3.8/site-packages/airflow/example_dags/example_kubernetes_executor.py for tasks to queue
[2023-10-10T15:40:04.582+0000] {logging_mixin.py:151} INFO - [2023-10-10T15:40:04.582+0000] {dagbag.py:539} INFO - Filling up the DagBag from /home/airflow/.local/lib/python3.8/site-packages/airflow/example_dags/example_kubernetes_executor.py
[2023-10-10T15:40:04.869+0000] {processor.py:839} INFO - DAG(s) dict_keys(['example_kubernetes_executor']) retrieved from /home/airflow/.local/lib/python3.8/site-packages/airflow/example_dags/example_kubernetes_executor.py
[2023-10-10T15:40:04.918+0000] {logging_mixin.py:151} INFO - [2023-10-10T15:40:04.918+0000] {dag.py:2915} INFO - Sync 1 DAGs
[2023-10-10T15:40:04.932+0000] {logging_mixin.py:151} INFO - [2023-10-10T15:40:04.932+0000] {dag.py:3696} INFO - Setting next_dagrun for example_kubernetes_executor to None, run_after=None
[2023-10-10T15:40:04.952+0000] {processor.py:179} INFO - Processing /home/airflow/.local/lib/python3.8/site-packages/airflow/example_dags/example_kubernetes_executor.py took 0.376 seconds
[2023-10-10T15:40:35.897+0000] {processor.py:157} INFO - Started process (PID=1900) to work on /home/airflow/.local/lib/python3.8/site-packages/airflow/example_dags/example_kubernetes_executor.py
[2023-10-10T15:40:35.898+0000] {processor.py:829} INFO - Processing file /home/airflow/.local/lib/python3.8/site-packages/airflow/example_dags/example_kubernetes_executor.py for tasks to queue
[2023-10-10T15:40:35.901+0000] {logging_mixin.py:151} INFO - [2023-10-10T15:40:35.900+0000] {dagbag.py:539} INFO - Filling up the DagBag from /home/airflow/.local/lib/python3.8/site-packages/airflow/example_dags/example_kubernetes_executor.py
[2023-10-10T15:40:36.194+0000] {processor.py:839} INFO - DAG(s) dict_keys(['example_kubernetes_executor']) retrieved from /home/airflow/.local/lib/python3.8/site-packages/airflow/example_dags/example_kubernetes_executor.py
[2023-10-10T15:40:36.232+0000] {logging_mixin.py:151} INFO - [2023-10-10T15:40:36.232+0000] {dag.py:2915} INFO - Sync 1 DAGs
[2023-10-10T15:40:36.246+0000] {logging_mixin.py:151} INFO - [2023-10-10T15:40:36.245+0000] {dag.py:3696} INFO - Setting next_dagrun for example_kubernetes_executor to None, run_after=None
[2023-10-10T15:40:36.261+0000] {processor.py:179} INFO - Processing /home/airflow/.local/lib/python3.8/site-packages/airflow/example_dags/example_kubernetes_executor.py took 0.367 seconds
[2023-10-10T15:41:07.146+0000] {processor.py:157} INFO - Started process (PID=1954) to work on /home/airflow/.local/lib/python3.8/site-packages/airflow/example_dags/example_kubernetes_executor.py
[2023-10-10T15:41:07.147+0000] {processor.py:829} INFO - Processing file /home/airflow/.local/lib/python3.8/site-packages/airflow/example_dags/example_kubernetes_executor.py for tasks to queue
[2023-10-10T15:41:07.149+0000] {logging_mixin.py:151} INFO - [2023-10-10T15:41:07.148+0000] {dagbag.py:539} INFO - Filling up the DagBag from /home/airflow/.local/lib/python3.8/site-packages/airflow/example_dags/example_kubernetes_executor.py
[2023-10-10T15:41:07.538+0000] {processor.py:839} INFO - DAG(s) dict_keys(['example_kubernetes_executor']) retrieved from /home/airflow/.local/lib/python3.8/site-packages/airflow/example_dags/example_kubernetes_executor.py
[2023-10-10T15:41:07.617+0000] {logging_mixin.py:151} INFO - [2023-10-10T15:41:07.616+0000] {dag.py:2915} INFO - Sync 1 DAGs
[2023-10-10T15:41:07.633+0000] {logging_mixin.py:151} INFO - [2023-10-10T15:41:07.633+0000] {dag.py:3696} INFO - Setting next_dagrun for example_kubernetes_executor to None, run_after=None
[2023-10-10T15:41:07.692+0000] {processor.py:179} INFO - Processing /home/airflow/.local/lib/python3.8/site-packages/airflow/example_dags/example_kubernetes_executor.py took 0.549 seconds
[2023-10-10T15:41:38.525+0000] {processor.py:157} INFO - Started process (PID=2007) to work on /home/airflow/.local/lib/python3.8/site-packages/airflow/example_dags/example_kubernetes_executor.py
[2023-10-10T15:41:38.526+0000] {processor.py:829} INFO - Processing file /home/airflow/.local/lib/python3.8/site-packages/airflow/example_dags/example_kubernetes_executor.py for tasks to queue
[2023-10-10T15:41:38.528+0000] {logging_mixin.py:151} INFO - [2023-10-10T15:41:38.527+0000] {dagbag.py:539} INFO - Filling up the DagBag from /home/airflow/.local/lib/python3.8/site-packages/airflow/example_dags/example_kubernetes_executor.py
[2023-10-10T15:41:38.911+0000] {processor.py:839} INFO - DAG(s) dict_keys(['example_kubernetes_executor']) retrieved from /home/airflow/.local/lib/python3.8/site-packages/airflow/example_dags/example_kubernetes_executor.py
[2023-10-10T15:41:38.989+0000] {logging_mixin.py:151} INFO - [2023-10-10T15:41:38.988+0000] {dag.py:2915} INFO - Sync 1 DAGs
[2023-10-10T15:41:39.002+0000] {logging_mixin.py:151} INFO - [2023-10-10T15:41:39.002+0000] {dag.py:3696} INFO - Setting next_dagrun for example_kubernetes_executor to None, run_after=None
[2023-10-10T15:41:39.020+0000] {processor.py:179} INFO - Processing /home/airflow/.local/lib/python3.8/site-packages/airflow/example_dags/example_kubernetes_executor.py took 0.498 seconds
[2023-10-10T15:42:09.845+0000] {processor.py:157} INFO - Started process (PID=2061) to work on /home/airflow/.local/lib/python3.8/site-packages/airflow/example_dags/example_kubernetes_executor.py
[2023-10-10T15:42:09.846+0000] {processor.py:829} INFO - Processing file /home/airflow/.local/lib/python3.8/site-packages/airflow/example_dags/example_kubernetes_executor.py for tasks to queue
[2023-10-10T15:42:09.848+0000] {logging_mixin.py:151} INFO - [2023-10-10T15:42:09.848+0000] {dagbag.py:539} INFO - Filling up the DagBag from /home/airflow/.local/lib/python3.8/site-packages/airflow/example_dags/example_kubernetes_executor.py
[2023-10-10T15:42:10.155+0000] {processor.py:839} INFO - DAG(s) dict_keys(['example_kubernetes_executor']) retrieved from /home/airflow/.local/lib/python3.8/site-packages/airflow/example_dags/example_kubernetes_executor.py
[2023-10-10T15:42:10.201+0000] {logging_mixin.py:151} INFO - [2023-10-10T15:42:10.201+0000] {dag.py:2915} INFO - Sync 1 DAGs
[2023-10-10T15:42:10.211+0000] {logging_mixin.py:151} INFO - [2023-10-10T15:42:10.211+0000] {dag.py:3696} INFO - Setting next_dagrun for example_kubernetes_executor to None, run_after=None
[2023-10-10T15:42:10.225+0000] {processor.py:179} INFO - Processing /home/airflow/.local/lib/python3.8/site-packages/airflow/example_dags/example_kubernetes_executor.py took 0.382 seconds
[2023-10-10T15:42:41.074+0000] {processor.py:157} INFO - Started process (PID=2115) to work on /home/airflow/.local/lib/python3.8/site-packages/airflow/example_dags/example_kubernetes_executor.py
[2023-10-10T15:42:41.075+0000] {processor.py:829} INFO - Processing file /home/airflow/.local/lib/python3.8/site-packages/airflow/example_dags/example_kubernetes_executor.py for tasks to queue
[2023-10-10T15:42:41.077+0000] {logging_mixin.py:151} INFO - [2023-10-10T15:42:41.077+0000] {dagbag.py:539} INFO - Filling up the DagBag from /home/airflow/.local/lib/python3.8/site-packages/airflow/example_dags/example_kubernetes_executor.py
[2023-10-10T15:42:41.329+0000] {processor.py:839} INFO - DAG(s) dict_keys(['example_kubernetes_executor']) retrieved from /home/airflow/.local/lib/python3.8/site-packages/airflow/example_dags/example_kubernetes_executor.py
[2023-10-10T15:42:41.379+0000] {logging_mixin.py:151} INFO - [2023-10-10T15:42:41.378+0000] {dag.py:2915} INFO - Sync 1 DAGs
[2023-10-10T15:42:41.390+0000] {logging_mixin.py:151} INFO - [2023-10-10T15:42:41.390+0000] {dag.py:3696} INFO - Setting next_dagrun for example_kubernetes_executor to None, run_after=None
[2023-10-10T15:42:41.406+0000] {processor.py:179} INFO - Processing /home/airflow/.local/lib/python3.8/site-packages/airflow/example_dags/example_kubernetes_executor.py took 0.335 seconds
[2023-10-10T15:43:11.462+0000] {processor.py:157} INFO - Started process (PID=2169) to work on /home/airflow/.local/lib/python3.8/site-packages/airflow/example_dags/example_kubernetes_executor.py
[2023-10-10T15:43:11.463+0000] {processor.py:829} INFO - Processing file /home/airflow/.local/lib/python3.8/site-packages/airflow/example_dags/example_kubernetes_executor.py for tasks to queue
[2023-10-10T15:43:11.464+0000] {logging_mixin.py:151} INFO - [2023-10-10T15:43:11.464+0000] {dagbag.py:539} INFO - Filling up the DagBag from /home/airflow/.local/lib/python3.8/site-packages/airflow/example_dags/example_kubernetes_executor.py
[2023-10-10T15:43:11.756+0000] {processor.py:839} INFO - DAG(s) dict_keys(['example_kubernetes_executor']) retrieved from /home/airflow/.local/lib/python3.8/site-packages/airflow/example_dags/example_kubernetes_executor.py
[2023-10-10T15:43:11.794+0000] {logging_mixin.py:151} INFO - [2023-10-10T15:43:11.793+0000] {dag.py:2915} INFO - Sync 1 DAGs
[2023-10-10T15:43:11.808+0000] {logging_mixin.py:151} INFO - [2023-10-10T15:43:11.808+0000] {dag.py:3696} INFO - Setting next_dagrun for example_kubernetes_executor to None, run_after=None
[2023-10-10T15:43:11.825+0000] {processor.py:179} INFO - Processing /home/airflow/.local/lib/python3.8/site-packages/airflow/example_dags/example_kubernetes_executor.py took 0.366 seconds
[2023-10-10T15:43:42.357+0000] {processor.py:157} INFO - Started process (PID=2223) to work on /home/airflow/.local/lib/python3.8/site-packages/airflow/example_dags/example_kubernetes_executor.py
[2023-10-10T15:43:42.358+0000] {processor.py:829} INFO - Processing file /home/airflow/.local/lib/python3.8/site-packages/airflow/example_dags/example_kubernetes_executor.py for tasks to queue
[2023-10-10T15:43:42.360+0000] {logging_mixin.py:151} INFO - [2023-10-10T15:43:42.360+0000] {dagbag.py:539} INFO - Filling up the DagBag from /home/airflow/.local/lib/python3.8/site-packages/airflow/example_dags/example_kubernetes_executor.py
[2023-10-10T15:43:42.615+0000] {processor.py:839} INFO - DAG(s) dict_keys(['example_kubernetes_executor']) retrieved from /home/airflow/.local/lib/python3.8/site-packages/airflow/example_dags/example_kubernetes_executor.py
[2023-10-10T15:43:42.650+0000] {logging_mixin.py:151} INFO - [2023-10-10T15:43:42.650+0000] {dag.py:2915} INFO - Sync 1 DAGs
[2023-10-10T15:43:42.663+0000] {logging_mixin.py:151} INFO - [2023-10-10T15:43:42.663+0000] {dag.py:3696} INFO - Setting next_dagrun for example_kubernetes_executor to None, run_after=None
[2023-10-10T15:43:42.681+0000] {processor.py:179} INFO - Processing /home/airflow/.local/lib/python3.8/site-packages/airflow/example_dags/example_kubernetes_executor.py took 0.326 seconds
[2023-10-10T15:44:13.546+0000] {processor.py:157} INFO - Started process (PID=2277) to work on /home/airflow/.local/lib/python3.8/site-packages/airflow/example_dags/example_kubernetes_executor.py
[2023-10-10T15:44:13.547+0000] {processor.py:829} INFO - Processing file /home/airflow/.local/lib/python3.8/site-packages/airflow/example_dags/example_kubernetes_executor.py for tasks to queue
[2023-10-10T15:44:13.549+0000] {logging_mixin.py:151} INFO - [2023-10-10T15:44:13.549+0000] {dagbag.py:539} INFO - Filling up the DagBag from /home/airflow/.local/lib/python3.8/site-packages/airflow/example_dags/example_kubernetes_executor.py
[2023-10-10T15:44:13.790+0000] {processor.py:839} INFO - DAG(s) dict_keys(['example_kubernetes_executor']) retrieved from /home/airflow/.local/lib/python3.8/site-packages/airflow/example_dags/example_kubernetes_executor.py
[2023-10-10T15:44:13.824+0000] {logging_mixin.py:151} INFO - [2023-10-10T15:44:13.824+0000] {dag.py:2915} INFO - Sync 1 DAGs
[2023-10-10T15:44:13.836+0000] {logging_mixin.py:151} INFO - [2023-10-10T15:44:13.836+0000] {dag.py:3696} INFO - Setting next_dagrun for example_kubernetes_executor to None, run_after=None
[2023-10-10T15:44:13.987+0000] {processor.py:179} INFO - Processing /home/airflow/.local/lib/python3.8/site-packages/airflow/example_dags/example_kubernetes_executor.py took 0.444 seconds
[2023-10-10T15:44:44.225+0000] {processor.py:157} INFO - Started process (PID=2331) to work on /home/airflow/.local/lib/python3.8/site-packages/airflow/example_dags/example_kubernetes_executor.py
[2023-10-10T15:44:44.225+0000] {processor.py:829} INFO - Processing file /home/airflow/.local/lib/python3.8/site-packages/airflow/example_dags/example_kubernetes_executor.py for tasks to queue
[2023-10-10T15:44:44.227+0000] {logging_mixin.py:151} INFO - [2023-10-10T15:44:44.227+0000] {dagbag.py:539} INFO - Filling up the DagBag from /home/airflow/.local/lib/python3.8/site-packages/airflow/example_dags/example_kubernetes_executor.py
[2023-10-10T15:44:44.474+0000] {processor.py:839} INFO - DAG(s) dict_keys(['example_kubernetes_executor']) retrieved from /home/airflow/.local/lib/python3.8/site-packages/airflow/example_dags/example_kubernetes_executor.py
[2023-10-10T15:44:44.513+0000] {logging_mixin.py:151} INFO - [2023-10-10T15:44:44.513+0000] {dag.py:2915} INFO - Sync 1 DAGs
[2023-10-10T15:44:44.525+0000] {logging_mixin.py:151} INFO - [2023-10-10T15:44:44.525+0000] {dag.py:3696} INFO - Setting next_dagrun for example_kubernetes_executor to None, run_after=None
[2023-10-10T15:44:44.541+0000] {processor.py:179} INFO - Processing /home/airflow/.local/lib/python3.8/site-packages/airflow/example_dags/example_kubernetes_executor.py took 0.319 seconds
[2023-10-10T15:45:14.817+0000] {processor.py:157} INFO - Started process (PID=2385) to work on /home/airflow/.local/lib/python3.8/site-packages/airflow/example_dags/example_kubernetes_executor.py
[2023-10-10T15:45:14.818+0000] {processor.py:829} INFO - Processing file /home/airflow/.local/lib/python3.8/site-packages/airflow/example_dags/example_kubernetes_executor.py for tasks to queue
[2023-10-10T15:45:14.820+0000] {logging_mixin.py:151} INFO - [2023-10-10T15:45:14.820+0000] {dagbag.py:539} INFO - Filling up the DagBag from /home/airflow/.local/lib/python3.8/site-packages/airflow/example_dags/example_kubernetes_executor.py
[2023-10-10T15:45:15.169+0000] {processor.py:839} INFO - DAG(s) dict_keys(['example_kubernetes_executor']) retrieved from /home/airflow/.local/lib/python3.8/site-packages/airflow/example_dags/example_kubernetes_executor.py
[2023-10-10T15:45:15.218+0000] {logging_mixin.py:151} INFO - [2023-10-10T15:45:15.218+0000] {dag.py:2915} INFO - Sync 1 DAGs
[2023-10-10T15:45:15.235+0000] {logging_mixin.py:151} INFO - [2023-10-10T15:45:15.234+0000] {dag.py:3696} INFO - Setting next_dagrun for example_kubernetes_executor to None, run_after=None
[2023-10-10T15:45:15.261+0000] {processor.py:179} INFO - Processing /home/airflow/.local/lib/python3.8/site-packages/airflow/example_dags/example_kubernetes_executor.py took 0.448 seconds
[2023-10-10T15:45:46.261+0000] {processor.py:157} INFO - Started process (PID=2439) to work on /home/airflow/.local/lib/python3.8/site-packages/airflow/example_dags/example_kubernetes_executor.py
[2023-10-10T15:45:46.262+0000] {processor.py:829} INFO - Processing file /home/airflow/.local/lib/python3.8/site-packages/airflow/example_dags/example_kubernetes_executor.py for tasks to queue
[2023-10-10T15:45:46.264+0000] {logging_mixin.py:151} INFO - [2023-10-10T15:45:46.264+0000] {dagbag.py:539} INFO - Filling up the DagBag from /home/airflow/.local/lib/python3.8/site-packages/airflow/example_dags/example_kubernetes_executor.py
[2023-10-10T15:45:46.542+0000] {processor.py:839} INFO - DAG(s) dict_keys(['example_kubernetes_executor']) retrieved from /home/airflow/.local/lib/python3.8/site-packages/airflow/example_dags/example_kubernetes_executor.py
[2023-10-10T15:45:46.580+0000] {logging_mixin.py:151} INFO - [2023-10-10T15:45:46.580+0000] {dag.py:2915} INFO - Sync 1 DAGs
[2023-10-10T15:45:46.593+0000] {logging_mixin.py:151} INFO - [2023-10-10T15:45:46.592+0000] {dag.py:3696} INFO - Setting next_dagrun for example_kubernetes_executor to None, run_after=None
[2023-10-10T15:45:46.610+0000] {processor.py:179} INFO - Processing /home/airflow/.local/lib/python3.8/site-packages/airflow/example_dags/example_kubernetes_executor.py took 0.351 seconds
[2023-10-10T15:46:17.400+0000] {processor.py:157} INFO - Started process (PID=2493) to work on /home/airflow/.local/lib/python3.8/site-packages/airflow/example_dags/example_kubernetes_executor.py
[2023-10-10T15:46:17.401+0000] {processor.py:829} INFO - Processing file /home/airflow/.local/lib/python3.8/site-packages/airflow/example_dags/example_kubernetes_executor.py for tasks to queue
[2023-10-10T15:46:17.402+0000] {logging_mixin.py:151} INFO - [2023-10-10T15:46:17.402+0000] {dagbag.py:539} INFO - Filling up the DagBag from /home/airflow/.local/lib/python3.8/site-packages/airflow/example_dags/example_kubernetes_executor.py
[2023-10-10T15:46:17.646+0000] {processor.py:839} INFO - DAG(s) dict_keys(['example_kubernetes_executor']) retrieved from /home/airflow/.local/lib/python3.8/site-packages/airflow/example_dags/example_kubernetes_executor.py
[2023-10-10T15:46:17.803+0000] {logging_mixin.py:151} INFO - [2023-10-10T15:46:17.803+0000] {dag.py:2915} INFO - Sync 1 DAGs
[2023-10-10T15:46:17.813+0000] {logging_mixin.py:151} INFO - [2023-10-10T15:46:17.813+0000] {dag.py:3696} INFO - Setting next_dagrun for example_kubernetes_executor to None, run_after=None
[2023-10-10T15:46:17.828+0000] {processor.py:179} INFO - Processing /home/airflow/.local/lib/python3.8/site-packages/airflow/example_dags/example_kubernetes_executor.py took 0.432 seconds
[2023-10-10T15:46:48.536+0000] {processor.py:157} INFO - Started process (PID=2547) to work on /home/airflow/.local/lib/python3.8/site-packages/airflow/example_dags/example_kubernetes_executor.py
[2023-10-10T15:46:48.537+0000] {processor.py:829} INFO - Processing file /home/airflow/.local/lib/python3.8/site-packages/airflow/example_dags/example_kubernetes_executor.py for tasks to queue
[2023-10-10T15:46:48.539+0000] {logging_mixin.py:151} INFO - [2023-10-10T15:46:48.538+0000] {dagbag.py:539} INFO - Filling up the DagBag from /home/airflow/.local/lib/python3.8/site-packages/airflow/example_dags/example_kubernetes_executor.py
[2023-10-10T15:46:48.787+0000] {processor.py:839} INFO - DAG(s) dict_keys(['example_kubernetes_executor']) retrieved from /home/airflow/.local/lib/python3.8/site-packages/airflow/example_dags/example_kubernetes_executor.py
[2023-10-10T15:46:48.823+0000] {logging_mixin.py:151} INFO - [2023-10-10T15:46:48.822+0000] {dag.py:2915} INFO - Sync 1 DAGs
[2023-10-10T15:46:48.952+0000] {logging_mixin.py:151} INFO - [2023-10-10T15:46:48.952+0000] {dag.py:3696} INFO - Setting next_dagrun for example_kubernetes_executor to None, run_after=None
[2023-10-10T15:46:48.969+0000] {processor.py:179} INFO - Processing /home/airflow/.local/lib/python3.8/site-packages/airflow/example_dags/example_kubernetes_executor.py took 0.435 seconds
[2023-10-10T15:47:19.049+0000] {processor.py:157} INFO - Started process (PID=2601) to work on /home/airflow/.local/lib/python3.8/site-packages/airflow/example_dags/example_kubernetes_executor.py
[2023-10-10T15:47:19.049+0000] {processor.py:829} INFO - Processing file /home/airflow/.local/lib/python3.8/site-packages/airflow/example_dags/example_kubernetes_executor.py for tasks to queue
[2023-10-10T15:47:19.051+0000] {logging_mixin.py:151} INFO - [2023-10-10T15:47:19.051+0000] {dagbag.py:539} INFO - Filling up the DagBag from /home/airflow/.local/lib/python3.8/site-packages/airflow/example_dags/example_kubernetes_executor.py
[2023-10-10T15:47:19.287+0000] {processor.py:839} INFO - DAG(s) dict_keys(['example_kubernetes_executor']) retrieved from /home/airflow/.local/lib/python3.8/site-packages/airflow/example_dags/example_kubernetes_executor.py
[2023-10-10T15:47:19.319+0000] {logging_mixin.py:151} INFO - [2023-10-10T15:47:19.318+0000] {dag.py:2915} INFO - Sync 1 DAGs
[2023-10-10T15:47:19.329+0000] {logging_mixin.py:151} INFO - [2023-10-10T15:47:19.329+0000] {dag.py:3696} INFO - Setting next_dagrun for example_kubernetes_executor to None, run_after=None
[2023-10-10T15:47:19.344+0000] {processor.py:179} INFO - Processing /home/airflow/.local/lib/python3.8/site-packages/airflow/example_dags/example_kubernetes_executor.py took 0.298 seconds
[2023-10-10T15:47:49.698+0000] {processor.py:157} INFO - Started process (PID=2655) to work on /home/airflow/.local/lib/python3.8/site-packages/airflow/example_dags/example_kubernetes_executor.py
[2023-10-10T15:47:49.698+0000] {processor.py:829} INFO - Processing file /home/airflow/.local/lib/python3.8/site-packages/airflow/example_dags/example_kubernetes_executor.py for tasks to queue
[2023-10-10T15:47:49.700+0000] {logging_mixin.py:151} INFO - [2023-10-10T15:47:49.700+0000] {dagbag.py:539} INFO - Filling up the DagBag from /home/airflow/.local/lib/python3.8/site-packages/airflow/example_dags/example_kubernetes_executor.py
[2023-10-10T15:47:49.928+0000] {processor.py:839} INFO - DAG(s) dict_keys(['example_kubernetes_executor']) retrieved from /home/airflow/.local/lib/python3.8/site-packages/airflow/example_dags/example_kubernetes_executor.py
[2023-10-10T15:47:49.957+0000] {logging_mixin.py:151} INFO - [2023-10-10T15:47:49.956+0000] {dag.py:2915} INFO - Sync 1 DAGs
[2023-10-10T15:47:49.966+0000] {logging_mixin.py:151} INFO - [2023-10-10T15:47:49.966+0000] {dag.py:3696} INFO - Setting next_dagrun for example_kubernetes_executor to None, run_after=None
[2023-10-10T15:47:49.983+0000] {processor.py:179} INFO - Processing /home/airflow/.local/lib/python3.8/site-packages/airflow/example_dags/example_kubernetes_executor.py took 0.288 seconds
[2023-10-10T15:48:20.063+0000] {processor.py:157} INFO - Started process (PID=2709) to work on /home/airflow/.local/lib/python3.8/site-packages/airflow/example_dags/example_kubernetes_executor.py
[2023-10-10T15:48:20.064+0000] {processor.py:829} INFO - Processing file /home/airflow/.local/lib/python3.8/site-packages/airflow/example_dags/example_kubernetes_executor.py for tasks to queue
[2023-10-10T15:48:20.065+0000] {logging_mixin.py:151} INFO - [2023-10-10T15:48:20.065+0000] {dagbag.py:539} INFO - Filling up the DagBag from /home/airflow/.local/lib/python3.8/site-packages/airflow/example_dags/example_kubernetes_executor.py
[2023-10-10T15:48:20.320+0000] {processor.py:839} INFO - DAG(s) dict_keys(['example_kubernetes_executor']) retrieved from /home/airflow/.local/lib/python3.8/site-packages/airflow/example_dags/example_kubernetes_executor.py
[2023-10-10T15:48:20.497+0000] {logging_mixin.py:151} INFO - [2023-10-10T15:48:20.497+0000] {dag.py:2915} INFO - Sync 1 DAGs
[2023-10-10T15:48:20.507+0000] {logging_mixin.py:151} INFO - [2023-10-10T15:48:20.507+0000] {dag.py:3696} INFO - Setting next_dagrun for example_kubernetes_executor to None, run_after=None
[2023-10-10T15:48:20.521+0000] {processor.py:179} INFO - Processing /home/airflow/.local/lib/python3.8/site-packages/airflow/example_dags/example_kubernetes_executor.py took 0.461 seconds
[2023-10-10T15:48:50.611+0000] {processor.py:157} INFO - Started process (PID=2763) to work on /home/airflow/.local/lib/python3.8/site-packages/airflow/example_dags/example_kubernetes_executor.py
[2023-10-10T15:48:50.611+0000] {processor.py:829} INFO - Processing file /home/airflow/.local/lib/python3.8/site-packages/airflow/example_dags/example_kubernetes_executor.py for tasks to queue
[2023-10-10T15:48:50.613+0000] {logging_mixin.py:151} INFO - [2023-10-10T15:48:50.613+0000] {dagbag.py:539} INFO - Filling up the DagBag from /home/airflow/.local/lib/python3.8/site-packages/airflow/example_dags/example_kubernetes_executor.py
[2023-10-10T15:48:50.843+0000] {processor.py:839} INFO - DAG(s) dict_keys(['example_kubernetes_executor']) retrieved from /home/airflow/.local/lib/python3.8/site-packages/airflow/example_dags/example_kubernetes_executor.py
[2023-10-10T15:48:50.876+0000] {logging_mixin.py:151} INFO - [2023-10-10T15:48:50.875+0000] {dag.py:2915} INFO - Sync 1 DAGs
[2023-10-10T15:48:51.032+0000] {logging_mixin.py:151} INFO - [2023-10-10T15:48:51.032+0000] {dag.py:3696} INFO - Setting next_dagrun for example_kubernetes_executor to None, run_after=None
[2023-10-10T15:48:51.048+0000] {processor.py:179} INFO - Processing /home/airflow/.local/lib/python3.8/site-packages/airflow/example_dags/example_kubernetes_executor.py took 0.439 seconds
[2023-10-10T15:49:21.188+0000] {processor.py:157} INFO - Started process (PID=2817) to work on /home/airflow/.local/lib/python3.8/site-packages/airflow/example_dags/example_kubernetes_executor.py
[2023-10-10T15:49:21.189+0000] {processor.py:829} INFO - Processing file /home/airflow/.local/lib/python3.8/site-packages/airflow/example_dags/example_kubernetes_executor.py for tasks to queue
[2023-10-10T15:49:21.190+0000] {logging_mixin.py:151} INFO - [2023-10-10T15:49:21.190+0000] {dagbag.py:539} INFO - Filling up the DagBag from /home/airflow/.local/lib/python3.8/site-packages/airflow/example_dags/example_kubernetes_executor.py
[2023-10-10T15:49:21.458+0000] {processor.py:839} INFO - DAG(s) dict_keys(['example_kubernetes_executor']) retrieved from /home/airflow/.local/lib/python3.8/site-packages/airflow/example_dags/example_kubernetes_executor.py
[2023-10-10T15:49:21.494+0000] {logging_mixin.py:151} INFO - [2023-10-10T15:49:21.493+0000] {dag.py:2915} INFO - Sync 1 DAGs
[2023-10-10T15:49:21.652+0000] {logging_mixin.py:151} INFO - [2023-10-10T15:49:21.652+0000] {dag.py:3696} INFO - Setting next_dagrun for example_kubernetes_executor to None, run_after=None
[2023-10-10T15:49:21.669+0000] {processor.py:179} INFO - Processing /home/airflow/.local/lib/python3.8/site-packages/airflow/example_dags/example_kubernetes_executor.py took 0.484 seconds
[2023-10-10T15:49:51.952+0000] {processor.py:157} INFO - Started process (PID=2871) to work on /home/airflow/.local/lib/python3.8/site-packages/airflow/example_dags/example_kubernetes_executor.py
[2023-10-10T15:49:51.953+0000] {processor.py:829} INFO - Processing file /home/airflow/.local/lib/python3.8/site-packages/airflow/example_dags/example_kubernetes_executor.py for tasks to queue
[2023-10-10T15:49:51.955+0000] {logging_mixin.py:151} INFO - [2023-10-10T15:49:51.955+0000] {dagbag.py:539} INFO - Filling up the DagBag from /home/airflow/.local/lib/python3.8/site-packages/airflow/example_dags/example_kubernetes_executor.py
[2023-10-10T15:49:52.350+0000] {processor.py:839} INFO - DAG(s) dict_keys(['example_kubernetes_executor']) retrieved from /home/airflow/.local/lib/python3.8/site-packages/airflow/example_dags/example_kubernetes_executor.py
[2023-10-10T15:49:52.388+0000] {logging_mixin.py:151} INFO - [2023-10-10T15:49:52.387+0000] {dag.py:2915} INFO - Sync 1 DAGs
[2023-10-10T15:49:52.398+0000] {logging_mixin.py:151} INFO - [2023-10-10T15:49:52.398+0000] {dag.py:3696} INFO - Setting next_dagrun for example_kubernetes_executor to None, run_after=None
[2023-10-10T15:49:52.413+0000] {processor.py:179} INFO - Processing /home/airflow/.local/lib/python3.8/site-packages/airflow/example_dags/example_kubernetes_executor.py took 0.464 seconds
[2023-10-10T15:50:22.485+0000] {processor.py:157} INFO - Started process (PID=2925) to work on /home/airflow/.local/lib/python3.8/site-packages/airflow/example_dags/example_kubernetes_executor.py
[2023-10-10T15:50:22.486+0000] {processor.py:829} INFO - Processing file /home/airflow/.local/lib/python3.8/site-packages/airflow/example_dags/example_kubernetes_executor.py for tasks to queue
[2023-10-10T15:50:22.489+0000] {logging_mixin.py:151} INFO - [2023-10-10T15:50:22.488+0000] {dagbag.py:539} INFO - Filling up the DagBag from /home/airflow/.local/lib/python3.8/site-packages/airflow/example_dags/example_kubernetes_executor.py
[2023-10-10T15:50:22.877+0000] {processor.py:839} INFO - DAG(s) dict_keys(['example_kubernetes_executor']) retrieved from /home/airflow/.local/lib/python3.8/site-packages/airflow/example_dags/example_kubernetes_executor.py
[2023-10-10T15:50:22.910+0000] {logging_mixin.py:151} INFO - [2023-10-10T15:50:22.909+0000] {dag.py:2915} INFO - Sync 1 DAGs
[2023-10-10T15:50:22.920+0000] {logging_mixin.py:151} INFO - [2023-10-10T15:50:22.920+0000] {dag.py:3696} INFO - Setting next_dagrun for example_kubernetes_executor to None, run_after=None
[2023-10-10T15:50:22.937+0000] {processor.py:179} INFO - Processing /home/airflow/.local/lib/python3.8/site-packages/airflow/example_dags/example_kubernetes_executor.py took 0.455 seconds
[2023-10-10T15:50:53.367+0000] {processor.py:157} INFO - Started process (PID=2979) to work on /home/airflow/.local/lib/python3.8/site-packages/airflow/example_dags/example_kubernetes_executor.py
[2023-10-10T15:50:53.369+0000] {processor.py:829} INFO - Processing file /home/airflow/.local/lib/python3.8/site-packages/airflow/example_dags/example_kubernetes_executor.py for tasks to queue
[2023-10-10T15:50:53.370+0000] {logging_mixin.py:151} INFO - [2023-10-10T15:50:53.370+0000] {dagbag.py:539} INFO - Filling up the DagBag from /home/airflow/.local/lib/python3.8/site-packages/airflow/example_dags/example_kubernetes_executor.py
[2023-10-10T15:50:53.634+0000] {processor.py:839} INFO - DAG(s) dict_keys(['example_kubernetes_executor']) retrieved from /home/airflow/.local/lib/python3.8/site-packages/airflow/example_dags/example_kubernetes_executor.py
[2023-10-10T15:50:53.819+0000] {logging_mixin.py:151} INFO - [2023-10-10T15:50:53.819+0000] {dag.py:2915} INFO - Sync 1 DAGs
[2023-10-10T15:50:53.830+0000] {logging_mixin.py:151} INFO - [2023-10-10T15:50:53.829+0000] {dag.py:3696} INFO - Setting next_dagrun for example_kubernetes_executor to None, run_after=None
[2023-10-10T15:50:53.846+0000] {processor.py:179} INFO - Processing /home/airflow/.local/lib/python3.8/site-packages/airflow/example_dags/example_kubernetes_executor.py took 0.481 seconds
[2023-10-10T15:51:24.692+0000] {processor.py:157} INFO - Started process (PID=3035) to work on /home/airflow/.local/lib/python3.8/site-packages/airflow/example_dags/example_kubernetes_executor.py
[2023-10-10T15:51:24.693+0000] {processor.py:829} INFO - Processing file /home/airflow/.local/lib/python3.8/site-packages/airflow/example_dags/example_kubernetes_executor.py for tasks to queue
[2023-10-10T15:51:24.694+0000] {logging_mixin.py:151} INFO - [2023-10-10T15:51:24.694+0000] {dagbag.py:539} INFO - Filling up the DagBag from /home/airflow/.local/lib/python3.8/site-packages/airflow/example_dags/example_kubernetes_executor.py
[2023-10-10T15:51:24.934+0000] {processor.py:839} INFO - DAG(s) dict_keys(['example_kubernetes_executor']) retrieved from /home/airflow/.local/lib/python3.8/site-packages/airflow/example_dags/example_kubernetes_executor.py
[2023-10-10T15:51:25.156+0000] {logging_mixin.py:151} INFO - [2023-10-10T15:51:25.156+0000] {dag.py:2915} INFO - Sync 1 DAGs
[2023-10-10T15:51:25.179+0000] {logging_mixin.py:151} INFO - [2023-10-10T15:51:25.178+0000] {dag.py:3696} INFO - Setting next_dagrun for example_kubernetes_executor to None, run_after=None
[2023-10-10T15:51:25.195+0000] {processor.py:179} INFO - Processing /home/airflow/.local/lib/python3.8/site-packages/airflow/example_dags/example_kubernetes_executor.py took 0.506 seconds
[2023-10-10T15:51:55.939+0000] {processor.py:157} INFO - Started process (PID=3089) to work on /home/airflow/.local/lib/python3.8/site-packages/airflow/example_dags/example_kubernetes_executor.py
[2023-10-10T15:51:55.940+0000] {processor.py:829} INFO - Processing file /home/airflow/.local/lib/python3.8/site-packages/airflow/example_dags/example_kubernetes_executor.py for tasks to queue
[2023-10-10T15:51:55.941+0000] {logging_mixin.py:151} INFO - [2023-10-10T15:51:55.941+0000] {dagbag.py:539} INFO - Filling up the DagBag from /home/airflow/.local/lib/python3.8/site-packages/airflow/example_dags/example_kubernetes_executor.py
[2023-10-10T15:51:56.351+0000] {processor.py:839} INFO - DAG(s) dict_keys(['example_kubernetes_executor']) retrieved from /home/airflow/.local/lib/python3.8/site-packages/airflow/example_dags/example_kubernetes_executor.py
[2023-10-10T15:51:56.397+0000] {logging_mixin.py:151} INFO - [2023-10-10T15:51:56.397+0000] {dag.py:2915} INFO - Sync 1 DAGs
[2023-10-10T15:51:56.416+0000] {logging_mixin.py:151} INFO - [2023-10-10T15:51:56.416+0000] {dag.py:3696} INFO - Setting next_dagrun for example_kubernetes_executor to None, run_after=None
[2023-10-10T15:51:56.431+0000] {processor.py:179} INFO - Processing /home/airflow/.local/lib/python3.8/site-packages/airflow/example_dags/example_kubernetes_executor.py took 0.494 seconds
[2023-10-10T15:52:26.505+0000] {processor.py:157} INFO - Started process (PID=3143) to work on /home/airflow/.local/lib/python3.8/site-packages/airflow/example_dags/example_kubernetes_executor.py
[2023-10-10T15:52:26.506+0000] {processor.py:829} INFO - Processing file /home/airflow/.local/lib/python3.8/site-packages/airflow/example_dags/example_kubernetes_executor.py for tasks to queue
[2023-10-10T15:52:26.508+0000] {logging_mixin.py:151} INFO - [2023-10-10T15:52:26.507+0000] {dagbag.py:539} INFO - Filling up the DagBag from /home/airflow/.local/lib/python3.8/site-packages/airflow/example_dags/example_kubernetes_executor.py
[2023-10-10T15:52:26.889+0000] {processor.py:839} INFO - DAG(s) dict_keys(['example_kubernetes_executor']) retrieved from /home/airflow/.local/lib/python3.8/site-packages/airflow/example_dags/example_kubernetes_executor.py
[2023-10-10T15:52:26.917+0000] {logging_mixin.py:151} INFO - [2023-10-10T15:52:26.917+0000] {dag.py:2915} INFO - Sync 1 DAGs
[2023-10-10T15:52:26.929+0000] {logging_mixin.py:151} INFO - [2023-10-10T15:52:26.929+0000] {dag.py:3696} INFO - Setting next_dagrun for example_kubernetes_executor to None, run_after=None
[2023-10-10T15:52:26.946+0000] {processor.py:179} INFO - Processing /home/airflow/.local/lib/python3.8/site-packages/airflow/example_dags/example_kubernetes_executor.py took 0.443 seconds
[2023-10-10T15:52:57.698+0000] {processor.py:157} INFO - Started process (PID=3204) to work on /home/airflow/.local/lib/python3.8/site-packages/airflow/example_dags/example_kubernetes_executor.py
[2023-10-10T15:52:57.699+0000] {processor.py:829} INFO - Processing file /home/airflow/.local/lib/python3.8/site-packages/airflow/example_dags/example_kubernetes_executor.py for tasks to queue
[2023-10-10T15:52:57.700+0000] {logging_mixin.py:151} INFO - [2023-10-10T15:52:57.700+0000] {dagbag.py:539} INFO - Filling up the DagBag from /home/airflow/.local/lib/python3.8/site-packages/airflow/example_dags/example_kubernetes_executor.py
[2023-10-10T15:52:57.968+0000] {processor.py:839} INFO - DAG(s) dict_keys(['example_kubernetes_executor']) retrieved from /home/airflow/.local/lib/python3.8/site-packages/airflow/example_dags/example_kubernetes_executor.py
[2023-10-10T15:52:58.186+0000] {logging_mixin.py:151} INFO - [2023-10-10T15:52:58.185+0000] {dag.py:2915} INFO - Sync 1 DAGs
[2023-10-10T15:52:58.199+0000] {logging_mixin.py:151} INFO - [2023-10-10T15:52:58.199+0000] {dag.py:3696} INFO - Setting next_dagrun for example_kubernetes_executor to None, run_after=None
[2023-10-10T15:52:58.236+0000] {processor.py:179} INFO - Processing /home/airflow/.local/lib/python3.8/site-packages/airflow/example_dags/example_kubernetes_executor.py took 0.541 seconds
[2023-10-10T15:53:28.992+0000] {processor.py:157} INFO - Started process (PID=3258) to work on /home/airflow/.local/lib/python3.8/site-packages/airflow/example_dags/example_kubernetes_executor.py
[2023-10-10T15:53:28.993+0000] {processor.py:829} INFO - Processing file /home/airflow/.local/lib/python3.8/site-packages/airflow/example_dags/example_kubernetes_executor.py for tasks to queue
[2023-10-10T15:53:28.995+0000] {logging_mixin.py:151} INFO - [2023-10-10T15:53:28.994+0000] {dagbag.py:539} INFO - Filling up the DagBag from /home/airflow/.local/lib/python3.8/site-packages/airflow/example_dags/example_kubernetes_executor.py
[2023-10-10T15:53:29.418+0000] {processor.py:839} INFO - DAG(s) dict_keys(['example_kubernetes_executor']) retrieved from /home/airflow/.local/lib/python3.8/site-packages/airflow/example_dags/example_kubernetes_executor.py
[2023-10-10T15:53:29.452+0000] {logging_mixin.py:151} INFO - [2023-10-10T15:53:29.451+0000] {dag.py:2915} INFO - Sync 1 DAGs
[2023-10-10T15:53:29.462+0000] {logging_mixin.py:151} INFO - [2023-10-10T15:53:29.462+0000] {dag.py:3696} INFO - Setting next_dagrun for example_kubernetes_executor to None, run_after=None
[2023-10-10T15:53:29.490+0000] {processor.py:179} INFO - Processing /home/airflow/.local/lib/python3.8/site-packages/airflow/example_dags/example_kubernetes_executor.py took 0.502 seconds
[2023-10-10T15:53:59.529+0000] {processor.py:157} INFO - Started process (PID=3313) to work on /home/airflow/.local/lib/python3.8/site-packages/airflow/example_dags/example_kubernetes_executor.py
[2023-10-10T15:53:59.531+0000] {processor.py:829} INFO - Processing file /home/airflow/.local/lib/python3.8/site-packages/airflow/example_dags/example_kubernetes_executor.py for tasks to queue
[2023-10-10T15:53:59.533+0000] {logging_mixin.py:151} INFO - [2023-10-10T15:53:59.532+0000] {dagbag.py:539} INFO - Filling up the DagBag from /home/airflow/.local/lib/python3.8/site-packages/airflow/example_dags/example_kubernetes_executor.py
[2023-10-10T15:54:00.117+0000] {processor.py:839} INFO - DAG(s) dict_keys(['example_kubernetes_executor']) retrieved from /home/airflow/.local/lib/python3.8/site-packages/airflow/example_dags/example_kubernetes_executor.py
[2023-10-10T15:54:00.163+0000] {logging_mixin.py:151} INFO - [2023-10-10T15:54:00.163+0000] {dag.py:2915} INFO - Sync 1 DAGs
[2023-10-10T15:54:00.179+0000] {logging_mixin.py:151} INFO - [2023-10-10T15:54:00.179+0000] {dag.py:3696} INFO - Setting next_dagrun for example_kubernetes_executor to None, run_after=None
[2023-10-10T15:54:00.205+0000] {processor.py:179} INFO - Processing /home/airflow/.local/lib/python3.8/site-packages/airflow/example_dags/example_kubernetes_executor.py took 0.680 seconds
[2023-10-10T15:54:30.374+0000] {processor.py:157} INFO - Started process (PID=3367) to work on /home/airflow/.local/lib/python3.8/site-packages/airflow/example_dags/example_kubernetes_executor.py
[2023-10-10T15:54:30.375+0000] {processor.py:829} INFO - Processing file /home/airflow/.local/lib/python3.8/site-packages/airflow/example_dags/example_kubernetes_executor.py for tasks to queue
[2023-10-10T15:54:30.377+0000] {logging_mixin.py:151} INFO - [2023-10-10T15:54:30.377+0000] {dagbag.py:539} INFO - Filling up the DagBag from /home/airflow/.local/lib/python3.8/site-packages/airflow/example_dags/example_kubernetes_executor.py
[2023-10-10T15:54:30.907+0000] {processor.py:839} INFO - DAG(s) dict_keys(['example_kubernetes_executor']) retrieved from /home/airflow/.local/lib/python3.8/site-packages/airflow/example_dags/example_kubernetes_executor.py
[2023-10-10T15:54:30.951+0000] {logging_mixin.py:151} INFO - [2023-10-10T15:54:30.950+0000] {dag.py:2915} INFO - Sync 1 DAGs
[2023-10-10T15:54:30.966+0000] {logging_mixin.py:151} INFO - [2023-10-10T15:54:30.966+0000] {dag.py:3696} INFO - Setting next_dagrun for example_kubernetes_executor to None, run_after=None
[2023-10-10T15:54:30.989+0000] {processor.py:179} INFO - Processing /home/airflow/.local/lib/python3.8/site-packages/airflow/example_dags/example_kubernetes_executor.py took 0.618 seconds
[2023-10-10T15:55:01.496+0000] {processor.py:157} INFO - Started process (PID=3421) to work on /home/airflow/.local/lib/python3.8/site-packages/airflow/example_dags/example_kubernetes_executor.py
[2023-10-10T15:55:01.497+0000] {processor.py:829} INFO - Processing file /home/airflow/.local/lib/python3.8/site-packages/airflow/example_dags/example_kubernetes_executor.py for tasks to queue
[2023-10-10T15:55:01.499+0000] {logging_mixin.py:151} INFO - [2023-10-10T15:55:01.498+0000] {dagbag.py:539} INFO - Filling up the DagBag from /home/airflow/.local/lib/python3.8/site-packages/airflow/example_dags/example_kubernetes_executor.py
[2023-10-10T15:55:01.877+0000] {processor.py:839} INFO - DAG(s) dict_keys(['example_kubernetes_executor']) retrieved from /home/airflow/.local/lib/python3.8/site-packages/airflow/example_dags/example_kubernetes_executor.py
[2023-10-10T15:55:01.907+0000] {logging_mixin.py:151} INFO - [2023-10-10T15:55:01.906+0000] {dag.py:2915} INFO - Sync 1 DAGs
[2023-10-10T15:55:01.918+0000] {logging_mixin.py:151} INFO - [2023-10-10T15:55:01.918+0000] {dag.py:3696} INFO - Setting next_dagrun for example_kubernetes_executor to None, run_after=None
[2023-10-10T15:55:01.933+0000] {processor.py:179} INFO - Processing /home/airflow/.local/lib/python3.8/site-packages/airflow/example_dags/example_kubernetes_executor.py took 0.441 seconds
[2023-10-10T15:55:33.085+0000] {processor.py:157} INFO - Started process (PID=3480) to work on /home/airflow/.local/lib/python3.8/site-packages/airflow/example_dags/example_kubernetes_executor.py
[2023-10-10T15:55:33.086+0000] {processor.py:829} INFO - Processing file /home/airflow/.local/lib/python3.8/site-packages/airflow/example_dags/example_kubernetes_executor.py for tasks to queue
[2023-10-10T15:55:33.087+0000] {logging_mixin.py:151} INFO - [2023-10-10T15:55:33.087+0000] {dagbag.py:539} INFO - Filling up the DagBag from /home/airflow/.local/lib/python3.8/site-packages/airflow/example_dags/example_kubernetes_executor.py
[2023-10-10T15:55:33.613+0000] {processor.py:839} INFO - DAG(s) dict_keys(['example_kubernetes_executor']) retrieved from /home/airflow/.local/lib/python3.8/site-packages/airflow/example_dags/example_kubernetes_executor.py
[2023-10-10T15:55:33.641+0000] {logging_mixin.py:151} INFO - [2023-10-10T15:55:33.640+0000] {dag.py:2915} INFO - Sync 1 DAGs
[2023-10-10T15:55:33.652+0000] {logging_mixin.py:151} INFO - [2023-10-10T15:55:33.651+0000] {dag.py:3696} INFO - Setting next_dagrun for example_kubernetes_executor to None, run_after=None
[2023-10-10T15:55:33.678+0000] {processor.py:179} INFO - Processing /home/airflow/.local/lib/python3.8/site-packages/airflow/example_dags/example_kubernetes_executor.py took 0.596 seconds
[2023-10-10T15:56:04.041+0000] {processor.py:157} INFO - Started process (PID=3534) to work on /home/airflow/.local/lib/python3.8/site-packages/airflow/example_dags/example_kubernetes_executor.py
[2023-10-10T15:56:04.042+0000] {processor.py:829} INFO - Processing file /home/airflow/.local/lib/python3.8/site-packages/airflow/example_dags/example_kubernetes_executor.py for tasks to queue
[2023-10-10T15:56:04.044+0000] {logging_mixin.py:151} INFO - [2023-10-10T15:56:04.044+0000] {dagbag.py:539} INFO - Filling up the DagBag from /home/airflow/.local/lib/python3.8/site-packages/airflow/example_dags/example_kubernetes_executor.py
[2023-10-10T15:56:04.435+0000] {processor.py:839} INFO - DAG(s) dict_keys(['example_kubernetes_executor']) retrieved from /home/airflow/.local/lib/python3.8/site-packages/airflow/example_dags/example_kubernetes_executor.py
[2023-10-10T15:56:04.463+0000] {logging_mixin.py:151} INFO - [2023-10-10T15:56:04.463+0000] {dag.py:2915} INFO - Sync 1 DAGs
[2023-10-10T15:56:04.477+0000] {logging_mixin.py:151} INFO - [2023-10-10T15:56:04.476+0000] {dag.py:3696} INFO - Setting next_dagrun for example_kubernetes_executor to None, run_after=None
[2023-10-10T15:56:04.493+0000] {processor.py:179} INFO - Processing /home/airflow/.local/lib/python3.8/site-packages/airflow/example_dags/example_kubernetes_executor.py took 0.454 seconds
[2023-10-10T15:56:35.529+0000] {processor.py:157} INFO - Started process (PID=3590) to work on /home/airflow/.local/lib/python3.8/site-packages/airflow/example_dags/example_kubernetes_executor.py
[2023-10-10T15:56:35.530+0000] {processor.py:829} INFO - Processing file /home/airflow/.local/lib/python3.8/site-packages/airflow/example_dags/example_kubernetes_executor.py for tasks to queue
[2023-10-10T15:56:35.531+0000] {logging_mixin.py:151} INFO - [2023-10-10T15:56:35.531+0000] {dagbag.py:539} INFO - Filling up the DagBag from /home/airflow/.local/lib/python3.8/site-packages/airflow/example_dags/example_kubernetes_executor.py
[2023-10-10T15:56:35.927+0000] {processor.py:839} INFO - DAG(s) dict_keys(['example_kubernetes_executor']) retrieved from /home/airflow/.local/lib/python3.8/site-packages/airflow/example_dags/example_kubernetes_executor.py
[2023-10-10T15:56:35.966+0000] {logging_mixin.py:151} INFO - [2023-10-10T15:56:35.965+0000] {dag.py:2915} INFO - Sync 1 DAGs
[2023-10-10T15:56:35.975+0000] {logging_mixin.py:151} INFO - [2023-10-10T15:56:35.975+0000] {dag.py:3696} INFO - Setting next_dagrun for example_kubernetes_executor to None, run_after=None
[2023-10-10T15:56:35.990+0000] {processor.py:179} INFO - Processing /home/airflow/.local/lib/python3.8/site-packages/airflow/example_dags/example_kubernetes_executor.py took 0.463 seconds
[2023-10-10T15:57:06.163+0000] {processor.py:157} INFO - Started process (PID=3644) to work on /home/airflow/.local/lib/python3.8/site-packages/airflow/example_dags/example_kubernetes_executor.py
[2023-10-10T15:57:06.164+0000] {processor.py:829} INFO - Processing file /home/airflow/.local/lib/python3.8/site-packages/airflow/example_dags/example_kubernetes_executor.py for tasks to queue
[2023-10-10T15:57:06.166+0000] {logging_mixin.py:151} INFO - [2023-10-10T15:57:06.165+0000] {dagbag.py:539} INFO - Filling up the DagBag from /home/airflow/.local/lib/python3.8/site-packages/airflow/example_dags/example_kubernetes_executor.py
[2023-10-10T15:57:06.646+0000] {processor.py:839} INFO - DAG(s) dict_keys(['example_kubernetes_executor']) retrieved from /home/airflow/.local/lib/python3.8/site-packages/airflow/example_dags/example_kubernetes_executor.py
[2023-10-10T15:57:06.684+0000] {logging_mixin.py:151} INFO - [2023-10-10T15:57:06.683+0000] {dag.py:2915} INFO - Sync 1 DAGs
[2023-10-10T15:57:06.695+0000] {logging_mixin.py:151} INFO - [2023-10-10T15:57:06.695+0000] {dag.py:3696} INFO - Setting next_dagrun for example_kubernetes_executor to None, run_after=None
[2023-10-10T15:57:06.720+0000] {processor.py:179} INFO - Processing /home/airflow/.local/lib/python3.8/site-packages/airflow/example_dags/example_kubernetes_executor.py took 0.559 seconds
[2023-10-10T16:51:13.557+0000] {processor.py:157} INFO - Started process (PID=160) to work on /home/airflow/.local/lib/python3.8/site-packages/airflow/example_dags/example_kubernetes_executor.py
[2023-10-10T16:51:13.559+0000] {processor.py:829} INFO - Processing file /home/airflow/.local/lib/python3.8/site-packages/airflow/example_dags/example_kubernetes_executor.py for tasks to queue
[2023-10-10T16:51:13.560+0000] {logging_mixin.py:151} INFO - [2023-10-10T16:51:13.560+0000] {dagbag.py:539} INFO - Filling up the DagBag from /home/airflow/.local/lib/python3.8/site-packages/airflow/example_dags/example_kubernetes_executor.py
[2023-10-10T16:51:14.041+0000] {processor.py:839} INFO - DAG(s) dict_keys(['example_kubernetes_executor']) retrieved from /home/airflow/.local/lib/python3.8/site-packages/airflow/example_dags/example_kubernetes_executor.py
[2023-10-10T16:51:14.082+0000] {logging_mixin.py:151} INFO - [2023-10-10T16:51:14.081+0000] {dag.py:2915} INFO - Sync 1 DAGs
[2023-10-10T16:51:14.092+0000] {logging_mixin.py:151} INFO - [2023-10-10T16:51:14.092+0000] {dag.py:3696} INFO - Setting next_dagrun for example_kubernetes_executor to None, run_after=None
[2023-10-10T16:51:14.107+0000] {processor.py:179} INFO - Processing /home/airflow/.local/lib/python3.8/site-packages/airflow/example_dags/example_kubernetes_executor.py took 0.553 seconds
[2023-10-10T16:51:44.773+0000] {processor.py:157} INFO - Started process (PID=214) to work on /home/airflow/.local/lib/python3.8/site-packages/airflow/example_dags/example_kubernetes_executor.py
[2023-10-10T16:51:44.826+0000] {processor.py:829} INFO - Processing file /home/airflow/.local/lib/python3.8/site-packages/airflow/example_dags/example_kubernetes_executor.py for tasks to queue
[2023-10-10T16:51:44.829+0000] {logging_mixin.py:151} INFO - [2023-10-10T16:51:44.828+0000] {dagbag.py:539} INFO - Filling up the DagBag from /home/airflow/.local/lib/python3.8/site-packages/airflow/example_dags/example_kubernetes_executor.py
[2023-10-10T16:51:45.561+0000] {processor.py:839} INFO - DAG(s) dict_keys(['example_kubernetes_executor']) retrieved from /home/airflow/.local/lib/python3.8/site-packages/airflow/example_dags/example_kubernetes_executor.py
[2023-10-10T16:51:45.728+0000] {logging_mixin.py:151} INFO - [2023-10-10T16:51:45.727+0000] {dag.py:2915} INFO - Sync 1 DAGs
[2023-10-10T16:51:45.744+0000] {logging_mixin.py:151} INFO - [2023-10-10T16:51:45.743+0000] {dag.py:3696} INFO - Setting next_dagrun for example_kubernetes_executor to None, run_after=None
[2023-10-10T16:51:45.772+0000] {processor.py:179} INFO - Processing /home/airflow/.local/lib/python3.8/site-packages/airflow/example_dags/example_kubernetes_executor.py took 1.002 seconds
[2023-10-10T16:52:16.320+0000] {processor.py:157} INFO - Started process (PID=268) to work on /home/airflow/.local/lib/python3.8/site-packages/airflow/example_dags/example_kubernetes_executor.py
[2023-10-10T16:52:16.321+0000] {processor.py:829} INFO - Processing file /home/airflow/.local/lib/python3.8/site-packages/airflow/example_dags/example_kubernetes_executor.py for tasks to queue
[2023-10-10T16:52:16.323+0000] {logging_mixin.py:151} INFO - [2023-10-10T16:52:16.322+0000] {dagbag.py:539} INFO - Filling up the DagBag from /home/airflow/.local/lib/python3.8/site-packages/airflow/example_dags/example_kubernetes_executor.py
[2023-10-10T16:52:16.786+0000] {processor.py:839} INFO - DAG(s) dict_keys(['example_kubernetes_executor']) retrieved from /home/airflow/.local/lib/python3.8/site-packages/airflow/example_dags/example_kubernetes_executor.py
[2023-10-10T16:52:16.846+0000] {logging_mixin.py:151} INFO - [2023-10-10T16:52:16.846+0000] {dag.py:2915} INFO - Sync 1 DAGs
[2023-10-10T16:52:16.864+0000] {logging_mixin.py:151} INFO - [2023-10-10T16:52:16.864+0000] {dag.py:3696} INFO - Setting next_dagrun for example_kubernetes_executor to None, run_after=None
[2023-10-10T16:52:16.887+0000] {processor.py:179} INFO - Processing /home/airflow/.local/lib/python3.8/site-packages/airflow/example_dags/example_kubernetes_executor.py took 0.570 seconds
[2023-10-10T16:52:47.560+0000] {processor.py:157} INFO - Started process (PID=324) to work on /home/airflow/.local/lib/python3.8/site-packages/airflow/example_dags/example_kubernetes_executor.py
[2023-10-10T16:52:47.561+0000] {processor.py:829} INFO - Processing file /home/airflow/.local/lib/python3.8/site-packages/airflow/example_dags/example_kubernetes_executor.py for tasks to queue
[2023-10-10T16:52:47.563+0000] {logging_mixin.py:151} INFO - [2023-10-10T16:52:47.563+0000] {dagbag.py:539} INFO - Filling up the DagBag from /home/airflow/.local/lib/python3.8/site-packages/airflow/example_dags/example_kubernetes_executor.py
[2023-10-10T16:52:48.034+0000] {processor.py:839} INFO - DAG(s) dict_keys(['example_kubernetes_executor']) retrieved from /home/airflow/.local/lib/python3.8/site-packages/airflow/example_dags/example_kubernetes_executor.py
[2023-10-10T16:52:48.071+0000] {logging_mixin.py:151} INFO - [2023-10-10T16:52:48.071+0000] {dag.py:2915} INFO - Sync 1 DAGs
[2023-10-10T16:52:48.138+0000] {logging_mixin.py:151} INFO - [2023-10-10T16:52:48.138+0000] {dag.py:3696} INFO - Setting next_dagrun for example_kubernetes_executor to None, run_after=None
[2023-10-10T16:52:48.234+0000] {processor.py:179} INFO - Processing /home/airflow/.local/lib/python3.8/site-packages/airflow/example_dags/example_kubernetes_executor.py took 0.676 seconds
[2023-10-10T16:53:18.804+0000] {processor.py:157} INFO - Started process (PID=385) to work on /home/airflow/.local/lib/python3.8/site-packages/airflow/example_dags/example_kubernetes_executor.py
[2023-10-10T16:53:18.805+0000] {processor.py:829} INFO - Processing file /home/airflow/.local/lib/python3.8/site-packages/airflow/example_dags/example_kubernetes_executor.py for tasks to queue
[2023-10-10T16:53:18.807+0000] {logging_mixin.py:151} INFO - [2023-10-10T16:53:18.807+0000] {dagbag.py:539} INFO - Filling up the DagBag from /home/airflow/.local/lib/python3.8/site-packages/airflow/example_dags/example_kubernetes_executor.py
[2023-10-10T16:53:19.053+0000] {processor.py:839} INFO - DAG(s) dict_keys(['example_kubernetes_executor']) retrieved from /home/airflow/.local/lib/python3.8/site-packages/airflow/example_dags/example_kubernetes_executor.py
[2023-10-10T16:53:19.089+0000] {logging_mixin.py:151} INFO - [2023-10-10T16:53:19.088+0000] {dag.py:2915} INFO - Sync 1 DAGs
[2023-10-10T16:53:19.101+0000] {logging_mixin.py:151} INFO - [2023-10-10T16:53:19.101+0000] {dag.py:3696} INFO - Setting next_dagrun for example_kubernetes_executor to None, run_after=None
[2023-10-10T16:53:19.139+0000] {processor.py:179} INFO - Processing /home/airflow/.local/lib/python3.8/site-packages/airflow/example_dags/example_kubernetes_executor.py took 0.338 seconds
[2023-10-10T16:53:49.248+0000] {processor.py:157} INFO - Started process (PID=439) to work on /home/airflow/.local/lib/python3.8/site-packages/airflow/example_dags/example_kubernetes_executor.py
[2023-10-10T16:53:49.249+0000] {processor.py:829} INFO - Processing file /home/airflow/.local/lib/python3.8/site-packages/airflow/example_dags/example_kubernetes_executor.py for tasks to queue
[2023-10-10T16:53:49.251+0000] {logging_mixin.py:151} INFO - [2023-10-10T16:53:49.250+0000] {dagbag.py:539} INFO - Filling up the DagBag from /home/airflow/.local/lib/python3.8/site-packages/airflow/example_dags/example_kubernetes_executor.py
[2023-10-10T16:53:49.646+0000] {processor.py:839} INFO - DAG(s) dict_keys(['example_kubernetes_executor']) retrieved from /home/airflow/.local/lib/python3.8/site-packages/airflow/example_dags/example_kubernetes_executor.py
[2023-10-10T16:53:49.731+0000] {logging_mixin.py:151} INFO - [2023-10-10T16:53:49.730+0000] {dag.py:2915} INFO - Sync 1 DAGs
[2023-10-10T16:53:49.749+0000] {logging_mixin.py:151} INFO - [2023-10-10T16:53:49.748+0000] {dag.py:3696} INFO - Setting next_dagrun for example_kubernetes_executor to None, run_after=None
[2023-10-10T16:53:49.770+0000] {processor.py:179} INFO - Processing /home/airflow/.local/lib/python3.8/site-packages/airflow/example_dags/example_kubernetes_executor.py took 0.525 seconds
[2023-10-10T16:54:20.336+0000] {processor.py:157} INFO - Started process (PID=493) to work on /home/airflow/.local/lib/python3.8/site-packages/airflow/example_dags/example_kubernetes_executor.py
[2023-10-10T16:54:20.337+0000] {processor.py:829} INFO - Processing file /home/airflow/.local/lib/python3.8/site-packages/airflow/example_dags/example_kubernetes_executor.py for tasks to queue
[2023-10-10T16:54:20.338+0000] {logging_mixin.py:151} INFO - [2023-10-10T16:54:20.338+0000] {dagbag.py:539} INFO - Filling up the DagBag from /home/airflow/.local/lib/python3.8/site-packages/airflow/example_dags/example_kubernetes_executor.py
[2023-10-10T16:54:20.650+0000] {processor.py:839} INFO - DAG(s) dict_keys(['example_kubernetes_executor']) retrieved from /home/airflow/.local/lib/python3.8/site-packages/airflow/example_dags/example_kubernetes_executor.py
[2023-10-10T16:54:20.689+0000] {logging_mixin.py:151} INFO - [2023-10-10T16:54:20.688+0000] {dag.py:2915} INFO - Sync 1 DAGs
[2023-10-10T16:54:20.732+0000] {logging_mixin.py:151} INFO - [2023-10-10T16:54:20.732+0000] {dag.py:3696} INFO - Setting next_dagrun for example_kubernetes_executor to None, run_after=None
[2023-10-10T16:54:20.760+0000] {processor.py:179} INFO - Processing /home/airflow/.local/lib/python3.8/site-packages/airflow/example_dags/example_kubernetes_executor.py took 0.427 seconds
[2023-10-10T16:54:51.441+0000] {processor.py:157} INFO - Started process (PID=547) to work on /home/airflow/.local/lib/python3.8/site-packages/airflow/example_dags/example_kubernetes_executor.py
[2023-10-10T16:54:51.442+0000] {processor.py:829} INFO - Processing file /home/airflow/.local/lib/python3.8/site-packages/airflow/example_dags/example_kubernetes_executor.py for tasks to queue
[2023-10-10T16:54:51.444+0000] {logging_mixin.py:151} INFO - [2023-10-10T16:54:51.443+0000] {dagbag.py:539} INFO - Filling up the DagBag from /home/airflow/.local/lib/python3.8/site-packages/airflow/example_dags/example_kubernetes_executor.py
[2023-10-10T16:54:51.701+0000] {processor.py:839} INFO - DAG(s) dict_keys(['example_kubernetes_executor']) retrieved from /home/airflow/.local/lib/python3.8/site-packages/airflow/example_dags/example_kubernetes_executor.py
[2023-10-10T16:54:51.734+0000] {logging_mixin.py:151} INFO - [2023-10-10T16:54:51.734+0000] {dag.py:2915} INFO - Sync 1 DAGs
[2023-10-10T16:54:51.745+0000] {logging_mixin.py:151} INFO - [2023-10-10T16:54:51.745+0000] {dag.py:3696} INFO - Setting next_dagrun for example_kubernetes_executor to None, run_after=None
[2023-10-10T16:54:51.763+0000] {processor.py:179} INFO - Processing /home/airflow/.local/lib/python3.8/site-packages/airflow/example_dags/example_kubernetes_executor.py took 0.324 seconds
