[2023-10-10T15:24:08.007+0000] {processor.py:157} INFO - Started process (PID=180) to work on /home/airflow/.local/lib/python3.8/site-packages/airflow/example_dags/example_sla_dag.py
[2023-10-10T15:24:08.008+0000] {processor.py:829} INFO - Processing file /home/airflow/.local/lib/python3.8/site-packages/airflow/example_dags/example_sla_dag.py for tasks to queue
[2023-10-10T15:24:08.010+0000] {logging_mixin.py:151} INFO - [2023-10-10T15:24:08.010+0000] {dagbag.py:539} INFO - Filling up the DagBag from /home/airflow/.local/lib/python3.8/site-packages/airflow/example_dags/example_sla_dag.py
[2023-10-10T15:24:08.022+0000] {processor.py:839} INFO - DAG(s) dict_keys(['example_sla_dag']) retrieved from /home/airflow/.local/lib/python3.8/site-packages/airflow/example_dags/example_sla_dag.py
[2023-10-10T15:24:08.034+0000] {logging_mixin.py:151} INFO - [2023-10-10T15:24:08.034+0000] {dag.py:2915} INFO - Sync 1 DAGs
[2023-10-10T15:24:08.062+0000] {logging_mixin.py:151} INFO - [2023-10-10T15:24:08.061+0000] {dag.py:3696} INFO - Setting next_dagrun for example_sla_dag to 2023-10-10T15:22:00+00:00, run_after=2023-10-10T15:24:00+00:00
[2023-10-10T15:24:08.082+0000] {processor.py:179} INFO - Processing /home/airflow/.local/lib/python3.8/site-packages/airflow/example_dags/example_sla_dag.py took 0.078 seconds
[2023-10-10T15:24:39.042+0000] {processor.py:157} INFO - Started process (PID=234) to work on /home/airflow/.local/lib/python3.8/site-packages/airflow/example_dags/example_sla_dag.py
[2023-10-10T15:24:39.043+0000] {processor.py:829} INFO - Processing file /home/airflow/.local/lib/python3.8/site-packages/airflow/example_dags/example_sla_dag.py for tasks to queue
[2023-10-10T15:24:39.045+0000] {logging_mixin.py:151} INFO - [2023-10-10T15:24:39.044+0000] {dagbag.py:539} INFO - Filling up the DagBag from /home/airflow/.local/lib/python3.8/site-packages/airflow/example_dags/example_sla_dag.py
[2023-10-10T15:24:39.051+0000] {processor.py:839} INFO - DAG(s) dict_keys(['example_sla_dag']) retrieved from /home/airflow/.local/lib/python3.8/site-packages/airflow/example_dags/example_sla_dag.py
[2023-10-10T15:24:39.083+0000] {logging_mixin.py:151} INFO - [2023-10-10T15:24:39.082+0000] {dag.py:2915} INFO - Sync 1 DAGs
[2023-10-10T15:24:39.108+0000] {logging_mixin.py:151} INFO - [2023-10-10T15:24:39.107+0000] {dag.py:3696} INFO - Setting next_dagrun for example_sla_dag to 2023-10-10T15:22:00+00:00, run_after=2023-10-10T15:24:00+00:00
[2023-10-10T15:24:39.122+0000] {processor.py:179} INFO - Processing /home/airflow/.local/lib/python3.8/site-packages/airflow/example_dags/example_sla_dag.py took 0.083 seconds
[2023-10-10T15:25:10.628+0000] {processor.py:157} INFO - Started process (PID=288) to work on /home/airflow/.local/lib/python3.8/site-packages/airflow/example_dags/example_sla_dag.py
[2023-10-10T15:25:10.629+0000] {processor.py:829} INFO - Processing file /home/airflow/.local/lib/python3.8/site-packages/airflow/example_dags/example_sla_dag.py for tasks to queue
[2023-10-10T15:25:10.631+0000] {logging_mixin.py:151} INFO - [2023-10-10T15:25:10.630+0000] {dagbag.py:539} INFO - Filling up the DagBag from /home/airflow/.local/lib/python3.8/site-packages/airflow/example_dags/example_sla_dag.py
[2023-10-10T15:25:10.640+0000] {processor.py:839} INFO - DAG(s) dict_keys(['example_sla_dag']) retrieved from /home/airflow/.local/lib/python3.8/site-packages/airflow/example_dags/example_sla_dag.py
[2023-10-10T15:25:10.662+0000] {logging_mixin.py:151} INFO - [2023-10-10T15:25:10.662+0000] {dag.py:2915} INFO - Sync 1 DAGs
[2023-10-10T15:25:10.694+0000] {logging_mixin.py:151} INFO - [2023-10-10T15:25:10.693+0000] {dag.py:3696} INFO - Setting next_dagrun for example_sla_dag to 2023-10-10T15:22:00+00:00, run_after=2023-10-10T15:24:00+00:00
[2023-10-10T15:25:10.717+0000] {processor.py:179} INFO - Processing /home/airflow/.local/lib/python3.8/site-packages/airflow/example_dags/example_sla_dag.py took 0.093 seconds
[2023-10-10T15:25:41.162+0000] {processor.py:157} INFO - Started process (PID=342) to work on /home/airflow/.local/lib/python3.8/site-packages/airflow/example_dags/example_sla_dag.py
[2023-10-10T15:25:41.162+0000] {processor.py:829} INFO - Processing file /home/airflow/.local/lib/python3.8/site-packages/airflow/example_dags/example_sla_dag.py for tasks to queue
[2023-10-10T15:25:41.164+0000] {logging_mixin.py:151} INFO - [2023-10-10T15:25:41.164+0000] {dagbag.py:539} INFO - Filling up the DagBag from /home/airflow/.local/lib/python3.8/site-packages/airflow/example_dags/example_sla_dag.py
[2023-10-10T15:25:41.171+0000] {processor.py:839} INFO - DAG(s) dict_keys(['example_sla_dag']) retrieved from /home/airflow/.local/lib/python3.8/site-packages/airflow/example_dags/example_sla_dag.py
[2023-10-10T15:25:41.187+0000] {logging_mixin.py:151} INFO - [2023-10-10T15:25:41.187+0000] {dag.py:2915} INFO - Sync 1 DAGs
[2023-10-10T15:25:41.212+0000] {logging_mixin.py:151} INFO - [2023-10-10T15:25:41.212+0000] {dag.py:3696} INFO - Setting next_dagrun for example_sla_dag to 2023-10-10T15:22:00+00:00, run_after=2023-10-10T15:24:00+00:00
[2023-10-10T15:25:41.228+0000] {processor.py:179} INFO - Processing /home/airflow/.local/lib/python3.8/site-packages/airflow/example_dags/example_sla_dag.py took 0.068 seconds
[2023-10-10T15:26:11.808+0000] {processor.py:157} INFO - Started process (PID=396) to work on /home/airflow/.local/lib/python3.8/site-packages/airflow/example_dags/example_sla_dag.py
[2023-10-10T15:26:11.809+0000] {processor.py:829} INFO - Processing file /home/airflow/.local/lib/python3.8/site-packages/airflow/example_dags/example_sla_dag.py for tasks to queue
[2023-10-10T15:26:11.810+0000] {logging_mixin.py:151} INFO - [2023-10-10T15:26:11.810+0000] {dagbag.py:539} INFO - Filling up the DagBag from /home/airflow/.local/lib/python3.8/site-packages/airflow/example_dags/example_sla_dag.py
[2023-10-10T15:26:11.817+0000] {processor.py:839} INFO - DAG(s) dict_keys(['example_sla_dag']) retrieved from /home/airflow/.local/lib/python3.8/site-packages/airflow/example_dags/example_sla_dag.py
[2023-10-10T15:26:11.838+0000] {logging_mixin.py:151} INFO - [2023-10-10T15:26:11.838+0000] {dag.py:2915} INFO - Sync 1 DAGs
[2023-10-10T15:26:11.861+0000] {logging_mixin.py:151} INFO - [2023-10-10T15:26:11.860+0000] {dag.py:3696} INFO - Setting next_dagrun for example_sla_dag to 2023-10-10T15:24:00+00:00, run_after=2023-10-10T15:26:00+00:00
[2023-10-10T15:26:11.875+0000] {processor.py:179} INFO - Processing /home/airflow/.local/lib/python3.8/site-packages/airflow/example_dags/example_sla_dag.py took 0.070 seconds
[2023-10-10T15:26:42.340+0000] {processor.py:157} INFO - Started process (PID=450) to work on /home/airflow/.local/lib/python3.8/site-packages/airflow/example_dags/example_sla_dag.py
[2023-10-10T15:26:42.341+0000] {processor.py:829} INFO - Processing file /home/airflow/.local/lib/python3.8/site-packages/airflow/example_dags/example_sla_dag.py for tasks to queue
[2023-10-10T15:26:42.342+0000] {logging_mixin.py:151} INFO - [2023-10-10T15:26:42.342+0000] {dagbag.py:539} INFO - Filling up the DagBag from /home/airflow/.local/lib/python3.8/site-packages/airflow/example_dags/example_sla_dag.py
[2023-10-10T15:26:42.349+0000] {processor.py:839} INFO - DAG(s) dict_keys(['example_sla_dag']) retrieved from /home/airflow/.local/lib/python3.8/site-packages/airflow/example_dags/example_sla_dag.py
[2023-10-10T15:26:42.366+0000] {logging_mixin.py:151} INFO - [2023-10-10T15:26:42.366+0000] {dag.py:2915} INFO - Sync 1 DAGs
[2023-10-10T15:26:42.389+0000] {logging_mixin.py:151} INFO - [2023-10-10T15:26:42.389+0000] {dag.py:3696} INFO - Setting next_dagrun for example_sla_dag to 2023-10-10T15:24:00+00:00, run_after=2023-10-10T15:26:00+00:00
[2023-10-10T15:26:42.406+0000] {processor.py:179} INFO - Processing /home/airflow/.local/lib/python3.8/site-packages/airflow/example_dags/example_sla_dag.py took 0.069 seconds
[2023-10-10T15:27:13.032+0000] {processor.py:157} INFO - Started process (PID=504) to work on /home/airflow/.local/lib/python3.8/site-packages/airflow/example_dags/example_sla_dag.py
[2023-10-10T15:27:13.033+0000] {processor.py:829} INFO - Processing file /home/airflow/.local/lib/python3.8/site-packages/airflow/example_dags/example_sla_dag.py for tasks to queue
[2023-10-10T15:27:13.035+0000] {logging_mixin.py:151} INFO - [2023-10-10T15:27:13.035+0000] {dagbag.py:539} INFO - Filling up the DagBag from /home/airflow/.local/lib/python3.8/site-packages/airflow/example_dags/example_sla_dag.py
[2023-10-10T15:27:13.042+0000] {processor.py:839} INFO - DAG(s) dict_keys(['example_sla_dag']) retrieved from /home/airflow/.local/lib/python3.8/site-packages/airflow/example_dags/example_sla_dag.py
[2023-10-10T15:27:13.060+0000] {logging_mixin.py:151} INFO - [2023-10-10T15:27:13.060+0000] {dag.py:2915} INFO - Sync 1 DAGs
[2023-10-10T15:27:13.087+0000] {logging_mixin.py:151} INFO - [2023-10-10T15:27:13.086+0000] {dag.py:3696} INFO - Setting next_dagrun for example_sla_dag to 2023-10-10T15:24:00+00:00, run_after=2023-10-10T15:26:00+00:00
[2023-10-10T15:27:13.105+0000] {processor.py:179} INFO - Processing /home/airflow/.local/lib/python3.8/site-packages/airflow/example_dags/example_sla_dag.py took 0.076 seconds
[2023-10-10T15:27:43.754+0000] {processor.py:157} INFO - Started process (PID=558) to work on /home/airflow/.local/lib/python3.8/site-packages/airflow/example_dags/example_sla_dag.py
[2023-10-10T15:27:43.755+0000] {processor.py:829} INFO - Processing file /home/airflow/.local/lib/python3.8/site-packages/airflow/example_dags/example_sla_dag.py for tasks to queue
[2023-10-10T15:27:43.756+0000] {logging_mixin.py:151} INFO - [2023-10-10T15:27:43.756+0000] {dagbag.py:539} INFO - Filling up the DagBag from /home/airflow/.local/lib/python3.8/site-packages/airflow/example_dags/example_sla_dag.py
[2023-10-10T15:27:43.763+0000] {processor.py:839} INFO - DAG(s) dict_keys(['example_sla_dag']) retrieved from /home/airflow/.local/lib/python3.8/site-packages/airflow/example_dags/example_sla_dag.py
[2023-10-10T15:27:43.790+0000] {logging_mixin.py:151} INFO - [2023-10-10T15:27:43.790+0000] {dag.py:2915} INFO - Sync 1 DAGs
[2023-10-10T15:27:43.820+0000] {logging_mixin.py:151} INFO - [2023-10-10T15:27:43.820+0000] {dag.py:3696} INFO - Setting next_dagrun for example_sla_dag to 2023-10-10T15:24:00+00:00, run_after=2023-10-10T15:26:00+00:00
[2023-10-10T15:27:43.835+0000] {processor.py:179} INFO - Processing /home/airflow/.local/lib/python3.8/site-packages/airflow/example_dags/example_sla_dag.py took 0.084 seconds
[2023-10-10T15:28:14.581+0000] {processor.py:157} INFO - Started process (PID=612) to work on /home/airflow/.local/lib/python3.8/site-packages/airflow/example_dags/example_sla_dag.py
[2023-10-10T15:28:14.582+0000] {processor.py:829} INFO - Processing file /home/airflow/.local/lib/python3.8/site-packages/airflow/example_dags/example_sla_dag.py for tasks to queue
[2023-10-10T15:28:14.584+0000] {logging_mixin.py:151} INFO - [2023-10-10T15:28:14.584+0000] {dagbag.py:539} INFO - Filling up the DagBag from /home/airflow/.local/lib/python3.8/site-packages/airflow/example_dags/example_sla_dag.py
[2023-10-10T15:28:14.591+0000] {processor.py:839} INFO - DAG(s) dict_keys(['example_sla_dag']) retrieved from /home/airflow/.local/lib/python3.8/site-packages/airflow/example_dags/example_sla_dag.py
[2023-10-10T15:28:14.611+0000] {logging_mixin.py:151} INFO - [2023-10-10T15:28:14.610+0000] {dag.py:2915} INFO - Sync 1 DAGs
[2023-10-10T15:28:14.635+0000] {logging_mixin.py:151} INFO - [2023-10-10T15:28:14.634+0000] {dag.py:3696} INFO - Setting next_dagrun for example_sla_dag to 2023-10-10T15:26:00+00:00, run_after=2023-10-10T15:28:00+00:00
[2023-10-10T15:28:14.649+0000] {processor.py:179} INFO - Processing /home/airflow/.local/lib/python3.8/site-packages/airflow/example_dags/example_sla_dag.py took 0.072 seconds
[2023-10-10T15:28:45.337+0000] {processor.py:157} INFO - Started process (PID=666) to work on /home/airflow/.local/lib/python3.8/site-packages/airflow/example_dags/example_sla_dag.py
[2023-10-10T15:28:45.338+0000] {processor.py:829} INFO - Processing file /home/airflow/.local/lib/python3.8/site-packages/airflow/example_dags/example_sla_dag.py for tasks to queue
[2023-10-10T15:28:45.339+0000] {logging_mixin.py:151} INFO - [2023-10-10T15:28:45.339+0000] {dagbag.py:539} INFO - Filling up the DagBag from /home/airflow/.local/lib/python3.8/site-packages/airflow/example_dags/example_sla_dag.py
[2023-10-10T15:28:45.346+0000] {processor.py:839} INFO - DAG(s) dict_keys(['example_sla_dag']) retrieved from /home/airflow/.local/lib/python3.8/site-packages/airflow/example_dags/example_sla_dag.py
[2023-10-10T15:28:45.386+0000] {logging_mixin.py:151} INFO - [2023-10-10T15:28:45.386+0000] {dag.py:2915} INFO - Sync 1 DAGs
[2023-10-10T15:28:45.409+0000] {logging_mixin.py:151} INFO - [2023-10-10T15:28:45.408+0000] {dag.py:3696} INFO - Setting next_dagrun for example_sla_dag to 2023-10-10T15:26:00+00:00, run_after=2023-10-10T15:28:00+00:00
[2023-10-10T15:28:45.425+0000] {processor.py:179} INFO - Processing /home/airflow/.local/lib/python3.8/site-packages/airflow/example_dags/example_sla_dag.py took 0.092 seconds
[2023-10-10T15:29:17.314+0000] {processor.py:157} INFO - Started process (PID=720) to work on /home/airflow/.local/lib/python3.8/site-packages/airflow/example_dags/example_sla_dag.py
[2023-10-10T15:29:17.315+0000] {processor.py:829} INFO - Processing file /home/airflow/.local/lib/python3.8/site-packages/airflow/example_dags/example_sla_dag.py for tasks to queue
[2023-10-10T15:29:17.317+0000] {logging_mixin.py:151} INFO - [2023-10-10T15:29:17.317+0000] {dagbag.py:539} INFO - Filling up the DagBag from /home/airflow/.local/lib/python3.8/site-packages/airflow/example_dags/example_sla_dag.py
[2023-10-10T15:29:17.324+0000] {processor.py:839} INFO - DAG(s) dict_keys(['example_sla_dag']) retrieved from /home/airflow/.local/lib/python3.8/site-packages/airflow/example_dags/example_sla_dag.py
[2023-10-10T15:29:17.379+0000] {logging_mixin.py:151} INFO - [2023-10-10T15:29:17.379+0000] {dag.py:2915} INFO - Sync 1 DAGs
[2023-10-10T15:29:17.409+0000] {logging_mixin.py:151} INFO - [2023-10-10T15:29:17.409+0000] {dag.py:3696} INFO - Setting next_dagrun for example_sla_dag to 2023-10-10T15:26:00+00:00, run_after=2023-10-10T15:28:00+00:00
[2023-10-10T15:29:17.429+0000] {processor.py:179} INFO - Processing /home/airflow/.local/lib/python3.8/site-packages/airflow/example_dags/example_sla_dag.py took 0.117 seconds
[2023-10-10T15:29:48.326+0000] {processor.py:157} INFO - Started process (PID=774) to work on /home/airflow/.local/lib/python3.8/site-packages/airflow/example_dags/example_sla_dag.py
[2023-10-10T15:29:48.327+0000] {processor.py:829} INFO - Processing file /home/airflow/.local/lib/python3.8/site-packages/airflow/example_dags/example_sla_dag.py for tasks to queue
[2023-10-10T15:29:48.329+0000] {logging_mixin.py:151} INFO - [2023-10-10T15:29:48.329+0000] {dagbag.py:539} INFO - Filling up the DagBag from /home/airflow/.local/lib/python3.8/site-packages/airflow/example_dags/example_sla_dag.py
[2023-10-10T15:29:48.336+0000] {processor.py:839} INFO - DAG(s) dict_keys(['example_sla_dag']) retrieved from /home/airflow/.local/lib/python3.8/site-packages/airflow/example_dags/example_sla_dag.py
[2023-10-10T15:29:48.386+0000] {logging_mixin.py:151} INFO - [2023-10-10T15:29:48.386+0000] {dag.py:2915} INFO - Sync 1 DAGs
[2023-10-10T15:29:48.415+0000] {logging_mixin.py:151} INFO - [2023-10-10T15:29:48.414+0000] {dag.py:3696} INFO - Setting next_dagrun for example_sla_dag to 2023-10-10T15:26:00+00:00, run_after=2023-10-10T15:28:00+00:00
[2023-10-10T15:29:48.486+0000] {processor.py:179} INFO - Processing /home/airflow/.local/lib/python3.8/site-packages/airflow/example_dags/example_sla_dag.py took 0.162 seconds
[2023-10-10T15:30:18.629+0000] {processor.py:157} INFO - Started process (PID=828) to work on /home/airflow/.local/lib/python3.8/site-packages/airflow/example_dags/example_sla_dag.py
[2023-10-10T15:30:18.630+0000] {processor.py:829} INFO - Processing file /home/airflow/.local/lib/python3.8/site-packages/airflow/example_dags/example_sla_dag.py for tasks to queue
[2023-10-10T15:30:18.632+0000] {logging_mixin.py:151} INFO - [2023-10-10T15:30:18.631+0000] {dagbag.py:539} INFO - Filling up the DagBag from /home/airflow/.local/lib/python3.8/site-packages/airflow/example_dags/example_sla_dag.py
[2023-10-10T15:30:18.638+0000] {processor.py:839} INFO - DAG(s) dict_keys(['example_sla_dag']) retrieved from /home/airflow/.local/lib/python3.8/site-packages/airflow/example_dags/example_sla_dag.py
[2023-10-10T15:30:18.656+0000] {logging_mixin.py:151} INFO - [2023-10-10T15:30:18.655+0000] {dag.py:2915} INFO - Sync 1 DAGs
[2023-10-10T15:30:18.678+0000] {logging_mixin.py:151} INFO - [2023-10-10T15:30:18.677+0000] {dag.py:3696} INFO - Setting next_dagrun for example_sla_dag to 2023-10-10T15:28:00+00:00, run_after=2023-10-10T15:30:00+00:00
[2023-10-10T15:30:18.699+0000] {processor.py:179} INFO - Processing /home/airflow/.local/lib/python3.8/site-packages/airflow/example_dags/example_sla_dag.py took 0.073 seconds
[2023-10-10T15:30:48.793+0000] {processor.py:157} INFO - Started process (PID=882) to work on /home/airflow/.local/lib/python3.8/site-packages/airflow/example_dags/example_sla_dag.py
[2023-10-10T15:30:48.793+0000] {processor.py:829} INFO - Processing file /home/airflow/.local/lib/python3.8/site-packages/airflow/example_dags/example_sla_dag.py for tasks to queue
[2023-10-10T15:30:48.795+0000] {logging_mixin.py:151} INFO - [2023-10-10T15:30:48.795+0000] {dagbag.py:539} INFO - Filling up the DagBag from /home/airflow/.local/lib/python3.8/site-packages/airflow/example_dags/example_sla_dag.py
[2023-10-10T15:30:48.803+0000] {processor.py:839} INFO - DAG(s) dict_keys(['example_sla_dag']) retrieved from /home/airflow/.local/lib/python3.8/site-packages/airflow/example_dags/example_sla_dag.py
[2023-10-10T15:30:48.823+0000] {logging_mixin.py:151} INFO - [2023-10-10T15:30:48.823+0000] {dag.py:2915} INFO - Sync 1 DAGs
[2023-10-10T15:30:48.846+0000] {logging_mixin.py:151} INFO - [2023-10-10T15:30:48.846+0000] {dag.py:3696} INFO - Setting next_dagrun for example_sla_dag to 2023-10-10T15:28:00+00:00, run_after=2023-10-10T15:30:00+00:00
[2023-10-10T15:30:48.862+0000] {processor.py:179} INFO - Processing /home/airflow/.local/lib/python3.8/site-packages/airflow/example_dags/example_sla_dag.py took 0.072 seconds
[2023-10-10T15:31:20.071+0000] {processor.py:157} INFO - Started process (PID=936) to work on /home/airflow/.local/lib/python3.8/site-packages/airflow/example_dags/example_sla_dag.py
[2023-10-10T15:31:20.072+0000] {processor.py:829} INFO - Processing file /home/airflow/.local/lib/python3.8/site-packages/airflow/example_dags/example_sla_dag.py for tasks to queue
[2023-10-10T15:31:20.074+0000] {logging_mixin.py:151} INFO - [2023-10-10T15:31:20.073+0000] {dagbag.py:539} INFO - Filling up the DagBag from /home/airflow/.local/lib/python3.8/site-packages/airflow/example_dags/example_sla_dag.py
[2023-10-10T15:31:20.081+0000] {processor.py:839} INFO - DAG(s) dict_keys(['example_sla_dag']) retrieved from /home/airflow/.local/lib/python3.8/site-packages/airflow/example_dags/example_sla_dag.py
[2023-10-10T15:31:20.105+0000] {logging_mixin.py:151} INFO - [2023-10-10T15:31:20.105+0000] {dag.py:2915} INFO - Sync 1 DAGs
[2023-10-10T15:31:20.133+0000] {logging_mixin.py:151} INFO - [2023-10-10T15:31:20.133+0000] {dag.py:3696} INFO - Setting next_dagrun for example_sla_dag to 2023-10-10T15:28:00+00:00, run_after=2023-10-10T15:30:00+00:00
[2023-10-10T15:31:20.148+0000] {processor.py:179} INFO - Processing /home/airflow/.local/lib/python3.8/site-packages/airflow/example_dags/example_sla_dag.py took 0.080 seconds
[2023-10-10T15:31:51.155+0000] {processor.py:157} INFO - Started process (PID=990) to work on /home/airflow/.local/lib/python3.8/site-packages/airflow/example_dags/example_sla_dag.py
[2023-10-10T15:31:51.156+0000] {processor.py:829} INFO - Processing file /home/airflow/.local/lib/python3.8/site-packages/airflow/example_dags/example_sla_dag.py for tasks to queue
[2023-10-10T15:31:51.158+0000] {logging_mixin.py:151} INFO - [2023-10-10T15:31:51.158+0000] {dagbag.py:539} INFO - Filling up the DagBag from /home/airflow/.local/lib/python3.8/site-packages/airflow/example_dags/example_sla_dag.py
[2023-10-10T15:31:51.166+0000] {processor.py:839} INFO - DAG(s) dict_keys(['example_sla_dag']) retrieved from /home/airflow/.local/lib/python3.8/site-packages/airflow/example_dags/example_sla_dag.py
[2023-10-10T15:31:51.187+0000] {logging_mixin.py:151} INFO - [2023-10-10T15:31:51.186+0000] {dag.py:2915} INFO - Sync 1 DAGs
[2023-10-10T15:31:51.216+0000] {logging_mixin.py:151} INFO - [2023-10-10T15:31:51.216+0000] {dag.py:3696} INFO - Setting next_dagrun for example_sla_dag to 2023-10-10T15:28:00+00:00, run_after=2023-10-10T15:30:00+00:00
[2023-10-10T15:31:51.233+0000] {processor.py:179} INFO - Processing /home/airflow/.local/lib/python3.8/site-packages/airflow/example_dags/example_sla_dag.py took 0.080 seconds
[2023-10-10T15:32:22.032+0000] {processor.py:157} INFO - Started process (PID=1044) to work on /home/airflow/.local/lib/python3.8/site-packages/airflow/example_dags/example_sla_dag.py
[2023-10-10T15:32:22.033+0000] {processor.py:829} INFO - Processing file /home/airflow/.local/lib/python3.8/site-packages/airflow/example_dags/example_sla_dag.py for tasks to queue
[2023-10-10T15:32:22.035+0000] {logging_mixin.py:151} INFO - [2023-10-10T15:32:22.034+0000] {dagbag.py:539} INFO - Filling up the DagBag from /home/airflow/.local/lib/python3.8/site-packages/airflow/example_dags/example_sla_dag.py
[2023-10-10T15:32:22.041+0000] {processor.py:839} INFO - DAG(s) dict_keys(['example_sla_dag']) retrieved from /home/airflow/.local/lib/python3.8/site-packages/airflow/example_dags/example_sla_dag.py
[2023-10-10T15:32:22.059+0000] {logging_mixin.py:151} INFO - [2023-10-10T15:32:22.059+0000] {dag.py:2915} INFO - Sync 1 DAGs
[2023-10-10T15:32:22.086+0000] {logging_mixin.py:151} INFO - [2023-10-10T15:32:22.086+0000] {dag.py:3696} INFO - Setting next_dagrun for example_sla_dag to 2023-10-10T15:30:00+00:00, run_after=2023-10-10T15:32:00+00:00
[2023-10-10T15:32:22.101+0000] {processor.py:179} INFO - Processing /home/airflow/.local/lib/python3.8/site-packages/airflow/example_dags/example_sla_dag.py took 0.072 seconds
[2023-10-10T15:32:52.838+0000] {processor.py:157} INFO - Started process (PID=1098) to work on /home/airflow/.local/lib/python3.8/site-packages/airflow/example_dags/example_sla_dag.py
[2023-10-10T15:32:52.839+0000] {processor.py:829} INFO - Processing file /home/airflow/.local/lib/python3.8/site-packages/airflow/example_dags/example_sla_dag.py for tasks to queue
[2023-10-10T15:32:52.840+0000] {logging_mixin.py:151} INFO - [2023-10-10T15:32:52.840+0000] {dagbag.py:539} INFO - Filling up the DagBag from /home/airflow/.local/lib/python3.8/site-packages/airflow/example_dags/example_sla_dag.py
[2023-10-10T15:32:52.848+0000] {processor.py:839} INFO - DAG(s) dict_keys(['example_sla_dag']) retrieved from /home/airflow/.local/lib/python3.8/site-packages/airflow/example_dags/example_sla_dag.py
[2023-10-10T15:32:52.876+0000] {logging_mixin.py:151} INFO - [2023-10-10T15:32:52.875+0000] {dag.py:2915} INFO - Sync 1 DAGs
[2023-10-10T15:32:52.902+0000] {logging_mixin.py:151} INFO - [2023-10-10T15:32:52.902+0000] {dag.py:3696} INFO - Setting next_dagrun for example_sla_dag to 2023-10-10T15:30:00+00:00, run_after=2023-10-10T15:32:00+00:00
[2023-10-10T15:32:52.921+0000] {processor.py:179} INFO - Processing /home/airflow/.local/lib/python3.8/site-packages/airflow/example_dags/example_sla_dag.py took 0.086 seconds
[2023-10-10T15:33:23.470+0000] {processor.py:157} INFO - Started process (PID=1152) to work on /home/airflow/.local/lib/python3.8/site-packages/airflow/example_dags/example_sla_dag.py
[2023-10-10T15:33:23.470+0000] {processor.py:829} INFO - Processing file /home/airflow/.local/lib/python3.8/site-packages/airflow/example_dags/example_sla_dag.py for tasks to queue
[2023-10-10T15:33:23.472+0000] {logging_mixin.py:151} INFO - [2023-10-10T15:33:23.472+0000] {dagbag.py:539} INFO - Filling up the DagBag from /home/airflow/.local/lib/python3.8/site-packages/airflow/example_dags/example_sla_dag.py
[2023-10-10T15:33:23.479+0000] {processor.py:839} INFO - DAG(s) dict_keys(['example_sla_dag']) retrieved from /home/airflow/.local/lib/python3.8/site-packages/airflow/example_dags/example_sla_dag.py
[2023-10-10T15:33:23.499+0000] {logging_mixin.py:151} INFO - [2023-10-10T15:33:23.498+0000] {dag.py:2915} INFO - Sync 1 DAGs
[2023-10-10T15:33:23.527+0000] {logging_mixin.py:151} INFO - [2023-10-10T15:33:23.526+0000] {dag.py:3696} INFO - Setting next_dagrun for example_sla_dag to 2023-10-10T15:30:00+00:00, run_after=2023-10-10T15:32:00+00:00
[2023-10-10T15:33:23.593+0000] {processor.py:179} INFO - Processing /home/airflow/.local/lib/python3.8/site-packages/airflow/example_dags/example_sla_dag.py took 0.126 seconds
[2023-10-10T15:33:53.745+0000] {processor.py:157} INFO - Started process (PID=1206) to work on /home/airflow/.local/lib/python3.8/site-packages/airflow/example_dags/example_sla_dag.py
[2023-10-10T15:33:53.746+0000] {processor.py:829} INFO - Processing file /home/airflow/.local/lib/python3.8/site-packages/airflow/example_dags/example_sla_dag.py for tasks to queue
[2023-10-10T15:33:53.748+0000] {logging_mixin.py:151} INFO - [2023-10-10T15:33:53.747+0000] {dagbag.py:539} INFO - Filling up the DagBag from /home/airflow/.local/lib/python3.8/site-packages/airflow/example_dags/example_sla_dag.py
[2023-10-10T15:33:53.755+0000] {processor.py:839} INFO - DAG(s) dict_keys(['example_sla_dag']) retrieved from /home/airflow/.local/lib/python3.8/site-packages/airflow/example_dags/example_sla_dag.py
[2023-10-10T15:33:53.773+0000] {logging_mixin.py:151} INFO - [2023-10-10T15:33:53.772+0000] {dag.py:2915} INFO - Sync 1 DAGs
[2023-10-10T15:33:53.804+0000] {logging_mixin.py:151} INFO - [2023-10-10T15:33:53.804+0000] {dag.py:3696} INFO - Setting next_dagrun for example_sla_dag to 2023-10-10T15:30:00+00:00, run_after=2023-10-10T15:32:00+00:00
[2023-10-10T15:33:53.825+0000] {processor.py:179} INFO - Processing /home/airflow/.local/lib/python3.8/site-packages/airflow/example_dags/example_sla_dag.py took 0.083 seconds
[2023-10-10T15:34:24.637+0000] {processor.py:157} INFO - Started process (PID=1267) to work on /home/airflow/.local/lib/python3.8/site-packages/airflow/example_dags/example_sla_dag.py
[2023-10-10T15:34:24.638+0000] {processor.py:829} INFO - Processing file /home/airflow/.local/lib/python3.8/site-packages/airflow/example_dags/example_sla_dag.py for tasks to queue
[2023-10-10T15:34:24.639+0000] {logging_mixin.py:151} INFO - [2023-10-10T15:34:24.639+0000] {dagbag.py:539} INFO - Filling up the DagBag from /home/airflow/.local/lib/python3.8/site-packages/airflow/example_dags/example_sla_dag.py
[2023-10-10T15:34:24.646+0000] {processor.py:839} INFO - DAG(s) dict_keys(['example_sla_dag']) retrieved from /home/airflow/.local/lib/python3.8/site-packages/airflow/example_dags/example_sla_dag.py
[2023-10-10T15:34:24.664+0000] {logging_mixin.py:151} INFO - [2023-10-10T15:34:24.664+0000] {dag.py:2915} INFO - Sync 1 DAGs
[2023-10-10T15:34:24.692+0000] {logging_mixin.py:151} INFO - [2023-10-10T15:34:24.692+0000] {dag.py:3696} INFO - Setting next_dagrun for example_sla_dag to 2023-10-10T15:32:00+00:00, run_after=2023-10-10T15:34:00+00:00
[2023-10-10T15:34:24.708+0000] {processor.py:179} INFO - Processing /home/airflow/.local/lib/python3.8/site-packages/airflow/example_dags/example_sla_dag.py took 0.074 seconds
[2023-10-10T15:34:55.439+0000] {processor.py:157} INFO - Started process (PID=1320) to work on /home/airflow/.local/lib/python3.8/site-packages/airflow/example_dags/example_sla_dag.py
[2023-10-10T15:34:55.440+0000] {processor.py:829} INFO - Processing file /home/airflow/.local/lib/python3.8/site-packages/airflow/example_dags/example_sla_dag.py for tasks to queue
[2023-10-10T15:34:55.441+0000] {logging_mixin.py:151} INFO - [2023-10-10T15:34:55.441+0000] {dagbag.py:539} INFO - Filling up the DagBag from /home/airflow/.local/lib/python3.8/site-packages/airflow/example_dags/example_sla_dag.py
[2023-10-10T15:34:55.448+0000] {processor.py:839} INFO - DAG(s) dict_keys(['example_sla_dag']) retrieved from /home/airflow/.local/lib/python3.8/site-packages/airflow/example_dags/example_sla_dag.py
[2023-10-10T15:34:55.497+0000] {logging_mixin.py:151} INFO - [2023-10-10T15:34:55.497+0000] {dag.py:2915} INFO - Sync 1 DAGs
[2023-10-10T15:34:55.528+0000] {logging_mixin.py:151} INFO - [2023-10-10T15:34:55.528+0000] {dag.py:3696} INFO - Setting next_dagrun for example_sla_dag to 2023-10-10T15:32:00+00:00, run_after=2023-10-10T15:34:00+00:00
[2023-10-10T15:34:55.588+0000] {processor.py:179} INFO - Processing /home/airflow/.local/lib/python3.8/site-packages/airflow/example_dags/example_sla_dag.py took 0.152 seconds
[2023-10-10T15:35:26.709+0000] {processor.py:157} INFO - Started process (PID=1374) to work on /home/airflow/.local/lib/python3.8/site-packages/airflow/example_dags/example_sla_dag.py
[2023-10-10T15:35:26.710+0000] {processor.py:829} INFO - Processing file /home/airflow/.local/lib/python3.8/site-packages/airflow/example_dags/example_sla_dag.py for tasks to queue
[2023-10-10T15:35:26.712+0000] {logging_mixin.py:151} INFO - [2023-10-10T15:35:26.712+0000] {dagbag.py:539} INFO - Filling up the DagBag from /home/airflow/.local/lib/python3.8/site-packages/airflow/example_dags/example_sla_dag.py
[2023-10-10T15:35:26.722+0000] {processor.py:839} INFO - DAG(s) dict_keys(['example_sla_dag']) retrieved from /home/airflow/.local/lib/python3.8/site-packages/airflow/example_dags/example_sla_dag.py
[2023-10-10T15:35:26.745+0000] {logging_mixin.py:151} INFO - [2023-10-10T15:35:26.745+0000] {dag.py:2915} INFO - Sync 1 DAGs
[2023-10-10T15:35:26.782+0000] {logging_mixin.py:151} INFO - [2023-10-10T15:35:26.781+0000] {dag.py:3696} INFO - Setting next_dagrun for example_sla_dag to 2023-10-10T15:32:00+00:00, run_after=2023-10-10T15:34:00+00:00
[2023-10-10T15:35:26.802+0000] {processor.py:179} INFO - Processing /home/airflow/.local/lib/python3.8/site-packages/airflow/example_dags/example_sla_dag.py took 0.097 seconds
[2023-10-10T15:35:57.943+0000] {processor.py:157} INFO - Started process (PID=1428) to work on /home/airflow/.local/lib/python3.8/site-packages/airflow/example_dags/example_sla_dag.py
[2023-10-10T15:35:57.944+0000] {processor.py:829} INFO - Processing file /home/airflow/.local/lib/python3.8/site-packages/airflow/example_dags/example_sla_dag.py for tasks to queue
[2023-10-10T15:35:57.945+0000] {logging_mixin.py:151} INFO - [2023-10-10T15:35:57.945+0000] {dagbag.py:539} INFO - Filling up the DagBag from /home/airflow/.local/lib/python3.8/site-packages/airflow/example_dags/example_sla_dag.py
[2023-10-10T15:35:57.953+0000] {processor.py:839} INFO - DAG(s) dict_keys(['example_sla_dag']) retrieved from /home/airflow/.local/lib/python3.8/site-packages/airflow/example_dags/example_sla_dag.py
[2023-10-10T15:35:57.976+0000] {logging_mixin.py:151} INFO - [2023-10-10T15:35:57.975+0000] {dag.py:2915} INFO - Sync 1 DAGs
[2023-10-10T15:35:58.009+0000] {logging_mixin.py:151} INFO - [2023-10-10T15:35:58.008+0000] {dag.py:3696} INFO - Setting next_dagrun for example_sla_dag to 2023-10-10T15:32:00+00:00, run_after=2023-10-10T15:34:00+00:00
[2023-10-10T15:35:58.027+0000] {processor.py:179} INFO - Processing /home/airflow/.local/lib/python3.8/site-packages/airflow/example_dags/example_sla_dag.py took 0.086 seconds
[2023-10-10T15:36:28.652+0000] {processor.py:157} INFO - Started process (PID=1482) to work on /home/airflow/.local/lib/python3.8/site-packages/airflow/example_dags/example_sla_dag.py
[2023-10-10T15:36:28.653+0000] {processor.py:829} INFO - Processing file /home/airflow/.local/lib/python3.8/site-packages/airflow/example_dags/example_sla_dag.py for tasks to queue
[2023-10-10T15:36:28.655+0000] {logging_mixin.py:151} INFO - [2023-10-10T15:36:28.655+0000] {dagbag.py:539} INFO - Filling up the DagBag from /home/airflow/.local/lib/python3.8/site-packages/airflow/example_dags/example_sla_dag.py
[2023-10-10T15:36:28.664+0000] {processor.py:839} INFO - DAG(s) dict_keys(['example_sla_dag']) retrieved from /home/airflow/.local/lib/python3.8/site-packages/airflow/example_dags/example_sla_dag.py
[2023-10-10T15:36:28.698+0000] {logging_mixin.py:151} INFO - [2023-10-10T15:36:28.698+0000] {dag.py:2915} INFO - Sync 1 DAGs
[2023-10-10T15:36:28.726+0000] {logging_mixin.py:151} INFO - [2023-10-10T15:36:28.726+0000] {dag.py:3696} INFO - Setting next_dagrun for example_sla_dag to 2023-10-10T15:34:00+00:00, run_after=2023-10-10T15:36:00+00:00
[2023-10-10T15:36:28.745+0000] {processor.py:179} INFO - Processing /home/airflow/.local/lib/python3.8/site-packages/airflow/example_dags/example_sla_dag.py took 0.096 seconds
[2023-10-10T15:36:59.738+0000] {processor.py:157} INFO - Started process (PID=1536) to work on /home/airflow/.local/lib/python3.8/site-packages/airflow/example_dags/example_sla_dag.py
[2023-10-10T15:36:59.739+0000] {processor.py:829} INFO - Processing file /home/airflow/.local/lib/python3.8/site-packages/airflow/example_dags/example_sla_dag.py for tasks to queue
[2023-10-10T15:36:59.742+0000] {logging_mixin.py:151} INFO - [2023-10-10T15:36:59.741+0000] {dagbag.py:539} INFO - Filling up the DagBag from /home/airflow/.local/lib/python3.8/site-packages/airflow/example_dags/example_sla_dag.py
[2023-10-10T15:36:59.752+0000] {processor.py:839} INFO - DAG(s) dict_keys(['example_sla_dag']) retrieved from /home/airflow/.local/lib/python3.8/site-packages/airflow/example_dags/example_sla_dag.py
[2023-10-10T15:36:59.783+0000] {logging_mixin.py:151} INFO - [2023-10-10T15:36:59.783+0000] {dag.py:2915} INFO - Sync 1 DAGs
[2023-10-10T15:36:59.817+0000] {logging_mixin.py:151} INFO - [2023-10-10T15:36:59.817+0000] {dag.py:3696} INFO - Setting next_dagrun for example_sla_dag to 2023-10-10T15:34:00+00:00, run_after=2023-10-10T15:36:00+00:00
[2023-10-10T15:36:59.836+0000] {processor.py:179} INFO - Processing /home/airflow/.local/lib/python3.8/site-packages/airflow/example_dags/example_sla_dag.py took 0.102 seconds
[2023-10-10T15:37:30.947+0000] {processor.py:157} INFO - Started process (PID=1590) to work on /home/airflow/.local/lib/python3.8/site-packages/airflow/example_dags/example_sla_dag.py
[2023-10-10T15:37:30.948+0000] {processor.py:829} INFO - Processing file /home/airflow/.local/lib/python3.8/site-packages/airflow/example_dags/example_sla_dag.py for tasks to queue
[2023-10-10T15:37:30.950+0000] {logging_mixin.py:151} INFO - [2023-10-10T15:37:30.950+0000] {dagbag.py:539} INFO - Filling up the DagBag from /home/airflow/.local/lib/python3.8/site-packages/airflow/example_dags/example_sla_dag.py
[2023-10-10T15:37:30.957+0000] {processor.py:839} INFO - DAG(s) dict_keys(['example_sla_dag']) retrieved from /home/airflow/.local/lib/python3.8/site-packages/airflow/example_dags/example_sla_dag.py
[2023-10-10T15:37:30.976+0000] {logging_mixin.py:151} INFO - [2023-10-10T15:37:30.976+0000] {dag.py:2915} INFO - Sync 1 DAGs
[2023-10-10T15:37:31.000+0000] {logging_mixin.py:151} INFO - [2023-10-10T15:37:31.000+0000] {dag.py:3696} INFO - Setting next_dagrun for example_sla_dag to 2023-10-10T15:34:00+00:00, run_after=2023-10-10T15:36:00+00:00
[2023-10-10T15:37:31.017+0000] {processor.py:179} INFO - Processing /home/airflow/.local/lib/python3.8/site-packages/airflow/example_dags/example_sla_dag.py took 0.072 seconds
[2023-10-10T15:38:02.529+0000] {processor.py:157} INFO - Started process (PID=1644) to work on /home/airflow/.local/lib/python3.8/site-packages/airflow/example_dags/example_sla_dag.py
[2023-10-10T15:38:02.530+0000] {processor.py:829} INFO - Processing file /home/airflow/.local/lib/python3.8/site-packages/airflow/example_dags/example_sla_dag.py for tasks to queue
[2023-10-10T15:38:02.532+0000] {logging_mixin.py:151} INFO - [2023-10-10T15:38:02.532+0000] {dagbag.py:539} INFO - Filling up the DagBag from /home/airflow/.local/lib/python3.8/site-packages/airflow/example_dags/example_sla_dag.py
[2023-10-10T15:38:02.540+0000] {processor.py:839} INFO - DAG(s) dict_keys(['example_sla_dag']) retrieved from /home/airflow/.local/lib/python3.8/site-packages/airflow/example_dags/example_sla_dag.py
[2023-10-10T15:38:02.558+0000] {logging_mixin.py:151} INFO - [2023-10-10T15:38:02.558+0000] {dag.py:2915} INFO - Sync 1 DAGs
[2023-10-10T15:38:02.598+0000] {logging_mixin.py:151} INFO - [2023-10-10T15:38:02.598+0000] {dag.py:3696} INFO - Setting next_dagrun for example_sla_dag to 2023-10-10T15:36:00+00:00, run_after=2023-10-10T15:38:00+00:00
[2023-10-10T15:38:02.622+0000] {processor.py:179} INFO - Processing /home/airflow/.local/lib/python3.8/site-packages/airflow/example_dags/example_sla_dag.py took 0.097 seconds
[2023-10-10T15:38:33.018+0000] {processor.py:157} INFO - Started process (PID=1698) to work on /home/airflow/.local/lib/python3.8/site-packages/airflow/example_dags/example_sla_dag.py
[2023-10-10T15:38:33.019+0000] {processor.py:829} INFO - Processing file /home/airflow/.local/lib/python3.8/site-packages/airflow/example_dags/example_sla_dag.py for tasks to queue
[2023-10-10T15:38:33.021+0000] {logging_mixin.py:151} INFO - [2023-10-10T15:38:33.021+0000] {dagbag.py:539} INFO - Filling up the DagBag from /home/airflow/.local/lib/python3.8/site-packages/airflow/example_dags/example_sla_dag.py
[2023-10-10T15:38:33.029+0000] {processor.py:839} INFO - DAG(s) dict_keys(['example_sla_dag']) retrieved from /home/airflow/.local/lib/python3.8/site-packages/airflow/example_dags/example_sla_dag.py
[2023-10-10T15:38:33.049+0000] {logging_mixin.py:151} INFO - [2023-10-10T15:38:33.049+0000] {dag.py:2915} INFO - Sync 1 DAGs
[2023-10-10T15:38:33.076+0000] {logging_mixin.py:151} INFO - [2023-10-10T15:38:33.076+0000] {dag.py:3696} INFO - Setting next_dagrun for example_sla_dag to 2023-10-10T15:36:00+00:00, run_after=2023-10-10T15:38:00+00:00
[2023-10-10T15:38:33.100+0000] {processor.py:179} INFO - Processing /home/airflow/.local/lib/python3.8/site-packages/airflow/example_dags/example_sla_dag.py took 0.085 seconds
[2023-10-10T15:39:04.188+0000] {processor.py:157} INFO - Started process (PID=1752) to work on /home/airflow/.local/lib/python3.8/site-packages/airflow/example_dags/example_sla_dag.py
[2023-10-10T15:39:04.189+0000] {processor.py:829} INFO - Processing file /home/airflow/.local/lib/python3.8/site-packages/airflow/example_dags/example_sla_dag.py for tasks to queue
[2023-10-10T15:39:04.191+0000] {logging_mixin.py:151} INFO - [2023-10-10T15:39:04.191+0000] {dagbag.py:539} INFO - Filling up the DagBag from /home/airflow/.local/lib/python3.8/site-packages/airflow/example_dags/example_sla_dag.py
[2023-10-10T15:39:04.200+0000] {processor.py:839} INFO - DAG(s) dict_keys(['example_sla_dag']) retrieved from /home/airflow/.local/lib/python3.8/site-packages/airflow/example_dags/example_sla_dag.py
[2023-10-10T15:39:04.223+0000] {logging_mixin.py:151} INFO - [2023-10-10T15:39:04.222+0000] {dag.py:2915} INFO - Sync 1 DAGs
[2023-10-10T15:39:04.251+0000] {logging_mixin.py:151} INFO - [2023-10-10T15:39:04.250+0000] {dag.py:3696} INFO - Setting next_dagrun for example_sla_dag to 2023-10-10T15:36:00+00:00, run_after=2023-10-10T15:38:00+00:00
[2023-10-10T15:39:04.267+0000] {processor.py:179} INFO - Processing /home/airflow/.local/lib/python3.8/site-packages/airflow/example_dags/example_sla_dag.py took 0.082 seconds
[2023-10-10T15:39:34.643+0000] {processor.py:157} INFO - Started process (PID=1806) to work on /home/airflow/.local/lib/python3.8/site-packages/airflow/example_dags/example_sla_dag.py
[2023-10-10T15:39:34.644+0000] {processor.py:829} INFO - Processing file /home/airflow/.local/lib/python3.8/site-packages/airflow/example_dags/example_sla_dag.py for tasks to queue
[2023-10-10T15:39:34.646+0000] {logging_mixin.py:151} INFO - [2023-10-10T15:39:34.645+0000] {dagbag.py:539} INFO - Filling up the DagBag from /home/airflow/.local/lib/python3.8/site-packages/airflow/example_dags/example_sla_dag.py
[2023-10-10T15:39:34.653+0000] {processor.py:839} INFO - DAG(s) dict_keys(['example_sla_dag']) retrieved from /home/airflow/.local/lib/python3.8/site-packages/airflow/example_dags/example_sla_dag.py
[2023-10-10T15:39:34.687+0000] {logging_mixin.py:151} INFO - [2023-10-10T15:39:34.687+0000] {dag.py:2915} INFO - Sync 1 DAGs
[2023-10-10T15:39:34.711+0000] {logging_mixin.py:151} INFO - [2023-10-10T15:39:34.711+0000] {dag.py:3696} INFO - Setting next_dagrun for example_sla_dag to 2023-10-10T15:36:00+00:00, run_after=2023-10-10T15:38:00+00:00
[2023-10-10T15:39:34.727+0000] {processor.py:179} INFO - Processing /home/airflow/.local/lib/python3.8/site-packages/airflow/example_dags/example_sla_dag.py took 0.087 seconds
[2023-10-10T15:40:05.866+0000] {processor.py:157} INFO - Started process (PID=1860) to work on /home/airflow/.local/lib/python3.8/site-packages/airflow/example_dags/example_sla_dag.py
[2023-10-10T15:40:05.867+0000] {processor.py:829} INFO - Processing file /home/airflow/.local/lib/python3.8/site-packages/airflow/example_dags/example_sla_dag.py for tasks to queue
[2023-10-10T15:40:05.869+0000] {logging_mixin.py:151} INFO - [2023-10-10T15:40:05.868+0000] {dagbag.py:539} INFO - Filling up the DagBag from /home/airflow/.local/lib/python3.8/site-packages/airflow/example_dags/example_sla_dag.py
[2023-10-10T15:40:05.882+0000] {processor.py:839} INFO - DAG(s) dict_keys(['example_sla_dag']) retrieved from /home/airflow/.local/lib/python3.8/site-packages/airflow/example_dags/example_sla_dag.py
[2023-10-10T15:40:05.908+0000] {logging_mixin.py:151} INFO - [2023-10-10T15:40:05.908+0000] {dag.py:2915} INFO - Sync 1 DAGs
[2023-10-10T15:40:05.934+0000] {logging_mixin.py:151} INFO - [2023-10-10T15:40:05.934+0000] {dag.py:3696} INFO - Setting next_dagrun for example_sla_dag to 2023-10-10T15:38:00+00:00, run_after=2023-10-10T15:40:00+00:00
[2023-10-10T15:40:05.952+0000] {processor.py:179} INFO - Processing /home/airflow/.local/lib/python3.8/site-packages/airflow/example_dags/example_sla_dag.py took 0.089 seconds
[2023-10-10T15:40:36.951+0000] {processor.py:157} INFO - Started process (PID=1914) to work on /home/airflow/.local/lib/python3.8/site-packages/airflow/example_dags/example_sla_dag.py
[2023-10-10T15:40:36.952+0000] {processor.py:829} INFO - Processing file /home/airflow/.local/lib/python3.8/site-packages/airflow/example_dags/example_sla_dag.py for tasks to queue
[2023-10-10T15:40:36.954+0000] {logging_mixin.py:151} INFO - [2023-10-10T15:40:36.953+0000] {dagbag.py:539} INFO - Filling up the DagBag from /home/airflow/.local/lib/python3.8/site-packages/airflow/example_dags/example_sla_dag.py
[2023-10-10T15:40:36.963+0000] {processor.py:839} INFO - DAG(s) dict_keys(['example_sla_dag']) retrieved from /home/airflow/.local/lib/python3.8/site-packages/airflow/example_dags/example_sla_dag.py
[2023-10-10T15:40:36.984+0000] {logging_mixin.py:151} INFO - [2023-10-10T15:40:36.984+0000] {dag.py:2915} INFO - Sync 1 DAGs
[2023-10-10T15:40:37.013+0000] {logging_mixin.py:151} INFO - [2023-10-10T15:40:37.013+0000] {dag.py:3696} INFO - Setting next_dagrun for example_sla_dag to 2023-10-10T15:38:00+00:00, run_after=2023-10-10T15:40:00+00:00
[2023-10-10T15:40:37.029+0000] {processor.py:179} INFO - Processing /home/airflow/.local/lib/python3.8/site-packages/airflow/example_dags/example_sla_dag.py took 0.081 seconds
[2023-10-10T15:41:08.723+0000] {processor.py:157} INFO - Started process (PID=1968) to work on /home/airflow/.local/lib/python3.8/site-packages/airflow/example_dags/example_sla_dag.py
[2023-10-10T15:41:08.724+0000] {processor.py:829} INFO - Processing file /home/airflow/.local/lib/python3.8/site-packages/airflow/example_dags/example_sla_dag.py for tasks to queue
[2023-10-10T15:41:08.726+0000] {logging_mixin.py:151} INFO - [2023-10-10T15:41:08.725+0000] {dagbag.py:539} INFO - Filling up the DagBag from /home/airflow/.local/lib/python3.8/site-packages/airflow/example_dags/example_sla_dag.py
[2023-10-10T15:41:08.733+0000] {processor.py:839} INFO - DAG(s) dict_keys(['example_sla_dag']) retrieved from /home/airflow/.local/lib/python3.8/site-packages/airflow/example_dags/example_sla_dag.py
[2023-10-10T15:41:08.786+0000] {logging_mixin.py:151} INFO - [2023-10-10T15:41:08.786+0000] {dag.py:2915} INFO - Sync 1 DAGs
[2023-10-10T15:41:08.820+0000] {logging_mixin.py:151} INFO - [2023-10-10T15:41:08.820+0000] {dag.py:3696} INFO - Setting next_dagrun for example_sla_dag to 2023-10-10T15:38:00+00:00, run_after=2023-10-10T15:40:00+00:00
[2023-10-10T15:41:08.840+0000] {processor.py:179} INFO - Processing /home/airflow/.local/lib/python3.8/site-packages/airflow/example_dags/example_sla_dag.py took 0.119 seconds
[2023-10-10T15:41:40.123+0000] {processor.py:157} INFO - Started process (PID=2021) to work on /home/airflow/.local/lib/python3.8/site-packages/airflow/example_dags/example_sla_dag.py
[2023-10-10T15:41:40.124+0000] {processor.py:829} INFO - Processing file /home/airflow/.local/lib/python3.8/site-packages/airflow/example_dags/example_sla_dag.py for tasks to queue
[2023-10-10T15:41:40.125+0000] {logging_mixin.py:151} INFO - [2023-10-10T15:41:40.125+0000] {dagbag.py:539} INFO - Filling up the DagBag from /home/airflow/.local/lib/python3.8/site-packages/airflow/example_dags/example_sla_dag.py
[2023-10-10T15:41:40.133+0000] {processor.py:839} INFO - DAG(s) dict_keys(['example_sla_dag']) retrieved from /home/airflow/.local/lib/python3.8/site-packages/airflow/example_dags/example_sla_dag.py
[2023-10-10T15:41:40.195+0000] {logging_mixin.py:151} INFO - [2023-10-10T15:41:40.195+0000] {dag.py:2915} INFO - Sync 1 DAGs
[2023-10-10T15:41:40.224+0000] {logging_mixin.py:151} INFO - [2023-10-10T15:41:40.224+0000] {dag.py:3696} INFO - Setting next_dagrun for example_sla_dag to 2023-10-10T15:38:00+00:00, run_after=2023-10-10T15:40:00+00:00
[2023-10-10T15:41:40.281+0000] {processor.py:179} INFO - Processing /home/airflow/.local/lib/python3.8/site-packages/airflow/example_dags/example_sla_dag.py took 0.161 seconds
[2023-10-10T15:42:11.036+0000] {processor.py:157} INFO - Started process (PID=2075) to work on /home/airflow/.local/lib/python3.8/site-packages/airflow/example_dags/example_sla_dag.py
[2023-10-10T15:42:11.036+0000] {processor.py:829} INFO - Processing file /home/airflow/.local/lib/python3.8/site-packages/airflow/example_dags/example_sla_dag.py for tasks to queue
[2023-10-10T15:42:11.038+0000] {logging_mixin.py:151} INFO - [2023-10-10T15:42:11.038+0000] {dagbag.py:539} INFO - Filling up the DagBag from /home/airflow/.local/lib/python3.8/site-packages/airflow/example_dags/example_sla_dag.py
[2023-10-10T15:42:11.045+0000] {processor.py:839} INFO - DAG(s) dict_keys(['example_sla_dag']) retrieved from /home/airflow/.local/lib/python3.8/site-packages/airflow/example_dags/example_sla_dag.py
[2023-10-10T15:42:11.065+0000] {logging_mixin.py:151} INFO - [2023-10-10T15:42:11.065+0000] {dag.py:2915} INFO - Sync 1 DAGs
[2023-10-10T15:42:11.100+0000] {logging_mixin.py:151} INFO - [2023-10-10T15:42:11.100+0000] {dag.py:3696} INFO - Setting next_dagrun for example_sla_dag to 2023-10-10T15:40:00+00:00, run_after=2023-10-10T15:42:00+00:00
[2023-10-10T15:42:11.120+0000] {processor.py:179} INFO - Processing /home/airflow/.local/lib/python3.8/site-packages/airflow/example_dags/example_sla_dag.py took 0.088 seconds
[2023-10-10T15:42:42.064+0000] {processor.py:157} INFO - Started process (PID=2129) to work on /home/airflow/.local/lib/python3.8/site-packages/airflow/example_dags/example_sla_dag.py
[2023-10-10T15:42:42.066+0000] {processor.py:829} INFO - Processing file /home/airflow/.local/lib/python3.8/site-packages/airflow/example_dags/example_sla_dag.py for tasks to queue
[2023-10-10T15:42:42.068+0000] {logging_mixin.py:151} INFO - [2023-10-10T15:42:42.068+0000] {dagbag.py:539} INFO - Filling up the DagBag from /home/airflow/.local/lib/python3.8/site-packages/airflow/example_dags/example_sla_dag.py
[2023-10-10T15:42:42.076+0000] {processor.py:839} INFO - DAG(s) dict_keys(['example_sla_dag']) retrieved from /home/airflow/.local/lib/python3.8/site-packages/airflow/example_dags/example_sla_dag.py
[2023-10-10T15:42:42.098+0000] {logging_mixin.py:151} INFO - [2023-10-10T15:42:42.098+0000] {dag.py:2915} INFO - Sync 1 DAGs
[2023-10-10T15:42:42.119+0000] {logging_mixin.py:151} INFO - [2023-10-10T15:42:42.119+0000] {dag.py:3696} INFO - Setting next_dagrun for example_sla_dag to 2023-10-10T15:40:00+00:00, run_after=2023-10-10T15:42:00+00:00
[2023-10-10T15:42:42.132+0000] {processor.py:179} INFO - Processing /home/airflow/.local/lib/python3.8/site-packages/airflow/example_dags/example_sla_dag.py took 0.071 seconds
[2023-10-10T15:43:12.432+0000] {processor.py:157} INFO - Started process (PID=2183) to work on /home/airflow/.local/lib/python3.8/site-packages/airflow/example_dags/example_sla_dag.py
[2023-10-10T15:43:12.433+0000] {processor.py:829} INFO - Processing file /home/airflow/.local/lib/python3.8/site-packages/airflow/example_dags/example_sla_dag.py for tasks to queue
[2023-10-10T15:43:12.435+0000] {logging_mixin.py:151} INFO - [2023-10-10T15:43:12.435+0000] {dagbag.py:539} INFO - Filling up the DagBag from /home/airflow/.local/lib/python3.8/site-packages/airflow/example_dags/example_sla_dag.py
[2023-10-10T15:43:12.442+0000] {processor.py:839} INFO - DAG(s) dict_keys(['example_sla_dag']) retrieved from /home/airflow/.local/lib/python3.8/site-packages/airflow/example_dags/example_sla_dag.py
[2023-10-10T15:43:12.459+0000] {logging_mixin.py:151} INFO - [2023-10-10T15:43:12.458+0000] {dag.py:2915} INFO - Sync 1 DAGs
[2023-10-10T15:43:12.483+0000] {logging_mixin.py:151} INFO - [2023-10-10T15:43:12.483+0000] {dag.py:3696} INFO - Setting next_dagrun for example_sla_dag to 2023-10-10T15:40:00+00:00, run_after=2023-10-10T15:42:00+00:00
[2023-10-10T15:43:12.504+0000] {processor.py:179} INFO - Processing /home/airflow/.local/lib/python3.8/site-packages/airflow/example_dags/example_sla_dag.py took 0.074 seconds
[2023-10-10T15:43:43.512+0000] {processor.py:157} INFO - Started process (PID=2237) to work on /home/airflow/.local/lib/python3.8/site-packages/airflow/example_dags/example_sla_dag.py
[2023-10-10T15:43:43.513+0000] {processor.py:829} INFO - Processing file /home/airflow/.local/lib/python3.8/site-packages/airflow/example_dags/example_sla_dag.py for tasks to queue
[2023-10-10T15:43:43.515+0000] {logging_mixin.py:151} INFO - [2023-10-10T15:43:43.515+0000] {dagbag.py:539} INFO - Filling up the DagBag from /home/airflow/.local/lib/python3.8/site-packages/airflow/example_dags/example_sla_dag.py
[2023-10-10T15:43:43.525+0000] {processor.py:839} INFO - DAG(s) dict_keys(['example_sla_dag']) retrieved from /home/airflow/.local/lib/python3.8/site-packages/airflow/example_dags/example_sla_dag.py
[2023-10-10T15:43:43.546+0000] {logging_mixin.py:151} INFO - [2023-10-10T15:43:43.546+0000] {dag.py:2915} INFO - Sync 1 DAGs
[2023-10-10T15:43:43.577+0000] {logging_mixin.py:151} INFO - [2023-10-10T15:43:43.577+0000] {dag.py:3696} INFO - Setting next_dagrun for example_sla_dag to 2023-10-10T15:40:00+00:00, run_after=2023-10-10T15:42:00+00:00
[2023-10-10T15:43:43.598+0000] {processor.py:179} INFO - Processing /home/airflow/.local/lib/python3.8/site-packages/airflow/example_dags/example_sla_dag.py took 0.088 seconds
[2023-10-10T15:44:14.606+0000] {processor.py:157} INFO - Started process (PID=2291) to work on /home/airflow/.local/lib/python3.8/site-packages/airflow/example_dags/example_sla_dag.py
[2023-10-10T15:44:14.606+0000] {processor.py:829} INFO - Processing file /home/airflow/.local/lib/python3.8/site-packages/airflow/example_dags/example_sla_dag.py for tasks to queue
[2023-10-10T15:44:14.608+0000] {logging_mixin.py:151} INFO - [2023-10-10T15:44:14.608+0000] {dagbag.py:539} INFO - Filling up the DagBag from /home/airflow/.local/lib/python3.8/site-packages/airflow/example_dags/example_sla_dag.py
[2023-10-10T15:44:14.614+0000] {processor.py:839} INFO - DAG(s) dict_keys(['example_sla_dag']) retrieved from /home/airflow/.local/lib/python3.8/site-packages/airflow/example_dags/example_sla_dag.py
[2023-10-10T15:44:14.631+0000] {logging_mixin.py:151} INFO - [2023-10-10T15:44:14.631+0000] {dag.py:2915} INFO - Sync 1 DAGs
[2023-10-10T15:44:14.653+0000] {logging_mixin.py:151} INFO - [2023-10-10T15:44:14.653+0000] {dag.py:3696} INFO - Setting next_dagrun for example_sla_dag to 2023-10-10T15:42:00+00:00, run_after=2023-10-10T15:44:00+00:00
[2023-10-10T15:44:14.669+0000] {processor.py:179} INFO - Processing /home/airflow/.local/lib/python3.8/site-packages/airflow/example_dags/example_sla_dag.py took 0.066 seconds
[2023-10-10T15:44:45.151+0000] {processor.py:157} INFO - Started process (PID=2345) to work on /home/airflow/.local/lib/python3.8/site-packages/airflow/example_dags/example_sla_dag.py
[2023-10-10T15:44:45.152+0000] {processor.py:829} INFO - Processing file /home/airflow/.local/lib/python3.8/site-packages/airflow/example_dags/example_sla_dag.py for tasks to queue
[2023-10-10T15:44:45.154+0000] {logging_mixin.py:151} INFO - [2023-10-10T15:44:45.154+0000] {dagbag.py:539} INFO - Filling up the DagBag from /home/airflow/.local/lib/python3.8/site-packages/airflow/example_dags/example_sla_dag.py
[2023-10-10T15:44:45.162+0000] {processor.py:839} INFO - DAG(s) dict_keys(['example_sla_dag']) retrieved from /home/airflow/.local/lib/python3.8/site-packages/airflow/example_dags/example_sla_dag.py
[2023-10-10T15:44:45.179+0000] {logging_mixin.py:151} INFO - [2023-10-10T15:44:45.179+0000] {dag.py:2915} INFO - Sync 1 DAGs
[2023-10-10T15:44:45.204+0000] {logging_mixin.py:151} INFO - [2023-10-10T15:44:45.204+0000] {dag.py:3696} INFO - Setting next_dagrun for example_sla_dag to 2023-10-10T15:42:00+00:00, run_after=2023-10-10T15:44:00+00:00
[2023-10-10T15:44:45.222+0000] {processor.py:179} INFO - Processing /home/airflow/.local/lib/python3.8/site-packages/airflow/example_dags/example_sla_dag.py took 0.073 seconds
[2023-10-10T15:45:16.279+0000] {processor.py:157} INFO - Started process (PID=2399) to work on /home/airflow/.local/lib/python3.8/site-packages/airflow/example_dags/example_sla_dag.py
[2023-10-10T15:45:16.281+0000] {processor.py:829} INFO - Processing file /home/airflow/.local/lib/python3.8/site-packages/airflow/example_dags/example_sla_dag.py for tasks to queue
[2023-10-10T15:45:16.283+0000] {logging_mixin.py:151} INFO - [2023-10-10T15:45:16.282+0000] {dagbag.py:539} INFO - Filling up the DagBag from /home/airflow/.local/lib/python3.8/site-packages/airflow/example_dags/example_sla_dag.py
[2023-10-10T15:45:16.292+0000] {processor.py:839} INFO - DAG(s) dict_keys(['example_sla_dag']) retrieved from /home/airflow/.local/lib/python3.8/site-packages/airflow/example_dags/example_sla_dag.py
[2023-10-10T15:45:16.316+0000] {logging_mixin.py:151} INFO - [2023-10-10T15:45:16.315+0000] {dag.py:2915} INFO - Sync 1 DAGs
[2023-10-10T15:45:16.348+0000] {logging_mixin.py:151} INFO - [2023-10-10T15:45:16.348+0000] {dag.py:3696} INFO - Setting next_dagrun for example_sla_dag to 2023-10-10T15:42:00+00:00, run_after=2023-10-10T15:44:00+00:00
[2023-10-10T15:45:16.378+0000] {processor.py:179} INFO - Processing /home/airflow/.local/lib/python3.8/site-packages/airflow/example_dags/example_sla_dag.py took 0.102 seconds
[2023-10-10T15:45:47.332+0000] {processor.py:157} INFO - Started process (PID=2453) to work on /home/airflow/.local/lib/python3.8/site-packages/airflow/example_dags/example_sla_dag.py
[2023-10-10T15:45:47.333+0000] {processor.py:829} INFO - Processing file /home/airflow/.local/lib/python3.8/site-packages/airflow/example_dags/example_sla_dag.py for tasks to queue
[2023-10-10T15:45:47.335+0000] {logging_mixin.py:151} INFO - [2023-10-10T15:45:47.334+0000] {dagbag.py:539} INFO - Filling up the DagBag from /home/airflow/.local/lib/python3.8/site-packages/airflow/example_dags/example_sla_dag.py
[2023-10-10T15:45:47.343+0000] {processor.py:839} INFO - DAG(s) dict_keys(['example_sla_dag']) retrieved from /home/airflow/.local/lib/python3.8/site-packages/airflow/example_dags/example_sla_dag.py
[2023-10-10T15:45:47.379+0000] {logging_mixin.py:151} INFO - [2023-10-10T15:45:47.378+0000] {dag.py:2915} INFO - Sync 1 DAGs
[2023-10-10T15:45:47.408+0000] {logging_mixin.py:151} INFO - [2023-10-10T15:45:47.408+0000] {dag.py:3696} INFO - Setting next_dagrun for example_sla_dag to 2023-10-10T15:42:00+00:00, run_after=2023-10-10T15:44:00+00:00
[2023-10-10T15:45:47.426+0000] {processor.py:179} INFO - Processing /home/airflow/.local/lib/python3.8/site-packages/airflow/example_dags/example_sla_dag.py took 0.098 seconds
[2023-10-10T15:46:18.487+0000] {processor.py:157} INFO - Started process (PID=2507) to work on /home/airflow/.local/lib/python3.8/site-packages/airflow/example_dags/example_sla_dag.py
[2023-10-10T15:46:18.488+0000] {processor.py:829} INFO - Processing file /home/airflow/.local/lib/python3.8/site-packages/airflow/example_dags/example_sla_dag.py for tasks to queue
[2023-10-10T15:46:18.489+0000] {logging_mixin.py:151} INFO - [2023-10-10T15:46:18.489+0000] {dagbag.py:539} INFO - Filling up the DagBag from /home/airflow/.local/lib/python3.8/site-packages/airflow/example_dags/example_sla_dag.py
[2023-10-10T15:46:18.495+0000] {processor.py:839} INFO - DAG(s) dict_keys(['example_sla_dag']) retrieved from /home/airflow/.local/lib/python3.8/site-packages/airflow/example_dags/example_sla_dag.py
[2023-10-10T15:46:18.512+0000] {logging_mixin.py:151} INFO - [2023-10-10T15:46:18.512+0000] {dag.py:2915} INFO - Sync 1 DAGs
[2023-10-10T15:46:18.533+0000] {logging_mixin.py:151} INFO - [2023-10-10T15:46:18.533+0000] {dag.py:3696} INFO - Setting next_dagrun for example_sla_dag to 2023-10-10T15:44:00+00:00, run_after=2023-10-10T15:46:00+00:00
[2023-10-10T15:46:18.550+0000] {processor.py:179} INFO - Processing /home/airflow/.local/lib/python3.8/site-packages/airflow/example_dags/example_sla_dag.py took 0.065 seconds
[2023-10-10T15:46:49.569+0000] {processor.py:157} INFO - Started process (PID=2561) to work on /home/airflow/.local/lib/python3.8/site-packages/airflow/example_dags/example_sla_dag.py
[2023-10-10T15:46:49.575+0000] {processor.py:829} INFO - Processing file /home/airflow/.local/lib/python3.8/site-packages/airflow/example_dags/example_sla_dag.py for tasks to queue
[2023-10-10T15:46:49.577+0000] {logging_mixin.py:151} INFO - [2023-10-10T15:46:49.576+0000] {dagbag.py:539} INFO - Filling up the DagBag from /home/airflow/.local/lib/python3.8/site-packages/airflow/example_dags/example_sla_dag.py
[2023-10-10T15:46:49.583+0000] {processor.py:839} INFO - DAG(s) dict_keys(['example_sla_dag']) retrieved from /home/airflow/.local/lib/python3.8/site-packages/airflow/example_dags/example_sla_dag.py
[2023-10-10T15:46:49.600+0000] {logging_mixin.py:151} INFO - [2023-10-10T15:46:49.599+0000] {dag.py:2915} INFO - Sync 1 DAGs
[2023-10-10T15:46:49.624+0000] {logging_mixin.py:151} INFO - [2023-10-10T15:46:49.624+0000] {dag.py:3696} INFO - Setting next_dagrun for example_sla_dag to 2023-10-10T15:44:00+00:00, run_after=2023-10-10T15:46:00+00:00
[2023-10-10T15:46:49.639+0000] {processor.py:179} INFO - Processing /home/airflow/.local/lib/python3.8/site-packages/airflow/example_dags/example_sla_dag.py took 0.073 seconds
[2023-10-10T15:47:20.039+0000] {processor.py:157} INFO - Started process (PID=2615) to work on /home/airflow/.local/lib/python3.8/site-packages/airflow/example_dags/example_sla_dag.py
[2023-10-10T15:47:20.040+0000] {processor.py:829} INFO - Processing file /home/airflow/.local/lib/python3.8/site-packages/airflow/example_dags/example_sla_dag.py for tasks to queue
[2023-10-10T15:47:20.041+0000] {logging_mixin.py:151} INFO - [2023-10-10T15:47:20.041+0000] {dagbag.py:539} INFO - Filling up the DagBag from /home/airflow/.local/lib/python3.8/site-packages/airflow/example_dags/example_sla_dag.py
[2023-10-10T15:47:20.048+0000] {processor.py:839} INFO - DAG(s) dict_keys(['example_sla_dag']) retrieved from /home/airflow/.local/lib/python3.8/site-packages/airflow/example_dags/example_sla_dag.py
[2023-10-10T15:47:20.066+0000] {logging_mixin.py:151} INFO - [2023-10-10T15:47:20.066+0000] {dag.py:2915} INFO - Sync 1 DAGs
[2023-10-10T15:47:20.086+0000] {logging_mixin.py:151} INFO - [2023-10-10T15:47:20.086+0000] {dag.py:3696} INFO - Setting next_dagrun for example_sla_dag to 2023-10-10T15:44:00+00:00, run_after=2023-10-10T15:46:00+00:00
[2023-10-10T15:47:20.100+0000] {processor.py:179} INFO - Processing /home/airflow/.local/lib/python3.8/site-packages/airflow/example_dags/example_sla_dag.py took 0.063 seconds
[2023-10-10T15:47:50.621+0000] {processor.py:157} INFO - Started process (PID=2669) to work on /home/airflow/.local/lib/python3.8/site-packages/airflow/example_dags/example_sla_dag.py
[2023-10-10T15:47:50.621+0000] {processor.py:829} INFO - Processing file /home/airflow/.local/lib/python3.8/site-packages/airflow/example_dags/example_sla_dag.py for tasks to queue
[2023-10-10T15:47:50.623+0000] {logging_mixin.py:151} INFO - [2023-10-10T15:47:50.623+0000] {dagbag.py:539} INFO - Filling up the DagBag from /home/airflow/.local/lib/python3.8/site-packages/airflow/example_dags/example_sla_dag.py
[2023-10-10T15:47:50.630+0000] {processor.py:839} INFO - DAG(s) dict_keys(['example_sla_dag']) retrieved from /home/airflow/.local/lib/python3.8/site-packages/airflow/example_dags/example_sla_dag.py
[2023-10-10T15:47:50.646+0000] {logging_mixin.py:151} INFO - [2023-10-10T15:47:50.646+0000] {dag.py:2915} INFO - Sync 1 DAGs
[2023-10-10T15:47:50.688+0000] {logging_mixin.py:151} INFO - [2023-10-10T15:47:50.688+0000] {dag.py:3696} INFO - Setting next_dagrun for example_sla_dag to 2023-10-10T15:44:00+00:00, run_after=2023-10-10T15:46:00+00:00
[2023-10-10T15:47:50.703+0000] {processor.py:179} INFO - Processing /home/airflow/.local/lib/python3.8/site-packages/airflow/example_dags/example_sla_dag.py took 0.085 seconds
[2023-10-10T15:48:21.188+0000] {processor.py:157} INFO - Started process (PID=2723) to work on /home/airflow/.local/lib/python3.8/site-packages/airflow/example_dags/example_sla_dag.py
[2023-10-10T15:48:21.189+0000] {processor.py:829} INFO - Processing file /home/airflow/.local/lib/python3.8/site-packages/airflow/example_dags/example_sla_dag.py for tasks to queue
[2023-10-10T15:48:21.190+0000] {logging_mixin.py:151} INFO - [2023-10-10T15:48:21.190+0000] {dagbag.py:539} INFO - Filling up the DagBag from /home/airflow/.local/lib/python3.8/site-packages/airflow/example_dags/example_sla_dag.py
[2023-10-10T15:48:21.197+0000] {processor.py:839} INFO - DAG(s) dict_keys(['example_sla_dag']) retrieved from /home/airflow/.local/lib/python3.8/site-packages/airflow/example_dags/example_sla_dag.py
[2023-10-10T15:48:21.213+0000] {logging_mixin.py:151} INFO - [2023-10-10T15:48:21.213+0000] {dag.py:2915} INFO - Sync 1 DAGs
[2023-10-10T15:48:21.234+0000] {logging_mixin.py:151} INFO - [2023-10-10T15:48:21.234+0000] {dag.py:3696} INFO - Setting next_dagrun for example_sla_dag to 2023-10-10T15:46:00+00:00, run_after=2023-10-10T15:48:00+00:00
[2023-10-10T15:48:21.248+0000] {processor.py:179} INFO - Processing /home/airflow/.local/lib/python3.8/site-packages/airflow/example_dags/example_sla_dag.py took 0.062 seconds
[2023-10-10T15:48:51.631+0000] {processor.py:157} INFO - Started process (PID=2777) to work on /home/airflow/.local/lib/python3.8/site-packages/airflow/example_dags/example_sla_dag.py
[2023-10-10T15:48:51.631+0000] {processor.py:829} INFO - Processing file /home/airflow/.local/lib/python3.8/site-packages/airflow/example_dags/example_sla_dag.py for tasks to queue
[2023-10-10T15:48:51.633+0000] {logging_mixin.py:151} INFO - [2023-10-10T15:48:51.633+0000] {dagbag.py:539} INFO - Filling up the DagBag from /home/airflow/.local/lib/python3.8/site-packages/airflow/example_dags/example_sla_dag.py
[2023-10-10T15:48:51.640+0000] {processor.py:839} INFO - DAG(s) dict_keys(['example_sla_dag']) retrieved from /home/airflow/.local/lib/python3.8/site-packages/airflow/example_dags/example_sla_dag.py
[2023-10-10T15:48:51.657+0000] {logging_mixin.py:151} INFO - [2023-10-10T15:48:51.657+0000] {dag.py:2915} INFO - Sync 1 DAGs
[2023-10-10T15:48:51.679+0000] {logging_mixin.py:151} INFO - [2023-10-10T15:48:51.679+0000] {dag.py:3696} INFO - Setting next_dagrun for example_sla_dag to 2023-10-10T15:46:00+00:00, run_after=2023-10-10T15:48:00+00:00
[2023-10-10T15:48:51.693+0000] {processor.py:179} INFO - Processing /home/airflow/.local/lib/python3.8/site-packages/airflow/example_dags/example_sla_dag.py took 0.065 seconds
[2023-10-10T15:49:22.379+0000] {processor.py:157} INFO - Started process (PID=2831) to work on /home/airflow/.local/lib/python3.8/site-packages/airflow/example_dags/example_sla_dag.py
[2023-10-10T15:49:22.381+0000] {processor.py:829} INFO - Processing file /home/airflow/.local/lib/python3.8/site-packages/airflow/example_dags/example_sla_dag.py for tasks to queue
[2023-10-10T15:49:22.383+0000] {logging_mixin.py:151} INFO - [2023-10-10T15:49:22.383+0000] {dagbag.py:539} INFO - Filling up the DagBag from /home/airflow/.local/lib/python3.8/site-packages/airflow/example_dags/example_sla_dag.py
[2023-10-10T15:49:22.393+0000] {processor.py:839} INFO - DAG(s) dict_keys(['example_sla_dag']) retrieved from /home/airflow/.local/lib/python3.8/site-packages/airflow/example_dags/example_sla_dag.py
[2023-10-10T15:49:22.418+0000] {logging_mixin.py:151} INFO - [2023-10-10T15:49:22.418+0000] {dag.py:2915} INFO - Sync 1 DAGs
[2023-10-10T15:49:22.449+0000] {logging_mixin.py:151} INFO - [2023-10-10T15:49:22.449+0000] {dag.py:3696} INFO - Setting next_dagrun for example_sla_dag to 2023-10-10T15:46:00+00:00, run_after=2023-10-10T15:48:00+00:00
[2023-10-10T15:49:22.471+0000] {processor.py:179} INFO - Processing /home/airflow/.local/lib/python3.8/site-packages/airflow/example_dags/example_sla_dag.py took 0.096 seconds
[2023-10-10T15:49:53.218+0000] {processor.py:157} INFO - Started process (PID=2885) to work on /home/airflow/.local/lib/python3.8/site-packages/airflow/example_dags/example_sla_dag.py
[2023-10-10T15:49:53.218+0000] {processor.py:829} INFO - Processing file /home/airflow/.local/lib/python3.8/site-packages/airflow/example_dags/example_sla_dag.py for tasks to queue
[2023-10-10T15:49:53.220+0000] {logging_mixin.py:151} INFO - [2023-10-10T15:49:53.220+0000] {dagbag.py:539} INFO - Filling up the DagBag from /home/airflow/.local/lib/python3.8/site-packages/airflow/example_dags/example_sla_dag.py
[2023-10-10T15:49:53.228+0000] {processor.py:839} INFO - DAG(s) dict_keys(['example_sla_dag']) retrieved from /home/airflow/.local/lib/python3.8/site-packages/airflow/example_dags/example_sla_dag.py
[2023-10-10T15:49:53.247+0000] {logging_mixin.py:151} INFO - [2023-10-10T15:49:53.247+0000] {dag.py:2915} INFO - Sync 1 DAGs
[2023-10-10T15:49:53.276+0000] {logging_mixin.py:151} INFO - [2023-10-10T15:49:53.276+0000] {dag.py:3696} INFO - Setting next_dagrun for example_sla_dag to 2023-10-10T15:46:00+00:00, run_after=2023-10-10T15:48:00+00:00
[2023-10-10T15:49:53.293+0000] {processor.py:179} INFO - Processing /home/airflow/.local/lib/python3.8/site-packages/airflow/example_dags/example_sla_dag.py took 0.078 seconds
[2023-10-10T15:50:24.106+0000] {processor.py:157} INFO - Started process (PID=2939) to work on /home/airflow/.local/lib/python3.8/site-packages/airflow/example_dags/example_sla_dag.py
[2023-10-10T15:50:24.107+0000] {processor.py:829} INFO - Processing file /home/airflow/.local/lib/python3.8/site-packages/airflow/example_dags/example_sla_dag.py for tasks to queue
[2023-10-10T15:50:24.109+0000] {logging_mixin.py:151} INFO - [2023-10-10T15:50:24.108+0000] {dagbag.py:539} INFO - Filling up the DagBag from /home/airflow/.local/lib/python3.8/site-packages/airflow/example_dags/example_sla_dag.py
[2023-10-10T15:50:24.118+0000] {processor.py:839} INFO - DAG(s) dict_keys(['example_sla_dag']) retrieved from /home/airflow/.local/lib/python3.8/site-packages/airflow/example_dags/example_sla_dag.py
[2023-10-10T15:50:24.139+0000] {logging_mixin.py:151} INFO - [2023-10-10T15:50:24.139+0000] {dag.py:2915} INFO - Sync 1 DAGs
[2023-10-10T15:50:24.163+0000] {logging_mixin.py:151} INFO - [2023-10-10T15:50:24.163+0000] {dag.py:3696} INFO - Setting next_dagrun for example_sla_dag to 2023-10-10T15:48:00+00:00, run_after=2023-10-10T15:50:00+00:00
[2023-10-10T15:50:24.180+0000] {processor.py:179} INFO - Processing /home/airflow/.local/lib/python3.8/site-packages/airflow/example_dags/example_sla_dag.py took 0.077 seconds
[2023-10-10T15:50:54.611+0000] {processor.py:157} INFO - Started process (PID=2993) to work on /home/airflow/.local/lib/python3.8/site-packages/airflow/example_dags/example_sla_dag.py
[2023-10-10T15:50:54.612+0000] {processor.py:829} INFO - Processing file /home/airflow/.local/lib/python3.8/site-packages/airflow/example_dags/example_sla_dag.py for tasks to queue
[2023-10-10T15:50:54.614+0000] {logging_mixin.py:151} INFO - [2023-10-10T15:50:54.614+0000] {dagbag.py:539} INFO - Filling up the DagBag from /home/airflow/.local/lib/python3.8/site-packages/airflow/example_dags/example_sla_dag.py
[2023-10-10T15:50:54.622+0000] {processor.py:839} INFO - DAG(s) dict_keys(['example_sla_dag']) retrieved from /home/airflow/.local/lib/python3.8/site-packages/airflow/example_dags/example_sla_dag.py
[2023-10-10T15:50:54.641+0000] {logging_mixin.py:151} INFO - [2023-10-10T15:50:54.641+0000] {dag.py:2915} INFO - Sync 1 DAGs
[2023-10-10T15:50:54.690+0000] {logging_mixin.py:151} INFO - [2023-10-10T15:50:54.690+0000] {dag.py:3696} INFO - Setting next_dagrun for example_sla_dag to 2023-10-10T15:48:00+00:00, run_after=2023-10-10T15:50:00+00:00
[2023-10-10T15:50:54.711+0000] {processor.py:179} INFO - Processing /home/airflow/.local/lib/python3.8/site-packages/airflow/example_dags/example_sla_dag.py took 0.103 seconds
[2023-10-10T15:51:25.786+0000] {processor.py:157} INFO - Started process (PID=3047) to work on /home/airflow/.local/lib/python3.8/site-packages/airflow/example_dags/example_sla_dag.py
[2023-10-10T15:51:25.787+0000] {processor.py:829} INFO - Processing file /home/airflow/.local/lib/python3.8/site-packages/airflow/example_dags/example_sla_dag.py for tasks to queue
[2023-10-10T15:51:25.788+0000] {logging_mixin.py:151} INFO - [2023-10-10T15:51:25.788+0000] {dagbag.py:539} INFO - Filling up the DagBag from /home/airflow/.local/lib/python3.8/site-packages/airflow/example_dags/example_sla_dag.py
[2023-10-10T15:51:25.795+0000] {processor.py:839} INFO - DAG(s) dict_keys(['example_sla_dag']) retrieved from /home/airflow/.local/lib/python3.8/site-packages/airflow/example_dags/example_sla_dag.py
[2023-10-10T15:51:25.814+0000] {logging_mixin.py:151} INFO - [2023-10-10T15:51:25.814+0000] {dag.py:2915} INFO - Sync 1 DAGs
[2023-10-10T15:51:25.843+0000] {logging_mixin.py:151} INFO - [2023-10-10T15:51:25.843+0000] {dag.py:3696} INFO - Setting next_dagrun for example_sla_dag to 2023-10-10T15:48:00+00:00, run_after=2023-10-10T15:50:00+00:00
[2023-10-10T15:51:25.858+0000] {processor.py:179} INFO - Processing /home/airflow/.local/lib/python3.8/site-packages/airflow/example_dags/example_sla_dag.py took 0.075 seconds
[2023-10-10T15:51:57.043+0000] {processor.py:157} INFO - Started process (PID=3101) to work on /home/airflow/.local/lib/python3.8/site-packages/airflow/example_dags/example_sla_dag.py
[2023-10-10T15:51:57.044+0000] {processor.py:829} INFO - Processing file /home/airflow/.local/lib/python3.8/site-packages/airflow/example_dags/example_sla_dag.py for tasks to queue
[2023-10-10T15:51:57.045+0000] {logging_mixin.py:151} INFO - [2023-10-10T15:51:57.045+0000] {dagbag.py:539} INFO - Filling up the DagBag from /home/airflow/.local/lib/python3.8/site-packages/airflow/example_dags/example_sla_dag.py
[2023-10-10T15:51:57.052+0000] {processor.py:839} INFO - DAG(s) dict_keys(['example_sla_dag']) retrieved from /home/airflow/.local/lib/python3.8/site-packages/airflow/example_dags/example_sla_dag.py
[2023-10-10T15:51:57.076+0000] {logging_mixin.py:151} INFO - [2023-10-10T15:51:57.075+0000] {dag.py:2915} INFO - Sync 1 DAGs
[2023-10-10T15:51:57.110+0000] {logging_mixin.py:151} INFO - [2023-10-10T15:51:57.110+0000] {dag.py:3696} INFO - Setting next_dagrun for example_sla_dag to 2023-10-10T15:48:00+00:00, run_after=2023-10-10T15:50:00+00:00
[2023-10-10T15:51:57.128+0000] {processor.py:179} INFO - Processing /home/airflow/.local/lib/python3.8/site-packages/airflow/example_dags/example_sla_dag.py took 0.088 seconds
[2023-10-10T15:52:27.530+0000] {processor.py:157} INFO - Started process (PID=3162) to work on /home/airflow/.local/lib/python3.8/site-packages/airflow/example_dags/example_sla_dag.py
[2023-10-10T15:52:27.531+0000] {processor.py:829} INFO - Processing file /home/airflow/.local/lib/python3.8/site-packages/airflow/example_dags/example_sla_dag.py for tasks to queue
[2023-10-10T15:52:27.532+0000] {logging_mixin.py:151} INFO - [2023-10-10T15:52:27.532+0000] {dagbag.py:539} INFO - Filling up the DagBag from /home/airflow/.local/lib/python3.8/site-packages/airflow/example_dags/example_sla_dag.py
[2023-10-10T15:52:27.539+0000] {processor.py:839} INFO - DAG(s) dict_keys(['example_sla_dag']) retrieved from /home/airflow/.local/lib/python3.8/site-packages/airflow/example_dags/example_sla_dag.py
[2023-10-10T15:52:27.558+0000] {logging_mixin.py:151} INFO - [2023-10-10T15:52:27.558+0000] {dag.py:2915} INFO - Sync 1 DAGs
[2023-10-10T15:52:27.588+0000] {logging_mixin.py:151} INFO - [2023-10-10T15:52:27.587+0000] {dag.py:3696} INFO - Setting next_dagrun for example_sla_dag to 2023-10-10T15:50:00+00:00, run_after=2023-10-10T15:52:00+00:00
[2023-10-10T15:52:27.603+0000] {processor.py:179} INFO - Processing /home/airflow/.local/lib/python3.8/site-packages/airflow/example_dags/example_sla_dag.py took 0.075 seconds
[2023-10-10T15:52:58.880+0000] {processor.py:157} INFO - Started process (PID=3216) to work on /home/airflow/.local/lib/python3.8/site-packages/airflow/example_dags/example_sla_dag.py
[2023-10-10T15:52:58.881+0000] {processor.py:829} INFO - Processing file /home/airflow/.local/lib/python3.8/site-packages/airflow/example_dags/example_sla_dag.py for tasks to queue
[2023-10-10T15:52:58.883+0000] {logging_mixin.py:151} INFO - [2023-10-10T15:52:58.882+0000] {dagbag.py:539} INFO - Filling up the DagBag from /home/airflow/.local/lib/python3.8/site-packages/airflow/example_dags/example_sla_dag.py
[2023-10-10T15:52:58.892+0000] {processor.py:839} INFO - DAG(s) dict_keys(['example_sla_dag']) retrieved from /home/airflow/.local/lib/python3.8/site-packages/airflow/example_dags/example_sla_dag.py
[2023-10-10T15:52:58.917+0000] {logging_mixin.py:151} INFO - [2023-10-10T15:52:58.916+0000] {dag.py:2915} INFO - Sync 1 DAGs
[2023-10-10T15:52:58.951+0000] {logging_mixin.py:151} INFO - [2023-10-10T15:52:58.951+0000] {dag.py:3696} INFO - Setting next_dagrun for example_sla_dag to 2023-10-10T15:50:00+00:00, run_after=2023-10-10T15:52:00+00:00
[2023-10-10T15:52:58.974+0000] {processor.py:179} INFO - Processing /home/airflow/.local/lib/python3.8/site-packages/airflow/example_dags/example_sla_dag.py took 0.098 seconds
[2023-10-10T15:53:30.815+0000] {processor.py:157} INFO - Started process (PID=3278) to work on /home/airflow/.local/lib/python3.8/site-packages/airflow/example_dags/example_sla_dag.py
[2023-10-10T15:53:30.816+0000] {processor.py:829} INFO - Processing file /home/airflow/.local/lib/python3.8/site-packages/airflow/example_dags/example_sla_dag.py for tasks to queue
[2023-10-10T15:53:30.819+0000] {logging_mixin.py:151} INFO - [2023-10-10T15:53:30.818+0000] {dagbag.py:539} INFO - Filling up the DagBag from /home/airflow/.local/lib/python3.8/site-packages/airflow/example_dags/example_sla_dag.py
[2023-10-10T15:53:30.828+0000] {processor.py:839} INFO - DAG(s) dict_keys(['example_sla_dag']) retrieved from /home/airflow/.local/lib/python3.8/site-packages/airflow/example_dags/example_sla_dag.py
[2023-10-10T15:53:30.855+0000] {logging_mixin.py:151} INFO - [2023-10-10T15:53:30.855+0000] {dag.py:2915} INFO - Sync 1 DAGs
[2023-10-10T15:53:30.879+0000] {logging_mixin.py:151} INFO - [2023-10-10T15:53:30.879+0000] {dag.py:3696} INFO - Setting next_dagrun for example_sla_dag to 2023-10-10T15:50:00+00:00, run_after=2023-10-10T15:52:00+00:00
[2023-10-10T15:53:30.902+0000] {processor.py:179} INFO - Processing /home/airflow/.local/lib/python3.8/site-packages/airflow/example_dags/example_sla_dag.py took 0.091 seconds
[2023-10-10T15:54:01.760+0000] {processor.py:157} INFO - Started process (PID=3333) to work on /home/airflow/.local/lib/python3.8/site-packages/airflow/example_dags/example_sla_dag.py
[2023-10-10T15:54:01.775+0000] {processor.py:829} INFO - Processing file /home/airflow/.local/lib/python3.8/site-packages/airflow/example_dags/example_sla_dag.py for tasks to queue
[2023-10-10T15:54:01.778+0000] {logging_mixin.py:151} INFO - [2023-10-10T15:54:01.777+0000] {dagbag.py:539} INFO - Filling up the DagBag from /home/airflow/.local/lib/python3.8/site-packages/airflow/example_dags/example_sla_dag.py
[2023-10-10T15:54:01.788+0000] {processor.py:839} INFO - DAG(s) dict_keys(['example_sla_dag']) retrieved from /home/airflow/.local/lib/python3.8/site-packages/airflow/example_dags/example_sla_dag.py
[2023-10-10T15:54:01.815+0000] {logging_mixin.py:151} INFO - [2023-10-10T15:54:01.815+0000] {dag.py:2915} INFO - Sync 1 DAGs
[2023-10-10T15:54:01.850+0000] {logging_mixin.py:151} INFO - [2023-10-10T15:54:01.850+0000] {dag.py:3696} INFO - Setting next_dagrun for example_sla_dag to 2023-10-10T15:52:00+00:00, run_after=2023-10-10T15:54:00+00:00
[2023-10-10T15:54:01.883+0000] {processor.py:179} INFO - Processing /home/airflow/.local/lib/python3.8/site-packages/airflow/example_dags/example_sla_dag.py took 0.127 seconds
[2023-10-10T15:54:32.153+0000] {processor.py:157} INFO - Started process (PID=3387) to work on /home/airflow/.local/lib/python3.8/site-packages/airflow/example_dags/example_sla_dag.py
[2023-10-10T15:54:32.154+0000] {processor.py:829} INFO - Processing file /home/airflow/.local/lib/python3.8/site-packages/airflow/example_dags/example_sla_dag.py for tasks to queue
[2023-10-10T15:54:32.156+0000] {logging_mixin.py:151} INFO - [2023-10-10T15:54:32.156+0000] {dagbag.py:539} INFO - Filling up the DagBag from /home/airflow/.local/lib/python3.8/site-packages/airflow/example_dags/example_sla_dag.py
[2023-10-10T15:54:32.166+0000] {processor.py:839} INFO - DAG(s) dict_keys(['example_sla_dag']) retrieved from /home/airflow/.local/lib/python3.8/site-packages/airflow/example_dags/example_sla_dag.py
[2023-10-10T15:54:32.195+0000] {logging_mixin.py:151} INFO - [2023-10-10T15:54:32.195+0000] {dag.py:2915} INFO - Sync 1 DAGs
[2023-10-10T15:54:32.226+0000] {logging_mixin.py:151} INFO - [2023-10-10T15:54:32.225+0000] {dag.py:3696} INFO - Setting next_dagrun for example_sla_dag to 2023-10-10T15:52:00+00:00, run_after=2023-10-10T15:54:00+00:00
[2023-10-10T15:54:32.246+0000] {processor.py:179} INFO - Processing /home/airflow/.local/lib/python3.8/site-packages/airflow/example_dags/example_sla_dag.py took 0.097 seconds
[2023-10-10T15:55:03.067+0000] {processor.py:157} INFO - Started process (PID=3441) to work on /home/airflow/.local/lib/python3.8/site-packages/airflow/example_dags/example_sla_dag.py
[2023-10-10T15:55:03.067+0000] {processor.py:829} INFO - Processing file /home/airflow/.local/lib/python3.8/site-packages/airflow/example_dags/example_sla_dag.py for tasks to queue
[2023-10-10T15:55:03.069+0000] {logging_mixin.py:151} INFO - [2023-10-10T15:55:03.069+0000] {dagbag.py:539} INFO - Filling up the DagBag from /home/airflow/.local/lib/python3.8/site-packages/airflow/example_dags/example_sla_dag.py
[2023-10-10T15:55:03.077+0000] {processor.py:839} INFO - DAG(s) dict_keys(['example_sla_dag']) retrieved from /home/airflow/.local/lib/python3.8/site-packages/airflow/example_dags/example_sla_dag.py
[2023-10-10T15:55:03.096+0000] {logging_mixin.py:151} INFO - [2023-10-10T15:55:03.096+0000] {dag.py:2915} INFO - Sync 1 DAGs
[2023-10-10T15:55:03.120+0000] {logging_mixin.py:151} INFO - [2023-10-10T15:55:03.120+0000] {dag.py:3696} INFO - Setting next_dagrun for example_sla_dag to 2023-10-10T15:52:00+00:00, run_after=2023-10-10T15:54:00+00:00
[2023-10-10T15:55:03.136+0000] {processor.py:179} INFO - Processing /home/airflow/.local/lib/python3.8/site-packages/airflow/example_dags/example_sla_dag.py took 0.072 seconds
[2023-10-10T15:55:34.320+0000] {processor.py:157} INFO - Started process (PID=3496) to work on /home/airflow/.local/lib/python3.8/site-packages/airflow/example_dags/example_sla_dag.py
[2023-10-10T15:55:34.321+0000] {processor.py:829} INFO - Processing file /home/airflow/.local/lib/python3.8/site-packages/airflow/example_dags/example_sla_dag.py for tasks to queue
[2023-10-10T15:55:34.322+0000] {logging_mixin.py:151} INFO - [2023-10-10T15:55:34.322+0000] {dagbag.py:539} INFO - Filling up the DagBag from /home/airflow/.local/lib/python3.8/site-packages/airflow/example_dags/example_sla_dag.py
[2023-10-10T15:55:34.329+0000] {processor.py:839} INFO - DAG(s) dict_keys(['example_sla_dag']) retrieved from /home/airflow/.local/lib/python3.8/site-packages/airflow/example_dags/example_sla_dag.py
[2023-10-10T15:55:34.347+0000] {logging_mixin.py:151} INFO - [2023-10-10T15:55:34.347+0000] {dag.py:2915} INFO - Sync 1 DAGs
[2023-10-10T15:55:34.379+0000] {logging_mixin.py:151} INFO - [2023-10-10T15:55:34.379+0000] {dag.py:3696} INFO - Setting next_dagrun for example_sla_dag to 2023-10-10T15:52:00+00:00, run_after=2023-10-10T15:54:00+00:00
[2023-10-10T15:55:34.396+0000] {processor.py:179} INFO - Processing /home/airflow/.local/lib/python3.8/site-packages/airflow/example_dags/example_sla_dag.py took 0.079 seconds
[2023-10-10T15:56:06.113+0000] {processor.py:157} INFO - Started process (PID=3554) to work on /home/airflow/.local/lib/python3.8/site-packages/airflow/example_dags/example_sla_dag.py
[2023-10-10T15:56:06.113+0000] {processor.py:829} INFO - Processing file /home/airflow/.local/lib/python3.8/site-packages/airflow/example_dags/example_sla_dag.py for tasks to queue
[2023-10-10T15:56:06.115+0000] {logging_mixin.py:151} INFO - [2023-10-10T15:56:06.115+0000] {dagbag.py:539} INFO - Filling up the DagBag from /home/airflow/.local/lib/python3.8/site-packages/airflow/example_dags/example_sla_dag.py
[2023-10-10T15:56:06.121+0000] {processor.py:839} INFO - DAG(s) dict_keys(['example_sla_dag']) retrieved from /home/airflow/.local/lib/python3.8/site-packages/airflow/example_dags/example_sla_dag.py
[2023-10-10T15:56:06.137+0000] {logging_mixin.py:151} INFO - [2023-10-10T15:56:06.137+0000] {dag.py:2915} INFO - Sync 1 DAGs
[2023-10-10T15:56:06.162+0000] {logging_mixin.py:151} INFO - [2023-10-10T15:56:06.162+0000] {dag.py:3696} INFO - Setting next_dagrun for example_sla_dag to 2023-10-10T15:54:00+00:00, run_after=2023-10-10T15:56:00+00:00
[2023-10-10T15:56:06.183+0000] {processor.py:179} INFO - Processing /home/airflow/.local/lib/python3.8/site-packages/airflow/example_dags/example_sla_dag.py took 0.073 seconds
[2023-10-10T15:56:37.159+0000] {processor.py:157} INFO - Started process (PID=3608) to work on /home/airflow/.local/lib/python3.8/site-packages/airflow/example_dags/example_sla_dag.py
[2023-10-10T15:56:37.160+0000] {processor.py:829} INFO - Processing file /home/airflow/.local/lib/python3.8/site-packages/airflow/example_dags/example_sla_dag.py for tasks to queue
[2023-10-10T15:56:37.162+0000] {logging_mixin.py:151} INFO - [2023-10-10T15:56:37.162+0000] {dagbag.py:539} INFO - Filling up the DagBag from /home/airflow/.local/lib/python3.8/site-packages/airflow/example_dags/example_sla_dag.py
[2023-10-10T15:56:37.169+0000] {processor.py:839} INFO - DAG(s) dict_keys(['example_sla_dag']) retrieved from /home/airflow/.local/lib/python3.8/site-packages/airflow/example_dags/example_sla_dag.py
[2023-10-10T15:56:37.187+0000] {logging_mixin.py:151} INFO - [2023-10-10T15:56:37.186+0000] {dag.py:2915} INFO - Sync 1 DAGs
[2023-10-10T15:56:37.208+0000] {logging_mixin.py:151} INFO - [2023-10-10T15:56:37.208+0000] {dag.py:3696} INFO - Setting next_dagrun for example_sla_dag to 2023-10-10T15:54:00+00:00, run_after=2023-10-10T15:56:00+00:00
[2023-10-10T15:56:37.225+0000] {processor.py:179} INFO - Processing /home/airflow/.local/lib/python3.8/site-packages/airflow/example_dags/example_sla_dag.py took 0.069 seconds
[2023-10-10T15:57:08.218+0000] {processor.py:157} INFO - Started process (PID=3662) to work on /home/airflow/.local/lib/python3.8/site-packages/airflow/example_dags/example_sla_dag.py
[2023-10-10T15:57:08.219+0000] {processor.py:829} INFO - Processing file /home/airflow/.local/lib/python3.8/site-packages/airflow/example_dags/example_sla_dag.py for tasks to queue
[2023-10-10T15:57:08.222+0000] {logging_mixin.py:151} INFO - [2023-10-10T15:57:08.222+0000] {dagbag.py:539} INFO - Filling up the DagBag from /home/airflow/.local/lib/python3.8/site-packages/airflow/example_dags/example_sla_dag.py
[2023-10-10T15:57:08.232+0000] {processor.py:839} INFO - DAG(s) dict_keys(['example_sla_dag']) retrieved from /home/airflow/.local/lib/python3.8/site-packages/airflow/example_dags/example_sla_dag.py
[2023-10-10T15:57:08.276+0000] {logging_mixin.py:151} INFO - [2023-10-10T15:57:08.275+0000] {dag.py:2915} INFO - Sync 1 DAGs
[2023-10-10T15:57:08.322+0000] {logging_mixin.py:151} INFO - [2023-10-10T15:57:08.322+0000] {dag.py:3696} INFO - Setting next_dagrun for example_sla_dag to 2023-10-10T15:54:00+00:00, run_after=2023-10-10T15:56:00+00:00
[2023-10-10T15:57:08.339+0000] {processor.py:179} INFO - Processing /home/airflow/.local/lib/python3.8/site-packages/airflow/example_dags/example_sla_dag.py took 0.124 seconds
[2023-10-10T16:51:14.870+0000] {processor.py:157} INFO - Started process (PID=176) to work on /home/airflow/.local/lib/python3.8/site-packages/airflow/example_dags/example_sla_dag.py
[2023-10-10T16:51:14.871+0000] {processor.py:829} INFO - Processing file /home/airflow/.local/lib/python3.8/site-packages/airflow/example_dags/example_sla_dag.py for tasks to queue
[2023-10-10T16:51:14.873+0000] {logging_mixin.py:151} INFO - [2023-10-10T16:51:14.873+0000] {dagbag.py:539} INFO - Filling up the DagBag from /home/airflow/.local/lib/python3.8/site-packages/airflow/example_dags/example_sla_dag.py
[2023-10-10T16:51:14.884+0000] {processor.py:839} INFO - DAG(s) dict_keys(['example_sla_dag']) retrieved from /home/airflow/.local/lib/python3.8/site-packages/airflow/example_dags/example_sla_dag.py
[2023-10-10T16:51:14.903+0000] {logging_mixin.py:151} INFO - [2023-10-10T16:51:14.903+0000] {dag.py:2915} INFO - Sync 1 DAGs
[2023-10-10T16:51:14.925+0000] {logging_mixin.py:151} INFO - [2023-10-10T16:51:14.925+0000] {dag.py:3696} INFO - Setting next_dagrun for example_sla_dag to 2023-10-10T16:48:00+00:00, run_after=2023-10-10T16:50:00+00:00
[2023-10-10T16:51:14.942+0000] {processor.py:179} INFO - Processing /home/airflow/.local/lib/python3.8/site-packages/airflow/example_dags/example_sla_dag.py took 0.076 seconds
[2023-10-10T16:51:47.826+0000] {processor.py:157} INFO - Started process (PID=230) to work on /home/airflow/.local/lib/python3.8/site-packages/airflow/example_dags/example_sla_dag.py
[2023-10-10T16:51:47.827+0000] {processor.py:829} INFO - Processing file /home/airflow/.local/lib/python3.8/site-packages/airflow/example_dags/example_sla_dag.py for tasks to queue
[2023-10-10T16:51:47.830+0000] {logging_mixin.py:151} INFO - [2023-10-10T16:51:47.829+0000] {dagbag.py:539} INFO - Filling up the DagBag from /home/airflow/.local/lib/python3.8/site-packages/airflow/example_dags/example_sla_dag.py
[2023-10-10T16:51:47.839+0000] {processor.py:839} INFO - DAG(s) dict_keys(['example_sla_dag']) retrieved from /home/airflow/.local/lib/python3.8/site-packages/airflow/example_dags/example_sla_dag.py
[2023-10-10T16:51:47.864+0000] {logging_mixin.py:151} INFO - [2023-10-10T16:51:47.863+0000] {dag.py:2915} INFO - Sync 1 DAGs
[2023-10-10T16:51:47.956+0000] {logging_mixin.py:151} INFO - [2023-10-10T16:51:47.956+0000] {dag.py:3696} INFO - Setting next_dagrun for example_sla_dag to 2023-10-10T16:48:00+00:00, run_after=2023-10-10T16:50:00+00:00
[2023-10-10T16:51:48.028+0000] {processor.py:179} INFO - Processing /home/airflow/.local/lib/python3.8/site-packages/airflow/example_dags/example_sla_dag.py took 0.261 seconds
[2023-10-10T16:52:18.545+0000] {processor.py:157} INFO - Started process (PID=290) to work on /home/airflow/.local/lib/python3.8/site-packages/airflow/example_dags/example_sla_dag.py
[2023-10-10T16:52:18.546+0000] {processor.py:829} INFO - Processing file /home/airflow/.local/lib/python3.8/site-packages/airflow/example_dags/example_sla_dag.py for tasks to queue
[2023-10-10T16:52:18.548+0000] {logging_mixin.py:151} INFO - [2023-10-10T16:52:18.548+0000] {dagbag.py:539} INFO - Filling up the DagBag from /home/airflow/.local/lib/python3.8/site-packages/airflow/example_dags/example_sla_dag.py
[2023-10-10T16:52:18.555+0000] {processor.py:839} INFO - DAG(s) dict_keys(['example_sla_dag']) retrieved from /home/airflow/.local/lib/python3.8/site-packages/airflow/example_dags/example_sla_dag.py
[2023-10-10T16:52:18.573+0000] {logging_mixin.py:151} INFO - [2023-10-10T16:52:18.573+0000] {dag.py:2915} INFO - Sync 1 DAGs
[2023-10-10T16:52:18.598+0000] {logging_mixin.py:151} INFO - [2023-10-10T16:52:18.598+0000] {dag.py:3696} INFO - Setting next_dagrun for example_sla_dag to 2023-10-10T16:50:00+00:00, run_after=2023-10-10T16:52:00+00:00
[2023-10-10T16:52:18.614+0000] {processor.py:179} INFO - Processing /home/airflow/.local/lib/python3.8/site-packages/airflow/example_dags/example_sla_dag.py took 0.071 seconds
[2023-10-10T16:52:49.151+0000] {processor.py:157} INFO - Started process (PID=344) to work on /home/airflow/.local/lib/python3.8/site-packages/airflow/example_dags/example_sla_dag.py
[2023-10-10T16:52:49.152+0000] {processor.py:829} INFO - Processing file /home/airflow/.local/lib/python3.8/site-packages/airflow/example_dags/example_sla_dag.py for tasks to queue
[2023-10-10T16:52:49.154+0000] {logging_mixin.py:151} INFO - [2023-10-10T16:52:49.154+0000] {dagbag.py:539} INFO - Filling up the DagBag from /home/airflow/.local/lib/python3.8/site-packages/airflow/example_dags/example_sla_dag.py
[2023-10-10T16:52:49.161+0000] {processor.py:839} INFO - DAG(s) dict_keys(['example_sla_dag']) retrieved from /home/airflow/.local/lib/python3.8/site-packages/airflow/example_dags/example_sla_dag.py
[2023-10-10T16:52:49.235+0000] {logging_mixin.py:151} INFO - [2023-10-10T16:52:49.235+0000] {dag.py:2915} INFO - Sync 1 DAGs
[2023-10-10T16:52:49.266+0000] {logging_mixin.py:151} INFO - [2023-10-10T16:52:49.266+0000] {dag.py:3696} INFO - Setting next_dagrun for example_sla_dag to 2023-10-10T16:50:00+00:00, run_after=2023-10-10T16:52:00+00:00
[2023-10-10T16:52:49.284+0000] {processor.py:179} INFO - Processing /home/airflow/.local/lib/python3.8/site-packages/airflow/example_dags/example_sla_dag.py took 0.136 seconds
[2023-10-10T16:53:19.761+0000] {processor.py:157} INFO - Started process (PID=398) to work on /home/airflow/.local/lib/python3.8/site-packages/airflow/example_dags/example_sla_dag.py
[2023-10-10T16:53:19.762+0000] {processor.py:829} INFO - Processing file /home/airflow/.local/lib/python3.8/site-packages/airflow/example_dags/example_sla_dag.py for tasks to queue
[2023-10-10T16:53:19.764+0000] {logging_mixin.py:151} INFO - [2023-10-10T16:53:19.764+0000] {dagbag.py:539} INFO - Filling up the DagBag from /home/airflow/.local/lib/python3.8/site-packages/airflow/example_dags/example_sla_dag.py
[2023-10-10T16:53:19.771+0000] {processor.py:839} INFO - DAG(s) dict_keys(['example_sla_dag']) retrieved from /home/airflow/.local/lib/python3.8/site-packages/airflow/example_dags/example_sla_dag.py
[2023-10-10T16:53:19.789+0000] {logging_mixin.py:151} INFO - [2023-10-10T16:53:19.789+0000] {dag.py:2915} INFO - Sync 1 DAGs
[2023-10-10T16:53:19.809+0000] {logging_mixin.py:151} INFO - [2023-10-10T16:53:19.809+0000] {dag.py:3696} INFO - Setting next_dagrun for example_sla_dag to 2023-10-10T16:50:00+00:00, run_after=2023-10-10T16:52:00+00:00
[2023-10-10T16:53:19.834+0000] {processor.py:179} INFO - Processing /home/airflow/.local/lib/python3.8/site-packages/airflow/example_dags/example_sla_dag.py took 0.074 seconds
[2023-10-10T16:53:50.481+0000] {processor.py:157} INFO - Started process (PID=452) to work on /home/airflow/.local/lib/python3.8/site-packages/airflow/example_dags/example_sla_dag.py
[2023-10-10T16:53:50.482+0000] {processor.py:829} INFO - Processing file /home/airflow/.local/lib/python3.8/site-packages/airflow/example_dags/example_sla_dag.py for tasks to queue
[2023-10-10T16:53:50.483+0000] {logging_mixin.py:151} INFO - [2023-10-10T16:53:50.483+0000] {dagbag.py:539} INFO - Filling up the DagBag from /home/airflow/.local/lib/python3.8/site-packages/airflow/example_dags/example_sla_dag.py
[2023-10-10T16:53:50.531+0000] {processor.py:839} INFO - DAG(s) dict_keys(['example_sla_dag']) retrieved from /home/airflow/.local/lib/python3.8/site-packages/airflow/example_dags/example_sla_dag.py
[2023-10-10T16:53:50.550+0000] {logging_mixin.py:151} INFO - [2023-10-10T16:53:50.550+0000] {dag.py:2915} INFO - Sync 1 DAGs
[2023-10-10T16:53:50.576+0000] {logging_mixin.py:151} INFO - [2023-10-10T16:53:50.576+0000] {dag.py:3696} INFO - Setting next_dagrun for example_sla_dag to 2023-10-10T16:50:00+00:00, run_after=2023-10-10T16:52:00+00:00
[2023-10-10T16:53:50.592+0000] {processor.py:179} INFO - Processing /home/airflow/.local/lib/python3.8/site-packages/airflow/example_dags/example_sla_dag.py took 0.115 seconds
[2023-10-10T16:54:21.559+0000] {processor.py:157} INFO - Started process (PID=506) to work on /home/airflow/.local/lib/python3.8/site-packages/airflow/example_dags/example_sla_dag.py
[2023-10-10T16:54:21.560+0000] {processor.py:829} INFO - Processing file /home/airflow/.local/lib/python3.8/site-packages/airflow/example_dags/example_sla_dag.py for tasks to queue
[2023-10-10T16:54:21.562+0000] {logging_mixin.py:151} INFO - [2023-10-10T16:54:21.561+0000] {dagbag.py:539} INFO - Filling up the DagBag from /home/airflow/.local/lib/python3.8/site-packages/airflow/example_dags/example_sla_dag.py
[2023-10-10T16:54:21.571+0000] {processor.py:839} INFO - DAG(s) dict_keys(['example_sla_dag']) retrieved from /home/airflow/.local/lib/python3.8/site-packages/airflow/example_dags/example_sla_dag.py
[2023-10-10T16:54:21.592+0000] {logging_mixin.py:151} INFO - [2023-10-10T16:54:21.592+0000] {dag.py:2915} INFO - Sync 1 DAGs
[2023-10-10T16:54:21.633+0000] {logging_mixin.py:151} INFO - [2023-10-10T16:54:21.633+0000] {dag.py:3696} INFO - Setting next_dagrun for example_sla_dag to 2023-10-10T16:52:00+00:00, run_after=2023-10-10T16:54:00+00:00
[2023-10-10T16:54:21.648+0000] {processor.py:179} INFO - Processing /home/airflow/.local/lib/python3.8/site-packages/airflow/example_dags/example_sla_dag.py took 0.092 seconds
[2023-10-10T16:54:52.447+0000] {processor.py:157} INFO - Started process (PID=560) to work on /home/airflow/.local/lib/python3.8/site-packages/airflow/example_dags/example_sla_dag.py
[2023-10-10T16:54:52.448+0000] {processor.py:829} INFO - Processing file /home/airflow/.local/lib/python3.8/site-packages/airflow/example_dags/example_sla_dag.py for tasks to queue
[2023-10-10T16:54:52.449+0000] {logging_mixin.py:151} INFO - [2023-10-10T16:54:52.449+0000] {dagbag.py:539} INFO - Filling up the DagBag from /home/airflow/.local/lib/python3.8/site-packages/airflow/example_dags/example_sla_dag.py
[2023-10-10T16:54:52.458+0000] {processor.py:839} INFO - DAG(s) dict_keys(['example_sla_dag']) retrieved from /home/airflow/.local/lib/python3.8/site-packages/airflow/example_dags/example_sla_dag.py
[2023-10-10T16:54:52.478+0000] {logging_mixin.py:151} INFO - [2023-10-10T16:54:52.478+0000] {dag.py:2915} INFO - Sync 1 DAGs
[2023-10-10T16:54:52.506+0000] {logging_mixin.py:151} INFO - [2023-10-10T16:54:52.506+0000] {dag.py:3696} INFO - Setting next_dagrun for example_sla_dag to 2023-10-10T16:52:00+00:00, run_after=2023-10-10T16:54:00+00:00
[2023-10-10T16:54:52.532+0000] {processor.py:179} INFO - Processing /home/airflow/.local/lib/python3.8/site-packages/airflow/example_dags/example_sla_dag.py took 0.089 seconds
