[2023-10-10T15:24:05.723+0000] {processor.py:157} INFO - Started process (PID=166) to work on /home/airflow/.local/lib/python3.8/site-packages/airflow/example_dags/example_latest_only_with_trigger.py
[2023-10-10T15:24:05.724+0000] {processor.py:829} INFO - Processing file /home/airflow/.local/lib/python3.8/site-packages/airflow/example_dags/example_latest_only_with_trigger.py for tasks to queue
[2023-10-10T15:24:05.727+0000] {logging_mixin.py:151} INFO - [2023-10-10T15:24:05.726+0000] {dagbag.py:539} INFO - Filling up the DagBag from /home/airflow/.local/lib/python3.8/site-packages/airflow/example_dags/example_latest_only_with_trigger.py
[2023-10-10T15:24:05.737+0000] {processor.py:839} INFO - DAG(s) dict_keys(['latest_only_with_trigger']) retrieved from /home/airflow/.local/lib/python3.8/site-packages/airflow/example_dags/example_latest_only_with_trigger.py
[2023-10-10T15:24:05.753+0000] {logging_mixin.py:151} INFO - [2023-10-10T15:24:05.752+0000] {dag.py:2915} INFO - Sync 1 DAGs
[2023-10-10T15:24:05.796+0000] {logging_mixin.py:151} INFO - [2023-10-10T15:24:05.795+0000] {dag.py:3696} INFO - Setting next_dagrun for latest_only_with_trigger to 2023-10-10T11:24:05.795460+00:00, run_after=2023-10-10T15:24:05.795460+00:00
[2023-10-10T15:24:05.822+0000] {processor.py:179} INFO - Processing /home/airflow/.local/lib/python3.8/site-packages/airflow/example_dags/example_latest_only_with_trigger.py took 0.103 seconds
[2023-10-10T15:24:35.856+0000] {processor.py:157} INFO - Started process (PID=219) to work on /home/airflow/.local/lib/python3.8/site-packages/airflow/example_dags/example_latest_only_with_trigger.py
[2023-10-10T15:24:35.857+0000] {processor.py:829} INFO - Processing file /home/airflow/.local/lib/python3.8/site-packages/airflow/example_dags/example_latest_only_with_trigger.py for tasks to queue
[2023-10-10T15:24:35.858+0000] {logging_mixin.py:151} INFO - [2023-10-10T15:24:35.858+0000] {dagbag.py:539} INFO - Filling up the DagBag from /home/airflow/.local/lib/python3.8/site-packages/airflow/example_dags/example_latest_only_with_trigger.py
[2023-10-10T15:24:35.863+0000] {processor.py:839} INFO - DAG(s) dict_keys(['latest_only_with_trigger']) retrieved from /home/airflow/.local/lib/python3.8/site-packages/airflow/example_dags/example_latest_only_with_trigger.py
[2023-10-10T15:24:35.884+0000] {logging_mixin.py:151} INFO - [2023-10-10T15:24:35.883+0000] {dag.py:2915} INFO - Sync 1 DAGs
[2023-10-10T15:24:35.910+0000] {logging_mixin.py:151} INFO - [2023-10-10T15:24:35.910+0000] {dag.py:3696} INFO - Setting next_dagrun for latest_only_with_trigger to 2023-10-10T11:24:35.909954+00:00, run_after=2023-10-10T15:24:35.909954+00:00
[2023-10-10T15:24:35.928+0000] {processor.py:179} INFO - Processing /home/airflow/.local/lib/python3.8/site-packages/airflow/example_dags/example_latest_only_with_trigger.py took 0.074 seconds
[2023-10-10T15:25:06.160+0000] {processor.py:157} INFO - Started process (PID=273) to work on /home/airflow/.local/lib/python3.8/site-packages/airflow/example_dags/example_latest_only_with_trigger.py
[2023-10-10T15:25:06.161+0000] {processor.py:829} INFO - Processing file /home/airflow/.local/lib/python3.8/site-packages/airflow/example_dags/example_latest_only_with_trigger.py for tasks to queue
[2023-10-10T15:25:06.162+0000] {logging_mixin.py:151} INFO - [2023-10-10T15:25:06.162+0000] {dagbag.py:539} INFO - Filling up the DagBag from /home/airflow/.local/lib/python3.8/site-packages/airflow/example_dags/example_latest_only_with_trigger.py
[2023-10-10T15:25:06.167+0000] {processor.py:839} INFO - DAG(s) dict_keys(['latest_only_with_trigger']) retrieved from /home/airflow/.local/lib/python3.8/site-packages/airflow/example_dags/example_latest_only_with_trigger.py
[2023-10-10T15:25:06.186+0000] {logging_mixin.py:151} INFO - [2023-10-10T15:25:06.186+0000] {dag.py:2915} INFO - Sync 1 DAGs
[2023-10-10T15:25:06.205+0000] {logging_mixin.py:151} INFO - [2023-10-10T15:25:06.205+0000] {dag.py:3696} INFO - Setting next_dagrun for latest_only_with_trigger to 2023-10-10T11:25:06.205284+00:00, run_after=2023-10-10T15:25:06.205284+00:00
[2023-10-10T15:25:06.222+0000] {processor.py:179} INFO - Processing /home/airflow/.local/lib/python3.8/site-packages/airflow/example_dags/example_latest_only_with_trigger.py took 0.065 seconds
[2023-10-10T15:25:37.214+0000] {processor.py:157} INFO - Started process (PID=327) to work on /home/airflow/.local/lib/python3.8/site-packages/airflow/example_dags/example_latest_only_with_trigger.py
[2023-10-10T15:25:37.215+0000] {processor.py:829} INFO - Processing file /home/airflow/.local/lib/python3.8/site-packages/airflow/example_dags/example_latest_only_with_trigger.py for tasks to queue
[2023-10-10T15:25:37.216+0000] {logging_mixin.py:151} INFO - [2023-10-10T15:25:37.216+0000] {dagbag.py:539} INFO - Filling up the DagBag from /home/airflow/.local/lib/python3.8/site-packages/airflow/example_dags/example_latest_only_with_trigger.py
[2023-10-10T15:25:37.220+0000] {processor.py:839} INFO - DAG(s) dict_keys(['latest_only_with_trigger']) retrieved from /home/airflow/.local/lib/python3.8/site-packages/airflow/example_dags/example_latest_only_with_trigger.py
[2023-10-10T15:25:37.238+0000] {logging_mixin.py:151} INFO - [2023-10-10T15:25:37.238+0000] {dag.py:2915} INFO - Sync 1 DAGs
[2023-10-10T15:25:37.256+0000] {logging_mixin.py:151} INFO - [2023-10-10T15:25:37.255+0000] {dag.py:3696} INFO - Setting next_dagrun for latest_only_with_trigger to 2023-10-10T11:25:37.255682+00:00, run_after=2023-10-10T15:25:37.255682+00:00
[2023-10-10T15:25:37.272+0000] {processor.py:179} INFO - Processing /home/airflow/.local/lib/python3.8/site-packages/airflow/example_dags/example_latest_only_with_trigger.py took 0.060 seconds
[2023-10-10T15:26:07.822+0000] {processor.py:157} INFO - Started process (PID=381) to work on /home/airflow/.local/lib/python3.8/site-packages/airflow/example_dags/example_latest_only_with_trigger.py
[2023-10-10T15:26:07.823+0000] {processor.py:829} INFO - Processing file /home/airflow/.local/lib/python3.8/site-packages/airflow/example_dags/example_latest_only_with_trigger.py for tasks to queue
[2023-10-10T15:26:07.824+0000] {logging_mixin.py:151} INFO - [2023-10-10T15:26:07.824+0000] {dagbag.py:539} INFO - Filling up the DagBag from /home/airflow/.local/lib/python3.8/site-packages/airflow/example_dags/example_latest_only_with_trigger.py
[2023-10-10T15:26:07.829+0000] {processor.py:839} INFO - DAG(s) dict_keys(['latest_only_with_trigger']) retrieved from /home/airflow/.local/lib/python3.8/site-packages/airflow/example_dags/example_latest_only_with_trigger.py
[2023-10-10T15:26:07.848+0000] {logging_mixin.py:151} INFO - [2023-10-10T15:26:07.848+0000] {dag.py:2915} INFO - Sync 1 DAGs
[2023-10-10T15:26:07.866+0000] {logging_mixin.py:151} INFO - [2023-10-10T15:26:07.866+0000] {dag.py:3696} INFO - Setting next_dagrun for latest_only_with_trigger to 2023-10-10T11:26:07.866135+00:00, run_after=2023-10-10T15:26:07.866135+00:00
[2023-10-10T15:26:07.884+0000] {processor.py:179} INFO - Processing /home/airflow/.local/lib/python3.8/site-packages/airflow/example_dags/example_latest_only_with_trigger.py took 0.066 seconds
[2023-10-10T15:26:38.320+0000] {processor.py:157} INFO - Started process (PID=435) to work on /home/airflow/.local/lib/python3.8/site-packages/airflow/example_dags/example_latest_only_with_trigger.py
[2023-10-10T15:26:38.321+0000] {processor.py:829} INFO - Processing file /home/airflow/.local/lib/python3.8/site-packages/airflow/example_dags/example_latest_only_with_trigger.py for tasks to queue
[2023-10-10T15:26:38.322+0000] {logging_mixin.py:151} INFO - [2023-10-10T15:26:38.322+0000] {dagbag.py:539} INFO - Filling up the DagBag from /home/airflow/.local/lib/python3.8/site-packages/airflow/example_dags/example_latest_only_with_trigger.py
[2023-10-10T15:26:38.326+0000] {processor.py:839} INFO - DAG(s) dict_keys(['latest_only_with_trigger']) retrieved from /home/airflow/.local/lib/python3.8/site-packages/airflow/example_dags/example_latest_only_with_trigger.py
[2023-10-10T15:26:38.344+0000] {logging_mixin.py:151} INFO - [2023-10-10T15:26:38.344+0000] {dag.py:2915} INFO - Sync 1 DAGs
[2023-10-10T15:26:38.362+0000] {logging_mixin.py:151} INFO - [2023-10-10T15:26:38.362+0000] {dag.py:3696} INFO - Setting next_dagrun for latest_only_with_trigger to 2023-10-10T11:26:38.361819+00:00, run_after=2023-10-10T15:26:38.361819+00:00
[2023-10-10T15:26:38.377+0000] {processor.py:179} INFO - Processing /home/airflow/.local/lib/python3.8/site-packages/airflow/example_dags/example_latest_only_with_trigger.py took 0.060 seconds
[2023-10-10T15:27:08.991+0000] {processor.py:157} INFO - Started process (PID=489) to work on /home/airflow/.local/lib/python3.8/site-packages/airflow/example_dags/example_latest_only_with_trigger.py
[2023-10-10T15:27:08.992+0000] {processor.py:829} INFO - Processing file /home/airflow/.local/lib/python3.8/site-packages/airflow/example_dags/example_latest_only_with_trigger.py for tasks to queue
[2023-10-10T15:27:08.994+0000] {logging_mixin.py:151} INFO - [2023-10-10T15:27:08.994+0000] {dagbag.py:539} INFO - Filling up the DagBag from /home/airflow/.local/lib/python3.8/site-packages/airflow/example_dags/example_latest_only_with_trigger.py
[2023-10-10T15:27:08.999+0000] {processor.py:839} INFO - DAG(s) dict_keys(['latest_only_with_trigger']) retrieved from /home/airflow/.local/lib/python3.8/site-packages/airflow/example_dags/example_latest_only_with_trigger.py
[2023-10-10T15:27:09.018+0000] {logging_mixin.py:151} INFO - [2023-10-10T15:27:09.018+0000] {dag.py:2915} INFO - Sync 1 DAGs
[2023-10-10T15:27:09.037+0000] {logging_mixin.py:151} INFO - [2023-10-10T15:27:09.037+0000] {dag.py:3696} INFO - Setting next_dagrun for latest_only_with_trigger to 2023-10-10T11:27:09.036858+00:00, run_after=2023-10-10T15:27:09.036858+00:00
[2023-10-10T15:27:09.051+0000] {processor.py:179} INFO - Processing /home/airflow/.local/lib/python3.8/site-packages/airflow/example_dags/example_latest_only_with_trigger.py took 0.062 seconds
[2023-10-10T15:27:39.534+0000] {processor.py:157} INFO - Started process (PID=543) to work on /home/airflow/.local/lib/python3.8/site-packages/airflow/example_dags/example_latest_only_with_trigger.py
[2023-10-10T15:27:39.535+0000] {processor.py:829} INFO - Processing file /home/airflow/.local/lib/python3.8/site-packages/airflow/example_dags/example_latest_only_with_trigger.py for tasks to queue
[2023-10-10T15:27:39.536+0000] {logging_mixin.py:151} INFO - [2023-10-10T15:27:39.536+0000] {dagbag.py:539} INFO - Filling up the DagBag from /home/airflow/.local/lib/python3.8/site-packages/airflow/example_dags/example_latest_only_with_trigger.py
[2023-10-10T15:27:39.541+0000] {processor.py:839} INFO - DAG(s) dict_keys(['latest_only_with_trigger']) retrieved from /home/airflow/.local/lib/python3.8/site-packages/airflow/example_dags/example_latest_only_with_trigger.py
[2023-10-10T15:27:39.559+0000] {logging_mixin.py:151} INFO - [2023-10-10T15:27:39.559+0000] {dag.py:2915} INFO - Sync 1 DAGs
[2023-10-10T15:27:39.576+0000] {logging_mixin.py:151} INFO - [2023-10-10T15:27:39.576+0000] {dag.py:3696} INFO - Setting next_dagrun for latest_only_with_trigger to 2023-10-10T11:27:39.575832+00:00, run_after=2023-10-10T15:27:39.575832+00:00
[2023-10-10T15:27:39.593+0000] {processor.py:179} INFO - Processing /home/airflow/.local/lib/python3.8/site-packages/airflow/example_dags/example_latest_only_with_trigger.py took 0.062 seconds
[2023-10-10T15:28:10.491+0000] {processor.py:157} INFO - Started process (PID=597) to work on /home/airflow/.local/lib/python3.8/site-packages/airflow/example_dags/example_latest_only_with_trigger.py
[2023-10-10T15:28:10.491+0000] {processor.py:829} INFO - Processing file /home/airflow/.local/lib/python3.8/site-packages/airflow/example_dags/example_latest_only_with_trigger.py for tasks to queue
[2023-10-10T15:28:10.493+0000] {logging_mixin.py:151} INFO - [2023-10-10T15:28:10.493+0000] {dagbag.py:539} INFO - Filling up the DagBag from /home/airflow/.local/lib/python3.8/site-packages/airflow/example_dags/example_latest_only_with_trigger.py
[2023-10-10T15:28:10.498+0000] {processor.py:839} INFO - DAG(s) dict_keys(['latest_only_with_trigger']) retrieved from /home/airflow/.local/lib/python3.8/site-packages/airflow/example_dags/example_latest_only_with_trigger.py
[2023-10-10T15:28:10.593+0000] {logging_mixin.py:151} INFO - [2023-10-10T15:28:10.593+0000] {dag.py:2915} INFO - Sync 1 DAGs
[2023-10-10T15:28:10.616+0000] {logging_mixin.py:151} INFO - [2023-10-10T15:28:10.616+0000] {dag.py:3696} INFO - Setting next_dagrun for latest_only_with_trigger to 2023-10-10T11:28:10.616476+00:00, run_after=2023-10-10T15:28:10.616476+00:00
[2023-10-10T15:28:10.693+0000] {processor.py:179} INFO - Processing /home/airflow/.local/lib/python3.8/site-packages/airflow/example_dags/example_latest_only_with_trigger.py took 0.206 seconds
[2023-10-10T15:28:41.279+0000] {processor.py:157} INFO - Started process (PID=651) to work on /home/airflow/.local/lib/python3.8/site-packages/airflow/example_dags/example_latest_only_with_trigger.py
[2023-10-10T15:28:41.280+0000] {processor.py:829} INFO - Processing file /home/airflow/.local/lib/python3.8/site-packages/airflow/example_dags/example_latest_only_with_trigger.py for tasks to queue
[2023-10-10T15:28:41.282+0000] {logging_mixin.py:151} INFO - [2023-10-10T15:28:41.281+0000] {dagbag.py:539} INFO - Filling up the DagBag from /home/airflow/.local/lib/python3.8/site-packages/airflow/example_dags/example_latest_only_with_trigger.py
[2023-10-10T15:28:41.286+0000] {processor.py:839} INFO - DAG(s) dict_keys(['latest_only_with_trigger']) retrieved from /home/airflow/.local/lib/python3.8/site-packages/airflow/example_dags/example_latest_only_with_trigger.py
[2023-10-10T15:28:41.305+0000] {logging_mixin.py:151} INFO - [2023-10-10T15:28:41.304+0000] {dag.py:2915} INFO - Sync 1 DAGs
[2023-10-10T15:28:41.322+0000] {logging_mixin.py:151} INFO - [2023-10-10T15:28:41.322+0000] {dag.py:3696} INFO - Setting next_dagrun for latest_only_with_trigger to 2023-10-10T11:28:41.322402+00:00, run_after=2023-10-10T15:28:41.322402+00:00
[2023-10-10T15:28:41.338+0000] {processor.py:179} INFO - Processing /home/airflow/.local/lib/python3.8/site-packages/airflow/example_dags/example_latest_only_with_trigger.py took 0.062 seconds
[2023-10-10T15:29:11.645+0000] {processor.py:157} INFO - Started process (PID=705) to work on /home/airflow/.local/lib/python3.8/site-packages/airflow/example_dags/example_latest_only_with_trigger.py
[2023-10-10T15:29:11.646+0000] {processor.py:829} INFO - Processing file /home/airflow/.local/lib/python3.8/site-packages/airflow/example_dags/example_latest_only_with_trigger.py for tasks to queue
[2023-10-10T15:29:11.648+0000] {logging_mixin.py:151} INFO - [2023-10-10T15:29:11.647+0000] {dagbag.py:539} INFO - Filling up the DagBag from /home/airflow/.local/lib/python3.8/site-packages/airflow/example_dags/example_latest_only_with_trigger.py
[2023-10-10T15:29:11.653+0000] {processor.py:839} INFO - DAG(s) dict_keys(['latest_only_with_trigger']) retrieved from /home/airflow/.local/lib/python3.8/site-packages/airflow/example_dags/example_latest_only_with_trigger.py
[2023-10-10T15:29:11.672+0000] {logging_mixin.py:151} INFO - [2023-10-10T15:29:11.672+0000] {dag.py:2915} INFO - Sync 1 DAGs
[2023-10-10T15:29:11.690+0000] {logging_mixin.py:151} INFO - [2023-10-10T15:29:11.690+0000] {dag.py:3696} INFO - Setting next_dagrun for latest_only_with_trigger to 2023-10-10T11:29:11.690251+00:00, run_after=2023-10-10T15:29:11.690251+00:00
[2023-10-10T15:29:11.704+0000] {processor.py:179} INFO - Processing /home/airflow/.local/lib/python3.8/site-packages/airflow/example_dags/example_latest_only_with_trigger.py took 0.062 seconds
[2023-10-10T15:29:41.989+0000] {processor.py:157} INFO - Started process (PID=759) to work on /home/airflow/.local/lib/python3.8/site-packages/airflow/example_dags/example_latest_only_with_trigger.py
[2023-10-10T15:29:41.990+0000] {processor.py:829} INFO - Processing file /home/airflow/.local/lib/python3.8/site-packages/airflow/example_dags/example_latest_only_with_trigger.py for tasks to queue
[2023-10-10T15:29:41.992+0000] {logging_mixin.py:151} INFO - [2023-10-10T15:29:41.992+0000] {dagbag.py:539} INFO - Filling up the DagBag from /home/airflow/.local/lib/python3.8/site-packages/airflow/example_dags/example_latest_only_with_trigger.py
[2023-10-10T15:29:41.997+0000] {processor.py:839} INFO - DAG(s) dict_keys(['latest_only_with_trigger']) retrieved from /home/airflow/.local/lib/python3.8/site-packages/airflow/example_dags/example_latest_only_with_trigger.py
[2023-10-10T15:29:42.017+0000] {logging_mixin.py:151} INFO - [2023-10-10T15:29:42.016+0000] {dag.py:2915} INFO - Sync 1 DAGs
[2023-10-10T15:29:42.039+0000] {logging_mixin.py:151} INFO - [2023-10-10T15:29:42.039+0000] {dag.py:3696} INFO - Setting next_dagrun for latest_only_with_trigger to 2023-10-10T11:29:42.039340+00:00, run_after=2023-10-10T15:29:42.039340+00:00
[2023-10-10T15:29:42.058+0000] {processor.py:179} INFO - Processing /home/airflow/.local/lib/python3.8/site-packages/airflow/example_dags/example_latest_only_with_trigger.py took 0.072 seconds
[2023-10-10T15:30:12.265+0000] {processor.py:157} INFO - Started process (PID=813) to work on /home/airflow/.local/lib/python3.8/site-packages/airflow/example_dags/example_latest_only_with_trigger.py
[2023-10-10T15:30:12.267+0000] {processor.py:829} INFO - Processing file /home/airflow/.local/lib/python3.8/site-packages/airflow/example_dags/example_latest_only_with_trigger.py for tasks to queue
[2023-10-10T15:30:12.268+0000] {logging_mixin.py:151} INFO - [2023-10-10T15:30:12.268+0000] {dagbag.py:539} INFO - Filling up the DagBag from /home/airflow/.local/lib/python3.8/site-packages/airflow/example_dags/example_latest_only_with_trigger.py
[2023-10-10T15:30:12.273+0000] {processor.py:839} INFO - DAG(s) dict_keys(['latest_only_with_trigger']) retrieved from /home/airflow/.local/lib/python3.8/site-packages/airflow/example_dags/example_latest_only_with_trigger.py
[2023-10-10T15:30:12.292+0000] {logging_mixin.py:151} INFO - [2023-10-10T15:30:12.292+0000] {dag.py:2915} INFO - Sync 1 DAGs
[2023-10-10T15:30:12.312+0000] {logging_mixin.py:151} INFO - [2023-10-10T15:30:12.311+0000] {dag.py:3696} INFO - Setting next_dagrun for latest_only_with_trigger to 2023-10-10T11:30:12.311682+00:00, run_after=2023-10-10T15:30:12.311682+00:00
[2023-10-10T15:30:12.326+0000] {processor.py:179} INFO - Processing /home/airflow/.local/lib/python3.8/site-packages/airflow/example_dags/example_latest_only_with_trigger.py took 0.064 seconds
[2023-10-10T15:30:42.517+0000] {processor.py:157} INFO - Started process (PID=867) to work on /home/airflow/.local/lib/python3.8/site-packages/airflow/example_dags/example_latest_only_with_trigger.py
[2023-10-10T15:30:42.518+0000] {processor.py:829} INFO - Processing file /home/airflow/.local/lib/python3.8/site-packages/airflow/example_dags/example_latest_only_with_trigger.py for tasks to queue
[2023-10-10T15:30:42.519+0000] {logging_mixin.py:151} INFO - [2023-10-10T15:30:42.519+0000] {dagbag.py:539} INFO - Filling up the DagBag from /home/airflow/.local/lib/python3.8/site-packages/airflow/example_dags/example_latest_only_with_trigger.py
[2023-10-10T15:30:42.524+0000] {processor.py:839} INFO - DAG(s) dict_keys(['latest_only_with_trigger']) retrieved from /home/airflow/.local/lib/python3.8/site-packages/airflow/example_dags/example_latest_only_with_trigger.py
[2023-10-10T15:30:42.544+0000] {logging_mixin.py:151} INFO - [2023-10-10T15:30:42.543+0000] {dag.py:2915} INFO - Sync 1 DAGs
[2023-10-10T15:30:42.576+0000] {logging_mixin.py:151} INFO - [2023-10-10T15:30:42.576+0000] {dag.py:3696} INFO - Setting next_dagrun for latest_only_with_trigger to 2023-10-10T11:30:42.575916+00:00, run_after=2023-10-10T15:30:42.575916+00:00
[2023-10-10T15:30:42.598+0000] {processor.py:179} INFO - Processing /home/airflow/.local/lib/python3.8/site-packages/airflow/example_dags/example_latest_only_with_trigger.py took 0.084 seconds
[2023-10-10T15:31:12.773+0000] {processor.py:157} INFO - Started process (PID=921) to work on /home/airflow/.local/lib/python3.8/site-packages/airflow/example_dags/example_latest_only_with_trigger.py
[2023-10-10T15:31:12.774+0000] {processor.py:829} INFO - Processing file /home/airflow/.local/lib/python3.8/site-packages/airflow/example_dags/example_latest_only_with_trigger.py for tasks to queue
[2023-10-10T15:31:12.776+0000] {logging_mixin.py:151} INFO - [2023-10-10T15:31:12.776+0000] {dagbag.py:539} INFO - Filling up the DagBag from /home/airflow/.local/lib/python3.8/site-packages/airflow/example_dags/example_latest_only_with_trigger.py
[2023-10-10T15:31:12.782+0000] {processor.py:839} INFO - DAG(s) dict_keys(['latest_only_with_trigger']) retrieved from /home/airflow/.local/lib/python3.8/site-packages/airflow/example_dags/example_latest_only_with_trigger.py
[2023-10-10T15:31:12.807+0000] {logging_mixin.py:151} INFO - [2023-10-10T15:31:12.807+0000] {dag.py:2915} INFO - Sync 1 DAGs
[2023-10-10T15:31:12.832+0000] {logging_mixin.py:151} INFO - [2023-10-10T15:31:12.832+0000] {dag.py:3696} INFO - Setting next_dagrun for latest_only_with_trigger to 2023-10-10T11:31:12.832264+00:00, run_after=2023-10-10T15:31:12.832264+00:00
[2023-10-10T15:31:12.854+0000] {processor.py:179} INFO - Processing /home/airflow/.local/lib/python3.8/site-packages/airflow/example_dags/example_latest_only_with_trigger.py took 0.084 seconds
[2023-10-10T15:31:43.079+0000] {processor.py:157} INFO - Started process (PID=975) to work on /home/airflow/.local/lib/python3.8/site-packages/airflow/example_dags/example_latest_only_with_trigger.py
[2023-10-10T15:31:43.080+0000] {processor.py:829} INFO - Processing file /home/airflow/.local/lib/python3.8/site-packages/airflow/example_dags/example_latest_only_with_trigger.py for tasks to queue
[2023-10-10T15:31:43.082+0000] {logging_mixin.py:151} INFO - [2023-10-10T15:31:43.082+0000] {dagbag.py:539} INFO - Filling up the DagBag from /home/airflow/.local/lib/python3.8/site-packages/airflow/example_dags/example_latest_only_with_trigger.py
[2023-10-10T15:31:43.088+0000] {processor.py:839} INFO - DAG(s) dict_keys(['latest_only_with_trigger']) retrieved from /home/airflow/.local/lib/python3.8/site-packages/airflow/example_dags/example_latest_only_with_trigger.py
[2023-10-10T15:31:43.116+0000] {logging_mixin.py:151} INFO - [2023-10-10T15:31:43.115+0000] {dag.py:2915} INFO - Sync 1 DAGs
[2023-10-10T15:31:43.144+0000] {logging_mixin.py:151} INFO - [2023-10-10T15:31:43.144+0000] {dag.py:3696} INFO - Setting next_dagrun for latest_only_with_trigger to 2023-10-10T11:31:43.143824+00:00, run_after=2023-10-10T15:31:43.143824+00:00
[2023-10-10T15:31:43.169+0000] {processor.py:179} INFO - Processing /home/airflow/.local/lib/python3.8/site-packages/airflow/example_dags/example_latest_only_with_trigger.py took 0.093 seconds
[2023-10-10T15:32:13.852+0000] {processor.py:157} INFO - Started process (PID=1029) to work on /home/airflow/.local/lib/python3.8/site-packages/airflow/example_dags/example_latest_only_with_trigger.py
[2023-10-10T15:32:13.853+0000] {processor.py:829} INFO - Processing file /home/airflow/.local/lib/python3.8/site-packages/airflow/example_dags/example_latest_only_with_trigger.py for tasks to queue
[2023-10-10T15:32:13.854+0000] {logging_mixin.py:151} INFO - [2023-10-10T15:32:13.854+0000] {dagbag.py:539} INFO - Filling up the DagBag from /home/airflow/.local/lib/python3.8/site-packages/airflow/example_dags/example_latest_only_with_trigger.py
[2023-10-10T15:32:13.859+0000] {processor.py:839} INFO - DAG(s) dict_keys(['latest_only_with_trigger']) retrieved from /home/airflow/.local/lib/python3.8/site-packages/airflow/example_dags/example_latest_only_with_trigger.py
[2023-10-10T15:32:13.879+0000] {logging_mixin.py:151} INFO - [2023-10-10T15:32:13.879+0000] {dag.py:2915} INFO - Sync 1 DAGs
[2023-10-10T15:32:13.903+0000] {logging_mixin.py:151} INFO - [2023-10-10T15:32:13.902+0000] {dag.py:3696} INFO - Setting next_dagrun for latest_only_with_trigger to 2023-10-10T11:32:13.902642+00:00, run_after=2023-10-10T15:32:13.902642+00:00
[2023-10-10T15:32:13.922+0000] {processor.py:179} INFO - Processing /home/airflow/.local/lib/python3.8/site-packages/airflow/example_dags/example_latest_only_with_trigger.py took 0.073 seconds
[2023-10-10T15:32:44.718+0000] {processor.py:157} INFO - Started process (PID=1083) to work on /home/airflow/.local/lib/python3.8/site-packages/airflow/example_dags/example_latest_only_with_trigger.py
[2023-10-10T15:32:44.719+0000] {processor.py:829} INFO - Processing file /home/airflow/.local/lib/python3.8/site-packages/airflow/example_dags/example_latest_only_with_trigger.py for tasks to queue
[2023-10-10T15:32:44.721+0000] {logging_mixin.py:151} INFO - [2023-10-10T15:32:44.720+0000] {dagbag.py:539} INFO - Filling up the DagBag from /home/airflow/.local/lib/python3.8/site-packages/airflow/example_dags/example_latest_only_with_trigger.py
[2023-10-10T15:32:44.726+0000] {processor.py:839} INFO - DAG(s) dict_keys(['latest_only_with_trigger']) retrieved from /home/airflow/.local/lib/python3.8/site-packages/airflow/example_dags/example_latest_only_with_trigger.py
[2023-10-10T15:32:44.745+0000] {logging_mixin.py:151} INFO - [2023-10-10T15:32:44.745+0000] {dag.py:2915} INFO - Sync 1 DAGs
[2023-10-10T15:32:44.763+0000] {logging_mixin.py:151} INFO - [2023-10-10T15:32:44.762+0000] {dag.py:3696} INFO - Setting next_dagrun for latest_only_with_trigger to 2023-10-10T11:32:44.762784+00:00, run_after=2023-10-10T15:32:44.762784+00:00
[2023-10-10T15:32:44.777+0000] {processor.py:179} INFO - Processing /home/airflow/.local/lib/python3.8/site-packages/airflow/example_dags/example_latest_only_with_trigger.py took 0.062 seconds
[2023-10-10T15:33:15.052+0000] {processor.py:157} INFO - Started process (PID=1137) to work on /home/airflow/.local/lib/python3.8/site-packages/airflow/example_dags/example_latest_only_with_trigger.py
[2023-10-10T15:33:15.053+0000] {processor.py:829} INFO - Processing file /home/airflow/.local/lib/python3.8/site-packages/airflow/example_dags/example_latest_only_with_trigger.py for tasks to queue
[2023-10-10T15:33:15.054+0000] {logging_mixin.py:151} INFO - [2023-10-10T15:33:15.054+0000] {dagbag.py:539} INFO - Filling up the DagBag from /home/airflow/.local/lib/python3.8/site-packages/airflow/example_dags/example_latest_only_with_trigger.py
[2023-10-10T15:33:15.059+0000] {processor.py:839} INFO - DAG(s) dict_keys(['latest_only_with_trigger']) retrieved from /home/airflow/.local/lib/python3.8/site-packages/airflow/example_dags/example_latest_only_with_trigger.py
[2023-10-10T15:33:15.077+0000] {logging_mixin.py:151} INFO - [2023-10-10T15:33:15.077+0000] {dag.py:2915} INFO - Sync 1 DAGs
[2023-10-10T15:33:15.098+0000] {logging_mixin.py:151} INFO - [2023-10-10T15:33:15.098+0000] {dag.py:3696} INFO - Setting next_dagrun for latest_only_with_trigger to 2023-10-10T11:33:15.097939+00:00, run_after=2023-10-10T15:33:15.097939+00:00
[2023-10-10T15:33:15.118+0000] {processor.py:179} INFO - Processing /home/airflow/.local/lib/python3.8/site-packages/airflow/example_dags/example_latest_only_with_trigger.py took 0.068 seconds
[2023-10-10T15:33:45.396+0000] {processor.py:157} INFO - Started process (PID=1191) to work on /home/airflow/.local/lib/python3.8/site-packages/airflow/example_dags/example_latest_only_with_trigger.py
[2023-10-10T15:33:45.397+0000] {processor.py:829} INFO - Processing file /home/airflow/.local/lib/python3.8/site-packages/airflow/example_dags/example_latest_only_with_trigger.py for tasks to queue
[2023-10-10T15:33:45.399+0000] {logging_mixin.py:151} INFO - [2023-10-10T15:33:45.399+0000] {dagbag.py:539} INFO - Filling up the DagBag from /home/airflow/.local/lib/python3.8/site-packages/airflow/example_dags/example_latest_only_with_trigger.py
[2023-10-10T15:33:45.404+0000] {processor.py:839} INFO - DAG(s) dict_keys(['latest_only_with_trigger']) retrieved from /home/airflow/.local/lib/python3.8/site-packages/airflow/example_dags/example_latest_only_with_trigger.py
[2023-10-10T15:33:45.425+0000] {logging_mixin.py:151} INFO - [2023-10-10T15:33:45.424+0000] {dag.py:2915} INFO - Sync 1 DAGs
[2023-10-10T15:33:45.446+0000] {logging_mixin.py:151} INFO - [2023-10-10T15:33:45.446+0000] {dag.py:3696} INFO - Setting next_dagrun for latest_only_with_trigger to 2023-10-10T11:33:45.445867+00:00, run_after=2023-10-10T15:33:45.445867+00:00
[2023-10-10T15:33:45.463+0000] {processor.py:179} INFO - Processing /home/airflow/.local/lib/python3.8/site-packages/airflow/example_dags/example_latest_only_with_trigger.py took 0.070 seconds
[2023-10-10T15:34:15.627+0000] {processor.py:157} INFO - Started process (PID=1245) to work on /home/airflow/.local/lib/python3.8/site-packages/airflow/example_dags/example_latest_only_with_trigger.py
[2023-10-10T15:34:15.628+0000] {processor.py:829} INFO - Processing file /home/airflow/.local/lib/python3.8/site-packages/airflow/example_dags/example_latest_only_with_trigger.py for tasks to queue
[2023-10-10T15:34:15.630+0000] {logging_mixin.py:151} INFO - [2023-10-10T15:34:15.629+0000] {dagbag.py:539} INFO - Filling up the DagBag from /home/airflow/.local/lib/python3.8/site-packages/airflow/example_dags/example_latest_only_with_trigger.py
[2023-10-10T15:34:15.634+0000] {processor.py:839} INFO - DAG(s) dict_keys(['latest_only_with_trigger']) retrieved from /home/airflow/.local/lib/python3.8/site-packages/airflow/example_dags/example_latest_only_with_trigger.py
[2023-10-10T15:34:15.653+0000] {logging_mixin.py:151} INFO - [2023-10-10T15:34:15.653+0000] {dag.py:2915} INFO - Sync 1 DAGs
[2023-10-10T15:34:15.676+0000] {logging_mixin.py:151} INFO - [2023-10-10T15:34:15.676+0000] {dag.py:3696} INFO - Setting next_dagrun for latest_only_with_trigger to 2023-10-10T11:34:15.676302+00:00, run_after=2023-10-10T15:34:15.676302+00:00
[2023-10-10T15:34:15.694+0000] {processor.py:179} INFO - Processing /home/airflow/.local/lib/python3.8/site-packages/airflow/example_dags/example_latest_only_with_trigger.py took 0.070 seconds
[2023-10-10T15:34:46.061+0000] {processor.py:157} INFO - Started process (PID=1299) to work on /home/airflow/.local/lib/python3.8/site-packages/airflow/example_dags/example_latest_only_with_trigger.py
[2023-10-10T15:34:46.062+0000] {processor.py:829} INFO - Processing file /home/airflow/.local/lib/python3.8/site-packages/airflow/example_dags/example_latest_only_with_trigger.py for tasks to queue
[2023-10-10T15:34:46.063+0000] {logging_mixin.py:151} INFO - [2023-10-10T15:34:46.063+0000] {dagbag.py:539} INFO - Filling up the DagBag from /home/airflow/.local/lib/python3.8/site-packages/airflow/example_dags/example_latest_only_with_trigger.py
[2023-10-10T15:34:46.069+0000] {processor.py:839} INFO - DAG(s) dict_keys(['latest_only_with_trigger']) retrieved from /home/airflow/.local/lib/python3.8/site-packages/airflow/example_dags/example_latest_only_with_trigger.py
[2023-10-10T15:34:46.093+0000] {logging_mixin.py:151} INFO - [2023-10-10T15:34:46.093+0000] {dag.py:2915} INFO - Sync 1 DAGs
[2023-10-10T15:34:46.117+0000] {logging_mixin.py:151} INFO - [2023-10-10T15:34:46.117+0000] {dag.py:3696} INFO - Setting next_dagrun for latest_only_with_trigger to 2023-10-10T11:34:46.117165+00:00, run_after=2023-10-10T15:34:46.117165+00:00
[2023-10-10T15:34:46.135+0000] {processor.py:179} INFO - Processing /home/airflow/.local/lib/python3.8/site-packages/airflow/example_dags/example_latest_only_with_trigger.py took 0.077 seconds
[2023-10-10T15:35:16.321+0000] {processor.py:157} INFO - Started process (PID=1352) to work on /home/airflow/.local/lib/python3.8/site-packages/airflow/example_dags/example_latest_only_with_trigger.py
[2023-10-10T15:35:16.322+0000] {processor.py:829} INFO - Processing file /home/airflow/.local/lib/python3.8/site-packages/airflow/example_dags/example_latest_only_with_trigger.py for tasks to queue
[2023-10-10T15:35:16.324+0000] {logging_mixin.py:151} INFO - [2023-10-10T15:35:16.323+0000] {dagbag.py:539} INFO - Filling up the DagBag from /home/airflow/.local/lib/python3.8/site-packages/airflow/example_dags/example_latest_only_with_trigger.py
[2023-10-10T15:35:16.328+0000] {processor.py:839} INFO - DAG(s) dict_keys(['latest_only_with_trigger']) retrieved from /home/airflow/.local/lib/python3.8/site-packages/airflow/example_dags/example_latest_only_with_trigger.py
[2023-10-10T15:35:16.353+0000] {logging_mixin.py:151} INFO - [2023-10-10T15:35:16.353+0000] {dag.py:2915} INFO - Sync 1 DAGs
[2023-10-10T15:35:16.378+0000] {logging_mixin.py:151} INFO - [2023-10-10T15:35:16.378+0000] {dag.py:3696} INFO - Setting next_dagrun for latest_only_with_trigger to 2023-10-10T11:35:16.377958+00:00, run_after=2023-10-10T15:35:16.377958+00:00
[2023-10-10T15:35:16.403+0000] {processor.py:179} INFO - Processing /home/airflow/.local/lib/python3.8/site-packages/airflow/example_dags/example_latest_only_with_trigger.py took 0.085 seconds
[2023-10-10T15:35:46.640+0000] {processor.py:157} INFO - Started process (PID=1406) to work on /home/airflow/.local/lib/python3.8/site-packages/airflow/example_dags/example_latest_only_with_trigger.py
[2023-10-10T15:35:46.641+0000] {processor.py:829} INFO - Processing file /home/airflow/.local/lib/python3.8/site-packages/airflow/example_dags/example_latest_only_with_trigger.py for tasks to queue
[2023-10-10T15:35:46.643+0000] {logging_mixin.py:151} INFO - [2023-10-10T15:35:46.643+0000] {dagbag.py:539} INFO - Filling up the DagBag from /home/airflow/.local/lib/python3.8/site-packages/airflow/example_dags/example_latest_only_with_trigger.py
[2023-10-10T15:35:46.648+0000] {processor.py:839} INFO - DAG(s) dict_keys(['latest_only_with_trigger']) retrieved from /home/airflow/.local/lib/python3.8/site-packages/airflow/example_dags/example_latest_only_with_trigger.py
[2023-10-10T15:35:46.670+0000] {logging_mixin.py:151} INFO - [2023-10-10T15:35:46.670+0000] {dag.py:2915} INFO - Sync 1 DAGs
[2023-10-10T15:35:46.701+0000] {logging_mixin.py:151} INFO - [2023-10-10T15:35:46.701+0000] {dag.py:3696} INFO - Setting next_dagrun for latest_only_with_trigger to 2023-10-10T11:35:46.701306+00:00, run_after=2023-10-10T15:35:46.701306+00:00
[2023-10-10T15:35:46.722+0000] {processor.py:179} INFO - Processing /home/airflow/.local/lib/python3.8/site-packages/airflow/example_dags/example_latest_only_with_trigger.py took 0.085 seconds
[2023-10-10T15:36:17.317+0000] {processor.py:157} INFO - Started process (PID=1460) to work on /home/airflow/.local/lib/python3.8/site-packages/airflow/example_dags/example_latest_only_with_trigger.py
[2023-10-10T15:36:17.318+0000] {processor.py:829} INFO - Processing file /home/airflow/.local/lib/python3.8/site-packages/airflow/example_dags/example_latest_only_with_trigger.py for tasks to queue
[2023-10-10T15:36:17.320+0000] {logging_mixin.py:151} INFO - [2023-10-10T15:36:17.320+0000] {dagbag.py:539} INFO - Filling up the DagBag from /home/airflow/.local/lib/python3.8/site-packages/airflow/example_dags/example_latest_only_with_trigger.py
[2023-10-10T15:36:17.326+0000] {processor.py:839} INFO - DAG(s) dict_keys(['latest_only_with_trigger']) retrieved from /home/airflow/.local/lib/python3.8/site-packages/airflow/example_dags/example_latest_only_with_trigger.py
[2023-10-10T15:36:17.351+0000] {logging_mixin.py:151} INFO - [2023-10-10T15:36:17.351+0000] {dag.py:2915} INFO - Sync 1 DAGs
[2023-10-10T15:36:17.377+0000] {logging_mixin.py:151} INFO - [2023-10-10T15:36:17.377+0000] {dag.py:3696} INFO - Setting next_dagrun for latest_only_with_trigger to 2023-10-10T11:36:17.377235+00:00, run_after=2023-10-10T15:36:17.377235+00:00
[2023-10-10T15:36:17.496+0000] {processor.py:179} INFO - Processing /home/airflow/.local/lib/python3.8/site-packages/airflow/example_dags/example_latest_only_with_trigger.py took 0.182 seconds
[2023-10-10T15:36:47.569+0000] {processor.py:157} INFO - Started process (PID=1514) to work on /home/airflow/.local/lib/python3.8/site-packages/airflow/example_dags/example_latest_only_with_trigger.py
[2023-10-10T15:36:47.569+0000] {processor.py:829} INFO - Processing file /home/airflow/.local/lib/python3.8/site-packages/airflow/example_dags/example_latest_only_with_trigger.py for tasks to queue
[2023-10-10T15:36:47.571+0000] {logging_mixin.py:151} INFO - [2023-10-10T15:36:47.571+0000] {dagbag.py:539} INFO - Filling up the DagBag from /home/airflow/.local/lib/python3.8/site-packages/airflow/example_dags/example_latest_only_with_trigger.py
[2023-10-10T15:36:47.576+0000] {processor.py:839} INFO - DAG(s) dict_keys(['latest_only_with_trigger']) retrieved from /home/airflow/.local/lib/python3.8/site-packages/airflow/example_dags/example_latest_only_with_trigger.py
[2023-10-10T15:36:47.597+0000] {logging_mixin.py:151} INFO - [2023-10-10T15:36:47.596+0000] {dag.py:2915} INFO - Sync 1 DAGs
[2023-10-10T15:36:47.618+0000] {logging_mixin.py:151} INFO - [2023-10-10T15:36:47.618+0000] {dag.py:3696} INFO - Setting next_dagrun for latest_only_with_trigger to 2023-10-10T11:36:47.618194+00:00, run_after=2023-10-10T15:36:47.618194+00:00
[2023-10-10T15:36:47.637+0000] {processor.py:179} INFO - Processing /home/airflow/.local/lib/python3.8/site-packages/airflow/example_dags/example_latest_only_with_trigger.py took 0.071 seconds
[2023-10-10T15:37:17.842+0000] {processor.py:157} INFO - Started process (PID=1568) to work on /home/airflow/.local/lib/python3.8/site-packages/airflow/example_dags/example_latest_only_with_trigger.py
[2023-10-10T15:37:17.843+0000] {processor.py:829} INFO - Processing file /home/airflow/.local/lib/python3.8/site-packages/airflow/example_dags/example_latest_only_with_trigger.py for tasks to queue
[2023-10-10T15:37:17.845+0000] {logging_mixin.py:151} INFO - [2023-10-10T15:37:17.845+0000] {dagbag.py:539} INFO - Filling up the DagBag from /home/airflow/.local/lib/python3.8/site-packages/airflow/example_dags/example_latest_only_with_trigger.py
[2023-10-10T15:37:17.851+0000] {processor.py:839} INFO - DAG(s) dict_keys(['latest_only_with_trigger']) retrieved from /home/airflow/.local/lib/python3.8/site-packages/airflow/example_dags/example_latest_only_with_trigger.py
[2023-10-10T15:37:17.892+0000] {logging_mixin.py:151} INFO - [2023-10-10T15:37:17.892+0000] {dag.py:2915} INFO - Sync 1 DAGs
[2023-10-10T15:37:17.915+0000] {logging_mixin.py:151} INFO - [2023-10-10T15:37:17.914+0000] {dag.py:3696} INFO - Setting next_dagrun for latest_only_with_trigger to 2023-10-10T11:37:17.914630+00:00, run_after=2023-10-10T15:37:17.914630+00:00
[2023-10-10T15:37:17.935+0000] {processor.py:179} INFO - Processing /home/airflow/.local/lib/python3.8/site-packages/airflow/example_dags/example_latest_only_with_trigger.py took 0.096 seconds
[2023-10-10T15:37:48.068+0000] {processor.py:157} INFO - Started process (PID=1622) to work on /home/airflow/.local/lib/python3.8/site-packages/airflow/example_dags/example_latest_only_with_trigger.py
[2023-10-10T15:37:48.069+0000] {processor.py:829} INFO - Processing file /home/airflow/.local/lib/python3.8/site-packages/airflow/example_dags/example_latest_only_with_trigger.py for tasks to queue
[2023-10-10T15:37:48.070+0000] {logging_mixin.py:151} INFO - [2023-10-10T15:37:48.070+0000] {dagbag.py:539} INFO - Filling up the DagBag from /home/airflow/.local/lib/python3.8/site-packages/airflow/example_dags/example_latest_only_with_trigger.py
[2023-10-10T15:37:48.079+0000] {processor.py:839} INFO - DAG(s) dict_keys(['latest_only_with_trigger']) retrieved from /home/airflow/.local/lib/python3.8/site-packages/airflow/example_dags/example_latest_only_with_trigger.py
[2023-10-10T15:37:48.101+0000] {logging_mixin.py:151} INFO - [2023-10-10T15:37:48.101+0000] {dag.py:2915} INFO - Sync 1 DAGs
[2023-10-10T15:37:48.125+0000] {logging_mixin.py:151} INFO - [2023-10-10T15:37:48.124+0000] {dag.py:3696} INFO - Setting next_dagrun for latest_only_with_trigger to 2023-10-10T11:37:48.124531+00:00, run_after=2023-10-10T15:37:48.124531+00:00
[2023-10-10T15:37:48.144+0000] {processor.py:179} INFO - Processing /home/airflow/.local/lib/python3.8/site-packages/airflow/example_dags/example_latest_only_with_trigger.py took 0.079 seconds
[2023-10-10T15:38:18.777+0000] {processor.py:157} INFO - Started process (PID=1676) to work on /home/airflow/.local/lib/python3.8/site-packages/airflow/example_dags/example_latest_only_with_trigger.py
[2023-10-10T15:38:18.778+0000] {processor.py:829} INFO - Processing file /home/airflow/.local/lib/python3.8/site-packages/airflow/example_dags/example_latest_only_with_trigger.py for tasks to queue
[2023-10-10T15:38:18.780+0000] {logging_mixin.py:151} INFO - [2023-10-10T15:38:18.780+0000] {dagbag.py:539} INFO - Filling up the DagBag from /home/airflow/.local/lib/python3.8/site-packages/airflow/example_dags/example_latest_only_with_trigger.py
[2023-10-10T15:38:18.787+0000] {processor.py:839} INFO - DAG(s) dict_keys(['latest_only_with_trigger']) retrieved from /home/airflow/.local/lib/python3.8/site-packages/airflow/example_dags/example_latest_only_with_trigger.py
[2023-10-10T15:38:18.816+0000] {logging_mixin.py:151} INFO - [2023-10-10T15:38:18.815+0000] {dag.py:2915} INFO - Sync 1 DAGs
[2023-10-10T15:38:18.844+0000] {logging_mixin.py:151} INFO - [2023-10-10T15:38:18.844+0000] {dag.py:3696} INFO - Setting next_dagrun for latest_only_with_trigger to 2023-10-10T11:38:18.844188+00:00, run_after=2023-10-10T15:38:18.844188+00:00
[2023-10-10T15:38:18.869+0000] {processor.py:179} INFO - Processing /home/airflow/.local/lib/python3.8/site-packages/airflow/example_dags/example_latest_only_with_trigger.py took 0.095 seconds
[2023-10-10T15:38:48.949+0000] {processor.py:157} INFO - Started process (PID=1730) to work on /home/airflow/.local/lib/python3.8/site-packages/airflow/example_dags/example_latest_only_with_trigger.py
[2023-10-10T15:38:48.949+0000] {processor.py:829} INFO - Processing file /home/airflow/.local/lib/python3.8/site-packages/airflow/example_dags/example_latest_only_with_trigger.py for tasks to queue
[2023-10-10T15:38:48.951+0000] {logging_mixin.py:151} INFO - [2023-10-10T15:38:48.951+0000] {dagbag.py:539} INFO - Filling up the DagBag from /home/airflow/.local/lib/python3.8/site-packages/airflow/example_dags/example_latest_only_with_trigger.py
[2023-10-10T15:38:48.956+0000] {processor.py:839} INFO - DAG(s) dict_keys(['latest_only_with_trigger']) retrieved from /home/airflow/.local/lib/python3.8/site-packages/airflow/example_dags/example_latest_only_with_trigger.py
[2023-10-10T15:38:48.973+0000] {logging_mixin.py:151} INFO - [2023-10-10T15:38:48.973+0000] {dag.py:2915} INFO - Sync 1 DAGs
[2023-10-10T15:38:48.997+0000] {logging_mixin.py:151} INFO - [2023-10-10T15:38:48.997+0000] {dag.py:3696} INFO - Setting next_dagrun for latest_only_with_trigger to 2023-10-10T11:38:48.997228+00:00, run_after=2023-10-10T15:38:48.997228+00:00
[2023-10-10T15:38:49.019+0000] {processor.py:179} INFO - Processing /home/airflow/.local/lib/python3.8/site-packages/airflow/example_dags/example_latest_only_with_trigger.py took 0.074 seconds
[2023-10-10T15:39:19.265+0000] {processor.py:157} INFO - Started process (PID=1784) to work on /home/airflow/.local/lib/python3.8/site-packages/airflow/example_dags/example_latest_only_with_trigger.py
[2023-10-10T15:39:19.266+0000] {processor.py:829} INFO - Processing file /home/airflow/.local/lib/python3.8/site-packages/airflow/example_dags/example_latest_only_with_trigger.py for tasks to queue
[2023-10-10T15:39:19.268+0000] {logging_mixin.py:151} INFO - [2023-10-10T15:39:19.268+0000] {dagbag.py:539} INFO - Filling up the DagBag from /home/airflow/.local/lib/python3.8/site-packages/airflow/example_dags/example_latest_only_with_trigger.py
[2023-10-10T15:39:19.272+0000] {processor.py:839} INFO - DAG(s) dict_keys(['latest_only_with_trigger']) retrieved from /home/airflow/.local/lib/python3.8/site-packages/airflow/example_dags/example_latest_only_with_trigger.py
[2023-10-10T15:39:19.301+0000] {logging_mixin.py:151} INFO - [2023-10-10T15:39:19.300+0000] {dag.py:2915} INFO - Sync 1 DAGs
[2023-10-10T15:39:19.329+0000] {logging_mixin.py:151} INFO - [2023-10-10T15:39:19.329+0000] {dag.py:3696} INFO - Setting next_dagrun for latest_only_with_trigger to 2023-10-10T11:39:19.328977+00:00, run_after=2023-10-10T15:39:19.328977+00:00
[2023-10-10T15:39:19.348+0000] {processor.py:179} INFO - Processing /home/airflow/.local/lib/python3.8/site-packages/airflow/example_dags/example_latest_only_with_trigger.py took 0.086 seconds
[2023-10-10T15:39:49.435+0000] {processor.py:157} INFO - Started process (PID=1838) to work on /home/airflow/.local/lib/python3.8/site-packages/airflow/example_dags/example_latest_only_with_trigger.py
[2023-10-10T15:39:49.436+0000] {processor.py:829} INFO - Processing file /home/airflow/.local/lib/python3.8/site-packages/airflow/example_dags/example_latest_only_with_trigger.py for tasks to queue
[2023-10-10T15:39:49.437+0000] {logging_mixin.py:151} INFO - [2023-10-10T15:39:49.437+0000] {dagbag.py:539} INFO - Filling up the DagBag from /home/airflow/.local/lib/python3.8/site-packages/airflow/example_dags/example_latest_only_with_trigger.py
[2023-10-10T15:39:49.443+0000] {processor.py:839} INFO - DAG(s) dict_keys(['latest_only_with_trigger']) retrieved from /home/airflow/.local/lib/python3.8/site-packages/airflow/example_dags/example_latest_only_with_trigger.py
[2023-10-10T15:39:49.466+0000] {logging_mixin.py:151} INFO - [2023-10-10T15:39:49.466+0000] {dag.py:2915} INFO - Sync 1 DAGs
[2023-10-10T15:39:49.490+0000] {logging_mixin.py:151} INFO - [2023-10-10T15:39:49.490+0000] {dag.py:3696} INFO - Setting next_dagrun for latest_only_with_trigger to 2023-10-10T11:39:49.489939+00:00, run_after=2023-10-10T15:39:49.489939+00:00
[2023-10-10T15:39:49.513+0000] {processor.py:179} INFO - Processing /home/airflow/.local/lib/python3.8/site-packages/airflow/example_dags/example_latest_only_with_trigger.py took 0.081 seconds
[2023-10-10T15:40:19.780+0000] {processor.py:157} INFO - Started process (PID=1892) to work on /home/airflow/.local/lib/python3.8/site-packages/airflow/example_dags/example_latest_only_with_trigger.py
[2023-10-10T15:40:19.781+0000] {processor.py:829} INFO - Processing file /home/airflow/.local/lib/python3.8/site-packages/airflow/example_dags/example_latest_only_with_trigger.py for tasks to queue
[2023-10-10T15:40:19.784+0000] {logging_mixin.py:151} INFO - [2023-10-10T15:40:19.783+0000] {dagbag.py:539} INFO - Filling up the DagBag from /home/airflow/.local/lib/python3.8/site-packages/airflow/example_dags/example_latest_only_with_trigger.py
[2023-10-10T15:40:19.790+0000] {processor.py:839} INFO - DAG(s) dict_keys(['latest_only_with_trigger']) retrieved from /home/airflow/.local/lib/python3.8/site-packages/airflow/example_dags/example_latest_only_with_trigger.py
[2023-10-10T15:40:19.816+0000] {logging_mixin.py:151} INFO - [2023-10-10T15:40:19.815+0000] {dag.py:2915} INFO - Sync 1 DAGs
[2023-10-10T15:40:19.835+0000] {logging_mixin.py:151} INFO - [2023-10-10T15:40:19.835+0000] {dag.py:3696} INFO - Setting next_dagrun for latest_only_with_trigger to 2023-10-10T11:40:19.835424+00:00, run_after=2023-10-10T15:40:19.835424+00:00
[2023-10-10T15:40:19.850+0000] {processor.py:179} INFO - Processing /home/airflow/.local/lib/python3.8/site-packages/airflow/example_dags/example_latest_only_with_trigger.py took 0.073 seconds
[2023-10-10T15:40:50.064+0000] {processor.py:157} INFO - Started process (PID=1946) to work on /home/airflow/.local/lib/python3.8/site-packages/airflow/example_dags/example_latest_only_with_trigger.py
[2023-10-10T15:40:50.064+0000] {processor.py:829} INFO - Processing file /home/airflow/.local/lib/python3.8/site-packages/airflow/example_dags/example_latest_only_with_trigger.py for tasks to queue
[2023-10-10T15:40:50.066+0000] {logging_mixin.py:151} INFO - [2023-10-10T15:40:50.066+0000] {dagbag.py:539} INFO - Filling up the DagBag from /home/airflow/.local/lib/python3.8/site-packages/airflow/example_dags/example_latest_only_with_trigger.py
[2023-10-10T15:40:50.070+0000] {processor.py:839} INFO - DAG(s) dict_keys(['latest_only_with_trigger']) retrieved from /home/airflow/.local/lib/python3.8/site-packages/airflow/example_dags/example_latest_only_with_trigger.py
[2023-10-10T15:40:50.091+0000] {logging_mixin.py:151} INFO - [2023-10-10T15:40:50.091+0000] {dag.py:2915} INFO - Sync 1 DAGs
[2023-10-10T15:40:50.114+0000] {logging_mixin.py:151} INFO - [2023-10-10T15:40:50.114+0000] {dag.py:3696} INFO - Setting next_dagrun for latest_only_with_trigger to 2023-10-10T11:40:50.113821+00:00, run_after=2023-10-10T15:40:50.113821+00:00
[2023-10-10T15:40:50.132+0000] {processor.py:179} INFO - Processing /home/airflow/.local/lib/python3.8/site-packages/airflow/example_dags/example_latest_only_with_trigger.py took 0.071 seconds
[2023-10-10T15:41:20.381+0000] {processor.py:157} INFO - Started process (PID=2000) to work on /home/airflow/.local/lib/python3.8/site-packages/airflow/example_dags/example_latest_only_with_trigger.py
[2023-10-10T15:41:20.382+0000] {processor.py:829} INFO - Processing file /home/airflow/.local/lib/python3.8/site-packages/airflow/example_dags/example_latest_only_with_trigger.py for tasks to queue
[2023-10-10T15:41:20.384+0000] {logging_mixin.py:151} INFO - [2023-10-10T15:41:20.384+0000] {dagbag.py:539} INFO - Filling up the DagBag from /home/airflow/.local/lib/python3.8/site-packages/airflow/example_dags/example_latest_only_with_trigger.py
[2023-10-10T15:41:20.389+0000] {processor.py:839} INFO - DAG(s) dict_keys(['latest_only_with_trigger']) retrieved from /home/airflow/.local/lib/python3.8/site-packages/airflow/example_dags/example_latest_only_with_trigger.py
[2023-10-10T15:41:20.409+0000] {logging_mixin.py:151} INFO - [2023-10-10T15:41:20.409+0000] {dag.py:2915} INFO - Sync 1 DAGs
[2023-10-10T15:41:20.429+0000] {logging_mixin.py:151} INFO - [2023-10-10T15:41:20.429+0000] {dag.py:3696} INFO - Setting next_dagrun for latest_only_with_trigger to 2023-10-10T11:41:20.428888+00:00, run_after=2023-10-10T15:41:20.428888+00:00
[2023-10-10T15:41:20.444+0000] {processor.py:179} INFO - Processing /home/airflow/.local/lib/python3.8/site-packages/airflow/example_dags/example_latest_only_with_trigger.py took 0.065 seconds
[2023-10-10T15:41:50.747+0000] {processor.py:157} INFO - Started process (PID=2053) to work on /home/airflow/.local/lib/python3.8/site-packages/airflow/example_dags/example_latest_only_with_trigger.py
[2023-10-10T15:41:50.748+0000] {processor.py:829} INFO - Processing file /home/airflow/.local/lib/python3.8/site-packages/airflow/example_dags/example_latest_only_with_trigger.py for tasks to queue
[2023-10-10T15:41:50.750+0000] {logging_mixin.py:151} INFO - [2023-10-10T15:41:50.749+0000] {dagbag.py:539} INFO - Filling up the DagBag from /home/airflow/.local/lib/python3.8/site-packages/airflow/example_dags/example_latest_only_with_trigger.py
[2023-10-10T15:41:50.754+0000] {processor.py:839} INFO - DAG(s) dict_keys(['latest_only_with_trigger']) retrieved from /home/airflow/.local/lib/python3.8/site-packages/airflow/example_dags/example_latest_only_with_trigger.py
[2023-10-10T15:41:50.772+0000] {logging_mixin.py:151} INFO - [2023-10-10T15:41:50.772+0000] {dag.py:2915} INFO - Sync 1 DAGs
[2023-10-10T15:41:50.798+0000] {logging_mixin.py:151} INFO - [2023-10-10T15:41:50.797+0000] {dag.py:3696} INFO - Setting next_dagrun for latest_only_with_trigger to 2023-10-10T11:41:50.797673+00:00, run_after=2023-10-10T15:41:50.797673+00:00
[2023-10-10T15:41:50.813+0000] {processor.py:179} INFO - Processing /home/airflow/.local/lib/python3.8/site-packages/airflow/example_dags/example_latest_only_with_trigger.py took 0.068 seconds
[2023-10-10T15:42:20.968+0000] {processor.py:157} INFO - Started process (PID=2107) to work on /home/airflow/.local/lib/python3.8/site-packages/airflow/example_dags/example_latest_only_with_trigger.py
[2023-10-10T15:42:20.969+0000] {processor.py:829} INFO - Processing file /home/airflow/.local/lib/python3.8/site-packages/airflow/example_dags/example_latest_only_with_trigger.py for tasks to queue
[2023-10-10T15:42:20.970+0000] {logging_mixin.py:151} INFO - [2023-10-10T15:42:20.970+0000] {dagbag.py:539} INFO - Filling up the DagBag from /home/airflow/.local/lib/python3.8/site-packages/airflow/example_dags/example_latest_only_with_trigger.py
[2023-10-10T15:42:20.975+0000] {processor.py:839} INFO - DAG(s) dict_keys(['latest_only_with_trigger']) retrieved from /home/airflow/.local/lib/python3.8/site-packages/airflow/example_dags/example_latest_only_with_trigger.py
[2023-10-10T15:42:20.996+0000] {logging_mixin.py:151} INFO - [2023-10-10T15:42:20.996+0000] {dag.py:2915} INFO - Sync 1 DAGs
[2023-10-10T15:42:21.021+0000] {logging_mixin.py:151} INFO - [2023-10-10T15:42:21.021+0000] {dag.py:3696} INFO - Setting next_dagrun for latest_only_with_trigger to 2023-10-10T11:42:21.021085+00:00, run_after=2023-10-10T15:42:21.021085+00:00
[2023-10-10T15:42:21.042+0000] {processor.py:179} INFO - Processing /home/airflow/.local/lib/python3.8/site-packages/airflow/example_dags/example_latest_only_with_trigger.py took 0.077 seconds
[2023-10-10T15:42:51.295+0000] {processor.py:157} INFO - Started process (PID=2161) to work on /home/airflow/.local/lib/python3.8/site-packages/airflow/example_dags/example_latest_only_with_trigger.py
[2023-10-10T15:42:51.297+0000] {processor.py:829} INFO - Processing file /home/airflow/.local/lib/python3.8/site-packages/airflow/example_dags/example_latest_only_with_trigger.py for tasks to queue
[2023-10-10T15:42:51.299+0000] {logging_mixin.py:151} INFO - [2023-10-10T15:42:51.299+0000] {dagbag.py:539} INFO - Filling up the DagBag from /home/airflow/.local/lib/python3.8/site-packages/airflow/example_dags/example_latest_only_with_trigger.py
[2023-10-10T15:42:51.307+0000] {processor.py:839} INFO - DAG(s) dict_keys(['latest_only_with_trigger']) retrieved from /home/airflow/.local/lib/python3.8/site-packages/airflow/example_dags/example_latest_only_with_trigger.py
[2023-10-10T15:42:51.335+0000] {logging_mixin.py:151} INFO - [2023-10-10T15:42:51.335+0000] {dag.py:2915} INFO - Sync 1 DAGs
[2023-10-10T15:42:51.354+0000] {logging_mixin.py:151} INFO - [2023-10-10T15:42:51.354+0000] {dag.py:3696} INFO - Setting next_dagrun for latest_only_with_trigger to 2023-10-10T11:42:51.353942+00:00, run_after=2023-10-10T15:42:51.353942+00:00
[2023-10-10T15:42:51.391+0000] {processor.py:179} INFO - Processing /home/airflow/.local/lib/python3.8/site-packages/airflow/example_dags/example_latest_only_with_trigger.py took 0.099 seconds
[2023-10-10T15:43:22.261+0000] {processor.py:157} INFO - Started process (PID=2215) to work on /home/airflow/.local/lib/python3.8/site-packages/airflow/example_dags/example_latest_only_with_trigger.py
[2023-10-10T15:43:22.262+0000] {processor.py:829} INFO - Processing file /home/airflow/.local/lib/python3.8/site-packages/airflow/example_dags/example_latest_only_with_trigger.py for tasks to queue
[2023-10-10T15:43:22.263+0000] {logging_mixin.py:151} INFO - [2023-10-10T15:43:22.263+0000] {dagbag.py:539} INFO - Filling up the DagBag from /home/airflow/.local/lib/python3.8/site-packages/airflow/example_dags/example_latest_only_with_trigger.py
[2023-10-10T15:43:22.267+0000] {processor.py:839} INFO - DAG(s) dict_keys(['latest_only_with_trigger']) retrieved from /home/airflow/.local/lib/python3.8/site-packages/airflow/example_dags/example_latest_only_with_trigger.py
[2023-10-10T15:43:22.289+0000] {logging_mixin.py:151} INFO - [2023-10-10T15:43:22.289+0000] {dag.py:2915} INFO - Sync 1 DAGs
[2023-10-10T15:43:22.312+0000] {logging_mixin.py:151} INFO - [2023-10-10T15:43:22.312+0000] {dag.py:3696} INFO - Setting next_dagrun for latest_only_with_trigger to 2023-10-10T11:43:22.312372+00:00, run_after=2023-10-10T15:43:22.312372+00:00
[2023-10-10T15:43:22.337+0000] {processor.py:179} INFO - Processing /home/airflow/.local/lib/python3.8/site-packages/airflow/example_dags/example_latest_only_with_trigger.py took 0.079 seconds
[2023-10-10T15:43:52.389+0000] {processor.py:157} INFO - Started process (PID=2269) to work on /home/airflow/.local/lib/python3.8/site-packages/airflow/example_dags/example_latest_only_with_trigger.py
[2023-10-10T15:43:52.390+0000] {processor.py:829} INFO - Processing file /home/airflow/.local/lib/python3.8/site-packages/airflow/example_dags/example_latest_only_with_trigger.py for tasks to queue
[2023-10-10T15:43:52.392+0000] {logging_mixin.py:151} INFO - [2023-10-10T15:43:52.392+0000] {dagbag.py:539} INFO - Filling up the DagBag from /home/airflow/.local/lib/python3.8/site-packages/airflow/example_dags/example_latest_only_with_trigger.py
[2023-10-10T15:43:52.397+0000] {processor.py:839} INFO - DAG(s) dict_keys(['latest_only_with_trigger']) retrieved from /home/airflow/.local/lib/python3.8/site-packages/airflow/example_dags/example_latest_only_with_trigger.py
[2023-10-10T15:43:52.415+0000] {logging_mixin.py:151} INFO - [2023-10-10T15:43:52.414+0000] {dag.py:2915} INFO - Sync 1 DAGs
[2023-10-10T15:43:52.432+0000] {logging_mixin.py:151} INFO - [2023-10-10T15:43:52.432+0000] {dag.py:3696} INFO - Setting next_dagrun for latest_only_with_trigger to 2023-10-10T11:43:52.432142+00:00, run_after=2023-10-10T15:43:52.432142+00:00
[2023-10-10T15:43:52.445+0000] {processor.py:179} INFO - Processing /home/airflow/.local/lib/python3.8/site-packages/airflow/example_dags/example_latest_only_with_trigger.py took 0.060 seconds
[2023-10-10T15:44:23.119+0000] {processor.py:157} INFO - Started process (PID=2323) to work on /home/airflow/.local/lib/python3.8/site-packages/airflow/example_dags/example_latest_only_with_trigger.py
[2023-10-10T15:44:23.120+0000] {processor.py:829} INFO - Processing file /home/airflow/.local/lib/python3.8/site-packages/airflow/example_dags/example_latest_only_with_trigger.py for tasks to queue
[2023-10-10T15:44:23.121+0000] {logging_mixin.py:151} INFO - [2023-10-10T15:44:23.121+0000] {dagbag.py:539} INFO - Filling up the DagBag from /home/airflow/.local/lib/python3.8/site-packages/airflow/example_dags/example_latest_only_with_trigger.py
[2023-10-10T15:44:23.127+0000] {processor.py:839} INFO - DAG(s) dict_keys(['latest_only_with_trigger']) retrieved from /home/airflow/.local/lib/python3.8/site-packages/airflow/example_dags/example_latest_only_with_trigger.py
[2023-10-10T15:44:23.148+0000] {logging_mixin.py:151} INFO - [2023-10-10T15:44:23.148+0000] {dag.py:2915} INFO - Sync 1 DAGs
[2023-10-10T15:44:23.173+0000] {logging_mixin.py:151} INFO - [2023-10-10T15:44:23.173+0000] {dag.py:3696} INFO - Setting next_dagrun for latest_only_with_trigger to 2023-10-10T11:44:23.173031+00:00, run_after=2023-10-10T15:44:23.173031+00:00
[2023-10-10T15:44:23.193+0000] {processor.py:179} INFO - Processing /home/airflow/.local/lib/python3.8/site-packages/airflow/example_dags/example_latest_only_with_trigger.py took 0.076 seconds
[2023-10-10T15:44:53.701+0000] {processor.py:157} INFO - Started process (PID=2377) to work on /home/airflow/.local/lib/python3.8/site-packages/airflow/example_dags/example_latest_only_with_trigger.py
[2023-10-10T15:44:53.702+0000] {processor.py:829} INFO - Processing file /home/airflow/.local/lib/python3.8/site-packages/airflow/example_dags/example_latest_only_with_trigger.py for tasks to queue
[2023-10-10T15:44:53.705+0000] {logging_mixin.py:151} INFO - [2023-10-10T15:44:53.704+0000] {dagbag.py:539} INFO - Filling up the DagBag from /home/airflow/.local/lib/python3.8/site-packages/airflow/example_dags/example_latest_only_with_trigger.py
[2023-10-10T15:44:53.710+0000] {processor.py:839} INFO - DAG(s) dict_keys(['latest_only_with_trigger']) retrieved from /home/airflow/.local/lib/python3.8/site-packages/airflow/example_dags/example_latest_only_with_trigger.py
[2023-10-10T15:44:53.730+0000] {logging_mixin.py:151} INFO - [2023-10-10T15:44:53.730+0000] {dag.py:2915} INFO - Sync 1 DAGs
[2023-10-10T15:44:53.752+0000] {logging_mixin.py:151} INFO - [2023-10-10T15:44:53.752+0000] {dag.py:3696} INFO - Setting next_dagrun for latest_only_with_trigger to 2023-10-10T11:44:53.751845+00:00, run_after=2023-10-10T15:44:53.751845+00:00
[2023-10-10T15:44:53.767+0000] {processor.py:179} INFO - Processing /home/airflow/.local/lib/python3.8/site-packages/airflow/example_dags/example_latest_only_with_trigger.py took 0.069 seconds
[2023-10-10T15:45:24.117+0000] {processor.py:157} INFO - Started process (PID=2431) to work on /home/airflow/.local/lib/python3.8/site-packages/airflow/example_dags/example_latest_only_with_trigger.py
[2023-10-10T15:45:24.118+0000] {processor.py:829} INFO - Processing file /home/airflow/.local/lib/python3.8/site-packages/airflow/example_dags/example_latest_only_with_trigger.py for tasks to queue
[2023-10-10T15:45:24.120+0000] {logging_mixin.py:151} INFO - [2023-10-10T15:45:24.120+0000] {dagbag.py:539} INFO - Filling up the DagBag from /home/airflow/.local/lib/python3.8/site-packages/airflow/example_dags/example_latest_only_with_trigger.py
[2023-10-10T15:45:24.125+0000] {processor.py:839} INFO - DAG(s) dict_keys(['latest_only_with_trigger']) retrieved from /home/airflow/.local/lib/python3.8/site-packages/airflow/example_dags/example_latest_only_with_trigger.py
[2023-10-10T15:45:24.148+0000] {logging_mixin.py:151} INFO - [2023-10-10T15:45:24.147+0000] {dag.py:2915} INFO - Sync 1 DAGs
[2023-10-10T15:45:24.167+0000] {logging_mixin.py:151} INFO - [2023-10-10T15:45:24.166+0000] {dag.py:3696} INFO - Setting next_dagrun for latest_only_with_trigger to 2023-10-10T11:45:24.166768+00:00, run_after=2023-10-10T15:45:24.166768+00:00
[2023-10-10T15:45:24.185+0000] {processor.py:179} INFO - Processing /home/airflow/.local/lib/python3.8/site-packages/airflow/example_dags/example_latest_only_with_trigger.py took 0.071 seconds
[2023-10-10T15:45:55.236+0000] {processor.py:157} INFO - Started process (PID=2485) to work on /home/airflow/.local/lib/python3.8/site-packages/airflow/example_dags/example_latest_only_with_trigger.py
[2023-10-10T15:45:55.237+0000] {processor.py:829} INFO - Processing file /home/airflow/.local/lib/python3.8/site-packages/airflow/example_dags/example_latest_only_with_trigger.py for tasks to queue
[2023-10-10T15:45:55.239+0000] {logging_mixin.py:151} INFO - [2023-10-10T15:45:55.239+0000] {dagbag.py:539} INFO - Filling up the DagBag from /home/airflow/.local/lib/python3.8/site-packages/airflow/example_dags/example_latest_only_with_trigger.py
[2023-10-10T15:45:55.243+0000] {processor.py:839} INFO - DAG(s) dict_keys(['latest_only_with_trigger']) retrieved from /home/airflow/.local/lib/python3.8/site-packages/airflow/example_dags/example_latest_only_with_trigger.py
[2023-10-10T15:45:55.261+0000] {logging_mixin.py:151} INFO - [2023-10-10T15:45:55.261+0000] {dag.py:2915} INFO - Sync 1 DAGs
[2023-10-10T15:45:55.282+0000] {logging_mixin.py:151} INFO - [2023-10-10T15:45:55.282+0000] {dag.py:3696} INFO - Setting next_dagrun for latest_only_with_trigger to 2023-10-10T11:45:55.281855+00:00, run_after=2023-10-10T15:45:55.281855+00:00
[2023-10-10T15:45:55.301+0000] {processor.py:179} INFO - Processing /home/airflow/.local/lib/python3.8/site-packages/airflow/example_dags/example_latest_only_with_trigger.py took 0.068 seconds
[2023-10-10T15:46:25.426+0000] {processor.py:157} INFO - Started process (PID=2539) to work on /home/airflow/.local/lib/python3.8/site-packages/airflow/example_dags/example_latest_only_with_trigger.py
[2023-10-10T15:46:25.427+0000] {processor.py:829} INFO - Processing file /home/airflow/.local/lib/python3.8/site-packages/airflow/example_dags/example_latest_only_with_trigger.py for tasks to queue
[2023-10-10T15:46:25.428+0000] {logging_mixin.py:151} INFO - [2023-10-10T15:46:25.428+0000] {dagbag.py:539} INFO - Filling up the DagBag from /home/airflow/.local/lib/python3.8/site-packages/airflow/example_dags/example_latest_only_with_trigger.py
[2023-10-10T15:46:25.432+0000] {processor.py:839} INFO - DAG(s) dict_keys(['latest_only_with_trigger']) retrieved from /home/airflow/.local/lib/python3.8/site-packages/airflow/example_dags/example_latest_only_with_trigger.py
[2023-10-10T15:46:25.449+0000] {logging_mixin.py:151} INFO - [2023-10-10T15:46:25.449+0000] {dag.py:2915} INFO - Sync 1 DAGs
[2023-10-10T15:46:25.469+0000] {logging_mixin.py:151} INFO - [2023-10-10T15:46:25.469+0000] {dag.py:3696} INFO - Setting next_dagrun for latest_only_with_trigger to 2023-10-10T11:46:25.469229+00:00, run_after=2023-10-10T15:46:25.469229+00:00
[2023-10-10T15:46:25.485+0000] {processor.py:179} INFO - Processing /home/airflow/.local/lib/python3.8/site-packages/airflow/example_dags/example_latest_only_with_trigger.py took 0.061 seconds
[2023-10-10T15:46:55.945+0000] {processor.py:157} INFO - Started process (PID=2593) to work on /home/airflow/.local/lib/python3.8/site-packages/airflow/example_dags/example_latest_only_with_trigger.py
[2023-10-10T15:46:55.946+0000] {processor.py:829} INFO - Processing file /home/airflow/.local/lib/python3.8/site-packages/airflow/example_dags/example_latest_only_with_trigger.py for tasks to queue
[2023-10-10T15:46:55.948+0000] {logging_mixin.py:151} INFO - [2023-10-10T15:46:55.947+0000] {dagbag.py:539} INFO - Filling up the DagBag from /home/airflow/.local/lib/python3.8/site-packages/airflow/example_dags/example_latest_only_with_trigger.py
[2023-10-10T15:46:55.951+0000] {processor.py:839} INFO - DAG(s) dict_keys(['latest_only_with_trigger']) retrieved from /home/airflow/.local/lib/python3.8/site-packages/airflow/example_dags/example_latest_only_with_trigger.py
[2023-10-10T15:46:55.968+0000] {logging_mixin.py:151} INFO - [2023-10-10T15:46:55.968+0000] {dag.py:2915} INFO - Sync 1 DAGs
[2023-10-10T15:46:55.985+0000] {logging_mixin.py:151} INFO - [2023-10-10T15:46:55.985+0000] {dag.py:3696} INFO - Setting next_dagrun for latest_only_with_trigger to 2023-10-10T11:46:55.985391+00:00, run_after=2023-10-10T15:46:55.985391+00:00
[2023-10-10T15:46:56.003+0000] {processor.py:179} INFO - Processing /home/airflow/.local/lib/python3.8/site-packages/airflow/example_dags/example_latest_only_with_trigger.py took 0.060 seconds
[2023-10-10T15:47:26.532+0000] {processor.py:157} INFO - Started process (PID=2654) to work on /home/airflow/.local/lib/python3.8/site-packages/airflow/example_dags/example_latest_only_with_trigger.py
[2023-10-10T15:47:26.533+0000] {processor.py:829} INFO - Processing file /home/airflow/.local/lib/python3.8/site-packages/airflow/example_dags/example_latest_only_with_trigger.py for tasks to queue
[2023-10-10T15:47:26.534+0000] {logging_mixin.py:151} INFO - [2023-10-10T15:47:26.534+0000] {dagbag.py:539} INFO - Filling up the DagBag from /home/airflow/.local/lib/python3.8/site-packages/airflow/example_dags/example_latest_only_with_trigger.py
[2023-10-10T15:47:26.538+0000] {processor.py:839} INFO - DAG(s) dict_keys(['latest_only_with_trigger']) retrieved from /home/airflow/.local/lib/python3.8/site-packages/airflow/example_dags/example_latest_only_with_trigger.py
[2023-10-10T15:47:26.555+0000] {logging_mixin.py:151} INFO - [2023-10-10T15:47:26.554+0000] {dag.py:2915} INFO - Sync 1 DAGs
[2023-10-10T15:47:26.573+0000] {logging_mixin.py:151} INFO - [2023-10-10T15:47:26.572+0000] {dag.py:3696} INFO - Setting next_dagrun for latest_only_with_trigger to 2023-10-10T11:47:26.572812+00:00, run_after=2023-10-10T15:47:26.572812+00:00
[2023-10-10T15:47:26.587+0000] {processor.py:179} INFO - Processing /home/airflow/.local/lib/python3.8/site-packages/airflow/example_dags/example_latest_only_with_trigger.py took 0.057 seconds
[2023-10-10T15:47:56.949+0000] {processor.py:157} INFO - Started process (PID=2708) to work on /home/airflow/.local/lib/python3.8/site-packages/airflow/example_dags/example_latest_only_with_trigger.py
[2023-10-10T15:47:56.950+0000] {processor.py:829} INFO - Processing file /home/airflow/.local/lib/python3.8/site-packages/airflow/example_dags/example_latest_only_with_trigger.py for tasks to queue
[2023-10-10T15:47:56.952+0000] {logging_mixin.py:151} INFO - [2023-10-10T15:47:56.952+0000] {dagbag.py:539} INFO - Filling up the DagBag from /home/airflow/.local/lib/python3.8/site-packages/airflow/example_dags/example_latest_only_with_trigger.py
[2023-10-10T15:47:56.956+0000] {processor.py:839} INFO - DAG(s) dict_keys(['latest_only_with_trigger']) retrieved from /home/airflow/.local/lib/python3.8/site-packages/airflow/example_dags/example_latest_only_with_trigger.py
[2023-10-10T15:47:56.974+0000] {logging_mixin.py:151} INFO - [2023-10-10T15:47:56.974+0000] {dag.py:2915} INFO - Sync 1 DAGs
[2023-10-10T15:47:56.996+0000] {logging_mixin.py:151} INFO - [2023-10-10T15:47:56.996+0000] {dag.py:3696} INFO - Setting next_dagrun for latest_only_with_trigger to 2023-10-10T11:47:56.995946+00:00, run_after=2023-10-10T15:47:56.995946+00:00
[2023-10-10T15:47:57.015+0000] {processor.py:179} INFO - Processing /home/airflow/.local/lib/python3.8/site-packages/airflow/example_dags/example_latest_only_with_trigger.py took 0.069 seconds
[2023-10-10T15:48:27.509+0000] {processor.py:157} INFO - Started process (PID=2762) to work on /home/airflow/.local/lib/python3.8/site-packages/airflow/example_dags/example_latest_only_with_trigger.py
[2023-10-10T15:48:27.509+0000] {processor.py:829} INFO - Processing file /home/airflow/.local/lib/python3.8/site-packages/airflow/example_dags/example_latest_only_with_trigger.py for tasks to queue
[2023-10-10T15:48:27.511+0000] {logging_mixin.py:151} INFO - [2023-10-10T15:48:27.511+0000] {dagbag.py:539} INFO - Filling up the DagBag from /home/airflow/.local/lib/python3.8/site-packages/airflow/example_dags/example_latest_only_with_trigger.py
[2023-10-10T15:48:27.515+0000] {processor.py:839} INFO - DAG(s) dict_keys(['latest_only_with_trigger']) retrieved from /home/airflow/.local/lib/python3.8/site-packages/airflow/example_dags/example_latest_only_with_trigger.py
[2023-10-10T15:48:27.532+0000] {logging_mixin.py:151} INFO - [2023-10-10T15:48:27.532+0000] {dag.py:2915} INFO - Sync 1 DAGs
[2023-10-10T15:48:27.549+0000] {logging_mixin.py:151} INFO - [2023-10-10T15:48:27.549+0000] {dag.py:3696} INFO - Setting next_dagrun for latest_only_with_trigger to 2023-10-10T11:48:27.549456+00:00, run_after=2023-10-10T15:48:27.549456+00:00
[2023-10-10T15:48:27.563+0000] {processor.py:179} INFO - Processing /home/airflow/.local/lib/python3.8/site-packages/airflow/example_dags/example_latest_only_with_trigger.py took 0.057 seconds
[2023-10-10T15:48:58.046+0000] {processor.py:157} INFO - Started process (PID=2816) to work on /home/airflow/.local/lib/python3.8/site-packages/airflow/example_dags/example_latest_only_with_trigger.py
[2023-10-10T15:48:58.047+0000] {processor.py:829} INFO - Processing file /home/airflow/.local/lib/python3.8/site-packages/airflow/example_dags/example_latest_only_with_trigger.py for tasks to queue
[2023-10-10T15:48:58.049+0000] {logging_mixin.py:151} INFO - [2023-10-10T15:48:58.049+0000] {dagbag.py:539} INFO - Filling up the DagBag from /home/airflow/.local/lib/python3.8/site-packages/airflow/example_dags/example_latest_only_with_trigger.py
[2023-10-10T15:48:58.052+0000] {processor.py:839} INFO - DAG(s) dict_keys(['latest_only_with_trigger']) retrieved from /home/airflow/.local/lib/python3.8/site-packages/airflow/example_dags/example_latest_only_with_trigger.py
[2023-10-10T15:48:58.070+0000] {logging_mixin.py:151} INFO - [2023-10-10T15:48:58.070+0000] {dag.py:2915} INFO - Sync 1 DAGs
[2023-10-10T15:48:58.089+0000] {logging_mixin.py:151} INFO - [2023-10-10T15:48:58.088+0000] {dag.py:3696} INFO - Setting next_dagrun for latest_only_with_trigger to 2023-10-10T11:48:58.088561+00:00, run_after=2023-10-10T15:48:58.088561+00:00
[2023-10-10T15:48:58.105+0000] {processor.py:179} INFO - Processing /home/airflow/.local/lib/python3.8/site-packages/airflow/example_dags/example_latest_only_with_trigger.py took 0.061 seconds
[2023-10-10T15:49:28.756+0000] {processor.py:157} INFO - Started process (PID=2870) to work on /home/airflow/.local/lib/python3.8/site-packages/airflow/example_dags/example_latest_only_with_trigger.py
[2023-10-10T15:49:28.757+0000] {processor.py:829} INFO - Processing file /home/airflow/.local/lib/python3.8/site-packages/airflow/example_dags/example_latest_only_with_trigger.py for tasks to queue
[2023-10-10T15:49:28.760+0000] {logging_mixin.py:151} INFO - [2023-10-10T15:49:28.760+0000] {dagbag.py:539} INFO - Filling up the DagBag from /home/airflow/.local/lib/python3.8/site-packages/airflow/example_dags/example_latest_only_with_trigger.py
[2023-10-10T15:49:28.775+0000] {processor.py:839} INFO - DAG(s) dict_keys(['latest_only_with_trigger']) retrieved from /home/airflow/.local/lib/python3.8/site-packages/airflow/example_dags/example_latest_only_with_trigger.py
[2023-10-10T15:49:28.806+0000] {logging_mixin.py:151} INFO - [2023-10-10T15:49:28.806+0000] {dag.py:2915} INFO - Sync 1 DAGs
[2023-10-10T15:49:28.836+0000] {logging_mixin.py:151} INFO - [2023-10-10T15:49:28.836+0000] {dag.py:3696} INFO - Setting next_dagrun for latest_only_with_trigger to 2023-10-10T11:49:28.836109+00:00, run_after=2023-10-10T15:49:28.836109+00:00
[2023-10-10T15:49:28.859+0000] {processor.py:179} INFO - Processing /home/airflow/.local/lib/python3.8/site-packages/airflow/example_dags/example_latest_only_with_trigger.py took 0.107 seconds
[2023-10-10T15:49:59.306+0000] {processor.py:157} INFO - Started process (PID=2924) to work on /home/airflow/.local/lib/python3.8/site-packages/airflow/example_dags/example_latest_only_with_trigger.py
[2023-10-10T15:49:59.307+0000] {processor.py:829} INFO - Processing file /home/airflow/.local/lib/python3.8/site-packages/airflow/example_dags/example_latest_only_with_trigger.py for tasks to queue
[2023-10-10T15:49:59.308+0000] {logging_mixin.py:151} INFO - [2023-10-10T15:49:59.308+0000] {dagbag.py:539} INFO - Filling up the DagBag from /home/airflow/.local/lib/python3.8/site-packages/airflow/example_dags/example_latest_only_with_trigger.py
[2023-10-10T15:49:59.313+0000] {processor.py:839} INFO - DAG(s) dict_keys(['latest_only_with_trigger']) retrieved from /home/airflow/.local/lib/python3.8/site-packages/airflow/example_dags/example_latest_only_with_trigger.py
[2023-10-10T15:49:59.335+0000] {logging_mixin.py:151} INFO - [2023-10-10T15:49:59.335+0000] {dag.py:2915} INFO - Sync 1 DAGs
[2023-10-10T15:49:59.357+0000] {logging_mixin.py:151} INFO - [2023-10-10T15:49:59.356+0000] {dag.py:3696} INFO - Setting next_dagrun for latest_only_with_trigger to 2023-10-10T11:49:59.356589+00:00, run_after=2023-10-10T15:49:59.356589+00:00
[2023-10-10T15:49:59.376+0000] {processor.py:179} INFO - Processing /home/airflow/.local/lib/python3.8/site-packages/airflow/example_dags/example_latest_only_with_trigger.py took 0.073 seconds
[2023-10-10T15:50:30.259+0000] {processor.py:157} INFO - Started process (PID=2978) to work on /home/airflow/.local/lib/python3.8/site-packages/airflow/example_dags/example_latest_only_with_trigger.py
[2023-10-10T15:50:30.260+0000] {processor.py:829} INFO - Processing file /home/airflow/.local/lib/python3.8/site-packages/airflow/example_dags/example_latest_only_with_trigger.py for tasks to queue
[2023-10-10T15:50:30.262+0000] {logging_mixin.py:151} INFO - [2023-10-10T15:50:30.262+0000] {dagbag.py:539} INFO - Filling up the DagBag from /home/airflow/.local/lib/python3.8/site-packages/airflow/example_dags/example_latest_only_with_trigger.py
[2023-10-10T15:50:30.280+0000] {processor.py:839} INFO - DAG(s) dict_keys(['latest_only_with_trigger']) retrieved from /home/airflow/.local/lib/python3.8/site-packages/airflow/example_dags/example_latest_only_with_trigger.py
[2023-10-10T15:50:30.300+0000] {logging_mixin.py:151} INFO - [2023-10-10T15:50:30.299+0000] {dag.py:2915} INFO - Sync 1 DAGs
[2023-10-10T15:50:30.323+0000] {logging_mixin.py:151} INFO - [2023-10-10T15:50:30.323+0000] {dag.py:3696} INFO - Setting next_dagrun for latest_only_with_trigger to 2023-10-10T11:50:30.322568+00:00, run_after=2023-10-10T15:50:30.322568+00:00
[2023-10-10T15:50:30.340+0000] {processor.py:179} INFO - Processing /home/airflow/.local/lib/python3.8/site-packages/airflow/example_dags/example_latest_only_with_trigger.py took 0.084 seconds
[2023-10-10T15:51:00.453+0000] {processor.py:157} INFO - Started process (PID=3032) to work on /home/airflow/.local/lib/python3.8/site-packages/airflow/example_dags/example_latest_only_with_trigger.py
[2023-10-10T15:51:00.454+0000] {processor.py:829} INFO - Processing file /home/airflow/.local/lib/python3.8/site-packages/airflow/example_dags/example_latest_only_with_trigger.py for tasks to queue
[2023-10-10T15:51:00.477+0000] {logging_mixin.py:151} INFO - [2023-10-10T15:51:00.477+0000] {dagbag.py:539} INFO - Filling up the DagBag from /home/airflow/.local/lib/python3.8/site-packages/airflow/example_dags/example_latest_only_with_trigger.py
[2023-10-10T15:51:00.481+0000] {processor.py:839} INFO - DAG(s) dict_keys(['latest_only_with_trigger']) retrieved from /home/airflow/.local/lib/python3.8/site-packages/airflow/example_dags/example_latest_only_with_trigger.py
[2023-10-10T15:51:00.505+0000] {logging_mixin.py:151} INFO - [2023-10-10T15:51:00.505+0000] {dag.py:2915} INFO - Sync 1 DAGs
[2023-10-10T15:51:00.533+0000] {logging_mixin.py:151} INFO - [2023-10-10T15:51:00.532+0000] {dag.py:3696} INFO - Setting next_dagrun for latest_only_with_trigger to 2023-10-10T11:51:00.532438+00:00, run_after=2023-10-10T15:51:00.532438+00:00
[2023-10-10T15:51:00.549+0000] {processor.py:179} INFO - Processing /home/airflow/.local/lib/python3.8/site-packages/airflow/example_dags/example_latest_only_with_trigger.py took 0.099 seconds
[2023-10-10T15:51:30.662+0000] {processor.py:157} INFO - Started process (PID=3086) to work on /home/airflow/.local/lib/python3.8/site-packages/airflow/example_dags/example_latest_only_with_trigger.py
[2023-10-10T15:51:30.663+0000] {processor.py:829} INFO - Processing file /home/airflow/.local/lib/python3.8/site-packages/airflow/example_dags/example_latest_only_with_trigger.py for tasks to queue
[2023-10-10T15:51:30.665+0000] {logging_mixin.py:151} INFO - [2023-10-10T15:51:30.665+0000] {dagbag.py:539} INFO - Filling up the DagBag from /home/airflow/.local/lib/python3.8/site-packages/airflow/example_dags/example_latest_only_with_trigger.py
[2023-10-10T15:51:30.678+0000] {processor.py:839} INFO - DAG(s) dict_keys(['latest_only_with_trigger']) retrieved from /home/airflow/.local/lib/python3.8/site-packages/airflow/example_dags/example_latest_only_with_trigger.py
[2023-10-10T15:51:30.697+0000] {logging_mixin.py:151} INFO - [2023-10-10T15:51:30.697+0000] {dag.py:2915} INFO - Sync 1 DAGs
[2023-10-10T15:51:30.716+0000] {logging_mixin.py:151} INFO - [2023-10-10T15:51:30.716+0000] {dag.py:3696} INFO - Setting next_dagrun for latest_only_with_trigger to 2023-10-10T11:51:30.716112+00:00, run_after=2023-10-10T15:51:30.716112+00:00
[2023-10-10T15:51:30.730+0000] {processor.py:179} INFO - Processing /home/airflow/.local/lib/python3.8/site-packages/airflow/example_dags/example_latest_only_with_trigger.py took 0.071 seconds
[2023-10-10T15:52:01.266+0000] {processor.py:157} INFO - Started process (PID=3140) to work on /home/airflow/.local/lib/python3.8/site-packages/airflow/example_dags/example_latest_only_with_trigger.py
[2023-10-10T15:52:01.267+0000] {processor.py:829} INFO - Processing file /home/airflow/.local/lib/python3.8/site-packages/airflow/example_dags/example_latest_only_with_trigger.py for tasks to queue
[2023-10-10T15:52:01.269+0000] {logging_mixin.py:151} INFO - [2023-10-10T15:52:01.269+0000] {dagbag.py:539} INFO - Filling up the DagBag from /home/airflow/.local/lib/python3.8/site-packages/airflow/example_dags/example_latest_only_with_trigger.py
[2023-10-10T15:52:01.280+0000] {processor.py:839} INFO - DAG(s) dict_keys(['latest_only_with_trigger']) retrieved from /home/airflow/.local/lib/python3.8/site-packages/airflow/example_dags/example_latest_only_with_trigger.py
[2023-10-10T15:52:01.304+0000] {logging_mixin.py:151} INFO - [2023-10-10T15:52:01.304+0000] {dag.py:2915} INFO - Sync 1 DAGs
[2023-10-10T15:52:01.326+0000] {logging_mixin.py:151} INFO - [2023-10-10T15:52:01.326+0000] {dag.py:3696} INFO - Setting next_dagrun for latest_only_with_trigger to 2023-10-10T11:52:01.326162+00:00, run_after=2023-10-10T15:52:01.326162+00:00
[2023-10-10T15:52:01.344+0000] {processor.py:179} INFO - Processing /home/airflow/.local/lib/python3.8/site-packages/airflow/example_dags/example_latest_only_with_trigger.py took 0.080 seconds
[2023-10-10T15:52:31.498+0000] {processor.py:157} INFO - Started process (PID=3194) to work on /home/airflow/.local/lib/python3.8/site-packages/airflow/example_dags/example_latest_only_with_trigger.py
[2023-10-10T15:52:31.499+0000] {processor.py:829} INFO - Processing file /home/airflow/.local/lib/python3.8/site-packages/airflow/example_dags/example_latest_only_with_trigger.py for tasks to queue
[2023-10-10T15:52:31.501+0000] {logging_mixin.py:151} INFO - [2023-10-10T15:52:31.501+0000] {dagbag.py:539} INFO - Filling up the DagBag from /home/airflow/.local/lib/python3.8/site-packages/airflow/example_dags/example_latest_only_with_trigger.py
[2023-10-10T15:52:31.505+0000] {processor.py:839} INFO - DAG(s) dict_keys(['latest_only_with_trigger']) retrieved from /home/airflow/.local/lib/python3.8/site-packages/airflow/example_dags/example_latest_only_with_trigger.py
[2023-10-10T15:52:31.528+0000] {logging_mixin.py:151} INFO - [2023-10-10T15:52:31.527+0000] {dag.py:2915} INFO - Sync 1 DAGs
[2023-10-10T15:52:31.553+0000] {logging_mixin.py:151} INFO - [2023-10-10T15:52:31.552+0000] {dag.py:3696} INFO - Setting next_dagrun for latest_only_with_trigger to 2023-10-10T11:52:31.552628+00:00, run_after=2023-10-10T15:52:31.552628+00:00
[2023-10-10T15:52:31.573+0000] {processor.py:179} INFO - Processing /home/airflow/.local/lib/python3.8/site-packages/airflow/example_dags/example_latest_only_with_trigger.py took 0.077 seconds
[2023-10-10T15:53:02.646+0000] {processor.py:157} INFO - Started process (PID=3248) to work on /home/airflow/.local/lib/python3.8/site-packages/airflow/example_dags/example_latest_only_with_trigger.py
[2023-10-10T15:53:02.647+0000] {processor.py:829} INFO - Processing file /home/airflow/.local/lib/python3.8/site-packages/airflow/example_dags/example_latest_only_with_trigger.py for tasks to queue
[2023-10-10T15:53:02.650+0000] {logging_mixin.py:151} INFO - [2023-10-10T15:53:02.650+0000] {dagbag.py:539} INFO - Filling up the DagBag from /home/airflow/.local/lib/python3.8/site-packages/airflow/example_dags/example_latest_only_with_trigger.py
[2023-10-10T15:53:02.657+0000] {processor.py:839} INFO - DAG(s) dict_keys(['latest_only_with_trigger']) retrieved from /home/airflow/.local/lib/python3.8/site-packages/airflow/example_dags/example_latest_only_with_trigger.py
[2023-10-10T15:53:02.690+0000] {logging_mixin.py:151} INFO - [2023-10-10T15:53:02.689+0000] {dag.py:2915} INFO - Sync 1 DAGs
[2023-10-10T15:53:02.721+0000] {logging_mixin.py:151} INFO - [2023-10-10T15:53:02.720+0000] {dag.py:3696} INFO - Setting next_dagrun for latest_only_with_trigger to 2023-10-10T11:53:02.720508+00:00, run_after=2023-10-10T15:53:02.720508+00:00
[2023-10-10T15:53:02.743+0000] {processor.py:179} INFO - Processing /home/airflow/.local/lib/python3.8/site-packages/airflow/example_dags/example_latest_only_with_trigger.py took 0.100 seconds
[2023-10-10T15:53:33.122+0000] {processor.py:157} INFO - Started process (PID=3302) to work on /home/airflow/.local/lib/python3.8/site-packages/airflow/example_dags/example_latest_only_with_trigger.py
[2023-10-10T15:53:33.123+0000] {processor.py:829} INFO - Processing file /home/airflow/.local/lib/python3.8/site-packages/airflow/example_dags/example_latest_only_with_trigger.py for tasks to queue
[2023-10-10T15:53:33.125+0000] {logging_mixin.py:151} INFO - [2023-10-10T15:53:33.125+0000] {dagbag.py:539} INFO - Filling up the DagBag from /home/airflow/.local/lib/python3.8/site-packages/airflow/example_dags/example_latest_only_with_trigger.py
[2023-10-10T15:53:33.131+0000] {processor.py:839} INFO - DAG(s) dict_keys(['latest_only_with_trigger']) retrieved from /home/airflow/.local/lib/python3.8/site-packages/airflow/example_dags/example_latest_only_with_trigger.py
[2023-10-10T15:53:33.155+0000] {logging_mixin.py:151} INFO - [2023-10-10T15:53:33.154+0000] {dag.py:2915} INFO - Sync 1 DAGs
[2023-10-10T15:53:33.187+0000] {logging_mixin.py:151} INFO - [2023-10-10T15:53:33.186+0000] {dag.py:3696} INFO - Setting next_dagrun for latest_only_with_trigger to 2023-10-10T11:53:33.186484+00:00, run_after=2023-10-10T15:53:33.186484+00:00
[2023-10-10T15:53:33.210+0000] {processor.py:179} INFO - Processing /home/airflow/.local/lib/python3.8/site-packages/airflow/example_dags/example_latest_only_with_trigger.py took 0.091 seconds
[2023-10-10T15:54:03.948+0000] {processor.py:157} INFO - Started process (PID=3357) to work on /home/airflow/.local/lib/python3.8/site-packages/airflow/example_dags/example_latest_only_with_trigger.py
[2023-10-10T15:54:03.949+0000] {processor.py:829} INFO - Processing file /home/airflow/.local/lib/python3.8/site-packages/airflow/example_dags/example_latest_only_with_trigger.py for tasks to queue
[2023-10-10T15:54:03.951+0000] {logging_mixin.py:151} INFO - [2023-10-10T15:54:03.950+0000] {dagbag.py:539} INFO - Filling up the DagBag from /home/airflow/.local/lib/python3.8/site-packages/airflow/example_dags/example_latest_only_with_trigger.py
[2023-10-10T15:54:03.957+0000] {processor.py:839} INFO - DAG(s) dict_keys(['latest_only_with_trigger']) retrieved from /home/airflow/.local/lib/python3.8/site-packages/airflow/example_dags/example_latest_only_with_trigger.py
[2023-10-10T15:54:04.001+0000] {logging_mixin.py:151} INFO - [2023-10-10T15:54:04.000+0000] {dag.py:2915} INFO - Sync 1 DAGs
[2023-10-10T15:54:04.029+0000] {logging_mixin.py:151} INFO - [2023-10-10T15:54:04.029+0000] {dag.py:3696} INFO - Setting next_dagrun for latest_only_with_trigger to 2023-10-10T11:54:04.028909+00:00, run_after=2023-10-10T15:54:04.028909+00:00
[2023-10-10T15:54:04.051+0000] {processor.py:179} INFO - Processing /home/airflow/.local/lib/python3.8/site-packages/airflow/example_dags/example_latest_only_with_trigger.py took 0.107 seconds
[2023-10-10T15:54:34.645+0000] {processor.py:157} INFO - Started process (PID=3409) to work on /home/airflow/.local/lib/python3.8/site-packages/airflow/example_dags/example_latest_only_with_trigger.py
[2023-10-10T15:54:34.646+0000] {processor.py:829} INFO - Processing file /home/airflow/.local/lib/python3.8/site-packages/airflow/example_dags/example_latest_only_with_trigger.py for tasks to queue
[2023-10-10T15:54:34.648+0000] {logging_mixin.py:151} INFO - [2023-10-10T15:54:34.648+0000] {dagbag.py:539} INFO - Filling up the DagBag from /home/airflow/.local/lib/python3.8/site-packages/airflow/example_dags/example_latest_only_with_trigger.py
[2023-10-10T15:54:34.655+0000] {processor.py:839} INFO - DAG(s) dict_keys(['latest_only_with_trigger']) retrieved from /home/airflow/.local/lib/python3.8/site-packages/airflow/example_dags/example_latest_only_with_trigger.py
[2023-10-10T15:54:34.680+0000] {logging_mixin.py:151} INFO - [2023-10-10T15:54:34.680+0000] {dag.py:2915} INFO - Sync 1 DAGs
[2023-10-10T15:54:34.708+0000] {logging_mixin.py:151} INFO - [2023-10-10T15:54:34.708+0000] {dag.py:3696} INFO - Setting next_dagrun for latest_only_with_trigger to 2023-10-10T11:54:34.707608+00:00, run_after=2023-10-10T15:54:34.707608+00:00
[2023-10-10T15:54:34.730+0000] {processor.py:179} INFO - Processing /home/airflow/.local/lib/python3.8/site-packages/airflow/example_dags/example_latest_only_with_trigger.py took 0.089 seconds
[2023-10-10T15:55:05.038+0000] {processor.py:157} INFO - Started process (PID=3463) to work on /home/airflow/.local/lib/python3.8/site-packages/airflow/example_dags/example_latest_only_with_trigger.py
[2023-10-10T15:55:05.038+0000] {processor.py:829} INFO - Processing file /home/airflow/.local/lib/python3.8/site-packages/airflow/example_dags/example_latest_only_with_trigger.py for tasks to queue
[2023-10-10T15:55:05.040+0000] {logging_mixin.py:151} INFO - [2023-10-10T15:55:05.040+0000] {dagbag.py:539} INFO - Filling up the DagBag from /home/airflow/.local/lib/python3.8/site-packages/airflow/example_dags/example_latest_only_with_trigger.py
[2023-10-10T15:55:05.044+0000] {processor.py:839} INFO - DAG(s) dict_keys(['latest_only_with_trigger']) retrieved from /home/airflow/.local/lib/python3.8/site-packages/airflow/example_dags/example_latest_only_with_trigger.py
[2023-10-10T15:55:05.062+0000] {logging_mixin.py:151} INFO - [2023-10-10T15:55:05.062+0000] {dag.py:2915} INFO - Sync 1 DAGs
[2023-10-10T15:55:05.088+0000] {logging_mixin.py:151} INFO - [2023-10-10T15:55:05.088+0000] {dag.py:3696} INFO - Setting next_dagrun for latest_only_with_trigger to 2023-10-10T11:55:05.088431+00:00, run_after=2023-10-10T15:55:05.088431+00:00
[2023-10-10T15:55:05.102+0000] {processor.py:179} INFO - Processing /home/airflow/.local/lib/python3.8/site-packages/airflow/example_dags/example_latest_only_with_trigger.py took 0.067 seconds
[2023-10-10T15:55:35.204+0000] {processor.py:157} INFO - Started process (PID=3517) to work on /home/airflow/.local/lib/python3.8/site-packages/airflow/example_dags/example_latest_only_with_trigger.py
[2023-10-10T15:55:35.204+0000] {processor.py:829} INFO - Processing file /home/airflow/.local/lib/python3.8/site-packages/airflow/example_dags/example_latest_only_with_trigger.py for tasks to queue
[2023-10-10T15:55:35.206+0000] {logging_mixin.py:151} INFO - [2023-10-10T15:55:35.206+0000] {dagbag.py:539} INFO - Filling up the DagBag from /home/airflow/.local/lib/python3.8/site-packages/airflow/example_dags/example_latest_only_with_trigger.py
[2023-10-10T15:55:35.211+0000] {processor.py:839} INFO - DAG(s) dict_keys(['latest_only_with_trigger']) retrieved from /home/airflow/.local/lib/python3.8/site-packages/airflow/example_dags/example_latest_only_with_trigger.py
[2023-10-10T15:55:35.230+0000] {logging_mixin.py:151} INFO - [2023-10-10T15:55:35.230+0000] {dag.py:2915} INFO - Sync 1 DAGs
[2023-10-10T15:55:35.248+0000] {logging_mixin.py:151} INFO - [2023-10-10T15:55:35.248+0000] {dag.py:3696} INFO - Setting next_dagrun for latest_only_with_trigger to 2023-10-10T11:55:35.248265+00:00, run_after=2023-10-10T15:55:35.248265+00:00
[2023-10-10T15:55:35.264+0000] {processor.py:179} INFO - Processing /home/airflow/.local/lib/python3.8/site-packages/airflow/example_dags/example_latest_only_with_trigger.py took 0.062 seconds
[2023-10-10T15:56:06.961+0000] {processor.py:157} INFO - Started process (PID=3571) to work on /home/airflow/.local/lib/python3.8/site-packages/airflow/example_dags/example_latest_only_with_trigger.py
[2023-10-10T15:56:06.962+0000] {processor.py:829} INFO - Processing file /home/airflow/.local/lib/python3.8/site-packages/airflow/example_dags/example_latest_only_with_trigger.py for tasks to queue
[2023-10-10T15:56:06.963+0000] {logging_mixin.py:151} INFO - [2023-10-10T15:56:06.963+0000] {dagbag.py:539} INFO - Filling up the DagBag from /home/airflow/.local/lib/python3.8/site-packages/airflow/example_dags/example_latest_only_with_trigger.py
[2023-10-10T15:56:06.968+0000] {processor.py:839} INFO - DAG(s) dict_keys(['latest_only_with_trigger']) retrieved from /home/airflow/.local/lib/python3.8/site-packages/airflow/example_dags/example_latest_only_with_trigger.py
[2023-10-10T15:56:06.987+0000] {logging_mixin.py:151} INFO - [2023-10-10T15:56:06.987+0000] {dag.py:2915} INFO - Sync 1 DAGs
[2023-10-10T15:56:07.009+0000] {logging_mixin.py:151} INFO - [2023-10-10T15:56:07.008+0000] {dag.py:3696} INFO - Setting next_dagrun for latest_only_with_trigger to 2023-10-10T11:56:07.008365+00:00, run_after=2023-10-10T15:56:07.008365+00:00
[2023-10-10T15:56:07.025+0000] {processor.py:179} INFO - Processing /home/airflow/.local/lib/python3.8/site-packages/airflow/example_dags/example_latest_only_with_trigger.py took 0.066 seconds
[2023-10-10T15:56:37.835+0000] {processor.py:157} INFO - Started process (PID=3619) to work on /home/airflow/.local/lib/python3.8/site-packages/airflow/example_dags/example_latest_only_with_trigger.py
[2023-10-10T15:56:37.838+0000] {processor.py:829} INFO - Processing file /home/airflow/.local/lib/python3.8/site-packages/airflow/example_dags/example_latest_only_with_trigger.py for tasks to queue
[2023-10-10T15:56:37.839+0000] {logging_mixin.py:151} INFO - [2023-10-10T15:56:37.839+0000] {dagbag.py:539} INFO - Filling up the DagBag from /home/airflow/.local/lib/python3.8/site-packages/airflow/example_dags/example_latest_only_with_trigger.py
[2023-10-10T15:56:37.844+0000] {processor.py:839} INFO - DAG(s) dict_keys(['latest_only_with_trigger']) retrieved from /home/airflow/.local/lib/python3.8/site-packages/airflow/example_dags/example_latest_only_with_trigger.py
[2023-10-10T15:56:37.869+0000] {logging_mixin.py:151} INFO - [2023-10-10T15:56:37.869+0000] {dag.py:2915} INFO - Sync 1 DAGs
[2023-10-10T15:56:37.896+0000] {logging_mixin.py:151} INFO - [2023-10-10T15:56:37.896+0000] {dag.py:3696} INFO - Setting next_dagrun for latest_only_with_trigger to 2023-10-10T11:56:37.895785+00:00, run_after=2023-10-10T15:56:37.895785+00:00
[2023-10-10T15:56:37.918+0000] {processor.py:179} INFO - Processing /home/airflow/.local/lib/python3.8/site-packages/airflow/example_dags/example_latest_only_with_trigger.py took 0.085 seconds
[2023-10-10T15:57:08.988+0000] {processor.py:157} INFO - Started process (PID=3670) to work on /home/airflow/.local/lib/python3.8/site-packages/airflow/example_dags/example_latest_only_with_trigger.py
[2023-10-10T15:57:08.990+0000] {processor.py:829} INFO - Processing file /home/airflow/.local/lib/python3.8/site-packages/airflow/example_dags/example_latest_only_with_trigger.py for tasks to queue
[2023-10-10T15:57:08.992+0000] {logging_mixin.py:151} INFO - [2023-10-10T15:57:08.991+0000] {dagbag.py:539} INFO - Filling up the DagBag from /home/airflow/.local/lib/python3.8/site-packages/airflow/example_dags/example_latest_only_with_trigger.py
[2023-10-10T15:57:09.005+0000] {processor.py:839} INFO - DAG(s) dict_keys(['latest_only_with_trigger']) retrieved from /home/airflow/.local/lib/python3.8/site-packages/airflow/example_dags/example_latest_only_with_trigger.py
[2023-10-10T15:57:09.033+0000] {logging_mixin.py:151} INFO - [2023-10-10T15:57:09.033+0000] {dag.py:2915} INFO - Sync 1 DAGs
[2023-10-10T15:57:09.077+0000] {logging_mixin.py:151} INFO - [2023-10-10T15:57:09.076+0000] {dag.py:3696} INFO - Setting next_dagrun for latest_only_with_trigger to 2023-10-10T11:57:09.076690+00:00, run_after=2023-10-10T15:57:09.076690+00:00
[2023-10-10T15:57:09.113+0000] {processor.py:179} INFO - Processing /home/airflow/.local/lib/python3.8/site-packages/airflow/example_dags/example_latest_only_with_trigger.py took 0.128 seconds
[2023-10-10T16:51:13.697+0000] {processor.py:157} INFO - Started process (PID=162) to work on /home/airflow/.local/lib/python3.8/site-packages/airflow/example_dags/example_latest_only_with_trigger.py
[2023-10-10T16:51:13.697+0000] {processor.py:829} INFO - Processing file /home/airflow/.local/lib/python3.8/site-packages/airflow/example_dags/example_latest_only_with_trigger.py for tasks to queue
[2023-10-10T16:51:13.699+0000] {logging_mixin.py:151} INFO - [2023-10-10T16:51:13.699+0000] {dagbag.py:539} INFO - Filling up the DagBag from /home/airflow/.local/lib/python3.8/site-packages/airflow/example_dags/example_latest_only_with_trigger.py
[2023-10-10T16:51:13.705+0000] {processor.py:839} INFO - DAG(s) dict_keys(['latest_only_with_trigger']) retrieved from /home/airflow/.local/lib/python3.8/site-packages/airflow/example_dags/example_latest_only_with_trigger.py
[2023-10-10T16:51:13.726+0000] {logging_mixin.py:151} INFO - [2023-10-10T16:51:13.726+0000] {dag.py:2915} INFO - Sync 1 DAGs
[2023-10-10T16:51:13.748+0000] {logging_mixin.py:151} INFO - [2023-10-10T16:51:13.748+0000] {dag.py:3696} INFO - Setting next_dagrun for latest_only_with_trigger to 2023-10-10T12:51:13.748351+00:00, run_after=2023-10-10T16:51:13.748351+00:00
[2023-10-10T16:51:13.766+0000] {processor.py:179} INFO - Processing /home/airflow/.local/lib/python3.8/site-packages/airflow/example_dags/example_latest_only_with_trigger.py took 0.072 seconds
[2023-10-10T16:51:45.229+0000] {processor.py:157} INFO - Started process (PID=216) to work on /home/airflow/.local/lib/python3.8/site-packages/airflow/example_dags/example_latest_only_with_trigger.py
[2023-10-10T16:51:45.230+0000] {processor.py:829} INFO - Processing file /home/airflow/.local/lib/python3.8/site-packages/airflow/example_dags/example_latest_only_with_trigger.py for tasks to queue
[2023-10-10T16:51:45.232+0000] {logging_mixin.py:151} INFO - [2023-10-10T16:51:45.232+0000] {dagbag.py:539} INFO - Filling up the DagBag from /home/airflow/.local/lib/python3.8/site-packages/airflow/example_dags/example_latest_only_with_trigger.py
[2023-10-10T16:51:45.239+0000] {processor.py:839} INFO - DAG(s) dict_keys(['latest_only_with_trigger']) retrieved from /home/airflow/.local/lib/python3.8/site-packages/airflow/example_dags/example_latest_only_with_trigger.py
[2023-10-10T16:51:45.265+0000] {logging_mixin.py:151} INFO - [2023-10-10T16:51:45.264+0000] {dag.py:2915} INFO - Sync 1 DAGs
[2023-10-10T16:51:45.345+0000] {logging_mixin.py:151} INFO - [2023-10-10T16:51:45.345+0000] {dag.py:3696} INFO - Setting next_dagrun for latest_only_with_trigger to 2023-10-10T12:51:45.345019+00:00, run_after=2023-10-10T16:51:45.345019+00:00
[2023-10-10T16:51:45.428+0000] {processor.py:179} INFO - Processing /home/airflow/.local/lib/python3.8/site-packages/airflow/example_dags/example_latest_only_with_trigger.py took 0.259 seconds
[2023-10-10T16:52:16.327+0000] {processor.py:157} INFO - Started process (PID=269) to work on /home/airflow/.local/lib/python3.8/site-packages/airflow/example_dags/example_latest_only_with_trigger.py
[2023-10-10T16:52:16.328+0000] {processor.py:829} INFO - Processing file /home/airflow/.local/lib/python3.8/site-packages/airflow/example_dags/example_latest_only_with_trigger.py for tasks to queue
[2023-10-10T16:52:16.329+0000] {logging_mixin.py:151} INFO - [2023-10-10T16:52:16.329+0000] {dagbag.py:539} INFO - Filling up the DagBag from /home/airflow/.local/lib/python3.8/site-packages/airflow/example_dags/example_latest_only_with_trigger.py
[2023-10-10T16:52:16.334+0000] {processor.py:839} INFO - DAG(s) dict_keys(['latest_only_with_trigger']) retrieved from /home/airflow/.local/lib/python3.8/site-packages/airflow/example_dags/example_latest_only_with_trigger.py
[2023-10-10T16:52:16.353+0000] {logging_mixin.py:151} INFO - [2023-10-10T16:52:16.353+0000] {dag.py:2915} INFO - Sync 1 DAGs
[2023-10-10T16:52:16.372+0000] {logging_mixin.py:151} INFO - [2023-10-10T16:52:16.371+0000] {dag.py:3696} INFO - Setting next_dagrun for latest_only_with_trigger to 2023-10-10T12:52:16.371767+00:00, run_after=2023-10-10T16:52:16.371767+00:00
[2023-10-10T16:52:16.390+0000] {processor.py:179} INFO - Processing /home/airflow/.local/lib/python3.8/site-packages/airflow/example_dags/example_latest_only_with_trigger.py took 0.066 seconds
