[2023-10-10T15:24:07.839+0000] {processor.py:157} INFO - Started process (PID=177) to work on /home/airflow/.local/lib/python3.8/site-packages/airflow/example_dags/example_short_circuit_decorator.py
[2023-10-10T15:24:07.839+0000] {processor.py:829} INFO - Processing file /home/airflow/.local/lib/python3.8/site-packages/airflow/example_dags/example_short_circuit_decorator.py for tasks to queue
[2023-10-10T15:24:07.841+0000] {logging_mixin.py:151} INFO - [2023-10-10T15:24:07.841+0000] {dagbag.py:539} INFO - Filling up the DagBag from /home/airflow/.local/lib/python3.8/site-packages/airflow/example_dags/example_short_circuit_decorator.py
[2023-10-10T15:24:07.853+0000] {processor.py:839} INFO - DAG(s) dict_keys(['example_short_circuit_decorator']) retrieved from /home/airflow/.local/lib/python3.8/site-packages/airflow/example_dags/example_short_circuit_decorator.py
[2023-10-10T15:24:07.879+0000] {logging_mixin.py:151} INFO - [2023-10-10T15:24:07.879+0000] {dag.py:2915} INFO - Sync 1 DAGs
[2023-10-10T15:24:07.909+0000] {logging_mixin.py:151} INFO - [2023-10-10T15:24:07.909+0000] {dag.py:3696} INFO - Setting next_dagrun for example_short_circuit_decorator to 2023-10-09T15:24:07.908691+00:00, run_after=2023-10-10T15:24:07.908691+00:00
[2023-10-10T15:24:07.928+0000] {processor.py:179} INFO - Processing /home/airflow/.local/lib/python3.8/site-packages/airflow/example_dags/example_short_circuit_decorator.py took 0.092 seconds
[2023-10-10T15:24:38.916+0000] {processor.py:157} INFO - Started process (PID=231) to work on /home/airflow/.local/lib/python3.8/site-packages/airflow/example_dags/example_short_circuit_decorator.py
[2023-10-10T15:24:38.917+0000] {processor.py:829} INFO - Processing file /home/airflow/.local/lib/python3.8/site-packages/airflow/example_dags/example_short_circuit_decorator.py for tasks to queue
[2023-10-10T15:24:38.918+0000] {logging_mixin.py:151} INFO - [2023-10-10T15:24:38.918+0000] {dagbag.py:539} INFO - Filling up the DagBag from /home/airflow/.local/lib/python3.8/site-packages/airflow/example_dags/example_short_circuit_decorator.py
[2023-10-10T15:24:38.929+0000] {processor.py:839} INFO - DAG(s) dict_keys(['example_short_circuit_decorator']) retrieved from /home/airflow/.local/lib/python3.8/site-packages/airflow/example_dags/example_short_circuit_decorator.py
[2023-10-10T15:24:38.948+0000] {logging_mixin.py:151} INFO - [2023-10-10T15:24:38.948+0000] {dag.py:2915} INFO - Sync 1 DAGs
[2023-10-10T15:24:38.976+0000] {logging_mixin.py:151} INFO - [2023-10-10T15:24:38.976+0000] {dag.py:3696} INFO - Setting next_dagrun for example_short_circuit_decorator to 2023-10-09T15:24:38.976034+00:00, run_after=2023-10-10T15:24:38.976034+00:00
[2023-10-10T15:24:38.995+0000] {processor.py:179} INFO - Processing /home/airflow/.local/lib/python3.8/site-packages/airflow/example_dags/example_short_circuit_decorator.py took 0.082 seconds
[2023-10-10T15:25:10.384+0000] {processor.py:157} INFO - Started process (PID=285) to work on /home/airflow/.local/lib/python3.8/site-packages/airflow/example_dags/example_short_circuit_decorator.py
[2023-10-10T15:25:10.385+0000] {processor.py:829} INFO - Processing file /home/airflow/.local/lib/python3.8/site-packages/airflow/example_dags/example_short_circuit_decorator.py for tasks to queue
[2023-10-10T15:25:10.387+0000] {logging_mixin.py:151} INFO - [2023-10-10T15:25:10.387+0000] {dagbag.py:539} INFO - Filling up the DagBag from /home/airflow/.local/lib/python3.8/site-packages/airflow/example_dags/example_short_circuit_decorator.py
[2023-10-10T15:25:10.398+0000] {processor.py:839} INFO - DAG(s) dict_keys(['example_short_circuit_decorator']) retrieved from /home/airflow/.local/lib/python3.8/site-packages/airflow/example_dags/example_short_circuit_decorator.py
[2023-10-10T15:25:10.428+0000] {logging_mixin.py:151} INFO - [2023-10-10T15:25:10.428+0000] {dag.py:2915} INFO - Sync 1 DAGs
[2023-10-10T15:25:10.455+0000] {logging_mixin.py:151} INFO - [2023-10-10T15:25:10.455+0000] {dag.py:3696} INFO - Setting next_dagrun for example_short_circuit_decorator to 2023-10-09T15:25:10.455265+00:00, run_after=2023-10-10T15:25:10.455265+00:00
[2023-10-10T15:25:10.476+0000] {processor.py:179} INFO - Processing /home/airflow/.local/lib/python3.8/site-packages/airflow/example_dags/example_short_circuit_decorator.py took 0.096 seconds
[2023-10-10T15:25:41.013+0000] {processor.py:157} INFO - Started process (PID=339) to work on /home/airflow/.local/lib/python3.8/site-packages/airflow/example_dags/example_short_circuit_decorator.py
[2023-10-10T15:25:41.014+0000] {processor.py:829} INFO - Processing file /home/airflow/.local/lib/python3.8/site-packages/airflow/example_dags/example_short_circuit_decorator.py for tasks to queue
[2023-10-10T15:25:41.016+0000] {logging_mixin.py:151} INFO - [2023-10-10T15:25:41.015+0000] {dagbag.py:539} INFO - Filling up the DagBag from /home/airflow/.local/lib/python3.8/site-packages/airflow/example_dags/example_short_circuit_decorator.py
[2023-10-10T15:25:41.024+0000] {processor.py:839} INFO - DAG(s) dict_keys(['example_short_circuit_decorator']) retrieved from /home/airflow/.local/lib/python3.8/site-packages/airflow/example_dags/example_short_circuit_decorator.py
[2023-10-10T15:25:41.046+0000] {logging_mixin.py:151} INFO - [2023-10-10T15:25:41.046+0000] {dag.py:2915} INFO - Sync 1 DAGs
[2023-10-10T15:25:41.064+0000] {logging_mixin.py:151} INFO - [2023-10-10T15:25:41.064+0000] {dag.py:3696} INFO - Setting next_dagrun for example_short_circuit_decorator to 2023-10-09T15:25:41.064495+00:00, run_after=2023-10-10T15:25:41.064495+00:00
[2023-10-10T15:25:41.082+0000] {processor.py:179} INFO - Processing /home/airflow/.local/lib/python3.8/site-packages/airflow/example_dags/example_short_circuit_decorator.py took 0.074 seconds
[2023-10-10T15:26:11.671+0000] {processor.py:157} INFO - Started process (PID=393) to work on /home/airflow/.local/lib/python3.8/site-packages/airflow/example_dags/example_short_circuit_decorator.py
[2023-10-10T15:26:11.672+0000] {processor.py:829} INFO - Processing file /home/airflow/.local/lib/python3.8/site-packages/airflow/example_dags/example_short_circuit_decorator.py for tasks to queue
[2023-10-10T15:26:11.674+0000] {logging_mixin.py:151} INFO - [2023-10-10T15:26:11.673+0000] {dagbag.py:539} INFO - Filling up the DagBag from /home/airflow/.local/lib/python3.8/site-packages/airflow/example_dags/example_short_circuit_decorator.py
[2023-10-10T15:26:11.681+0000] {processor.py:839} INFO - DAG(s) dict_keys(['example_short_circuit_decorator']) retrieved from /home/airflow/.local/lib/python3.8/site-packages/airflow/example_dags/example_short_circuit_decorator.py
[2023-10-10T15:26:11.705+0000] {logging_mixin.py:151} INFO - [2023-10-10T15:26:11.704+0000] {dag.py:2915} INFO - Sync 1 DAGs
[2023-10-10T15:26:11.723+0000] {logging_mixin.py:151} INFO - [2023-10-10T15:26:11.723+0000] {dag.py:3696} INFO - Setting next_dagrun for example_short_circuit_decorator to 2023-10-09T15:26:11.723551+00:00, run_after=2023-10-10T15:26:11.723551+00:00
[2023-10-10T15:26:11.739+0000] {processor.py:179} INFO - Processing /home/airflow/.local/lib/python3.8/site-packages/airflow/example_dags/example_short_circuit_decorator.py took 0.071 seconds
[2023-10-10T15:26:42.212+0000] {processor.py:157} INFO - Started process (PID=447) to work on /home/airflow/.local/lib/python3.8/site-packages/airflow/example_dags/example_short_circuit_decorator.py
[2023-10-10T15:26:42.212+0000] {processor.py:829} INFO - Processing file /home/airflow/.local/lib/python3.8/site-packages/airflow/example_dags/example_short_circuit_decorator.py for tasks to queue
[2023-10-10T15:26:42.214+0000] {logging_mixin.py:151} INFO - [2023-10-10T15:26:42.214+0000] {dagbag.py:539} INFO - Filling up the DagBag from /home/airflow/.local/lib/python3.8/site-packages/airflow/example_dags/example_short_circuit_decorator.py
[2023-10-10T15:26:42.222+0000] {processor.py:839} INFO - DAG(s) dict_keys(['example_short_circuit_decorator']) retrieved from /home/airflow/.local/lib/python3.8/site-packages/airflow/example_dags/example_short_circuit_decorator.py
[2023-10-10T15:26:42.248+0000] {logging_mixin.py:151} INFO - [2023-10-10T15:26:42.247+0000] {dag.py:2915} INFO - Sync 1 DAGs
[2023-10-10T15:26:42.265+0000] {logging_mixin.py:151} INFO - [2023-10-10T15:26:42.265+0000] {dag.py:3696} INFO - Setting next_dagrun for example_short_circuit_decorator to 2023-10-09T15:26:42.265005+00:00, run_after=2023-10-10T15:26:42.265005+00:00
[2023-10-10T15:26:42.280+0000] {processor.py:179} INFO - Processing /home/airflow/.local/lib/python3.8/site-packages/airflow/example_dags/example_short_circuit_decorator.py took 0.071 seconds
[2023-10-10T15:27:12.857+0000] {processor.py:157} INFO - Started process (PID=501) to work on /home/airflow/.local/lib/python3.8/site-packages/airflow/example_dags/example_short_circuit_decorator.py
[2023-10-10T15:27:12.858+0000] {processor.py:829} INFO - Processing file /home/airflow/.local/lib/python3.8/site-packages/airflow/example_dags/example_short_circuit_decorator.py for tasks to queue
[2023-10-10T15:27:12.860+0000] {logging_mixin.py:151} INFO - [2023-10-10T15:27:12.859+0000] {dagbag.py:539} INFO - Filling up the DagBag from /home/airflow/.local/lib/python3.8/site-packages/airflow/example_dags/example_short_circuit_decorator.py
[2023-10-10T15:27:12.867+0000] {processor.py:839} INFO - DAG(s) dict_keys(['example_short_circuit_decorator']) retrieved from /home/airflow/.local/lib/python3.8/site-packages/airflow/example_dags/example_short_circuit_decorator.py
[2023-10-10T15:27:12.892+0000] {logging_mixin.py:151} INFO - [2023-10-10T15:27:12.892+0000] {dag.py:2915} INFO - Sync 1 DAGs
[2023-10-10T15:27:12.914+0000] {logging_mixin.py:151} INFO - [2023-10-10T15:27:12.914+0000] {dag.py:3696} INFO - Setting next_dagrun for example_short_circuit_decorator to 2023-10-09T15:27:12.913905+00:00, run_after=2023-10-10T15:27:12.913905+00:00
[2023-10-10T15:27:12.929+0000] {processor.py:179} INFO - Processing /home/airflow/.local/lib/python3.8/site-packages/airflow/example_dags/example_short_circuit_decorator.py took 0.075 seconds
[2023-10-10T15:27:43.620+0000] {processor.py:157} INFO - Started process (PID=555) to work on /home/airflow/.local/lib/python3.8/site-packages/airflow/example_dags/example_short_circuit_decorator.py
[2023-10-10T15:27:43.621+0000] {processor.py:829} INFO - Processing file /home/airflow/.local/lib/python3.8/site-packages/airflow/example_dags/example_short_circuit_decorator.py for tasks to queue
[2023-10-10T15:27:43.622+0000] {logging_mixin.py:151} INFO - [2023-10-10T15:27:43.622+0000] {dagbag.py:539} INFO - Filling up the DagBag from /home/airflow/.local/lib/python3.8/site-packages/airflow/example_dags/example_short_circuit_decorator.py
[2023-10-10T15:27:43.631+0000] {processor.py:839} INFO - DAG(s) dict_keys(['example_short_circuit_decorator']) retrieved from /home/airflow/.local/lib/python3.8/site-packages/airflow/example_dags/example_short_circuit_decorator.py
[2023-10-10T15:27:43.654+0000] {logging_mixin.py:151} INFO - [2023-10-10T15:27:43.654+0000] {dag.py:2915} INFO - Sync 1 DAGs
[2023-10-10T15:27:43.690+0000] {logging_mixin.py:151} INFO - [2023-10-10T15:27:43.690+0000] {dag.py:3696} INFO - Setting next_dagrun for example_short_circuit_decorator to 2023-10-09T15:27:43.689950+00:00, run_after=2023-10-10T15:27:43.689950+00:00
[2023-10-10T15:27:43.707+0000] {processor.py:179} INFO - Processing /home/airflow/.local/lib/python3.8/site-packages/airflow/example_dags/example_short_circuit_decorator.py took 0.090 seconds
[2023-10-10T15:28:14.405+0000] {processor.py:157} INFO - Started process (PID=609) to work on /home/airflow/.local/lib/python3.8/site-packages/airflow/example_dags/example_short_circuit_decorator.py
[2023-10-10T15:28:14.406+0000] {processor.py:829} INFO - Processing file /home/airflow/.local/lib/python3.8/site-packages/airflow/example_dags/example_short_circuit_decorator.py for tasks to queue
[2023-10-10T15:28:14.408+0000] {logging_mixin.py:151} INFO - [2023-10-10T15:28:14.408+0000] {dagbag.py:539} INFO - Filling up the DagBag from /home/airflow/.local/lib/python3.8/site-packages/airflow/example_dags/example_short_circuit_decorator.py
[2023-10-10T15:28:14.420+0000] {processor.py:839} INFO - DAG(s) dict_keys(['example_short_circuit_decorator']) retrieved from /home/airflow/.local/lib/python3.8/site-packages/airflow/example_dags/example_short_circuit_decorator.py
[2023-10-10T15:28:14.449+0000] {logging_mixin.py:151} INFO - [2023-10-10T15:28:14.448+0000] {dag.py:2915} INFO - Sync 1 DAGs
[2023-10-10T15:28:14.486+0000] {logging_mixin.py:151} INFO - [2023-10-10T15:28:14.486+0000] {dag.py:3696} INFO - Setting next_dagrun for example_short_circuit_decorator to 2023-10-09T15:28:14.485979+00:00, run_after=2023-10-10T15:28:14.485979+00:00
[2023-10-10T15:28:14.509+0000] {processor.py:179} INFO - Processing /home/airflow/.local/lib/python3.8/site-packages/airflow/example_dags/example_short_circuit_decorator.py took 0.108 seconds
[2023-10-10T15:28:45.189+0000] {processor.py:157} INFO - Started process (PID=663) to work on /home/airflow/.local/lib/python3.8/site-packages/airflow/example_dags/example_short_circuit_decorator.py
[2023-10-10T15:28:45.190+0000] {processor.py:829} INFO - Processing file /home/airflow/.local/lib/python3.8/site-packages/airflow/example_dags/example_short_circuit_decorator.py for tasks to queue
[2023-10-10T15:28:45.192+0000] {logging_mixin.py:151} INFO - [2023-10-10T15:28:45.192+0000] {dagbag.py:539} INFO - Filling up the DagBag from /home/airflow/.local/lib/python3.8/site-packages/airflow/example_dags/example_short_circuit_decorator.py
[2023-10-10T15:28:45.199+0000] {processor.py:839} INFO - DAG(s) dict_keys(['example_short_circuit_decorator']) retrieved from /home/airflow/.local/lib/python3.8/site-packages/airflow/example_dags/example_short_circuit_decorator.py
[2023-10-10T15:28:45.221+0000] {logging_mixin.py:151} INFO - [2023-10-10T15:28:45.220+0000] {dag.py:2915} INFO - Sync 1 DAGs
[2023-10-10T15:28:45.239+0000] {logging_mixin.py:151} INFO - [2023-10-10T15:28:45.239+0000] {dag.py:3696} INFO - Setting next_dagrun for example_short_circuit_decorator to 2023-10-09T15:28:45.238954+00:00, run_after=2023-10-10T15:28:45.238954+00:00
[2023-10-10T15:28:45.255+0000] {processor.py:179} INFO - Processing /home/airflow/.local/lib/python3.8/site-packages/airflow/example_dags/example_short_circuit_decorator.py took 0.068 seconds
[2023-10-10T15:29:17.014+0000] {processor.py:157} INFO - Started process (PID=717) to work on /home/airflow/.local/lib/python3.8/site-packages/airflow/example_dags/example_short_circuit_decorator.py
[2023-10-10T15:29:17.015+0000] {processor.py:829} INFO - Processing file /home/airflow/.local/lib/python3.8/site-packages/airflow/example_dags/example_short_circuit_decorator.py for tasks to queue
[2023-10-10T15:29:17.017+0000] {logging_mixin.py:151} INFO - [2023-10-10T15:29:17.017+0000] {dagbag.py:539} INFO - Filling up the DagBag from /home/airflow/.local/lib/python3.8/site-packages/airflow/example_dags/example_short_circuit_decorator.py
[2023-10-10T15:29:17.027+0000] {processor.py:839} INFO - DAG(s) dict_keys(['example_short_circuit_decorator']) retrieved from /home/airflow/.local/lib/python3.8/site-packages/airflow/example_dags/example_short_circuit_decorator.py
[2023-10-10T15:29:17.088+0000] {logging_mixin.py:151} INFO - [2023-10-10T15:29:17.088+0000] {dag.py:2915} INFO - Sync 1 DAGs
[2023-10-10T15:29:17.114+0000] {logging_mixin.py:151} INFO - [2023-10-10T15:29:17.114+0000] {dag.py:3696} INFO - Setting next_dagrun for example_short_circuit_decorator to 2023-10-09T15:29:17.113752+00:00, run_after=2023-10-10T15:29:17.113752+00:00
[2023-10-10T15:29:17.178+0000] {processor.py:179} INFO - Processing /home/airflow/.local/lib/python3.8/site-packages/airflow/example_dags/example_short_circuit_decorator.py took 0.166 seconds
[2023-10-10T15:29:48.086+0000] {processor.py:157} INFO - Started process (PID=771) to work on /home/airflow/.local/lib/python3.8/site-packages/airflow/example_dags/example_short_circuit_decorator.py
[2023-10-10T15:29:48.087+0000] {processor.py:829} INFO - Processing file /home/airflow/.local/lib/python3.8/site-packages/airflow/example_dags/example_short_circuit_decorator.py for tasks to queue
[2023-10-10T15:29:48.089+0000] {logging_mixin.py:151} INFO - [2023-10-10T15:29:48.088+0000] {dagbag.py:539} INFO - Filling up the DagBag from /home/airflow/.local/lib/python3.8/site-packages/airflow/example_dags/example_short_circuit_decorator.py
[2023-10-10T15:29:48.096+0000] {processor.py:839} INFO - DAG(s) dict_keys(['example_short_circuit_decorator']) retrieved from /home/airflow/.local/lib/python3.8/site-packages/airflow/example_dags/example_short_circuit_decorator.py
[2023-10-10T15:29:48.117+0000] {logging_mixin.py:151} INFO - [2023-10-10T15:29:48.117+0000] {dag.py:2915} INFO - Sync 1 DAGs
[2023-10-10T15:29:48.136+0000] {logging_mixin.py:151} INFO - [2023-10-10T15:29:48.136+0000] {dag.py:3696} INFO - Setting next_dagrun for example_short_circuit_decorator to 2023-10-09T15:29:48.136513+00:00, run_after=2023-10-10T15:29:48.136513+00:00
[2023-10-10T15:29:48.190+0000] {processor.py:179} INFO - Processing /home/airflow/.local/lib/python3.8/site-packages/airflow/example_dags/example_short_circuit_decorator.py took 0.106 seconds
[2023-10-10T15:30:18.441+0000] {processor.py:157} INFO - Started process (PID=825) to work on /home/airflow/.local/lib/python3.8/site-packages/airflow/example_dags/example_short_circuit_decorator.py
[2023-10-10T15:30:18.442+0000] {processor.py:829} INFO - Processing file /home/airflow/.local/lib/python3.8/site-packages/airflow/example_dags/example_short_circuit_decorator.py for tasks to queue
[2023-10-10T15:30:18.443+0000] {logging_mixin.py:151} INFO - [2023-10-10T15:30:18.443+0000] {dagbag.py:539} INFO - Filling up the DagBag from /home/airflow/.local/lib/python3.8/site-packages/airflow/example_dags/example_short_circuit_decorator.py
[2023-10-10T15:30:18.451+0000] {processor.py:839} INFO - DAG(s) dict_keys(['example_short_circuit_decorator']) retrieved from /home/airflow/.local/lib/python3.8/site-packages/airflow/example_dags/example_short_circuit_decorator.py
[2023-10-10T15:30:18.472+0000] {logging_mixin.py:151} INFO - [2023-10-10T15:30:18.472+0000] {dag.py:2915} INFO - Sync 1 DAGs
[2023-10-10T15:30:18.498+0000] {logging_mixin.py:151} INFO - [2023-10-10T15:30:18.497+0000] {dag.py:3696} INFO - Setting next_dagrun for example_short_circuit_decorator to 2023-10-09T15:30:18.497682+00:00, run_after=2023-10-10T15:30:18.497682+00:00
[2023-10-10T15:30:18.518+0000] {processor.py:179} INFO - Processing /home/airflow/.local/lib/python3.8/site-packages/airflow/example_dags/example_short_circuit_decorator.py took 0.080 seconds
[2023-10-10T15:30:48.609+0000] {processor.py:157} INFO - Started process (PID=879) to work on /home/airflow/.local/lib/python3.8/site-packages/airflow/example_dags/example_short_circuit_decorator.py
[2023-10-10T15:30:48.610+0000] {processor.py:829} INFO - Processing file /home/airflow/.local/lib/python3.8/site-packages/airflow/example_dags/example_short_circuit_decorator.py for tasks to queue
[2023-10-10T15:30:48.612+0000] {logging_mixin.py:151} INFO - [2023-10-10T15:30:48.612+0000] {dagbag.py:539} INFO - Filling up the DagBag from /home/airflow/.local/lib/python3.8/site-packages/airflow/example_dags/example_short_circuit_decorator.py
[2023-10-10T15:30:48.620+0000] {processor.py:839} INFO - DAG(s) dict_keys(['example_short_circuit_decorator']) retrieved from /home/airflow/.local/lib/python3.8/site-packages/airflow/example_dags/example_short_circuit_decorator.py
[2023-10-10T15:30:48.643+0000] {logging_mixin.py:151} INFO - [2023-10-10T15:30:48.643+0000] {dag.py:2915} INFO - Sync 1 DAGs
[2023-10-10T15:30:48.663+0000] {logging_mixin.py:151} INFO - [2023-10-10T15:30:48.662+0000] {dag.py:3696} INFO - Setting next_dagrun for example_short_circuit_decorator to 2023-10-09T15:30:48.662649+00:00, run_after=2023-10-10T15:30:48.662649+00:00
[2023-10-10T15:30:48.683+0000] {processor.py:179} INFO - Processing /home/airflow/.local/lib/python3.8/site-packages/airflow/example_dags/example_short_circuit_decorator.py took 0.077 seconds
[2023-10-10T15:31:19.780+0000] {processor.py:157} INFO - Started process (PID=933) to work on /home/airflow/.local/lib/python3.8/site-packages/airflow/example_dags/example_short_circuit_decorator.py
[2023-10-10T15:31:19.781+0000] {processor.py:829} INFO - Processing file /home/airflow/.local/lib/python3.8/site-packages/airflow/example_dags/example_short_circuit_decorator.py for tasks to queue
[2023-10-10T15:31:19.783+0000] {logging_mixin.py:151} INFO - [2023-10-10T15:31:19.783+0000] {dagbag.py:539} INFO - Filling up the DagBag from /home/airflow/.local/lib/python3.8/site-packages/airflow/example_dags/example_short_circuit_decorator.py
[2023-10-10T15:31:19.792+0000] {processor.py:839} INFO - DAG(s) dict_keys(['example_short_circuit_decorator']) retrieved from /home/airflow/.local/lib/python3.8/site-packages/airflow/example_dags/example_short_circuit_decorator.py
[2023-10-10T15:31:19.816+0000] {logging_mixin.py:151} INFO - [2023-10-10T15:31:19.815+0000] {dag.py:2915} INFO - Sync 1 DAGs
[2023-10-10T15:31:19.839+0000] {logging_mixin.py:151} INFO - [2023-10-10T15:31:19.839+0000] {dag.py:3696} INFO - Setting next_dagrun for example_short_circuit_decorator to 2023-10-09T15:31:19.839149+00:00, run_after=2023-10-10T15:31:19.839149+00:00
[2023-10-10T15:31:19.859+0000] {processor.py:179} INFO - Processing /home/airflow/.local/lib/python3.8/site-packages/airflow/example_dags/example_short_circuit_decorator.py took 0.082 seconds
[2023-10-10T15:31:50.993+0000] {processor.py:157} INFO - Started process (PID=987) to work on /home/airflow/.local/lib/python3.8/site-packages/airflow/example_dags/example_short_circuit_decorator.py
[2023-10-10T15:31:50.994+0000] {processor.py:829} INFO - Processing file /home/airflow/.local/lib/python3.8/site-packages/airflow/example_dags/example_short_circuit_decorator.py for tasks to queue
[2023-10-10T15:31:50.996+0000] {logging_mixin.py:151} INFO - [2023-10-10T15:31:50.996+0000] {dagbag.py:539} INFO - Filling up the DagBag from /home/airflow/.local/lib/python3.8/site-packages/airflow/example_dags/example_short_circuit_decorator.py
[2023-10-10T15:31:51.014+0000] {processor.py:839} INFO - DAG(s) dict_keys(['example_short_circuit_decorator']) retrieved from /home/airflow/.local/lib/python3.8/site-packages/airflow/example_dags/example_short_circuit_decorator.py
[2023-10-10T15:31:51.037+0000] {logging_mixin.py:151} INFO - [2023-10-10T15:31:51.037+0000] {dag.py:2915} INFO - Sync 1 DAGs
[2023-10-10T15:31:51.056+0000] {logging_mixin.py:151} INFO - [2023-10-10T15:31:51.056+0000] {dag.py:3696} INFO - Setting next_dagrun for example_short_circuit_decorator to 2023-10-09T15:31:51.056326+00:00, run_after=2023-10-10T15:31:51.056326+00:00
[2023-10-10T15:31:51.073+0000] {processor.py:179} INFO - Processing /home/airflow/.local/lib/python3.8/site-packages/airflow/example_dags/example_short_circuit_decorator.py took 0.084 seconds
[2023-10-10T15:32:21.888+0000] {processor.py:157} INFO - Started process (PID=1041) to work on /home/airflow/.local/lib/python3.8/site-packages/airflow/example_dags/example_short_circuit_decorator.py
[2023-10-10T15:32:21.889+0000] {processor.py:829} INFO - Processing file /home/airflow/.local/lib/python3.8/site-packages/airflow/example_dags/example_short_circuit_decorator.py for tasks to queue
[2023-10-10T15:32:21.891+0000] {logging_mixin.py:151} INFO - [2023-10-10T15:32:21.890+0000] {dagbag.py:539} INFO - Filling up the DagBag from /home/airflow/.local/lib/python3.8/site-packages/airflow/example_dags/example_short_circuit_decorator.py
[2023-10-10T15:32:21.899+0000] {processor.py:839} INFO - DAG(s) dict_keys(['example_short_circuit_decorator']) retrieved from /home/airflow/.local/lib/python3.8/site-packages/airflow/example_dags/example_short_circuit_decorator.py
[2023-10-10T15:32:21.919+0000] {logging_mixin.py:151} INFO - [2023-10-10T15:32:21.919+0000] {dag.py:2915} INFO - Sync 1 DAGs
[2023-10-10T15:32:21.940+0000] {logging_mixin.py:151} INFO - [2023-10-10T15:32:21.940+0000] {dag.py:3696} INFO - Setting next_dagrun for example_short_circuit_decorator to 2023-10-09T15:32:21.940080+00:00, run_after=2023-10-10T15:32:21.940080+00:00
[2023-10-10T15:32:21.956+0000] {processor.py:179} INFO - Processing /home/airflow/.local/lib/python3.8/site-packages/airflow/example_dags/example_short_circuit_decorator.py took 0.070 seconds
[2023-10-10T15:32:52.649+0000] {processor.py:157} INFO - Started process (PID=1095) to work on /home/airflow/.local/lib/python3.8/site-packages/airflow/example_dags/example_short_circuit_decorator.py
[2023-10-10T15:32:52.650+0000] {processor.py:829} INFO - Processing file /home/airflow/.local/lib/python3.8/site-packages/airflow/example_dags/example_short_circuit_decorator.py for tasks to queue
[2023-10-10T15:32:52.653+0000] {logging_mixin.py:151} INFO - [2023-10-10T15:32:52.652+0000] {dagbag.py:539} INFO - Filling up the DagBag from /home/airflow/.local/lib/python3.8/site-packages/airflow/example_dags/example_short_circuit_decorator.py
[2023-10-10T15:32:52.683+0000] {processor.py:839} INFO - DAG(s) dict_keys(['example_short_circuit_decorator']) retrieved from /home/airflow/.local/lib/python3.8/site-packages/airflow/example_dags/example_short_circuit_decorator.py
[2023-10-10T15:32:52.708+0000] {logging_mixin.py:151} INFO - [2023-10-10T15:32:52.708+0000] {dag.py:2915} INFO - Sync 1 DAGs
[2023-10-10T15:32:52.735+0000] {logging_mixin.py:151} INFO - [2023-10-10T15:32:52.735+0000] {dag.py:3696} INFO - Setting next_dagrun for example_short_circuit_decorator to 2023-10-09T15:32:52.734773+00:00, run_after=2023-10-10T15:32:52.734773+00:00
[2023-10-10T15:32:52.758+0000] {processor.py:179} INFO - Processing /home/airflow/.local/lib/python3.8/site-packages/airflow/example_dags/example_short_circuit_decorator.py took 0.112 seconds
[2023-10-10T15:33:23.290+0000] {processor.py:157} INFO - Started process (PID=1149) to work on /home/airflow/.local/lib/python3.8/site-packages/airflow/example_dags/example_short_circuit_decorator.py
[2023-10-10T15:33:23.291+0000] {processor.py:829} INFO - Processing file /home/airflow/.local/lib/python3.8/site-packages/airflow/example_dags/example_short_circuit_decorator.py for tasks to queue
[2023-10-10T15:33:23.293+0000] {logging_mixin.py:151} INFO - [2023-10-10T15:33:23.293+0000] {dagbag.py:539} INFO - Filling up the DagBag from /home/airflow/.local/lib/python3.8/site-packages/airflow/example_dags/example_short_circuit_decorator.py
[2023-10-10T15:33:23.303+0000] {processor.py:839} INFO - DAG(s) dict_keys(['example_short_circuit_decorator']) retrieved from /home/airflow/.local/lib/python3.8/site-packages/airflow/example_dags/example_short_circuit_decorator.py
[2023-10-10T15:33:23.329+0000] {logging_mixin.py:151} INFO - [2023-10-10T15:33:23.329+0000] {dag.py:2915} INFO - Sync 1 DAGs
[2023-10-10T15:33:23.350+0000] {logging_mixin.py:151} INFO - [2023-10-10T15:33:23.349+0000] {dag.py:3696} INFO - Setting next_dagrun for example_short_circuit_decorator to 2023-10-09T15:33:23.349631+00:00, run_after=2023-10-10T15:33:23.349631+00:00
[2023-10-10T15:33:23.366+0000] {processor.py:179} INFO - Processing /home/airflow/.local/lib/python3.8/site-packages/airflow/example_dags/example_short_circuit_decorator.py took 0.079 seconds
[2023-10-10T15:33:53.615+0000] {processor.py:157} INFO - Started process (PID=1203) to work on /home/airflow/.local/lib/python3.8/site-packages/airflow/example_dags/example_short_circuit_decorator.py
[2023-10-10T15:33:53.616+0000] {processor.py:829} INFO - Processing file /home/airflow/.local/lib/python3.8/site-packages/airflow/example_dags/example_short_circuit_decorator.py for tasks to queue
[2023-10-10T15:33:53.618+0000] {logging_mixin.py:151} INFO - [2023-10-10T15:33:53.617+0000] {dagbag.py:539} INFO - Filling up the DagBag from /home/airflow/.local/lib/python3.8/site-packages/airflow/example_dags/example_short_circuit_decorator.py
[2023-10-10T15:33:53.626+0000] {processor.py:839} INFO - DAG(s) dict_keys(['example_short_circuit_decorator']) retrieved from /home/airflow/.local/lib/python3.8/site-packages/airflow/example_dags/example_short_circuit_decorator.py
[2023-10-10T15:33:53.648+0000] {logging_mixin.py:151} INFO - [2023-10-10T15:33:53.647+0000] {dag.py:2915} INFO - Sync 1 DAGs
[2023-10-10T15:33:53.668+0000] {logging_mixin.py:151} INFO - [2023-10-10T15:33:53.668+0000] {dag.py:3696} INFO - Setting next_dagrun for example_short_circuit_decorator to 2023-10-09T15:33:53.668037+00:00, run_after=2023-10-10T15:33:53.668037+00:00
[2023-10-10T15:33:53.685+0000] {processor.py:179} INFO - Processing /home/airflow/.local/lib/python3.8/site-packages/airflow/example_dags/example_short_circuit_decorator.py took 0.072 seconds
[2023-10-10T15:34:24.489+0000] {processor.py:157} INFO - Started process (PID=1264) to work on /home/airflow/.local/lib/python3.8/site-packages/airflow/example_dags/example_short_circuit_decorator.py
[2023-10-10T15:34:24.490+0000] {processor.py:829} INFO - Processing file /home/airflow/.local/lib/python3.8/site-packages/airflow/example_dags/example_short_circuit_decorator.py for tasks to queue
[2023-10-10T15:34:24.492+0000] {logging_mixin.py:151} INFO - [2023-10-10T15:34:24.492+0000] {dagbag.py:539} INFO - Filling up the DagBag from /home/airflow/.local/lib/python3.8/site-packages/airflow/example_dags/example_short_circuit_decorator.py
[2023-10-10T15:34:24.500+0000] {processor.py:839} INFO - DAG(s) dict_keys(['example_short_circuit_decorator']) retrieved from /home/airflow/.local/lib/python3.8/site-packages/airflow/example_dags/example_short_circuit_decorator.py
[2023-10-10T15:34:24.522+0000] {logging_mixin.py:151} INFO - [2023-10-10T15:34:24.522+0000] {dag.py:2915} INFO - Sync 1 DAGs
[2023-10-10T15:34:24.542+0000] {logging_mixin.py:151} INFO - [2023-10-10T15:34:24.541+0000] {dag.py:3696} INFO - Setting next_dagrun for example_short_circuit_decorator to 2023-10-09T15:34:24.541594+00:00, run_after=2023-10-10T15:34:24.541594+00:00
[2023-10-10T15:34:24.556+0000] {processor.py:179} INFO - Processing /home/airflow/.local/lib/python3.8/site-packages/airflow/example_dags/example_short_circuit_decorator.py took 0.070 seconds
[2023-10-10T15:34:55.258+0000] {processor.py:157} INFO - Started process (PID=1317) to work on /home/airflow/.local/lib/python3.8/site-packages/airflow/example_dags/example_short_circuit_decorator.py
[2023-10-10T15:34:55.259+0000] {processor.py:829} INFO - Processing file /home/airflow/.local/lib/python3.8/site-packages/airflow/example_dags/example_short_circuit_decorator.py for tasks to queue
[2023-10-10T15:34:55.260+0000] {logging_mixin.py:151} INFO - [2023-10-10T15:34:55.260+0000] {dagbag.py:539} INFO - Filling up the DagBag from /home/airflow/.local/lib/python3.8/site-packages/airflow/example_dags/example_short_circuit_decorator.py
[2023-10-10T15:34:55.283+0000] {processor.py:839} INFO - DAG(s) dict_keys(['example_short_circuit_decorator']) retrieved from /home/airflow/.local/lib/python3.8/site-packages/airflow/example_dags/example_short_circuit_decorator.py
[2023-10-10T15:34:55.316+0000] {logging_mixin.py:151} INFO - [2023-10-10T15:34:55.316+0000] {dag.py:2915} INFO - Sync 1 DAGs
[2023-10-10T15:34:55.337+0000] {logging_mixin.py:151} INFO - [2023-10-10T15:34:55.336+0000] {dag.py:3696} INFO - Setting next_dagrun for example_short_circuit_decorator to 2023-10-09T15:34:55.336585+00:00, run_after=2023-10-10T15:34:55.336585+00:00
[2023-10-10T15:34:55.352+0000] {processor.py:179} INFO - Processing /home/airflow/.local/lib/python3.8/site-packages/airflow/example_dags/example_short_circuit_decorator.py took 0.097 seconds
[2023-10-10T15:35:26.543+0000] {processor.py:157} INFO - Started process (PID=1371) to work on /home/airflow/.local/lib/python3.8/site-packages/airflow/example_dags/example_short_circuit_decorator.py
[2023-10-10T15:35:26.544+0000] {processor.py:829} INFO - Processing file /home/airflow/.local/lib/python3.8/site-packages/airflow/example_dags/example_short_circuit_decorator.py for tasks to queue
[2023-10-10T15:35:26.546+0000] {logging_mixin.py:151} INFO - [2023-10-10T15:35:26.546+0000] {dagbag.py:539} INFO - Filling up the DagBag from /home/airflow/.local/lib/python3.8/site-packages/airflow/example_dags/example_short_circuit_decorator.py
[2023-10-10T15:35:26.557+0000] {processor.py:839} INFO - DAG(s) dict_keys(['example_short_circuit_decorator']) retrieved from /home/airflow/.local/lib/python3.8/site-packages/airflow/example_dags/example_short_circuit_decorator.py
[2023-10-10T15:35:26.602+0000] {logging_mixin.py:151} INFO - [2023-10-10T15:35:26.602+0000] {dag.py:2915} INFO - Sync 1 DAGs
[2023-10-10T15:35:26.628+0000] {logging_mixin.py:151} INFO - [2023-10-10T15:35:26.627+0000] {dag.py:3696} INFO - Setting next_dagrun for example_short_circuit_decorator to 2023-10-09T15:35:26.627655+00:00, run_after=2023-10-10T15:35:26.627655+00:00
[2023-10-10T15:35:26.649+0000] {processor.py:179} INFO - Processing /home/airflow/.local/lib/python3.8/site-packages/airflow/example_dags/example_short_circuit_decorator.py took 0.109 seconds
[2023-10-10T15:35:57.798+0000] {processor.py:157} INFO - Started process (PID=1425) to work on /home/airflow/.local/lib/python3.8/site-packages/airflow/example_dags/example_short_circuit_decorator.py
[2023-10-10T15:35:57.800+0000] {processor.py:829} INFO - Processing file /home/airflow/.local/lib/python3.8/site-packages/airflow/example_dags/example_short_circuit_decorator.py for tasks to queue
[2023-10-10T15:35:57.802+0000] {logging_mixin.py:151} INFO - [2023-10-10T15:35:57.802+0000] {dagbag.py:539} INFO - Filling up the DagBag from /home/airflow/.local/lib/python3.8/site-packages/airflow/example_dags/example_short_circuit_decorator.py
[2023-10-10T15:35:57.812+0000] {processor.py:839} INFO - DAG(s) dict_keys(['example_short_circuit_decorator']) retrieved from /home/airflow/.local/lib/python3.8/site-packages/airflow/example_dags/example_short_circuit_decorator.py
[2023-10-10T15:35:57.834+0000] {logging_mixin.py:151} INFO - [2023-10-10T15:35:57.834+0000] {dag.py:2915} INFO - Sync 1 DAGs
[2023-10-10T15:35:57.855+0000] {logging_mixin.py:151} INFO - [2023-10-10T15:35:57.854+0000] {dag.py:3696} INFO - Setting next_dagrun for example_short_circuit_decorator to 2023-10-09T15:35:57.854749+00:00, run_after=2023-10-10T15:35:57.854749+00:00
[2023-10-10T15:35:57.891+0000] {processor.py:179} INFO - Processing /home/airflow/.local/lib/python3.8/site-packages/airflow/example_dags/example_short_circuit_decorator.py took 0.097 seconds
[2023-10-10T15:36:28.450+0000] {processor.py:157} INFO - Started process (PID=1479) to work on /home/airflow/.local/lib/python3.8/site-packages/airflow/example_dags/example_short_circuit_decorator.py
[2023-10-10T15:36:28.452+0000] {processor.py:829} INFO - Processing file /home/airflow/.local/lib/python3.8/site-packages/airflow/example_dags/example_short_circuit_decorator.py for tasks to queue
[2023-10-10T15:36:28.454+0000] {logging_mixin.py:151} INFO - [2023-10-10T15:36:28.453+0000] {dagbag.py:539} INFO - Filling up the DagBag from /home/airflow/.local/lib/python3.8/site-packages/airflow/example_dags/example_short_circuit_decorator.py
[2023-10-10T15:36:28.462+0000] {processor.py:839} INFO - DAG(s) dict_keys(['example_short_circuit_decorator']) retrieved from /home/airflow/.local/lib/python3.8/site-packages/airflow/example_dags/example_short_circuit_decorator.py
[2023-10-10T15:36:28.490+0000] {logging_mixin.py:151} INFO - [2023-10-10T15:36:28.490+0000] {dag.py:2915} INFO - Sync 1 DAGs
[2023-10-10T15:36:28.514+0000] {logging_mixin.py:151} INFO - [2023-10-10T15:36:28.514+0000] {dag.py:3696} INFO - Setting next_dagrun for example_short_circuit_decorator to 2023-10-09T15:36:28.514149+00:00, run_after=2023-10-10T15:36:28.514149+00:00
[2023-10-10T15:36:28.533+0000] {processor.py:179} INFO - Processing /home/airflow/.local/lib/python3.8/site-packages/airflow/example_dags/example_short_circuit_decorator.py took 0.087 seconds
[2023-10-10T15:36:59.597+0000] {processor.py:157} INFO - Started process (PID=1533) to work on /home/airflow/.local/lib/python3.8/site-packages/airflow/example_dags/example_short_circuit_decorator.py
[2023-10-10T15:36:59.598+0000] {processor.py:829} INFO - Processing file /home/airflow/.local/lib/python3.8/site-packages/airflow/example_dags/example_short_circuit_decorator.py for tasks to queue
[2023-10-10T15:36:59.600+0000] {logging_mixin.py:151} INFO - [2023-10-10T15:36:59.600+0000] {dagbag.py:539} INFO - Filling up the DagBag from /home/airflow/.local/lib/python3.8/site-packages/airflow/example_dags/example_short_circuit_decorator.py
[2023-10-10T15:36:59.610+0000] {processor.py:839} INFO - DAG(s) dict_keys(['example_short_circuit_decorator']) retrieved from /home/airflow/.local/lib/python3.8/site-packages/airflow/example_dags/example_short_circuit_decorator.py
[2023-10-10T15:36:59.634+0000] {logging_mixin.py:151} INFO - [2023-10-10T15:36:59.634+0000] {dag.py:2915} INFO - Sync 1 DAGs
[2023-10-10T15:36:59.660+0000] {logging_mixin.py:151} INFO - [2023-10-10T15:36:59.660+0000] {dag.py:3696} INFO - Setting next_dagrun for example_short_circuit_decorator to 2023-10-09T15:36:59.660134+00:00, run_after=2023-10-10T15:36:59.660134+00:00
[2023-10-10T15:36:59.686+0000] {processor.py:179} INFO - Processing /home/airflow/.local/lib/python3.8/site-packages/airflow/example_dags/example_short_circuit_decorator.py took 0.092 seconds
[2023-10-10T15:37:30.749+0000] {processor.py:157} INFO - Started process (PID=1587) to work on /home/airflow/.local/lib/python3.8/site-packages/airflow/example_dags/example_short_circuit_decorator.py
[2023-10-10T15:37:30.751+0000] {processor.py:829} INFO - Processing file /home/airflow/.local/lib/python3.8/site-packages/airflow/example_dags/example_short_circuit_decorator.py for tasks to queue
[2023-10-10T15:37:30.752+0000] {logging_mixin.py:151} INFO - [2023-10-10T15:37:30.752+0000] {dagbag.py:539} INFO - Filling up the DagBag from /home/airflow/.local/lib/python3.8/site-packages/airflow/example_dags/example_short_circuit_decorator.py
[2023-10-10T15:37:30.760+0000] {processor.py:839} INFO - DAG(s) dict_keys(['example_short_circuit_decorator']) retrieved from /home/airflow/.local/lib/python3.8/site-packages/airflow/example_dags/example_short_circuit_decorator.py
[2023-10-10T15:37:30.782+0000] {logging_mixin.py:151} INFO - [2023-10-10T15:37:30.781+0000] {dag.py:2915} INFO - Sync 1 DAGs
[2023-10-10T15:37:30.804+0000] {logging_mixin.py:151} INFO - [2023-10-10T15:37:30.804+0000] {dag.py:3696} INFO - Setting next_dagrun for example_short_circuit_decorator to 2023-10-09T15:37:30.804164+00:00, run_after=2023-10-10T15:37:30.804164+00:00
[2023-10-10T15:37:30.822+0000] {processor.py:179} INFO - Processing /home/airflow/.local/lib/python3.8/site-packages/airflow/example_dags/example_short_circuit_decorator.py took 0.075 seconds
[2023-10-10T15:38:02.367+0000] {processor.py:157} INFO - Started process (PID=1641) to work on /home/airflow/.local/lib/python3.8/site-packages/airflow/example_dags/example_short_circuit_decorator.py
[2023-10-10T15:38:02.369+0000] {processor.py:829} INFO - Processing file /home/airflow/.local/lib/python3.8/site-packages/airflow/example_dags/example_short_circuit_decorator.py for tasks to queue
[2023-10-10T15:38:02.370+0000] {logging_mixin.py:151} INFO - [2023-10-10T15:38:02.370+0000] {dagbag.py:539} INFO - Filling up the DagBag from /home/airflow/.local/lib/python3.8/site-packages/airflow/example_dags/example_short_circuit_decorator.py
[2023-10-10T15:38:02.380+0000] {processor.py:839} INFO - DAG(s) dict_keys(['example_short_circuit_decorator']) retrieved from /home/airflow/.local/lib/python3.8/site-packages/airflow/example_dags/example_short_circuit_decorator.py
[2023-10-10T15:38:02.407+0000] {logging_mixin.py:151} INFO - [2023-10-10T15:38:02.406+0000] {dag.py:2915} INFO - Sync 1 DAGs
[2023-10-10T15:38:02.432+0000] {logging_mixin.py:151} INFO - [2023-10-10T15:38:02.432+0000] {dag.py:3696} INFO - Setting next_dagrun for example_short_circuit_decorator to 2023-10-09T15:38:02.432369+00:00, run_after=2023-10-10T15:38:02.432369+00:00
[2023-10-10T15:38:02.449+0000] {processor.py:179} INFO - Processing /home/airflow/.local/lib/python3.8/site-packages/airflow/example_dags/example_short_circuit_decorator.py took 0.084 seconds
[2023-10-10T15:38:32.808+0000] {processor.py:157} INFO - Started process (PID=1695) to work on /home/airflow/.local/lib/python3.8/site-packages/airflow/example_dags/example_short_circuit_decorator.py
[2023-10-10T15:38:32.809+0000] {processor.py:829} INFO - Processing file /home/airflow/.local/lib/python3.8/site-packages/airflow/example_dags/example_short_circuit_decorator.py for tasks to queue
[2023-10-10T15:38:32.810+0000] {logging_mixin.py:151} INFO - [2023-10-10T15:38:32.810+0000] {dagbag.py:539} INFO - Filling up the DagBag from /home/airflow/.local/lib/python3.8/site-packages/airflow/example_dags/example_short_circuit_decorator.py
[2023-10-10T15:38:32.820+0000] {processor.py:839} INFO - DAG(s) dict_keys(['example_short_circuit_decorator']) retrieved from /home/airflow/.local/lib/python3.8/site-packages/airflow/example_dags/example_short_circuit_decorator.py
[2023-10-10T15:38:32.844+0000] {logging_mixin.py:151} INFO - [2023-10-10T15:38:32.844+0000] {dag.py:2915} INFO - Sync 1 DAGs
[2023-10-10T15:38:32.866+0000] {logging_mixin.py:151} INFO - [2023-10-10T15:38:32.865+0000] {dag.py:3696} INFO - Setting next_dagrun for example_short_circuit_decorator to 2023-10-09T15:38:32.865593+00:00, run_after=2023-10-10T15:38:32.865593+00:00
[2023-10-10T15:38:32.894+0000] {processor.py:179} INFO - Processing /home/airflow/.local/lib/python3.8/site-packages/airflow/example_dags/example_short_circuit_decorator.py took 0.090 seconds
[2023-10-10T15:39:03.940+0000] {processor.py:157} INFO - Started process (PID=1749) to work on /home/airflow/.local/lib/python3.8/site-packages/airflow/example_dags/example_short_circuit_decorator.py
[2023-10-10T15:39:03.941+0000] {processor.py:829} INFO - Processing file /home/airflow/.local/lib/python3.8/site-packages/airflow/example_dags/example_short_circuit_decorator.py for tasks to queue
[2023-10-10T15:39:03.943+0000] {logging_mixin.py:151} INFO - [2023-10-10T15:39:03.943+0000] {dagbag.py:539} INFO - Filling up the DagBag from /home/airflow/.local/lib/python3.8/site-packages/airflow/example_dags/example_short_circuit_decorator.py
[2023-10-10T15:39:03.953+0000] {processor.py:839} INFO - DAG(s) dict_keys(['example_short_circuit_decorator']) retrieved from /home/airflow/.local/lib/python3.8/site-packages/airflow/example_dags/example_short_circuit_decorator.py
[2023-10-10T15:39:03.980+0000] {logging_mixin.py:151} INFO - [2023-10-10T15:39:03.980+0000] {dag.py:2915} INFO - Sync 1 DAGs
[2023-10-10T15:39:04.006+0000] {logging_mixin.py:151} INFO - [2023-10-10T15:39:04.006+0000] {dag.py:3696} INFO - Setting next_dagrun for example_short_circuit_decorator to 2023-10-09T15:39:04.005970+00:00, run_after=2023-10-10T15:39:04.005970+00:00
[2023-10-10T15:39:04.026+0000] {processor.py:179} INFO - Processing /home/airflow/.local/lib/python3.8/site-packages/airflow/example_dags/example_short_circuit_decorator.py took 0.090 seconds
[2023-10-10T15:39:34.458+0000] {processor.py:157} INFO - Started process (PID=1803) to work on /home/airflow/.local/lib/python3.8/site-packages/airflow/example_dags/example_short_circuit_decorator.py
[2023-10-10T15:39:34.458+0000] {processor.py:829} INFO - Processing file /home/airflow/.local/lib/python3.8/site-packages/airflow/example_dags/example_short_circuit_decorator.py for tasks to queue
[2023-10-10T15:39:34.461+0000] {logging_mixin.py:151} INFO - [2023-10-10T15:39:34.460+0000] {dagbag.py:539} INFO - Filling up the DagBag from /home/airflow/.local/lib/python3.8/site-packages/airflow/example_dags/example_short_circuit_decorator.py
[2023-10-10T15:39:34.469+0000] {processor.py:839} INFO - DAG(s) dict_keys(['example_short_circuit_decorator']) retrieved from /home/airflow/.local/lib/python3.8/site-packages/airflow/example_dags/example_short_circuit_decorator.py
[2023-10-10T15:39:34.499+0000] {logging_mixin.py:151} INFO - [2023-10-10T15:39:34.499+0000] {dag.py:2915} INFO - Sync 1 DAGs
[2023-10-10T15:39:34.523+0000] {logging_mixin.py:151} INFO - [2023-10-10T15:39:34.523+0000] {dag.py:3696} INFO - Setting next_dagrun for example_short_circuit_decorator to 2023-10-09T15:39:34.522791+00:00, run_after=2023-10-10T15:39:34.522791+00:00
[2023-10-10T15:39:34.540+0000] {processor.py:179} INFO - Processing /home/airflow/.local/lib/python3.8/site-packages/airflow/example_dags/example_short_circuit_decorator.py took 0.084 seconds
[2023-10-10T15:40:05.694+0000] {processor.py:157} INFO - Started process (PID=1857) to work on /home/airflow/.local/lib/python3.8/site-packages/airflow/example_dags/example_short_circuit_decorator.py
[2023-10-10T15:40:05.695+0000] {processor.py:829} INFO - Processing file /home/airflow/.local/lib/python3.8/site-packages/airflow/example_dags/example_short_circuit_decorator.py for tasks to queue
[2023-10-10T15:40:05.697+0000] {logging_mixin.py:151} INFO - [2023-10-10T15:40:05.696+0000] {dagbag.py:539} INFO - Filling up the DagBag from /home/airflow/.local/lib/python3.8/site-packages/airflow/example_dags/example_short_circuit_decorator.py
[2023-10-10T15:40:05.706+0000] {processor.py:839} INFO - DAG(s) dict_keys(['example_short_circuit_decorator']) retrieved from /home/airflow/.local/lib/python3.8/site-packages/airflow/example_dags/example_short_circuit_decorator.py
[2023-10-10T15:40:05.736+0000] {logging_mixin.py:151} INFO - [2023-10-10T15:40:05.736+0000] {dag.py:2915} INFO - Sync 1 DAGs
[2023-10-10T15:40:05.759+0000] {logging_mixin.py:151} INFO - [2023-10-10T15:40:05.759+0000] {dag.py:3696} INFO - Setting next_dagrun for example_short_circuit_decorator to 2023-10-09T15:40:05.759427+00:00, run_after=2023-10-10T15:40:05.759427+00:00
[2023-10-10T15:40:05.783+0000] {processor.py:179} INFO - Processing /home/airflow/.local/lib/python3.8/site-packages/airflow/example_dags/example_short_circuit_decorator.py took 0.093 seconds
[2023-10-10T15:40:36.836+0000] {processor.py:157} INFO - Started process (PID=1911) to work on /home/airflow/.local/lib/python3.8/site-packages/airflow/example_dags/example_short_circuit_decorator.py
[2023-10-10T15:40:36.837+0000] {processor.py:829} INFO - Processing file /home/airflow/.local/lib/python3.8/site-packages/airflow/example_dags/example_short_circuit_decorator.py for tasks to queue
[2023-10-10T15:40:36.838+0000] {logging_mixin.py:151} INFO - [2023-10-10T15:40:36.838+0000] {dagbag.py:539} INFO - Filling up the DagBag from /home/airflow/.local/lib/python3.8/site-packages/airflow/example_dags/example_short_circuit_decorator.py
[2023-10-10T15:40:36.846+0000] {processor.py:839} INFO - DAG(s) dict_keys(['example_short_circuit_decorator']) retrieved from /home/airflow/.local/lib/python3.8/site-packages/airflow/example_dags/example_short_circuit_decorator.py
[2023-10-10T15:40:36.865+0000] {logging_mixin.py:151} INFO - [2023-10-10T15:40:36.865+0000] {dag.py:2915} INFO - Sync 1 DAGs
[2023-10-10T15:40:36.889+0000] {logging_mixin.py:151} INFO - [2023-10-10T15:40:36.889+0000] {dag.py:3696} INFO - Setting next_dagrun for example_short_circuit_decorator to 2023-10-09T15:40:36.888735+00:00, run_after=2023-10-10T15:40:36.888735+00:00
[2023-10-10T15:40:36.910+0000] {processor.py:179} INFO - Processing /home/airflow/.local/lib/python3.8/site-packages/airflow/example_dags/example_short_circuit_decorator.py took 0.076 seconds
[2023-10-10T15:41:08.509+0000] {processor.py:157} INFO - Started process (PID=1965) to work on /home/airflow/.local/lib/python3.8/site-packages/airflow/example_dags/example_short_circuit_decorator.py
[2023-10-10T15:41:08.510+0000] {processor.py:829} INFO - Processing file /home/airflow/.local/lib/python3.8/site-packages/airflow/example_dags/example_short_circuit_decorator.py for tasks to queue
[2023-10-10T15:41:08.512+0000] {logging_mixin.py:151} INFO - [2023-10-10T15:41:08.511+0000] {dagbag.py:539} INFO - Filling up the DagBag from /home/airflow/.local/lib/python3.8/site-packages/airflow/example_dags/example_short_circuit_decorator.py
[2023-10-10T15:41:08.520+0000] {processor.py:839} INFO - DAG(s) dict_keys(['example_short_circuit_decorator']) retrieved from /home/airflow/.local/lib/python3.8/site-packages/airflow/example_dags/example_short_circuit_decorator.py
[2023-10-10T15:41:08.576+0000] {logging_mixin.py:151} INFO - [2023-10-10T15:41:08.575+0000] {dag.py:2915} INFO - Sync 1 DAGs
[2023-10-10T15:41:08.599+0000] {logging_mixin.py:151} INFO - [2023-10-10T15:41:08.599+0000] {dag.py:3696} INFO - Setting next_dagrun for example_short_circuit_decorator to 2023-10-09T15:41:08.598929+00:00, run_after=2023-10-10T15:41:08.598929+00:00
[2023-10-10T15:41:08.623+0000] {processor.py:179} INFO - Processing /home/airflow/.local/lib/python3.8/site-packages/airflow/example_dags/example_short_circuit_decorator.py took 0.117 seconds
[2023-10-10T15:41:39.889+0000] {processor.py:157} INFO - Started process (PID=2018) to work on /home/airflow/.local/lib/python3.8/site-packages/airflow/example_dags/example_short_circuit_decorator.py
[2023-10-10T15:41:39.889+0000] {processor.py:829} INFO - Processing file /home/airflow/.local/lib/python3.8/site-packages/airflow/example_dags/example_short_circuit_decorator.py for tasks to queue
[2023-10-10T15:41:39.891+0000] {logging_mixin.py:151} INFO - [2023-10-10T15:41:39.891+0000] {dagbag.py:539} INFO - Filling up the DagBag from /home/airflow/.local/lib/python3.8/site-packages/airflow/example_dags/example_short_circuit_decorator.py
[2023-10-10T15:41:39.900+0000] {processor.py:839} INFO - DAG(s) dict_keys(['example_short_circuit_decorator']) retrieved from /home/airflow/.local/lib/python3.8/site-packages/airflow/example_dags/example_short_circuit_decorator.py
[2023-10-10T15:41:39.928+0000] {logging_mixin.py:151} INFO - [2023-10-10T15:41:39.928+0000] {dag.py:2915} INFO - Sync 1 DAGs
[2023-10-10T15:41:39.988+0000] {logging_mixin.py:151} INFO - [2023-10-10T15:41:39.987+0000] {dag.py:3696} INFO - Setting next_dagrun for example_short_circuit_decorator to 2023-10-09T15:41:39.987738+00:00, run_after=2023-10-10T15:41:39.987738+00:00
[2023-10-10T15:41:40.006+0000] {processor.py:179} INFO - Processing /home/airflow/.local/lib/python3.8/site-packages/airflow/example_dags/example_short_circuit_decorator.py took 0.120 seconds
[2023-10-10T15:42:10.899+0000] {processor.py:157} INFO - Started process (PID=2072) to work on /home/airflow/.local/lib/python3.8/site-packages/airflow/example_dags/example_short_circuit_decorator.py
[2023-10-10T15:42:10.900+0000] {processor.py:829} INFO - Processing file /home/airflow/.local/lib/python3.8/site-packages/airflow/example_dags/example_short_circuit_decorator.py for tasks to queue
[2023-10-10T15:42:10.902+0000] {logging_mixin.py:151} INFO - [2023-10-10T15:42:10.902+0000] {dagbag.py:539} INFO - Filling up the DagBag from /home/airflow/.local/lib/python3.8/site-packages/airflow/example_dags/example_short_circuit_decorator.py
[2023-10-10T15:42:10.910+0000] {processor.py:839} INFO - DAG(s) dict_keys(['example_short_circuit_decorator']) retrieved from /home/airflow/.local/lib/python3.8/site-packages/airflow/example_dags/example_short_circuit_decorator.py
[2023-10-10T15:42:10.937+0000] {logging_mixin.py:151} INFO - [2023-10-10T15:42:10.937+0000] {dag.py:2915} INFO - Sync 1 DAGs
[2023-10-10T15:42:10.957+0000] {logging_mixin.py:151} INFO - [2023-10-10T15:42:10.957+0000] {dag.py:3696} INFO - Setting next_dagrun for example_short_circuit_decorator to 2023-10-09T15:42:10.957551+00:00, run_after=2023-10-10T15:42:10.957551+00:00
[2023-10-10T15:42:10.990+0000] {processor.py:179} INFO - Processing /home/airflow/.local/lib/python3.8/site-packages/airflow/example_dags/example_short_circuit_decorator.py took 0.093 seconds
[2023-10-10T15:42:41.927+0000] {processor.py:157} INFO - Started process (PID=2126) to work on /home/airflow/.local/lib/python3.8/site-packages/airflow/example_dags/example_short_circuit_decorator.py
[2023-10-10T15:42:41.928+0000] {processor.py:829} INFO - Processing file /home/airflow/.local/lib/python3.8/site-packages/airflow/example_dags/example_short_circuit_decorator.py for tasks to queue
[2023-10-10T15:42:41.930+0000] {logging_mixin.py:151} INFO - [2023-10-10T15:42:41.930+0000] {dagbag.py:539} INFO - Filling up the DagBag from /home/airflow/.local/lib/python3.8/site-packages/airflow/example_dags/example_short_circuit_decorator.py
[2023-10-10T15:42:41.941+0000] {processor.py:839} INFO - DAG(s) dict_keys(['example_short_circuit_decorator']) retrieved from /home/airflow/.local/lib/python3.8/site-packages/airflow/example_dags/example_short_circuit_decorator.py
[2023-10-10T15:42:41.962+0000] {logging_mixin.py:151} INFO - [2023-10-10T15:42:41.962+0000] {dag.py:2915} INFO - Sync 1 DAGs
[2023-10-10T15:42:41.989+0000] {logging_mixin.py:151} INFO - [2023-10-10T15:42:41.989+0000] {dag.py:3696} INFO - Setting next_dagrun for example_short_circuit_decorator to 2023-10-09T15:42:41.989301+00:00, run_after=2023-10-10T15:42:41.989301+00:00
[2023-10-10T15:42:42.007+0000] {processor.py:179} INFO - Processing /home/airflow/.local/lib/python3.8/site-packages/airflow/example_dags/example_short_circuit_decorator.py took 0.084 seconds
[2023-10-10T15:43:12.256+0000] {processor.py:157} INFO - Started process (PID=2180) to work on /home/airflow/.local/lib/python3.8/site-packages/airflow/example_dags/example_short_circuit_decorator.py
[2023-10-10T15:43:12.256+0000] {processor.py:829} INFO - Processing file /home/airflow/.local/lib/python3.8/site-packages/airflow/example_dags/example_short_circuit_decorator.py for tasks to queue
[2023-10-10T15:43:12.258+0000] {logging_mixin.py:151} INFO - [2023-10-10T15:43:12.258+0000] {dagbag.py:539} INFO - Filling up the DagBag from /home/airflow/.local/lib/python3.8/site-packages/airflow/example_dags/example_short_circuit_decorator.py
[2023-10-10T15:43:12.265+0000] {processor.py:839} INFO - DAG(s) dict_keys(['example_short_circuit_decorator']) retrieved from /home/airflow/.local/lib/python3.8/site-packages/airflow/example_dags/example_short_circuit_decorator.py
[2023-10-10T15:43:12.288+0000] {logging_mixin.py:151} INFO - [2023-10-10T15:43:12.288+0000] {dag.py:2915} INFO - Sync 1 DAGs
[2023-10-10T15:43:12.309+0000] {logging_mixin.py:151} INFO - [2023-10-10T15:43:12.309+0000] {dag.py:3696} INFO - Setting next_dagrun for example_short_circuit_decorator to 2023-10-09T15:43:12.309443+00:00, run_after=2023-10-10T15:43:12.309443+00:00
[2023-10-10T15:43:12.324+0000] {processor.py:179} INFO - Processing /home/airflow/.local/lib/python3.8/site-packages/airflow/example_dags/example_short_circuit_decorator.py took 0.070 seconds
[2023-10-10T15:43:43.300+0000] {processor.py:157} INFO - Started process (PID=2234) to work on /home/airflow/.local/lib/python3.8/site-packages/airflow/example_dags/example_short_circuit_decorator.py
[2023-10-10T15:43:43.301+0000] {processor.py:829} INFO - Processing file /home/airflow/.local/lib/python3.8/site-packages/airflow/example_dags/example_short_circuit_decorator.py for tasks to queue
[2023-10-10T15:43:43.303+0000] {logging_mixin.py:151} INFO - [2023-10-10T15:43:43.302+0000] {dagbag.py:539} INFO - Filling up the DagBag from /home/airflow/.local/lib/python3.8/site-packages/airflow/example_dags/example_short_circuit_decorator.py
[2023-10-10T15:43:43.310+0000] {processor.py:839} INFO - DAG(s) dict_keys(['example_short_circuit_decorator']) retrieved from /home/airflow/.local/lib/python3.8/site-packages/airflow/example_dags/example_short_circuit_decorator.py
[2023-10-10T15:43:43.339+0000] {logging_mixin.py:151} INFO - [2023-10-10T15:43:43.338+0000] {dag.py:2915} INFO - Sync 1 DAGs
[2023-10-10T15:43:43.365+0000] {logging_mixin.py:151} INFO - [2023-10-10T15:43:43.365+0000] {dag.py:3696} INFO - Setting next_dagrun for example_short_circuit_decorator to 2023-10-09T15:43:43.364996+00:00, run_after=2023-10-10T15:43:43.364996+00:00
[2023-10-10T15:43:43.387+0000] {processor.py:179} INFO - Processing /home/airflow/.local/lib/python3.8/site-packages/airflow/example_dags/example_short_circuit_decorator.py took 0.090 seconds
[2023-10-10T15:44:14.475+0000] {processor.py:157} INFO - Started process (PID=2288) to work on /home/airflow/.local/lib/python3.8/site-packages/airflow/example_dags/example_short_circuit_decorator.py
[2023-10-10T15:44:14.476+0000] {processor.py:829} INFO - Processing file /home/airflow/.local/lib/python3.8/site-packages/airflow/example_dags/example_short_circuit_decorator.py for tasks to queue
[2023-10-10T15:44:14.478+0000] {logging_mixin.py:151} INFO - [2023-10-10T15:44:14.477+0000] {dagbag.py:539} INFO - Filling up the DagBag from /home/airflow/.local/lib/python3.8/site-packages/airflow/example_dags/example_short_circuit_decorator.py
[2023-10-10T15:44:14.487+0000] {processor.py:839} INFO - DAG(s) dict_keys(['example_short_circuit_decorator']) retrieved from /home/airflow/.local/lib/python3.8/site-packages/airflow/example_dags/example_short_circuit_decorator.py
[2023-10-10T15:44:14.508+0000] {logging_mixin.py:151} INFO - [2023-10-10T15:44:14.508+0000] {dag.py:2915} INFO - Sync 1 DAGs
[2023-10-10T15:44:14.528+0000] {logging_mixin.py:151} INFO - [2023-10-10T15:44:14.528+0000] {dag.py:3696} INFO - Setting next_dagrun for example_short_circuit_decorator to 2023-10-09T15:44:14.527976+00:00, run_after=2023-10-10T15:44:14.527976+00:00
[2023-10-10T15:44:14.542+0000] {processor.py:179} INFO - Processing /home/airflow/.local/lib/python3.8/site-packages/airflow/example_dags/example_short_circuit_decorator.py took 0.070 seconds
[2023-10-10T15:44:45.038+0000] {processor.py:157} INFO - Started process (PID=2342) to work on /home/airflow/.local/lib/python3.8/site-packages/airflow/example_dags/example_short_circuit_decorator.py
[2023-10-10T15:44:45.039+0000] {processor.py:829} INFO - Processing file /home/airflow/.local/lib/python3.8/site-packages/airflow/example_dags/example_short_circuit_decorator.py for tasks to queue
[2023-10-10T15:44:45.041+0000] {logging_mixin.py:151} INFO - [2023-10-10T15:44:45.041+0000] {dagbag.py:539} INFO - Filling up the DagBag from /home/airflow/.local/lib/python3.8/site-packages/airflow/example_dags/example_short_circuit_decorator.py
[2023-10-10T15:44:45.048+0000] {processor.py:839} INFO - DAG(s) dict_keys(['example_short_circuit_decorator']) retrieved from /home/airflow/.local/lib/python3.8/site-packages/airflow/example_dags/example_short_circuit_decorator.py
[2023-10-10T15:44:45.068+0000] {logging_mixin.py:151} INFO - [2023-10-10T15:44:45.068+0000] {dag.py:2915} INFO - Sync 1 DAGs
[2023-10-10T15:44:45.091+0000] {logging_mixin.py:151} INFO - [2023-10-10T15:44:45.091+0000] {dag.py:3696} INFO - Setting next_dagrun for example_short_circuit_decorator to 2023-10-09T15:44:45.091260+00:00, run_after=2023-10-10T15:44:45.091260+00:00
[2023-10-10T15:44:45.113+0000] {processor.py:179} INFO - Processing /home/airflow/.local/lib/python3.8/site-packages/airflow/example_dags/example_short_circuit_decorator.py took 0.077 seconds
[2023-10-10T15:45:16.087+0000] {processor.py:157} INFO - Started process (PID=2396) to work on /home/airflow/.local/lib/python3.8/site-packages/airflow/example_dags/example_short_circuit_decorator.py
[2023-10-10T15:45:16.088+0000] {processor.py:829} INFO - Processing file /home/airflow/.local/lib/python3.8/site-packages/airflow/example_dags/example_short_circuit_decorator.py for tasks to queue
[2023-10-10T15:45:16.091+0000] {logging_mixin.py:151} INFO - [2023-10-10T15:45:16.090+0000] {dagbag.py:539} INFO - Filling up the DagBag from /home/airflow/.local/lib/python3.8/site-packages/airflow/example_dags/example_short_circuit_decorator.py
[2023-10-10T15:45:16.102+0000] {processor.py:839} INFO - DAG(s) dict_keys(['example_short_circuit_decorator']) retrieved from /home/airflow/.local/lib/python3.8/site-packages/airflow/example_dags/example_short_circuit_decorator.py
[2023-10-10T15:45:16.131+0000] {logging_mixin.py:151} INFO - [2023-10-10T15:45:16.131+0000] {dag.py:2915} INFO - Sync 1 DAGs
[2023-10-10T15:45:16.181+0000] {logging_mixin.py:151} INFO - [2023-10-10T15:45:16.180+0000] {dag.py:3696} INFO - Setting next_dagrun for example_short_circuit_decorator to 2023-10-09T15:45:16.180359+00:00, run_after=2023-10-10T15:45:16.180359+00:00
[2023-10-10T15:45:16.203+0000] {processor.py:179} INFO - Processing /home/airflow/.local/lib/python3.8/site-packages/airflow/example_dags/example_short_circuit_decorator.py took 0.119 seconds
[2023-10-10T15:45:47.197+0000] {processor.py:157} INFO - Started process (PID=2450) to work on /home/airflow/.local/lib/python3.8/site-packages/airflow/example_dags/example_short_circuit_decorator.py
[2023-10-10T15:45:47.198+0000] {processor.py:829} INFO - Processing file /home/airflow/.local/lib/python3.8/site-packages/airflow/example_dags/example_short_circuit_decorator.py for tasks to queue
[2023-10-10T15:45:47.200+0000] {logging_mixin.py:151} INFO - [2023-10-10T15:45:47.200+0000] {dagbag.py:539} INFO - Filling up the DagBag from /home/airflow/.local/lib/python3.8/site-packages/airflow/example_dags/example_short_circuit_decorator.py
[2023-10-10T15:45:47.209+0000] {processor.py:839} INFO - DAG(s) dict_keys(['example_short_circuit_decorator']) retrieved from /home/airflow/.local/lib/python3.8/site-packages/airflow/example_dags/example_short_circuit_decorator.py
[2023-10-10T15:45:47.234+0000] {logging_mixin.py:151} INFO - [2023-10-10T15:45:47.234+0000] {dag.py:2915} INFO - Sync 1 DAGs
[2023-10-10T15:45:47.256+0000] {logging_mixin.py:151} INFO - [2023-10-10T15:45:47.256+0000] {dag.py:3696} INFO - Setting next_dagrun for example_short_circuit_decorator to 2023-10-09T15:45:47.256431+00:00, run_after=2023-10-10T15:45:47.256431+00:00
[2023-10-10T15:45:47.280+0000] {processor.py:179} INFO - Processing /home/airflow/.local/lib/python3.8/site-packages/airflow/example_dags/example_short_circuit_decorator.py took 0.088 seconds
[2023-10-10T15:46:18.321+0000] {processor.py:157} INFO - Started process (PID=2504) to work on /home/airflow/.local/lib/python3.8/site-packages/airflow/example_dags/example_short_circuit_decorator.py
[2023-10-10T15:46:18.322+0000] {processor.py:829} INFO - Processing file /home/airflow/.local/lib/python3.8/site-packages/airflow/example_dags/example_short_circuit_decorator.py for tasks to queue
[2023-10-10T15:46:18.324+0000] {logging_mixin.py:151} INFO - [2023-10-10T15:46:18.324+0000] {dagbag.py:539} INFO - Filling up the DagBag from /home/airflow/.local/lib/python3.8/site-packages/airflow/example_dags/example_short_circuit_decorator.py
[2023-10-10T15:46:18.331+0000] {processor.py:839} INFO - DAG(s) dict_keys(['example_short_circuit_decorator']) retrieved from /home/airflow/.local/lib/python3.8/site-packages/airflow/example_dags/example_short_circuit_decorator.py
[2023-10-10T15:46:18.352+0000] {logging_mixin.py:151} INFO - [2023-10-10T15:46:18.351+0000] {dag.py:2915} INFO - Sync 1 DAGs
[2023-10-10T15:46:18.376+0000] {logging_mixin.py:151} INFO - [2023-10-10T15:46:18.375+0000] {dag.py:3696} INFO - Setting next_dagrun for example_short_circuit_decorator to 2023-10-09T15:46:18.375683+00:00, run_after=2023-10-10T15:46:18.375683+00:00
[2023-10-10T15:46:18.392+0000] {processor.py:179} INFO - Processing /home/airflow/.local/lib/python3.8/site-packages/airflow/example_dags/example_short_circuit_decorator.py took 0.073 seconds
[2023-10-10T15:46:49.459+0000] {processor.py:157} INFO - Started process (PID=2558) to work on /home/airflow/.local/lib/python3.8/site-packages/airflow/example_dags/example_short_circuit_decorator.py
[2023-10-10T15:46:49.460+0000] {processor.py:829} INFO - Processing file /home/airflow/.local/lib/python3.8/site-packages/airflow/example_dags/example_short_circuit_decorator.py for tasks to queue
[2023-10-10T15:46:49.462+0000] {logging_mixin.py:151} INFO - [2023-10-10T15:46:49.462+0000] {dagbag.py:539} INFO - Filling up the DagBag from /home/airflow/.local/lib/python3.8/site-packages/airflow/example_dags/example_short_circuit_decorator.py
[2023-10-10T15:46:49.469+0000] {processor.py:839} INFO - DAG(s) dict_keys(['example_short_circuit_decorator']) retrieved from /home/airflow/.local/lib/python3.8/site-packages/airflow/example_dags/example_short_circuit_decorator.py
[2023-10-10T15:46:49.495+0000] {logging_mixin.py:151} INFO - [2023-10-10T15:46:49.495+0000] {dag.py:2915} INFO - Sync 1 DAGs
[2023-10-10T15:46:49.514+0000] {logging_mixin.py:151} INFO - [2023-10-10T15:46:49.514+0000] {dag.py:3696} INFO - Setting next_dagrun for example_short_circuit_decorator to 2023-10-09T15:46:49.514294+00:00, run_after=2023-10-10T15:46:49.514294+00:00
[2023-10-10T15:46:49.529+0000] {processor.py:179} INFO - Processing /home/airflow/.local/lib/python3.8/site-packages/airflow/example_dags/example_short_circuit_decorator.py took 0.072 seconds
[2023-10-10T15:47:19.873+0000] {processor.py:157} INFO - Started process (PID=2612) to work on /home/airflow/.local/lib/python3.8/site-packages/airflow/example_dags/example_short_circuit_decorator.py
[2023-10-10T15:47:19.874+0000] {processor.py:829} INFO - Processing file /home/airflow/.local/lib/python3.8/site-packages/airflow/example_dags/example_short_circuit_decorator.py for tasks to queue
[2023-10-10T15:47:19.876+0000] {logging_mixin.py:151} INFO - [2023-10-10T15:47:19.875+0000] {dagbag.py:539} INFO - Filling up the DagBag from /home/airflow/.local/lib/python3.8/site-packages/airflow/example_dags/example_short_circuit_decorator.py
[2023-10-10T15:47:19.883+0000] {processor.py:839} INFO - DAG(s) dict_keys(['example_short_circuit_decorator']) retrieved from /home/airflow/.local/lib/python3.8/site-packages/airflow/example_dags/example_short_circuit_decorator.py
[2023-10-10T15:47:19.901+0000] {logging_mixin.py:151} INFO - [2023-10-10T15:47:19.901+0000] {dag.py:2915} INFO - Sync 1 DAGs
[2023-10-10T15:47:19.921+0000] {logging_mixin.py:151} INFO - [2023-10-10T15:47:19.921+0000] {dag.py:3696} INFO - Setting next_dagrun for example_short_circuit_decorator to 2023-10-09T15:47:19.921108+00:00, run_after=2023-10-10T15:47:19.921108+00:00
[2023-10-10T15:47:19.937+0000] {processor.py:179} INFO - Processing /home/airflow/.local/lib/python3.8/site-packages/airflow/example_dags/example_short_circuit_decorator.py took 0.066 seconds
[2023-10-10T15:47:50.436+0000] {processor.py:157} INFO - Started process (PID=2666) to work on /home/airflow/.local/lib/python3.8/site-packages/airflow/example_dags/example_short_circuit_decorator.py
[2023-10-10T15:47:50.437+0000] {processor.py:829} INFO - Processing file /home/airflow/.local/lib/python3.8/site-packages/airflow/example_dags/example_short_circuit_decorator.py for tasks to queue
[2023-10-10T15:47:50.439+0000] {logging_mixin.py:151} INFO - [2023-10-10T15:47:50.439+0000] {dagbag.py:539} INFO - Filling up the DagBag from /home/airflow/.local/lib/python3.8/site-packages/airflow/example_dags/example_short_circuit_decorator.py
[2023-10-10T15:47:50.446+0000] {processor.py:839} INFO - DAG(s) dict_keys(['example_short_circuit_decorator']) retrieved from /home/airflow/.local/lib/python3.8/site-packages/airflow/example_dags/example_short_circuit_decorator.py
[2023-10-10T15:47:50.493+0000] {logging_mixin.py:151} INFO - [2023-10-10T15:47:50.493+0000] {dag.py:2915} INFO - Sync 1 DAGs
[2023-10-10T15:47:50.518+0000] {logging_mixin.py:151} INFO - [2023-10-10T15:47:50.517+0000] {dag.py:3696} INFO - Setting next_dagrun for example_short_circuit_decorator to 2023-10-09T15:47:50.517580+00:00, run_after=2023-10-10T15:47:50.517580+00:00
[2023-10-10T15:47:50.578+0000] {processor.py:179} INFO - Processing /home/airflow/.local/lib/python3.8/site-packages/airflow/example_dags/example_short_circuit_decorator.py took 0.144 seconds
[2023-10-10T15:48:21.005+0000] {processor.py:157} INFO - Started process (PID=2720) to work on /home/airflow/.local/lib/python3.8/site-packages/airflow/example_dags/example_short_circuit_decorator.py
[2023-10-10T15:48:21.006+0000] {processor.py:829} INFO - Processing file /home/airflow/.local/lib/python3.8/site-packages/airflow/example_dags/example_short_circuit_decorator.py for tasks to queue
[2023-10-10T15:48:21.008+0000] {logging_mixin.py:151} INFO - [2023-10-10T15:48:21.007+0000] {dagbag.py:539} INFO - Filling up the DagBag from /home/airflow/.local/lib/python3.8/site-packages/airflow/example_dags/example_short_circuit_decorator.py
[2023-10-10T15:48:21.016+0000] {processor.py:839} INFO - DAG(s) dict_keys(['example_short_circuit_decorator']) retrieved from /home/airflow/.local/lib/python3.8/site-packages/airflow/example_dags/example_short_circuit_decorator.py
[2023-10-10T15:48:21.041+0000] {logging_mixin.py:151} INFO - [2023-10-10T15:48:21.041+0000] {dag.py:2915} INFO - Sync 1 DAGs
[2023-10-10T15:48:21.064+0000] {logging_mixin.py:151} INFO - [2023-10-10T15:48:21.063+0000] {dag.py:3696} INFO - Setting next_dagrun for example_short_circuit_decorator to 2023-10-09T15:48:21.063413+00:00, run_after=2023-10-10T15:48:21.063413+00:00
[2023-10-10T15:48:21.088+0000] {processor.py:179} INFO - Processing /home/airflow/.local/lib/python3.8/site-packages/airflow/example_dags/example_short_circuit_decorator.py took 0.086 seconds
[2023-10-10T15:48:51.508+0000] {processor.py:157} INFO - Started process (PID=2774) to work on /home/airflow/.local/lib/python3.8/site-packages/airflow/example_dags/example_short_circuit_decorator.py
[2023-10-10T15:48:51.508+0000] {processor.py:829} INFO - Processing file /home/airflow/.local/lib/python3.8/site-packages/airflow/example_dags/example_short_circuit_decorator.py for tasks to queue
[2023-10-10T15:48:51.510+0000] {logging_mixin.py:151} INFO - [2023-10-10T15:48:51.510+0000] {dagbag.py:539} INFO - Filling up the DagBag from /home/airflow/.local/lib/python3.8/site-packages/airflow/example_dags/example_short_circuit_decorator.py
[2023-10-10T15:48:51.517+0000] {processor.py:839} INFO - DAG(s) dict_keys(['example_short_circuit_decorator']) retrieved from /home/airflow/.local/lib/python3.8/site-packages/airflow/example_dags/example_short_circuit_decorator.py
[2023-10-10T15:48:51.538+0000] {logging_mixin.py:151} INFO - [2023-10-10T15:48:51.537+0000] {dag.py:2915} INFO - Sync 1 DAGs
[2023-10-10T15:48:51.556+0000] {logging_mixin.py:151} INFO - [2023-10-10T15:48:51.555+0000] {dag.py:3696} INFO - Setting next_dagrun for example_short_circuit_decorator to 2023-10-09T15:48:51.555740+00:00, run_after=2023-10-10T15:48:51.555740+00:00
[2023-10-10T15:48:51.569+0000] {processor.py:179} INFO - Processing /home/airflow/.local/lib/python3.8/site-packages/airflow/example_dags/example_short_circuit_decorator.py took 0.064 seconds
[2023-10-10T15:49:22.236+0000] {processor.py:157} INFO - Started process (PID=2828) to work on /home/airflow/.local/lib/python3.8/site-packages/airflow/example_dags/example_short_circuit_decorator.py
[2023-10-10T15:49:22.237+0000] {processor.py:829} INFO - Processing file /home/airflow/.local/lib/python3.8/site-packages/airflow/example_dags/example_short_circuit_decorator.py for tasks to queue
[2023-10-10T15:49:22.239+0000] {logging_mixin.py:151} INFO - [2023-10-10T15:49:22.239+0000] {dagbag.py:539} INFO - Filling up the DagBag from /home/airflow/.local/lib/python3.8/site-packages/airflow/example_dags/example_short_circuit_decorator.py
[2023-10-10T15:49:22.249+0000] {processor.py:839} INFO - DAG(s) dict_keys(['example_short_circuit_decorator']) retrieved from /home/airflow/.local/lib/python3.8/site-packages/airflow/example_dags/example_short_circuit_decorator.py
[2023-10-10T15:49:22.276+0000] {logging_mixin.py:151} INFO - [2023-10-10T15:49:22.276+0000] {dag.py:2915} INFO - Sync 1 DAGs
[2023-10-10T15:49:22.306+0000] {logging_mixin.py:151} INFO - [2023-10-10T15:49:22.306+0000] {dag.py:3696} INFO - Setting next_dagrun for example_short_circuit_decorator to 2023-10-09T15:49:22.305958+00:00, run_after=2023-10-10T15:49:22.305958+00:00
[2023-10-10T15:49:22.330+0000] {processor.py:179} INFO - Processing /home/airflow/.local/lib/python3.8/site-packages/airflow/example_dags/example_short_circuit_decorator.py took 0.098 seconds
[2023-10-10T15:49:53.023+0000] {processor.py:157} INFO - Started process (PID=2882) to work on /home/airflow/.local/lib/python3.8/site-packages/airflow/example_dags/example_short_circuit_decorator.py
[2023-10-10T15:49:53.024+0000] {processor.py:829} INFO - Processing file /home/airflow/.local/lib/python3.8/site-packages/airflow/example_dags/example_short_circuit_decorator.py for tasks to queue
[2023-10-10T15:49:53.025+0000] {logging_mixin.py:151} INFO - [2023-10-10T15:49:53.025+0000] {dagbag.py:539} INFO - Filling up the DagBag from /home/airflow/.local/lib/python3.8/site-packages/airflow/example_dags/example_short_circuit_decorator.py
[2023-10-10T15:49:53.033+0000] {processor.py:839} INFO - DAG(s) dict_keys(['example_short_circuit_decorator']) retrieved from /home/airflow/.local/lib/python3.8/site-packages/airflow/example_dags/example_short_circuit_decorator.py
[2023-10-10T15:49:53.059+0000] {logging_mixin.py:151} INFO - [2023-10-10T15:49:53.059+0000] {dag.py:2915} INFO - Sync 1 DAGs
[2023-10-10T15:49:53.088+0000] {logging_mixin.py:151} INFO - [2023-10-10T15:49:53.088+0000] {dag.py:3696} INFO - Setting next_dagrun for example_short_circuit_decorator to 2023-10-09T15:49:53.087985+00:00, run_after=2023-10-10T15:49:53.087985+00:00
[2023-10-10T15:49:53.104+0000] {processor.py:179} INFO - Processing /home/airflow/.local/lib/python3.8/site-packages/airflow/example_dags/example_short_circuit_decorator.py took 0.084 seconds
[2023-10-10T15:50:23.913+0000] {processor.py:157} INFO - Started process (PID=2936) to work on /home/airflow/.local/lib/python3.8/site-packages/airflow/example_dags/example_short_circuit_decorator.py
[2023-10-10T15:50:23.914+0000] {processor.py:829} INFO - Processing file /home/airflow/.local/lib/python3.8/site-packages/airflow/example_dags/example_short_circuit_decorator.py for tasks to queue
[2023-10-10T15:50:23.916+0000] {logging_mixin.py:151} INFO - [2023-10-10T15:50:23.915+0000] {dagbag.py:539} INFO - Filling up the DagBag from /home/airflow/.local/lib/python3.8/site-packages/airflow/example_dags/example_short_circuit_decorator.py
[2023-10-10T15:50:23.923+0000] {processor.py:839} INFO - DAG(s) dict_keys(['example_short_circuit_decorator']) retrieved from /home/airflow/.local/lib/python3.8/site-packages/airflow/example_dags/example_short_circuit_decorator.py
[2023-10-10T15:50:23.949+0000] {logging_mixin.py:151} INFO - [2023-10-10T15:50:23.949+0000] {dag.py:2915} INFO - Sync 1 DAGs
[2023-10-10T15:50:23.974+0000] {logging_mixin.py:151} INFO - [2023-10-10T15:50:23.973+0000] {dag.py:3696} INFO - Setting next_dagrun for example_short_circuit_decorator to 2023-10-09T15:50:23.973489+00:00, run_after=2023-10-10T15:50:23.973489+00:00
[2023-10-10T15:50:23.991+0000] {processor.py:179} INFO - Processing /home/airflow/.local/lib/python3.8/site-packages/airflow/example_dags/example_short_circuit_decorator.py took 0.082 seconds
[2023-10-10T15:50:54.413+0000] {processor.py:157} INFO - Started process (PID=2990) to work on /home/airflow/.local/lib/python3.8/site-packages/airflow/example_dags/example_short_circuit_decorator.py
[2023-10-10T15:50:54.414+0000] {processor.py:829} INFO - Processing file /home/airflow/.local/lib/python3.8/site-packages/airflow/example_dags/example_short_circuit_decorator.py for tasks to queue
[2023-10-10T15:50:54.416+0000] {logging_mixin.py:151} INFO - [2023-10-10T15:50:54.415+0000] {dagbag.py:539} INFO - Filling up the DagBag from /home/airflow/.local/lib/python3.8/site-packages/airflow/example_dags/example_short_circuit_decorator.py
[2023-10-10T15:50:54.423+0000] {processor.py:839} INFO - DAG(s) dict_keys(['example_short_circuit_decorator']) retrieved from /home/airflow/.local/lib/python3.8/site-packages/airflow/example_dags/example_short_circuit_decorator.py
[2023-10-10T15:50:54.447+0000] {logging_mixin.py:151} INFO - [2023-10-10T15:50:54.447+0000] {dag.py:2915} INFO - Sync 1 DAGs
[2023-10-10T15:50:54.467+0000] {logging_mixin.py:151} INFO - [2023-10-10T15:50:54.467+0000] {dag.py:3696} INFO - Setting next_dagrun for example_short_circuit_decorator to 2023-10-09T15:50:54.466955+00:00, run_after=2023-10-10T15:50:54.466955+00:00
[2023-10-10T15:50:54.487+0000] {processor.py:179} INFO - Processing /home/airflow/.local/lib/python3.8/site-packages/airflow/example_dags/example_short_circuit_decorator.py took 0.077 seconds
[2023-10-10T15:51:25.505+0000] {processor.py:157} INFO - Started process (PID=3044) to work on /home/airflow/.local/lib/python3.8/site-packages/airflow/example_dags/example_short_circuit_decorator.py
[2023-10-10T15:51:25.506+0000] {processor.py:829} INFO - Processing file /home/airflow/.local/lib/python3.8/site-packages/airflow/example_dags/example_short_circuit_decorator.py for tasks to queue
[2023-10-10T15:51:25.507+0000] {logging_mixin.py:151} INFO - [2023-10-10T15:51:25.507+0000] {dagbag.py:539} INFO - Filling up the DagBag from /home/airflow/.local/lib/python3.8/site-packages/airflow/example_dags/example_short_circuit_decorator.py
[2023-10-10T15:51:25.515+0000] {processor.py:839} INFO - DAG(s) dict_keys(['example_short_circuit_decorator']) retrieved from /home/airflow/.local/lib/python3.8/site-packages/airflow/example_dags/example_short_circuit_decorator.py
[2023-10-10T15:51:25.583+0000] {logging_mixin.py:151} INFO - [2023-10-10T15:51:25.582+0000] {dag.py:2915} INFO - Sync 1 DAGs
[2023-10-10T15:51:25.600+0000] {logging_mixin.py:151} INFO - [2023-10-10T15:51:25.600+0000] {dag.py:3696} INFO - Setting next_dagrun for example_short_circuit_decorator to 2023-10-09T15:51:25.600260+00:00, run_after=2023-10-10T15:51:25.600260+00:00
[2023-10-10T15:51:25.615+0000] {processor.py:179} INFO - Processing /home/airflow/.local/lib/python3.8/site-packages/airflow/example_dags/example_short_circuit_decorator.py took 0.113 seconds
[2023-10-10T15:51:56.826+0000] {processor.py:157} INFO - Started process (PID=3098) to work on /home/airflow/.local/lib/python3.8/site-packages/airflow/example_dags/example_short_circuit_decorator.py
[2023-10-10T15:51:56.827+0000] {processor.py:829} INFO - Processing file /home/airflow/.local/lib/python3.8/site-packages/airflow/example_dags/example_short_circuit_decorator.py for tasks to queue
[2023-10-10T15:51:56.828+0000] {logging_mixin.py:151} INFO - [2023-10-10T15:51:56.828+0000] {dagbag.py:539} INFO - Filling up the DagBag from /home/airflow/.local/lib/python3.8/site-packages/airflow/example_dags/example_short_circuit_decorator.py
[2023-10-10T15:51:56.836+0000] {processor.py:839} INFO - DAG(s) dict_keys(['example_short_circuit_decorator']) retrieved from /home/airflow/.local/lib/python3.8/site-packages/airflow/example_dags/example_short_circuit_decorator.py
[2023-10-10T15:51:56.884+0000] {logging_mixin.py:151} INFO - [2023-10-10T15:51:56.883+0000] {dag.py:2915} INFO - Sync 1 DAGs
[2023-10-10T15:51:56.914+0000] {logging_mixin.py:151} INFO - [2023-10-10T15:51:56.914+0000] {dag.py:3696} INFO - Setting next_dagrun for example_short_circuit_decorator to 2023-10-09T15:51:56.913775+00:00, run_after=2023-10-10T15:51:56.913775+00:00
[2023-10-10T15:51:56.931+0000] {processor.py:179} INFO - Processing /home/airflow/.local/lib/python3.8/site-packages/airflow/example_dags/example_short_circuit_decorator.py took 0.108 seconds
[2023-10-10T15:52:27.313+0000] {processor.py:157} INFO - Started process (PID=3152) to work on /home/airflow/.local/lib/python3.8/site-packages/airflow/example_dags/example_short_circuit_decorator.py
[2023-10-10T15:52:27.314+0000] {processor.py:829} INFO - Processing file /home/airflow/.local/lib/python3.8/site-packages/airflow/example_dags/example_short_circuit_decorator.py for tasks to queue
[2023-10-10T15:52:27.316+0000] {logging_mixin.py:151} INFO - [2023-10-10T15:52:27.316+0000] {dagbag.py:539} INFO - Filling up the DagBag from /home/airflow/.local/lib/python3.8/site-packages/airflow/example_dags/example_short_circuit_decorator.py
[2023-10-10T15:52:27.325+0000] {processor.py:839} INFO - DAG(s) dict_keys(['example_short_circuit_decorator']) retrieved from /home/airflow/.local/lib/python3.8/site-packages/airflow/example_dags/example_short_circuit_decorator.py
[2023-10-10T15:52:27.350+0000] {logging_mixin.py:151} INFO - [2023-10-10T15:52:27.350+0000] {dag.py:2915} INFO - Sync 1 DAGs
[2023-10-10T15:52:27.393+0000] {logging_mixin.py:151} INFO - [2023-10-10T15:52:27.393+0000] {dag.py:3696} INFO - Setting next_dagrun for example_short_circuit_decorator to 2023-10-09T15:52:27.392848+00:00, run_after=2023-10-10T15:52:27.392848+00:00
[2023-10-10T15:52:27.412+0000] {processor.py:179} INFO - Processing /home/airflow/.local/lib/python3.8/site-packages/airflow/example_dags/example_short_circuit_decorator.py took 0.102 seconds
[2023-10-10T15:52:58.730+0000] {processor.py:157} INFO - Started process (PID=3213) to work on /home/airflow/.local/lib/python3.8/site-packages/airflow/example_dags/example_short_circuit_decorator.py
[2023-10-10T15:52:58.731+0000] {processor.py:829} INFO - Processing file /home/airflow/.local/lib/python3.8/site-packages/airflow/example_dags/example_short_circuit_decorator.py for tasks to queue
[2023-10-10T15:52:58.734+0000] {logging_mixin.py:151} INFO - [2023-10-10T15:52:58.734+0000] {dagbag.py:539} INFO - Filling up the DagBag from /home/airflow/.local/lib/python3.8/site-packages/airflow/example_dags/example_short_circuit_decorator.py
[2023-10-10T15:52:58.747+0000] {processor.py:839} INFO - DAG(s) dict_keys(['example_short_circuit_decorator']) retrieved from /home/airflow/.local/lib/python3.8/site-packages/airflow/example_dags/example_short_circuit_decorator.py
[2023-10-10T15:52:58.773+0000] {logging_mixin.py:151} INFO - [2023-10-10T15:52:58.773+0000] {dag.py:2915} INFO - Sync 1 DAGs
[2023-10-10T15:52:58.798+0000] {logging_mixin.py:151} INFO - [2023-10-10T15:52:58.798+0000] {dag.py:3696} INFO - Setting next_dagrun for example_short_circuit_decorator to 2023-10-09T15:52:58.797789+00:00, run_after=2023-10-10T15:52:58.797789+00:00
[2023-10-10T15:52:58.822+0000] {processor.py:179} INFO - Processing /home/airflow/.local/lib/python3.8/site-packages/airflow/example_dags/example_short_circuit_decorator.py took 0.096 seconds
[2023-10-10T15:53:29.942+0000] {processor.py:157} INFO - Started process (PID=3267) to work on /home/airflow/.local/lib/python3.8/site-packages/airflow/example_dags/example_short_circuit_decorator.py
[2023-10-10T15:53:29.943+0000] {processor.py:829} INFO - Processing file /home/airflow/.local/lib/python3.8/site-packages/airflow/example_dags/example_short_circuit_decorator.py for tasks to queue
[2023-10-10T15:53:29.945+0000] {logging_mixin.py:151} INFO - [2023-10-10T15:53:29.944+0000] {dagbag.py:539} INFO - Filling up the DagBag from /home/airflow/.local/lib/python3.8/site-packages/airflow/example_dags/example_short_circuit_decorator.py
[2023-10-10T15:53:29.953+0000] {processor.py:839} INFO - DAG(s) dict_keys(['example_short_circuit_decorator']) retrieved from /home/airflow/.local/lib/python3.8/site-packages/airflow/example_dags/example_short_circuit_decorator.py
[2023-10-10T15:53:29.981+0000] {logging_mixin.py:151} INFO - [2023-10-10T15:53:29.980+0000] {dag.py:2915} INFO - Sync 1 DAGs
[2023-10-10T15:53:30.006+0000] {logging_mixin.py:151} INFO - [2023-10-10T15:53:30.006+0000] {dag.py:3696} INFO - Setting next_dagrun for example_short_circuit_decorator to 2023-10-09T15:53:30.005838+00:00, run_after=2023-10-10T15:53:30.005838+00:00
[2023-10-10T15:53:30.027+0000] {processor.py:179} INFO - Processing /home/airflow/.local/lib/python3.8/site-packages/airflow/example_dags/example_short_circuit_decorator.py took 0.089 seconds
[2023-10-10T15:54:00.968+0000] {processor.py:157} INFO - Started process (PID=3322) to work on /home/airflow/.local/lib/python3.8/site-packages/airflow/example_dags/example_short_circuit_decorator.py
[2023-10-10T15:54:00.969+0000] {processor.py:829} INFO - Processing file /home/airflow/.local/lib/python3.8/site-packages/airflow/example_dags/example_short_circuit_decorator.py for tasks to queue
[2023-10-10T15:54:00.971+0000] {logging_mixin.py:151} INFO - [2023-10-10T15:54:00.971+0000] {dagbag.py:539} INFO - Filling up the DagBag from /home/airflow/.local/lib/python3.8/site-packages/airflow/example_dags/example_short_circuit_decorator.py
[2023-10-10T15:54:00.981+0000] {processor.py:839} INFO - DAG(s) dict_keys(['example_short_circuit_decorator']) retrieved from /home/airflow/.local/lib/python3.8/site-packages/airflow/example_dags/example_short_circuit_decorator.py
[2023-10-10T15:54:01.011+0000] {logging_mixin.py:151} INFO - [2023-10-10T15:54:01.011+0000] {dag.py:2915} INFO - Sync 1 DAGs
[2023-10-10T15:54:01.039+0000] {logging_mixin.py:151} INFO - [2023-10-10T15:54:01.039+0000] {dag.py:3696} INFO - Setting next_dagrun for example_short_circuit_decorator to 2023-10-09T15:54:01.038964+00:00, run_after=2023-10-10T15:54:01.038964+00:00
[2023-10-10T15:54:01.076+0000] {processor.py:179} INFO - Processing /home/airflow/.local/lib/python3.8/site-packages/airflow/example_dags/example_short_circuit_decorator.py took 0.112 seconds
[2023-10-10T15:54:31.664+0000] {processor.py:157} INFO - Started process (PID=3379) to work on /home/airflow/.local/lib/python3.8/site-packages/airflow/example_dags/example_short_circuit_decorator.py
[2023-10-10T15:54:31.665+0000] {processor.py:829} INFO - Processing file /home/airflow/.local/lib/python3.8/site-packages/airflow/example_dags/example_short_circuit_decorator.py for tasks to queue
[2023-10-10T15:54:31.667+0000] {logging_mixin.py:151} INFO - [2023-10-10T15:54:31.667+0000] {dagbag.py:539} INFO - Filling up the DagBag from /home/airflow/.local/lib/python3.8/site-packages/airflow/example_dags/example_short_circuit_decorator.py
[2023-10-10T15:54:31.678+0000] {processor.py:839} INFO - DAG(s) dict_keys(['example_short_circuit_decorator']) retrieved from /home/airflow/.local/lib/python3.8/site-packages/airflow/example_dags/example_short_circuit_decorator.py
[2023-10-10T15:54:31.710+0000] {logging_mixin.py:151} INFO - [2023-10-10T15:54:31.709+0000] {dag.py:2915} INFO - Sync 1 DAGs
[2023-10-10T15:54:31.739+0000] {logging_mixin.py:151} INFO - [2023-10-10T15:54:31.738+0000] {dag.py:3696} INFO - Setting next_dagrun for example_short_circuit_decorator to 2023-10-09T15:54:31.738489+00:00, run_after=2023-10-10T15:54:31.738489+00:00
[2023-10-10T15:54:31.761+0000] {processor.py:179} INFO - Processing /home/airflow/.local/lib/python3.8/site-packages/airflow/example_dags/example_short_circuit_decorator.py took 0.101 seconds
[2023-10-10T15:55:02.894+0000] {processor.py:157} INFO - Started process (PID=3438) to work on /home/airflow/.local/lib/python3.8/site-packages/airflow/example_dags/example_short_circuit_decorator.py
[2023-10-10T15:55:02.895+0000] {processor.py:829} INFO - Processing file /home/airflow/.local/lib/python3.8/site-packages/airflow/example_dags/example_short_circuit_decorator.py for tasks to queue
[2023-10-10T15:55:02.896+0000] {logging_mixin.py:151} INFO - [2023-10-10T15:55:02.896+0000] {dagbag.py:539} INFO - Filling up the DagBag from /home/airflow/.local/lib/python3.8/site-packages/airflow/example_dags/example_short_circuit_decorator.py
[2023-10-10T15:55:02.904+0000] {processor.py:839} INFO - DAG(s) dict_keys(['example_short_circuit_decorator']) retrieved from /home/airflow/.local/lib/python3.8/site-packages/airflow/example_dags/example_short_circuit_decorator.py
[2023-10-10T15:55:02.924+0000] {logging_mixin.py:151} INFO - [2023-10-10T15:55:02.924+0000] {dag.py:2915} INFO - Sync 1 DAGs
[2023-10-10T15:55:02.943+0000] {logging_mixin.py:151} INFO - [2023-10-10T15:55:02.943+0000] {dag.py:3696} INFO - Setting next_dagrun for example_short_circuit_decorator to 2023-10-09T15:55:02.943510+00:00, run_after=2023-10-10T15:55:02.943510+00:00
[2023-10-10T15:55:02.959+0000] {processor.py:179} INFO - Processing /home/airflow/.local/lib/python3.8/site-packages/airflow/example_dags/example_short_circuit_decorator.py took 0.068 seconds
[2023-10-10T15:55:34.206+0000] {processor.py:157} INFO - Started process (PID=3493) to work on /home/airflow/.local/lib/python3.8/site-packages/airflow/example_dags/example_short_circuit_decorator.py
[2023-10-10T15:55:34.207+0000] {processor.py:829} INFO - Processing file /home/airflow/.local/lib/python3.8/site-packages/airflow/example_dags/example_short_circuit_decorator.py for tasks to queue
[2023-10-10T15:55:34.209+0000] {logging_mixin.py:151} INFO - [2023-10-10T15:55:34.208+0000] {dagbag.py:539} INFO - Filling up the DagBag from /home/airflow/.local/lib/python3.8/site-packages/airflow/example_dags/example_short_circuit_decorator.py
[2023-10-10T15:55:34.216+0000] {processor.py:839} INFO - DAG(s) dict_keys(['example_short_circuit_decorator']) retrieved from /home/airflow/.local/lib/python3.8/site-packages/airflow/example_dags/example_short_circuit_decorator.py
[2023-10-10T15:55:34.235+0000] {logging_mixin.py:151} INFO - [2023-10-10T15:55:34.235+0000] {dag.py:2915} INFO - Sync 1 DAGs
[2023-10-10T15:55:34.254+0000] {logging_mixin.py:151} INFO - [2023-10-10T15:55:34.254+0000] {dag.py:3696} INFO - Setting next_dagrun for example_short_circuit_decorator to 2023-10-09T15:55:34.254478+00:00, run_after=2023-10-10T15:55:34.254478+00:00
[2023-10-10T15:55:34.276+0000] {processor.py:179} INFO - Processing /home/airflow/.local/lib/python3.8/site-packages/airflow/example_dags/example_short_circuit_decorator.py took 0.072 seconds
[2023-10-10T15:56:05.948+0000] {processor.py:157} INFO - Started process (PID=3551) to work on /home/airflow/.local/lib/python3.8/site-packages/airflow/example_dags/example_short_circuit_decorator.py
[2023-10-10T15:56:05.975+0000] {processor.py:829} INFO - Processing file /home/airflow/.local/lib/python3.8/site-packages/airflow/example_dags/example_short_circuit_decorator.py for tasks to queue
[2023-10-10T15:56:05.977+0000] {logging_mixin.py:151} INFO - [2023-10-10T15:56:05.977+0000] {dagbag.py:539} INFO - Filling up the DagBag from /home/airflow/.local/lib/python3.8/site-packages/airflow/example_dags/example_short_circuit_decorator.py
[2023-10-10T15:56:05.985+0000] {processor.py:839} INFO - DAG(s) dict_keys(['example_short_circuit_decorator']) retrieved from /home/airflow/.local/lib/python3.8/site-packages/airflow/example_dags/example_short_circuit_decorator.py
[2023-10-10T15:56:06.006+0000] {logging_mixin.py:151} INFO - [2023-10-10T15:56:06.006+0000] {dag.py:2915} INFO - Sync 1 DAGs
[2023-10-10T15:56:06.026+0000] {logging_mixin.py:151} INFO - [2023-10-10T15:56:06.026+0000] {dag.py:3696} INFO - Setting next_dagrun for example_short_circuit_decorator to 2023-10-09T15:56:06.026410+00:00, run_after=2023-10-10T15:56:06.026410+00:00
[2023-10-10T15:56:06.042+0000] {processor.py:179} INFO - Processing /home/airflow/.local/lib/python3.8/site-packages/airflow/example_dags/example_short_circuit_decorator.py took 0.097 seconds
[2023-10-10T15:56:37.000+0000] {processor.py:157} INFO - Started process (PID=3605) to work on /home/airflow/.local/lib/python3.8/site-packages/airflow/example_dags/example_short_circuit_decorator.py
[2023-10-10T15:56:37.001+0000] {processor.py:829} INFO - Processing file /home/airflow/.local/lib/python3.8/site-packages/airflow/example_dags/example_short_circuit_decorator.py for tasks to queue
[2023-10-10T15:56:37.003+0000] {logging_mixin.py:151} INFO - [2023-10-10T15:56:37.003+0000] {dagbag.py:539} INFO - Filling up the DagBag from /home/airflow/.local/lib/python3.8/site-packages/airflow/example_dags/example_short_circuit_decorator.py
[2023-10-10T15:56:37.010+0000] {processor.py:839} INFO - DAG(s) dict_keys(['example_short_circuit_decorator']) retrieved from /home/airflow/.local/lib/python3.8/site-packages/airflow/example_dags/example_short_circuit_decorator.py
[2023-10-10T15:56:37.035+0000] {logging_mixin.py:151} INFO - [2023-10-10T15:56:37.035+0000] {dag.py:2915} INFO - Sync 1 DAGs
[2023-10-10T15:56:37.059+0000] {logging_mixin.py:151} INFO - [2023-10-10T15:56:37.059+0000] {dag.py:3696} INFO - Setting next_dagrun for example_short_circuit_decorator to 2023-10-09T15:56:37.058768+00:00, run_after=2023-10-10T15:56:37.058768+00:00
[2023-10-10T15:56:37.078+0000] {processor.py:179} INFO - Processing /home/airflow/.local/lib/python3.8/site-packages/airflow/example_dags/example_short_circuit_decorator.py took 0.081 seconds
[2023-10-10T15:57:07.936+0000] {processor.py:157} INFO - Started process (PID=3659) to work on /home/airflow/.local/lib/python3.8/site-packages/airflow/example_dags/example_short_circuit_decorator.py
[2023-10-10T15:57:07.937+0000] {processor.py:829} INFO - Processing file /home/airflow/.local/lib/python3.8/site-packages/airflow/example_dags/example_short_circuit_decorator.py for tasks to queue
[2023-10-10T15:57:07.939+0000] {logging_mixin.py:151} INFO - [2023-10-10T15:57:07.939+0000] {dagbag.py:539} INFO - Filling up the DagBag from /home/airflow/.local/lib/python3.8/site-packages/airflow/example_dags/example_short_circuit_decorator.py
[2023-10-10T15:57:07.952+0000] {processor.py:839} INFO - DAG(s) dict_keys(['example_short_circuit_decorator']) retrieved from /home/airflow/.local/lib/python3.8/site-packages/airflow/example_dags/example_short_circuit_decorator.py
[2023-10-10T15:57:07.979+0000] {logging_mixin.py:151} INFO - [2023-10-10T15:57:07.979+0000] {dag.py:2915} INFO - Sync 1 DAGs
[2023-10-10T15:57:08.012+0000] {logging_mixin.py:151} INFO - [2023-10-10T15:57:08.012+0000] {dag.py:3696} INFO - Setting next_dagrun for example_short_circuit_decorator to 2023-10-09T15:57:08.011959+00:00, run_after=2023-10-10T15:57:08.011959+00:00
[2023-10-10T15:57:08.033+0000] {processor.py:179} INFO - Processing /home/airflow/.local/lib/python3.8/site-packages/airflow/example_dags/example_short_circuit_decorator.py took 0.101 seconds
[2023-10-10T16:51:14.757+0000] {processor.py:157} INFO - Started process (PID=173) to work on /home/airflow/.local/lib/python3.8/site-packages/airflow/example_dags/example_short_circuit_decorator.py
[2023-10-10T16:51:14.766+0000] {processor.py:829} INFO - Processing file /home/airflow/.local/lib/python3.8/site-packages/airflow/example_dags/example_short_circuit_decorator.py for tasks to queue
[2023-10-10T16:51:14.768+0000] {logging_mixin.py:151} INFO - [2023-10-10T16:51:14.768+0000] {dagbag.py:539} INFO - Filling up the DagBag from /home/airflow/.local/lib/python3.8/site-packages/airflow/example_dags/example_short_circuit_decorator.py
[2023-10-10T16:51:14.778+0000] {processor.py:839} INFO - DAG(s) dict_keys(['example_short_circuit_decorator']) retrieved from /home/airflow/.local/lib/python3.8/site-packages/airflow/example_dags/example_short_circuit_decorator.py
[2023-10-10T16:51:14.801+0000] {logging_mixin.py:151} INFO - [2023-10-10T16:51:14.800+0000] {dag.py:2915} INFO - Sync 1 DAGs
[2023-10-10T16:51:14.822+0000] {logging_mixin.py:151} INFO - [2023-10-10T16:51:14.822+0000] {dag.py:3696} INFO - Setting next_dagrun for example_short_circuit_decorator to 2023-10-09T16:51:14.822217+00:00, run_after=2023-10-10T16:51:14.822217+00:00
[2023-10-10T16:51:14.838+0000] {processor.py:179} INFO - Processing /home/airflow/.local/lib/python3.8/site-packages/airflow/example_dags/example_short_circuit_decorator.py took 0.084 seconds
[2023-10-10T16:51:47.369+0000] {processor.py:157} INFO - Started process (PID=227) to work on /home/airflow/.local/lib/python3.8/site-packages/airflow/example_dags/example_short_circuit_decorator.py
[2023-10-10T16:51:47.370+0000] {processor.py:829} INFO - Processing file /home/airflow/.local/lib/python3.8/site-packages/airflow/example_dags/example_short_circuit_decorator.py for tasks to queue
[2023-10-10T16:51:47.372+0000] {logging_mixin.py:151} INFO - [2023-10-10T16:51:47.372+0000] {dagbag.py:539} INFO - Filling up the DagBag from /home/airflow/.local/lib/python3.8/site-packages/airflow/example_dags/example_short_circuit_decorator.py
[2023-10-10T16:51:47.434+0000] {processor.py:839} INFO - DAG(s) dict_keys(['example_short_circuit_decorator']) retrieved from /home/airflow/.local/lib/python3.8/site-packages/airflow/example_dags/example_short_circuit_decorator.py
[2023-10-10T16:51:47.461+0000] {logging_mixin.py:151} INFO - [2023-10-10T16:51:47.461+0000] {dag.py:2915} INFO - Sync 1 DAGs
[2023-10-10T16:51:47.544+0000] {logging_mixin.py:151} INFO - [2023-10-10T16:51:47.544+0000] {dag.py:3696} INFO - Setting next_dagrun for example_short_circuit_decorator to 2023-10-09T16:51:47.544261+00:00, run_after=2023-10-10T16:51:47.544261+00:00
[2023-10-10T16:51:47.569+0000] {processor.py:179} INFO - Processing /home/airflow/.local/lib/python3.8/site-packages/airflow/example_dags/example_short_circuit_decorator.py took 0.203 seconds
[2023-10-10T16:52:18.376+0000] {processor.py:157} INFO - Started process (PID=287) to work on /home/airflow/.local/lib/python3.8/site-packages/airflow/example_dags/example_short_circuit_decorator.py
[2023-10-10T16:52:18.377+0000] {processor.py:829} INFO - Processing file /home/airflow/.local/lib/python3.8/site-packages/airflow/example_dags/example_short_circuit_decorator.py for tasks to queue
[2023-10-10T16:52:18.379+0000] {logging_mixin.py:151} INFO - [2023-10-10T16:52:18.379+0000] {dagbag.py:539} INFO - Filling up the DagBag from /home/airflow/.local/lib/python3.8/site-packages/airflow/example_dags/example_short_circuit_decorator.py
[2023-10-10T16:52:18.386+0000] {processor.py:839} INFO - DAG(s) dict_keys(['example_short_circuit_decorator']) retrieved from /home/airflow/.local/lib/python3.8/site-packages/airflow/example_dags/example_short_circuit_decorator.py
[2023-10-10T16:52:18.407+0000] {logging_mixin.py:151} INFO - [2023-10-10T16:52:18.406+0000] {dag.py:2915} INFO - Sync 1 DAGs
[2023-10-10T16:52:18.424+0000] {logging_mixin.py:151} INFO - [2023-10-10T16:52:18.424+0000] {dag.py:3696} INFO - Setting next_dagrun for example_short_circuit_decorator to 2023-10-09T16:52:18.424477+00:00, run_after=2023-10-10T16:52:18.424477+00:00
[2023-10-10T16:52:18.440+0000] {processor.py:179} INFO - Processing /home/airflow/.local/lib/python3.8/site-packages/airflow/example_dags/example_short_circuit_decorator.py took 0.066 seconds
[2023-10-10T16:52:48.953+0000] {processor.py:157} INFO - Started process (PID=341) to work on /home/airflow/.local/lib/python3.8/site-packages/airflow/example_dags/example_short_circuit_decorator.py
[2023-10-10T16:52:48.954+0000] {processor.py:829} INFO - Processing file /home/airflow/.local/lib/python3.8/site-packages/airflow/example_dags/example_short_circuit_decorator.py for tasks to queue
[2023-10-10T16:52:48.955+0000] {logging_mixin.py:151} INFO - [2023-10-10T16:52:48.955+0000] {dagbag.py:539} INFO - Filling up the DagBag from /home/airflow/.local/lib/python3.8/site-packages/airflow/example_dags/example_short_circuit_decorator.py
[2023-10-10T16:52:48.963+0000] {processor.py:839} INFO - DAG(s) dict_keys(['example_short_circuit_decorator']) retrieved from /home/airflow/.local/lib/python3.8/site-packages/airflow/example_dags/example_short_circuit_decorator.py
[2023-10-10T16:52:48.984+0000] {logging_mixin.py:151} INFO - [2023-10-10T16:52:48.984+0000] {dag.py:2915} INFO - Sync 1 DAGs
[2023-10-10T16:52:49.041+0000] {logging_mixin.py:151} INFO - [2023-10-10T16:52:49.041+0000] {dag.py:3696} INFO - Setting next_dagrun for example_short_circuit_decorator to 2023-10-09T16:52:49.041272+00:00, run_after=2023-10-10T16:52:49.041272+00:00
[2023-10-10T16:52:49.062+0000] {processor.py:179} INFO - Processing /home/airflow/.local/lib/python3.8/site-packages/airflow/example_dags/example_short_circuit_decorator.py took 0.112 seconds
