[2023-10-10T15:24:07.889+0000] {processor.py:157} INFO - Started process (PID=178) to work on /home/airflow/.local/lib/python3.8/site-packages/airflow/example_dags/example_short_circuit_operator.py
[2023-10-10T15:24:07.890+0000] {processor.py:829} INFO - Processing file /home/airflow/.local/lib/python3.8/site-packages/airflow/example_dags/example_short_circuit_operator.py for tasks to queue
[2023-10-10T15:24:07.892+0000] {logging_mixin.py:151} INFO - [2023-10-10T15:24:07.892+0000] {dagbag.py:539} INFO - Filling up the DagBag from /home/airflow/.local/lib/python3.8/site-packages/airflow/example_dags/example_short_circuit_operator.py
[2023-10-10T15:24:07.906+0000] {processor.py:839} INFO - DAG(s) dict_keys(['example_short_circuit_operator']) retrieved from /home/airflow/.local/lib/python3.8/site-packages/airflow/example_dags/example_short_circuit_operator.py
[2023-10-10T15:24:07.919+0000] {logging_mixin.py:151} INFO - [2023-10-10T15:24:07.919+0000] {dag.py:2915} INFO - Sync 1 DAGs
[2023-10-10T15:24:07.943+0000] {logging_mixin.py:151} INFO - [2023-10-10T15:24:07.943+0000] {dag.py:3696} INFO - Setting next_dagrun for example_short_circuit_operator to 2023-10-09T15:24:07.942849+00:00, run_after=2023-10-10T15:24:07.942849+00:00
[2023-10-10T15:24:07.983+0000] {processor.py:179} INFO - Processing /home/airflow/.local/lib/python3.8/site-packages/airflow/example_dags/example_short_circuit_operator.py took 0.097 seconds
[2023-10-10T15:24:38.939+0000] {processor.py:157} INFO - Started process (PID=232) to work on /home/airflow/.local/lib/python3.8/site-packages/airflow/example_dags/example_short_circuit_operator.py
[2023-10-10T15:24:38.940+0000] {processor.py:829} INFO - Processing file /home/airflow/.local/lib/python3.8/site-packages/airflow/example_dags/example_short_circuit_operator.py for tasks to queue
[2023-10-10T15:24:38.941+0000] {logging_mixin.py:151} INFO - [2023-10-10T15:24:38.941+0000] {dagbag.py:539} INFO - Filling up the DagBag from /home/airflow/.local/lib/python3.8/site-packages/airflow/example_dags/example_short_circuit_operator.py
[2023-10-10T15:24:38.947+0000] {processor.py:839} INFO - DAG(s) dict_keys(['example_short_circuit_operator']) retrieved from /home/airflow/.local/lib/python3.8/site-packages/airflow/example_dags/example_short_circuit_operator.py
[2023-10-10T15:24:38.983+0000] {logging_mixin.py:151} INFO - [2023-10-10T15:24:38.982+0000] {dag.py:2915} INFO - Sync 1 DAGs
[2023-10-10T15:24:39.004+0000] {logging_mixin.py:151} INFO - [2023-10-10T15:24:39.004+0000] {dag.py:3696} INFO - Setting next_dagrun for example_short_circuit_operator to 2023-10-09T15:24:39.004209+00:00, run_after=2023-10-10T15:24:39.004209+00:00
[2023-10-10T15:24:39.023+0000] {processor.py:179} INFO - Processing /home/airflow/.local/lib/python3.8/site-packages/airflow/example_dags/example_short_circuit_operator.py took 0.087 seconds
[2023-10-10T15:25:10.401+0000] {processor.py:157} INFO - Started process (PID=286) to work on /home/airflow/.local/lib/python3.8/site-packages/airflow/example_dags/example_short_circuit_operator.py
[2023-10-10T15:25:10.402+0000] {processor.py:829} INFO - Processing file /home/airflow/.local/lib/python3.8/site-packages/airflow/example_dags/example_short_circuit_operator.py for tasks to queue
[2023-10-10T15:25:10.405+0000] {logging_mixin.py:151} INFO - [2023-10-10T15:25:10.404+0000] {dagbag.py:539} INFO - Filling up the DagBag from /home/airflow/.local/lib/python3.8/site-packages/airflow/example_dags/example_short_circuit_operator.py
[2023-10-10T15:25:10.414+0000] {processor.py:839} INFO - DAG(s) dict_keys(['example_short_circuit_operator']) retrieved from /home/airflow/.local/lib/python3.8/site-packages/airflow/example_dags/example_short_circuit_operator.py
[2023-10-10T15:25:10.442+0000] {logging_mixin.py:151} INFO - [2023-10-10T15:25:10.442+0000] {dag.py:2915} INFO - Sync 1 DAGs
[2023-10-10T15:25:10.470+0000] {logging_mixin.py:151} INFO - [2023-10-10T15:25:10.470+0000] {dag.py:3696} INFO - Setting next_dagrun for example_short_circuit_operator to 2023-10-09T15:25:10.470205+00:00, run_after=2023-10-10T15:25:10.470205+00:00
[2023-10-10T15:25:10.491+0000] {processor.py:179} INFO - Processing /home/airflow/.local/lib/python3.8/site-packages/airflow/example_dags/example_short_circuit_operator.py took 0.094 seconds
[2023-10-10T15:25:41.055+0000] {processor.py:157} INFO - Started process (PID=340) to work on /home/airflow/.local/lib/python3.8/site-packages/airflow/example_dags/example_short_circuit_operator.py
[2023-10-10T15:25:41.056+0000] {processor.py:829} INFO - Processing file /home/airflow/.local/lib/python3.8/site-packages/airflow/example_dags/example_short_circuit_operator.py for tasks to queue
[2023-10-10T15:25:41.057+0000] {logging_mixin.py:151} INFO - [2023-10-10T15:25:41.057+0000] {dagbag.py:539} INFO - Filling up the DagBag from /home/airflow/.local/lib/python3.8/site-packages/airflow/example_dags/example_short_circuit_operator.py
[2023-10-10T15:25:41.063+0000] {processor.py:839} INFO - DAG(s) dict_keys(['example_short_circuit_operator']) retrieved from /home/airflow/.local/lib/python3.8/site-packages/airflow/example_dags/example_short_circuit_operator.py
[2023-10-10T15:25:41.086+0000] {logging_mixin.py:151} INFO - [2023-10-10T15:25:41.086+0000] {dag.py:2915} INFO - Sync 1 DAGs
[2023-10-10T15:25:41.116+0000] {logging_mixin.py:151} INFO - [2023-10-10T15:25:41.116+0000] {dag.py:3696} INFO - Setting next_dagrun for example_short_circuit_operator to 2023-10-09T15:25:41.115882+00:00, run_after=2023-10-10T15:25:41.115882+00:00
[2023-10-10T15:25:41.139+0000] {processor.py:179} INFO - Processing /home/airflow/.local/lib/python3.8/site-packages/airflow/example_dags/example_short_circuit_operator.py took 0.087 seconds
[2023-10-10T15:26:11.718+0000] {processor.py:157} INFO - Started process (PID=394) to work on /home/airflow/.local/lib/python3.8/site-packages/airflow/example_dags/example_short_circuit_operator.py
[2023-10-10T15:26:11.719+0000] {processor.py:829} INFO - Processing file /home/airflow/.local/lib/python3.8/site-packages/airflow/example_dags/example_short_circuit_operator.py for tasks to queue
[2023-10-10T15:26:11.720+0000] {logging_mixin.py:151} INFO - [2023-10-10T15:26:11.720+0000] {dagbag.py:539} INFO - Filling up the DagBag from /home/airflow/.local/lib/python3.8/site-packages/airflow/example_dags/example_short_circuit_operator.py
[2023-10-10T15:26:11.726+0000] {processor.py:839} INFO - DAG(s) dict_keys(['example_short_circuit_operator']) retrieved from /home/airflow/.local/lib/python3.8/site-packages/airflow/example_dags/example_short_circuit_operator.py
[2023-10-10T15:26:11.748+0000] {logging_mixin.py:151} INFO - [2023-10-10T15:26:11.748+0000] {dag.py:2915} INFO - Sync 1 DAGs
[2023-10-10T15:26:11.767+0000] {logging_mixin.py:151} INFO - [2023-10-10T15:26:11.767+0000] {dag.py:3696} INFO - Setting next_dagrun for example_short_circuit_operator to 2023-10-09T15:26:11.767343+00:00, run_after=2023-10-10T15:26:11.767343+00:00
[2023-10-10T15:26:11.785+0000] {processor.py:179} INFO - Processing /home/airflow/.local/lib/python3.8/site-packages/airflow/example_dags/example_short_circuit_operator.py took 0.070 seconds
[2023-10-10T15:26:42.248+0000] {processor.py:157} INFO - Started process (PID=448) to work on /home/airflow/.local/lib/python3.8/site-packages/airflow/example_dags/example_short_circuit_operator.py
[2023-10-10T15:26:42.249+0000] {processor.py:829} INFO - Processing file /home/airflow/.local/lib/python3.8/site-packages/airflow/example_dags/example_short_circuit_operator.py for tasks to queue
[2023-10-10T15:26:42.250+0000] {logging_mixin.py:151} INFO - [2023-10-10T15:26:42.250+0000] {dagbag.py:539} INFO - Filling up the DagBag from /home/airflow/.local/lib/python3.8/site-packages/airflow/example_dags/example_short_circuit_operator.py
[2023-10-10T15:26:42.256+0000] {processor.py:839} INFO - DAG(s) dict_keys(['example_short_circuit_operator']) retrieved from /home/airflow/.local/lib/python3.8/site-packages/airflow/example_dags/example_short_circuit_operator.py
[2023-10-10T15:26:42.275+0000] {logging_mixin.py:151} INFO - [2023-10-10T15:26:42.275+0000] {dag.py:2915} INFO - Sync 1 DAGs
[2023-10-10T15:26:42.297+0000] {logging_mixin.py:151} INFO - [2023-10-10T15:26:42.297+0000] {dag.py:3696} INFO - Setting next_dagrun for example_short_circuit_operator to 2023-10-09T15:26:42.296950+00:00, run_after=2023-10-10T15:26:42.296950+00:00
[2023-10-10T15:26:42.314+0000] {processor.py:179} INFO - Processing /home/airflow/.local/lib/python3.8/site-packages/airflow/example_dags/example_short_circuit_operator.py took 0.069 seconds
[2023-10-10T15:27:12.934+0000] {processor.py:157} INFO - Started process (PID=502) to work on /home/airflow/.local/lib/python3.8/site-packages/airflow/example_dags/example_short_circuit_operator.py
[2023-10-10T15:27:12.935+0000] {processor.py:829} INFO - Processing file /home/airflow/.local/lib/python3.8/site-packages/airflow/example_dags/example_short_circuit_operator.py for tasks to queue
[2023-10-10T15:27:12.936+0000] {logging_mixin.py:151} INFO - [2023-10-10T15:27:12.936+0000] {dagbag.py:539} INFO - Filling up the DagBag from /home/airflow/.local/lib/python3.8/site-packages/airflow/example_dags/example_short_circuit_operator.py
[2023-10-10T15:27:12.943+0000] {processor.py:839} INFO - DAG(s) dict_keys(['example_short_circuit_operator']) retrieved from /home/airflow/.local/lib/python3.8/site-packages/airflow/example_dags/example_short_circuit_operator.py
[2023-10-10T15:27:12.966+0000] {logging_mixin.py:151} INFO - [2023-10-10T15:27:12.965+0000] {dag.py:2915} INFO - Sync 1 DAGs
[2023-10-10T15:27:12.989+0000] {logging_mixin.py:151} INFO - [2023-10-10T15:27:12.989+0000] {dag.py:3696} INFO - Setting next_dagrun for example_short_circuit_operator to 2023-10-09T15:27:12.989306+00:00, run_after=2023-10-10T15:27:12.989306+00:00
[2023-10-10T15:27:13.009+0000] {processor.py:179} INFO - Processing /home/airflow/.local/lib/python3.8/site-packages/airflow/example_dags/example_short_circuit_operator.py took 0.077 seconds
[2023-10-10T15:27:43.640+0000] {processor.py:157} INFO - Started process (PID=556) to work on /home/airflow/.local/lib/python3.8/site-packages/airflow/example_dags/example_short_circuit_operator.py
[2023-10-10T15:27:43.641+0000] {processor.py:829} INFO - Processing file /home/airflow/.local/lib/python3.8/site-packages/airflow/example_dags/example_short_circuit_operator.py for tasks to queue
[2023-10-10T15:27:43.643+0000] {logging_mixin.py:151} INFO - [2023-10-10T15:27:43.643+0000] {dagbag.py:539} INFO - Filling up the DagBag from /home/airflow/.local/lib/python3.8/site-packages/airflow/example_dags/example_short_circuit_operator.py
[2023-10-10T15:27:43.651+0000] {processor.py:839} INFO - DAG(s) dict_keys(['example_short_circuit_operator']) retrieved from /home/airflow/.local/lib/python3.8/site-packages/airflow/example_dags/example_short_circuit_operator.py
[2023-10-10T15:27:43.682+0000] {logging_mixin.py:151} INFO - [2023-10-10T15:27:43.682+0000] {dag.py:2915} INFO - Sync 1 DAGs
[2023-10-10T15:27:43.703+0000] {logging_mixin.py:151} INFO - [2023-10-10T15:27:43.702+0000] {dag.py:3696} INFO - Setting next_dagrun for example_short_circuit_operator to 2023-10-09T15:27:43.702589+00:00, run_after=2023-10-10T15:27:43.702589+00:00
[2023-10-10T15:27:43.722+0000] {processor.py:179} INFO - Processing /home/airflow/.local/lib/python3.8/site-packages/airflow/example_dags/example_short_circuit_operator.py took 0.085 seconds
[2023-10-10T15:28:14.490+0000] {processor.py:157} INFO - Started process (PID=610) to work on /home/airflow/.local/lib/python3.8/site-packages/airflow/example_dags/example_short_circuit_operator.py
[2023-10-10T15:28:14.491+0000] {processor.py:829} INFO - Processing file /home/airflow/.local/lib/python3.8/site-packages/airflow/example_dags/example_short_circuit_operator.py for tasks to queue
[2023-10-10T15:28:14.493+0000] {logging_mixin.py:151} INFO - [2023-10-10T15:28:14.493+0000] {dagbag.py:539} INFO - Filling up the DagBag from /home/airflow/.local/lib/python3.8/site-packages/airflow/example_dags/example_short_circuit_operator.py
[2023-10-10T15:28:14.501+0000] {processor.py:839} INFO - DAG(s) dict_keys(['example_short_circuit_operator']) retrieved from /home/airflow/.local/lib/python3.8/site-packages/airflow/example_dags/example_short_circuit_operator.py
[2023-10-10T15:28:14.525+0000] {logging_mixin.py:151} INFO - [2023-10-10T15:28:14.524+0000] {dag.py:2915} INFO - Sync 1 DAGs
[2023-10-10T15:28:14.544+0000] {logging_mixin.py:151} INFO - [2023-10-10T15:28:14.544+0000] {dag.py:3696} INFO - Setting next_dagrun for example_short_circuit_operator to 2023-10-09T15:28:14.544220+00:00, run_after=2023-10-10T15:28:14.544220+00:00
[2023-10-10T15:28:14.558+0000] {processor.py:179} INFO - Processing /home/airflow/.local/lib/python3.8/site-packages/airflow/example_dags/example_short_circuit_operator.py took 0.072 seconds
[2023-10-10T15:28:45.230+0000] {processor.py:157} INFO - Started process (PID=664) to work on /home/airflow/.local/lib/python3.8/site-packages/airflow/example_dags/example_short_circuit_operator.py
[2023-10-10T15:28:45.231+0000] {processor.py:829} INFO - Processing file /home/airflow/.local/lib/python3.8/site-packages/airflow/example_dags/example_short_circuit_operator.py for tasks to queue
[2023-10-10T15:28:45.233+0000] {logging_mixin.py:151} INFO - [2023-10-10T15:28:45.232+0000] {dagbag.py:539} INFO - Filling up the DagBag from /home/airflow/.local/lib/python3.8/site-packages/airflow/example_dags/example_short_circuit_operator.py
[2023-10-10T15:28:45.239+0000] {processor.py:839} INFO - DAG(s) dict_keys(['example_short_circuit_operator']) retrieved from /home/airflow/.local/lib/python3.8/site-packages/airflow/example_dags/example_short_circuit_operator.py
[2023-10-10T15:28:45.263+0000] {logging_mixin.py:151} INFO - [2023-10-10T15:28:45.262+0000] {dag.py:2915} INFO - Sync 1 DAGs
[2023-10-10T15:28:45.294+0000] {logging_mixin.py:151} INFO - [2023-10-10T15:28:45.294+0000] {dag.py:3696} INFO - Setting next_dagrun for example_short_circuit_operator to 2023-10-09T15:28:45.293978+00:00, run_after=2023-10-10T15:28:45.293978+00:00
[2023-10-10T15:28:45.315+0000] {processor.py:179} INFO - Processing /home/airflow/.local/lib/python3.8/site-packages/airflow/example_dags/example_short_circuit_operator.py took 0.087 seconds
[2023-10-10T15:29:17.177+0000] {processor.py:157} INFO - Started process (PID=718) to work on /home/airflow/.local/lib/python3.8/site-packages/airflow/example_dags/example_short_circuit_operator.py
[2023-10-10T15:29:17.179+0000] {processor.py:829} INFO - Processing file /home/airflow/.local/lib/python3.8/site-packages/airflow/example_dags/example_short_circuit_operator.py for tasks to queue
[2023-10-10T15:29:17.181+0000] {logging_mixin.py:151} INFO - [2023-10-10T15:29:17.181+0000] {dagbag.py:539} INFO - Filling up the DagBag from /home/airflow/.local/lib/python3.8/site-packages/airflow/example_dags/example_short_circuit_operator.py
[2023-10-10T15:29:17.190+0000] {processor.py:839} INFO - DAG(s) dict_keys(['example_short_circuit_operator']) retrieved from /home/airflow/.local/lib/python3.8/site-packages/airflow/example_dags/example_short_circuit_operator.py
[2023-10-10T15:29:17.214+0000] {logging_mixin.py:151} INFO - [2023-10-10T15:29:17.214+0000] {dag.py:2915} INFO - Sync 1 DAGs
[2023-10-10T15:29:17.233+0000] {logging_mixin.py:151} INFO - [2023-10-10T15:29:17.233+0000] {dag.py:3696} INFO - Setting next_dagrun for example_short_circuit_operator to 2023-10-09T15:29:17.233011+00:00, run_after=2023-10-10T15:29:17.233011+00:00
[2023-10-10T15:29:17.287+0000] {processor.py:179} INFO - Processing /home/airflow/.local/lib/python3.8/site-packages/airflow/example_dags/example_short_circuit_operator.py took 0.154 seconds
[2023-10-10T15:29:48.092+0000] {processor.py:157} INFO - Started process (PID=772) to work on /home/airflow/.local/lib/python3.8/site-packages/airflow/example_dags/example_short_circuit_operator.py
[2023-10-10T15:29:48.093+0000] {processor.py:829} INFO - Processing file /home/airflow/.local/lib/python3.8/site-packages/airflow/example_dags/example_short_circuit_operator.py for tasks to queue
[2023-10-10T15:29:48.095+0000] {logging_mixin.py:151} INFO - [2023-10-10T15:29:48.095+0000] {dagbag.py:539} INFO - Filling up the DagBag from /home/airflow/.local/lib/python3.8/site-packages/airflow/example_dags/example_short_circuit_operator.py
[2023-10-10T15:29:48.101+0000] {processor.py:839} INFO - DAG(s) dict_keys(['example_short_circuit_operator']) retrieved from /home/airflow/.local/lib/python3.8/site-packages/airflow/example_dags/example_short_circuit_operator.py
[2023-10-10T15:29:48.123+0000] {logging_mixin.py:151} INFO - [2023-10-10T15:29:48.123+0000] {dag.py:2915} INFO - Sync 1 DAGs
[2023-10-10T15:29:48.143+0000] {logging_mixin.py:151} INFO - [2023-10-10T15:29:48.143+0000] {dag.py:3696} INFO - Setting next_dagrun for example_short_circuit_operator to 2023-10-09T15:29:48.143105+00:00, run_after=2023-10-10T15:29:48.143105+00:00
[2023-10-10T15:29:48.193+0000] {processor.py:179} INFO - Processing /home/airflow/.local/lib/python3.8/site-packages/airflow/example_dags/example_short_circuit_operator.py took 0.104 seconds
[2023-10-10T15:30:18.445+0000] {processor.py:157} INFO - Started process (PID=826) to work on /home/airflow/.local/lib/python3.8/site-packages/airflow/example_dags/example_short_circuit_operator.py
[2023-10-10T15:30:18.446+0000] {processor.py:829} INFO - Processing file /home/airflow/.local/lib/python3.8/site-packages/airflow/example_dags/example_short_circuit_operator.py for tasks to queue
[2023-10-10T15:30:18.448+0000] {logging_mixin.py:151} INFO - [2023-10-10T15:30:18.447+0000] {dagbag.py:539} INFO - Filling up the DagBag from /home/airflow/.local/lib/python3.8/site-packages/airflow/example_dags/example_short_circuit_operator.py
[2023-10-10T15:30:18.453+0000] {processor.py:839} INFO - DAG(s) dict_keys(['example_short_circuit_operator']) retrieved from /home/airflow/.local/lib/python3.8/site-packages/airflow/example_dags/example_short_circuit_operator.py
[2023-10-10T15:30:18.472+0000] {logging_mixin.py:151} INFO - [2023-10-10T15:30:18.471+0000] {dag.py:2915} INFO - Sync 1 DAGs
[2023-10-10T15:30:18.498+0000] {logging_mixin.py:151} INFO - [2023-10-10T15:30:18.497+0000] {dag.py:3696} INFO - Setting next_dagrun for example_short_circuit_operator to 2023-10-09T15:30:18.497703+00:00, run_after=2023-10-10T15:30:18.497703+00:00
[2023-10-10T15:30:18.518+0000] {processor.py:179} INFO - Processing /home/airflow/.local/lib/python3.8/site-packages/airflow/example_dags/example_short_circuit_operator.py took 0.075 seconds
[2023-10-10T15:30:48.617+0000] {processor.py:157} INFO - Started process (PID=880) to work on /home/airflow/.local/lib/python3.8/site-packages/airflow/example_dags/example_short_circuit_operator.py
[2023-10-10T15:30:48.618+0000] {processor.py:829} INFO - Processing file /home/airflow/.local/lib/python3.8/site-packages/airflow/example_dags/example_short_circuit_operator.py for tasks to queue
[2023-10-10T15:30:48.620+0000] {logging_mixin.py:151} INFO - [2023-10-10T15:30:48.619+0000] {dagbag.py:539} INFO - Filling up the DagBag from /home/airflow/.local/lib/python3.8/site-packages/airflow/example_dags/example_short_circuit_operator.py
[2023-10-10T15:30:48.626+0000] {processor.py:839} INFO - DAG(s) dict_keys(['example_short_circuit_operator']) retrieved from /home/airflow/.local/lib/python3.8/site-packages/airflow/example_dags/example_short_circuit_operator.py
[2023-10-10T15:30:48.647+0000] {logging_mixin.py:151} INFO - [2023-10-10T15:30:48.647+0000] {dag.py:2915} INFO - Sync 1 DAGs
[2023-10-10T15:30:48.665+0000] {logging_mixin.py:151} INFO - [2023-10-10T15:30:48.665+0000] {dag.py:3696} INFO - Setting next_dagrun for example_short_circuit_operator to 2023-10-09T15:30:48.665154+00:00, run_after=2023-10-10T15:30:48.665154+00:00
[2023-10-10T15:30:48.685+0000] {processor.py:179} INFO - Processing /home/airflow/.local/lib/python3.8/site-packages/airflow/example_dags/example_short_circuit_operator.py took 0.071 seconds
[2023-10-10T15:31:19.879+0000] {processor.py:157} INFO - Started process (PID=934) to work on /home/airflow/.local/lib/python3.8/site-packages/airflow/example_dags/example_short_circuit_operator.py
[2023-10-10T15:31:19.880+0000] {processor.py:829} INFO - Processing file /home/airflow/.local/lib/python3.8/site-packages/airflow/example_dags/example_short_circuit_operator.py for tasks to queue
[2023-10-10T15:31:19.882+0000] {logging_mixin.py:151} INFO - [2023-10-10T15:31:19.882+0000] {dagbag.py:539} INFO - Filling up the DagBag from /home/airflow/.local/lib/python3.8/site-packages/airflow/example_dags/example_short_circuit_operator.py
[2023-10-10T15:31:19.890+0000] {processor.py:839} INFO - DAG(s) dict_keys(['example_short_circuit_operator']) retrieved from /home/airflow/.local/lib/python3.8/site-packages/airflow/example_dags/example_short_circuit_operator.py
[2023-10-10T15:31:19.917+0000] {logging_mixin.py:151} INFO - [2023-10-10T15:31:19.917+0000] {dag.py:2915} INFO - Sync 1 DAGs
[2023-10-10T15:31:19.938+0000] {logging_mixin.py:151} INFO - [2023-10-10T15:31:19.937+0000] {dag.py:3696} INFO - Setting next_dagrun for example_short_circuit_operator to 2023-10-09T15:31:19.937764+00:00, run_after=2023-10-10T15:31:19.937764+00:00
[2023-10-10T15:31:19.954+0000] {processor.py:179} INFO - Processing /home/airflow/.local/lib/python3.8/site-packages/airflow/example_dags/example_short_circuit_operator.py took 0.079 seconds
[2023-10-10T15:31:51.055+0000] {processor.py:157} INFO - Started process (PID=988) to work on /home/airflow/.local/lib/python3.8/site-packages/airflow/example_dags/example_short_circuit_operator.py
[2023-10-10T15:31:51.056+0000] {processor.py:829} INFO - Processing file /home/airflow/.local/lib/python3.8/site-packages/airflow/example_dags/example_short_circuit_operator.py for tasks to queue
[2023-10-10T15:31:51.058+0000] {logging_mixin.py:151} INFO - [2023-10-10T15:31:51.058+0000] {dagbag.py:539} INFO - Filling up the DagBag from /home/airflow/.local/lib/python3.8/site-packages/airflow/example_dags/example_short_circuit_operator.py
[2023-10-10T15:31:51.064+0000] {processor.py:839} INFO - DAG(s) dict_keys(['example_short_circuit_operator']) retrieved from /home/airflow/.local/lib/python3.8/site-packages/airflow/example_dags/example_short_circuit_operator.py
[2023-10-10T15:31:51.090+0000] {logging_mixin.py:151} INFO - [2023-10-10T15:31:51.090+0000] {dag.py:2915} INFO - Sync 1 DAGs
[2023-10-10T15:31:51.115+0000] {logging_mixin.py:151} INFO - [2023-10-10T15:31:51.115+0000] {dag.py:3696} INFO - Setting next_dagrun for example_short_circuit_operator to 2023-10-09T15:31:51.115198+00:00, run_after=2023-10-10T15:31:51.115198+00:00
[2023-10-10T15:31:51.132+0000] {processor.py:179} INFO - Processing /home/airflow/.local/lib/python3.8/site-packages/airflow/example_dags/example_short_circuit_operator.py took 0.080 seconds
[2023-10-10T15:32:21.933+0000] {processor.py:157} INFO - Started process (PID=1042) to work on /home/airflow/.local/lib/python3.8/site-packages/airflow/example_dags/example_short_circuit_operator.py
[2023-10-10T15:32:21.934+0000] {processor.py:829} INFO - Processing file /home/airflow/.local/lib/python3.8/site-packages/airflow/example_dags/example_short_circuit_operator.py for tasks to queue
[2023-10-10T15:32:21.935+0000] {logging_mixin.py:151} INFO - [2023-10-10T15:32:21.935+0000] {dagbag.py:539} INFO - Filling up the DagBag from /home/airflow/.local/lib/python3.8/site-packages/airflow/example_dags/example_short_circuit_operator.py
[2023-10-10T15:32:21.941+0000] {processor.py:839} INFO - DAG(s) dict_keys(['example_short_circuit_operator']) retrieved from /home/airflow/.local/lib/python3.8/site-packages/airflow/example_dags/example_short_circuit_operator.py
[2023-10-10T15:32:21.976+0000] {logging_mixin.py:151} INFO - [2023-10-10T15:32:21.975+0000] {dag.py:2915} INFO - Sync 1 DAGs
[2023-10-10T15:32:21.996+0000] {logging_mixin.py:151} INFO - [2023-10-10T15:32:21.996+0000] {dag.py:3696} INFO - Setting next_dagrun for example_short_circuit_operator to 2023-10-09T15:32:21.996544+00:00, run_after=2023-10-10T15:32:21.996544+00:00
[2023-10-10T15:32:22.013+0000] {processor.py:179} INFO - Processing /home/airflow/.local/lib/python3.8/site-packages/airflow/example_dags/example_short_circuit_operator.py took 0.082 seconds
[2023-10-10T15:32:52.733+0000] {processor.py:157} INFO - Started process (PID=1096) to work on /home/airflow/.local/lib/python3.8/site-packages/airflow/example_dags/example_short_circuit_operator.py
[2023-10-10T15:32:52.734+0000] {processor.py:829} INFO - Processing file /home/airflow/.local/lib/python3.8/site-packages/airflow/example_dags/example_short_circuit_operator.py for tasks to queue
[2023-10-10T15:32:52.736+0000] {logging_mixin.py:151} INFO - [2023-10-10T15:32:52.736+0000] {dagbag.py:539} INFO - Filling up the DagBag from /home/airflow/.local/lib/python3.8/site-packages/airflow/example_dags/example_short_circuit_operator.py
[2023-10-10T15:32:52.742+0000] {processor.py:839} INFO - DAG(s) dict_keys(['example_short_circuit_operator']) retrieved from /home/airflow/.local/lib/python3.8/site-packages/airflow/example_dags/example_short_circuit_operator.py
[2023-10-10T15:32:52.768+0000] {logging_mixin.py:151} INFO - [2023-10-10T15:32:52.767+0000] {dag.py:2915} INFO - Sync 1 DAGs
[2023-10-10T15:32:52.795+0000] {logging_mixin.py:151} INFO - [2023-10-10T15:32:52.794+0000] {dag.py:3696} INFO - Setting next_dagrun for example_short_circuit_operator to 2023-10-09T15:32:52.794542+00:00, run_after=2023-10-10T15:32:52.794542+00:00
[2023-10-10T15:32:52.814+0000] {processor.py:179} INFO - Processing /home/airflow/.local/lib/python3.8/site-packages/airflow/example_dags/example_short_circuit_operator.py took 0.083 seconds
[2023-10-10T15:33:23.297+0000] {processor.py:157} INFO - Started process (PID=1150) to work on /home/airflow/.local/lib/python3.8/site-packages/airflow/example_dags/example_short_circuit_operator.py
[2023-10-10T15:33:23.298+0000] {processor.py:829} INFO - Processing file /home/airflow/.local/lib/python3.8/site-packages/airflow/example_dags/example_short_circuit_operator.py for tasks to queue
[2023-10-10T15:33:23.300+0000] {logging_mixin.py:151} INFO - [2023-10-10T15:33:23.299+0000] {dagbag.py:539} INFO - Filling up the DagBag from /home/airflow/.local/lib/python3.8/site-packages/airflow/example_dags/example_short_circuit_operator.py
[2023-10-10T15:33:23.307+0000] {processor.py:839} INFO - DAG(s) dict_keys(['example_short_circuit_operator']) retrieved from /home/airflow/.local/lib/python3.8/site-packages/airflow/example_dags/example_short_circuit_operator.py
[2023-10-10T15:33:23.329+0000] {logging_mixin.py:151} INFO - [2023-10-10T15:33:23.329+0000] {dag.py:2915} INFO - Sync 1 DAGs
[2023-10-10T15:33:23.350+0000] {logging_mixin.py:151} INFO - [2023-10-10T15:33:23.350+0000] {dag.py:3696} INFO - Setting next_dagrun for example_short_circuit_operator to 2023-10-09T15:33:23.350008+00:00, run_after=2023-10-10T15:33:23.350008+00:00
[2023-10-10T15:33:23.366+0000] {processor.py:179} INFO - Processing /home/airflow/.local/lib/python3.8/site-packages/airflow/example_dags/example_short_circuit_operator.py took 0.072 seconds
[2023-10-10T15:33:53.644+0000] {processor.py:157} INFO - Started process (PID=1204) to work on /home/airflow/.local/lib/python3.8/site-packages/airflow/example_dags/example_short_circuit_operator.py
[2023-10-10T15:33:53.644+0000] {processor.py:829} INFO - Processing file /home/airflow/.local/lib/python3.8/site-packages/airflow/example_dags/example_short_circuit_operator.py for tasks to queue
[2023-10-10T15:33:53.646+0000] {logging_mixin.py:151} INFO - [2023-10-10T15:33:53.646+0000] {dagbag.py:539} INFO - Filling up the DagBag from /home/airflow/.local/lib/python3.8/site-packages/airflow/example_dags/example_short_circuit_operator.py
[2023-10-10T15:33:53.652+0000] {processor.py:839} INFO - DAG(s) dict_keys(['example_short_circuit_operator']) retrieved from /home/airflow/.local/lib/python3.8/site-packages/airflow/example_dags/example_short_circuit_operator.py
[2023-10-10T15:33:53.676+0000] {logging_mixin.py:151} INFO - [2023-10-10T15:33:53.676+0000] {dag.py:2915} INFO - Sync 1 DAGs
[2023-10-10T15:33:53.699+0000] {logging_mixin.py:151} INFO - [2023-10-10T15:33:53.699+0000] {dag.py:3696} INFO - Setting next_dagrun for example_short_circuit_operator to 2023-10-09T15:33:53.699061+00:00, run_after=2023-10-10T15:33:53.699061+00:00
[2023-10-10T15:33:53.719+0000] {processor.py:179} INFO - Processing /home/airflow/.local/lib/python3.8/site-packages/airflow/example_dags/example_short_circuit_operator.py took 0.078 seconds
[2023-10-10T15:34:24.544+0000] {processor.py:157} INFO - Started process (PID=1265) to work on /home/airflow/.local/lib/python3.8/site-packages/airflow/example_dags/example_short_circuit_operator.py
[2023-10-10T15:34:24.545+0000] {processor.py:829} INFO - Processing file /home/airflow/.local/lib/python3.8/site-packages/airflow/example_dags/example_short_circuit_operator.py for tasks to queue
[2023-10-10T15:34:24.547+0000] {logging_mixin.py:151} INFO - [2023-10-10T15:34:24.546+0000] {dagbag.py:539} INFO - Filling up the DagBag from /home/airflow/.local/lib/python3.8/site-packages/airflow/example_dags/example_short_circuit_operator.py
[2023-10-10T15:34:24.553+0000] {processor.py:839} INFO - DAG(s) dict_keys(['example_short_circuit_operator']) retrieved from /home/airflow/.local/lib/python3.8/site-packages/airflow/example_dags/example_short_circuit_operator.py
[2023-10-10T15:34:24.575+0000] {logging_mixin.py:151} INFO - [2023-10-10T15:34:24.574+0000] {dag.py:2915} INFO - Sync 1 DAGs
[2023-10-10T15:34:24.594+0000] {logging_mixin.py:151} INFO - [2023-10-10T15:34:24.594+0000] {dag.py:3696} INFO - Setting next_dagrun for example_short_circuit_operator to 2023-10-09T15:34:24.594049+00:00, run_after=2023-10-10T15:34:24.594049+00:00
[2023-10-10T15:34:24.612+0000] {processor.py:179} INFO - Processing /home/airflow/.local/lib/python3.8/site-packages/airflow/example_dags/example_short_circuit_operator.py took 0.071 seconds
[2023-10-10T15:34:55.327+0000] {processor.py:157} INFO - Started process (PID=1318) to work on /home/airflow/.local/lib/python3.8/site-packages/airflow/example_dags/example_short_circuit_operator.py
[2023-10-10T15:34:55.328+0000] {processor.py:829} INFO - Processing file /home/airflow/.local/lib/python3.8/site-packages/airflow/example_dags/example_short_circuit_operator.py for tasks to queue
[2023-10-10T15:34:55.329+0000] {logging_mixin.py:151} INFO - [2023-10-10T15:34:55.329+0000] {dagbag.py:539} INFO - Filling up the DagBag from /home/airflow/.local/lib/python3.8/site-packages/airflow/example_dags/example_short_circuit_operator.py
[2023-10-10T15:34:55.336+0000] {processor.py:839} INFO - DAG(s) dict_keys(['example_short_circuit_operator']) retrieved from /home/airflow/.local/lib/python3.8/site-packages/airflow/example_dags/example_short_circuit_operator.py
[2023-10-10T15:34:55.363+0000] {logging_mixin.py:151} INFO - [2023-10-10T15:34:55.362+0000] {dag.py:2915} INFO - Sync 1 DAGs
[2023-10-10T15:34:55.393+0000] {logging_mixin.py:151} INFO - [2023-10-10T15:34:55.392+0000] {dag.py:3696} INFO - Setting next_dagrun for example_short_circuit_operator to 2023-10-09T15:34:55.392416+00:00, run_after=2023-10-10T15:34:55.392416+00:00
[2023-10-10T15:34:55.418+0000] {processor.py:179} INFO - Processing /home/airflow/.local/lib/python3.8/site-packages/airflow/example_dags/example_short_circuit_operator.py took 0.094 seconds
[2023-10-10T15:35:26.584+0000] {processor.py:157} INFO - Started process (PID=1372) to work on /home/airflow/.local/lib/python3.8/site-packages/airflow/example_dags/example_short_circuit_operator.py
[2023-10-10T15:35:26.585+0000] {processor.py:829} INFO - Processing file /home/airflow/.local/lib/python3.8/site-packages/airflow/example_dags/example_short_circuit_operator.py for tasks to queue
[2023-10-10T15:35:26.588+0000] {logging_mixin.py:151} INFO - [2023-10-10T15:35:26.587+0000] {dagbag.py:539} INFO - Filling up the DagBag from /home/airflow/.local/lib/python3.8/site-packages/airflow/example_dags/example_short_circuit_operator.py
[2023-10-10T15:35:26.596+0000] {processor.py:839} INFO - DAG(s) dict_keys(['example_short_circuit_operator']) retrieved from /home/airflow/.local/lib/python3.8/site-packages/airflow/example_dags/example_short_circuit_operator.py
[2023-10-10T15:35:26.624+0000] {logging_mixin.py:151} INFO - [2023-10-10T15:35:26.624+0000] {dag.py:2915} INFO - Sync 1 DAGs
[2023-10-10T15:35:26.648+0000] {logging_mixin.py:151} INFO - [2023-10-10T15:35:26.647+0000] {dag.py:3696} INFO - Setting next_dagrun for example_short_circuit_operator to 2023-10-09T15:35:26.647569+00:00, run_after=2023-10-10T15:35:26.647569+00:00
[2023-10-10T15:35:26.681+0000] {processor.py:179} INFO - Processing /home/airflow/.local/lib/python3.8/site-packages/airflow/example_dags/example_short_circuit_operator.py took 0.100 seconds
[2023-10-10T15:35:57.829+0000] {processor.py:157} INFO - Started process (PID=1426) to work on /home/airflow/.local/lib/python3.8/site-packages/airflow/example_dags/example_short_circuit_operator.py
[2023-10-10T15:35:57.830+0000] {processor.py:829} INFO - Processing file /home/airflow/.local/lib/python3.8/site-packages/airflow/example_dags/example_short_circuit_operator.py for tasks to queue
[2023-10-10T15:35:57.832+0000] {logging_mixin.py:151} INFO - [2023-10-10T15:35:57.831+0000] {dagbag.py:539} INFO - Filling up the DagBag from /home/airflow/.local/lib/python3.8/site-packages/airflow/example_dags/example_short_circuit_operator.py
[2023-10-10T15:35:57.838+0000] {processor.py:839} INFO - DAG(s) dict_keys(['example_short_circuit_operator']) retrieved from /home/airflow/.local/lib/python3.8/site-packages/airflow/example_dags/example_short_circuit_operator.py
[2023-10-10T15:35:57.859+0000] {logging_mixin.py:151} INFO - [2023-10-10T15:35:57.859+0000] {dag.py:2915} INFO - Sync 1 DAGs
[2023-10-10T15:35:57.900+0000] {logging_mixin.py:151} INFO - [2023-10-10T15:35:57.900+0000] {dag.py:3696} INFO - Setting next_dagrun for example_short_circuit_operator to 2023-10-09T15:35:57.900359+00:00, run_after=2023-10-10T15:35:57.900359+00:00
[2023-10-10T15:35:57.921+0000] {processor.py:179} INFO - Processing /home/airflow/.local/lib/python3.8/site-packages/airflow/example_dags/example_short_circuit_operator.py took 0.094 seconds
[2023-10-10T15:36:28.538+0000] {processor.py:157} INFO - Started process (PID=1480) to work on /home/airflow/.local/lib/python3.8/site-packages/airflow/example_dags/example_short_circuit_operator.py
[2023-10-10T15:36:28.539+0000] {processor.py:829} INFO - Processing file /home/airflow/.local/lib/python3.8/site-packages/airflow/example_dags/example_short_circuit_operator.py for tasks to queue
[2023-10-10T15:36:28.541+0000] {logging_mixin.py:151} INFO - [2023-10-10T15:36:28.541+0000] {dagbag.py:539} INFO - Filling up the DagBag from /home/airflow/.local/lib/python3.8/site-packages/airflow/example_dags/example_short_circuit_operator.py
[2023-10-10T15:36:28.550+0000] {processor.py:839} INFO - DAG(s) dict_keys(['example_short_circuit_operator']) retrieved from /home/airflow/.local/lib/python3.8/site-packages/airflow/example_dags/example_short_circuit_operator.py
[2023-10-10T15:36:28.582+0000] {logging_mixin.py:151} INFO - [2023-10-10T15:36:28.582+0000] {dag.py:2915} INFO - Sync 1 DAGs
[2023-10-10T15:36:28.609+0000] {logging_mixin.py:151} INFO - [2023-10-10T15:36:28.609+0000] {dag.py:3696} INFO - Setting next_dagrun for example_short_circuit_operator to 2023-10-09T15:36:28.609167+00:00, run_after=2023-10-10T15:36:28.609167+00:00
[2023-10-10T15:36:28.629+0000] {processor.py:179} INFO - Processing /home/airflow/.local/lib/python3.8/site-packages/airflow/example_dags/example_short_circuit_operator.py took 0.094 seconds
[2023-10-10T15:36:59.624+0000] {processor.py:157} INFO - Started process (PID=1534) to work on /home/airflow/.local/lib/python3.8/site-packages/airflow/example_dags/example_short_circuit_operator.py
[2023-10-10T15:36:59.625+0000] {processor.py:829} INFO - Processing file /home/airflow/.local/lib/python3.8/site-packages/airflow/example_dags/example_short_circuit_operator.py for tasks to queue
[2023-10-10T15:36:59.627+0000] {logging_mixin.py:151} INFO - [2023-10-10T15:36:59.627+0000] {dagbag.py:539} INFO - Filling up the DagBag from /home/airflow/.local/lib/python3.8/site-packages/airflow/example_dags/example_short_circuit_operator.py
[2023-10-10T15:36:59.633+0000] {processor.py:839} INFO - DAG(s) dict_keys(['example_short_circuit_operator']) retrieved from /home/airflow/.local/lib/python3.8/site-packages/airflow/example_dags/example_short_circuit_operator.py
[2023-10-10T15:36:59.659+0000] {logging_mixin.py:151} INFO - [2023-10-10T15:36:59.659+0000] {dag.py:2915} INFO - Sync 1 DAGs
[2023-10-10T15:36:59.694+0000] {logging_mixin.py:151} INFO - [2023-10-10T15:36:59.694+0000] {dag.py:3696} INFO - Setting next_dagrun for example_short_circuit_operator to 2023-10-09T15:36:59.694016+00:00, run_after=2023-10-10T15:36:59.694016+00:00
[2023-10-10T15:36:59.713+0000] {processor.py:179} INFO - Processing /home/airflow/.local/lib/python3.8/site-packages/airflow/example_dags/example_short_circuit_operator.py took 0.091 seconds
[2023-10-10T15:37:30.837+0000] {processor.py:157} INFO - Started process (PID=1588) to work on /home/airflow/.local/lib/python3.8/site-packages/airflow/example_dags/example_short_circuit_operator.py
[2023-10-10T15:37:30.838+0000] {processor.py:829} INFO - Processing file /home/airflow/.local/lib/python3.8/site-packages/airflow/example_dags/example_short_circuit_operator.py for tasks to queue
[2023-10-10T15:37:30.840+0000] {logging_mixin.py:151} INFO - [2023-10-10T15:37:30.840+0000] {dagbag.py:539} INFO - Filling up the DagBag from /home/airflow/.local/lib/python3.8/site-packages/airflow/example_dags/example_short_circuit_operator.py
[2023-10-10T15:37:30.848+0000] {processor.py:839} INFO - DAG(s) dict_keys(['example_short_circuit_operator']) retrieved from /home/airflow/.local/lib/python3.8/site-packages/airflow/example_dags/example_short_circuit_operator.py
[2023-10-10T15:37:30.868+0000] {logging_mixin.py:151} INFO - [2023-10-10T15:37:30.868+0000] {dag.py:2915} INFO - Sync 1 DAGs
[2023-10-10T15:37:30.893+0000] {logging_mixin.py:151} INFO - [2023-10-10T15:37:30.893+0000] {dag.py:3696} INFO - Setting next_dagrun for example_short_circuit_operator to 2023-10-09T15:37:30.893506+00:00, run_after=2023-10-10T15:37:30.893506+00:00
[2023-10-10T15:37:30.915+0000] {processor.py:179} INFO - Processing /home/airflow/.local/lib/python3.8/site-packages/airflow/example_dags/example_short_circuit_operator.py took 0.080 seconds
[2023-10-10T15:38:02.424+0000] {processor.py:157} INFO - Started process (PID=1642) to work on /home/airflow/.local/lib/python3.8/site-packages/airflow/example_dags/example_short_circuit_operator.py
[2023-10-10T15:38:02.425+0000] {processor.py:829} INFO - Processing file /home/airflow/.local/lib/python3.8/site-packages/airflow/example_dags/example_short_circuit_operator.py for tasks to queue
[2023-10-10T15:38:02.427+0000] {logging_mixin.py:151} INFO - [2023-10-10T15:38:02.427+0000] {dagbag.py:539} INFO - Filling up the DagBag from /home/airflow/.local/lib/python3.8/site-packages/airflow/example_dags/example_short_circuit_operator.py
[2023-10-10T15:38:02.434+0000] {processor.py:839} INFO - DAG(s) dict_keys(['example_short_circuit_operator']) retrieved from /home/airflow/.local/lib/python3.8/site-packages/airflow/example_dags/example_short_circuit_operator.py
[2023-10-10T15:38:02.456+0000] {logging_mixin.py:151} INFO - [2023-10-10T15:38:02.456+0000] {dag.py:2915} INFO - Sync 1 DAGs
[2023-10-10T15:38:02.478+0000] {logging_mixin.py:151} INFO - [2023-10-10T15:38:02.478+0000] {dag.py:3696} INFO - Setting next_dagrun for example_short_circuit_operator to 2023-10-09T15:38:02.477761+00:00, run_after=2023-10-10T15:38:02.477761+00:00
[2023-10-10T15:38:02.501+0000] {processor.py:179} INFO - Processing /home/airflow/.local/lib/python3.8/site-packages/airflow/example_dags/example_short_circuit_operator.py took 0.081 seconds
[2023-10-10T15:38:32.820+0000] {processor.py:157} INFO - Started process (PID=1696) to work on /home/airflow/.local/lib/python3.8/site-packages/airflow/example_dags/example_short_circuit_operator.py
[2023-10-10T15:38:32.821+0000] {processor.py:829} INFO - Processing file /home/airflow/.local/lib/python3.8/site-packages/airflow/example_dags/example_short_circuit_operator.py for tasks to queue
[2023-10-10T15:38:32.823+0000] {logging_mixin.py:151} INFO - [2023-10-10T15:38:32.823+0000] {dagbag.py:539} INFO - Filling up the DagBag from /home/airflow/.local/lib/python3.8/site-packages/airflow/example_dags/example_short_circuit_operator.py
[2023-10-10T15:38:32.830+0000] {processor.py:839} INFO - DAG(s) dict_keys(['example_short_circuit_operator']) retrieved from /home/airflow/.local/lib/python3.8/site-packages/airflow/example_dags/example_short_circuit_operator.py
[2023-10-10T15:38:32.852+0000] {logging_mixin.py:151} INFO - [2023-10-10T15:38:32.852+0000] {dag.py:2915} INFO - Sync 1 DAGs
[2023-10-10T15:38:32.880+0000] {logging_mixin.py:151} INFO - [2023-10-10T15:38:32.880+0000] {dag.py:3696} INFO - Setting next_dagrun for example_short_circuit_operator to 2023-10-09T15:38:32.880058+00:00, run_after=2023-10-10T15:38:32.880058+00:00
[2023-10-10T15:38:32.899+0000] {processor.py:179} INFO - Processing /home/airflow/.local/lib/python3.8/site-packages/airflow/example_dags/example_short_circuit_operator.py took 0.082 seconds
[2023-10-10T15:39:04.041+0000] {processor.py:157} INFO - Started process (PID=1750) to work on /home/airflow/.local/lib/python3.8/site-packages/airflow/example_dags/example_short_circuit_operator.py
[2023-10-10T15:39:04.042+0000] {processor.py:829} INFO - Processing file /home/airflow/.local/lib/python3.8/site-packages/airflow/example_dags/example_short_circuit_operator.py for tasks to queue
[2023-10-10T15:39:04.044+0000] {logging_mixin.py:151} INFO - [2023-10-10T15:39:04.043+0000] {dagbag.py:539} INFO - Filling up the DagBag from /home/airflow/.local/lib/python3.8/site-packages/airflow/example_dags/example_short_circuit_operator.py
[2023-10-10T15:39:04.050+0000] {processor.py:839} INFO - DAG(s) dict_keys(['example_short_circuit_operator']) retrieved from /home/airflow/.local/lib/python3.8/site-packages/airflow/example_dags/example_short_circuit_operator.py
[2023-10-10T15:39:04.095+0000] {logging_mixin.py:151} INFO - [2023-10-10T15:39:04.095+0000] {dag.py:2915} INFO - Sync 1 DAGs
[2023-10-10T15:39:04.120+0000] {logging_mixin.py:151} INFO - [2023-10-10T15:39:04.120+0000] {dag.py:3696} INFO - Setting next_dagrun for example_short_circuit_operator to 2023-10-09T15:39:04.120062+00:00, run_after=2023-10-10T15:39:04.120062+00:00
[2023-10-10T15:39:04.141+0000] {processor.py:179} INFO - Processing /home/airflow/.local/lib/python3.8/site-packages/airflow/example_dags/example_short_circuit_operator.py took 0.103 seconds
[2023-10-10T15:39:34.538+0000] {processor.py:157} INFO - Started process (PID=1804) to work on /home/airflow/.local/lib/python3.8/site-packages/airflow/example_dags/example_short_circuit_operator.py
[2023-10-10T15:39:34.539+0000] {processor.py:829} INFO - Processing file /home/airflow/.local/lib/python3.8/site-packages/airflow/example_dags/example_short_circuit_operator.py for tasks to queue
[2023-10-10T15:39:34.540+0000] {logging_mixin.py:151} INFO - [2023-10-10T15:39:34.540+0000] {dagbag.py:539} INFO - Filling up the DagBag from /home/airflow/.local/lib/python3.8/site-packages/airflow/example_dags/example_short_circuit_operator.py
[2023-10-10T15:39:34.546+0000] {processor.py:839} INFO - DAG(s) dict_keys(['example_short_circuit_operator']) retrieved from /home/airflow/.local/lib/python3.8/site-packages/airflow/example_dags/example_short_circuit_operator.py
[2023-10-10T15:39:34.576+0000] {logging_mixin.py:151} INFO - [2023-10-10T15:39:34.575+0000] {dag.py:2915} INFO - Sync 1 DAGs
[2023-10-10T15:39:34.600+0000] {logging_mixin.py:151} INFO - [2023-10-10T15:39:34.600+0000] {dag.py:3696} INFO - Setting next_dagrun for example_short_circuit_operator to 2023-10-09T15:39:34.600279+00:00, run_after=2023-10-10T15:39:34.600279+00:00
[2023-10-10T15:39:34.620+0000] {processor.py:179} INFO - Processing /home/airflow/.local/lib/python3.8/site-packages/airflow/example_dags/example_short_circuit_operator.py took 0.084 seconds
[2023-10-10T15:40:05.735+0000] {processor.py:157} INFO - Started process (PID=1858) to work on /home/airflow/.local/lib/python3.8/site-packages/airflow/example_dags/example_short_circuit_operator.py
[2023-10-10T15:40:05.736+0000] {processor.py:829} INFO - Processing file /home/airflow/.local/lib/python3.8/site-packages/airflow/example_dags/example_short_circuit_operator.py for tasks to queue
[2023-10-10T15:40:05.738+0000] {logging_mixin.py:151} INFO - [2023-10-10T15:40:05.738+0000] {dagbag.py:539} INFO - Filling up the DagBag from /home/airflow/.local/lib/python3.8/site-packages/airflow/example_dags/example_short_circuit_operator.py
[2023-10-10T15:40:05.746+0000] {processor.py:839} INFO - DAG(s) dict_keys(['example_short_circuit_operator']) retrieved from /home/airflow/.local/lib/python3.8/site-packages/airflow/example_dags/example_short_circuit_operator.py
[2023-10-10T15:40:05.781+0000] {logging_mixin.py:151} INFO - [2023-10-10T15:40:05.781+0000] {dag.py:2915} INFO - Sync 1 DAGs
[2023-10-10T15:40:05.815+0000] {logging_mixin.py:151} INFO - [2023-10-10T15:40:05.815+0000] {dag.py:3696} INFO - Setting next_dagrun for example_short_circuit_operator to 2023-10-09T15:40:05.814857+00:00, run_after=2023-10-10T15:40:05.814857+00:00
[2023-10-10T15:40:05.839+0000] {processor.py:179} INFO - Processing /home/airflow/.local/lib/python3.8/site-packages/airflow/example_dags/example_short_circuit_operator.py took 0.108 seconds
[2023-10-10T15:40:36.849+0000] {processor.py:157} INFO - Started process (PID=1912) to work on /home/airflow/.local/lib/python3.8/site-packages/airflow/example_dags/example_short_circuit_operator.py
[2023-10-10T15:40:36.850+0000] {processor.py:829} INFO - Processing file /home/airflow/.local/lib/python3.8/site-packages/airflow/example_dags/example_short_circuit_operator.py for tasks to queue
[2023-10-10T15:40:36.852+0000] {logging_mixin.py:151} INFO - [2023-10-10T15:40:36.852+0000] {dagbag.py:539} INFO - Filling up the DagBag from /home/airflow/.local/lib/python3.8/site-packages/airflow/example_dags/example_short_circuit_operator.py
[2023-10-10T15:40:36.858+0000] {processor.py:839} INFO - DAG(s) dict_keys(['example_short_circuit_operator']) retrieved from /home/airflow/.local/lib/python3.8/site-packages/airflow/example_dags/example_short_circuit_operator.py
[2023-10-10T15:40:36.882+0000] {logging_mixin.py:151} INFO - [2023-10-10T15:40:36.882+0000] {dag.py:2915} INFO - Sync 1 DAGs
[2023-10-10T15:40:36.909+0000] {logging_mixin.py:151} INFO - [2023-10-10T15:40:36.909+0000] {dag.py:3696} INFO - Setting next_dagrun for example_short_circuit_operator to 2023-10-09T15:40:36.909102+00:00, run_after=2023-10-10T15:40:36.909102+00:00
[2023-10-10T15:40:36.926+0000] {processor.py:179} INFO - Processing /home/airflow/.local/lib/python3.8/site-packages/airflow/example_dags/example_short_circuit_operator.py took 0.079 seconds
[2023-10-10T15:41:08.607+0000] {processor.py:157} INFO - Started process (PID=1966) to work on /home/airflow/.local/lib/python3.8/site-packages/airflow/example_dags/example_short_circuit_operator.py
[2023-10-10T15:41:08.608+0000] {processor.py:829} INFO - Processing file /home/airflow/.local/lib/python3.8/site-packages/airflow/example_dags/example_short_circuit_operator.py for tasks to queue
[2023-10-10T15:41:08.611+0000] {logging_mixin.py:151} INFO - [2023-10-10T15:41:08.610+0000] {dagbag.py:539} INFO - Filling up the DagBag from /home/airflow/.local/lib/python3.8/site-packages/airflow/example_dags/example_short_circuit_operator.py
[2023-10-10T15:41:08.620+0000] {processor.py:839} INFO - DAG(s) dict_keys(['example_short_circuit_operator']) retrieved from /home/airflow/.local/lib/python3.8/site-packages/airflow/example_dags/example_short_circuit_operator.py
[2023-10-10T15:41:08.642+0000] {logging_mixin.py:151} INFO - [2023-10-10T15:41:08.641+0000] {dag.py:2915} INFO - Sync 1 DAGs
[2023-10-10T15:41:08.681+0000] {logging_mixin.py:151} INFO - [2023-10-10T15:41:08.680+0000] {dag.py:3696} INFO - Setting next_dagrun for example_short_circuit_operator to 2023-10-09T15:41:08.680639+00:00, run_after=2023-10-10T15:41:08.680639+00:00
[2023-10-10T15:41:08.701+0000] {processor.py:179} INFO - Processing /home/airflow/.local/lib/python3.8/site-packages/airflow/example_dags/example_short_circuit_operator.py took 0.097 seconds
[2023-10-10T15:41:39.977+0000] {processor.py:157} INFO - Started process (PID=2019) to work on /home/airflow/.local/lib/python3.8/site-packages/airflow/example_dags/example_short_circuit_operator.py
[2023-10-10T15:41:39.978+0000] {processor.py:829} INFO - Processing file /home/airflow/.local/lib/python3.8/site-packages/airflow/example_dags/example_short_circuit_operator.py for tasks to queue
[2023-10-10T15:41:39.980+0000] {logging_mixin.py:151} INFO - [2023-10-10T15:41:39.980+0000] {dagbag.py:539} INFO - Filling up the DagBag from /home/airflow/.local/lib/python3.8/site-packages/airflow/example_dags/example_short_circuit_operator.py
[2023-10-10T15:41:39.988+0000] {processor.py:839} INFO - DAG(s) dict_keys(['example_short_circuit_operator']) retrieved from /home/airflow/.local/lib/python3.8/site-packages/airflow/example_dags/example_short_circuit_operator.py
[2023-10-10T15:41:40.012+0000] {logging_mixin.py:151} INFO - [2023-10-10T15:41:40.012+0000] {dag.py:2915} INFO - Sync 1 DAGs
[2023-10-10T15:41:40.078+0000] {logging_mixin.py:151} INFO - [2023-10-10T15:41:40.078+0000] {dag.py:3696} INFO - Setting next_dagrun for example_short_circuit_operator to 2023-10-09T15:41:40.077773+00:00, run_after=2023-10-10T15:41:40.077773+00:00
[2023-10-10T15:41:40.102+0000] {processor.py:179} INFO - Processing /home/airflow/.local/lib/python3.8/site-packages/airflow/example_dags/example_short_circuit_operator.py took 0.160 seconds
[2023-10-10T15:42:10.940+0000] {processor.py:157} INFO - Started process (PID=2073) to work on /home/airflow/.local/lib/python3.8/site-packages/airflow/example_dags/example_short_circuit_operator.py
[2023-10-10T15:42:10.941+0000] {processor.py:829} INFO - Processing file /home/airflow/.local/lib/python3.8/site-packages/airflow/example_dags/example_short_circuit_operator.py for tasks to queue
[2023-10-10T15:42:10.942+0000] {logging_mixin.py:151} INFO - [2023-10-10T15:42:10.942+0000] {dagbag.py:539} INFO - Filling up the DagBag from /home/airflow/.local/lib/python3.8/site-packages/airflow/example_dags/example_short_circuit_operator.py
[2023-10-10T15:42:10.949+0000] {processor.py:839} INFO - DAG(s) dict_keys(['example_short_circuit_operator']) retrieved from /home/airflow/.local/lib/python3.8/site-packages/airflow/example_dags/example_short_circuit_operator.py
[2023-10-10T15:42:10.972+0000] {logging_mixin.py:151} INFO - [2023-10-10T15:42:10.971+0000] {dag.py:2915} INFO - Sync 1 DAGs
[2023-10-10T15:42:10.995+0000] {logging_mixin.py:151} INFO - [2023-10-10T15:42:10.995+0000] {dag.py:3696} INFO - Setting next_dagrun for example_short_circuit_operator to 2023-10-09T15:42:10.995151+00:00, run_after=2023-10-10T15:42:10.995151+00:00
[2023-10-10T15:42:11.012+0000] {processor.py:179} INFO - Processing /home/airflow/.local/lib/python3.8/site-packages/airflow/example_dags/example_short_circuit_operator.py took 0.075 seconds
[2023-10-10T15:42:41.978+0000] {processor.py:157} INFO - Started process (PID=2127) to work on /home/airflow/.local/lib/python3.8/site-packages/airflow/example_dags/example_short_circuit_operator.py
[2023-10-10T15:42:41.979+0000] {processor.py:829} INFO - Processing file /home/airflow/.local/lib/python3.8/site-packages/airflow/example_dags/example_short_circuit_operator.py for tasks to queue
[2023-10-10T15:42:41.982+0000] {logging_mixin.py:151} INFO - [2023-10-10T15:42:41.981+0000] {dagbag.py:539} INFO - Filling up the DagBag from /home/airflow/.local/lib/python3.8/site-packages/airflow/example_dags/example_short_circuit_operator.py
[2023-10-10T15:42:41.990+0000] {processor.py:839} INFO - DAG(s) dict_keys(['example_short_circuit_operator']) retrieved from /home/airflow/.local/lib/python3.8/site-packages/airflow/example_dags/example_short_circuit_operator.py
[2023-10-10T15:42:42.013+0000] {logging_mixin.py:151} INFO - [2023-10-10T15:42:42.013+0000] {dag.py:2915} INFO - Sync 1 DAGs
[2023-10-10T15:42:42.030+0000] {logging_mixin.py:151} INFO - [2023-10-10T15:42:42.030+0000] {dag.py:3696} INFO - Setting next_dagrun for example_short_circuit_operator to 2023-10-09T15:42:42.030619+00:00, run_after=2023-10-10T15:42:42.030619+00:00
[2023-10-10T15:42:42.044+0000] {processor.py:179} INFO - Processing /home/airflow/.local/lib/python3.8/site-packages/airflow/example_dags/example_short_circuit_operator.py took 0.079 seconds
[2023-10-10T15:43:12.334+0000] {processor.py:157} INFO - Started process (PID=2181) to work on /home/airflow/.local/lib/python3.8/site-packages/airflow/example_dags/example_short_circuit_operator.py
[2023-10-10T15:43:12.335+0000] {processor.py:829} INFO - Processing file /home/airflow/.local/lib/python3.8/site-packages/airflow/example_dags/example_short_circuit_operator.py for tasks to queue
[2023-10-10T15:43:12.336+0000] {logging_mixin.py:151} INFO - [2023-10-10T15:43:12.336+0000] {dagbag.py:539} INFO - Filling up the DagBag from /home/airflow/.local/lib/python3.8/site-packages/airflow/example_dags/example_short_circuit_operator.py
[2023-10-10T15:43:12.342+0000] {processor.py:839} INFO - DAG(s) dict_keys(['example_short_circuit_operator']) retrieved from /home/airflow/.local/lib/python3.8/site-packages/airflow/example_dags/example_short_circuit_operator.py
[2023-10-10T15:43:12.363+0000] {logging_mixin.py:151} INFO - [2023-10-10T15:43:12.363+0000] {dag.py:2915} INFO - Sync 1 DAGs
[2023-10-10T15:43:12.386+0000] {logging_mixin.py:151} INFO - [2023-10-10T15:43:12.386+0000] {dag.py:3696} INFO - Setting next_dagrun for example_short_circuit_operator to 2023-10-09T15:43:12.385974+00:00, run_after=2023-10-10T15:43:12.385974+00:00
[2023-10-10T15:43:12.409+0000] {processor.py:179} INFO - Processing /home/airflow/.local/lib/python3.8/site-packages/airflow/example_dags/example_short_circuit_operator.py took 0.078 seconds
[2023-10-10T15:43:43.415+0000] {processor.py:157} INFO - Started process (PID=2235) to work on /home/airflow/.local/lib/python3.8/site-packages/airflow/example_dags/example_short_circuit_operator.py
[2023-10-10T15:43:43.416+0000] {processor.py:829} INFO - Processing file /home/airflow/.local/lib/python3.8/site-packages/airflow/example_dags/example_short_circuit_operator.py for tasks to queue
[2023-10-10T15:43:43.417+0000] {logging_mixin.py:151} INFO - [2023-10-10T15:43:43.417+0000] {dagbag.py:539} INFO - Filling up the DagBag from /home/airflow/.local/lib/python3.8/site-packages/airflow/example_dags/example_short_circuit_operator.py
[2023-10-10T15:43:43.425+0000] {processor.py:839} INFO - DAG(s) dict_keys(['example_short_circuit_operator']) retrieved from /home/airflow/.local/lib/python3.8/site-packages/airflow/example_dags/example_short_circuit_operator.py
[2023-10-10T15:43:43.449+0000] {logging_mixin.py:151} INFO - [2023-10-10T15:43:43.449+0000] {dag.py:2915} INFO - Sync 1 DAGs
[2023-10-10T15:43:43.471+0000] {logging_mixin.py:151} INFO - [2023-10-10T15:43:43.471+0000] {dag.py:3696} INFO - Setting next_dagrun for example_short_circuit_operator to 2023-10-09T15:43:43.470966+00:00, run_after=2023-10-10T15:43:43.470966+00:00
[2023-10-10T15:43:43.488+0000] {processor.py:179} INFO - Processing /home/airflow/.local/lib/python3.8/site-packages/airflow/example_dags/example_short_circuit_operator.py took 0.077 seconds
[2023-10-10T15:44:14.519+0000] {processor.py:157} INFO - Started process (PID=2289) to work on /home/airflow/.local/lib/python3.8/site-packages/airflow/example_dags/example_short_circuit_operator.py
[2023-10-10T15:44:14.520+0000] {processor.py:829} INFO - Processing file /home/airflow/.local/lib/python3.8/site-packages/airflow/example_dags/example_short_circuit_operator.py for tasks to queue
[2023-10-10T15:44:14.522+0000] {logging_mixin.py:151} INFO - [2023-10-10T15:44:14.521+0000] {dagbag.py:539} INFO - Filling up the DagBag from /home/airflow/.local/lib/python3.8/site-packages/airflow/example_dags/example_short_circuit_operator.py
[2023-10-10T15:44:14.528+0000] {processor.py:839} INFO - DAG(s) dict_keys(['example_short_circuit_operator']) retrieved from /home/airflow/.local/lib/python3.8/site-packages/airflow/example_dags/example_short_circuit_operator.py
[2023-10-10T15:44:14.547+0000] {logging_mixin.py:151} INFO - [2023-10-10T15:44:14.547+0000] {dag.py:2915} INFO - Sync 1 DAGs
[2023-10-10T15:44:14.565+0000] {logging_mixin.py:151} INFO - [2023-10-10T15:44:14.565+0000] {dag.py:3696} INFO - Setting next_dagrun for example_short_circuit_operator to 2023-10-09T15:44:14.565306+00:00, run_after=2023-10-10T15:44:14.565306+00:00
[2023-10-10T15:44:14.583+0000] {processor.py:179} INFO - Processing /home/airflow/.local/lib/python3.8/site-packages/airflow/example_dags/example_short_circuit_operator.py took 0.066 seconds
[2023-10-10T15:44:45.059+0000] {processor.py:157} INFO - Started process (PID=2343) to work on /home/airflow/.local/lib/python3.8/site-packages/airflow/example_dags/example_short_circuit_operator.py
[2023-10-10T15:44:45.060+0000] {processor.py:829} INFO - Processing file /home/airflow/.local/lib/python3.8/site-packages/airflow/example_dags/example_short_circuit_operator.py for tasks to queue
[2023-10-10T15:44:45.061+0000] {logging_mixin.py:151} INFO - [2023-10-10T15:44:45.061+0000] {dagbag.py:539} INFO - Filling up the DagBag from /home/airflow/.local/lib/python3.8/site-packages/airflow/example_dags/example_short_circuit_operator.py
[2023-10-10T15:44:45.067+0000] {processor.py:839} INFO - DAG(s) dict_keys(['example_short_circuit_operator']) retrieved from /home/airflow/.local/lib/python3.8/site-packages/airflow/example_dags/example_short_circuit_operator.py
[2023-10-10T15:44:45.090+0000] {logging_mixin.py:151} INFO - [2023-10-10T15:44:45.090+0000] {dag.py:2915} INFO - Sync 1 DAGs
[2023-10-10T15:44:45.114+0000] {logging_mixin.py:151} INFO - [2023-10-10T15:44:45.114+0000] {dag.py:3696} INFO - Setting next_dagrun for example_short_circuit_operator to 2023-10-09T15:44:45.113741+00:00, run_after=2023-10-10T15:44:45.113741+00:00
[2023-10-10T15:44:45.134+0000] {processor.py:179} INFO - Processing /home/airflow/.local/lib/python3.8/site-packages/airflow/example_dags/example_short_circuit_operator.py took 0.077 seconds
[2023-10-10T15:45:16.141+0000] {processor.py:157} INFO - Started process (PID=2397) to work on /home/airflow/.local/lib/python3.8/site-packages/airflow/example_dags/example_short_circuit_operator.py
[2023-10-10T15:45:16.142+0000] {processor.py:829} INFO - Processing file /home/airflow/.local/lib/python3.8/site-packages/airflow/example_dags/example_short_circuit_operator.py for tasks to queue
[2023-10-10T15:45:16.144+0000] {logging_mixin.py:151} INFO - [2023-10-10T15:45:16.144+0000] {dagbag.py:539} INFO - Filling up the DagBag from /home/airflow/.local/lib/python3.8/site-packages/airflow/example_dags/example_short_circuit_operator.py
[2023-10-10T15:45:16.153+0000] {processor.py:839} INFO - DAG(s) dict_keys(['example_short_circuit_operator']) retrieved from /home/airflow/.local/lib/python3.8/site-packages/airflow/example_dags/example_short_circuit_operator.py
[2023-10-10T15:45:16.200+0000] {logging_mixin.py:151} INFO - [2023-10-10T15:45:16.200+0000] {dag.py:2915} INFO - Sync 1 DAGs
[2023-10-10T15:45:16.228+0000] {logging_mixin.py:151} INFO - [2023-10-10T15:45:16.228+0000] {dag.py:3696} INFO - Setting next_dagrun for example_short_circuit_operator to 2023-10-09T15:45:16.227727+00:00, run_after=2023-10-10T15:45:16.227727+00:00
[2023-10-10T15:45:16.251+0000] {processor.py:179} INFO - Processing /home/airflow/.local/lib/python3.8/site-packages/airflow/example_dags/example_short_circuit_operator.py took 0.113 seconds
[2023-10-10T15:45:47.227+0000] {processor.py:157} INFO - Started process (PID=2451) to work on /home/airflow/.local/lib/python3.8/site-packages/airflow/example_dags/example_short_circuit_operator.py
[2023-10-10T15:45:47.228+0000] {processor.py:829} INFO - Processing file /home/airflow/.local/lib/python3.8/site-packages/airflow/example_dags/example_short_circuit_operator.py for tasks to queue
[2023-10-10T15:45:47.229+0000] {logging_mixin.py:151} INFO - [2023-10-10T15:45:47.229+0000] {dagbag.py:539} INFO - Filling up the DagBag from /home/airflow/.local/lib/python3.8/site-packages/airflow/example_dags/example_short_circuit_operator.py
[2023-10-10T15:45:47.236+0000] {processor.py:839} INFO - DAG(s) dict_keys(['example_short_circuit_operator']) retrieved from /home/airflow/.local/lib/python3.8/site-packages/airflow/example_dags/example_short_circuit_operator.py
[2023-10-10T15:45:47.258+0000] {logging_mixin.py:151} INFO - [2023-10-10T15:45:47.258+0000] {dag.py:2915} INFO - Sync 1 DAGs
[2023-10-10T15:45:47.289+0000] {logging_mixin.py:151} INFO - [2023-10-10T15:45:47.289+0000] {dag.py:3696} INFO - Setting next_dagrun for example_short_circuit_operator to 2023-10-09T15:45:47.289111+00:00, run_after=2023-10-10T15:45:47.289111+00:00
[2023-10-10T15:45:47.308+0000] {processor.py:179} INFO - Processing /home/airflow/.local/lib/python3.8/site-packages/airflow/example_dags/example_short_circuit_operator.py took 0.084 seconds
[2023-10-10T15:46:18.329+0000] {processor.py:157} INFO - Started process (PID=2505) to work on /home/airflow/.local/lib/python3.8/site-packages/airflow/example_dags/example_short_circuit_operator.py
[2023-10-10T15:46:18.330+0000] {processor.py:829} INFO - Processing file /home/airflow/.local/lib/python3.8/site-packages/airflow/example_dags/example_short_circuit_operator.py for tasks to queue
[2023-10-10T15:46:18.331+0000] {logging_mixin.py:151} INFO - [2023-10-10T15:46:18.331+0000] {dagbag.py:539} INFO - Filling up the DagBag from /home/airflow/.local/lib/python3.8/site-packages/airflow/example_dags/example_short_circuit_operator.py
[2023-10-10T15:46:18.337+0000] {processor.py:839} INFO - DAG(s) dict_keys(['example_short_circuit_operator']) retrieved from /home/airflow/.local/lib/python3.8/site-packages/airflow/example_dags/example_short_circuit_operator.py
[2023-10-10T15:46:18.358+0000] {logging_mixin.py:151} INFO - [2023-10-10T15:46:18.357+0000] {dag.py:2915} INFO - Sync 1 DAGs
[2023-10-10T15:46:18.382+0000] {logging_mixin.py:151} INFO - [2023-10-10T15:46:18.382+0000] {dag.py:3696} INFO - Setting next_dagrun for example_short_circuit_operator to 2023-10-09T15:46:18.381920+00:00, run_after=2023-10-10T15:46:18.381920+00:00
[2023-10-10T15:46:18.397+0000] {processor.py:179} INFO - Processing /home/airflow/.local/lib/python3.8/site-packages/airflow/example_dags/example_short_circuit_operator.py took 0.070 seconds
[2023-10-10T15:46:49.483+0000] {processor.py:157} INFO - Started process (PID=2559) to work on /home/airflow/.local/lib/python3.8/site-packages/airflow/example_dags/example_short_circuit_operator.py
[2023-10-10T15:46:49.484+0000] {processor.py:829} INFO - Processing file /home/airflow/.local/lib/python3.8/site-packages/airflow/example_dags/example_short_circuit_operator.py for tasks to queue
[2023-10-10T15:46:49.486+0000] {logging_mixin.py:151} INFO - [2023-10-10T15:46:49.485+0000] {dagbag.py:539} INFO - Filling up the DagBag from /home/airflow/.local/lib/python3.8/site-packages/airflow/example_dags/example_short_circuit_operator.py
[2023-10-10T15:46:49.494+0000] {processor.py:839} INFO - DAG(s) dict_keys(['example_short_circuit_operator']) retrieved from /home/airflow/.local/lib/python3.8/site-packages/airflow/example_dags/example_short_circuit_operator.py
[2023-10-10T15:46:49.515+0000] {logging_mixin.py:151} INFO - [2023-10-10T15:46:49.515+0000] {dag.py:2915} INFO - Sync 1 DAGs
[2023-10-10T15:46:49.533+0000] {logging_mixin.py:151} INFO - [2023-10-10T15:46:49.533+0000] {dag.py:3696} INFO - Setting next_dagrun for example_short_circuit_operator to 2023-10-09T15:46:49.533344+00:00, run_after=2023-10-10T15:46:49.533344+00:00
[2023-10-10T15:46:49.550+0000] {processor.py:179} INFO - Processing /home/airflow/.local/lib/python3.8/site-packages/airflow/example_dags/example_short_circuit_operator.py took 0.069 seconds
[2023-10-10T15:47:19.956+0000] {processor.py:157} INFO - Started process (PID=2613) to work on /home/airflow/.local/lib/python3.8/site-packages/airflow/example_dags/example_short_circuit_operator.py
[2023-10-10T15:47:19.957+0000] {processor.py:829} INFO - Processing file /home/airflow/.local/lib/python3.8/site-packages/airflow/example_dags/example_short_circuit_operator.py for tasks to queue
[2023-10-10T15:47:19.959+0000] {logging_mixin.py:151} INFO - [2023-10-10T15:47:19.959+0000] {dagbag.py:539} INFO - Filling up the DagBag from /home/airflow/.local/lib/python3.8/site-packages/airflow/example_dags/example_short_circuit_operator.py
[2023-10-10T15:47:19.965+0000] {processor.py:839} INFO - DAG(s) dict_keys(['example_short_circuit_operator']) retrieved from /home/airflow/.local/lib/python3.8/site-packages/airflow/example_dags/example_short_circuit_operator.py
[2023-10-10T15:47:19.986+0000] {logging_mixin.py:151} INFO - [2023-10-10T15:47:19.986+0000] {dag.py:2915} INFO - Sync 1 DAGs
[2023-10-10T15:47:20.005+0000] {logging_mixin.py:151} INFO - [2023-10-10T15:47:20.005+0000] {dag.py:3696} INFO - Setting next_dagrun for example_short_circuit_operator to 2023-10-09T15:47:20.005238+00:00, run_after=2023-10-10T15:47:20.005238+00:00
[2023-10-10T15:47:20.020+0000] {processor.py:179} INFO - Processing /home/airflow/.local/lib/python3.8/site-packages/airflow/example_dags/example_short_circuit_operator.py took 0.067 seconds
[2023-10-10T15:47:50.496+0000] {processor.py:157} INFO - Started process (PID=2667) to work on /home/airflow/.local/lib/python3.8/site-packages/airflow/example_dags/example_short_circuit_operator.py
[2023-10-10T15:47:50.497+0000] {processor.py:829} INFO - Processing file /home/airflow/.local/lib/python3.8/site-packages/airflow/example_dags/example_short_circuit_operator.py for tasks to queue
[2023-10-10T15:47:50.498+0000] {logging_mixin.py:151} INFO - [2023-10-10T15:47:50.498+0000] {dagbag.py:539} INFO - Filling up the DagBag from /home/airflow/.local/lib/python3.8/site-packages/airflow/example_dags/example_short_circuit_operator.py
[2023-10-10T15:47:50.505+0000] {processor.py:839} INFO - DAG(s) dict_keys(['example_short_circuit_operator']) retrieved from /home/airflow/.local/lib/python3.8/site-packages/airflow/example_dags/example_short_circuit_operator.py
[2023-10-10T15:47:50.525+0000] {logging_mixin.py:151} INFO - [2023-10-10T15:47:50.525+0000] {dag.py:2915} INFO - Sync 1 DAGs
[2023-10-10T15:47:50.585+0000] {logging_mixin.py:151} INFO - [2023-10-10T15:47:50.585+0000] {dag.py:3696} INFO - Setting next_dagrun for example_short_circuit_operator to 2023-10-09T15:47:50.585351+00:00, run_after=2023-10-10T15:47:50.585351+00:00
[2023-10-10T15:47:50.600+0000] {processor.py:179} INFO - Processing /home/airflow/.local/lib/python3.8/site-packages/airflow/example_dags/example_short_circuit_operator.py took 0.107 seconds
[2023-10-10T15:48:21.090+0000] {processor.py:157} INFO - Started process (PID=2721) to work on /home/airflow/.local/lib/python3.8/site-packages/airflow/example_dags/example_short_circuit_operator.py
[2023-10-10T15:48:21.091+0000] {processor.py:829} INFO - Processing file /home/airflow/.local/lib/python3.8/site-packages/airflow/example_dags/example_short_circuit_operator.py for tasks to queue
[2023-10-10T15:48:21.093+0000] {logging_mixin.py:151} INFO - [2023-10-10T15:48:21.093+0000] {dagbag.py:539} INFO - Filling up the DagBag from /home/airflow/.local/lib/python3.8/site-packages/airflow/example_dags/example_short_circuit_operator.py
[2023-10-10T15:48:21.100+0000] {processor.py:839} INFO - DAG(s) dict_keys(['example_short_circuit_operator']) retrieved from /home/airflow/.local/lib/python3.8/site-packages/airflow/example_dags/example_short_circuit_operator.py
[2023-10-10T15:48:21.121+0000] {logging_mixin.py:151} INFO - [2023-10-10T15:48:21.120+0000] {dag.py:2915} INFO - Sync 1 DAGs
[2023-10-10T15:48:21.140+0000] {logging_mixin.py:151} INFO - [2023-10-10T15:48:21.140+0000] {dag.py:3696} INFO - Setting next_dagrun for example_short_circuit_operator to 2023-10-09T15:48:21.140313+00:00, run_after=2023-10-10T15:48:21.140313+00:00
[2023-10-10T15:48:21.155+0000] {processor.py:179} INFO - Processing /home/airflow/.local/lib/python3.8/site-packages/airflow/example_dags/example_short_circuit_operator.py took 0.068 seconds
[2023-10-10T15:48:51.549+0000] {processor.py:157} INFO - Started process (PID=2775) to work on /home/airflow/.local/lib/python3.8/site-packages/airflow/example_dags/example_short_circuit_operator.py
[2023-10-10T15:48:51.550+0000] {processor.py:829} INFO - Processing file /home/airflow/.local/lib/python3.8/site-packages/airflow/example_dags/example_short_circuit_operator.py for tasks to queue
[2023-10-10T15:48:51.552+0000] {logging_mixin.py:151} INFO - [2023-10-10T15:48:51.551+0000] {dagbag.py:539} INFO - Filling up the DagBag from /home/airflow/.local/lib/python3.8/site-packages/airflow/example_dags/example_short_circuit_operator.py
[2023-10-10T15:48:51.557+0000] {processor.py:839} INFO - DAG(s) dict_keys(['example_short_circuit_operator']) retrieved from /home/airflow/.local/lib/python3.8/site-packages/airflow/example_dags/example_short_circuit_operator.py
[2023-10-10T15:48:51.576+0000] {logging_mixin.py:151} INFO - [2023-10-10T15:48:51.576+0000] {dag.py:2915} INFO - Sync 1 DAGs
[2023-10-10T15:48:51.594+0000] {logging_mixin.py:151} INFO - [2023-10-10T15:48:51.594+0000] {dag.py:3696} INFO - Setting next_dagrun for example_short_circuit_operator to 2023-10-09T15:48:51.593833+00:00, run_after=2023-10-10T15:48:51.593833+00:00
[2023-10-10T15:48:51.610+0000] {processor.py:179} INFO - Processing /home/airflow/.local/lib/python3.8/site-packages/airflow/example_dags/example_short_circuit_operator.py took 0.063 seconds
[2023-10-10T15:49:22.248+0000] {processor.py:157} INFO - Started process (PID=2829) to work on /home/airflow/.local/lib/python3.8/site-packages/airflow/example_dags/example_short_circuit_operator.py
[2023-10-10T15:49:22.249+0000] {processor.py:829} INFO - Processing file /home/airflow/.local/lib/python3.8/site-packages/airflow/example_dags/example_short_circuit_operator.py for tasks to queue
[2023-10-10T15:49:22.251+0000] {logging_mixin.py:151} INFO - [2023-10-10T15:49:22.251+0000] {dagbag.py:539} INFO - Filling up the DagBag from /home/airflow/.local/lib/python3.8/site-packages/airflow/example_dags/example_short_circuit_operator.py
[2023-10-10T15:49:22.258+0000] {processor.py:839} INFO - DAG(s) dict_keys(['example_short_circuit_operator']) retrieved from /home/airflow/.local/lib/python3.8/site-packages/airflow/example_dags/example_short_circuit_operator.py
[2023-10-10T15:49:22.280+0000] {logging_mixin.py:151} INFO - [2023-10-10T15:49:22.279+0000] {dag.py:2915} INFO - Sync 1 DAGs
[2023-10-10T15:49:22.301+0000] {logging_mixin.py:151} INFO - [2023-10-10T15:49:22.301+0000] {dag.py:3696} INFO - Setting next_dagrun for example_short_circuit_operator to 2023-10-09T15:49:22.301284+00:00, run_after=2023-10-10T15:49:22.301284+00:00
[2023-10-10T15:49:22.319+0000] {processor.py:179} INFO - Processing /home/airflow/.local/lib/python3.8/site-packages/airflow/example_dags/example_short_circuit_operator.py took 0.074 seconds
[2023-10-10T15:49:53.104+0000] {processor.py:157} INFO - Started process (PID=2883) to work on /home/airflow/.local/lib/python3.8/site-packages/airflow/example_dags/example_short_circuit_operator.py
[2023-10-10T15:49:53.105+0000] {processor.py:829} INFO - Processing file /home/airflow/.local/lib/python3.8/site-packages/airflow/example_dags/example_short_circuit_operator.py for tasks to queue
[2023-10-10T15:49:53.107+0000] {logging_mixin.py:151} INFO - [2023-10-10T15:49:53.107+0000] {dagbag.py:539} INFO - Filling up the DagBag from /home/airflow/.local/lib/python3.8/site-packages/airflow/example_dags/example_short_circuit_operator.py
[2023-10-10T15:49:53.114+0000] {processor.py:839} INFO - DAG(s) dict_keys(['example_short_circuit_operator']) retrieved from /home/airflow/.local/lib/python3.8/site-packages/airflow/example_dags/example_short_circuit_operator.py
[2023-10-10T15:49:53.137+0000] {logging_mixin.py:151} INFO - [2023-10-10T15:49:53.137+0000] {dag.py:2915} INFO - Sync 1 DAGs
[2023-10-10T15:49:53.162+0000] {logging_mixin.py:151} INFO - [2023-10-10T15:49:53.162+0000] {dag.py:3696} INFO - Setting next_dagrun for example_short_circuit_operator to 2023-10-09T15:49:53.161936+00:00, run_after=2023-10-10T15:49:53.161936+00:00
[2023-10-10T15:49:53.193+0000] {processor.py:179} INFO - Processing /home/airflow/.local/lib/python3.8/site-packages/airflow/example_dags/example_short_circuit_operator.py took 0.092 seconds
[2023-10-10T15:50:23.919+0000] {processor.py:157} INFO - Started process (PID=2937) to work on /home/airflow/.local/lib/python3.8/site-packages/airflow/example_dags/example_short_circuit_operator.py
[2023-10-10T15:50:23.920+0000] {processor.py:829} INFO - Processing file /home/airflow/.local/lib/python3.8/site-packages/airflow/example_dags/example_short_circuit_operator.py for tasks to queue
[2023-10-10T15:50:23.921+0000] {logging_mixin.py:151} INFO - [2023-10-10T15:50:23.921+0000] {dagbag.py:539} INFO - Filling up the DagBag from /home/airflow/.local/lib/python3.8/site-packages/airflow/example_dags/example_short_circuit_operator.py
[2023-10-10T15:50:23.929+0000] {processor.py:839} INFO - DAG(s) dict_keys(['example_short_circuit_operator']) retrieved from /home/airflow/.local/lib/python3.8/site-packages/airflow/example_dags/example_short_circuit_operator.py
[2023-10-10T15:50:23.950+0000] {logging_mixin.py:151} INFO - [2023-10-10T15:50:23.950+0000] {dag.py:2915} INFO - Sync 1 DAGs
[2023-10-10T15:50:23.973+0000] {logging_mixin.py:151} INFO - [2023-10-10T15:50:23.973+0000] {dag.py:3696} INFO - Setting next_dagrun for example_short_circuit_operator to 2023-10-09T15:50:23.973230+00:00, run_after=2023-10-10T15:50:23.973230+00:00
[2023-10-10T15:50:23.991+0000] {processor.py:179} INFO - Processing /home/airflow/.local/lib/python3.8/site-packages/airflow/example_dags/example_short_circuit_operator.py took 0.075 seconds
[2023-10-10T15:50:54.497+0000] {processor.py:157} INFO - Started process (PID=2991) to work on /home/airflow/.local/lib/python3.8/site-packages/airflow/example_dags/example_short_circuit_operator.py
[2023-10-10T15:50:54.498+0000] {processor.py:829} INFO - Processing file /home/airflow/.local/lib/python3.8/site-packages/airflow/example_dags/example_short_circuit_operator.py for tasks to queue
[2023-10-10T15:50:54.500+0000] {logging_mixin.py:151} INFO - [2023-10-10T15:50:54.500+0000] {dagbag.py:539} INFO - Filling up the DagBag from /home/airflow/.local/lib/python3.8/site-packages/airflow/example_dags/example_short_circuit_operator.py
[2023-10-10T15:50:54.508+0000] {processor.py:839} INFO - DAG(s) dict_keys(['example_short_circuit_operator']) retrieved from /home/airflow/.local/lib/python3.8/site-packages/airflow/example_dags/example_short_circuit_operator.py
[2023-10-10T15:50:54.532+0000] {logging_mixin.py:151} INFO - [2023-10-10T15:50:54.531+0000] {dag.py:2915} INFO - Sync 1 DAGs
[2023-10-10T15:50:54.555+0000] {logging_mixin.py:151} INFO - [2023-10-10T15:50:54.555+0000] {dag.py:3696} INFO - Setting next_dagrun for example_short_circuit_operator to 2023-10-09T15:50:54.555606+00:00, run_after=2023-10-10T15:50:54.555606+00:00
[2023-10-10T15:50:54.587+0000] {processor.py:179} INFO - Processing /home/airflow/.local/lib/python3.8/site-packages/airflow/example_dags/example_short_circuit_operator.py took 0.093 seconds
[2023-10-10T15:51:25.629+0000] {processor.py:157} INFO - Started process (PID=3045) to work on /home/airflow/.local/lib/python3.8/site-packages/airflow/example_dags/example_short_circuit_operator.py
[2023-10-10T15:51:25.630+0000] {processor.py:829} INFO - Processing file /home/airflow/.local/lib/python3.8/site-packages/airflow/example_dags/example_short_circuit_operator.py for tasks to queue
[2023-10-10T15:51:25.631+0000] {logging_mixin.py:151} INFO - [2023-10-10T15:51:25.631+0000] {dagbag.py:539} INFO - Filling up the DagBag from /home/airflow/.local/lib/python3.8/site-packages/airflow/example_dags/example_short_circuit_operator.py
[2023-10-10T15:51:25.637+0000] {processor.py:839} INFO - DAG(s) dict_keys(['example_short_circuit_operator']) retrieved from /home/airflow/.local/lib/python3.8/site-packages/airflow/example_dags/example_short_circuit_operator.py
[2023-10-10T15:51:25.658+0000] {logging_mixin.py:151} INFO - [2023-10-10T15:51:25.657+0000] {dag.py:2915} INFO - Sync 1 DAGs
[2023-10-10T15:51:25.675+0000] {logging_mixin.py:151} INFO - [2023-10-10T15:51:25.675+0000] {dag.py:3696} INFO - Setting next_dagrun for example_short_circuit_operator to 2023-10-09T15:51:25.674981+00:00, run_after=2023-10-10T15:51:25.674981+00:00
[2023-10-10T15:51:25.690+0000] {processor.py:179} INFO - Processing /home/airflow/.local/lib/python3.8/site-packages/airflow/example_dags/example_short_circuit_operator.py took 0.064 seconds
[2023-10-10T15:51:56.926+0000] {processor.py:157} INFO - Started process (PID=3099) to work on /home/airflow/.local/lib/python3.8/site-packages/airflow/example_dags/example_short_circuit_operator.py
[2023-10-10T15:51:56.927+0000] {processor.py:829} INFO - Processing file /home/airflow/.local/lib/python3.8/site-packages/airflow/example_dags/example_short_circuit_operator.py for tasks to queue
[2023-10-10T15:51:56.928+0000] {logging_mixin.py:151} INFO - [2023-10-10T15:51:56.928+0000] {dagbag.py:539} INFO - Filling up the DagBag from /home/airflow/.local/lib/python3.8/site-packages/airflow/example_dags/example_short_circuit_operator.py
[2023-10-10T15:51:56.935+0000] {processor.py:839} INFO - DAG(s) dict_keys(['example_short_circuit_operator']) retrieved from /home/airflow/.local/lib/python3.8/site-packages/airflow/example_dags/example_short_circuit_operator.py
[2023-10-10T15:51:56.960+0000] {logging_mixin.py:151} INFO - [2023-10-10T15:51:56.960+0000] {dag.py:2915} INFO - Sync 1 DAGs
[2023-10-10T15:51:56.992+0000] {logging_mixin.py:151} INFO - [2023-10-10T15:51:56.992+0000] {dag.py:3696} INFO - Setting next_dagrun for example_short_circuit_operator to 2023-10-09T15:51:56.992253+00:00, run_after=2023-10-10T15:51:56.992253+00:00
[2023-10-10T15:51:57.016+0000] {processor.py:179} INFO - Processing /home/airflow/.local/lib/python3.8/site-packages/airflow/example_dags/example_short_circuit_operator.py took 0.092 seconds
[2023-10-10T15:52:27.408+0000] {processor.py:157} INFO - Started process (PID=3160) to work on /home/airflow/.local/lib/python3.8/site-packages/airflow/example_dags/example_short_circuit_operator.py
[2023-10-10T15:52:27.409+0000] {processor.py:829} INFO - Processing file /home/airflow/.local/lib/python3.8/site-packages/airflow/example_dags/example_short_circuit_operator.py for tasks to queue
[2023-10-10T15:52:27.411+0000] {logging_mixin.py:151} INFO - [2023-10-10T15:52:27.411+0000] {dagbag.py:539} INFO - Filling up the DagBag from /home/airflow/.local/lib/python3.8/site-packages/airflow/example_dags/example_short_circuit_operator.py
[2023-10-10T15:52:27.418+0000] {processor.py:839} INFO - DAG(s) dict_keys(['example_short_circuit_operator']) retrieved from /home/airflow/.local/lib/python3.8/site-packages/airflow/example_dags/example_short_circuit_operator.py
[2023-10-10T15:52:27.442+0000] {logging_mixin.py:151} INFO - [2023-10-10T15:52:27.442+0000] {dag.py:2915} INFO - Sync 1 DAGs
[2023-10-10T15:52:27.492+0000] {logging_mixin.py:151} INFO - [2023-10-10T15:52:27.492+0000] {dag.py:3696} INFO - Setting next_dagrun for example_short_circuit_operator to 2023-10-09T15:52:27.492506+00:00, run_after=2023-10-10T15:52:27.492506+00:00
[2023-10-10T15:52:27.508+0000] {processor.py:179} INFO - Processing /home/airflow/.local/lib/python3.8/site-packages/airflow/example_dags/example_short_circuit_operator.py took 0.103 seconds
[2023-10-10T15:52:58.763+0000] {processor.py:157} INFO - Started process (PID=3214) to work on /home/airflow/.local/lib/python3.8/site-packages/airflow/example_dags/example_short_circuit_operator.py
[2023-10-10T15:52:58.764+0000] {processor.py:829} INFO - Processing file /home/airflow/.local/lib/python3.8/site-packages/airflow/example_dags/example_short_circuit_operator.py for tasks to queue
[2023-10-10T15:52:58.766+0000] {logging_mixin.py:151} INFO - [2023-10-10T15:52:58.766+0000] {dagbag.py:539} INFO - Filling up the DagBag from /home/airflow/.local/lib/python3.8/site-packages/airflow/example_dags/example_short_circuit_operator.py
[2023-10-10T15:52:58.773+0000] {processor.py:839} INFO - DAG(s) dict_keys(['example_short_circuit_operator']) retrieved from /home/airflow/.local/lib/python3.8/site-packages/airflow/example_dags/example_short_circuit_operator.py
[2023-10-10T15:52:58.803+0000] {logging_mixin.py:151} INFO - [2023-10-10T15:52:58.803+0000] {dag.py:2915} INFO - Sync 1 DAGs
[2023-10-10T15:52:58.830+0000] {logging_mixin.py:151} INFO - [2023-10-10T15:52:58.830+0000] {dag.py:3696} INFO - Setting next_dagrun for example_short_circuit_operator to 2023-10-09T15:52:58.829766+00:00, run_after=2023-10-10T15:52:58.829766+00:00
[2023-10-10T15:52:58.851+0000] {processor.py:179} INFO - Processing /home/airflow/.local/lib/python3.8/site-packages/airflow/example_dags/example_short_circuit_operator.py took 0.091 seconds
[2023-10-10T15:53:30.036+0000] {processor.py:157} INFO - Started process (PID=3268) to work on /home/airflow/.local/lib/python3.8/site-packages/airflow/example_dags/example_short_circuit_operator.py
[2023-10-10T15:53:30.037+0000] {processor.py:829} INFO - Processing file /home/airflow/.local/lib/python3.8/site-packages/airflow/example_dags/example_short_circuit_operator.py for tasks to queue
[2023-10-10T15:53:30.076+0000] {logging_mixin.py:151} INFO - [2023-10-10T15:53:30.075+0000] {dagbag.py:539} INFO - Filling up the DagBag from /home/airflow/.local/lib/python3.8/site-packages/airflow/example_dags/example_short_circuit_operator.py
[2023-10-10T15:53:30.083+0000] {processor.py:839} INFO - DAG(s) dict_keys(['example_short_circuit_operator']) retrieved from /home/airflow/.local/lib/python3.8/site-packages/airflow/example_dags/example_short_circuit_operator.py
[2023-10-10T15:53:30.108+0000] {logging_mixin.py:151} INFO - [2023-10-10T15:53:30.108+0000] {dag.py:2915} INFO - Sync 1 DAGs
[2023-10-10T15:53:30.129+0000] {logging_mixin.py:151} INFO - [2023-10-10T15:53:30.129+0000] {dag.py:3696} INFO - Setting next_dagrun for example_short_circuit_operator to 2023-10-09T15:53:30.128922+00:00, run_after=2023-10-10T15:53:30.128922+00:00
[2023-10-10T15:53:30.144+0000] {processor.py:179} INFO - Processing /home/airflow/.local/lib/python3.8/site-packages/airflow/example_dags/example_short_circuit_operator.py took 0.111 seconds
[2023-10-10T15:54:00.985+0000] {processor.py:157} INFO - Started process (PID=3323) to work on /home/airflow/.local/lib/python3.8/site-packages/airflow/example_dags/example_short_circuit_operator.py
[2023-10-10T15:54:00.986+0000] {processor.py:829} INFO - Processing file /home/airflow/.local/lib/python3.8/site-packages/airflow/example_dags/example_short_circuit_operator.py for tasks to queue
[2023-10-10T15:54:00.988+0000] {logging_mixin.py:151} INFO - [2023-10-10T15:54:00.988+0000] {dagbag.py:539} INFO - Filling up the DagBag from /home/airflow/.local/lib/python3.8/site-packages/airflow/example_dags/example_short_circuit_operator.py
[2023-10-10T15:54:00.997+0000] {processor.py:839} INFO - DAG(s) dict_keys(['example_short_circuit_operator']) retrieved from /home/airflow/.local/lib/python3.8/site-packages/airflow/example_dags/example_short_circuit_operator.py
[2023-10-10T15:54:01.030+0000] {logging_mixin.py:151} INFO - [2023-10-10T15:54:01.029+0000] {dag.py:2915} INFO - Sync 1 DAGs
[2023-10-10T15:54:01.058+0000] {logging_mixin.py:151} INFO - [2023-10-10T15:54:01.058+0000] {dag.py:3696} INFO - Setting next_dagrun for example_short_circuit_operator to 2023-10-09T15:54:01.057697+00:00, run_after=2023-10-10T15:54:01.057697+00:00
[2023-10-10T15:54:01.094+0000] {processor.py:179} INFO - Processing /home/airflow/.local/lib/python3.8/site-packages/airflow/example_dags/example_short_circuit_operator.py took 0.113 seconds
[2023-10-10T15:54:31.700+0000] {processor.py:157} INFO - Started process (PID=3380) to work on /home/airflow/.local/lib/python3.8/site-packages/airflow/example_dags/example_short_circuit_operator.py
[2023-10-10T15:54:31.701+0000] {processor.py:829} INFO - Processing file /home/airflow/.local/lib/python3.8/site-packages/airflow/example_dags/example_short_circuit_operator.py for tasks to queue
[2023-10-10T15:54:31.703+0000] {logging_mixin.py:151} INFO - [2023-10-10T15:54:31.703+0000] {dagbag.py:539} INFO - Filling up the DagBag from /home/airflow/.local/lib/python3.8/site-packages/airflow/example_dags/example_short_circuit_operator.py
[2023-10-10T15:54:31.713+0000] {processor.py:839} INFO - DAG(s) dict_keys(['example_short_circuit_operator']) retrieved from /home/airflow/.local/lib/python3.8/site-packages/airflow/example_dags/example_short_circuit_operator.py
[2023-10-10T15:54:31.742+0000] {logging_mixin.py:151} INFO - [2023-10-10T15:54:31.741+0000] {dag.py:2915} INFO - Sync 1 DAGs
[2023-10-10T15:54:31.769+0000] {logging_mixin.py:151} INFO - [2023-10-10T15:54:31.769+0000] {dag.py:3696} INFO - Setting next_dagrun for example_short_circuit_operator to 2023-10-09T15:54:31.768911+00:00, run_after=2023-10-10T15:54:31.768911+00:00
[2023-10-10T15:54:31.792+0000] {processor.py:179} INFO - Processing /home/airflow/.local/lib/python3.8/site-packages/airflow/example_dags/example_short_circuit_operator.py took 0.096 seconds
[2023-10-10T15:55:02.901+0000] {processor.py:157} INFO - Started process (PID=3439) to work on /home/airflow/.local/lib/python3.8/site-packages/airflow/example_dags/example_short_circuit_operator.py
[2023-10-10T15:55:02.902+0000] {processor.py:829} INFO - Processing file /home/airflow/.local/lib/python3.8/site-packages/airflow/example_dags/example_short_circuit_operator.py for tasks to queue
[2023-10-10T15:55:02.903+0000] {logging_mixin.py:151} INFO - [2023-10-10T15:55:02.903+0000] {dagbag.py:539} INFO - Filling up the DagBag from /home/airflow/.local/lib/python3.8/site-packages/airflow/example_dags/example_short_circuit_operator.py
[2023-10-10T15:55:02.910+0000] {processor.py:839} INFO - DAG(s) dict_keys(['example_short_circuit_operator']) retrieved from /home/airflow/.local/lib/python3.8/site-packages/airflow/example_dags/example_short_circuit_operator.py
[2023-10-10T15:55:02.933+0000] {logging_mixin.py:151} INFO - [2023-10-10T15:55:02.932+0000] {dag.py:2915} INFO - Sync 1 DAGs
[2023-10-10T15:55:02.953+0000] {logging_mixin.py:151} INFO - [2023-10-10T15:55:02.953+0000] {dag.py:3696} INFO - Setting next_dagrun for example_short_circuit_operator to 2023-10-09T15:55:02.953445+00:00, run_after=2023-10-10T15:55:02.953445+00:00
[2023-10-10T15:55:02.968+0000] {processor.py:179} INFO - Processing /home/airflow/.local/lib/python3.8/site-packages/airflow/example_dags/example_short_circuit_operator.py took 0.070 seconds
[2023-10-10T15:55:34.234+0000] {processor.py:157} INFO - Started process (PID=3494) to work on /home/airflow/.local/lib/python3.8/site-packages/airflow/example_dags/example_short_circuit_operator.py
[2023-10-10T15:55:34.234+0000] {processor.py:829} INFO - Processing file /home/airflow/.local/lib/python3.8/site-packages/airflow/example_dags/example_short_circuit_operator.py for tasks to queue
[2023-10-10T15:55:34.236+0000] {logging_mixin.py:151} INFO - [2023-10-10T15:55:34.236+0000] {dagbag.py:539} INFO - Filling up the DagBag from /home/airflow/.local/lib/python3.8/site-packages/airflow/example_dags/example_short_circuit_operator.py
[2023-10-10T15:55:34.241+0000] {processor.py:839} INFO - DAG(s) dict_keys(['example_short_circuit_operator']) retrieved from /home/airflow/.local/lib/python3.8/site-packages/airflow/example_dags/example_short_circuit_operator.py
[2023-10-10T15:55:34.261+0000] {logging_mixin.py:151} INFO - [2023-10-10T15:55:34.261+0000] {dag.py:2915} INFO - Sync 1 DAGs
[2023-10-10T15:55:34.284+0000] {logging_mixin.py:151} INFO - [2023-10-10T15:55:34.284+0000] {dag.py:3696} INFO - Setting next_dagrun for example_short_circuit_operator to 2023-10-09T15:55:34.284532+00:00, run_after=2023-10-10T15:55:34.284532+00:00
[2023-10-10T15:55:34.299+0000] {processor.py:179} INFO - Processing /home/airflow/.local/lib/python3.8/site-packages/airflow/example_dags/example_short_circuit_operator.py took 0.068 seconds
[2023-10-10T15:56:06.026+0000] {processor.py:157} INFO - Started process (PID=3552) to work on /home/airflow/.local/lib/python3.8/site-packages/airflow/example_dags/example_short_circuit_operator.py
[2023-10-10T15:56:06.026+0000] {processor.py:829} INFO - Processing file /home/airflow/.local/lib/python3.8/site-packages/airflow/example_dags/example_short_circuit_operator.py for tasks to queue
[2023-10-10T15:56:06.028+0000] {logging_mixin.py:151} INFO - [2023-10-10T15:56:06.028+0000] {dagbag.py:539} INFO - Filling up the DagBag from /home/airflow/.local/lib/python3.8/site-packages/airflow/example_dags/example_short_circuit_operator.py
[2023-10-10T15:56:06.034+0000] {processor.py:839} INFO - DAG(s) dict_keys(['example_short_circuit_operator']) retrieved from /home/airflow/.local/lib/python3.8/site-packages/airflow/example_dags/example_short_circuit_operator.py
[2023-10-10T15:56:06.054+0000] {logging_mixin.py:151} INFO - [2023-10-10T15:56:06.054+0000] {dag.py:2915} INFO - Sync 1 DAGs
[2023-10-10T15:56:06.081+0000] {logging_mixin.py:151} INFO - [2023-10-10T15:56:06.080+0000] {dag.py:3696} INFO - Setting next_dagrun for example_short_circuit_operator to 2023-10-09T15:56:06.080675+00:00, run_after=2023-10-10T15:56:06.080675+00:00
[2023-10-10T15:56:06.094+0000] {processor.py:179} INFO - Processing /home/airflow/.local/lib/python3.8/site-packages/airflow/example_dags/example_short_circuit_operator.py took 0.071 seconds
[2023-10-10T15:56:37.071+0000] {processor.py:157} INFO - Started process (PID=3606) to work on /home/airflow/.local/lib/python3.8/site-packages/airflow/example_dags/example_short_circuit_operator.py
[2023-10-10T15:56:37.071+0000] {processor.py:829} INFO - Processing file /home/airflow/.local/lib/python3.8/site-packages/airflow/example_dags/example_short_circuit_operator.py for tasks to queue
[2023-10-10T15:56:37.073+0000] {logging_mixin.py:151} INFO - [2023-10-10T15:56:37.073+0000] {dagbag.py:539} INFO - Filling up the DagBag from /home/airflow/.local/lib/python3.8/site-packages/airflow/example_dags/example_short_circuit_operator.py
[2023-10-10T15:56:37.081+0000] {processor.py:839} INFO - DAG(s) dict_keys(['example_short_circuit_operator']) retrieved from /home/airflow/.local/lib/python3.8/site-packages/airflow/example_dags/example_short_circuit_operator.py
[2023-10-10T15:56:37.103+0000] {logging_mixin.py:151} INFO - [2023-10-10T15:56:37.103+0000] {dag.py:2915} INFO - Sync 1 DAGs
[2023-10-10T15:56:37.122+0000] {logging_mixin.py:151} INFO - [2023-10-10T15:56:37.122+0000] {dag.py:3696} INFO - Setting next_dagrun for example_short_circuit_operator to 2023-10-09T15:56:37.122389+00:00, run_after=2023-10-10T15:56:37.122389+00:00
[2023-10-10T15:56:37.137+0000] {processor.py:179} INFO - Processing /home/airflow/.local/lib/python3.8/site-packages/airflow/example_dags/example_short_circuit_operator.py took 0.069 seconds
[2023-10-10T15:57:08.037+0000] {processor.py:157} INFO - Started process (PID=3660) to work on /home/airflow/.local/lib/python3.8/site-packages/airflow/example_dags/example_short_circuit_operator.py
[2023-10-10T15:57:08.037+0000] {processor.py:829} INFO - Processing file /home/airflow/.local/lib/python3.8/site-packages/airflow/example_dags/example_short_circuit_operator.py for tasks to queue
[2023-10-10T15:57:08.040+0000] {logging_mixin.py:151} INFO - [2023-10-10T15:57:08.039+0000] {dagbag.py:539} INFO - Filling up the DagBag from /home/airflow/.local/lib/python3.8/site-packages/airflow/example_dags/example_short_circuit_operator.py
[2023-10-10T15:57:08.047+0000] {processor.py:839} INFO - DAG(s) dict_keys(['example_short_circuit_operator']) retrieved from /home/airflow/.local/lib/python3.8/site-packages/airflow/example_dags/example_short_circuit_operator.py
[2023-10-10T15:57:08.107+0000] {logging_mixin.py:151} INFO - [2023-10-10T15:57:08.107+0000] {dag.py:2915} INFO - Sync 1 DAGs
[2023-10-10T15:57:08.134+0000] {logging_mixin.py:151} INFO - [2023-10-10T15:57:08.133+0000] {dag.py:3696} INFO - Setting next_dagrun for example_short_circuit_operator to 2023-10-09T15:57:08.133567+00:00, run_after=2023-10-10T15:57:08.133567+00:00
[2023-10-10T15:57:08.151+0000] {processor.py:179} INFO - Processing /home/airflow/.local/lib/python3.8/site-packages/airflow/example_dags/example_short_circuit_operator.py took 0.117 seconds
[2023-10-10T16:51:14.776+0000] {processor.py:157} INFO - Started process (PID=174) to work on /home/airflow/.local/lib/python3.8/site-packages/airflow/example_dags/example_short_circuit_operator.py
[2023-10-10T16:51:14.777+0000] {processor.py:829} INFO - Processing file /home/airflow/.local/lib/python3.8/site-packages/airflow/example_dags/example_short_circuit_operator.py for tasks to queue
[2023-10-10T16:51:14.779+0000] {logging_mixin.py:151} INFO - [2023-10-10T16:51:14.779+0000] {dagbag.py:539} INFO - Filling up the DagBag from /home/airflow/.local/lib/python3.8/site-packages/airflow/example_dags/example_short_circuit_operator.py
[2023-10-10T16:51:14.791+0000] {processor.py:839} INFO - DAG(s) dict_keys(['example_short_circuit_operator']) retrieved from /home/airflow/.local/lib/python3.8/site-packages/airflow/example_dags/example_short_circuit_operator.py
[2023-10-10T16:51:14.812+0000] {logging_mixin.py:151} INFO - [2023-10-10T16:51:14.812+0000] {dag.py:2915} INFO - Sync 1 DAGs
[2023-10-10T16:51:14.833+0000] {logging_mixin.py:151} INFO - [2023-10-10T16:51:14.833+0000] {dag.py:3696} INFO - Setting next_dagrun for example_short_circuit_operator to 2023-10-09T16:51:14.833332+00:00, run_after=2023-10-10T16:51:14.833332+00:00
[2023-10-10T16:51:14.849+0000] {processor.py:179} INFO - Processing /home/airflow/.local/lib/python3.8/site-packages/airflow/example_dags/example_short_circuit_operator.py took 0.076 seconds
[2023-10-10T16:51:47.532+0000] {processor.py:157} INFO - Started process (PID=228) to work on /home/airflow/.local/lib/python3.8/site-packages/airflow/example_dags/example_short_circuit_operator.py
[2023-10-10T16:51:47.533+0000] {processor.py:829} INFO - Processing file /home/airflow/.local/lib/python3.8/site-packages/airflow/example_dags/example_short_circuit_operator.py for tasks to queue
[2023-10-10T16:51:47.535+0000] {logging_mixin.py:151} INFO - [2023-10-10T16:51:47.535+0000] {dagbag.py:539} INFO - Filling up the DagBag from /home/airflow/.local/lib/python3.8/site-packages/airflow/example_dags/example_short_circuit_operator.py
[2023-10-10T16:51:47.544+0000] {processor.py:839} INFO - DAG(s) dict_keys(['example_short_circuit_operator']) retrieved from /home/airflow/.local/lib/python3.8/site-packages/airflow/example_dags/example_short_circuit_operator.py
[2023-10-10T16:51:47.627+0000] {logging_mixin.py:151} INFO - [2023-10-10T16:51:47.627+0000] {dag.py:2915} INFO - Sync 1 DAGs
[2023-10-10T16:51:47.657+0000] {logging_mixin.py:151} INFO - [2023-10-10T16:51:47.657+0000] {dag.py:3696} INFO - Setting next_dagrun for example_short_circuit_operator to 2023-10-09T16:51:47.656912+00:00, run_after=2023-10-10T16:51:47.656912+00:00
[2023-10-10T16:51:47.740+0000] {processor.py:179} INFO - Processing /home/airflow/.local/lib/python3.8/site-packages/airflow/example_dags/example_short_circuit_operator.py took 0.212 seconds
[2023-10-10T16:52:18.460+0000] {processor.py:157} INFO - Started process (PID=288) to work on /home/airflow/.local/lib/python3.8/site-packages/airflow/example_dags/example_short_circuit_operator.py
[2023-10-10T16:52:18.461+0000] {processor.py:829} INFO - Processing file /home/airflow/.local/lib/python3.8/site-packages/airflow/example_dags/example_short_circuit_operator.py for tasks to queue
[2023-10-10T16:52:18.463+0000] {logging_mixin.py:151} INFO - [2023-10-10T16:52:18.462+0000] {dagbag.py:539} INFO - Filling up the DagBag from /home/airflow/.local/lib/python3.8/site-packages/airflow/example_dags/example_short_circuit_operator.py
[2023-10-10T16:52:18.469+0000] {processor.py:839} INFO - DAG(s) dict_keys(['example_short_circuit_operator']) retrieved from /home/airflow/.local/lib/python3.8/site-packages/airflow/example_dags/example_short_circuit_operator.py
[2023-10-10T16:52:18.489+0000] {logging_mixin.py:151} INFO - [2023-10-10T16:52:18.489+0000] {dag.py:2915} INFO - Sync 1 DAGs
[2023-10-10T16:52:18.508+0000] {logging_mixin.py:151} INFO - [2023-10-10T16:52:18.508+0000] {dag.py:3696} INFO - Setting next_dagrun for example_short_circuit_operator to 2023-10-09T16:52:18.508507+00:00, run_after=2023-10-10T16:52:18.508507+00:00
[2023-10-10T16:52:18.525+0000] {processor.py:179} INFO - Processing /home/airflow/.local/lib/python3.8/site-packages/airflow/example_dags/example_short_circuit_operator.py took 0.068 seconds
