[2023-10-10T15:24:07.609+0000] {processor.py:157} INFO - Started process (PID=173) to work on /home/airflow/.local/lib/python3.8/site-packages/airflow/example_dags/example_sensor_decorator.py
[2023-10-10T15:24:07.610+0000] {processor.py:829} INFO - Processing file /home/airflow/.local/lib/python3.8/site-packages/airflow/example_dags/example_sensor_decorator.py for tasks to queue
[2023-10-10T15:24:07.612+0000] {logging_mixin.py:151} INFO - [2023-10-10T15:24:07.612+0000] {dagbag.py:539} INFO - Filling up the DagBag from /home/airflow/.local/lib/python3.8/site-packages/airflow/example_dags/example_sensor_decorator.py
[2023-10-10T15:24:07.618+0000] {processor.py:839} INFO - DAG(s) dict_keys(['example_sensor_decorator']) retrieved from /home/airflow/.local/lib/python3.8/site-packages/airflow/example_dags/example_sensor_decorator.py
[2023-10-10T15:24:07.636+0000] {logging_mixin.py:151} INFO - [2023-10-10T15:24:07.635+0000] {dag.py:2915} INFO - Sync 1 DAGs
[2023-10-10T15:24:07.650+0000] {logging_mixin.py:151} INFO - [2023-10-10T15:24:07.650+0000] {dag.py:3696} INFO - Setting next_dagrun for example_sensor_decorator to None, run_after=None
[2023-10-10T15:24:07.668+0000] {processor.py:179} INFO - Processing /home/airflow/.local/lib/python3.8/site-packages/airflow/example_dags/example_sensor_decorator.py took 0.062 seconds
[2023-10-10T15:24:38.650+0000] {processor.py:157} INFO - Started process (PID=227) to work on /home/airflow/.local/lib/python3.8/site-packages/airflow/example_dags/example_sensor_decorator.py
[2023-10-10T15:24:38.651+0000] {processor.py:829} INFO - Processing file /home/airflow/.local/lib/python3.8/site-packages/airflow/example_dags/example_sensor_decorator.py for tasks to queue
[2023-10-10T15:24:38.653+0000] {logging_mixin.py:151} INFO - [2023-10-10T15:24:38.653+0000] {dagbag.py:539} INFO - Filling up the DagBag from /home/airflow/.local/lib/python3.8/site-packages/airflow/example_dags/example_sensor_decorator.py
[2023-10-10T15:24:38.658+0000] {processor.py:839} INFO - DAG(s) dict_keys(['example_sensor_decorator']) retrieved from /home/airflow/.local/lib/python3.8/site-packages/airflow/example_dags/example_sensor_decorator.py
[2023-10-10T15:24:38.694+0000] {logging_mixin.py:151} INFO - [2023-10-10T15:24:38.694+0000] {dag.py:2915} INFO - Sync 1 DAGs
[2023-10-10T15:24:38.708+0000] {logging_mixin.py:151} INFO - [2023-10-10T15:24:38.708+0000] {dag.py:3696} INFO - Setting next_dagrun for example_sensor_decorator to None, run_after=None
[2023-10-10T15:24:38.725+0000] {processor.py:179} INFO - Processing /home/airflow/.local/lib/python3.8/site-packages/airflow/example_dags/example_sensor_decorator.py took 0.077 seconds
[2023-10-10T15:25:10.062+0000] {processor.py:157} INFO - Started process (PID=281) to work on /home/airflow/.local/lib/python3.8/site-packages/airflow/example_dags/example_sensor_decorator.py
[2023-10-10T15:25:10.063+0000] {processor.py:829} INFO - Processing file /home/airflow/.local/lib/python3.8/site-packages/airflow/example_dags/example_sensor_decorator.py for tasks to queue
[2023-10-10T15:25:10.065+0000] {logging_mixin.py:151} INFO - [2023-10-10T15:25:10.065+0000] {dagbag.py:539} INFO - Filling up the DagBag from /home/airflow/.local/lib/python3.8/site-packages/airflow/example_dags/example_sensor_decorator.py
[2023-10-10T15:25:10.072+0000] {processor.py:839} INFO - DAG(s) dict_keys(['example_sensor_decorator']) retrieved from /home/airflow/.local/lib/python3.8/site-packages/airflow/example_dags/example_sensor_decorator.py
[2023-10-10T15:25:10.100+0000] {logging_mixin.py:151} INFO - [2023-10-10T15:25:10.100+0000] {dag.py:2915} INFO - Sync 1 DAGs
[2023-10-10T15:25:10.115+0000] {logging_mixin.py:151} INFO - [2023-10-10T15:25:10.114+0000] {dag.py:3696} INFO - Setting next_dagrun for example_sensor_decorator to None, run_after=None
[2023-10-10T15:25:10.137+0000] {processor.py:179} INFO - Processing /home/airflow/.local/lib/python3.8/site-packages/airflow/example_dags/example_sensor_decorator.py took 0.079 seconds
[2023-10-10T15:25:40.805+0000] {processor.py:157} INFO - Started process (PID=335) to work on /home/airflow/.local/lib/python3.8/site-packages/airflow/example_dags/example_sensor_decorator.py
[2023-10-10T15:25:40.806+0000] {processor.py:829} INFO - Processing file /home/airflow/.local/lib/python3.8/site-packages/airflow/example_dags/example_sensor_decorator.py for tasks to queue
[2023-10-10T15:25:40.808+0000] {logging_mixin.py:151} INFO - [2023-10-10T15:25:40.808+0000] {dagbag.py:539} INFO - Filling up the DagBag from /home/airflow/.local/lib/python3.8/site-packages/airflow/example_dags/example_sensor_decorator.py
[2023-10-10T15:25:40.814+0000] {processor.py:839} INFO - DAG(s) dict_keys(['example_sensor_decorator']) retrieved from /home/airflow/.local/lib/python3.8/site-packages/airflow/example_dags/example_sensor_decorator.py
[2023-10-10T15:25:40.838+0000] {logging_mixin.py:151} INFO - [2023-10-10T15:25:40.838+0000] {dag.py:2915} INFO - Sync 1 DAGs
[2023-10-10T15:25:40.859+0000] {logging_mixin.py:151} INFO - [2023-10-10T15:25:40.858+0000] {dag.py:3696} INFO - Setting next_dagrun for example_sensor_decorator to None, run_after=None
[2023-10-10T15:25:40.890+0000] {processor.py:179} INFO - Processing /home/airflow/.local/lib/python3.8/site-packages/airflow/example_dags/example_sensor_decorator.py took 0.088 seconds
[2023-10-10T15:26:11.519+0000] {processor.py:157} INFO - Started process (PID=389) to work on /home/airflow/.local/lib/python3.8/site-packages/airflow/example_dags/example_sensor_decorator.py
[2023-10-10T15:26:11.520+0000] {processor.py:829} INFO - Processing file /home/airflow/.local/lib/python3.8/site-packages/airflow/example_dags/example_sensor_decorator.py for tasks to queue
[2023-10-10T15:26:11.521+0000] {logging_mixin.py:151} INFO - [2023-10-10T15:26:11.521+0000] {dagbag.py:539} INFO - Filling up the DagBag from /home/airflow/.local/lib/python3.8/site-packages/airflow/example_dags/example_sensor_decorator.py
[2023-10-10T15:26:11.527+0000] {processor.py:839} INFO - DAG(s) dict_keys(['example_sensor_decorator']) retrieved from /home/airflow/.local/lib/python3.8/site-packages/airflow/example_dags/example_sensor_decorator.py
[2023-10-10T15:26:11.546+0000] {logging_mixin.py:151} INFO - [2023-10-10T15:26:11.545+0000] {dag.py:2915} INFO - Sync 1 DAGs
[2023-10-10T15:26:11.556+0000] {logging_mixin.py:151} INFO - [2023-10-10T15:26:11.556+0000] {dag.py:3696} INFO - Setting next_dagrun for example_sensor_decorator to None, run_after=None
[2023-10-10T15:26:11.571+0000] {processor.py:179} INFO - Processing /home/airflow/.local/lib/python3.8/site-packages/airflow/example_dags/example_sensor_decorator.py took 0.055 seconds
[2023-10-10T15:26:42.053+0000] {processor.py:157} INFO - Started process (PID=443) to work on /home/airflow/.local/lib/python3.8/site-packages/airflow/example_dags/example_sensor_decorator.py
[2023-10-10T15:26:42.054+0000] {processor.py:829} INFO - Processing file /home/airflow/.local/lib/python3.8/site-packages/airflow/example_dags/example_sensor_decorator.py for tasks to queue
[2023-10-10T15:26:42.056+0000] {logging_mixin.py:151} INFO - [2023-10-10T15:26:42.055+0000] {dagbag.py:539} INFO - Filling up the DagBag from /home/airflow/.local/lib/python3.8/site-packages/airflow/example_dags/example_sensor_decorator.py
[2023-10-10T15:26:42.060+0000] {processor.py:839} INFO - DAG(s) dict_keys(['example_sensor_decorator']) retrieved from /home/airflow/.local/lib/python3.8/site-packages/airflow/example_dags/example_sensor_decorator.py
[2023-10-10T15:26:42.077+0000] {logging_mixin.py:151} INFO - [2023-10-10T15:26:42.077+0000] {dag.py:2915} INFO - Sync 1 DAGs
[2023-10-10T15:26:42.088+0000] {logging_mixin.py:151} INFO - [2023-10-10T15:26:42.088+0000] {dag.py:3696} INFO - Setting next_dagrun for example_sensor_decorator to None, run_after=None
[2023-10-10T15:26:42.106+0000] {processor.py:179} INFO - Processing /home/airflow/.local/lib/python3.8/site-packages/airflow/example_dags/example_sensor_decorator.py took 0.055 seconds
[2023-10-10T15:27:12.680+0000] {processor.py:157} INFO - Started process (PID=497) to work on /home/airflow/.local/lib/python3.8/site-packages/airflow/example_dags/example_sensor_decorator.py
[2023-10-10T15:27:12.682+0000] {processor.py:829} INFO - Processing file /home/airflow/.local/lib/python3.8/site-packages/airflow/example_dags/example_sensor_decorator.py for tasks to queue
[2023-10-10T15:27:12.684+0000] {logging_mixin.py:151} INFO - [2023-10-10T15:27:12.683+0000] {dagbag.py:539} INFO - Filling up the DagBag from /home/airflow/.local/lib/python3.8/site-packages/airflow/example_dags/example_sensor_decorator.py
[2023-10-10T15:27:12.690+0000] {processor.py:839} INFO - DAG(s) dict_keys(['example_sensor_decorator']) retrieved from /home/airflow/.local/lib/python3.8/site-packages/airflow/example_dags/example_sensor_decorator.py
[2023-10-10T15:27:12.708+0000] {logging_mixin.py:151} INFO - [2023-10-10T15:27:12.708+0000] {dag.py:2915} INFO - Sync 1 DAGs
[2023-10-10T15:27:12.718+0000] {logging_mixin.py:151} INFO - [2023-10-10T15:27:12.718+0000] {dag.py:3696} INFO - Setting next_dagrun for example_sensor_decorator to None, run_after=None
[2023-10-10T15:27:12.731+0000] {processor.py:179} INFO - Processing /home/airflow/.local/lib/python3.8/site-packages/airflow/example_dags/example_sensor_decorator.py took 0.057 seconds
[2023-10-10T15:27:43.399+0000] {processor.py:157} INFO - Started process (PID=551) to work on /home/airflow/.local/lib/python3.8/site-packages/airflow/example_dags/example_sensor_decorator.py
[2023-10-10T15:27:43.400+0000] {processor.py:829} INFO - Processing file /home/airflow/.local/lib/python3.8/site-packages/airflow/example_dags/example_sensor_decorator.py for tasks to queue
[2023-10-10T15:27:43.402+0000] {logging_mixin.py:151} INFO - [2023-10-10T15:27:43.402+0000] {dagbag.py:539} INFO - Filling up the DagBag from /home/airflow/.local/lib/python3.8/site-packages/airflow/example_dags/example_sensor_decorator.py
[2023-10-10T15:27:43.409+0000] {processor.py:839} INFO - DAG(s) dict_keys(['example_sensor_decorator']) retrieved from /home/airflow/.local/lib/python3.8/site-packages/airflow/example_dags/example_sensor_decorator.py
[2023-10-10T15:27:43.438+0000] {logging_mixin.py:151} INFO - [2023-10-10T15:27:43.437+0000] {dag.py:2915} INFO - Sync 1 DAGs
[2023-10-10T15:27:43.459+0000] {logging_mixin.py:151} INFO - [2023-10-10T15:27:43.459+0000] {dag.py:3696} INFO - Setting next_dagrun for example_sensor_decorator to None, run_after=None
[2023-10-10T15:27:43.489+0000] {processor.py:179} INFO - Processing /home/airflow/.local/lib/python3.8/site-packages/airflow/example_dags/example_sensor_decorator.py took 0.092 seconds
[2023-10-10T15:28:14.221+0000] {processor.py:157} INFO - Started process (PID=605) to work on /home/airflow/.local/lib/python3.8/site-packages/airflow/example_dags/example_sensor_decorator.py
[2023-10-10T15:28:14.222+0000] {processor.py:829} INFO - Processing file /home/airflow/.local/lib/python3.8/site-packages/airflow/example_dags/example_sensor_decorator.py for tasks to queue
[2023-10-10T15:28:14.223+0000] {logging_mixin.py:151} INFO - [2023-10-10T15:28:14.223+0000] {dagbag.py:539} INFO - Filling up the DagBag from /home/airflow/.local/lib/python3.8/site-packages/airflow/example_dags/example_sensor_decorator.py
[2023-10-10T15:28:14.228+0000] {processor.py:839} INFO - DAG(s) dict_keys(['example_sensor_decorator']) retrieved from /home/airflow/.local/lib/python3.8/site-packages/airflow/example_dags/example_sensor_decorator.py
[2023-10-10T15:28:14.244+0000] {logging_mixin.py:151} INFO - [2023-10-10T15:28:14.244+0000] {dag.py:2915} INFO - Sync 1 DAGs
[2023-10-10T15:28:14.253+0000] {logging_mixin.py:151} INFO - [2023-10-10T15:28:14.253+0000] {dag.py:3696} INFO - Setting next_dagrun for example_sensor_decorator to None, run_after=None
[2023-10-10T15:28:14.269+0000] {processor.py:179} INFO - Processing /home/airflow/.local/lib/python3.8/site-packages/airflow/example_dags/example_sensor_decorator.py took 0.051 seconds
[2023-10-10T15:28:44.996+0000] {processor.py:157} INFO - Started process (PID=659) to work on /home/airflow/.local/lib/python3.8/site-packages/airflow/example_dags/example_sensor_decorator.py
[2023-10-10T15:28:44.997+0000] {processor.py:829} INFO - Processing file /home/airflow/.local/lib/python3.8/site-packages/airflow/example_dags/example_sensor_decorator.py for tasks to queue
[2023-10-10T15:28:44.999+0000] {logging_mixin.py:151} INFO - [2023-10-10T15:28:44.999+0000] {dagbag.py:539} INFO - Filling up the DagBag from /home/airflow/.local/lib/python3.8/site-packages/airflow/example_dags/example_sensor_decorator.py
[2023-10-10T15:28:45.005+0000] {processor.py:839} INFO - DAG(s) dict_keys(['example_sensor_decorator']) retrieved from /home/airflow/.local/lib/python3.8/site-packages/airflow/example_dags/example_sensor_decorator.py
[2023-10-10T15:28:45.025+0000] {logging_mixin.py:151} INFO - [2023-10-10T15:28:45.025+0000] {dag.py:2915} INFO - Sync 1 DAGs
[2023-10-10T15:28:45.038+0000] {logging_mixin.py:151} INFO - [2023-10-10T15:28:45.038+0000] {dag.py:3696} INFO - Setting next_dagrun for example_sensor_decorator to None, run_after=None
[2023-10-10T15:28:45.056+0000] {processor.py:179} INFO - Processing /home/airflow/.local/lib/python3.8/site-packages/airflow/example_dags/example_sensor_decorator.py took 0.063 seconds
[2023-10-10T15:29:16.706+0000] {processor.py:157} INFO - Started process (PID=713) to work on /home/airflow/.local/lib/python3.8/site-packages/airflow/example_dags/example_sensor_decorator.py
[2023-10-10T15:29:16.707+0000] {processor.py:829} INFO - Processing file /home/airflow/.local/lib/python3.8/site-packages/airflow/example_dags/example_sensor_decorator.py for tasks to queue
[2023-10-10T15:29:16.709+0000] {logging_mixin.py:151} INFO - [2023-10-10T15:29:16.708+0000] {dagbag.py:539} INFO - Filling up the DagBag from /home/airflow/.local/lib/python3.8/site-packages/airflow/example_dags/example_sensor_decorator.py
[2023-10-10T15:29:16.714+0000] {processor.py:839} INFO - DAG(s) dict_keys(['example_sensor_decorator']) retrieved from /home/airflow/.local/lib/python3.8/site-packages/airflow/example_dags/example_sensor_decorator.py
[2023-10-10T15:29:16.778+0000] {logging_mixin.py:151} INFO - [2023-10-10T15:29:16.778+0000] {dag.py:2915} INFO - Sync 1 DAGs
[2023-10-10T15:29:16.791+0000] {logging_mixin.py:151} INFO - [2023-10-10T15:29:16.791+0000] {dag.py:3696} INFO - Setting next_dagrun for example_sensor_decorator to None, run_after=None
[2023-10-10T15:29:16.810+0000] {processor.py:179} INFO - Processing /home/airflow/.local/lib/python3.8/site-packages/airflow/example_dags/example_sensor_decorator.py took 0.107 seconds
[2023-10-10T15:29:46.834+0000] {processor.py:157} INFO - Started process (PID=767) to work on /home/airflow/.local/lib/python3.8/site-packages/airflow/example_dags/example_sensor_decorator.py
[2023-10-10T15:29:46.835+0000] {processor.py:829} INFO - Processing file /home/airflow/.local/lib/python3.8/site-packages/airflow/example_dags/example_sensor_decorator.py for tasks to queue
[2023-10-10T15:29:46.836+0000] {logging_mixin.py:151} INFO - [2023-10-10T15:29:46.836+0000] {dagbag.py:539} INFO - Filling up the DagBag from /home/airflow/.local/lib/python3.8/site-packages/airflow/example_dags/example_sensor_decorator.py
[2023-10-10T15:29:46.841+0000] {processor.py:839} INFO - DAG(s) dict_keys(['example_sensor_decorator']) retrieved from /home/airflow/.local/lib/python3.8/site-packages/airflow/example_dags/example_sensor_decorator.py
[2023-10-10T15:29:46.890+0000] {logging_mixin.py:151} INFO - [2023-10-10T15:29:46.890+0000] {dag.py:2915} INFO - Sync 1 DAGs
[2023-10-10T15:29:46.904+0000] {logging_mixin.py:151} INFO - [2023-10-10T15:29:46.904+0000] {dag.py:3696} INFO - Setting next_dagrun for example_sensor_decorator to None, run_after=None
[2023-10-10T15:29:46.924+0000] {processor.py:179} INFO - Processing /home/airflow/.local/lib/python3.8/site-packages/airflow/example_dags/example_sensor_decorator.py took 0.093 seconds
[2023-10-10T15:30:17.237+0000] {processor.py:157} INFO - Started process (PID=821) to work on /home/airflow/.local/lib/python3.8/site-packages/airflow/example_dags/example_sensor_decorator.py
[2023-10-10T15:30:17.238+0000] {processor.py:829} INFO - Processing file /home/airflow/.local/lib/python3.8/site-packages/airflow/example_dags/example_sensor_decorator.py for tasks to queue
[2023-10-10T15:30:17.240+0000] {logging_mixin.py:151} INFO - [2023-10-10T15:30:17.239+0000] {dagbag.py:539} INFO - Filling up the DagBag from /home/airflow/.local/lib/python3.8/site-packages/airflow/example_dags/example_sensor_decorator.py
[2023-10-10T15:30:17.244+0000] {processor.py:839} INFO - DAG(s) dict_keys(['example_sensor_decorator']) retrieved from /home/airflow/.local/lib/python3.8/site-packages/airflow/example_dags/example_sensor_decorator.py
[2023-10-10T15:30:17.262+0000] {logging_mixin.py:151} INFO - [2023-10-10T15:30:17.262+0000] {dag.py:2915} INFO - Sync 1 DAGs
[2023-10-10T15:30:17.273+0000] {logging_mixin.py:151} INFO - [2023-10-10T15:30:17.272+0000] {dag.py:3696} INFO - Setting next_dagrun for example_sensor_decorator to None, run_after=None
[2023-10-10T15:30:17.290+0000] {processor.py:179} INFO - Processing /home/airflow/.local/lib/python3.8/site-packages/airflow/example_dags/example_sensor_decorator.py took 0.056 seconds
[2023-10-10T15:30:48.350+0000] {processor.py:157} INFO - Started process (PID=875) to work on /home/airflow/.local/lib/python3.8/site-packages/airflow/example_dags/example_sensor_decorator.py
[2023-10-10T15:30:48.351+0000] {processor.py:829} INFO - Processing file /home/airflow/.local/lib/python3.8/site-packages/airflow/example_dags/example_sensor_decorator.py for tasks to queue
[2023-10-10T15:30:48.353+0000] {logging_mixin.py:151} INFO - [2023-10-10T15:30:48.353+0000] {dagbag.py:539} INFO - Filling up the DagBag from /home/airflow/.local/lib/python3.8/site-packages/airflow/example_dags/example_sensor_decorator.py
[2023-10-10T15:30:48.359+0000] {processor.py:839} INFO - DAG(s) dict_keys(['example_sensor_decorator']) retrieved from /home/airflow/.local/lib/python3.8/site-packages/airflow/example_dags/example_sensor_decorator.py
[2023-10-10T15:30:48.375+0000] {logging_mixin.py:151} INFO - [2023-10-10T15:30:48.375+0000] {dag.py:2915} INFO - Sync 1 DAGs
[2023-10-10T15:30:48.386+0000] {logging_mixin.py:151} INFO - [2023-10-10T15:30:48.386+0000] {dag.py:3696} INFO - Setting next_dagrun for example_sensor_decorator to None, run_after=None
[2023-10-10T15:30:48.406+0000] {processor.py:179} INFO - Processing /home/airflow/.local/lib/python3.8/site-packages/airflow/example_dags/example_sensor_decorator.py took 0.059 seconds
[2023-10-10T15:31:19.590+0000] {processor.py:157} INFO - Started process (PID=929) to work on /home/airflow/.local/lib/python3.8/site-packages/airflow/example_dags/example_sensor_decorator.py
[2023-10-10T15:31:19.591+0000] {processor.py:829} INFO - Processing file /home/airflow/.local/lib/python3.8/site-packages/airflow/example_dags/example_sensor_decorator.py for tasks to queue
[2023-10-10T15:31:19.593+0000] {logging_mixin.py:151} INFO - [2023-10-10T15:31:19.592+0000] {dagbag.py:539} INFO - Filling up the DagBag from /home/airflow/.local/lib/python3.8/site-packages/airflow/example_dags/example_sensor_decorator.py
[2023-10-10T15:31:19.598+0000] {processor.py:839} INFO - DAG(s) dict_keys(['example_sensor_decorator']) retrieved from /home/airflow/.local/lib/python3.8/site-packages/airflow/example_dags/example_sensor_decorator.py
[2023-10-10T15:31:19.623+0000] {logging_mixin.py:151} INFO - [2023-10-10T15:31:19.623+0000] {dag.py:2915} INFO - Sync 1 DAGs
[2023-10-10T15:31:19.639+0000] {logging_mixin.py:151} INFO - [2023-10-10T15:31:19.639+0000] {dag.py:3696} INFO - Setting next_dagrun for example_sensor_decorator to None, run_after=None
[2023-10-10T15:31:19.658+0000] {processor.py:179} INFO - Processing /home/airflow/.local/lib/python3.8/site-packages/airflow/example_dags/example_sensor_decorator.py took 0.071 seconds
[2023-10-10T15:31:50.794+0000] {processor.py:157} INFO - Started process (PID=983) to work on /home/airflow/.local/lib/python3.8/site-packages/airflow/example_dags/example_sensor_decorator.py
[2023-10-10T15:31:50.795+0000] {processor.py:829} INFO - Processing file /home/airflow/.local/lib/python3.8/site-packages/airflow/example_dags/example_sensor_decorator.py for tasks to queue
[2023-10-10T15:31:50.796+0000] {logging_mixin.py:151} INFO - [2023-10-10T15:31:50.796+0000] {dagbag.py:539} INFO - Filling up the DagBag from /home/airflow/.local/lib/python3.8/site-packages/airflow/example_dags/example_sensor_decorator.py
[2023-10-10T15:31:50.801+0000] {processor.py:839} INFO - DAG(s) dict_keys(['example_sensor_decorator']) retrieved from /home/airflow/.local/lib/python3.8/site-packages/airflow/example_dags/example_sensor_decorator.py
[2023-10-10T15:31:50.821+0000] {logging_mixin.py:151} INFO - [2023-10-10T15:31:50.820+0000] {dag.py:2915} INFO - Sync 1 DAGs
[2023-10-10T15:31:50.832+0000] {logging_mixin.py:151} INFO - [2023-10-10T15:31:50.832+0000] {dag.py:3696} INFO - Setting next_dagrun for example_sensor_decorator to None, run_after=None
[2023-10-10T15:31:50.856+0000] {processor.py:179} INFO - Processing /home/airflow/.local/lib/python3.8/site-packages/airflow/example_dags/example_sensor_decorator.py took 0.065 seconds
[2023-10-10T15:32:21.700+0000] {processor.py:157} INFO - Started process (PID=1037) to work on /home/airflow/.local/lib/python3.8/site-packages/airflow/example_dags/example_sensor_decorator.py
[2023-10-10T15:32:21.701+0000] {processor.py:829} INFO - Processing file /home/airflow/.local/lib/python3.8/site-packages/airflow/example_dags/example_sensor_decorator.py for tasks to queue
[2023-10-10T15:32:21.704+0000] {logging_mixin.py:151} INFO - [2023-10-10T15:32:21.703+0000] {dagbag.py:539} INFO - Filling up the DagBag from /home/airflow/.local/lib/python3.8/site-packages/airflow/example_dags/example_sensor_decorator.py
[2023-10-10T15:32:21.710+0000] {processor.py:839} INFO - DAG(s) dict_keys(['example_sensor_decorator']) retrieved from /home/airflow/.local/lib/python3.8/site-packages/airflow/example_dags/example_sensor_decorator.py
[2023-10-10T15:32:21.732+0000] {logging_mixin.py:151} INFO - [2023-10-10T15:32:21.731+0000] {dag.py:2915} INFO - Sync 1 DAGs
[2023-10-10T15:32:21.745+0000] {logging_mixin.py:151} INFO - [2023-10-10T15:32:21.744+0000] {dag.py:3696} INFO - Setting next_dagrun for example_sensor_decorator to None, run_after=None
[2023-10-10T15:32:21.763+0000] {processor.py:179} INFO - Processing /home/airflow/.local/lib/python3.8/site-packages/airflow/example_dags/example_sensor_decorator.py took 0.065 seconds
[2023-10-10T15:32:52.446+0000] {processor.py:157} INFO - Started process (PID=1091) to work on /home/airflow/.local/lib/python3.8/site-packages/airflow/example_dags/example_sensor_decorator.py
[2023-10-10T15:32:52.447+0000] {processor.py:829} INFO - Processing file /home/airflow/.local/lib/python3.8/site-packages/airflow/example_dags/example_sensor_decorator.py for tasks to queue
[2023-10-10T15:32:52.449+0000] {logging_mixin.py:151} INFO - [2023-10-10T15:32:52.449+0000] {dagbag.py:539} INFO - Filling up the DagBag from /home/airflow/.local/lib/python3.8/site-packages/airflow/example_dags/example_sensor_decorator.py
[2023-10-10T15:32:52.454+0000] {processor.py:839} INFO - DAG(s) dict_keys(['example_sensor_decorator']) retrieved from /home/airflow/.local/lib/python3.8/site-packages/airflow/example_dags/example_sensor_decorator.py
[2023-10-10T15:32:52.484+0000] {logging_mixin.py:151} INFO - [2023-10-10T15:32:52.484+0000] {dag.py:2915} INFO - Sync 1 DAGs
[2023-10-10T15:32:52.497+0000] {logging_mixin.py:151} INFO - [2023-10-10T15:32:52.497+0000] {dag.py:3696} INFO - Setting next_dagrun for example_sensor_decorator to None, run_after=None
[2023-10-10T15:32:52.515+0000] {processor.py:179} INFO - Processing /home/airflow/.local/lib/python3.8/site-packages/airflow/example_dags/example_sensor_decorator.py took 0.071 seconds
[2023-10-10T15:33:22.981+0000] {processor.py:157} INFO - Started process (PID=1145) to work on /home/airflow/.local/lib/python3.8/site-packages/airflow/example_dags/example_sensor_decorator.py
[2023-10-10T15:33:22.982+0000] {processor.py:829} INFO - Processing file /home/airflow/.local/lib/python3.8/site-packages/airflow/example_dags/example_sensor_decorator.py for tasks to queue
[2023-10-10T15:33:22.984+0000] {logging_mixin.py:151} INFO - [2023-10-10T15:33:22.984+0000] {dagbag.py:539} INFO - Filling up the DagBag from /home/airflow/.local/lib/python3.8/site-packages/airflow/example_dags/example_sensor_decorator.py
[2023-10-10T15:33:22.991+0000] {processor.py:839} INFO - DAG(s) dict_keys(['example_sensor_decorator']) retrieved from /home/airflow/.local/lib/python3.8/site-packages/airflow/example_dags/example_sensor_decorator.py
[2023-10-10T15:33:23.016+0000] {logging_mixin.py:151} INFO - [2023-10-10T15:33:23.015+0000] {dag.py:2915} INFO - Sync 1 DAGs
[2023-10-10T15:33:23.034+0000] {logging_mixin.py:151} INFO - [2023-10-10T15:33:23.034+0000] {dag.py:3696} INFO - Setting next_dagrun for example_sensor_decorator to None, run_after=None
[2023-10-10T15:33:23.056+0000] {processor.py:179} INFO - Processing /home/airflow/.local/lib/python3.8/site-packages/airflow/example_dags/example_sensor_decorator.py took 0.078 seconds
[2023-10-10T15:33:53.422+0000] {processor.py:157} INFO - Started process (PID=1199) to work on /home/airflow/.local/lib/python3.8/site-packages/airflow/example_dags/example_sensor_decorator.py
[2023-10-10T15:33:53.423+0000] {processor.py:829} INFO - Processing file /home/airflow/.local/lib/python3.8/site-packages/airflow/example_dags/example_sensor_decorator.py for tasks to queue
[2023-10-10T15:33:53.425+0000] {logging_mixin.py:151} INFO - [2023-10-10T15:33:53.425+0000] {dagbag.py:539} INFO - Filling up the DagBag from /home/airflow/.local/lib/python3.8/site-packages/airflow/example_dags/example_sensor_decorator.py
[2023-10-10T15:33:53.430+0000] {processor.py:839} INFO - DAG(s) dict_keys(['example_sensor_decorator']) retrieved from /home/airflow/.local/lib/python3.8/site-packages/airflow/example_dags/example_sensor_decorator.py
[2023-10-10T15:33:53.454+0000] {logging_mixin.py:151} INFO - [2023-10-10T15:33:53.454+0000] {dag.py:2915} INFO - Sync 1 DAGs
[2023-10-10T15:33:53.469+0000] {logging_mixin.py:151} INFO - [2023-10-10T15:33:53.468+0000] {dag.py:3696} INFO - Setting next_dagrun for example_sensor_decorator to None, run_after=None
[2023-10-10T15:33:53.489+0000] {processor.py:179} INFO - Processing /home/airflow/.local/lib/python3.8/site-packages/airflow/example_dags/example_sensor_decorator.py took 0.070 seconds
[2023-10-10T15:34:24.327+0000] {processor.py:157} INFO - Started process (PID=1260) to work on /home/airflow/.local/lib/python3.8/site-packages/airflow/example_dags/example_sensor_decorator.py
[2023-10-10T15:34:24.328+0000] {processor.py:829} INFO - Processing file /home/airflow/.local/lib/python3.8/site-packages/airflow/example_dags/example_sensor_decorator.py for tasks to queue
[2023-10-10T15:34:24.330+0000] {logging_mixin.py:151} INFO - [2023-10-10T15:34:24.330+0000] {dagbag.py:539} INFO - Filling up the DagBag from /home/airflow/.local/lib/python3.8/site-packages/airflow/example_dags/example_sensor_decorator.py
[2023-10-10T15:34:24.335+0000] {processor.py:839} INFO - DAG(s) dict_keys(['example_sensor_decorator']) retrieved from /home/airflow/.local/lib/python3.8/site-packages/airflow/example_dags/example_sensor_decorator.py
[2023-10-10T15:34:24.354+0000] {logging_mixin.py:151} INFO - [2023-10-10T15:34:24.354+0000] {dag.py:2915} INFO - Sync 1 DAGs
[2023-10-10T15:34:24.366+0000] {logging_mixin.py:151} INFO - [2023-10-10T15:34:24.366+0000] {dag.py:3696} INFO - Setting next_dagrun for example_sensor_decorator to None, run_after=None
[2023-10-10T15:34:24.382+0000] {processor.py:179} INFO - Processing /home/airflow/.local/lib/python3.8/site-packages/airflow/example_dags/example_sensor_decorator.py took 0.057 seconds
[2023-10-10T15:34:55.081+0000] {processor.py:157} INFO - Started process (PID=1313) to work on /home/airflow/.local/lib/python3.8/site-packages/airflow/example_dags/example_sensor_decorator.py
[2023-10-10T15:34:55.082+0000] {processor.py:829} INFO - Processing file /home/airflow/.local/lib/python3.8/site-packages/airflow/example_dags/example_sensor_decorator.py for tasks to queue
[2023-10-10T15:34:55.085+0000] {logging_mixin.py:151} INFO - [2023-10-10T15:34:55.085+0000] {dagbag.py:539} INFO - Filling up the DagBag from /home/airflow/.local/lib/python3.8/site-packages/airflow/example_dags/example_sensor_decorator.py
[2023-10-10T15:34:55.091+0000] {processor.py:839} INFO - DAG(s) dict_keys(['example_sensor_decorator']) retrieved from /home/airflow/.local/lib/python3.8/site-packages/airflow/example_dags/example_sensor_decorator.py
[2023-10-10T15:34:55.114+0000] {logging_mixin.py:151} INFO - [2023-10-10T15:34:55.114+0000] {dag.py:2915} INFO - Sync 1 DAGs
[2023-10-10T15:34:55.126+0000] {logging_mixin.py:151} INFO - [2023-10-10T15:34:55.126+0000] {dag.py:3696} INFO - Setting next_dagrun for example_sensor_decorator to None, run_after=None
[2023-10-10T15:34:55.144+0000] {processor.py:179} INFO - Processing /home/airflow/.local/lib/python3.8/site-packages/airflow/example_dags/example_sensor_decorator.py took 0.067 seconds
[2023-10-10T15:35:26.344+0000] {processor.py:157} INFO - Started process (PID=1367) to work on /home/airflow/.local/lib/python3.8/site-packages/airflow/example_dags/example_sensor_decorator.py
[2023-10-10T15:35:26.344+0000] {processor.py:829} INFO - Processing file /home/airflow/.local/lib/python3.8/site-packages/airflow/example_dags/example_sensor_decorator.py for tasks to queue
[2023-10-10T15:35:26.346+0000] {logging_mixin.py:151} INFO - [2023-10-10T15:35:26.346+0000] {dagbag.py:539} INFO - Filling up the DagBag from /home/airflow/.local/lib/python3.8/site-packages/airflow/example_dags/example_sensor_decorator.py
[2023-10-10T15:35:26.350+0000] {processor.py:839} INFO - DAG(s) dict_keys(['example_sensor_decorator']) retrieved from /home/airflow/.local/lib/python3.8/site-packages/airflow/example_dags/example_sensor_decorator.py
[2023-10-10T15:35:26.367+0000] {logging_mixin.py:151} INFO - [2023-10-10T15:35:26.367+0000] {dag.py:2915} INFO - Sync 1 DAGs
[2023-10-10T15:35:26.379+0000] {logging_mixin.py:151} INFO - [2023-10-10T15:35:26.379+0000] {dag.py:3696} INFO - Setting next_dagrun for example_sensor_decorator to None, run_after=None
[2023-10-10T15:35:26.397+0000] {processor.py:179} INFO - Processing /home/airflow/.local/lib/python3.8/site-packages/airflow/example_dags/example_sensor_decorator.py took 0.057 seconds
[2023-10-10T15:35:57.577+0000] {processor.py:157} INFO - Started process (PID=1421) to work on /home/airflow/.local/lib/python3.8/site-packages/airflow/example_dags/example_sensor_decorator.py
[2023-10-10T15:35:57.579+0000] {processor.py:829} INFO - Processing file /home/airflow/.local/lib/python3.8/site-packages/airflow/example_dags/example_sensor_decorator.py for tasks to queue
[2023-10-10T15:35:57.581+0000] {logging_mixin.py:151} INFO - [2023-10-10T15:35:57.581+0000] {dagbag.py:539} INFO - Filling up the DagBag from /home/airflow/.local/lib/python3.8/site-packages/airflow/example_dags/example_sensor_decorator.py
[2023-10-10T15:35:57.588+0000] {processor.py:839} INFO - DAG(s) dict_keys(['example_sensor_decorator']) retrieved from /home/airflow/.local/lib/python3.8/site-packages/airflow/example_dags/example_sensor_decorator.py
[2023-10-10T15:35:57.612+0000] {logging_mixin.py:151} INFO - [2023-10-10T15:35:57.612+0000] {dag.py:2915} INFO - Sync 1 DAGs
[2023-10-10T15:35:57.623+0000] {logging_mixin.py:151} INFO - [2023-10-10T15:35:57.623+0000] {dag.py:3696} INFO - Setting next_dagrun for example_sensor_decorator to None, run_after=None
[2023-10-10T15:35:57.638+0000] {processor.py:179} INFO - Processing /home/airflow/.local/lib/python3.8/site-packages/airflow/example_dags/example_sensor_decorator.py took 0.064 seconds
[2023-10-10T15:36:28.221+0000] {processor.py:157} INFO - Started process (PID=1475) to work on /home/airflow/.local/lib/python3.8/site-packages/airflow/example_dags/example_sensor_decorator.py
[2023-10-10T15:36:28.222+0000] {processor.py:829} INFO - Processing file /home/airflow/.local/lib/python3.8/site-packages/airflow/example_dags/example_sensor_decorator.py for tasks to queue
[2023-10-10T15:36:28.224+0000] {logging_mixin.py:151} INFO - [2023-10-10T15:36:28.224+0000] {dagbag.py:539} INFO - Filling up the DagBag from /home/airflow/.local/lib/python3.8/site-packages/airflow/example_dags/example_sensor_decorator.py
[2023-10-10T15:36:28.230+0000] {processor.py:839} INFO - DAG(s) dict_keys(['example_sensor_decorator']) retrieved from /home/airflow/.local/lib/python3.8/site-packages/airflow/example_dags/example_sensor_decorator.py
[2023-10-10T15:36:28.253+0000] {logging_mixin.py:151} INFO - [2023-10-10T15:36:28.252+0000] {dag.py:2915} INFO - Sync 1 DAGs
[2023-10-10T15:36:28.277+0000] {logging_mixin.py:151} INFO - [2023-10-10T15:36:28.277+0000] {dag.py:3696} INFO - Setting next_dagrun for example_sensor_decorator to None, run_after=None
[2023-10-10T15:36:28.315+0000] {processor.py:179} INFO - Processing /home/airflow/.local/lib/python3.8/site-packages/airflow/example_dags/example_sensor_decorator.py took 0.097 seconds
[2023-10-10T15:36:59.399+0000] {processor.py:157} INFO - Started process (PID=1529) to work on /home/airflow/.local/lib/python3.8/site-packages/airflow/example_dags/example_sensor_decorator.py
[2023-10-10T15:36:59.400+0000] {processor.py:829} INFO - Processing file /home/airflow/.local/lib/python3.8/site-packages/airflow/example_dags/example_sensor_decorator.py for tasks to queue
[2023-10-10T15:36:59.402+0000] {logging_mixin.py:151} INFO - [2023-10-10T15:36:59.402+0000] {dagbag.py:539} INFO - Filling up the DagBag from /home/airflow/.local/lib/python3.8/site-packages/airflow/example_dags/example_sensor_decorator.py
[2023-10-10T15:36:59.407+0000] {processor.py:839} INFO - DAG(s) dict_keys(['example_sensor_decorator']) retrieved from /home/airflow/.local/lib/python3.8/site-packages/airflow/example_dags/example_sensor_decorator.py
[2023-10-10T15:36:59.432+0000] {logging_mixin.py:151} INFO - [2023-10-10T15:36:59.432+0000] {dag.py:2915} INFO - Sync 1 DAGs
[2023-10-10T15:36:59.445+0000] {logging_mixin.py:151} INFO - [2023-10-10T15:36:59.445+0000] {dag.py:3696} INFO - Setting next_dagrun for example_sensor_decorator to None, run_after=None
[2023-10-10T15:36:59.463+0000] {processor.py:179} INFO - Processing /home/airflow/.local/lib/python3.8/site-packages/airflow/example_dags/example_sensor_decorator.py took 0.066 seconds
[2023-10-10T15:37:30.577+0000] {processor.py:157} INFO - Started process (PID=1583) to work on /home/airflow/.local/lib/python3.8/site-packages/airflow/example_dags/example_sensor_decorator.py
[2023-10-10T15:37:30.578+0000] {processor.py:829} INFO - Processing file /home/airflow/.local/lib/python3.8/site-packages/airflow/example_dags/example_sensor_decorator.py for tasks to queue
[2023-10-10T15:37:30.580+0000] {logging_mixin.py:151} INFO - [2023-10-10T15:37:30.580+0000] {dagbag.py:539} INFO - Filling up the DagBag from /home/airflow/.local/lib/python3.8/site-packages/airflow/example_dags/example_sensor_decorator.py
[2023-10-10T15:37:30.584+0000] {processor.py:839} INFO - DAG(s) dict_keys(['example_sensor_decorator']) retrieved from /home/airflow/.local/lib/python3.8/site-packages/airflow/example_dags/example_sensor_decorator.py
[2023-10-10T15:37:30.604+0000] {logging_mixin.py:151} INFO - [2023-10-10T15:37:30.603+0000] {dag.py:2915} INFO - Sync 1 DAGs
[2023-10-10T15:37:30.617+0000] {logging_mixin.py:151} INFO - [2023-10-10T15:37:30.617+0000] {dag.py:3696} INFO - Setting next_dagrun for example_sensor_decorator to None, run_after=None
[2023-10-10T15:37:30.634+0000] {processor.py:179} INFO - Processing /home/airflow/.local/lib/python3.8/site-packages/airflow/example_dags/example_sensor_decorator.py took 0.059 seconds
[2023-10-10T15:38:02.181+0000] {processor.py:157} INFO - Started process (PID=1637) to work on /home/airflow/.local/lib/python3.8/site-packages/airflow/example_dags/example_sensor_decorator.py
[2023-10-10T15:38:02.182+0000] {processor.py:829} INFO - Processing file /home/airflow/.local/lib/python3.8/site-packages/airflow/example_dags/example_sensor_decorator.py for tasks to queue
[2023-10-10T15:38:02.185+0000] {logging_mixin.py:151} INFO - [2023-10-10T15:38:02.184+0000] {dagbag.py:539} INFO - Filling up the DagBag from /home/airflow/.local/lib/python3.8/site-packages/airflow/example_dags/example_sensor_decorator.py
[2023-10-10T15:38:02.191+0000] {processor.py:839} INFO - DAG(s) dict_keys(['example_sensor_decorator']) retrieved from /home/airflow/.local/lib/python3.8/site-packages/airflow/example_dags/example_sensor_decorator.py
[2023-10-10T15:38:02.215+0000] {logging_mixin.py:151} INFO - [2023-10-10T15:38:02.215+0000] {dag.py:2915} INFO - Sync 1 DAGs
[2023-10-10T15:38:02.229+0000] {logging_mixin.py:151} INFO - [2023-10-10T15:38:02.229+0000] {dag.py:3696} INFO - Setting next_dagrun for example_sensor_decorator to None, run_after=None
[2023-10-10T15:38:02.250+0000] {processor.py:179} INFO - Processing /home/airflow/.local/lib/python3.8/site-packages/airflow/example_dags/example_sensor_decorator.py took 0.072 seconds
[2023-10-10T15:38:32.537+0000] {processor.py:157} INFO - Started process (PID=1691) to work on /home/airflow/.local/lib/python3.8/site-packages/airflow/example_dags/example_sensor_decorator.py
[2023-10-10T15:38:32.538+0000] {processor.py:829} INFO - Processing file /home/airflow/.local/lib/python3.8/site-packages/airflow/example_dags/example_sensor_decorator.py for tasks to queue
[2023-10-10T15:38:32.540+0000] {logging_mixin.py:151} INFO - [2023-10-10T15:38:32.539+0000] {dagbag.py:539} INFO - Filling up the DagBag from /home/airflow/.local/lib/python3.8/site-packages/airflow/example_dags/example_sensor_decorator.py
[2023-10-10T15:38:32.544+0000] {processor.py:839} INFO - DAG(s) dict_keys(['example_sensor_decorator']) retrieved from /home/airflow/.local/lib/python3.8/site-packages/airflow/example_dags/example_sensor_decorator.py
[2023-10-10T15:38:32.561+0000] {logging_mixin.py:151} INFO - [2023-10-10T15:38:32.561+0000] {dag.py:2915} INFO - Sync 1 DAGs
[2023-10-10T15:38:32.577+0000] {logging_mixin.py:151} INFO - [2023-10-10T15:38:32.577+0000] {dag.py:3696} INFO - Setting next_dagrun for example_sensor_decorator to None, run_after=None
[2023-10-10T15:38:32.594+0000] {processor.py:179} INFO - Processing /home/airflow/.local/lib/python3.8/site-packages/airflow/example_dags/example_sensor_decorator.py took 0.060 seconds
[2023-10-10T15:39:03.735+0000] {processor.py:157} INFO - Started process (PID=1745) to work on /home/airflow/.local/lib/python3.8/site-packages/airflow/example_dags/example_sensor_decorator.py
[2023-10-10T15:39:03.737+0000] {processor.py:829} INFO - Processing file /home/airflow/.local/lib/python3.8/site-packages/airflow/example_dags/example_sensor_decorator.py for tasks to queue
[2023-10-10T15:39:03.739+0000] {logging_mixin.py:151} INFO - [2023-10-10T15:39:03.739+0000] {dagbag.py:539} INFO - Filling up the DagBag from /home/airflow/.local/lib/python3.8/site-packages/airflow/example_dags/example_sensor_decorator.py
[2023-10-10T15:39:03.745+0000] {processor.py:839} INFO - DAG(s) dict_keys(['example_sensor_decorator']) retrieved from /home/airflow/.local/lib/python3.8/site-packages/airflow/example_dags/example_sensor_decorator.py
[2023-10-10T15:39:03.765+0000] {logging_mixin.py:151} INFO - [2023-10-10T15:39:03.764+0000] {dag.py:2915} INFO - Sync 1 DAGs
[2023-10-10T15:39:03.777+0000] {logging_mixin.py:151} INFO - [2023-10-10T15:39:03.777+0000] {dag.py:3696} INFO - Setting next_dagrun for example_sensor_decorator to None, run_after=None
[2023-10-10T15:39:03.802+0000] {processor.py:179} INFO - Processing /home/airflow/.local/lib/python3.8/site-packages/airflow/example_dags/example_sensor_decorator.py took 0.069 seconds
[2023-10-10T15:39:34.277+0000] {processor.py:157} INFO - Started process (PID=1799) to work on /home/airflow/.local/lib/python3.8/site-packages/airflow/example_dags/example_sensor_decorator.py
[2023-10-10T15:39:34.278+0000] {processor.py:829} INFO - Processing file /home/airflow/.local/lib/python3.8/site-packages/airflow/example_dags/example_sensor_decorator.py for tasks to queue
[2023-10-10T15:39:34.280+0000] {logging_mixin.py:151} INFO - [2023-10-10T15:39:34.280+0000] {dagbag.py:539} INFO - Filling up the DagBag from /home/airflow/.local/lib/python3.8/site-packages/airflow/example_dags/example_sensor_decorator.py
[2023-10-10T15:39:34.286+0000] {processor.py:839} INFO - DAG(s) dict_keys(['example_sensor_decorator']) retrieved from /home/airflow/.local/lib/python3.8/site-packages/airflow/example_dags/example_sensor_decorator.py
[2023-10-10T15:39:34.308+0000] {logging_mixin.py:151} INFO - [2023-10-10T15:39:34.308+0000] {dag.py:2915} INFO - Sync 1 DAGs
[2023-10-10T15:39:34.320+0000] {logging_mixin.py:151} INFO - [2023-10-10T15:39:34.320+0000] {dag.py:3696} INFO - Setting next_dagrun for example_sensor_decorator to None, run_after=None
[2023-10-10T15:39:34.340+0000] {processor.py:179} INFO - Processing /home/airflow/.local/lib/python3.8/site-packages/airflow/example_dags/example_sensor_decorator.py took 0.082 seconds
[2023-10-10T15:40:05.379+0000] {processor.py:157} INFO - Started process (PID=1853) to work on /home/airflow/.local/lib/python3.8/site-packages/airflow/example_dags/example_sensor_decorator.py
[2023-10-10T15:40:05.380+0000] {processor.py:829} INFO - Processing file /home/airflow/.local/lib/python3.8/site-packages/airflow/example_dags/example_sensor_decorator.py for tasks to queue
[2023-10-10T15:40:05.382+0000] {logging_mixin.py:151} INFO - [2023-10-10T15:40:05.381+0000] {dagbag.py:539} INFO - Filling up the DagBag from /home/airflow/.local/lib/python3.8/site-packages/airflow/example_dags/example_sensor_decorator.py
[2023-10-10T15:40:05.387+0000] {processor.py:839} INFO - DAG(s) dict_keys(['example_sensor_decorator']) retrieved from /home/airflow/.local/lib/python3.8/site-packages/airflow/example_dags/example_sensor_decorator.py
[2023-10-10T15:40:05.413+0000] {logging_mixin.py:151} INFO - [2023-10-10T15:40:05.413+0000] {dag.py:2915} INFO - Sync 1 DAGs
[2023-10-10T15:40:05.429+0000] {logging_mixin.py:151} INFO - [2023-10-10T15:40:05.429+0000] {dag.py:3696} INFO - Setting next_dagrun for example_sensor_decorator to None, run_after=None
[2023-10-10T15:40:05.447+0000] {processor.py:179} INFO - Processing /home/airflow/.local/lib/python3.8/site-packages/airflow/example_dags/example_sensor_decorator.py took 0.072 seconds
[2023-10-10T15:40:36.656+0000] {processor.py:157} INFO - Started process (PID=1907) to work on /home/airflow/.local/lib/python3.8/site-packages/airflow/example_dags/example_sensor_decorator.py
[2023-10-10T15:40:36.657+0000] {processor.py:829} INFO - Processing file /home/airflow/.local/lib/python3.8/site-packages/airflow/example_dags/example_sensor_decorator.py for tasks to queue
[2023-10-10T15:40:36.659+0000] {logging_mixin.py:151} INFO - [2023-10-10T15:40:36.659+0000] {dagbag.py:539} INFO - Filling up the DagBag from /home/airflow/.local/lib/python3.8/site-packages/airflow/example_dags/example_sensor_decorator.py
[2023-10-10T15:40:36.664+0000] {processor.py:839} INFO - DAG(s) dict_keys(['example_sensor_decorator']) retrieved from /home/airflow/.local/lib/python3.8/site-packages/airflow/example_dags/example_sensor_decorator.py
[2023-10-10T15:40:36.683+0000] {logging_mixin.py:151} INFO - [2023-10-10T15:40:36.683+0000] {dag.py:2915} INFO - Sync 1 DAGs
[2023-10-10T15:40:36.698+0000] {logging_mixin.py:151} INFO - [2023-10-10T15:40:36.698+0000] {dag.py:3696} INFO - Setting next_dagrun for example_sensor_decorator to None, run_after=None
[2023-10-10T15:40:36.717+0000] {processor.py:179} INFO - Processing /home/airflow/.local/lib/python3.8/site-packages/airflow/example_dags/example_sensor_decorator.py took 0.063 seconds
[2023-10-10T15:41:08.179+0000] {processor.py:157} INFO - Started process (PID=1961) to work on /home/airflow/.local/lib/python3.8/site-packages/airflow/example_dags/example_sensor_decorator.py
[2023-10-10T15:41:08.180+0000] {processor.py:829} INFO - Processing file /home/airflow/.local/lib/python3.8/site-packages/airflow/example_dags/example_sensor_decorator.py for tasks to queue
[2023-10-10T15:41:08.182+0000] {logging_mixin.py:151} INFO - [2023-10-10T15:41:08.181+0000] {dagbag.py:539} INFO - Filling up the DagBag from /home/airflow/.local/lib/python3.8/site-packages/airflow/example_dags/example_sensor_decorator.py
[2023-10-10T15:41:08.188+0000] {processor.py:839} INFO - DAG(s) dict_keys(['example_sensor_decorator']) retrieved from /home/airflow/.local/lib/python3.8/site-packages/airflow/example_dags/example_sensor_decorator.py
[2023-10-10T15:41:08.213+0000] {logging_mixin.py:151} INFO - [2023-10-10T15:41:08.213+0000] {dag.py:2915} INFO - Sync 1 DAGs
[2023-10-10T15:41:08.226+0000] {logging_mixin.py:151} INFO - [2023-10-10T15:41:08.226+0000] {dag.py:3696} INFO - Setting next_dagrun for example_sensor_decorator to None, run_after=None
[2023-10-10T15:41:08.299+0000] {processor.py:179} INFO - Processing /home/airflow/.local/lib/python3.8/site-packages/airflow/example_dags/example_sensor_decorator.py took 0.161 seconds
[2023-10-10T15:41:39.595+0000] {processor.py:157} INFO - Started process (PID=2014) to work on /home/airflow/.local/lib/python3.8/site-packages/airflow/example_dags/example_sensor_decorator.py
[2023-10-10T15:41:39.596+0000] {processor.py:829} INFO - Processing file /home/airflow/.local/lib/python3.8/site-packages/airflow/example_dags/example_sensor_decorator.py for tasks to queue
[2023-10-10T15:41:39.598+0000] {logging_mixin.py:151} INFO - [2023-10-10T15:41:39.597+0000] {dagbag.py:539} INFO - Filling up the DagBag from /home/airflow/.local/lib/python3.8/site-packages/airflow/example_dags/example_sensor_decorator.py
[2023-10-10T15:41:39.602+0000] {processor.py:839} INFO - DAG(s) dict_keys(['example_sensor_decorator']) retrieved from /home/airflow/.local/lib/python3.8/site-packages/airflow/example_dags/example_sensor_decorator.py
[2023-10-10T15:41:39.622+0000] {logging_mixin.py:151} INFO - [2023-10-10T15:41:39.622+0000] {dag.py:2915} INFO - Sync 1 DAGs
[2023-10-10T15:41:39.677+0000] {logging_mixin.py:151} INFO - [2023-10-10T15:41:39.677+0000] {dag.py:3696} INFO - Setting next_dagrun for example_sensor_decorator to None, run_after=None
[2023-10-10T15:41:39.694+0000] {processor.py:179} INFO - Processing /home/airflow/.local/lib/python3.8/site-packages/airflow/example_dags/example_sensor_decorator.py took 0.102 seconds
[2023-10-10T15:42:10.696+0000] {processor.py:157} INFO - Started process (PID=2068) to work on /home/airflow/.local/lib/python3.8/site-packages/airflow/example_dags/example_sensor_decorator.py
[2023-10-10T15:42:10.697+0000] {processor.py:829} INFO - Processing file /home/airflow/.local/lib/python3.8/site-packages/airflow/example_dags/example_sensor_decorator.py for tasks to queue
[2023-10-10T15:42:10.702+0000] {logging_mixin.py:151} INFO - [2023-10-10T15:42:10.702+0000] {dagbag.py:539} INFO - Filling up the DagBag from /home/airflow/.local/lib/python3.8/site-packages/airflow/example_dags/example_sensor_decorator.py
[2023-10-10T15:42:10.709+0000] {processor.py:839} INFO - DAG(s) dict_keys(['example_sensor_decorator']) retrieved from /home/airflow/.local/lib/python3.8/site-packages/airflow/example_dags/example_sensor_decorator.py
[2023-10-10T15:42:10.732+0000] {logging_mixin.py:151} INFO - [2023-10-10T15:42:10.731+0000] {dag.py:2915} INFO - Sync 1 DAGs
[2023-10-10T15:42:10.742+0000] {logging_mixin.py:151} INFO - [2023-10-10T15:42:10.742+0000] {dag.py:3696} INFO - Setting next_dagrun for example_sensor_decorator to None, run_after=None
[2023-10-10T15:42:10.758+0000] {processor.py:179} INFO - Processing /home/airflow/.local/lib/python3.8/site-packages/airflow/example_dags/example_sensor_decorator.py took 0.065 seconds
[2023-10-10T15:42:41.743+0000] {processor.py:157} INFO - Started process (PID=2122) to work on /home/airflow/.local/lib/python3.8/site-packages/airflow/example_dags/example_sensor_decorator.py
[2023-10-10T15:42:41.743+0000] {processor.py:829} INFO - Processing file /home/airflow/.local/lib/python3.8/site-packages/airflow/example_dags/example_sensor_decorator.py for tasks to queue
[2023-10-10T15:42:41.745+0000] {logging_mixin.py:151} INFO - [2023-10-10T15:42:41.745+0000] {dagbag.py:539} INFO - Filling up the DagBag from /home/airflow/.local/lib/python3.8/site-packages/airflow/example_dags/example_sensor_decorator.py
[2023-10-10T15:42:41.750+0000] {processor.py:839} INFO - DAG(s) dict_keys(['example_sensor_decorator']) retrieved from /home/airflow/.local/lib/python3.8/site-packages/airflow/example_dags/example_sensor_decorator.py
[2023-10-10T15:42:41.776+0000] {logging_mixin.py:151} INFO - [2023-10-10T15:42:41.776+0000] {dag.py:2915} INFO - Sync 1 DAGs
[2023-10-10T15:42:41.792+0000] {logging_mixin.py:151} INFO - [2023-10-10T15:42:41.791+0000] {dag.py:3696} INFO - Setting next_dagrun for example_sensor_decorator to None, run_after=None
[2023-10-10T15:42:41.809+0000] {processor.py:179} INFO - Processing /home/airflow/.local/lib/python3.8/site-packages/airflow/example_dags/example_sensor_decorator.py took 0.069 seconds
[2023-10-10T15:43:12.080+0000] {processor.py:157} INFO - Started process (PID=2176) to work on /home/airflow/.local/lib/python3.8/site-packages/airflow/example_dags/example_sensor_decorator.py
[2023-10-10T15:43:12.082+0000] {processor.py:829} INFO - Processing file /home/airflow/.local/lib/python3.8/site-packages/airflow/example_dags/example_sensor_decorator.py for tasks to queue
[2023-10-10T15:43:12.084+0000] {logging_mixin.py:151} INFO - [2023-10-10T15:43:12.084+0000] {dagbag.py:539} INFO - Filling up the DagBag from /home/airflow/.local/lib/python3.8/site-packages/airflow/example_dags/example_sensor_decorator.py
[2023-10-10T15:43:12.095+0000] {processor.py:839} INFO - DAG(s) dict_keys(['example_sensor_decorator']) retrieved from /home/airflow/.local/lib/python3.8/site-packages/airflow/example_dags/example_sensor_decorator.py
[2023-10-10T15:43:12.116+0000] {logging_mixin.py:151} INFO - [2023-10-10T15:43:12.116+0000] {dag.py:2915} INFO - Sync 1 DAGs
[2023-10-10T15:43:12.127+0000] {logging_mixin.py:151} INFO - [2023-10-10T15:43:12.127+0000] {dag.py:3696} INFO - Setting next_dagrun for example_sensor_decorator to None, run_after=None
[2023-10-10T15:43:12.144+0000] {processor.py:179} INFO - Processing /home/airflow/.local/lib/python3.8/site-packages/airflow/example_dags/example_sensor_decorator.py took 0.067 seconds
[2023-10-10T15:43:43.026+0000] {processor.py:157} INFO - Started process (PID=2230) to work on /home/airflow/.local/lib/python3.8/site-packages/airflow/example_dags/example_sensor_decorator.py
[2023-10-10T15:43:43.027+0000] {processor.py:829} INFO - Processing file /home/airflow/.local/lib/python3.8/site-packages/airflow/example_dags/example_sensor_decorator.py for tasks to queue
[2023-10-10T15:43:43.029+0000] {logging_mixin.py:151} INFO - [2023-10-10T15:43:43.029+0000] {dagbag.py:539} INFO - Filling up the DagBag from /home/airflow/.local/lib/python3.8/site-packages/airflow/example_dags/example_sensor_decorator.py
[2023-10-10T15:43:43.035+0000] {processor.py:839} INFO - DAG(s) dict_keys(['example_sensor_decorator']) retrieved from /home/airflow/.local/lib/python3.8/site-packages/airflow/example_dags/example_sensor_decorator.py
[2023-10-10T15:43:43.055+0000] {logging_mixin.py:151} INFO - [2023-10-10T15:43:43.055+0000] {dag.py:2915} INFO - Sync 1 DAGs
[2023-10-10T15:43:43.070+0000] {logging_mixin.py:151} INFO - [2023-10-10T15:43:43.070+0000] {dag.py:3696} INFO - Setting next_dagrun for example_sensor_decorator to None, run_after=None
[2023-10-10T15:43:43.089+0000] {processor.py:179} INFO - Processing /home/airflow/.local/lib/python3.8/site-packages/airflow/example_dags/example_sensor_decorator.py took 0.066 seconds
[2023-10-10T15:44:14.312+0000] {processor.py:157} INFO - Started process (PID=2284) to work on /home/airflow/.local/lib/python3.8/site-packages/airflow/example_dags/example_sensor_decorator.py
[2023-10-10T15:44:14.313+0000] {processor.py:829} INFO - Processing file /home/airflow/.local/lib/python3.8/site-packages/airflow/example_dags/example_sensor_decorator.py for tasks to queue
[2023-10-10T15:44:14.314+0000] {logging_mixin.py:151} INFO - [2023-10-10T15:44:14.314+0000] {dagbag.py:539} INFO - Filling up the DagBag from /home/airflow/.local/lib/python3.8/site-packages/airflow/example_dags/example_sensor_decorator.py
[2023-10-10T15:44:14.319+0000] {processor.py:839} INFO - DAG(s) dict_keys(['example_sensor_decorator']) retrieved from /home/airflow/.local/lib/python3.8/site-packages/airflow/example_dags/example_sensor_decorator.py
[2023-10-10T15:44:14.337+0000] {logging_mixin.py:151} INFO - [2023-10-10T15:44:14.337+0000] {dag.py:2915} INFO - Sync 1 DAGs
[2023-10-10T15:44:14.350+0000] {logging_mixin.py:151} INFO - [2023-10-10T15:44:14.350+0000] {dag.py:3696} INFO - Setting next_dagrun for example_sensor_decorator to None, run_after=None
[2023-10-10T15:44:14.365+0000] {processor.py:179} INFO - Processing /home/airflow/.local/lib/python3.8/site-packages/airflow/example_dags/example_sensor_decorator.py took 0.056 seconds
[2023-10-10T15:44:44.864+0000] {processor.py:157} INFO - Started process (PID=2338) to work on /home/airflow/.local/lib/python3.8/site-packages/airflow/example_dags/example_sensor_decorator.py
[2023-10-10T15:44:44.865+0000] {processor.py:829} INFO - Processing file /home/airflow/.local/lib/python3.8/site-packages/airflow/example_dags/example_sensor_decorator.py for tasks to queue
[2023-10-10T15:44:44.867+0000] {logging_mixin.py:151} INFO - [2023-10-10T15:44:44.867+0000] {dagbag.py:539} INFO - Filling up the DagBag from /home/airflow/.local/lib/python3.8/site-packages/airflow/example_dags/example_sensor_decorator.py
[2023-10-10T15:44:44.872+0000] {processor.py:839} INFO - DAG(s) dict_keys(['example_sensor_decorator']) retrieved from /home/airflow/.local/lib/python3.8/site-packages/airflow/example_dags/example_sensor_decorator.py
[2023-10-10T15:44:44.895+0000] {logging_mixin.py:151} INFO - [2023-10-10T15:44:44.895+0000] {dag.py:2915} INFO - Sync 1 DAGs
[2023-10-10T15:44:44.908+0000] {logging_mixin.py:151} INFO - [2023-10-10T15:44:44.908+0000] {dag.py:3696} INFO - Setting next_dagrun for example_sensor_decorator to None, run_after=None
[2023-10-10T15:44:44.927+0000] {processor.py:179} INFO - Processing /home/airflow/.local/lib/python3.8/site-packages/airflow/example_dags/example_sensor_decorator.py took 0.065 seconds
[2023-10-10T15:45:15.827+0000] {processor.py:157} INFO - Started process (PID=2392) to work on /home/airflow/.local/lib/python3.8/site-packages/airflow/example_dags/example_sensor_decorator.py
[2023-10-10T15:45:15.828+0000] {processor.py:829} INFO - Processing file /home/airflow/.local/lib/python3.8/site-packages/airflow/example_dags/example_sensor_decorator.py for tasks to queue
[2023-10-10T15:45:15.830+0000] {logging_mixin.py:151} INFO - [2023-10-10T15:45:15.830+0000] {dagbag.py:539} INFO - Filling up the DagBag from /home/airflow/.local/lib/python3.8/site-packages/airflow/example_dags/example_sensor_decorator.py
[2023-10-10T15:45:15.837+0000] {processor.py:839} INFO - DAG(s) dict_keys(['example_sensor_decorator']) retrieved from /home/airflow/.local/lib/python3.8/site-packages/airflow/example_dags/example_sensor_decorator.py
[2023-10-10T15:45:15.863+0000] {logging_mixin.py:151} INFO - [2023-10-10T15:45:15.862+0000] {dag.py:2915} INFO - Sync 1 DAGs
[2023-10-10T15:45:15.877+0000] {logging_mixin.py:151} INFO - [2023-10-10T15:45:15.877+0000] {dag.py:3696} INFO - Setting next_dagrun for example_sensor_decorator to None, run_after=None
[2023-10-10T15:45:15.903+0000] {processor.py:179} INFO - Processing /home/airflow/.local/lib/python3.8/site-packages/airflow/example_dags/example_sensor_decorator.py took 0.080 seconds
[2023-10-10T15:45:47.007+0000] {processor.py:157} INFO - Started process (PID=2446) to work on /home/airflow/.local/lib/python3.8/site-packages/airflow/example_dags/example_sensor_decorator.py
[2023-10-10T15:45:47.008+0000] {processor.py:829} INFO - Processing file /home/airflow/.local/lib/python3.8/site-packages/airflow/example_dags/example_sensor_decorator.py for tasks to queue
[2023-10-10T15:45:47.010+0000] {logging_mixin.py:151} INFO - [2023-10-10T15:45:47.010+0000] {dagbag.py:539} INFO - Filling up the DagBag from /home/airflow/.local/lib/python3.8/site-packages/airflow/example_dags/example_sensor_decorator.py
[2023-10-10T15:45:47.015+0000] {processor.py:839} INFO - DAG(s) dict_keys(['example_sensor_decorator']) retrieved from /home/airflow/.local/lib/python3.8/site-packages/airflow/example_dags/example_sensor_decorator.py
[2023-10-10T15:45:47.031+0000] {logging_mixin.py:151} INFO - [2023-10-10T15:45:47.031+0000] {dag.py:2915} INFO - Sync 1 DAGs
[2023-10-10T15:45:47.042+0000] {logging_mixin.py:151} INFO - [2023-10-10T15:45:47.042+0000] {dag.py:3696} INFO - Setting next_dagrun for example_sensor_decorator to None, run_after=None
[2023-10-10T15:45:47.056+0000] {processor.py:179} INFO - Processing /home/airflow/.local/lib/python3.8/site-packages/airflow/example_dags/example_sensor_decorator.py took 0.053 seconds
[2023-10-10T15:46:18.100+0000] {processor.py:157} INFO - Started process (PID=2500) to work on /home/airflow/.local/lib/python3.8/site-packages/airflow/example_dags/example_sensor_decorator.py
[2023-10-10T15:46:18.101+0000] {processor.py:829} INFO - Processing file /home/airflow/.local/lib/python3.8/site-packages/airflow/example_dags/example_sensor_decorator.py for tasks to queue
[2023-10-10T15:46:18.102+0000] {logging_mixin.py:151} INFO - [2023-10-10T15:46:18.102+0000] {dagbag.py:539} INFO - Filling up the DagBag from /home/airflow/.local/lib/python3.8/site-packages/airflow/example_dags/example_sensor_decorator.py
[2023-10-10T15:46:18.107+0000] {processor.py:839} INFO - DAG(s) dict_keys(['example_sensor_decorator']) retrieved from /home/airflow/.local/lib/python3.8/site-packages/airflow/example_dags/example_sensor_decorator.py
[2023-10-10T15:46:18.125+0000] {logging_mixin.py:151} INFO - [2023-10-10T15:46:18.125+0000] {dag.py:2915} INFO - Sync 1 DAGs
[2023-10-10T15:46:18.137+0000] {logging_mixin.py:151} INFO - [2023-10-10T15:46:18.137+0000] {dag.py:3696} INFO - Setting next_dagrun for example_sensor_decorator to None, run_after=None
[2023-10-10T15:46:18.152+0000] {processor.py:179} INFO - Processing /home/airflow/.local/lib/python3.8/site-packages/airflow/example_dags/example_sensor_decorator.py took 0.055 seconds
[2023-10-10T15:46:49.306+0000] {processor.py:157} INFO - Started process (PID=2554) to work on /home/airflow/.local/lib/python3.8/site-packages/airflow/example_dags/example_sensor_decorator.py
[2023-10-10T15:46:49.307+0000] {processor.py:829} INFO - Processing file /home/airflow/.local/lib/python3.8/site-packages/airflow/example_dags/example_sensor_decorator.py for tasks to queue
[2023-10-10T15:46:49.309+0000] {logging_mixin.py:151} INFO - [2023-10-10T15:46:49.308+0000] {dagbag.py:539} INFO - Filling up the DagBag from /home/airflow/.local/lib/python3.8/site-packages/airflow/example_dags/example_sensor_decorator.py
[2023-10-10T15:46:49.313+0000] {processor.py:839} INFO - DAG(s) dict_keys(['example_sensor_decorator']) retrieved from /home/airflow/.local/lib/python3.8/site-packages/airflow/example_dags/example_sensor_decorator.py
[2023-10-10T15:46:49.330+0000] {logging_mixin.py:151} INFO - [2023-10-10T15:46:49.330+0000] {dag.py:2915} INFO - Sync 1 DAGs
[2023-10-10T15:46:49.341+0000] {logging_mixin.py:151} INFO - [2023-10-10T15:46:49.341+0000] {dag.py:3696} INFO - Setting next_dagrun for example_sensor_decorator to None, run_after=None
[2023-10-10T15:46:49.356+0000] {processor.py:179} INFO - Processing /home/airflow/.local/lib/python3.8/site-packages/airflow/example_dags/example_sensor_decorator.py took 0.052 seconds
[2023-10-10T15:47:19.653+0000] {processor.py:157} INFO - Started process (PID=2608) to work on /home/airflow/.local/lib/python3.8/site-packages/airflow/example_dags/example_sensor_decorator.py
[2023-10-10T15:47:19.654+0000] {processor.py:829} INFO - Processing file /home/airflow/.local/lib/python3.8/site-packages/airflow/example_dags/example_sensor_decorator.py for tasks to queue
[2023-10-10T15:47:19.655+0000] {logging_mixin.py:151} INFO - [2023-10-10T15:47:19.655+0000] {dagbag.py:539} INFO - Filling up the DagBag from /home/airflow/.local/lib/python3.8/site-packages/airflow/example_dags/example_sensor_decorator.py
[2023-10-10T15:47:19.659+0000] {processor.py:839} INFO - DAG(s) dict_keys(['example_sensor_decorator']) retrieved from /home/airflow/.local/lib/python3.8/site-packages/airflow/example_dags/example_sensor_decorator.py
[2023-10-10T15:47:19.676+0000] {logging_mixin.py:151} INFO - [2023-10-10T15:47:19.676+0000] {dag.py:2915} INFO - Sync 1 DAGs
[2023-10-10T15:47:19.687+0000] {logging_mixin.py:151} INFO - [2023-10-10T15:47:19.687+0000] {dag.py:3696} INFO - Setting next_dagrun for example_sensor_decorator to None, run_after=None
[2023-10-10T15:47:19.701+0000] {processor.py:179} INFO - Processing /home/airflow/.local/lib/python3.8/site-packages/airflow/example_dags/example_sensor_decorator.py took 0.050 seconds
[2023-10-10T15:47:50.275+0000] {processor.py:157} INFO - Started process (PID=2662) to work on /home/airflow/.local/lib/python3.8/site-packages/airflow/example_dags/example_sensor_decorator.py
[2023-10-10T15:47:50.276+0000] {processor.py:829} INFO - Processing file /home/airflow/.local/lib/python3.8/site-packages/airflow/example_dags/example_sensor_decorator.py for tasks to queue
[2023-10-10T15:47:50.278+0000] {logging_mixin.py:151} INFO - [2023-10-10T15:47:50.277+0000] {dagbag.py:539} INFO - Filling up the DagBag from /home/airflow/.local/lib/python3.8/site-packages/airflow/example_dags/example_sensor_decorator.py
[2023-10-10T15:47:50.282+0000] {processor.py:839} INFO - DAG(s) dict_keys(['example_sensor_decorator']) retrieved from /home/airflow/.local/lib/python3.8/site-packages/airflow/example_dags/example_sensor_decorator.py
[2023-10-10T15:47:50.300+0000] {logging_mixin.py:151} INFO - [2023-10-10T15:47:50.300+0000] {dag.py:2915} INFO - Sync 1 DAGs
[2023-10-10T15:47:50.311+0000] {logging_mixin.py:151} INFO - [2023-10-10T15:47:50.311+0000] {dag.py:3696} INFO - Setting next_dagrun for example_sensor_decorator to None, run_after=None
[2023-10-10T15:47:50.325+0000] {processor.py:179} INFO - Processing /home/airflow/.local/lib/python3.8/site-packages/airflow/example_dags/example_sensor_decorator.py took 0.056 seconds
[2023-10-10T15:48:20.816+0000] {processor.py:157} INFO - Started process (PID=2716) to work on /home/airflow/.local/lib/python3.8/site-packages/airflow/example_dags/example_sensor_decorator.py
[2023-10-10T15:48:20.817+0000] {processor.py:829} INFO - Processing file /home/airflow/.local/lib/python3.8/site-packages/airflow/example_dags/example_sensor_decorator.py for tasks to queue
[2023-10-10T15:48:20.819+0000] {logging_mixin.py:151} INFO - [2023-10-10T15:48:20.818+0000] {dagbag.py:539} INFO - Filling up the DagBag from /home/airflow/.local/lib/python3.8/site-packages/airflow/example_dags/example_sensor_decorator.py
[2023-10-10T15:48:20.824+0000] {processor.py:839} INFO - DAG(s) dict_keys(['example_sensor_decorator']) retrieved from /home/airflow/.local/lib/python3.8/site-packages/airflow/example_dags/example_sensor_decorator.py
[2023-10-10T15:48:20.843+0000] {logging_mixin.py:151} INFO - [2023-10-10T15:48:20.842+0000] {dag.py:2915} INFO - Sync 1 DAGs
[2023-10-10T15:48:20.857+0000] {logging_mixin.py:151} INFO - [2023-10-10T15:48:20.856+0000] {dag.py:3696} INFO - Setting next_dagrun for example_sensor_decorator to None, run_after=None
[2023-10-10T15:48:20.884+0000] {processor.py:179} INFO - Processing /home/airflow/.local/lib/python3.8/site-packages/airflow/example_dags/example_sensor_decorator.py took 0.071 seconds
[2023-10-10T15:48:51.372+0000] {processor.py:157} INFO - Started process (PID=2770) to work on /home/airflow/.local/lib/python3.8/site-packages/airflow/example_dags/example_sensor_decorator.py
[2023-10-10T15:48:51.373+0000] {processor.py:829} INFO - Processing file /home/airflow/.local/lib/python3.8/site-packages/airflow/example_dags/example_sensor_decorator.py for tasks to queue
[2023-10-10T15:48:51.374+0000] {logging_mixin.py:151} INFO - [2023-10-10T15:48:51.374+0000] {dagbag.py:539} INFO - Filling up the DagBag from /home/airflow/.local/lib/python3.8/site-packages/airflow/example_dags/example_sensor_decorator.py
[2023-10-10T15:48:51.378+0000] {processor.py:839} INFO - DAG(s) dict_keys(['example_sensor_decorator']) retrieved from /home/airflow/.local/lib/python3.8/site-packages/airflow/example_dags/example_sensor_decorator.py
[2023-10-10T15:48:51.394+0000] {logging_mixin.py:151} INFO - [2023-10-10T15:48:51.393+0000] {dag.py:2915} INFO - Sync 1 DAGs
[2023-10-10T15:48:51.404+0000] {logging_mixin.py:151} INFO - [2023-10-10T15:48:51.404+0000] {dag.py:3696} INFO - Setting next_dagrun for example_sensor_decorator to None, run_after=None
[2023-10-10T15:48:51.417+0000] {processor.py:179} INFO - Processing /home/airflow/.local/lib/python3.8/site-packages/airflow/example_dags/example_sensor_decorator.py took 0.048 seconds
[2023-10-10T15:49:21.989+0000] {processor.py:157} INFO - Started process (PID=2824) to work on /home/airflow/.local/lib/python3.8/site-packages/airflow/example_dags/example_sensor_decorator.py
[2023-10-10T15:49:21.990+0000] {processor.py:829} INFO - Processing file /home/airflow/.local/lib/python3.8/site-packages/airflow/example_dags/example_sensor_decorator.py for tasks to queue
[2023-10-10T15:49:21.992+0000] {logging_mixin.py:151} INFO - [2023-10-10T15:49:21.991+0000] {dagbag.py:539} INFO - Filling up the DagBag from /home/airflow/.local/lib/python3.8/site-packages/airflow/example_dags/example_sensor_decorator.py
[2023-10-10T15:49:21.996+0000] {processor.py:839} INFO - DAG(s) dict_keys(['example_sensor_decorator']) retrieved from /home/airflow/.local/lib/python3.8/site-packages/airflow/example_dags/example_sensor_decorator.py
[2023-10-10T15:49:22.014+0000] {logging_mixin.py:151} INFO - [2023-10-10T15:49:22.014+0000] {dag.py:2915} INFO - Sync 1 DAGs
[2023-10-10T15:49:22.026+0000] {logging_mixin.py:151} INFO - [2023-10-10T15:49:22.025+0000] {dag.py:3696} INFO - Setting next_dagrun for example_sensor_decorator to None, run_after=None
[2023-10-10T15:49:22.042+0000] {processor.py:179} INFO - Processing /home/airflow/.local/lib/python3.8/site-packages/airflow/example_dags/example_sensor_decorator.py took 0.055 seconds
[2023-10-10T15:49:52.827+0000] {processor.py:157} INFO - Started process (PID=2878) to work on /home/airflow/.local/lib/python3.8/site-packages/airflow/example_dags/example_sensor_decorator.py
[2023-10-10T15:49:52.828+0000] {processor.py:829} INFO - Processing file /home/airflow/.local/lib/python3.8/site-packages/airflow/example_dags/example_sensor_decorator.py for tasks to queue
[2023-10-10T15:49:52.830+0000] {logging_mixin.py:151} INFO - [2023-10-10T15:49:52.830+0000] {dagbag.py:539} INFO - Filling up the DagBag from /home/airflow/.local/lib/python3.8/site-packages/airflow/example_dags/example_sensor_decorator.py
[2023-10-10T15:49:52.836+0000] {processor.py:839} INFO - DAG(s) dict_keys(['example_sensor_decorator']) retrieved from /home/airflow/.local/lib/python3.8/site-packages/airflow/example_dags/example_sensor_decorator.py
[2023-10-10T15:49:52.856+0000] {logging_mixin.py:151} INFO - [2023-10-10T15:49:52.856+0000] {dag.py:2915} INFO - Sync 1 DAGs
[2023-10-10T15:49:52.887+0000] {logging_mixin.py:151} INFO - [2023-10-10T15:49:52.887+0000] {dag.py:3696} INFO - Setting next_dagrun for example_sensor_decorator to None, run_after=None
[2023-10-10T15:49:52.907+0000] {processor.py:179} INFO - Processing /home/airflow/.local/lib/python3.8/site-packages/airflow/example_dags/example_sensor_decorator.py took 0.083 seconds
[2023-10-10T15:50:23.612+0000] {processor.py:157} INFO - Started process (PID=2932) to work on /home/airflow/.local/lib/python3.8/site-packages/airflow/example_dags/example_sensor_decorator.py
[2023-10-10T15:50:23.613+0000] {processor.py:829} INFO - Processing file /home/airflow/.local/lib/python3.8/site-packages/airflow/example_dags/example_sensor_decorator.py for tasks to queue
[2023-10-10T15:50:23.615+0000] {logging_mixin.py:151} INFO - [2023-10-10T15:50:23.615+0000] {dagbag.py:539} INFO - Filling up the DagBag from /home/airflow/.local/lib/python3.8/site-packages/airflow/example_dags/example_sensor_decorator.py
[2023-10-10T15:50:23.622+0000] {processor.py:839} INFO - DAG(s) dict_keys(['example_sensor_decorator']) retrieved from /home/airflow/.local/lib/python3.8/site-packages/airflow/example_dags/example_sensor_decorator.py
[2023-10-10T15:50:23.644+0000] {logging_mixin.py:151} INFO - [2023-10-10T15:50:23.644+0000] {dag.py:2915} INFO - Sync 1 DAGs
[2023-10-10T15:50:23.658+0000] {logging_mixin.py:151} INFO - [2023-10-10T15:50:23.658+0000] {dag.py:3696} INFO - Setting next_dagrun for example_sensor_decorator to None, run_after=None
[2023-10-10T15:50:23.675+0000] {processor.py:179} INFO - Processing /home/airflow/.local/lib/python3.8/site-packages/airflow/example_dags/example_sensor_decorator.py took 0.067 seconds
[2023-10-10T15:50:54.200+0000] {processor.py:157} INFO - Started process (PID=2986) to work on /home/airflow/.local/lib/python3.8/site-packages/airflow/example_dags/example_sensor_decorator.py
[2023-10-10T15:50:54.201+0000] {processor.py:829} INFO - Processing file /home/airflow/.local/lib/python3.8/site-packages/airflow/example_dags/example_sensor_decorator.py for tasks to queue
[2023-10-10T15:50:54.203+0000] {logging_mixin.py:151} INFO - [2023-10-10T15:50:54.203+0000] {dagbag.py:539} INFO - Filling up the DagBag from /home/airflow/.local/lib/python3.8/site-packages/airflow/example_dags/example_sensor_decorator.py
[2023-10-10T15:50:54.208+0000] {processor.py:839} INFO - DAG(s) dict_keys(['example_sensor_decorator']) retrieved from /home/airflow/.local/lib/python3.8/site-packages/airflow/example_dags/example_sensor_decorator.py
[2023-10-10T15:50:54.230+0000] {logging_mixin.py:151} INFO - [2023-10-10T15:50:54.230+0000] {dag.py:2915} INFO - Sync 1 DAGs
[2023-10-10T15:50:54.243+0000] {logging_mixin.py:151} INFO - [2023-10-10T15:50:54.243+0000] {dag.py:3696} INFO - Setting next_dagrun for example_sensor_decorator to None, run_after=None
[2023-10-10T15:50:54.263+0000] {processor.py:179} INFO - Processing /home/airflow/.local/lib/python3.8/site-packages/airflow/example_dags/example_sensor_decorator.py took 0.066 seconds
[2023-10-10T15:51:25.336+0000] {processor.py:157} INFO - Started process (PID=3040) to work on /home/airflow/.local/lib/python3.8/site-packages/airflow/example_dags/example_sensor_decorator.py
[2023-10-10T15:51:25.337+0000] {processor.py:829} INFO - Processing file /home/airflow/.local/lib/python3.8/site-packages/airflow/example_dags/example_sensor_decorator.py for tasks to queue
[2023-10-10T15:51:25.338+0000] {logging_mixin.py:151} INFO - [2023-10-10T15:51:25.338+0000] {dagbag.py:539} INFO - Filling up the DagBag from /home/airflow/.local/lib/python3.8/site-packages/airflow/example_dags/example_sensor_decorator.py
[2023-10-10T15:51:25.342+0000] {processor.py:839} INFO - DAG(s) dict_keys(['example_sensor_decorator']) retrieved from /home/airflow/.local/lib/python3.8/site-packages/airflow/example_dags/example_sensor_decorator.py
[2023-10-10T15:51:25.359+0000] {logging_mixin.py:151} INFO - [2023-10-10T15:51:25.359+0000] {dag.py:2915} INFO - Sync 1 DAGs
[2023-10-10T15:51:25.379+0000] {logging_mixin.py:151} INFO - [2023-10-10T15:51:25.379+0000] {dag.py:3696} INFO - Setting next_dagrun for example_sensor_decorator to None, run_after=None
[2023-10-10T15:51:25.394+0000] {processor.py:179} INFO - Processing /home/airflow/.local/lib/python3.8/site-packages/airflow/example_dags/example_sensor_decorator.py took 0.060 seconds
[2023-10-10T15:51:56.625+0000] {processor.py:157} INFO - Started process (PID=3094) to work on /home/airflow/.local/lib/python3.8/site-packages/airflow/example_dags/example_sensor_decorator.py
[2023-10-10T15:51:56.626+0000] {processor.py:829} INFO - Processing file /home/airflow/.local/lib/python3.8/site-packages/airflow/example_dags/example_sensor_decorator.py for tasks to queue
[2023-10-10T15:51:56.628+0000] {logging_mixin.py:151} INFO - [2023-10-10T15:51:56.628+0000] {dagbag.py:539} INFO - Filling up the DagBag from /home/airflow/.local/lib/python3.8/site-packages/airflow/example_dags/example_sensor_decorator.py
[2023-10-10T15:51:56.633+0000] {processor.py:839} INFO - DAG(s) dict_keys(['example_sensor_decorator']) retrieved from /home/airflow/.local/lib/python3.8/site-packages/airflow/example_dags/example_sensor_decorator.py
[2023-10-10T15:51:56.650+0000] {logging_mixin.py:151} INFO - [2023-10-10T15:51:56.650+0000] {dag.py:2915} INFO - Sync 1 DAGs
[2023-10-10T15:51:56.661+0000] {logging_mixin.py:151} INFO - [2023-10-10T15:51:56.660+0000] {dag.py:3696} INFO - Setting next_dagrun for example_sensor_decorator to None, run_after=None
[2023-10-10T15:51:56.690+0000] {processor.py:179} INFO - Processing /home/airflow/.local/lib/python3.8/site-packages/airflow/example_dags/example_sensor_decorator.py took 0.068 seconds
[2023-10-10T15:52:27.112+0000] {processor.py:157} INFO - Started process (PID=3148) to work on /home/airflow/.local/lib/python3.8/site-packages/airflow/example_dags/example_sensor_decorator.py
[2023-10-10T15:52:27.113+0000] {processor.py:829} INFO - Processing file /home/airflow/.local/lib/python3.8/site-packages/airflow/example_dags/example_sensor_decorator.py for tasks to queue
[2023-10-10T15:52:27.116+0000] {logging_mixin.py:151} INFO - [2023-10-10T15:52:27.115+0000] {dagbag.py:539} INFO - Filling up the DagBag from /home/airflow/.local/lib/python3.8/site-packages/airflow/example_dags/example_sensor_decorator.py
[2023-10-10T15:52:27.122+0000] {processor.py:839} INFO - DAG(s) dict_keys(['example_sensor_decorator']) retrieved from /home/airflow/.local/lib/python3.8/site-packages/airflow/example_dags/example_sensor_decorator.py
[2023-10-10T15:52:27.146+0000] {logging_mixin.py:151} INFO - [2023-10-10T15:52:27.146+0000] {dag.py:2915} INFO - Sync 1 DAGs
[2023-10-10T15:52:27.159+0000] {logging_mixin.py:151} INFO - [2023-10-10T15:52:27.158+0000] {dag.py:3696} INFO - Setting next_dagrun for example_sensor_decorator to None, run_after=None
[2023-10-10T15:52:27.187+0000] {processor.py:179} INFO - Processing /home/airflow/.local/lib/python3.8/site-packages/airflow/example_dags/example_sensor_decorator.py took 0.077 seconds
[2023-10-10T15:52:58.519+0000] {processor.py:157} INFO - Started process (PID=3209) to work on /home/airflow/.local/lib/python3.8/site-packages/airflow/example_dags/example_sensor_decorator.py
[2023-10-10T15:52:58.520+0000] {processor.py:829} INFO - Processing file /home/airflow/.local/lib/python3.8/site-packages/airflow/example_dags/example_sensor_decorator.py for tasks to queue
[2023-10-10T15:52:58.523+0000] {logging_mixin.py:151} INFO - [2023-10-10T15:52:58.522+0000] {dagbag.py:539} INFO - Filling up the DagBag from /home/airflow/.local/lib/python3.8/site-packages/airflow/example_dags/example_sensor_decorator.py
[2023-10-10T15:52:58.529+0000] {processor.py:839} INFO - DAG(s) dict_keys(['example_sensor_decorator']) retrieved from /home/airflow/.local/lib/python3.8/site-packages/airflow/example_dags/example_sensor_decorator.py
[2023-10-10T15:52:58.558+0000] {logging_mixin.py:151} INFO - [2023-10-10T15:52:58.558+0000] {dag.py:2915} INFO - Sync 1 DAGs
[2023-10-10T15:52:58.573+0000] {logging_mixin.py:151} INFO - [2023-10-10T15:52:58.573+0000] {dag.py:3696} INFO - Setting next_dagrun for example_sensor_decorator to None, run_after=None
[2023-10-10T15:52:58.593+0000] {processor.py:179} INFO - Processing /home/airflow/.local/lib/python3.8/site-packages/airflow/example_dags/example_sensor_decorator.py took 0.076 seconds
[2023-10-10T15:53:29.759+0000] {processor.py:157} INFO - Started process (PID=3263) to work on /home/airflow/.local/lib/python3.8/site-packages/airflow/example_dags/example_sensor_decorator.py
[2023-10-10T15:53:29.760+0000] {processor.py:829} INFO - Processing file /home/airflow/.local/lib/python3.8/site-packages/airflow/example_dags/example_sensor_decorator.py for tasks to queue
[2023-10-10T15:53:29.762+0000] {logging_mixin.py:151} INFO - [2023-10-10T15:53:29.761+0000] {dagbag.py:539} INFO - Filling up the DagBag from /home/airflow/.local/lib/python3.8/site-packages/airflow/example_dags/example_sensor_decorator.py
[2023-10-10T15:53:29.766+0000] {processor.py:839} INFO - DAG(s) dict_keys(['example_sensor_decorator']) retrieved from /home/airflow/.local/lib/python3.8/site-packages/airflow/example_dags/example_sensor_decorator.py
[2023-10-10T15:53:29.785+0000] {logging_mixin.py:151} INFO - [2023-10-10T15:53:29.785+0000] {dag.py:2915} INFO - Sync 1 DAGs
[2023-10-10T15:53:29.797+0000] {logging_mixin.py:151} INFO - [2023-10-10T15:53:29.797+0000] {dag.py:3696} INFO - Setting next_dagrun for example_sensor_decorator to None, run_after=None
[2023-10-10T15:53:29.815+0000] {processor.py:179} INFO - Processing /home/airflow/.local/lib/python3.8/site-packages/airflow/example_dags/example_sensor_decorator.py took 0.058 seconds
[2023-10-10T15:54:00.512+0000] {processor.py:157} INFO - Started process (PID=3318) to work on /home/airflow/.local/lib/python3.8/site-packages/airflow/example_dags/example_sensor_decorator.py
[2023-10-10T15:54:00.513+0000] {processor.py:829} INFO - Processing file /home/airflow/.local/lib/python3.8/site-packages/airflow/example_dags/example_sensor_decorator.py for tasks to queue
[2023-10-10T15:54:00.516+0000] {logging_mixin.py:151} INFO - [2023-10-10T15:54:00.516+0000] {dagbag.py:539} INFO - Filling up the DagBag from /home/airflow/.local/lib/python3.8/site-packages/airflow/example_dags/example_sensor_decorator.py
[2023-10-10T15:54:00.579+0000] {processor.py:839} INFO - DAG(s) dict_keys(['example_sensor_decorator']) retrieved from /home/airflow/.local/lib/python3.8/site-packages/airflow/example_dags/example_sensor_decorator.py
[2023-10-10T15:54:00.605+0000] {logging_mixin.py:151} INFO - [2023-10-10T15:54:00.605+0000] {dag.py:2915} INFO - Sync 1 DAGs
[2023-10-10T15:54:00.620+0000] {logging_mixin.py:151} INFO - [2023-10-10T15:54:00.620+0000] {dag.py:3696} INFO - Setting next_dagrun for example_sensor_decorator to None, run_after=None
[2023-10-10T15:54:00.684+0000] {processor.py:179} INFO - Processing /home/airflow/.local/lib/python3.8/site-packages/airflow/example_dags/example_sensor_decorator.py took 0.175 seconds
[2023-10-10T15:54:31.211+0000] {processor.py:157} INFO - Started process (PID=3372) to work on /home/airflow/.local/lib/python3.8/site-packages/airflow/example_dags/example_sensor_decorator.py
[2023-10-10T15:54:31.212+0000] {processor.py:829} INFO - Processing file /home/airflow/.local/lib/python3.8/site-packages/airflow/example_dags/example_sensor_decorator.py for tasks to queue
[2023-10-10T15:54:31.216+0000] {logging_mixin.py:151} INFO - [2023-10-10T15:54:31.216+0000] {dagbag.py:539} INFO - Filling up the DagBag from /home/airflow/.local/lib/python3.8/site-packages/airflow/example_dags/example_sensor_decorator.py
[2023-10-10T15:54:31.223+0000] {processor.py:839} INFO - DAG(s) dict_keys(['example_sensor_decorator']) retrieved from /home/airflow/.local/lib/python3.8/site-packages/airflow/example_dags/example_sensor_decorator.py
[2023-10-10T15:54:31.252+0000] {logging_mixin.py:151} INFO - [2023-10-10T15:54:31.251+0000] {dag.py:2915} INFO - Sync 1 DAGs
[2023-10-10T15:54:31.267+0000] {logging_mixin.py:151} INFO - [2023-10-10T15:54:31.267+0000] {dag.py:3696} INFO - Setting next_dagrun for example_sensor_decorator to None, run_after=None
[2023-10-10T15:54:31.289+0000] {processor.py:179} INFO - Processing /home/airflow/.local/lib/python3.8/site-packages/airflow/example_dags/example_sensor_decorator.py took 0.083 seconds
[2023-10-10T15:55:02.177+0000] {processor.py:157} INFO - Started process (PID=3426) to work on /home/airflow/.local/lib/python3.8/site-packages/airflow/example_dags/example_sensor_decorator.py
[2023-10-10T15:55:02.177+0000] {processor.py:829} INFO - Processing file /home/airflow/.local/lib/python3.8/site-packages/airflow/example_dags/example_sensor_decorator.py for tasks to queue
[2023-10-10T15:55:02.179+0000] {logging_mixin.py:151} INFO - [2023-10-10T15:55:02.179+0000] {dagbag.py:539} INFO - Filling up the DagBag from /home/airflow/.local/lib/python3.8/site-packages/airflow/example_dags/example_sensor_decorator.py
[2023-10-10T15:55:02.184+0000] {processor.py:839} INFO - DAG(s) dict_keys(['example_sensor_decorator']) retrieved from /home/airflow/.local/lib/python3.8/site-packages/airflow/example_dags/example_sensor_decorator.py
[2023-10-10T15:55:02.204+0000] {logging_mixin.py:151} INFO - [2023-10-10T15:55:02.204+0000] {dag.py:2915} INFO - Sync 1 DAGs
[2023-10-10T15:55:02.216+0000] {logging_mixin.py:151} INFO - [2023-10-10T15:55:02.216+0000] {dag.py:3696} INFO - Setting next_dagrun for example_sensor_decorator to None, run_after=None
[2023-10-10T15:55:02.231+0000] {processor.py:179} INFO - Processing /home/airflow/.local/lib/python3.8/site-packages/airflow/example_dags/example_sensor_decorator.py took 0.057 seconds
[2023-10-10T15:55:33.830+0000] {processor.py:157} INFO - Started process (PID=3485) to work on /home/airflow/.local/lib/python3.8/site-packages/airflow/example_dags/example_sensor_decorator.py
[2023-10-10T15:55:33.831+0000] {processor.py:829} INFO - Processing file /home/airflow/.local/lib/python3.8/site-packages/airflow/example_dags/example_sensor_decorator.py for tasks to queue
[2023-10-10T15:55:33.833+0000] {logging_mixin.py:151} INFO - [2023-10-10T15:55:33.832+0000] {dagbag.py:539} INFO - Filling up the DagBag from /home/airflow/.local/lib/python3.8/site-packages/airflow/example_dags/example_sensor_decorator.py
[2023-10-10T15:55:33.837+0000] {processor.py:839} INFO - DAG(s) dict_keys(['example_sensor_decorator']) retrieved from /home/airflow/.local/lib/python3.8/site-packages/airflow/example_dags/example_sensor_decorator.py
[2023-10-10T15:55:33.855+0000] {logging_mixin.py:151} INFO - [2023-10-10T15:55:33.855+0000] {dag.py:2915} INFO - Sync 1 DAGs
[2023-10-10T15:55:33.867+0000] {logging_mixin.py:151} INFO - [2023-10-10T15:55:33.866+0000] {dag.py:3696} INFO - Setting next_dagrun for example_sensor_decorator to None, run_after=None
[2023-10-10T15:55:33.890+0000] {processor.py:179} INFO - Processing /home/airflow/.local/lib/python3.8/site-packages/airflow/example_dags/example_sensor_decorator.py took 0.062 seconds
[2023-10-10T15:56:05.002+0000] {processor.py:157} INFO - Started process (PID=3539) to work on /home/airflow/.local/lib/python3.8/site-packages/airflow/example_dags/example_sensor_decorator.py
[2023-10-10T15:56:05.003+0000] {processor.py:829} INFO - Processing file /home/airflow/.local/lib/python3.8/site-packages/airflow/example_dags/example_sensor_decorator.py for tasks to queue
[2023-10-10T15:56:05.005+0000] {logging_mixin.py:151} INFO - [2023-10-10T15:56:05.004+0000] {dagbag.py:539} INFO - Filling up the DagBag from /home/airflow/.local/lib/python3.8/site-packages/airflow/example_dags/example_sensor_decorator.py
[2023-10-10T15:56:05.009+0000] {processor.py:839} INFO - DAG(s) dict_keys(['example_sensor_decorator']) retrieved from /home/airflow/.local/lib/python3.8/site-packages/airflow/example_dags/example_sensor_decorator.py
[2023-10-10T15:56:05.026+0000] {logging_mixin.py:151} INFO - [2023-10-10T15:56:05.025+0000] {dag.py:2915} INFO - Sync 1 DAGs
[2023-10-10T15:56:05.036+0000] {logging_mixin.py:151} INFO - [2023-10-10T15:56:05.036+0000] {dag.py:3696} INFO - Setting next_dagrun for example_sensor_decorator to None, run_after=None
[2023-10-10T15:56:05.088+0000] {processor.py:179} INFO - Processing /home/airflow/.local/lib/python3.8/site-packages/airflow/example_dags/example_sensor_decorator.py took 0.088 seconds
[2023-10-10T15:56:36.446+0000] {processor.py:157} INFO - Started process (PID=3595) to work on /home/airflow/.local/lib/python3.8/site-packages/airflow/example_dags/example_sensor_decorator.py
[2023-10-10T15:56:36.446+0000] {processor.py:829} INFO - Processing file /home/airflow/.local/lib/python3.8/site-packages/airflow/example_dags/example_sensor_decorator.py for tasks to queue
[2023-10-10T15:56:36.448+0000] {logging_mixin.py:151} INFO - [2023-10-10T15:56:36.448+0000] {dagbag.py:539} INFO - Filling up the DagBag from /home/airflow/.local/lib/python3.8/site-packages/airflow/example_dags/example_sensor_decorator.py
[2023-10-10T15:56:36.453+0000] {processor.py:839} INFO - DAG(s) dict_keys(['example_sensor_decorator']) retrieved from /home/airflow/.local/lib/python3.8/site-packages/airflow/example_dags/example_sensor_decorator.py
[2023-10-10T15:56:36.470+0000] {logging_mixin.py:151} INFO - [2023-10-10T15:56:36.470+0000] {dag.py:2915} INFO - Sync 1 DAGs
[2023-10-10T15:56:36.481+0000] {logging_mixin.py:151} INFO - [2023-10-10T15:56:36.481+0000] {dag.py:3696} INFO - Setting next_dagrun for example_sensor_decorator to None, run_after=None
[2023-10-10T15:56:36.497+0000] {processor.py:179} INFO - Processing /home/airflow/.local/lib/python3.8/site-packages/airflow/example_dags/example_sensor_decorator.py took 0.054 seconds
[2023-10-10T15:57:07.330+0000] {processor.py:157} INFO - Started process (PID=3650) to work on /home/airflow/.local/lib/python3.8/site-packages/airflow/example_dags/example_sensor_decorator.py
[2023-10-10T15:57:07.331+0000] {processor.py:829} INFO - Processing file /home/airflow/.local/lib/python3.8/site-packages/airflow/example_dags/example_sensor_decorator.py for tasks to queue
[2023-10-10T15:57:07.333+0000] {logging_mixin.py:151} INFO - [2023-10-10T15:57:07.333+0000] {dagbag.py:539} INFO - Filling up the DagBag from /home/airflow/.local/lib/python3.8/site-packages/airflow/example_dags/example_sensor_decorator.py
[2023-10-10T15:57:07.337+0000] {processor.py:839} INFO - DAG(s) dict_keys(['example_sensor_decorator']) retrieved from /home/airflow/.local/lib/python3.8/site-packages/airflow/example_dags/example_sensor_decorator.py
[2023-10-10T15:57:07.362+0000] {logging_mixin.py:151} INFO - [2023-10-10T15:57:07.362+0000] {dag.py:2915} INFO - Sync 1 DAGs
[2023-10-10T15:57:07.374+0000] {logging_mixin.py:151} INFO - [2023-10-10T15:57:07.374+0000] {dag.py:3696} INFO - Setting next_dagrun for example_sensor_decorator to None, run_after=None
[2023-10-10T15:57:07.411+0000] {processor.py:179} INFO - Processing /home/airflow/.local/lib/python3.8/site-packages/airflow/example_dags/example_sensor_decorator.py took 0.083 seconds
