[2023-10-10T15:24:05.620+0000] {processor.py:157} INFO - Started process (PID=165) to work on /home/airflow/.local/lib/python3.8/site-packages/airflow/example_dags/example_latest_only.py
[2023-10-10T15:24:05.621+0000] {processor.py:829} INFO - Processing file /home/airflow/.local/lib/python3.8/site-packages/airflow/example_dags/example_latest_only.py for tasks to queue
[2023-10-10T15:24:05.623+0000] {logging_mixin.py:151} INFO - [2023-10-10T15:24:05.622+0000] {dagbag.py:539} INFO - Filling up the DagBag from /home/airflow/.local/lib/python3.8/site-packages/airflow/example_dags/example_latest_only.py
[2023-10-10T15:24:05.629+0000] {processor.py:839} INFO - DAG(s) dict_keys(['latest_only']) retrieved from /home/airflow/.local/lib/python3.8/site-packages/airflow/example_dags/example_latest_only.py
[2023-10-10T15:24:05.642+0000] {logging_mixin.py:151} INFO - [2023-10-10T15:24:05.642+0000] {dag.py:2915} INFO - Sync 1 DAGs
[2023-10-10T15:24:05.663+0000] {logging_mixin.py:151} INFO - [2023-10-10T15:24:05.663+0000] {dag.py:3696} INFO - Setting next_dagrun for latest_only to 2023-10-10T11:24:05.663400+00:00, run_after=2023-10-10T15:24:05.663400+00:00
[2023-10-10T15:24:05.693+0000] {processor.py:179} INFO - Processing /home/airflow/.local/lib/python3.8/site-packages/airflow/example_dags/example_latest_only.py took 0.075 seconds
[2023-10-10T15:24:35.781+0000] {processor.py:157} INFO - Started process (PID=218) to work on /home/airflow/.local/lib/python3.8/site-packages/airflow/example_dags/example_latest_only.py
[2023-10-10T15:24:35.782+0000] {processor.py:829} INFO - Processing file /home/airflow/.local/lib/python3.8/site-packages/airflow/example_dags/example_latest_only.py for tasks to queue
[2023-10-10T15:24:35.784+0000] {logging_mixin.py:151} INFO - [2023-10-10T15:24:35.784+0000] {dagbag.py:539} INFO - Filling up the DagBag from /home/airflow/.local/lib/python3.8/site-packages/airflow/example_dags/example_latest_only.py
[2023-10-10T15:24:35.789+0000] {processor.py:839} INFO - DAG(s) dict_keys(['latest_only']) retrieved from /home/airflow/.local/lib/python3.8/site-packages/airflow/example_dags/example_latest_only.py
[2023-10-10T15:24:35.810+0000] {logging_mixin.py:151} INFO - [2023-10-10T15:24:35.810+0000] {dag.py:2915} INFO - Sync 1 DAGs
[2023-10-10T15:24:35.835+0000] {logging_mixin.py:151} INFO - [2023-10-10T15:24:35.834+0000] {dag.py:3696} INFO - Setting next_dagrun for latest_only to 2023-10-10T11:24:35.834576+00:00, run_after=2023-10-10T15:24:35.834576+00:00
[2023-10-10T15:24:35.853+0000] {processor.py:179} INFO - Processing /home/airflow/.local/lib/python3.8/site-packages/airflow/example_dags/example_latest_only.py took 0.076 seconds
[2023-10-10T15:25:06.098+0000] {processor.py:157} INFO - Started process (PID=272) to work on /home/airflow/.local/lib/python3.8/site-packages/airflow/example_dags/example_latest_only.py
[2023-10-10T15:25:06.099+0000] {processor.py:829} INFO - Processing file /home/airflow/.local/lib/python3.8/site-packages/airflow/example_dags/example_latest_only.py for tasks to queue
[2023-10-10T15:25:06.101+0000] {logging_mixin.py:151} INFO - [2023-10-10T15:25:06.101+0000] {dagbag.py:539} INFO - Filling up the DagBag from /home/airflow/.local/lib/python3.8/site-packages/airflow/example_dags/example_latest_only.py
[2023-10-10T15:25:06.106+0000] {processor.py:839} INFO - DAG(s) dict_keys(['latest_only']) retrieved from /home/airflow/.local/lib/python3.8/site-packages/airflow/example_dags/example_latest_only.py
[2023-10-10T15:25:06.126+0000] {logging_mixin.py:151} INFO - [2023-10-10T15:25:06.126+0000] {dag.py:2915} INFO - Sync 1 DAGs
[2023-10-10T15:25:06.144+0000] {logging_mixin.py:151} INFO - [2023-10-10T15:25:06.144+0000] {dag.py:3696} INFO - Setting next_dagrun for latest_only to 2023-10-10T11:25:06.143868+00:00, run_after=2023-10-10T15:25:06.143868+00:00
[2023-10-10T15:25:06.161+0000] {processor.py:179} INFO - Processing /home/airflow/.local/lib/python3.8/site-packages/airflow/example_dags/example_latest_only.py took 0.065 seconds
[2023-10-10T15:25:37.138+0000] {processor.py:157} INFO - Started process (PID=326) to work on /home/airflow/.local/lib/python3.8/site-packages/airflow/example_dags/example_latest_only.py
[2023-10-10T15:25:37.139+0000] {processor.py:829} INFO - Processing file /home/airflow/.local/lib/python3.8/site-packages/airflow/example_dags/example_latest_only.py for tasks to queue
[2023-10-10T15:25:37.140+0000] {logging_mixin.py:151} INFO - [2023-10-10T15:25:37.140+0000] {dagbag.py:539} INFO - Filling up the DagBag from /home/airflow/.local/lib/python3.8/site-packages/airflow/example_dags/example_latest_only.py
[2023-10-10T15:25:37.145+0000] {processor.py:839} INFO - DAG(s) dict_keys(['latest_only']) retrieved from /home/airflow/.local/lib/python3.8/site-packages/airflow/example_dags/example_latest_only.py
[2023-10-10T15:25:37.159+0000] {logging_mixin.py:151} INFO - [2023-10-10T15:25:37.159+0000] {dag.py:2915} INFO - Sync 1 DAGs
[2023-10-10T15:25:37.179+0000] {logging_mixin.py:151} INFO - [2023-10-10T15:25:37.179+0000] {dag.py:3696} INFO - Setting next_dagrun for latest_only to 2023-10-10T11:25:37.178836+00:00, run_after=2023-10-10T15:25:37.178836+00:00
[2023-10-10T15:25:37.201+0000] {processor.py:179} INFO - Processing /home/airflow/.local/lib/python3.8/site-packages/airflow/example_dags/example_latest_only.py took 0.066 seconds
[2023-10-10T15:26:07.741+0000] {processor.py:157} INFO - Started process (PID=380) to work on /home/airflow/.local/lib/python3.8/site-packages/airflow/example_dags/example_latest_only.py
[2023-10-10T15:26:07.741+0000] {processor.py:829} INFO - Processing file /home/airflow/.local/lib/python3.8/site-packages/airflow/example_dags/example_latest_only.py for tasks to queue
[2023-10-10T15:26:07.743+0000] {logging_mixin.py:151} INFO - [2023-10-10T15:26:07.742+0000] {dagbag.py:539} INFO - Filling up the DagBag from /home/airflow/.local/lib/python3.8/site-packages/airflow/example_dags/example_latest_only.py
[2023-10-10T15:26:07.747+0000] {processor.py:839} INFO - DAG(s) dict_keys(['latest_only']) retrieved from /home/airflow/.local/lib/python3.8/site-packages/airflow/example_dags/example_latest_only.py
[2023-10-10T15:26:07.764+0000] {logging_mixin.py:151} INFO - [2023-10-10T15:26:07.763+0000] {dag.py:2915} INFO - Sync 1 DAGs
[2023-10-10T15:26:07.787+0000] {logging_mixin.py:151} INFO - [2023-10-10T15:26:07.786+0000] {dag.py:3696} INFO - Setting next_dagrun for latest_only to 2023-10-10T11:26:07.786638+00:00, run_after=2023-10-10T15:26:07.786638+00:00
[2023-10-10T15:26:07.807+0000] {processor.py:179} INFO - Processing /home/airflow/.local/lib/python3.8/site-packages/airflow/example_dags/example_latest_only.py took 0.068 seconds
[2023-10-10T15:26:38.316+0000] {processor.py:157} INFO - Started process (PID=434) to work on /home/airflow/.local/lib/python3.8/site-packages/airflow/example_dags/example_latest_only.py
[2023-10-10T15:26:38.317+0000] {processor.py:829} INFO - Processing file /home/airflow/.local/lib/python3.8/site-packages/airflow/example_dags/example_latest_only.py for tasks to queue
[2023-10-10T15:26:38.318+0000] {logging_mixin.py:151} INFO - [2023-10-10T15:26:38.318+0000] {dagbag.py:539} INFO - Filling up the DagBag from /home/airflow/.local/lib/python3.8/site-packages/airflow/example_dags/example_latest_only.py
[2023-10-10T15:26:38.322+0000] {processor.py:839} INFO - DAG(s) dict_keys(['latest_only']) retrieved from /home/airflow/.local/lib/python3.8/site-packages/airflow/example_dags/example_latest_only.py
[2023-10-10T15:26:38.338+0000] {logging_mixin.py:151} INFO - [2023-10-10T15:26:38.338+0000] {dag.py:2915} INFO - Sync 1 DAGs
[2023-10-10T15:26:38.355+0000] {logging_mixin.py:151} INFO - [2023-10-10T15:26:38.355+0000] {dag.py:3696} INFO - Setting next_dagrun for latest_only to 2023-10-10T11:26:38.355053+00:00, run_after=2023-10-10T15:26:38.355053+00:00
[2023-10-10T15:26:38.369+0000] {processor.py:179} INFO - Processing /home/airflow/.local/lib/python3.8/site-packages/airflow/example_dags/example_latest_only.py took 0.056 seconds
[2023-10-10T15:27:08.923+0000] {processor.py:157} INFO - Started process (PID=488) to work on /home/airflow/.local/lib/python3.8/site-packages/airflow/example_dags/example_latest_only.py
[2023-10-10T15:27:08.924+0000] {processor.py:829} INFO - Processing file /home/airflow/.local/lib/python3.8/site-packages/airflow/example_dags/example_latest_only.py for tasks to queue
[2023-10-10T15:27:08.925+0000] {logging_mixin.py:151} INFO - [2023-10-10T15:27:08.925+0000] {dagbag.py:539} INFO - Filling up the DagBag from /home/airflow/.local/lib/python3.8/site-packages/airflow/example_dags/example_latest_only.py
[2023-10-10T15:27:08.929+0000] {processor.py:839} INFO - DAG(s) dict_keys(['latest_only']) retrieved from /home/airflow/.local/lib/python3.8/site-packages/airflow/example_dags/example_latest_only.py
[2023-10-10T15:27:08.946+0000] {logging_mixin.py:151} INFO - [2023-10-10T15:27:08.946+0000] {dag.py:2915} INFO - Sync 1 DAGs
[2023-10-10T15:27:08.964+0000] {logging_mixin.py:151} INFO - [2023-10-10T15:27:08.964+0000] {dag.py:3696} INFO - Setting next_dagrun for latest_only to 2023-10-10T11:27:08.964385+00:00, run_after=2023-10-10T15:27:08.964385+00:00
[2023-10-10T15:27:08.984+0000] {processor.py:179} INFO - Processing /home/airflow/.local/lib/python3.8/site-packages/airflow/example_dags/example_latest_only.py took 0.065 seconds
[2023-10-10T15:27:39.486+0000] {processor.py:157} INFO - Started process (PID=542) to work on /home/airflow/.local/lib/python3.8/site-packages/airflow/example_dags/example_latest_only.py
[2023-10-10T15:27:39.487+0000] {processor.py:829} INFO - Processing file /home/airflow/.local/lib/python3.8/site-packages/airflow/example_dags/example_latest_only.py for tasks to queue
[2023-10-10T15:27:39.489+0000] {logging_mixin.py:151} INFO - [2023-10-10T15:27:39.488+0000] {dagbag.py:539} INFO - Filling up the DagBag from /home/airflow/.local/lib/python3.8/site-packages/airflow/example_dags/example_latest_only.py
[2023-10-10T15:27:39.494+0000] {processor.py:839} INFO - DAG(s) dict_keys(['latest_only']) retrieved from /home/airflow/.local/lib/python3.8/site-packages/airflow/example_dags/example_latest_only.py
[2023-10-10T15:27:39.514+0000] {logging_mixin.py:151} INFO - [2023-10-10T15:27:39.514+0000] {dag.py:2915} INFO - Sync 1 DAGs
[2023-10-10T15:27:39.533+0000] {logging_mixin.py:151} INFO - [2023-10-10T15:27:39.533+0000] {dag.py:3696} INFO - Setting next_dagrun for latest_only to 2023-10-10T11:27:39.533192+00:00, run_after=2023-10-10T15:27:39.533192+00:00
[2023-10-10T15:27:39.549+0000] {processor.py:179} INFO - Processing /home/airflow/.local/lib/python3.8/site-packages/airflow/example_dags/example_latest_only.py took 0.066 seconds
[2023-10-10T15:28:10.280+0000] {processor.py:157} INFO - Started process (PID=596) to work on /home/airflow/.local/lib/python3.8/site-packages/airflow/example_dags/example_latest_only.py
[2023-10-10T15:28:10.281+0000] {processor.py:829} INFO - Processing file /home/airflow/.local/lib/python3.8/site-packages/airflow/example_dags/example_latest_only.py for tasks to queue
[2023-10-10T15:28:10.283+0000] {logging_mixin.py:151} INFO - [2023-10-10T15:28:10.283+0000] {dagbag.py:539} INFO - Filling up the DagBag from /home/airflow/.local/lib/python3.8/site-packages/airflow/example_dags/example_latest_only.py
[2023-10-10T15:28:10.288+0000] {processor.py:839} INFO - DAG(s) dict_keys(['latest_only']) retrieved from /home/airflow/.local/lib/python3.8/site-packages/airflow/example_dags/example_latest_only.py
[2023-10-10T15:28:10.380+0000] {logging_mixin.py:151} INFO - [2023-10-10T15:28:10.380+0000] {dag.py:2915} INFO - Sync 1 DAGs
[2023-10-10T15:28:10.404+0000] {logging_mixin.py:151} INFO - [2023-10-10T15:28:10.404+0000] {dag.py:3696} INFO - Setting next_dagrun for latest_only to 2023-10-10T11:28:10.403754+00:00, run_after=2023-10-10T15:28:10.403754+00:00
[2023-10-10T15:28:10.485+0000] {processor.py:179} INFO - Processing /home/airflow/.local/lib/python3.8/site-packages/airflow/example_dags/example_latest_only.py took 0.208 seconds
[2023-10-10T15:28:41.191+0000] {processor.py:157} INFO - Started process (PID=650) to work on /home/airflow/.local/lib/python3.8/site-packages/airflow/example_dags/example_latest_only.py
[2023-10-10T15:28:41.192+0000] {processor.py:829} INFO - Processing file /home/airflow/.local/lib/python3.8/site-packages/airflow/example_dags/example_latest_only.py for tasks to queue
[2023-10-10T15:28:41.194+0000] {logging_mixin.py:151} INFO - [2023-10-10T15:28:41.194+0000] {dagbag.py:539} INFO - Filling up the DagBag from /home/airflow/.local/lib/python3.8/site-packages/airflow/example_dags/example_latest_only.py
[2023-10-10T15:28:41.199+0000] {processor.py:839} INFO - DAG(s) dict_keys(['latest_only']) retrieved from /home/airflow/.local/lib/python3.8/site-packages/airflow/example_dags/example_latest_only.py
[2023-10-10T15:28:41.225+0000] {logging_mixin.py:151} INFO - [2023-10-10T15:28:41.225+0000] {dag.py:2915} INFO - Sync 1 DAGs
[2023-10-10T15:28:41.247+0000] {logging_mixin.py:151} INFO - [2023-10-10T15:28:41.247+0000] {dag.py:3696} INFO - Setting next_dagrun for latest_only to 2023-10-10T11:28:41.247067+00:00, run_after=2023-10-10T15:28:41.247067+00:00
[2023-10-10T15:28:41.261+0000] {processor.py:179} INFO - Processing /home/airflow/.local/lib/python3.8/site-packages/airflow/example_dags/example_latest_only.py took 0.073 seconds
[2023-10-10T15:29:11.572+0000] {processor.py:157} INFO - Started process (PID=704) to work on /home/airflow/.local/lib/python3.8/site-packages/airflow/example_dags/example_latest_only.py
[2023-10-10T15:29:11.573+0000] {processor.py:829} INFO - Processing file /home/airflow/.local/lib/python3.8/site-packages/airflow/example_dags/example_latest_only.py for tasks to queue
[2023-10-10T15:29:11.575+0000] {logging_mixin.py:151} INFO - [2023-10-10T15:29:11.574+0000] {dagbag.py:539} INFO - Filling up the DagBag from /home/airflow/.local/lib/python3.8/site-packages/airflow/example_dags/example_latest_only.py
[2023-10-10T15:29:11.580+0000] {processor.py:839} INFO - DAG(s) dict_keys(['latest_only']) retrieved from /home/airflow/.local/lib/python3.8/site-packages/airflow/example_dags/example_latest_only.py
[2023-10-10T15:29:11.599+0000] {logging_mixin.py:151} INFO - [2023-10-10T15:29:11.599+0000] {dag.py:2915} INFO - Sync 1 DAGs
[2023-10-10T15:29:11.619+0000] {logging_mixin.py:151} INFO - [2023-10-10T15:29:11.619+0000] {dag.py:3696} INFO - Setting next_dagrun for latest_only to 2023-10-10T11:29:11.618708+00:00, run_after=2023-10-10T15:29:11.618708+00:00
[2023-10-10T15:29:11.638+0000] {processor.py:179} INFO - Processing /home/airflow/.local/lib/python3.8/site-packages/airflow/example_dags/example_latest_only.py took 0.069 seconds
[2023-10-10T15:29:41.896+0000] {processor.py:157} INFO - Started process (PID=758) to work on /home/airflow/.local/lib/python3.8/site-packages/airflow/example_dags/example_latest_only.py
[2023-10-10T15:29:41.897+0000] {processor.py:829} INFO - Processing file /home/airflow/.local/lib/python3.8/site-packages/airflow/example_dags/example_latest_only.py for tasks to queue
[2023-10-10T15:29:41.899+0000] {logging_mixin.py:151} INFO - [2023-10-10T15:29:41.899+0000] {dagbag.py:539} INFO - Filling up the DagBag from /home/airflow/.local/lib/python3.8/site-packages/airflow/example_dags/example_latest_only.py
[2023-10-10T15:29:41.904+0000] {processor.py:839} INFO - DAG(s) dict_keys(['latest_only']) retrieved from /home/airflow/.local/lib/python3.8/site-packages/airflow/example_dags/example_latest_only.py
[2023-10-10T15:29:41.926+0000] {logging_mixin.py:151} INFO - [2023-10-10T15:29:41.926+0000] {dag.py:2915} INFO - Sync 1 DAGs
[2023-10-10T15:29:41.948+0000] {logging_mixin.py:151} INFO - [2023-10-10T15:29:41.948+0000] {dag.py:3696} INFO - Setting next_dagrun for latest_only to 2023-10-10T11:29:41.947824+00:00, run_after=2023-10-10T15:29:41.947824+00:00
[2023-10-10T15:29:41.966+0000] {processor.py:179} INFO - Processing /home/airflow/.local/lib/python3.8/site-packages/airflow/example_dags/example_latest_only.py took 0.073 seconds
[2023-10-10T15:30:12.174+0000] {processor.py:157} INFO - Started process (PID=812) to work on /home/airflow/.local/lib/python3.8/site-packages/airflow/example_dags/example_latest_only.py
[2023-10-10T15:30:12.175+0000] {processor.py:829} INFO - Processing file /home/airflow/.local/lib/python3.8/site-packages/airflow/example_dags/example_latest_only.py for tasks to queue
[2023-10-10T15:30:12.177+0000] {logging_mixin.py:151} INFO - [2023-10-10T15:30:12.176+0000] {dagbag.py:539} INFO - Filling up the DagBag from /home/airflow/.local/lib/python3.8/site-packages/airflow/example_dags/example_latest_only.py
[2023-10-10T15:30:12.181+0000] {processor.py:839} INFO - DAG(s) dict_keys(['latest_only']) retrieved from /home/airflow/.local/lib/python3.8/site-packages/airflow/example_dags/example_latest_only.py
[2023-10-10T15:30:12.205+0000] {logging_mixin.py:151} INFO - [2023-10-10T15:30:12.204+0000] {dag.py:2915} INFO - Sync 1 DAGs
[2023-10-10T15:30:12.227+0000] {logging_mixin.py:151} INFO - [2023-10-10T15:30:12.226+0000] {dag.py:3696} INFO - Setting next_dagrun for latest_only to 2023-10-10T11:30:12.226756+00:00, run_after=2023-10-10T15:30:12.226756+00:00
[2023-10-10T15:30:12.243+0000] {processor.py:179} INFO - Processing /home/airflow/.local/lib/python3.8/site-packages/airflow/example_dags/example_latest_only.py took 0.072 seconds
[2023-10-10T15:30:42.485+0000] {processor.py:157} INFO - Started process (PID=866) to work on /home/airflow/.local/lib/python3.8/site-packages/airflow/example_dags/example_latest_only.py
[2023-10-10T15:30:42.487+0000] {processor.py:829} INFO - Processing file /home/airflow/.local/lib/python3.8/site-packages/airflow/example_dags/example_latest_only.py for tasks to queue
[2023-10-10T15:30:42.490+0000] {logging_mixin.py:151} INFO - [2023-10-10T15:30:42.490+0000] {dagbag.py:539} INFO - Filling up the DagBag from /home/airflow/.local/lib/python3.8/site-packages/airflow/example_dags/example_latest_only.py
[2023-10-10T15:30:42.496+0000] {processor.py:839} INFO - DAG(s) dict_keys(['latest_only']) retrieved from /home/airflow/.local/lib/python3.8/site-packages/airflow/example_dags/example_latest_only.py
[2023-10-10T15:30:42.520+0000] {logging_mixin.py:151} INFO - [2023-10-10T15:30:42.519+0000] {dag.py:2915} INFO - Sync 1 DAGs
[2023-10-10T15:30:42.542+0000] {logging_mixin.py:151} INFO - [2023-10-10T15:30:42.542+0000] {dag.py:3696} INFO - Setting next_dagrun for latest_only to 2023-10-10T11:30:42.542018+00:00, run_after=2023-10-10T15:30:42.542018+00:00
[2023-10-10T15:30:42.557+0000] {processor.py:179} INFO - Processing /home/airflow/.local/lib/python3.8/site-packages/airflow/example_dags/example_latest_only.py took 0.076 seconds
[2023-10-10T15:31:12.725+0000] {processor.py:157} INFO - Started process (PID=920) to work on /home/airflow/.local/lib/python3.8/site-packages/airflow/example_dags/example_latest_only.py
[2023-10-10T15:31:12.726+0000] {processor.py:829} INFO - Processing file /home/airflow/.local/lib/python3.8/site-packages/airflow/example_dags/example_latest_only.py for tasks to queue
[2023-10-10T15:31:12.727+0000] {logging_mixin.py:151} INFO - [2023-10-10T15:31:12.727+0000] {dagbag.py:539} INFO - Filling up the DagBag from /home/airflow/.local/lib/python3.8/site-packages/airflow/example_dags/example_latest_only.py
[2023-10-10T15:31:12.732+0000] {processor.py:839} INFO - DAG(s) dict_keys(['latest_only']) retrieved from /home/airflow/.local/lib/python3.8/site-packages/airflow/example_dags/example_latest_only.py
[2023-10-10T15:31:12.754+0000] {logging_mixin.py:151} INFO - [2023-10-10T15:31:12.753+0000] {dag.py:2915} INFO - Sync 1 DAGs
[2023-10-10T15:31:12.782+0000] {logging_mixin.py:151} INFO - [2023-10-10T15:31:12.781+0000] {dag.py:3696} INFO - Setting next_dagrun for latest_only to 2023-10-10T11:31:12.781671+00:00, run_after=2023-10-10T15:31:12.781671+00:00
[2023-10-10T15:31:12.806+0000] {processor.py:179} INFO - Processing /home/airflow/.local/lib/python3.8/site-packages/airflow/example_dags/example_latest_only.py took 0.084 seconds
[2023-10-10T15:31:43.004+0000] {processor.py:157} INFO - Started process (PID=974) to work on /home/airflow/.local/lib/python3.8/site-packages/airflow/example_dags/example_latest_only.py
[2023-10-10T15:31:43.005+0000] {processor.py:829} INFO - Processing file /home/airflow/.local/lib/python3.8/site-packages/airflow/example_dags/example_latest_only.py for tasks to queue
[2023-10-10T15:31:43.006+0000] {logging_mixin.py:151} INFO - [2023-10-10T15:31:43.006+0000] {dagbag.py:539} INFO - Filling up the DagBag from /home/airflow/.local/lib/python3.8/site-packages/airflow/example_dags/example_latest_only.py
[2023-10-10T15:31:43.011+0000] {processor.py:839} INFO - DAG(s) dict_keys(['latest_only']) retrieved from /home/airflow/.local/lib/python3.8/site-packages/airflow/example_dags/example_latest_only.py
[2023-10-10T15:31:43.033+0000] {logging_mixin.py:151} INFO - [2023-10-10T15:31:43.033+0000] {dag.py:2915} INFO - Sync 1 DAGs
[2023-10-10T15:31:43.058+0000] {logging_mixin.py:151} INFO - [2023-10-10T15:31:43.058+0000] {dag.py:3696} INFO - Setting next_dagrun for latest_only to 2023-10-10T11:31:43.057786+00:00, run_after=2023-10-10T15:31:43.057786+00:00
[2023-10-10T15:31:43.077+0000] {processor.py:179} INFO - Processing /home/airflow/.local/lib/python3.8/site-packages/airflow/example_dags/example_latest_only.py took 0.076 seconds
[2023-10-10T15:32:13.793+0000] {processor.py:157} INFO - Started process (PID=1028) to work on /home/airflow/.local/lib/python3.8/site-packages/airflow/example_dags/example_latest_only.py
[2023-10-10T15:32:13.794+0000] {processor.py:829} INFO - Processing file /home/airflow/.local/lib/python3.8/site-packages/airflow/example_dags/example_latest_only.py for tasks to queue
[2023-10-10T15:32:13.796+0000] {logging_mixin.py:151} INFO - [2023-10-10T15:32:13.796+0000] {dagbag.py:539} INFO - Filling up the DagBag from /home/airflow/.local/lib/python3.8/site-packages/airflow/example_dags/example_latest_only.py
[2023-10-10T15:32:13.802+0000] {processor.py:839} INFO - DAG(s) dict_keys(['latest_only']) retrieved from /home/airflow/.local/lib/python3.8/site-packages/airflow/example_dags/example_latest_only.py
[2023-10-10T15:32:13.826+0000] {logging_mixin.py:151} INFO - [2023-10-10T15:32:13.825+0000] {dag.py:2915} INFO - Sync 1 DAGs
[2023-10-10T15:32:13.847+0000] {logging_mixin.py:151} INFO - [2023-10-10T15:32:13.846+0000] {dag.py:3696} INFO - Setting next_dagrun for latest_only to 2023-10-10T11:32:13.846764+00:00, run_after=2023-10-10T15:32:13.846764+00:00
[2023-10-10T15:32:13.861+0000] {processor.py:179} INFO - Processing /home/airflow/.local/lib/python3.8/site-packages/airflow/example_dags/example_latest_only.py took 0.071 seconds
[2023-10-10T15:32:44.667+0000] {processor.py:157} INFO - Started process (PID=1082) to work on /home/airflow/.local/lib/python3.8/site-packages/airflow/example_dags/example_latest_only.py
[2023-10-10T15:32:44.668+0000] {processor.py:829} INFO - Processing file /home/airflow/.local/lib/python3.8/site-packages/airflow/example_dags/example_latest_only.py for tasks to queue
[2023-10-10T15:32:44.669+0000] {logging_mixin.py:151} INFO - [2023-10-10T15:32:44.669+0000] {dagbag.py:539} INFO - Filling up the DagBag from /home/airflow/.local/lib/python3.8/site-packages/airflow/example_dags/example_latest_only.py
[2023-10-10T15:32:44.673+0000] {processor.py:839} INFO - DAG(s) dict_keys(['latest_only']) retrieved from /home/airflow/.local/lib/python3.8/site-packages/airflow/example_dags/example_latest_only.py
[2023-10-10T15:32:44.693+0000] {logging_mixin.py:151} INFO - [2023-10-10T15:32:44.693+0000] {dag.py:2915} INFO - Sync 1 DAGs
[2023-10-10T15:32:44.715+0000] {logging_mixin.py:151} INFO - [2023-10-10T15:32:44.715+0000] {dag.py:3696} INFO - Setting next_dagrun for latest_only to 2023-10-10T11:32:44.715367+00:00, run_after=2023-10-10T15:32:44.715367+00:00
[2023-10-10T15:32:44.733+0000] {processor.py:179} INFO - Processing /home/airflow/.local/lib/python3.8/site-packages/airflow/example_dags/example_latest_only.py took 0.068 seconds
[2023-10-10T15:33:15.011+0000] {processor.py:157} INFO - Started process (PID=1136) to work on /home/airflow/.local/lib/python3.8/site-packages/airflow/example_dags/example_latest_only.py
[2023-10-10T15:33:15.012+0000] {processor.py:829} INFO - Processing file /home/airflow/.local/lib/python3.8/site-packages/airflow/example_dags/example_latest_only.py for tasks to queue
[2023-10-10T15:33:15.014+0000] {logging_mixin.py:151} INFO - [2023-10-10T15:33:15.013+0000] {dagbag.py:539} INFO - Filling up the DagBag from /home/airflow/.local/lib/python3.8/site-packages/airflow/example_dags/example_latest_only.py
[2023-10-10T15:33:15.018+0000] {processor.py:839} INFO - DAG(s) dict_keys(['latest_only']) retrieved from /home/airflow/.local/lib/python3.8/site-packages/airflow/example_dags/example_latest_only.py
[2023-10-10T15:33:15.036+0000] {logging_mixin.py:151} INFO - [2023-10-10T15:33:15.036+0000] {dag.py:2915} INFO - Sync 1 DAGs
[2023-10-10T15:33:15.056+0000] {logging_mixin.py:151} INFO - [2023-10-10T15:33:15.056+0000] {dag.py:3696} INFO - Setting next_dagrun for latest_only to 2023-10-10T11:33:15.055924+00:00, run_after=2023-10-10T15:33:15.055924+00:00
[2023-10-10T15:33:15.070+0000] {processor.py:179} INFO - Processing /home/airflow/.local/lib/python3.8/site-packages/airflow/example_dags/example_latest_only.py took 0.063 seconds
[2023-10-10T15:33:45.388+0000] {processor.py:157} INFO - Started process (PID=1190) to work on /home/airflow/.local/lib/python3.8/site-packages/airflow/example_dags/example_latest_only.py
[2023-10-10T15:33:45.390+0000] {processor.py:829} INFO - Processing file /home/airflow/.local/lib/python3.8/site-packages/airflow/example_dags/example_latest_only.py for tasks to queue
[2023-10-10T15:33:45.392+0000] {logging_mixin.py:151} INFO - [2023-10-10T15:33:45.392+0000] {dagbag.py:539} INFO - Filling up the DagBag from /home/airflow/.local/lib/python3.8/site-packages/airflow/example_dags/example_latest_only.py
[2023-10-10T15:33:45.397+0000] {processor.py:839} INFO - DAG(s) dict_keys(['latest_only']) retrieved from /home/airflow/.local/lib/python3.8/site-packages/airflow/example_dags/example_latest_only.py
[2023-10-10T15:33:45.418+0000] {logging_mixin.py:151} INFO - [2023-10-10T15:33:45.417+0000] {dag.py:2915} INFO - Sync 1 DAGs
[2023-10-10T15:33:45.438+0000] {logging_mixin.py:151} INFO - [2023-10-10T15:33:45.438+0000] {dag.py:3696} INFO - Setting next_dagrun for latest_only to 2023-10-10T11:33:45.437812+00:00, run_after=2023-10-10T15:33:45.437812+00:00
[2023-10-10T15:33:45.462+0000] {processor.py:179} INFO - Processing /home/airflow/.local/lib/python3.8/site-packages/airflow/example_dags/example_latest_only.py took 0.076 seconds
[2023-10-10T15:34:15.534+0000] {processor.py:157} INFO - Started process (PID=1244) to work on /home/airflow/.local/lib/python3.8/site-packages/airflow/example_dags/example_latest_only.py
[2023-10-10T15:34:15.535+0000] {processor.py:829} INFO - Processing file /home/airflow/.local/lib/python3.8/site-packages/airflow/example_dags/example_latest_only.py for tasks to queue
[2023-10-10T15:34:15.537+0000] {logging_mixin.py:151} INFO - [2023-10-10T15:34:15.536+0000] {dagbag.py:539} INFO - Filling up the DagBag from /home/airflow/.local/lib/python3.8/site-packages/airflow/example_dags/example_latest_only.py
[2023-10-10T15:34:15.540+0000] {processor.py:839} INFO - DAG(s) dict_keys(['latest_only']) retrieved from /home/airflow/.local/lib/python3.8/site-packages/airflow/example_dags/example_latest_only.py
[2023-10-10T15:34:15.557+0000] {logging_mixin.py:151} INFO - [2023-10-10T15:34:15.557+0000] {dag.py:2915} INFO - Sync 1 DAGs
[2023-10-10T15:34:15.587+0000] {logging_mixin.py:151} INFO - [2023-10-10T15:34:15.586+0000] {dag.py:3696} INFO - Setting next_dagrun for latest_only to 2023-10-10T11:34:15.586567+00:00, run_after=2023-10-10T15:34:15.586567+00:00
[2023-10-10T15:34:15.607+0000] {processor.py:179} INFO - Processing /home/airflow/.local/lib/python3.8/site-packages/airflow/example_dags/example_latest_only.py took 0.075 seconds
[2023-10-10T15:34:46.000+0000] {processor.py:157} INFO - Started process (PID=1298) to work on /home/airflow/.local/lib/python3.8/site-packages/airflow/example_dags/example_latest_only.py
[2023-10-10T15:34:46.001+0000] {processor.py:829} INFO - Processing file /home/airflow/.local/lib/python3.8/site-packages/airflow/example_dags/example_latest_only.py for tasks to queue
[2023-10-10T15:34:46.004+0000] {logging_mixin.py:151} INFO - [2023-10-10T15:34:46.003+0000] {dagbag.py:539} INFO - Filling up the DagBag from /home/airflow/.local/lib/python3.8/site-packages/airflow/example_dags/example_latest_only.py
[2023-10-10T15:34:46.010+0000] {processor.py:839} INFO - DAG(s) dict_keys(['latest_only']) retrieved from /home/airflow/.local/lib/python3.8/site-packages/airflow/example_dags/example_latest_only.py
[2023-10-10T15:34:46.035+0000] {logging_mixin.py:151} INFO - [2023-10-10T15:34:46.035+0000] {dag.py:2915} INFO - Sync 1 DAGs
[2023-10-10T15:34:46.055+0000] {logging_mixin.py:151} INFO - [2023-10-10T15:34:46.055+0000] {dag.py:3696} INFO - Setting next_dagrun for latest_only to 2023-10-10T11:34:46.055033+00:00, run_after=2023-10-10T15:34:46.055033+00:00
[2023-10-10T15:34:46.070+0000] {processor.py:179} INFO - Processing /home/airflow/.local/lib/python3.8/site-packages/airflow/example_dags/example_latest_only.py took 0.073 seconds
[2023-10-10T15:35:16.297+0000] {processor.py:157} INFO - Started process (PID=1351) to work on /home/airflow/.local/lib/python3.8/site-packages/airflow/example_dags/example_latest_only.py
[2023-10-10T15:35:16.298+0000] {processor.py:829} INFO - Processing file /home/airflow/.local/lib/python3.8/site-packages/airflow/example_dags/example_latest_only.py for tasks to queue
[2023-10-10T15:35:16.300+0000] {logging_mixin.py:151} INFO - [2023-10-10T15:35:16.299+0000] {dagbag.py:539} INFO - Filling up the DagBag from /home/airflow/.local/lib/python3.8/site-packages/airflow/example_dags/example_latest_only.py
[2023-10-10T15:35:16.305+0000] {processor.py:839} INFO - DAG(s) dict_keys(['latest_only']) retrieved from /home/airflow/.local/lib/python3.8/site-packages/airflow/example_dags/example_latest_only.py
[2023-10-10T15:35:16.327+0000] {logging_mixin.py:151} INFO - [2023-10-10T15:35:16.326+0000] {dag.py:2915} INFO - Sync 1 DAGs
[2023-10-10T15:35:16.348+0000] {logging_mixin.py:151} INFO - [2023-10-10T15:35:16.348+0000] {dag.py:3696} INFO - Setting next_dagrun for latest_only to 2023-10-10T11:35:16.348215+00:00, run_after=2023-10-10T15:35:16.348215+00:00
[2023-10-10T15:35:16.362+0000] {processor.py:179} INFO - Processing /home/airflow/.local/lib/python3.8/site-packages/airflow/example_dags/example_latest_only.py took 0.068 seconds
[2023-10-10T15:35:46.590+0000] {processor.py:157} INFO - Started process (PID=1405) to work on /home/airflow/.local/lib/python3.8/site-packages/airflow/example_dags/example_latest_only.py
[2023-10-10T15:35:46.591+0000] {processor.py:829} INFO - Processing file /home/airflow/.local/lib/python3.8/site-packages/airflow/example_dags/example_latest_only.py for tasks to queue
[2023-10-10T15:35:46.593+0000] {logging_mixin.py:151} INFO - [2023-10-10T15:35:46.593+0000] {dagbag.py:539} INFO - Filling up the DagBag from /home/airflow/.local/lib/python3.8/site-packages/airflow/example_dags/example_latest_only.py
[2023-10-10T15:35:46.598+0000] {processor.py:839} INFO - DAG(s) dict_keys(['latest_only']) retrieved from /home/airflow/.local/lib/python3.8/site-packages/airflow/example_dags/example_latest_only.py
[2023-10-10T15:35:46.619+0000] {logging_mixin.py:151} INFO - [2023-10-10T15:35:46.619+0000] {dag.py:2915} INFO - Sync 1 DAGs
[2023-10-10T15:35:46.638+0000] {logging_mixin.py:151} INFO - [2023-10-10T15:35:46.638+0000] {dag.py:3696} INFO - Setting next_dagrun for latest_only to 2023-10-10T11:35:46.637809+00:00, run_after=2023-10-10T15:35:46.637809+00:00
[2023-10-10T15:35:46.653+0000] {processor.py:179} INFO - Processing /home/airflow/.local/lib/python3.8/site-packages/airflow/example_dags/example_latest_only.py took 0.066 seconds
[2023-10-10T15:36:17.239+0000] {processor.py:157} INFO - Started process (PID=1459) to work on /home/airflow/.local/lib/python3.8/site-packages/airflow/example_dags/example_latest_only.py
[2023-10-10T15:36:17.239+0000] {processor.py:829} INFO - Processing file /home/airflow/.local/lib/python3.8/site-packages/airflow/example_dags/example_latest_only.py for tasks to queue
[2023-10-10T15:36:17.241+0000] {logging_mixin.py:151} INFO - [2023-10-10T15:36:17.241+0000] {dagbag.py:539} INFO - Filling up the DagBag from /home/airflow/.local/lib/python3.8/site-packages/airflow/example_dags/example_latest_only.py
[2023-10-10T15:36:17.247+0000] {processor.py:839} INFO - DAG(s) dict_keys(['latest_only']) retrieved from /home/airflow/.local/lib/python3.8/site-packages/airflow/example_dags/example_latest_only.py
[2023-10-10T15:36:17.269+0000] {logging_mixin.py:151} INFO - [2023-10-10T15:36:17.269+0000] {dag.py:2915} INFO - Sync 1 DAGs
[2023-10-10T15:36:17.298+0000] {logging_mixin.py:151} INFO - [2023-10-10T15:36:17.298+0000] {dag.py:3696} INFO - Setting next_dagrun for latest_only to 2023-10-10T11:36:17.297690+00:00, run_after=2023-10-10T15:36:17.297690+00:00
[2023-10-10T15:36:17.321+0000] {processor.py:179} INFO - Processing /home/airflow/.local/lib/python3.8/site-packages/airflow/example_dags/example_latest_only.py took 0.085 seconds
[2023-10-10T15:36:47.487+0000] {processor.py:157} INFO - Started process (PID=1513) to work on /home/airflow/.local/lib/python3.8/site-packages/airflow/example_dags/example_latest_only.py
[2023-10-10T15:36:47.488+0000] {processor.py:829} INFO - Processing file /home/airflow/.local/lib/python3.8/site-packages/airflow/example_dags/example_latest_only.py for tasks to queue
[2023-10-10T15:36:47.489+0000] {logging_mixin.py:151} INFO - [2023-10-10T15:36:47.489+0000] {dagbag.py:539} INFO - Filling up the DagBag from /home/airflow/.local/lib/python3.8/site-packages/airflow/example_dags/example_latest_only.py
[2023-10-10T15:36:47.494+0000] {processor.py:839} INFO - DAG(s) dict_keys(['latest_only']) retrieved from /home/airflow/.local/lib/python3.8/site-packages/airflow/example_dags/example_latest_only.py
[2023-10-10T15:36:47.515+0000] {logging_mixin.py:151} INFO - [2023-10-10T15:36:47.515+0000] {dag.py:2915} INFO - Sync 1 DAGs
[2023-10-10T15:36:47.539+0000] {logging_mixin.py:151} INFO - [2023-10-10T15:36:47.539+0000] {dag.py:3696} INFO - Setting next_dagrun for latest_only to 2023-10-10T11:36:47.539470+00:00, run_after=2023-10-10T15:36:47.539470+00:00
[2023-10-10T15:36:47.557+0000] {processor.py:179} INFO - Processing /home/airflow/.local/lib/python3.8/site-packages/airflow/example_dags/example_latest_only.py took 0.073 seconds
[2023-10-10T15:37:17.752+0000] {processor.py:157} INFO - Started process (PID=1567) to work on /home/airflow/.local/lib/python3.8/site-packages/airflow/example_dags/example_latest_only.py
[2023-10-10T15:37:17.753+0000] {processor.py:829} INFO - Processing file /home/airflow/.local/lib/python3.8/site-packages/airflow/example_dags/example_latest_only.py for tasks to queue
[2023-10-10T15:37:17.754+0000] {logging_mixin.py:151} INFO - [2023-10-10T15:37:17.754+0000] {dagbag.py:539} INFO - Filling up the DagBag from /home/airflow/.local/lib/python3.8/site-packages/airflow/example_dags/example_latest_only.py
[2023-10-10T15:37:17.758+0000] {processor.py:839} INFO - DAG(s) dict_keys(['latest_only']) retrieved from /home/airflow/.local/lib/python3.8/site-packages/airflow/example_dags/example_latest_only.py
[2023-10-10T15:37:17.776+0000] {logging_mixin.py:151} INFO - [2023-10-10T15:37:17.775+0000] {dag.py:2915} INFO - Sync 1 DAGs
[2023-10-10T15:37:17.804+0000] {logging_mixin.py:151} INFO - [2023-10-10T15:37:17.804+0000] {dag.py:3696} INFO - Setting next_dagrun for latest_only to 2023-10-10T11:37:17.803873+00:00, run_after=2023-10-10T15:37:17.803873+00:00
[2023-10-10T15:37:17.822+0000] {processor.py:179} INFO - Processing /home/airflow/.local/lib/python3.8/site-packages/airflow/example_dags/example_latest_only.py took 0.072 seconds
[2023-10-10T15:37:47.979+0000] {processor.py:157} INFO - Started process (PID=1621) to work on /home/airflow/.local/lib/python3.8/site-packages/airflow/example_dags/example_latest_only.py
[2023-10-10T15:37:47.980+0000] {processor.py:829} INFO - Processing file /home/airflow/.local/lib/python3.8/site-packages/airflow/example_dags/example_latest_only.py for tasks to queue
[2023-10-10T15:37:47.982+0000] {logging_mixin.py:151} INFO - [2023-10-10T15:37:47.982+0000] {dagbag.py:539} INFO - Filling up the DagBag from /home/airflow/.local/lib/python3.8/site-packages/airflow/example_dags/example_latest_only.py
[2023-10-10T15:37:47.986+0000] {processor.py:839} INFO - DAG(s) dict_keys(['latest_only']) retrieved from /home/airflow/.local/lib/python3.8/site-packages/airflow/example_dags/example_latest_only.py
[2023-10-10T15:37:48.006+0000] {logging_mixin.py:151} INFO - [2023-10-10T15:37:48.006+0000] {dag.py:2915} INFO - Sync 1 DAGs
[2023-10-10T15:37:48.029+0000] {logging_mixin.py:151} INFO - [2023-10-10T15:37:48.029+0000] {dag.py:3696} INFO - Setting next_dagrun for latest_only to 2023-10-10T11:37:48.029221+00:00, run_after=2023-10-10T15:37:48.029221+00:00
[2023-10-10T15:37:48.047+0000] {processor.py:179} INFO - Processing /home/airflow/.local/lib/python3.8/site-packages/airflow/example_dags/example_latest_only.py took 0.071 seconds
[2023-10-10T15:38:18.670+0000] {processor.py:157} INFO - Started process (PID=1675) to work on /home/airflow/.local/lib/python3.8/site-packages/airflow/example_dags/example_latest_only.py
[2023-10-10T15:38:18.671+0000] {processor.py:829} INFO - Processing file /home/airflow/.local/lib/python3.8/site-packages/airflow/example_dags/example_latest_only.py for tasks to queue
[2023-10-10T15:38:18.673+0000] {logging_mixin.py:151} INFO - [2023-10-10T15:38:18.673+0000] {dagbag.py:539} INFO - Filling up the DagBag from /home/airflow/.local/lib/python3.8/site-packages/airflow/example_dags/example_latest_only.py
[2023-10-10T15:38:18.678+0000] {processor.py:839} INFO - DAG(s) dict_keys(['latest_only']) retrieved from /home/airflow/.local/lib/python3.8/site-packages/airflow/example_dags/example_latest_only.py
[2023-10-10T15:38:18.708+0000] {logging_mixin.py:151} INFO - [2023-10-10T15:38:18.707+0000] {dag.py:2915} INFO - Sync 1 DAGs
[2023-10-10T15:38:18.736+0000] {logging_mixin.py:151} INFO - [2023-10-10T15:38:18.736+0000] {dag.py:3696} INFO - Setting next_dagrun for latest_only to 2023-10-10T11:38:18.735730+00:00, run_after=2023-10-10T15:38:18.735730+00:00
[2023-10-10T15:38:18.754+0000] {processor.py:179} INFO - Processing /home/airflow/.local/lib/python3.8/site-packages/airflow/example_dags/example_latest_only.py took 0.087 seconds
[2023-10-10T15:38:48.865+0000] {processor.py:157} INFO - Started process (PID=1729) to work on /home/airflow/.local/lib/python3.8/site-packages/airflow/example_dags/example_latest_only.py
[2023-10-10T15:38:48.866+0000] {processor.py:829} INFO - Processing file /home/airflow/.local/lib/python3.8/site-packages/airflow/example_dags/example_latest_only.py for tasks to queue
[2023-10-10T15:38:48.867+0000] {logging_mixin.py:151} INFO - [2023-10-10T15:38:48.867+0000] {dagbag.py:539} INFO - Filling up the DagBag from /home/airflow/.local/lib/python3.8/site-packages/airflow/example_dags/example_latest_only.py
[2023-10-10T15:38:48.871+0000] {processor.py:839} INFO - DAG(s) dict_keys(['latest_only']) retrieved from /home/airflow/.local/lib/python3.8/site-packages/airflow/example_dags/example_latest_only.py
[2023-10-10T15:38:48.892+0000] {logging_mixin.py:151} INFO - [2023-10-10T15:38:48.892+0000] {dag.py:2915} INFO - Sync 1 DAGs
[2023-10-10T15:38:48.913+0000] {logging_mixin.py:151} INFO - [2023-10-10T15:38:48.912+0000] {dag.py:3696} INFO - Setting next_dagrun for latest_only to 2023-10-10T11:38:48.912652+00:00, run_after=2023-10-10T15:38:48.912652+00:00
[2023-10-10T15:38:48.929+0000] {processor.py:179} INFO - Processing /home/airflow/.local/lib/python3.8/site-packages/airflow/example_dags/example_latest_only.py took 0.066 seconds
[2023-10-10T15:39:19.162+0000] {processor.py:157} INFO - Started process (PID=1783) to work on /home/airflow/.local/lib/python3.8/site-packages/airflow/example_dags/example_latest_only.py
[2023-10-10T15:39:19.163+0000] {processor.py:829} INFO - Processing file /home/airflow/.local/lib/python3.8/site-packages/airflow/example_dags/example_latest_only.py for tasks to queue
[2023-10-10T15:39:19.165+0000] {logging_mixin.py:151} INFO - [2023-10-10T15:39:19.165+0000] {dagbag.py:539} INFO - Filling up the DagBag from /home/airflow/.local/lib/python3.8/site-packages/airflow/example_dags/example_latest_only.py
[2023-10-10T15:39:19.170+0000] {processor.py:839} INFO - DAG(s) dict_keys(['latest_only']) retrieved from /home/airflow/.local/lib/python3.8/site-packages/airflow/example_dags/example_latest_only.py
[2023-10-10T15:39:19.192+0000] {logging_mixin.py:151} INFO - [2023-10-10T15:39:19.192+0000] {dag.py:2915} INFO - Sync 1 DAGs
[2023-10-10T15:39:19.217+0000] {logging_mixin.py:151} INFO - [2023-10-10T15:39:19.217+0000] {dag.py:3696} INFO - Setting next_dagrun for latest_only to 2023-10-10T11:39:19.216919+00:00, run_after=2023-10-10T15:39:19.216919+00:00
[2023-10-10T15:39:19.238+0000] {processor.py:179} INFO - Processing /home/airflow/.local/lib/python3.8/site-packages/airflow/example_dags/example_latest_only.py took 0.079 seconds
[2023-10-10T15:39:49.406+0000] {processor.py:157} INFO - Started process (PID=1837) to work on /home/airflow/.local/lib/python3.8/site-packages/airflow/example_dags/example_latest_only.py
[2023-10-10T15:39:49.409+0000] {processor.py:829} INFO - Processing file /home/airflow/.local/lib/python3.8/site-packages/airflow/example_dags/example_latest_only.py for tasks to queue
[2023-10-10T15:39:49.411+0000] {logging_mixin.py:151} INFO - [2023-10-10T15:39:49.411+0000] {dagbag.py:539} INFO - Filling up the DagBag from /home/airflow/.local/lib/python3.8/site-packages/airflow/example_dags/example_latest_only.py
[2023-10-10T15:39:49.417+0000] {processor.py:839} INFO - DAG(s) dict_keys(['latest_only']) retrieved from /home/airflow/.local/lib/python3.8/site-packages/airflow/example_dags/example_latest_only.py
[2023-10-10T15:39:49.441+0000] {logging_mixin.py:151} INFO - [2023-10-10T15:39:49.441+0000] {dag.py:2915} INFO - Sync 1 DAGs
[2023-10-10T15:39:49.463+0000] {logging_mixin.py:151} INFO - [2023-10-10T15:39:49.463+0000] {dag.py:3696} INFO - Setting next_dagrun for latest_only to 2023-10-10T11:39:49.462867+00:00, run_after=2023-10-10T15:39:49.462867+00:00
[2023-10-10T15:39:49.483+0000] {processor.py:179} INFO - Processing /home/airflow/.local/lib/python3.8/site-packages/airflow/example_dags/example_latest_only.py took 0.080 seconds
[2023-10-10T15:40:19.719+0000] {processor.py:157} INFO - Started process (PID=1891) to work on /home/airflow/.local/lib/python3.8/site-packages/airflow/example_dags/example_latest_only.py
[2023-10-10T15:40:19.720+0000] {processor.py:829} INFO - Processing file /home/airflow/.local/lib/python3.8/site-packages/airflow/example_dags/example_latest_only.py for tasks to queue
[2023-10-10T15:40:19.722+0000] {logging_mixin.py:151} INFO - [2023-10-10T15:40:19.721+0000] {dagbag.py:539} INFO - Filling up the DagBag from /home/airflow/.local/lib/python3.8/site-packages/airflow/example_dags/example_latest_only.py
[2023-10-10T15:40:19.726+0000] {processor.py:839} INFO - DAG(s) dict_keys(['latest_only']) retrieved from /home/airflow/.local/lib/python3.8/site-packages/airflow/example_dags/example_latest_only.py
[2023-10-10T15:40:19.745+0000] {logging_mixin.py:151} INFO - [2023-10-10T15:40:19.744+0000] {dag.py:2915} INFO - Sync 1 DAGs
[2023-10-10T15:40:19.776+0000] {logging_mixin.py:151} INFO - [2023-10-10T15:40:19.776+0000] {dag.py:3696} INFO - Setting next_dagrun for latest_only to 2023-10-10T11:40:19.775853+00:00, run_after=2023-10-10T15:40:19.775853+00:00
[2023-10-10T15:40:19.796+0000] {processor.py:179} INFO - Processing /home/airflow/.local/lib/python3.8/site-packages/airflow/example_dags/example_latest_only.py took 0.080 seconds
[2023-10-10T15:40:49.979+0000] {processor.py:157} INFO - Started process (PID=1945) to work on /home/airflow/.local/lib/python3.8/site-packages/airflow/example_dags/example_latest_only.py
[2023-10-10T15:40:49.980+0000] {processor.py:829} INFO - Processing file /home/airflow/.local/lib/python3.8/site-packages/airflow/example_dags/example_latest_only.py for tasks to queue
[2023-10-10T15:40:49.983+0000] {logging_mixin.py:151} INFO - [2023-10-10T15:40:49.982+0000] {dagbag.py:539} INFO - Filling up the DagBag from /home/airflow/.local/lib/python3.8/site-packages/airflow/example_dags/example_latest_only.py
[2023-10-10T15:40:49.988+0000] {processor.py:839} INFO - DAG(s) dict_keys(['latest_only']) retrieved from /home/airflow/.local/lib/python3.8/site-packages/airflow/example_dags/example_latest_only.py
[2023-10-10T15:40:50.008+0000] {logging_mixin.py:151} INFO - [2023-10-10T15:40:50.008+0000] {dag.py:2915} INFO - Sync 1 DAGs
[2023-10-10T15:40:50.029+0000] {logging_mixin.py:151} INFO - [2023-10-10T15:40:50.028+0000] {dag.py:3696} INFO - Setting next_dagrun for latest_only to 2023-10-10T11:40:50.028756+00:00, run_after=2023-10-10T15:40:50.028756+00:00
[2023-10-10T15:40:50.044+0000] {processor.py:179} INFO - Processing /home/airflow/.local/lib/python3.8/site-packages/airflow/example_dags/example_latest_only.py took 0.069 seconds
[2023-10-10T15:41:20.292+0000] {processor.py:157} INFO - Started process (PID=1998) to work on /home/airflow/.local/lib/python3.8/site-packages/airflow/example_dags/example_latest_only.py
[2023-10-10T15:41:20.293+0000] {processor.py:829} INFO - Processing file /home/airflow/.local/lib/python3.8/site-packages/airflow/example_dags/example_latest_only.py for tasks to queue
[2023-10-10T15:41:20.294+0000] {logging_mixin.py:151} INFO - [2023-10-10T15:41:20.294+0000] {dagbag.py:539} INFO - Filling up the DagBag from /home/airflow/.local/lib/python3.8/site-packages/airflow/example_dags/example_latest_only.py
[2023-10-10T15:41:20.299+0000] {processor.py:839} INFO - DAG(s) dict_keys(['latest_only']) retrieved from /home/airflow/.local/lib/python3.8/site-packages/airflow/example_dags/example_latest_only.py
[2023-10-10T15:41:20.316+0000] {logging_mixin.py:151} INFO - [2023-10-10T15:41:20.316+0000] {dag.py:2915} INFO - Sync 1 DAGs
[2023-10-10T15:41:20.334+0000] {logging_mixin.py:151} INFO - [2023-10-10T15:41:20.334+0000] {dag.py:3696} INFO - Setting next_dagrun for latest_only to 2023-10-10T11:41:20.334267+00:00, run_after=2023-10-10T15:41:20.334267+00:00
[2023-10-10T15:41:20.350+0000] {processor.py:179} INFO - Processing /home/airflow/.local/lib/python3.8/site-packages/airflow/example_dags/example_latest_only.py took 0.061 seconds
[2023-10-10T15:41:50.669+0000] {processor.py:157} INFO - Started process (PID=2052) to work on /home/airflow/.local/lib/python3.8/site-packages/airflow/example_dags/example_latest_only.py
[2023-10-10T15:41:50.670+0000] {processor.py:829} INFO - Processing file /home/airflow/.local/lib/python3.8/site-packages/airflow/example_dags/example_latest_only.py for tasks to queue
[2023-10-10T15:41:50.672+0000] {logging_mixin.py:151} INFO - [2023-10-10T15:41:50.672+0000] {dagbag.py:539} INFO - Filling up the DagBag from /home/airflow/.local/lib/python3.8/site-packages/airflow/example_dags/example_latest_only.py
[2023-10-10T15:41:50.678+0000] {processor.py:839} INFO - DAG(s) dict_keys(['latest_only']) retrieved from /home/airflow/.local/lib/python3.8/site-packages/airflow/example_dags/example_latest_only.py
[2023-10-10T15:41:50.701+0000] {logging_mixin.py:151} INFO - [2023-10-10T15:41:50.701+0000] {dag.py:2915} INFO - Sync 1 DAGs
[2023-10-10T15:41:50.722+0000] {logging_mixin.py:151} INFO - [2023-10-10T15:41:50.722+0000] {dag.py:3696} INFO - Setting next_dagrun for latest_only to 2023-10-10T11:41:50.722072+00:00, run_after=2023-10-10T15:41:50.722072+00:00
[2023-10-10T15:41:50.737+0000] {processor.py:179} INFO - Processing /home/airflow/.local/lib/python3.8/site-packages/airflow/example_dags/example_latest_only.py took 0.072 seconds
[2023-10-10T15:42:20.885+0000] {processor.py:157} INFO - Started process (PID=2106) to work on /home/airflow/.local/lib/python3.8/site-packages/airflow/example_dags/example_latest_only.py
[2023-10-10T15:42:20.887+0000] {processor.py:829} INFO - Processing file /home/airflow/.local/lib/python3.8/site-packages/airflow/example_dags/example_latest_only.py for tasks to queue
[2023-10-10T15:42:20.889+0000] {logging_mixin.py:151} INFO - [2023-10-10T15:42:20.889+0000] {dagbag.py:539} INFO - Filling up the DagBag from /home/airflow/.local/lib/python3.8/site-packages/airflow/example_dags/example_latest_only.py
[2023-10-10T15:42:20.894+0000] {processor.py:839} INFO - DAG(s) dict_keys(['latest_only']) retrieved from /home/airflow/.local/lib/python3.8/site-packages/airflow/example_dags/example_latest_only.py
[2023-10-10T15:42:20.917+0000] {logging_mixin.py:151} INFO - [2023-10-10T15:42:20.916+0000] {dag.py:2915} INFO - Sync 1 DAGs
[2023-10-10T15:42:20.941+0000] {logging_mixin.py:151} INFO - [2023-10-10T15:42:20.941+0000] {dag.py:3696} INFO - Setting next_dagrun for latest_only to 2023-10-10T11:42:20.941176+00:00, run_after=2023-10-10T15:42:20.941176+00:00
[2023-10-10T15:42:20.961+0000] {processor.py:179} INFO - Processing /home/airflow/.local/lib/python3.8/site-packages/airflow/example_dags/example_latest_only.py took 0.079 seconds
[2023-10-10T15:42:51.285+0000] {processor.py:157} INFO - Started process (PID=2160) to work on /home/airflow/.local/lib/python3.8/site-packages/airflow/example_dags/example_latest_only.py
[2023-10-10T15:42:51.286+0000] {processor.py:829} INFO - Processing file /home/airflow/.local/lib/python3.8/site-packages/airflow/example_dags/example_latest_only.py for tasks to queue
[2023-10-10T15:42:51.288+0000] {logging_mixin.py:151} INFO - [2023-10-10T15:42:51.287+0000] {dagbag.py:539} INFO - Filling up the DagBag from /home/airflow/.local/lib/python3.8/site-packages/airflow/example_dags/example_latest_only.py
[2023-10-10T15:42:51.292+0000] {processor.py:839} INFO - DAG(s) dict_keys(['latest_only']) retrieved from /home/airflow/.local/lib/python3.8/site-packages/airflow/example_dags/example_latest_only.py
[2023-10-10T15:42:51.318+0000] {logging_mixin.py:151} INFO - [2023-10-10T15:42:51.317+0000] {dag.py:2915} INFO - Sync 1 DAGs
[2023-10-10T15:42:51.339+0000] {logging_mixin.py:151} INFO - [2023-10-10T15:42:51.338+0000] {dag.py:3696} INFO - Setting next_dagrun for latest_only to 2023-10-10T11:42:51.338660+00:00, run_after=2023-10-10T15:42:51.338660+00:00
[2023-10-10T15:42:51.353+0000] {processor.py:179} INFO - Processing /home/airflow/.local/lib/python3.8/site-packages/airflow/example_dags/example_latest_only.py took 0.072 seconds
[2023-10-10T15:43:22.183+0000] {processor.py:157} INFO - Started process (PID=2214) to work on /home/airflow/.local/lib/python3.8/site-packages/airflow/example_dags/example_latest_only.py
[2023-10-10T15:43:22.184+0000] {processor.py:829} INFO - Processing file /home/airflow/.local/lib/python3.8/site-packages/airflow/example_dags/example_latest_only.py for tasks to queue
[2023-10-10T15:43:22.186+0000] {logging_mixin.py:151} INFO - [2023-10-10T15:43:22.186+0000] {dagbag.py:539} INFO - Filling up the DagBag from /home/airflow/.local/lib/python3.8/site-packages/airflow/example_dags/example_latest_only.py
[2023-10-10T15:43:22.191+0000] {processor.py:839} INFO - DAG(s) dict_keys(['latest_only']) retrieved from /home/airflow/.local/lib/python3.8/site-packages/airflow/example_dags/example_latest_only.py
[2023-10-10T15:43:22.216+0000] {logging_mixin.py:151} INFO - [2023-10-10T15:43:22.216+0000] {dag.py:2915} INFO - Sync 1 DAGs
[2023-10-10T15:43:22.235+0000] {logging_mixin.py:151} INFO - [2023-10-10T15:43:22.235+0000] {dag.py:3696} INFO - Setting next_dagrun for latest_only to 2023-10-10T11:43:22.235182+00:00, run_after=2023-10-10T15:43:22.235182+00:00
[2023-10-10T15:43:22.249+0000] {processor.py:179} INFO - Processing /home/airflow/.local/lib/python3.8/site-packages/airflow/example_dags/example_latest_only.py took 0.069 seconds
[2023-10-10T15:43:52.337+0000] {processor.py:157} INFO - Started process (PID=2268) to work on /home/airflow/.local/lib/python3.8/site-packages/airflow/example_dags/example_latest_only.py
[2023-10-10T15:43:52.338+0000] {processor.py:829} INFO - Processing file /home/airflow/.local/lib/python3.8/site-packages/airflow/example_dags/example_latest_only.py for tasks to queue
[2023-10-10T15:43:52.339+0000] {logging_mixin.py:151} INFO - [2023-10-10T15:43:52.339+0000] {dagbag.py:539} INFO - Filling up the DagBag from /home/airflow/.local/lib/python3.8/site-packages/airflow/example_dags/example_latest_only.py
[2023-10-10T15:43:52.343+0000] {processor.py:839} INFO - DAG(s) dict_keys(['latest_only']) retrieved from /home/airflow/.local/lib/python3.8/site-packages/airflow/example_dags/example_latest_only.py
[2023-10-10T15:43:52.360+0000] {logging_mixin.py:151} INFO - [2023-10-10T15:43:52.359+0000] {dag.py:2915} INFO - Sync 1 DAGs
[2023-10-10T15:43:52.392+0000] {logging_mixin.py:151} INFO - [2023-10-10T15:43:52.392+0000] {dag.py:3696} INFO - Setting next_dagrun for latest_only to 2023-10-10T11:43:52.391846+00:00, run_after=2023-10-10T15:43:52.391846+00:00
[2023-10-10T15:43:52.408+0000] {processor.py:179} INFO - Processing /home/airflow/.local/lib/python3.8/site-packages/airflow/example_dags/example_latest_only.py took 0.073 seconds
[2023-10-10T15:44:23.037+0000] {processor.py:157} INFO - Started process (PID=2322) to work on /home/airflow/.local/lib/python3.8/site-packages/airflow/example_dags/example_latest_only.py
[2023-10-10T15:44:23.038+0000] {processor.py:829} INFO - Processing file /home/airflow/.local/lib/python3.8/site-packages/airflow/example_dags/example_latest_only.py for tasks to queue
[2023-10-10T15:44:23.039+0000] {logging_mixin.py:151} INFO - [2023-10-10T15:44:23.039+0000] {dagbag.py:539} INFO - Filling up the DagBag from /home/airflow/.local/lib/python3.8/site-packages/airflow/example_dags/example_latest_only.py
[2023-10-10T15:44:23.046+0000] {processor.py:839} INFO - DAG(s) dict_keys(['latest_only']) retrieved from /home/airflow/.local/lib/python3.8/site-packages/airflow/example_dags/example_latest_only.py
[2023-10-10T15:44:23.070+0000] {logging_mixin.py:151} INFO - [2023-10-10T15:44:23.069+0000] {dag.py:2915} INFO - Sync 1 DAGs
[2023-10-10T15:44:23.092+0000] {logging_mixin.py:151} INFO - [2023-10-10T15:44:23.092+0000] {dag.py:3696} INFO - Setting next_dagrun for latest_only to 2023-10-10T11:44:23.092065+00:00, run_after=2023-10-10T15:44:23.092065+00:00
[2023-10-10T15:44:23.110+0000] {processor.py:179} INFO - Processing /home/airflow/.local/lib/python3.8/site-packages/airflow/example_dags/example_latest_only.py took 0.076 seconds
[2023-10-10T15:44:53.617+0000] {processor.py:157} INFO - Started process (PID=2376) to work on /home/airflow/.local/lib/python3.8/site-packages/airflow/example_dags/example_latest_only.py
[2023-10-10T15:44:53.618+0000] {processor.py:829} INFO - Processing file /home/airflow/.local/lib/python3.8/site-packages/airflow/example_dags/example_latest_only.py for tasks to queue
[2023-10-10T15:44:53.620+0000] {logging_mixin.py:151} INFO - [2023-10-10T15:44:53.620+0000] {dagbag.py:539} INFO - Filling up the DagBag from /home/airflow/.local/lib/python3.8/site-packages/airflow/example_dags/example_latest_only.py
[2023-10-10T15:44:53.624+0000] {processor.py:839} INFO - DAG(s) dict_keys(['latest_only']) retrieved from /home/airflow/.local/lib/python3.8/site-packages/airflow/example_dags/example_latest_only.py
[2023-10-10T15:44:53.641+0000] {logging_mixin.py:151} INFO - [2023-10-10T15:44:53.641+0000] {dag.py:2915} INFO - Sync 1 DAGs
[2023-10-10T15:44:53.660+0000] {logging_mixin.py:151} INFO - [2023-10-10T15:44:53.660+0000] {dag.py:3696} INFO - Setting next_dagrun for latest_only to 2023-10-10T11:44:53.660284+00:00, run_after=2023-10-10T15:44:53.660284+00:00
[2023-10-10T15:44:53.676+0000] {processor.py:179} INFO - Processing /home/airflow/.local/lib/python3.8/site-packages/airflow/example_dags/example_latest_only.py took 0.060 seconds
[2023-10-10T15:45:24.071+0000] {processor.py:157} INFO - Started process (PID=2430) to work on /home/airflow/.local/lib/python3.8/site-packages/airflow/example_dags/example_latest_only.py
[2023-10-10T15:45:24.072+0000] {processor.py:829} INFO - Processing file /home/airflow/.local/lib/python3.8/site-packages/airflow/example_dags/example_latest_only.py for tasks to queue
[2023-10-10T15:45:24.074+0000] {logging_mixin.py:151} INFO - [2023-10-10T15:45:24.074+0000] {dagbag.py:539} INFO - Filling up the DagBag from /home/airflow/.local/lib/python3.8/site-packages/airflow/example_dags/example_latest_only.py
[2023-10-10T15:45:24.079+0000] {processor.py:839} INFO - DAG(s) dict_keys(['latest_only']) retrieved from /home/airflow/.local/lib/python3.8/site-packages/airflow/example_dags/example_latest_only.py
[2023-10-10T15:45:24.104+0000] {logging_mixin.py:151} INFO - [2023-10-10T15:45:24.104+0000] {dag.py:2915} INFO - Sync 1 DAGs
[2023-10-10T15:45:24.125+0000] {logging_mixin.py:151} INFO - [2023-10-10T15:45:24.124+0000] {dag.py:3696} INFO - Setting next_dagrun for latest_only to 2023-10-10T11:45:24.124577+00:00, run_after=2023-10-10T15:45:24.124577+00:00
[2023-10-10T15:45:24.144+0000] {processor.py:179} INFO - Processing /home/airflow/.local/lib/python3.8/site-packages/airflow/example_dags/example_latest_only.py took 0.075 seconds
[2023-10-10T15:45:55.209+0000] {processor.py:157} INFO - Started process (PID=2484) to work on /home/airflow/.local/lib/python3.8/site-packages/airflow/example_dags/example_latest_only.py
[2023-10-10T15:45:55.210+0000] {processor.py:829} INFO - Processing file /home/airflow/.local/lib/python3.8/site-packages/airflow/example_dags/example_latest_only.py for tasks to queue
[2023-10-10T15:45:55.213+0000] {logging_mixin.py:151} INFO - [2023-10-10T15:45:55.213+0000] {dagbag.py:539} INFO - Filling up the DagBag from /home/airflow/.local/lib/python3.8/site-packages/airflow/example_dags/example_latest_only.py
[2023-10-10T15:45:55.217+0000] {processor.py:839} INFO - DAG(s) dict_keys(['latest_only']) retrieved from /home/airflow/.local/lib/python3.8/site-packages/airflow/example_dags/example_latest_only.py
[2023-10-10T15:45:55.236+0000] {logging_mixin.py:151} INFO - [2023-10-10T15:45:55.236+0000] {dag.py:2915} INFO - Sync 1 DAGs
[2023-10-10T15:45:55.254+0000] {logging_mixin.py:151} INFO - [2023-10-10T15:45:55.254+0000] {dag.py:3696} INFO - Setting next_dagrun for latest_only to 2023-10-10T11:45:55.253747+00:00, run_after=2023-10-10T15:45:55.253747+00:00
[2023-10-10T15:45:55.270+0000] {processor.py:179} INFO - Processing /home/airflow/.local/lib/python3.8/site-packages/airflow/example_dags/example_latest_only.py took 0.064 seconds
[2023-10-10T15:46:25.364+0000] {processor.py:157} INFO - Started process (PID=2538) to work on /home/airflow/.local/lib/python3.8/site-packages/airflow/example_dags/example_latest_only.py
[2023-10-10T15:46:25.365+0000] {processor.py:829} INFO - Processing file /home/airflow/.local/lib/python3.8/site-packages/airflow/example_dags/example_latest_only.py for tasks to queue
[2023-10-10T15:46:25.366+0000] {logging_mixin.py:151} INFO - [2023-10-10T15:46:25.366+0000] {dagbag.py:539} INFO - Filling up the DagBag from /home/airflow/.local/lib/python3.8/site-packages/airflow/example_dags/example_latest_only.py
[2023-10-10T15:46:25.370+0000] {processor.py:839} INFO - DAG(s) dict_keys(['latest_only']) retrieved from /home/airflow/.local/lib/python3.8/site-packages/airflow/example_dags/example_latest_only.py
[2023-10-10T15:46:25.388+0000] {logging_mixin.py:151} INFO - [2023-10-10T15:46:25.388+0000] {dag.py:2915} INFO - Sync 1 DAGs
[2023-10-10T15:46:25.406+0000] {logging_mixin.py:151} INFO - [2023-10-10T15:46:25.406+0000] {dag.py:3696} INFO - Setting next_dagrun for latest_only to 2023-10-10T11:46:25.406178+00:00, run_after=2023-10-10T15:46:25.406178+00:00
[2023-10-10T15:46:25.420+0000] {processor.py:179} INFO - Processing /home/airflow/.local/lib/python3.8/site-packages/airflow/example_dags/example_latest_only.py took 0.058 seconds
[2023-10-10T15:46:55.869+0000] {processor.py:157} INFO - Started process (PID=2592) to work on /home/airflow/.local/lib/python3.8/site-packages/airflow/example_dags/example_latest_only.py
[2023-10-10T15:46:55.870+0000] {processor.py:829} INFO - Processing file /home/airflow/.local/lib/python3.8/site-packages/airflow/example_dags/example_latest_only.py for tasks to queue
[2023-10-10T15:46:55.872+0000] {logging_mixin.py:151} INFO - [2023-10-10T15:46:55.871+0000] {dagbag.py:539} INFO - Filling up the DagBag from /home/airflow/.local/lib/python3.8/site-packages/airflow/example_dags/example_latest_only.py
[2023-10-10T15:46:55.876+0000] {processor.py:839} INFO - DAG(s) dict_keys(['latest_only']) retrieved from /home/airflow/.local/lib/python3.8/site-packages/airflow/example_dags/example_latest_only.py
[2023-10-10T15:46:55.894+0000] {logging_mixin.py:151} INFO - [2023-10-10T15:46:55.893+0000] {dag.py:2915} INFO - Sync 1 DAGs
[2023-10-10T15:46:55.913+0000] {logging_mixin.py:151} INFO - [2023-10-10T15:46:55.913+0000] {dag.py:3696} INFO - Setting next_dagrun for latest_only to 2023-10-10T11:46:55.913050+00:00, run_after=2023-10-10T15:46:55.913050+00:00
[2023-10-10T15:46:55.928+0000] {processor.py:179} INFO - Processing /home/airflow/.local/lib/python3.8/site-packages/airflow/example_dags/example_latest_only.py took 0.061 seconds
[2023-10-10T15:47:26.524+0000] {processor.py:157} INFO - Started process (PID=2653) to work on /home/airflow/.local/lib/python3.8/site-packages/airflow/example_dags/example_latest_only.py
[2023-10-10T15:47:26.525+0000] {processor.py:829} INFO - Processing file /home/airflow/.local/lib/python3.8/site-packages/airflow/example_dags/example_latest_only.py for tasks to queue
[2023-10-10T15:47:26.526+0000] {logging_mixin.py:151} INFO - [2023-10-10T15:47:26.526+0000] {dagbag.py:539} INFO - Filling up the DagBag from /home/airflow/.local/lib/python3.8/site-packages/airflow/example_dags/example_latest_only.py
[2023-10-10T15:47:26.529+0000] {processor.py:839} INFO - DAG(s) dict_keys(['latest_only']) retrieved from /home/airflow/.local/lib/python3.8/site-packages/airflow/example_dags/example_latest_only.py
[2023-10-10T15:47:26.545+0000] {logging_mixin.py:151} INFO - [2023-10-10T15:47:26.545+0000] {dag.py:2915} INFO - Sync 1 DAGs
[2023-10-10T15:47:26.563+0000] {logging_mixin.py:151} INFO - [2023-10-10T15:47:26.563+0000] {dag.py:3696} INFO - Setting next_dagrun for latest_only to 2023-10-10T11:47:26.563186+00:00, run_after=2023-10-10T15:47:26.563186+00:00
[2023-10-10T15:47:26.577+0000] {processor.py:179} INFO - Processing /home/airflow/.local/lib/python3.8/site-packages/airflow/example_dags/example_latest_only.py took 0.056 seconds
[2023-10-10T15:47:56.881+0000] {processor.py:157} INFO - Started process (PID=2707) to work on /home/airflow/.local/lib/python3.8/site-packages/airflow/example_dags/example_latest_only.py
[2023-10-10T15:47:56.882+0000] {processor.py:829} INFO - Processing file /home/airflow/.local/lib/python3.8/site-packages/airflow/example_dags/example_latest_only.py for tasks to queue
[2023-10-10T15:47:56.884+0000] {logging_mixin.py:151} INFO - [2023-10-10T15:47:56.884+0000] {dagbag.py:539} INFO - Filling up the DagBag from /home/airflow/.local/lib/python3.8/site-packages/airflow/example_dags/example_latest_only.py
[2023-10-10T15:47:56.889+0000] {processor.py:839} INFO - DAG(s) dict_keys(['latest_only']) retrieved from /home/airflow/.local/lib/python3.8/site-packages/airflow/example_dags/example_latest_only.py
[2023-10-10T15:47:56.908+0000] {logging_mixin.py:151} INFO - [2023-10-10T15:47:56.908+0000] {dag.py:2915} INFO - Sync 1 DAGs
[2023-10-10T15:47:56.927+0000] {logging_mixin.py:151} INFO - [2023-10-10T15:47:56.926+0000] {dag.py:3696} INFO - Setting next_dagrun for latest_only to 2023-10-10T11:47:56.926690+00:00, run_after=2023-10-10T15:47:56.926690+00:00
[2023-10-10T15:47:56.943+0000] {processor.py:179} INFO - Processing /home/airflow/.local/lib/python3.8/site-packages/airflow/example_dags/example_latest_only.py took 0.066 seconds
[2023-10-10T15:48:27.429+0000] {processor.py:157} INFO - Started process (PID=2761) to work on /home/airflow/.local/lib/python3.8/site-packages/airflow/example_dags/example_latest_only.py
[2023-10-10T15:48:27.430+0000] {processor.py:829} INFO - Processing file /home/airflow/.local/lib/python3.8/site-packages/airflow/example_dags/example_latest_only.py for tasks to queue
[2023-10-10T15:48:27.432+0000] {logging_mixin.py:151} INFO - [2023-10-10T15:48:27.431+0000] {dagbag.py:539} INFO - Filling up the DagBag from /home/airflow/.local/lib/python3.8/site-packages/airflow/example_dags/example_latest_only.py
[2023-10-10T15:48:27.435+0000] {processor.py:839} INFO - DAG(s) dict_keys(['latest_only']) retrieved from /home/airflow/.local/lib/python3.8/site-packages/airflow/example_dags/example_latest_only.py
[2023-10-10T15:48:27.467+0000] {logging_mixin.py:151} INFO - [2023-10-10T15:48:27.467+0000] {dag.py:2915} INFO - Sync 1 DAGs
[2023-10-10T15:48:27.486+0000] {logging_mixin.py:151} INFO - [2023-10-10T15:48:27.486+0000] {dag.py:3696} INFO - Setting next_dagrun for latest_only to 2023-10-10T11:48:27.486460+00:00, run_after=2023-10-10T15:48:27.486460+00:00
[2023-10-10T15:48:27.502+0000] {processor.py:179} INFO - Processing /home/airflow/.local/lib/python3.8/site-packages/airflow/example_dags/example_latest_only.py took 0.075 seconds
[2023-10-10T15:48:57.974+0000] {processor.py:157} INFO - Started process (PID=2815) to work on /home/airflow/.local/lib/python3.8/site-packages/airflow/example_dags/example_latest_only.py
[2023-10-10T15:48:57.975+0000] {processor.py:829} INFO - Processing file /home/airflow/.local/lib/python3.8/site-packages/airflow/example_dags/example_latest_only.py for tasks to queue
[2023-10-10T15:48:57.977+0000] {logging_mixin.py:151} INFO - [2023-10-10T15:48:57.977+0000] {dagbag.py:539} INFO - Filling up the DagBag from /home/airflow/.local/lib/python3.8/site-packages/airflow/example_dags/example_latest_only.py
[2023-10-10T15:48:57.982+0000] {processor.py:839} INFO - DAG(s) dict_keys(['latest_only']) retrieved from /home/airflow/.local/lib/python3.8/site-packages/airflow/example_dags/example_latest_only.py
[2023-10-10T15:48:58.000+0000] {logging_mixin.py:151} INFO - [2023-10-10T15:48:58.000+0000] {dag.py:2915} INFO - Sync 1 DAGs
[2023-10-10T15:48:58.021+0000] {logging_mixin.py:151} INFO - [2023-10-10T15:48:58.021+0000] {dag.py:3696} INFO - Setting next_dagrun for latest_only to 2023-10-10T11:48:58.021355+00:00, run_after=2023-10-10T15:48:58.021355+00:00
[2023-10-10T15:48:58.036+0000] {processor.py:179} INFO - Processing /home/airflow/.local/lib/python3.8/site-packages/airflow/example_dags/example_latest_only.py took 0.064 seconds
[2023-10-10T15:49:28.707+0000] {processor.py:157} INFO - Started process (PID=2869) to work on /home/airflow/.local/lib/python3.8/site-packages/airflow/example_dags/example_latest_only.py
[2023-10-10T15:49:28.708+0000] {processor.py:829} INFO - Processing file /home/airflow/.local/lib/python3.8/site-packages/airflow/example_dags/example_latest_only.py for tasks to queue
[2023-10-10T15:49:28.710+0000] {logging_mixin.py:151} INFO - [2023-10-10T15:49:28.710+0000] {dagbag.py:539} INFO - Filling up the DagBag from /home/airflow/.local/lib/python3.8/site-packages/airflow/example_dags/example_latest_only.py
[2023-10-10T15:49:28.716+0000] {processor.py:839} INFO - DAG(s) dict_keys(['latest_only']) retrieved from /home/airflow/.local/lib/python3.8/site-packages/airflow/example_dags/example_latest_only.py
[2023-10-10T15:49:28.744+0000] {logging_mixin.py:151} INFO - [2023-10-10T15:49:28.744+0000] {dag.py:2915} INFO - Sync 1 DAGs
[2023-10-10T15:49:28.777+0000] {logging_mixin.py:151} INFO - [2023-10-10T15:49:28.777+0000] {dag.py:3696} INFO - Setting next_dagrun for latest_only to 2023-10-10T11:49:28.776935+00:00, run_after=2023-10-10T15:49:28.776935+00:00
[2023-10-10T15:49:28.801+0000] {processor.py:179} INFO - Processing /home/airflow/.local/lib/python3.8/site-packages/airflow/example_dags/example_latest_only.py took 0.098 seconds
[2023-10-10T15:49:59.227+0000] {processor.py:157} INFO - Started process (PID=2923) to work on /home/airflow/.local/lib/python3.8/site-packages/airflow/example_dags/example_latest_only.py
[2023-10-10T15:49:59.228+0000] {processor.py:829} INFO - Processing file /home/airflow/.local/lib/python3.8/site-packages/airflow/example_dags/example_latest_only.py for tasks to queue
[2023-10-10T15:49:59.229+0000] {logging_mixin.py:151} INFO - [2023-10-10T15:49:59.229+0000] {dagbag.py:539} INFO - Filling up the DagBag from /home/airflow/.local/lib/python3.8/site-packages/airflow/example_dags/example_latest_only.py
[2023-10-10T15:49:59.233+0000] {processor.py:839} INFO - DAG(s) dict_keys(['latest_only']) retrieved from /home/airflow/.local/lib/python3.8/site-packages/airflow/example_dags/example_latest_only.py
[2023-10-10T15:49:59.251+0000] {logging_mixin.py:151} INFO - [2023-10-10T15:49:59.251+0000] {dag.py:2915} INFO - Sync 1 DAGs
[2023-10-10T15:49:59.272+0000] {logging_mixin.py:151} INFO - [2023-10-10T15:49:59.271+0000] {dag.py:3696} INFO - Setting next_dagrun for latest_only to 2023-10-10T11:49:59.271543+00:00, run_after=2023-10-10T15:49:59.271543+00:00
[2023-10-10T15:49:59.291+0000] {processor.py:179} INFO - Processing /home/airflow/.local/lib/python3.8/site-packages/airflow/example_dags/example_latest_only.py took 0.067 seconds
[2023-10-10T15:50:30.185+0000] {processor.py:157} INFO - Started process (PID=2977) to work on /home/airflow/.local/lib/python3.8/site-packages/airflow/example_dags/example_latest_only.py
[2023-10-10T15:50:30.186+0000] {processor.py:829} INFO - Processing file /home/airflow/.local/lib/python3.8/site-packages/airflow/example_dags/example_latest_only.py for tasks to queue
[2023-10-10T15:50:30.187+0000] {logging_mixin.py:151} INFO - [2023-10-10T15:50:30.187+0000] {dagbag.py:539} INFO - Filling up the DagBag from /home/airflow/.local/lib/python3.8/site-packages/airflow/example_dags/example_latest_only.py
[2023-10-10T15:50:30.192+0000] {processor.py:839} INFO - DAG(s) dict_keys(['latest_only']) retrieved from /home/airflow/.local/lib/python3.8/site-packages/airflow/example_dags/example_latest_only.py
[2023-10-10T15:50:30.210+0000] {logging_mixin.py:151} INFO - [2023-10-10T15:50:30.210+0000] {dag.py:2915} INFO - Sync 1 DAGs
[2023-10-10T15:50:30.229+0000] {logging_mixin.py:151} INFO - [2023-10-10T15:50:30.229+0000] {dag.py:3696} INFO - Setting next_dagrun for latest_only to 2023-10-10T11:50:30.229461+00:00, run_after=2023-10-10T15:50:30.229461+00:00
[2023-10-10T15:50:30.248+0000] {processor.py:179} INFO - Processing /home/airflow/.local/lib/python3.8/site-packages/airflow/example_dags/example_latest_only.py took 0.066 seconds
[2023-10-10T15:51:00.396+0000] {processor.py:157} INFO - Started process (PID=3031) to work on /home/airflow/.local/lib/python3.8/site-packages/airflow/example_dags/example_latest_only.py
[2023-10-10T15:51:00.397+0000] {processor.py:829} INFO - Processing file /home/airflow/.local/lib/python3.8/site-packages/airflow/example_dags/example_latest_only.py for tasks to queue
[2023-10-10T15:51:00.398+0000] {logging_mixin.py:151} INFO - [2023-10-10T15:51:00.398+0000] {dagbag.py:539} INFO - Filling up the DagBag from /home/airflow/.local/lib/python3.8/site-packages/airflow/example_dags/example_latest_only.py
[2023-10-10T15:51:00.402+0000] {processor.py:839} INFO - DAG(s) dict_keys(['latest_only']) retrieved from /home/airflow/.local/lib/python3.8/site-packages/airflow/example_dags/example_latest_only.py
[2023-10-10T15:51:00.422+0000] {logging_mixin.py:151} INFO - [2023-10-10T15:51:00.421+0000] {dag.py:2915} INFO - Sync 1 DAGs
[2023-10-10T15:51:00.440+0000] {logging_mixin.py:151} INFO - [2023-10-10T15:51:00.440+0000] {dag.py:3696} INFO - Setting next_dagrun for latest_only to 2023-10-10T11:51:00.440019+00:00, run_after=2023-10-10T15:51:00.440019+00:00
[2023-10-10T15:51:00.478+0000] {processor.py:179} INFO - Processing /home/airflow/.local/lib/python3.8/site-packages/airflow/example_dags/example_latest_only.py took 0.085 seconds
[2023-10-10T15:51:30.620+0000] {processor.py:157} INFO - Started process (PID=3085) to work on /home/airflow/.local/lib/python3.8/site-packages/airflow/example_dags/example_latest_only.py
[2023-10-10T15:51:30.621+0000] {processor.py:829} INFO - Processing file /home/airflow/.local/lib/python3.8/site-packages/airflow/example_dags/example_latest_only.py for tasks to queue
[2023-10-10T15:51:30.623+0000] {logging_mixin.py:151} INFO - [2023-10-10T15:51:30.622+0000] {dagbag.py:539} INFO - Filling up the DagBag from /home/airflow/.local/lib/python3.8/site-packages/airflow/example_dags/example_latest_only.py
[2023-10-10T15:51:30.627+0000] {processor.py:839} INFO - DAG(s) dict_keys(['latest_only']) retrieved from /home/airflow/.local/lib/python3.8/site-packages/airflow/example_dags/example_latest_only.py
[2023-10-10T15:51:30.645+0000] {logging_mixin.py:151} INFO - [2023-10-10T15:51:30.645+0000] {dag.py:2915} INFO - Sync 1 DAGs
[2023-10-10T15:51:30.664+0000] {logging_mixin.py:151} INFO - [2023-10-10T15:51:30.664+0000] {dag.py:3696} INFO - Setting next_dagrun for latest_only to 2023-10-10T11:51:30.664499+00:00, run_after=2023-10-10T15:51:30.664499+00:00
[2023-10-10T15:51:30.689+0000] {processor.py:179} INFO - Processing /home/airflow/.local/lib/python3.8/site-packages/airflow/example_dags/example_latest_only.py took 0.072 seconds
[2023-10-10T15:52:01.173+0000] {processor.py:157} INFO - Started process (PID=3139) to work on /home/airflow/.local/lib/python3.8/site-packages/airflow/example_dags/example_latest_only.py
[2023-10-10T15:52:01.174+0000] {processor.py:829} INFO - Processing file /home/airflow/.local/lib/python3.8/site-packages/airflow/example_dags/example_latest_only.py for tasks to queue
[2023-10-10T15:52:01.177+0000] {logging_mixin.py:151} INFO - [2023-10-10T15:52:01.176+0000] {dagbag.py:539} INFO - Filling up the DagBag from /home/airflow/.local/lib/python3.8/site-packages/airflow/example_dags/example_latest_only.py
[2023-10-10T15:52:01.183+0000] {processor.py:839} INFO - DAG(s) dict_keys(['latest_only']) retrieved from /home/airflow/.local/lib/python3.8/site-packages/airflow/example_dags/example_latest_only.py
[2023-10-10T15:52:01.212+0000] {logging_mixin.py:151} INFO - [2023-10-10T15:52:01.211+0000] {dag.py:2915} INFO - Sync 1 DAGs
[2023-10-10T15:52:01.238+0000] {logging_mixin.py:151} INFO - [2023-10-10T15:52:01.238+0000] {dag.py:3696} INFO - Setting next_dagrun for latest_only to 2023-10-10T11:52:01.237886+00:00, run_after=2023-10-10T15:52:01.237886+00:00
[2023-10-10T15:52:01.258+0000] {processor.py:179} INFO - Processing /home/airflow/.local/lib/python3.8/site-packages/airflow/example_dags/example_latest_only.py took 0.089 seconds
[2023-10-10T15:52:31.407+0000] {processor.py:157} INFO - Started process (PID=3193) to work on /home/airflow/.local/lib/python3.8/site-packages/airflow/example_dags/example_latest_only.py
[2023-10-10T15:52:31.408+0000] {processor.py:829} INFO - Processing file /home/airflow/.local/lib/python3.8/site-packages/airflow/example_dags/example_latest_only.py for tasks to queue
[2023-10-10T15:52:31.410+0000] {logging_mixin.py:151} INFO - [2023-10-10T15:52:31.410+0000] {dagbag.py:539} INFO - Filling up the DagBag from /home/airflow/.local/lib/python3.8/site-packages/airflow/example_dags/example_latest_only.py
[2023-10-10T15:52:31.414+0000] {processor.py:839} INFO - DAG(s) dict_keys(['latest_only']) retrieved from /home/airflow/.local/lib/python3.8/site-packages/airflow/example_dags/example_latest_only.py
[2023-10-10T15:52:31.433+0000] {logging_mixin.py:151} INFO - [2023-10-10T15:52:31.433+0000] {dag.py:2915} INFO - Sync 1 DAGs
[2023-10-10T15:52:31.456+0000] {logging_mixin.py:151} INFO - [2023-10-10T15:52:31.455+0000] {dag.py:3696} INFO - Setting next_dagrun for latest_only to 2023-10-10T11:52:31.455463+00:00, run_after=2023-10-10T15:52:31.455463+00:00
[2023-10-10T15:52:31.474+0000] {processor.py:179} INFO - Processing /home/airflow/.local/lib/python3.8/site-packages/airflow/example_dags/example_latest_only.py took 0.069 seconds
[2023-10-10T15:53:02.547+0000] {processor.py:157} INFO - Started process (PID=3247) to work on /home/airflow/.local/lib/python3.8/site-packages/airflow/example_dags/example_latest_only.py
[2023-10-10T15:53:02.548+0000] {processor.py:829} INFO - Processing file /home/airflow/.local/lib/python3.8/site-packages/airflow/example_dags/example_latest_only.py for tasks to queue
[2023-10-10T15:53:02.549+0000] {logging_mixin.py:151} INFO - [2023-10-10T15:53:02.549+0000] {dagbag.py:539} INFO - Filling up the DagBag from /home/airflow/.local/lib/python3.8/site-packages/airflow/example_dags/example_latest_only.py
[2023-10-10T15:53:02.555+0000] {processor.py:839} INFO - DAG(s) dict_keys(['latest_only']) retrieved from /home/airflow/.local/lib/python3.8/site-packages/airflow/example_dags/example_latest_only.py
[2023-10-10T15:53:02.575+0000] {logging_mixin.py:151} INFO - [2023-10-10T15:53:02.575+0000] {dag.py:2915} INFO - Sync 1 DAGs
[2023-10-10T15:53:02.601+0000] {logging_mixin.py:151} INFO - [2023-10-10T15:53:02.600+0000] {dag.py:3696} INFO - Setting next_dagrun for latest_only to 2023-10-10T11:53:02.600487+00:00, run_after=2023-10-10T15:53:02.600487+00:00
[2023-10-10T15:53:02.625+0000] {processor.py:179} INFO - Processing /home/airflow/.local/lib/python3.8/site-packages/airflow/example_dags/example_latest_only.py took 0.082 seconds
[2023-10-10T15:53:33.115+0000] {processor.py:157} INFO - Started process (PID=3301) to work on /home/airflow/.local/lib/python3.8/site-packages/airflow/example_dags/example_latest_only.py
[2023-10-10T15:53:33.116+0000] {processor.py:829} INFO - Processing file /home/airflow/.local/lib/python3.8/site-packages/airflow/example_dags/example_latest_only.py for tasks to queue
[2023-10-10T15:53:33.117+0000] {logging_mixin.py:151} INFO - [2023-10-10T15:53:33.117+0000] {dagbag.py:539} INFO - Filling up the DagBag from /home/airflow/.local/lib/python3.8/site-packages/airflow/example_dags/example_latest_only.py
[2023-10-10T15:53:33.123+0000] {processor.py:839} INFO - DAG(s) dict_keys(['latest_only']) retrieved from /home/airflow/.local/lib/python3.8/site-packages/airflow/example_dags/example_latest_only.py
[2023-10-10T15:53:33.145+0000] {logging_mixin.py:151} INFO - [2023-10-10T15:53:33.145+0000] {dag.py:2915} INFO - Sync 1 DAGs
[2023-10-10T15:53:33.168+0000] {logging_mixin.py:151} INFO - [2023-10-10T15:53:33.168+0000] {dag.py:3696} INFO - Setting next_dagrun for latest_only to 2023-10-10T11:53:33.168246+00:00, run_after=2023-10-10T15:53:33.168246+00:00
[2023-10-10T15:53:33.189+0000] {processor.py:179} INFO - Processing /home/airflow/.local/lib/python3.8/site-packages/airflow/example_dags/example_latest_only.py took 0.078 seconds
[2023-10-10T15:54:03.930+0000] {processor.py:157} INFO - Started process (PID=3356) to work on /home/airflow/.local/lib/python3.8/site-packages/airflow/example_dags/example_latest_only.py
[2023-10-10T15:54:03.931+0000] {processor.py:829} INFO - Processing file /home/airflow/.local/lib/python3.8/site-packages/airflow/example_dags/example_latest_only.py for tasks to queue
[2023-10-10T15:54:03.933+0000] {logging_mixin.py:151} INFO - [2023-10-10T15:54:03.933+0000] {dagbag.py:539} INFO - Filling up the DagBag from /home/airflow/.local/lib/python3.8/site-packages/airflow/example_dags/example_latest_only.py
[2023-10-10T15:54:03.939+0000] {processor.py:839} INFO - DAG(s) dict_keys(['latest_only']) retrieved from /home/airflow/.local/lib/python3.8/site-packages/airflow/example_dags/example_latest_only.py
[2023-10-10T15:54:03.984+0000] {logging_mixin.py:151} INFO - [2023-10-10T15:54:03.983+0000] {dag.py:2915} INFO - Sync 1 DAGs
[2023-10-10T15:54:04.017+0000] {logging_mixin.py:151} INFO - [2023-10-10T15:54:04.016+0000] {dag.py:3696} INFO - Setting next_dagrun for latest_only to 2023-10-10T11:54:04.016244+00:00, run_after=2023-10-10T15:54:04.016244+00:00
[2023-10-10T15:54:04.040+0000] {processor.py:179} INFO - Processing /home/airflow/.local/lib/python3.8/site-packages/airflow/example_dags/example_latest_only.py took 0.113 seconds
[2023-10-10T15:54:34.597+0000] {processor.py:157} INFO - Started process (PID=3408) to work on /home/airflow/.local/lib/python3.8/site-packages/airflow/example_dags/example_latest_only.py
[2023-10-10T15:54:34.598+0000] {processor.py:829} INFO - Processing file /home/airflow/.local/lib/python3.8/site-packages/airflow/example_dags/example_latest_only.py for tasks to queue
[2023-10-10T15:54:34.600+0000] {logging_mixin.py:151} INFO - [2023-10-10T15:54:34.600+0000] {dagbag.py:539} INFO - Filling up the DagBag from /home/airflow/.local/lib/python3.8/site-packages/airflow/example_dags/example_latest_only.py
[2023-10-10T15:54:34.606+0000] {processor.py:839} INFO - DAG(s) dict_keys(['latest_only']) retrieved from /home/airflow/.local/lib/python3.8/site-packages/airflow/example_dags/example_latest_only.py
[2023-10-10T15:54:34.631+0000] {logging_mixin.py:151} INFO - [2023-10-10T15:54:34.630+0000] {dag.py:2915} INFO - Sync 1 DAGs
[2023-10-10T15:54:34.658+0000] {logging_mixin.py:151} INFO - [2023-10-10T15:54:34.658+0000] {dag.py:3696} INFO - Setting next_dagrun for latest_only to 2023-10-10T11:54:34.658075+00:00, run_after=2023-10-10T15:54:34.658075+00:00
[2023-10-10T15:54:34.680+0000] {processor.py:179} INFO - Processing /home/airflow/.local/lib/python3.8/site-packages/airflow/example_dags/example_latest_only.py took 0.086 seconds
[2023-10-10T15:55:05.005+0000] {processor.py:157} INFO - Started process (PID=3462) to work on /home/airflow/.local/lib/python3.8/site-packages/airflow/example_dags/example_latest_only.py
[2023-10-10T15:55:05.006+0000] {processor.py:829} INFO - Processing file /home/airflow/.local/lib/python3.8/site-packages/airflow/example_dags/example_latest_only.py for tasks to queue
[2023-10-10T15:55:05.008+0000] {logging_mixin.py:151} INFO - [2023-10-10T15:55:05.008+0000] {dagbag.py:539} INFO - Filling up the DagBag from /home/airflow/.local/lib/python3.8/site-packages/airflow/example_dags/example_latest_only.py
[2023-10-10T15:55:05.012+0000] {processor.py:839} INFO - DAG(s) dict_keys(['latest_only']) retrieved from /home/airflow/.local/lib/python3.8/site-packages/airflow/example_dags/example_latest_only.py
[2023-10-10T15:55:05.028+0000] {logging_mixin.py:151} INFO - [2023-10-10T15:55:05.028+0000] {dag.py:2915} INFO - Sync 1 DAGs
[2023-10-10T15:55:05.045+0000] {logging_mixin.py:151} INFO - [2023-10-10T15:55:05.045+0000] {dag.py:3696} INFO - Setting next_dagrun for latest_only to 2023-10-10T11:55:05.045593+00:00, run_after=2023-10-10T15:55:05.045593+00:00
[2023-10-10T15:55:05.060+0000] {processor.py:179} INFO - Processing /home/airflow/.local/lib/python3.8/site-packages/airflow/example_dags/example_latest_only.py took 0.057 seconds
[2023-10-10T15:55:35.125+0000] {processor.py:157} INFO - Started process (PID=3516) to work on /home/airflow/.local/lib/python3.8/site-packages/airflow/example_dags/example_latest_only.py
[2023-10-10T15:55:35.126+0000] {processor.py:829} INFO - Processing file /home/airflow/.local/lib/python3.8/site-packages/airflow/example_dags/example_latest_only.py for tasks to queue
[2023-10-10T15:55:35.128+0000] {logging_mixin.py:151} INFO - [2023-10-10T15:55:35.127+0000] {dagbag.py:539} INFO - Filling up the DagBag from /home/airflow/.local/lib/python3.8/site-packages/airflow/example_dags/example_latest_only.py
[2023-10-10T15:55:35.132+0000] {processor.py:839} INFO - DAG(s) dict_keys(['latest_only']) retrieved from /home/airflow/.local/lib/python3.8/site-packages/airflow/example_dags/example_latest_only.py
[2023-10-10T15:55:35.148+0000] {logging_mixin.py:151} INFO - [2023-10-10T15:55:35.148+0000] {dag.py:2915} INFO - Sync 1 DAGs
[2023-10-10T15:55:35.166+0000] {logging_mixin.py:151} INFO - [2023-10-10T15:55:35.166+0000] {dag.py:3696} INFO - Setting next_dagrun for latest_only to 2023-10-10T11:55:35.166181+00:00, run_after=2023-10-10T15:55:35.166181+00:00
[2023-10-10T15:55:35.185+0000] {processor.py:179} INFO - Processing /home/airflow/.local/lib/python3.8/site-packages/airflow/example_dags/example_latest_only.py took 0.062 seconds
[2023-10-10T15:56:05.825+0000] {processor.py:157} INFO - Started process (PID=3548) to work on /home/airflow/.local/lib/python3.8/site-packages/airflow/example_dags/example_latest_only.py
[2023-10-10T15:56:05.826+0000] {processor.py:829} INFO - Processing file /home/airflow/.local/lib/python3.8/site-packages/airflow/example_dags/example_latest_only.py for tasks to queue
[2023-10-10T15:56:05.828+0000] {logging_mixin.py:151} INFO - [2023-10-10T15:56:05.827+0000] {dagbag.py:539} INFO - Filling up the DagBag from /home/airflow/.local/lib/python3.8/site-packages/airflow/example_dags/example_latest_only.py
[2023-10-10T15:56:05.832+0000] {processor.py:839} INFO - DAG(s) dict_keys(['latest_only']) retrieved from /home/airflow/.local/lib/python3.8/site-packages/airflow/example_dags/example_latest_only.py
[2023-10-10T15:56:05.851+0000] {logging_mixin.py:151} INFO - [2023-10-10T15:56:05.850+0000] {dag.py:2915} INFO - Sync 1 DAGs
[2023-10-10T15:56:05.886+0000] {logging_mixin.py:151} INFO - [2023-10-10T15:56:05.885+0000] {dag.py:3696} INFO - Setting next_dagrun for latest_only to 2023-10-10T11:56:05.885661+00:00, run_after=2023-10-10T15:56:05.885661+00:00
[2023-10-10T15:56:05.902+0000] {processor.py:179} INFO - Processing /home/airflow/.local/lib/python3.8/site-packages/airflow/example_dags/example_latest_only.py took 0.080 seconds
[2023-10-10T15:56:36.862+0000] {processor.py:157} INFO - Started process (PID=3602) to work on /home/airflow/.local/lib/python3.8/site-packages/airflow/example_dags/example_latest_only.py
[2023-10-10T15:56:36.863+0000] {processor.py:829} INFO - Processing file /home/airflow/.local/lib/python3.8/site-packages/airflow/example_dags/example_latest_only.py for tasks to queue
[2023-10-10T15:56:36.864+0000] {logging_mixin.py:151} INFO - [2023-10-10T15:56:36.864+0000] {dagbag.py:539} INFO - Filling up the DagBag from /home/airflow/.local/lib/python3.8/site-packages/airflow/example_dags/example_latest_only.py
[2023-10-10T15:56:36.868+0000] {processor.py:839} INFO - DAG(s) dict_keys(['latest_only']) retrieved from /home/airflow/.local/lib/python3.8/site-packages/airflow/example_dags/example_latest_only.py
[2023-10-10T15:56:36.889+0000] {logging_mixin.py:151} INFO - [2023-10-10T15:56:36.888+0000] {dag.py:2915} INFO - Sync 1 DAGs
[2023-10-10T15:56:36.909+0000] {logging_mixin.py:151} INFO - [2023-10-10T15:56:36.909+0000] {dag.py:3696} INFO - Setting next_dagrun for latest_only to 2023-10-10T11:56:36.909588+00:00, run_after=2023-10-10T15:56:36.909588+00:00
[2023-10-10T15:56:36.930+0000] {processor.py:179} INFO - Processing /home/airflow/.local/lib/python3.8/site-packages/airflow/example_dags/example_latest_only.py took 0.071 seconds
[2023-10-10T15:57:07.768+0000] {processor.py:157} INFO - Started process (PID=3656) to work on /home/airflow/.local/lib/python3.8/site-packages/airflow/example_dags/example_latest_only.py
[2023-10-10T15:57:07.769+0000] {processor.py:829} INFO - Processing file /home/airflow/.local/lib/python3.8/site-packages/airflow/example_dags/example_latest_only.py for tasks to queue
[2023-10-10T15:57:07.771+0000] {logging_mixin.py:151} INFO - [2023-10-10T15:57:07.771+0000] {dagbag.py:539} INFO - Filling up the DagBag from /home/airflow/.local/lib/python3.8/site-packages/airflow/example_dags/example_latest_only.py
[2023-10-10T15:57:07.776+0000] {processor.py:839} INFO - DAG(s) dict_keys(['latest_only']) retrieved from /home/airflow/.local/lib/python3.8/site-packages/airflow/example_dags/example_latest_only.py
[2023-10-10T15:57:07.811+0000] {logging_mixin.py:151} INFO - [2023-10-10T15:57:07.810+0000] {dag.py:2915} INFO - Sync 1 DAGs
[2023-10-10T15:57:07.835+0000] {logging_mixin.py:151} INFO - [2023-10-10T15:57:07.835+0000] {dag.py:3696} INFO - Setting next_dagrun for latest_only to 2023-10-10T11:57:07.835161+00:00, run_after=2023-10-10T15:57:07.835161+00:00
[2023-10-10T15:57:07.854+0000] {processor.py:179} INFO - Processing /home/airflow/.local/lib/python3.8/site-packages/airflow/example_dags/example_latest_only.py took 0.088 seconds
[2023-10-10T16:51:13.600+0000] {processor.py:157} INFO - Started process (PID=161) to work on /home/airflow/.local/lib/python3.8/site-packages/airflow/example_dags/example_latest_only.py
[2023-10-10T16:51:13.601+0000] {processor.py:829} INFO - Processing file /home/airflow/.local/lib/python3.8/site-packages/airflow/example_dags/example_latest_only.py for tasks to queue
[2023-10-10T16:51:13.602+0000] {logging_mixin.py:151} INFO - [2023-10-10T16:51:13.602+0000] {dagbag.py:539} INFO - Filling up the DagBag from /home/airflow/.local/lib/python3.8/site-packages/airflow/example_dags/example_latest_only.py
[2023-10-10T16:51:13.608+0000] {processor.py:839} INFO - DAG(s) dict_keys(['latest_only']) retrieved from /home/airflow/.local/lib/python3.8/site-packages/airflow/example_dags/example_latest_only.py
[2023-10-10T16:51:13.631+0000] {logging_mixin.py:151} INFO - [2023-10-10T16:51:13.631+0000] {dag.py:2915} INFO - Sync 1 DAGs
[2023-10-10T16:51:13.654+0000] {logging_mixin.py:151} INFO - [2023-10-10T16:51:13.654+0000] {dag.py:3696} INFO - Setting next_dagrun for latest_only to 2023-10-10T12:51:13.653921+00:00, run_after=2023-10-10T16:51:13.653921+00:00
[2023-10-10T16:51:13.673+0000] {processor.py:179} INFO - Processing /home/airflow/.local/lib/python3.8/site-packages/airflow/example_dags/example_latest_only.py took 0.076 seconds
[2023-10-10T16:51:44.928+0000] {processor.py:157} INFO - Started process (PID=215) to work on /home/airflow/.local/lib/python3.8/site-packages/airflow/example_dags/example_latest_only.py
[2023-10-10T16:51:44.929+0000] {processor.py:829} INFO - Processing file /home/airflow/.local/lib/python3.8/site-packages/airflow/example_dags/example_latest_only.py for tasks to queue
[2023-10-10T16:51:44.932+0000] {logging_mixin.py:151} INFO - [2023-10-10T16:51:44.931+0000] {dagbag.py:539} INFO - Filling up the DagBag from /home/airflow/.local/lib/python3.8/site-packages/airflow/example_dags/example_latest_only.py
[2023-10-10T16:51:44.937+0000] {processor.py:839} INFO - DAG(s) dict_keys(['latest_only']) retrieved from /home/airflow/.local/lib/python3.8/site-packages/airflow/example_dags/example_latest_only.py
[2023-10-10T16:51:45.027+0000] {logging_mixin.py:151} INFO - [2023-10-10T16:51:45.027+0000] {dag.py:2915} INFO - Sync 1 DAGs
[2023-10-10T16:51:45.054+0000] {logging_mixin.py:151} INFO - [2023-10-10T16:51:45.054+0000] {dag.py:3696} INFO - Setting next_dagrun for latest_only to 2023-10-10T12:51:45.053895+00:00, run_after=2023-10-10T16:51:45.053895+00:00
[2023-10-10T16:51:45.141+0000] {processor.py:179} INFO - Processing /home/airflow/.local/lib/python3.8/site-packages/airflow/example_dags/example_latest_only.py took 0.277 seconds
[2023-10-10T16:52:15.309+0000] {processor.py:157} INFO - Started process (PID=267) to work on /home/airflow/.local/lib/python3.8/site-packages/airflow/example_dags/example_latest_only.py
[2023-10-10T16:52:15.310+0000] {processor.py:829} INFO - Processing file /home/airflow/.local/lib/python3.8/site-packages/airflow/example_dags/example_latest_only.py for tasks to queue
[2023-10-10T16:52:15.311+0000] {logging_mixin.py:151} INFO - [2023-10-10T16:52:15.311+0000] {dagbag.py:539} INFO - Filling up the DagBag from /home/airflow/.local/lib/python3.8/site-packages/airflow/example_dags/example_latest_only.py
[2023-10-10T16:52:15.315+0000] {processor.py:839} INFO - DAG(s) dict_keys(['latest_only']) retrieved from /home/airflow/.local/lib/python3.8/site-packages/airflow/example_dags/example_latest_only.py
[2023-10-10T16:52:15.333+0000] {logging_mixin.py:151} INFO - [2023-10-10T16:52:15.333+0000] {dag.py:2915} INFO - Sync 1 DAGs
[2023-10-10T16:52:15.351+0000] {logging_mixin.py:151} INFO - [2023-10-10T16:52:15.350+0000] {dag.py:3696} INFO - Setting next_dagrun for latest_only to 2023-10-10T12:52:15.350722+00:00, run_after=2023-10-10T16:52:15.350722+00:00
[2023-10-10T16:52:15.365+0000] {processor.py:179} INFO - Processing /home/airflow/.local/lib/python3.8/site-packages/airflow/example_dags/example_latest_only.py took 0.058 seconds
[2023-10-10T16:52:45.456+0000] {processor.py:157} INFO - Started process (PID=321) to work on /home/airflow/.local/lib/python3.8/site-packages/airflow/example_dags/example_latest_only.py
[2023-10-10T16:52:45.457+0000] {processor.py:829} INFO - Processing file /home/airflow/.local/lib/python3.8/site-packages/airflow/example_dags/example_latest_only.py for tasks to queue
[2023-10-10T16:52:45.459+0000] {logging_mixin.py:151} INFO - [2023-10-10T16:52:45.459+0000] {dagbag.py:539} INFO - Filling up the DagBag from /home/airflow/.local/lib/python3.8/site-packages/airflow/example_dags/example_latest_only.py
[2023-10-10T16:52:45.463+0000] {processor.py:839} INFO - DAG(s) dict_keys(['latest_only']) retrieved from /home/airflow/.local/lib/python3.8/site-packages/airflow/example_dags/example_latest_only.py
[2023-10-10T16:52:45.482+0000] {logging_mixin.py:151} INFO - [2023-10-10T16:52:45.481+0000] {dag.py:2915} INFO - Sync 1 DAGs
[2023-10-10T16:52:45.501+0000] {logging_mixin.py:151} INFO - [2023-10-10T16:52:45.501+0000] {dag.py:3696} INFO - Setting next_dagrun for latest_only to 2023-10-10T12:52:45.501353+00:00, run_after=2023-10-10T16:52:45.501353+00:00
[2023-10-10T16:52:45.529+0000] {processor.py:179} INFO - Processing /home/airflow/.local/lib/python3.8/site-packages/airflow/example_dags/example_latest_only.py took 0.076 seconds
[2023-10-10T16:53:15.591+0000] {processor.py:157} INFO - Started process (PID=374) to work on /home/airflow/.local/lib/python3.8/site-packages/airflow/example_dags/example_latest_only.py
[2023-10-10T16:53:15.592+0000] {processor.py:829} INFO - Processing file /home/airflow/.local/lib/python3.8/site-packages/airflow/example_dags/example_latest_only.py for tasks to queue
[2023-10-10T16:53:15.594+0000] {logging_mixin.py:151} INFO - [2023-10-10T16:53:15.594+0000] {dagbag.py:539} INFO - Filling up the DagBag from /home/airflow/.local/lib/python3.8/site-packages/airflow/example_dags/example_latest_only.py
[2023-10-10T16:53:15.598+0000] {processor.py:839} INFO - DAG(s) dict_keys(['latest_only']) retrieved from /home/airflow/.local/lib/python3.8/site-packages/airflow/example_dags/example_latest_only.py
[2023-10-10T16:53:15.633+0000] {logging_mixin.py:151} INFO - [2023-10-10T16:53:15.633+0000] {dag.py:2915} INFO - Sync 1 DAGs
[2023-10-10T16:53:15.659+0000] {logging_mixin.py:151} INFO - [2023-10-10T16:53:15.658+0000] {dag.py:3696} INFO - Setting next_dagrun for latest_only to 2023-10-10T12:53:15.658552+00:00, run_after=2023-10-10T16:53:15.658552+00:00
[2023-10-10T16:53:15.675+0000] {processor.py:179} INFO - Processing /home/airflow/.local/lib/python3.8/site-packages/airflow/example_dags/example_latest_only.py took 0.087 seconds
[2023-10-10T16:53:46.057+0000] {processor.py:157} INFO - Started process (PID=428) to work on /home/airflow/.local/lib/python3.8/site-packages/airflow/example_dags/example_latest_only.py
[2023-10-10T16:53:46.058+0000] {processor.py:829} INFO - Processing file /home/airflow/.local/lib/python3.8/site-packages/airflow/example_dags/example_latest_only.py for tasks to queue
[2023-10-10T16:53:46.060+0000] {logging_mixin.py:151} INFO - [2023-10-10T16:53:46.060+0000] {dagbag.py:539} INFO - Filling up the DagBag from /home/airflow/.local/lib/python3.8/site-packages/airflow/example_dags/example_latest_only.py
[2023-10-10T16:53:46.064+0000] {processor.py:839} INFO - DAG(s) dict_keys(['latest_only']) retrieved from /home/airflow/.local/lib/python3.8/site-packages/airflow/example_dags/example_latest_only.py
[2023-10-10T16:53:46.083+0000] {logging_mixin.py:151} INFO - [2023-10-10T16:53:46.082+0000] {dag.py:2915} INFO - Sync 1 DAGs
[2023-10-10T16:53:46.101+0000] {logging_mixin.py:151} INFO - [2023-10-10T16:53:46.101+0000] {dag.py:3696} INFO - Setting next_dagrun for latest_only to 2023-10-10T12:53:46.101354+00:00, run_after=2023-10-10T16:53:46.101354+00:00
[2023-10-10T16:53:46.129+0000] {processor.py:179} INFO - Processing /home/airflow/.local/lib/python3.8/site-packages/airflow/example_dags/example_latest_only.py took 0.074 seconds
[2023-10-10T16:54:17.157+0000] {processor.py:157} INFO - Started process (PID=483) to work on /home/airflow/.local/lib/python3.8/site-packages/airflow/example_dags/example_latest_only.py
[2023-10-10T16:54:17.158+0000] {processor.py:829} INFO - Processing file /home/airflow/.local/lib/python3.8/site-packages/airflow/example_dags/example_latest_only.py for tasks to queue
[2023-10-10T16:54:17.159+0000] {logging_mixin.py:151} INFO - [2023-10-10T16:54:17.159+0000] {dagbag.py:539} INFO - Filling up the DagBag from /home/airflow/.local/lib/python3.8/site-packages/airflow/example_dags/example_latest_only.py
[2023-10-10T16:54:17.163+0000] {processor.py:839} INFO - DAG(s) dict_keys(['latest_only']) retrieved from /home/airflow/.local/lib/python3.8/site-packages/airflow/example_dags/example_latest_only.py
[2023-10-10T16:54:17.180+0000] {logging_mixin.py:151} INFO - [2023-10-10T16:54:17.180+0000] {dag.py:2915} INFO - Sync 1 DAGs
[2023-10-10T16:54:17.199+0000] {logging_mixin.py:151} INFO - [2023-10-10T16:54:17.199+0000] {dag.py:3696} INFO - Setting next_dagrun for latest_only to 2023-10-10T12:54:17.198993+00:00, run_after=2023-10-10T16:54:17.198993+00:00
[2023-10-10T16:54:17.213+0000] {processor.py:179} INFO - Processing /home/airflow/.local/lib/python3.8/site-packages/airflow/example_dags/example_latest_only.py took 0.059 seconds
[2023-10-10T16:54:47.267+0000] {processor.py:157} INFO - Started process (PID=537) to work on /home/airflow/.local/lib/python3.8/site-packages/airflow/example_dags/example_latest_only.py
[2023-10-10T16:54:47.268+0000] {processor.py:829} INFO - Processing file /home/airflow/.local/lib/python3.8/site-packages/airflow/example_dags/example_latest_only.py for tasks to queue
[2023-10-10T16:54:47.270+0000] {logging_mixin.py:151} INFO - [2023-10-10T16:54:47.269+0000] {dagbag.py:539} INFO - Filling up the DagBag from /home/airflow/.local/lib/python3.8/site-packages/airflow/example_dags/example_latest_only.py
[2023-10-10T16:54:47.273+0000] {processor.py:839} INFO - DAG(s) dict_keys(['latest_only']) retrieved from /home/airflow/.local/lib/python3.8/site-packages/airflow/example_dags/example_latest_only.py
[2023-10-10T16:54:47.290+0000] {logging_mixin.py:151} INFO - [2023-10-10T16:54:47.289+0000] {dag.py:2915} INFO - Sync 1 DAGs
[2023-10-10T16:54:47.309+0000] {logging_mixin.py:151} INFO - [2023-10-10T16:54:47.309+0000] {dag.py:3696} INFO - Setting next_dagrun for latest_only to 2023-10-10T12:54:47.309029+00:00, run_after=2023-10-10T16:54:47.309029+00:00
[2023-10-10T16:54:47.324+0000] {processor.py:179} INFO - Processing /home/airflow/.local/lib/python3.8/site-packages/airflow/example_dags/example_latest_only.py took 0.059 seconds
