[2023-10-10T15:24:08.419+0000] {processor.py:157} INFO - Started process (PID=187) to work on /home/airflow/.local/lib/python3.8/site-packages/airflow/example_dags/example_xcom.py
[2023-10-10T15:24:08.419+0000] {processor.py:829} INFO - Processing file /home/airflow/.local/lib/python3.8/site-packages/airflow/example_dags/example_xcom.py for tasks to queue
[2023-10-10T15:24:08.421+0000] {logging_mixin.py:151} INFO - [2023-10-10T15:24:08.421+0000] {dagbag.py:539} INFO - Filling up the DagBag from /home/airflow/.local/lib/python3.8/site-packages/airflow/example_dags/example_xcom.py
[2023-10-10T15:24:08.430+0000] {processor.py:839} INFO - DAG(s) dict_keys(['example_xcom']) retrieved from /home/airflow/.local/lib/python3.8/site-packages/airflow/example_dags/example_xcom.py
[2023-10-10T15:24:08.442+0000] {logging_mixin.py:151} INFO - [2023-10-10T15:24:08.442+0000] {dag.py:2915} INFO - Sync 1 DAGs
[2023-10-10T15:24:08.468+0000] {logging_mixin.py:151} INFO - [2023-10-10T15:24:08.468+0000] {dag.py:3696} INFO - Setting next_dagrun for example_xcom to 2021-01-01T00:00:00+00:00, run_after=2021-01-01T00:00:00+00:00
[2023-10-10T15:24:08.491+0000] {processor.py:179} INFO - Processing /home/airflow/.local/lib/python3.8/site-packages/airflow/example_dags/example_xcom.py took 0.075 seconds
[2023-10-10T15:24:39.410+0000] {processor.py:157} INFO - Started process (PID=241) to work on /home/airflow/.local/lib/python3.8/site-packages/airflow/example_dags/example_xcom.py
[2023-10-10T15:24:39.411+0000] {processor.py:829} INFO - Processing file /home/airflow/.local/lib/python3.8/site-packages/airflow/example_dags/example_xcom.py for tasks to queue
[2023-10-10T15:24:39.413+0000] {logging_mixin.py:151} INFO - [2023-10-10T15:24:39.413+0000] {dagbag.py:539} INFO - Filling up the DagBag from /home/airflow/.local/lib/python3.8/site-packages/airflow/example_dags/example_xcom.py
[2023-10-10T15:24:39.420+0000] {processor.py:839} INFO - DAG(s) dict_keys(['example_xcom']) retrieved from /home/airflow/.local/lib/python3.8/site-packages/airflow/example_dags/example_xcom.py
[2023-10-10T15:24:39.438+0000] {logging_mixin.py:151} INFO - [2023-10-10T15:24:39.438+0000] {dag.py:2915} INFO - Sync 1 DAGs
[2023-10-10T15:24:39.457+0000] {logging_mixin.py:151} INFO - [2023-10-10T15:24:39.456+0000] {dag.py:3696} INFO - Setting next_dagrun for example_xcom to 2021-01-01T00:00:00+00:00, run_after=2021-01-01T00:00:00+00:00
[2023-10-10T15:24:39.477+0000] {processor.py:179} INFO - Processing /home/airflow/.local/lib/python3.8/site-packages/airflow/example_dags/example_xcom.py took 0.069 seconds
[2023-10-10T15:25:11.126+0000] {processor.py:157} INFO - Started process (PID=295) to work on /home/airflow/.local/lib/python3.8/site-packages/airflow/example_dags/example_xcom.py
[2023-10-10T15:25:11.127+0000] {processor.py:829} INFO - Processing file /home/airflow/.local/lib/python3.8/site-packages/airflow/example_dags/example_xcom.py for tasks to queue
[2023-10-10T15:25:11.130+0000] {logging_mixin.py:151} INFO - [2023-10-10T15:25:11.129+0000] {dagbag.py:539} INFO - Filling up the DagBag from /home/airflow/.local/lib/python3.8/site-packages/airflow/example_dags/example_xcom.py
[2023-10-10T15:25:11.139+0000] {processor.py:839} INFO - DAG(s) dict_keys(['example_xcom']) retrieved from /home/airflow/.local/lib/python3.8/site-packages/airflow/example_dags/example_xcom.py
[2023-10-10T15:25:11.166+0000] {logging_mixin.py:151} INFO - [2023-10-10T15:25:11.166+0000] {dag.py:2915} INFO - Sync 1 DAGs
[2023-10-10T15:25:11.194+0000] {logging_mixin.py:151} INFO - [2023-10-10T15:25:11.193+0000] {dag.py:3696} INFO - Setting next_dagrun for example_xcom to 2021-01-01T00:00:00+00:00, run_after=2021-01-01T00:00:00+00:00
[2023-10-10T15:25:11.216+0000] {processor.py:179} INFO - Processing /home/airflow/.local/lib/python3.8/site-packages/airflow/example_dags/example_xcom.py took 0.094 seconds
[2023-10-10T15:25:41.511+0000] {processor.py:157} INFO - Started process (PID=349) to work on /home/airflow/.local/lib/python3.8/site-packages/airflow/example_dags/example_xcom.py
[2023-10-10T15:25:41.512+0000] {processor.py:829} INFO - Processing file /home/airflow/.local/lib/python3.8/site-packages/airflow/example_dags/example_xcom.py for tasks to queue
[2023-10-10T15:25:41.513+0000] {logging_mixin.py:151} INFO - [2023-10-10T15:25:41.513+0000] {dagbag.py:539} INFO - Filling up the DagBag from /home/airflow/.local/lib/python3.8/site-packages/airflow/example_dags/example_xcom.py
[2023-10-10T15:25:41.520+0000] {processor.py:839} INFO - DAG(s) dict_keys(['example_xcom']) retrieved from /home/airflow/.local/lib/python3.8/site-packages/airflow/example_dags/example_xcom.py
[2023-10-10T15:25:41.545+0000] {logging_mixin.py:151} INFO - [2023-10-10T15:25:41.545+0000] {dag.py:2915} INFO - Sync 1 DAGs
[2023-10-10T15:25:41.568+0000] {logging_mixin.py:151} INFO - [2023-10-10T15:25:41.568+0000] {dag.py:3696} INFO - Setting next_dagrun for example_xcom to 2021-01-01T00:00:00+00:00, run_after=2021-01-01T00:00:00+00:00
[2023-10-10T15:25:41.590+0000] {processor.py:179} INFO - Processing /home/airflow/.local/lib/python3.8/site-packages/airflow/example_dags/example_xcom.py took 0.082 seconds
[2023-10-10T15:26:12.149+0000] {processor.py:157} INFO - Started process (PID=403) to work on /home/airflow/.local/lib/python3.8/site-packages/airflow/example_dags/example_xcom.py
[2023-10-10T15:26:12.149+0000] {processor.py:829} INFO - Processing file /home/airflow/.local/lib/python3.8/site-packages/airflow/example_dags/example_xcom.py for tasks to queue
[2023-10-10T15:26:12.151+0000] {logging_mixin.py:151} INFO - [2023-10-10T15:26:12.151+0000] {dagbag.py:539} INFO - Filling up the DagBag from /home/airflow/.local/lib/python3.8/site-packages/airflow/example_dags/example_xcom.py
[2023-10-10T15:26:12.157+0000] {processor.py:839} INFO - DAG(s) dict_keys(['example_xcom']) retrieved from /home/airflow/.local/lib/python3.8/site-packages/airflow/example_dags/example_xcom.py
[2023-10-10T15:26:12.174+0000] {logging_mixin.py:151} INFO - [2023-10-10T15:26:12.174+0000] {dag.py:2915} INFO - Sync 1 DAGs
[2023-10-10T15:26:12.196+0000] {logging_mixin.py:151} INFO - [2023-10-10T15:26:12.196+0000] {dag.py:3696} INFO - Setting next_dagrun for example_xcom to 2021-01-01T00:00:00+00:00, run_after=2021-01-01T00:00:00+00:00
[2023-10-10T15:26:12.214+0000] {processor.py:179} INFO - Processing /home/airflow/.local/lib/python3.8/site-packages/airflow/example_dags/example_xcom.py took 0.068 seconds
[2023-10-10T15:26:42.659+0000] {processor.py:157} INFO - Started process (PID=457) to work on /home/airflow/.local/lib/python3.8/site-packages/airflow/example_dags/example_xcom.py
[2023-10-10T15:26:42.660+0000] {processor.py:829} INFO - Processing file /home/airflow/.local/lib/python3.8/site-packages/airflow/example_dags/example_xcom.py for tasks to queue
[2023-10-10T15:26:42.661+0000] {logging_mixin.py:151} INFO - [2023-10-10T15:26:42.661+0000] {dagbag.py:539} INFO - Filling up the DagBag from /home/airflow/.local/lib/python3.8/site-packages/airflow/example_dags/example_xcom.py
[2023-10-10T15:26:42.667+0000] {processor.py:839} INFO - DAG(s) dict_keys(['example_xcom']) retrieved from /home/airflow/.local/lib/python3.8/site-packages/airflow/example_dags/example_xcom.py
[2023-10-10T15:26:42.688+0000] {logging_mixin.py:151} INFO - [2023-10-10T15:26:42.687+0000] {dag.py:2915} INFO - Sync 1 DAGs
[2023-10-10T15:26:42.709+0000] {logging_mixin.py:151} INFO - [2023-10-10T15:26:42.709+0000] {dag.py:3696} INFO - Setting next_dagrun for example_xcom to 2021-01-01T00:00:00+00:00, run_after=2021-01-01T00:00:00+00:00
[2023-10-10T15:26:42.726+0000] {processor.py:179} INFO - Processing /home/airflow/.local/lib/python3.8/site-packages/airflow/example_dags/example_xcom.py took 0.070 seconds
[2023-10-10T15:27:13.416+0000] {processor.py:157} INFO - Started process (PID=511) to work on /home/airflow/.local/lib/python3.8/site-packages/airflow/example_dags/example_xcom.py
[2023-10-10T15:27:13.416+0000] {processor.py:829} INFO - Processing file /home/airflow/.local/lib/python3.8/site-packages/airflow/example_dags/example_xcom.py for tasks to queue
[2023-10-10T15:27:13.418+0000] {logging_mixin.py:151} INFO - [2023-10-10T15:27:13.418+0000] {dagbag.py:539} INFO - Filling up the DagBag from /home/airflow/.local/lib/python3.8/site-packages/airflow/example_dags/example_xcom.py
[2023-10-10T15:27:13.424+0000] {processor.py:839} INFO - DAG(s) dict_keys(['example_xcom']) retrieved from /home/airflow/.local/lib/python3.8/site-packages/airflow/example_dags/example_xcom.py
[2023-10-10T15:27:13.445+0000] {logging_mixin.py:151} INFO - [2023-10-10T15:27:13.444+0000] {dag.py:2915} INFO - Sync 1 DAGs
[2023-10-10T15:27:13.466+0000] {logging_mixin.py:151} INFO - [2023-10-10T15:27:13.466+0000] {dag.py:3696} INFO - Setting next_dagrun for example_xcom to 2021-01-01T00:00:00+00:00, run_after=2021-01-01T00:00:00+00:00
[2023-10-10T15:27:13.491+0000] {processor.py:179} INFO - Processing /home/airflow/.local/lib/python3.8/site-packages/airflow/example_dags/example_xcom.py took 0.078 seconds
[2023-10-10T15:27:44.131+0000] {processor.py:157} INFO - Started process (PID=565) to work on /home/airflow/.local/lib/python3.8/site-packages/airflow/example_dags/example_xcom.py
[2023-10-10T15:27:44.132+0000] {processor.py:829} INFO - Processing file /home/airflow/.local/lib/python3.8/site-packages/airflow/example_dags/example_xcom.py for tasks to queue
[2023-10-10T15:27:44.134+0000] {logging_mixin.py:151} INFO - [2023-10-10T15:27:44.134+0000] {dagbag.py:539} INFO - Filling up the DagBag from /home/airflow/.local/lib/python3.8/site-packages/airflow/example_dags/example_xcom.py
[2023-10-10T15:27:44.140+0000] {processor.py:839} INFO - DAG(s) dict_keys(['example_xcom']) retrieved from /home/airflow/.local/lib/python3.8/site-packages/airflow/example_dags/example_xcom.py
[2023-10-10T15:27:44.159+0000] {logging_mixin.py:151} INFO - [2023-10-10T15:27:44.159+0000] {dag.py:2915} INFO - Sync 1 DAGs
[2023-10-10T15:27:44.182+0000] {logging_mixin.py:151} INFO - [2023-10-10T15:27:44.182+0000] {dag.py:3696} INFO - Setting next_dagrun for example_xcom to 2021-01-01T00:00:00+00:00, run_after=2021-01-01T00:00:00+00:00
[2023-10-10T15:27:44.200+0000] {processor.py:179} INFO - Processing /home/airflow/.local/lib/python3.8/site-packages/airflow/example_dags/example_xcom.py took 0.072 seconds
[2023-10-10T15:28:14.948+0000] {processor.py:157} INFO - Started process (PID=619) to work on /home/airflow/.local/lib/python3.8/site-packages/airflow/example_dags/example_xcom.py
[2023-10-10T15:28:14.949+0000] {processor.py:829} INFO - Processing file /home/airflow/.local/lib/python3.8/site-packages/airflow/example_dags/example_xcom.py for tasks to queue
[2023-10-10T15:28:14.950+0000] {logging_mixin.py:151} INFO - [2023-10-10T15:28:14.950+0000] {dagbag.py:539} INFO - Filling up the DagBag from /home/airflow/.local/lib/python3.8/site-packages/airflow/example_dags/example_xcom.py
[2023-10-10T15:28:14.957+0000] {processor.py:839} INFO - DAG(s) dict_keys(['example_xcom']) retrieved from /home/airflow/.local/lib/python3.8/site-packages/airflow/example_dags/example_xcom.py
[2023-10-10T15:28:14.976+0000] {logging_mixin.py:151} INFO - [2023-10-10T15:28:14.976+0000] {dag.py:2915} INFO - Sync 1 DAGs
[2023-10-10T15:28:14.999+0000] {logging_mixin.py:151} INFO - [2023-10-10T15:28:14.998+0000] {dag.py:3696} INFO - Setting next_dagrun for example_xcom to 2021-01-01T00:00:00+00:00, run_after=2021-01-01T00:00:00+00:00
[2023-10-10T15:28:15.017+0000] {processor.py:179} INFO - Processing /home/airflow/.local/lib/python3.8/site-packages/airflow/example_dags/example_xcom.py took 0.073 seconds
[2023-10-10T15:28:45.862+0000] {processor.py:157} INFO - Started process (PID=673) to work on /home/airflow/.local/lib/python3.8/site-packages/airflow/example_dags/example_xcom.py
[2023-10-10T15:28:45.862+0000] {processor.py:829} INFO - Processing file /home/airflow/.local/lib/python3.8/site-packages/airflow/example_dags/example_xcom.py for tasks to queue
[2023-10-10T15:28:45.864+0000] {logging_mixin.py:151} INFO - [2023-10-10T15:28:45.864+0000] {dagbag.py:539} INFO - Filling up the DagBag from /home/airflow/.local/lib/python3.8/site-packages/airflow/example_dags/example_xcom.py
[2023-10-10T15:28:45.869+0000] {processor.py:839} INFO - DAG(s) dict_keys(['example_xcom']) retrieved from /home/airflow/.local/lib/python3.8/site-packages/airflow/example_dags/example_xcom.py
[2023-10-10T15:28:45.891+0000] {logging_mixin.py:151} INFO - [2023-10-10T15:28:45.891+0000] {dag.py:2915} INFO - Sync 1 DAGs
[2023-10-10T15:28:45.913+0000] {logging_mixin.py:151} INFO - [2023-10-10T15:28:45.913+0000] {dag.py:3696} INFO - Setting next_dagrun for example_xcom to 2021-01-01T00:00:00+00:00, run_after=2021-01-01T00:00:00+00:00
[2023-10-10T15:28:45.929+0000] {processor.py:179} INFO - Processing /home/airflow/.local/lib/python3.8/site-packages/airflow/example_dags/example_xcom.py took 0.069 seconds
[2023-10-10T15:29:17.903+0000] {processor.py:157} INFO - Started process (PID=727) to work on /home/airflow/.local/lib/python3.8/site-packages/airflow/example_dags/example_xcom.py
[2023-10-10T15:29:17.904+0000] {processor.py:829} INFO - Processing file /home/airflow/.local/lib/python3.8/site-packages/airflow/example_dags/example_xcom.py for tasks to queue
[2023-10-10T15:29:17.905+0000] {logging_mixin.py:151} INFO - [2023-10-10T15:29:17.905+0000] {dagbag.py:539} INFO - Filling up the DagBag from /home/airflow/.local/lib/python3.8/site-packages/airflow/example_dags/example_xcom.py
[2023-10-10T15:29:17.913+0000] {processor.py:839} INFO - DAG(s) dict_keys(['example_xcom']) retrieved from /home/airflow/.local/lib/python3.8/site-packages/airflow/example_dags/example_xcom.py
[2023-10-10T15:29:17.935+0000] {logging_mixin.py:151} INFO - [2023-10-10T15:29:17.935+0000] {dag.py:2915} INFO - Sync 1 DAGs
[2023-10-10T15:29:17.997+0000] {logging_mixin.py:151} INFO - [2023-10-10T15:29:17.996+0000] {dag.py:3696} INFO - Setting next_dagrun for example_xcom to 2021-01-01T00:00:00+00:00, run_after=2021-01-01T00:00:00+00:00
[2023-10-10T15:29:18.018+0000] {processor.py:179} INFO - Processing /home/airflow/.local/lib/python3.8/site-packages/airflow/example_dags/example_xcom.py took 0.118 seconds
[2023-10-10T15:29:49.098+0000] {processor.py:157} INFO - Started process (PID=781) to work on /home/airflow/.local/lib/python3.8/site-packages/airflow/example_dags/example_xcom.py
[2023-10-10T15:29:49.099+0000] {processor.py:829} INFO - Processing file /home/airflow/.local/lib/python3.8/site-packages/airflow/example_dags/example_xcom.py for tasks to queue
[2023-10-10T15:29:49.101+0000] {logging_mixin.py:151} INFO - [2023-10-10T15:29:49.101+0000] {dagbag.py:539} INFO - Filling up the DagBag from /home/airflow/.local/lib/python3.8/site-packages/airflow/example_dags/example_xcom.py
[2023-10-10T15:29:49.108+0000] {processor.py:839} INFO - DAG(s) dict_keys(['example_xcom']) retrieved from /home/airflow/.local/lib/python3.8/site-packages/airflow/example_dags/example_xcom.py
[2023-10-10T15:29:49.180+0000] {logging_mixin.py:151} INFO - [2023-10-10T15:29:49.179+0000] {dag.py:2915} INFO - Sync 1 DAGs
[2023-10-10T15:29:49.205+0000] {logging_mixin.py:151} INFO - [2023-10-10T15:29:49.205+0000] {dag.py:3696} INFO - Setting next_dagrun for example_xcom to 2021-01-01T00:00:00+00:00, run_after=2021-01-01T00:00:00+00:00
[2023-10-10T15:29:49.280+0000] {processor.py:179} INFO - Processing /home/airflow/.local/lib/python3.8/site-packages/airflow/example_dags/example_xcom.py took 0.185 seconds
[2023-10-10T15:30:20.032+0000] {processor.py:157} INFO - Started process (PID=835) to work on /home/airflow/.local/lib/python3.8/site-packages/airflow/example_dags/example_xcom.py
[2023-10-10T15:30:20.033+0000] {processor.py:829} INFO - Processing file /home/airflow/.local/lib/python3.8/site-packages/airflow/example_dags/example_xcom.py for tasks to queue
[2023-10-10T15:30:20.035+0000] {logging_mixin.py:151} INFO - [2023-10-10T15:30:20.034+0000] {dagbag.py:539} INFO - Filling up the DagBag from /home/airflow/.local/lib/python3.8/site-packages/airflow/example_dags/example_xcom.py
[2023-10-10T15:30:20.040+0000] {processor.py:839} INFO - DAG(s) dict_keys(['example_xcom']) retrieved from /home/airflow/.local/lib/python3.8/site-packages/airflow/example_dags/example_xcom.py
[2023-10-10T15:30:20.094+0000] {logging_mixin.py:151} INFO - [2023-10-10T15:30:20.094+0000] {dag.py:2915} INFO - Sync 1 DAGs
[2023-10-10T15:30:20.114+0000] {logging_mixin.py:151} INFO - [2023-10-10T15:30:20.114+0000] {dag.py:3696} INFO - Setting next_dagrun for example_xcom to 2021-01-01T00:00:00+00:00, run_after=2021-01-01T00:00:00+00:00
[2023-10-10T15:30:20.128+0000] {processor.py:179} INFO - Processing /home/airflow/.local/lib/python3.8/site-packages/airflow/example_dags/example_xcom.py took 0.098 seconds
[2023-10-10T15:30:50.195+0000] {processor.py:157} INFO - Started process (PID=889) to work on /home/airflow/.local/lib/python3.8/site-packages/airflow/example_dags/example_xcom.py
[2023-10-10T15:30:50.196+0000] {processor.py:829} INFO - Processing file /home/airflow/.local/lib/python3.8/site-packages/airflow/example_dags/example_xcom.py for tasks to queue
[2023-10-10T15:30:50.198+0000] {logging_mixin.py:151} INFO - [2023-10-10T15:30:50.197+0000] {dagbag.py:539} INFO - Filling up the DagBag from /home/airflow/.local/lib/python3.8/site-packages/airflow/example_dags/example_xcom.py
[2023-10-10T15:30:50.204+0000] {processor.py:839} INFO - DAG(s) dict_keys(['example_xcom']) retrieved from /home/airflow/.local/lib/python3.8/site-packages/airflow/example_dags/example_xcom.py
[2023-10-10T15:30:50.225+0000] {logging_mixin.py:151} INFO - [2023-10-10T15:30:50.225+0000] {dag.py:2915} INFO - Sync 1 DAGs
[2023-10-10T15:30:50.245+0000] {logging_mixin.py:151} INFO - [2023-10-10T15:30:50.245+0000] {dag.py:3696} INFO - Setting next_dagrun for example_xcom to 2021-01-01T00:00:00+00:00, run_after=2021-01-01T00:00:00+00:00
[2023-10-10T15:30:50.260+0000] {processor.py:179} INFO - Processing /home/airflow/.local/lib/python3.8/site-packages/airflow/example_dags/example_xcom.py took 0.068 seconds
[2023-10-10T15:31:20.387+0000] {processor.py:157} INFO - Started process (PID=943) to work on /home/airflow/.local/lib/python3.8/site-packages/airflow/example_dags/example_xcom.py
[2023-10-10T15:31:20.390+0000] {processor.py:829} INFO - Processing file /home/airflow/.local/lib/python3.8/site-packages/airflow/example_dags/example_xcom.py for tasks to queue
[2023-10-10T15:31:20.392+0000] {logging_mixin.py:151} INFO - [2023-10-10T15:31:20.392+0000] {dagbag.py:539} INFO - Filling up the DagBag from /home/airflow/.local/lib/python3.8/site-packages/airflow/example_dags/example_xcom.py
[2023-10-10T15:31:20.398+0000] {processor.py:839} INFO - DAG(s) dict_keys(['example_xcom']) retrieved from /home/airflow/.local/lib/python3.8/site-packages/airflow/example_dags/example_xcom.py
[2023-10-10T15:31:20.420+0000] {logging_mixin.py:151} INFO - [2023-10-10T15:31:20.419+0000] {dag.py:2915} INFO - Sync 1 DAGs
[2023-10-10T15:31:20.438+0000] {logging_mixin.py:151} INFO - [2023-10-10T15:31:20.438+0000] {dag.py:3696} INFO - Setting next_dagrun for example_xcom to 2021-01-01T00:00:00+00:00, run_after=2021-01-01T00:00:00+00:00
[2023-10-10T15:31:20.453+0000] {processor.py:179} INFO - Processing /home/airflow/.local/lib/python3.8/site-packages/airflow/example_dags/example_xcom.py took 0.069 seconds
[2023-10-10T15:31:51.538+0000] {processor.py:157} INFO - Started process (PID=997) to work on /home/airflow/.local/lib/python3.8/site-packages/airflow/example_dags/example_xcom.py
[2023-10-10T15:31:51.539+0000] {processor.py:829} INFO - Processing file /home/airflow/.local/lib/python3.8/site-packages/airflow/example_dags/example_xcom.py for tasks to queue
[2023-10-10T15:31:51.541+0000] {logging_mixin.py:151} INFO - [2023-10-10T15:31:51.541+0000] {dagbag.py:539} INFO - Filling up the DagBag from /home/airflow/.local/lib/python3.8/site-packages/airflow/example_dags/example_xcom.py
[2023-10-10T15:31:51.547+0000] {processor.py:839} INFO - DAG(s) dict_keys(['example_xcom']) retrieved from /home/airflow/.local/lib/python3.8/site-packages/airflow/example_dags/example_xcom.py
[2023-10-10T15:31:51.584+0000] {logging_mixin.py:151} INFO - [2023-10-10T15:31:51.583+0000] {dag.py:2915} INFO - Sync 1 DAGs
[2023-10-10T15:31:51.609+0000] {logging_mixin.py:151} INFO - [2023-10-10T15:31:51.608+0000] {dag.py:3696} INFO - Setting next_dagrun for example_xcom to 2021-01-01T00:00:00+00:00, run_after=2021-01-01T00:00:00+00:00
[2023-10-10T15:31:51.627+0000] {processor.py:179} INFO - Processing /home/airflow/.local/lib/python3.8/site-packages/airflow/example_dags/example_xcom.py took 0.092 seconds
[2023-10-10T15:32:22.367+0000] {processor.py:157} INFO - Started process (PID=1051) to work on /home/airflow/.local/lib/python3.8/site-packages/airflow/example_dags/example_xcom.py
[2023-10-10T15:32:22.368+0000] {processor.py:829} INFO - Processing file /home/airflow/.local/lib/python3.8/site-packages/airflow/example_dags/example_xcom.py for tasks to queue
[2023-10-10T15:32:22.369+0000] {logging_mixin.py:151} INFO - [2023-10-10T15:32:22.369+0000] {dagbag.py:539} INFO - Filling up the DagBag from /home/airflow/.local/lib/python3.8/site-packages/airflow/example_dags/example_xcom.py
[2023-10-10T15:32:22.375+0000] {processor.py:839} INFO - DAG(s) dict_keys(['example_xcom']) retrieved from /home/airflow/.local/lib/python3.8/site-packages/airflow/example_dags/example_xcom.py
[2023-10-10T15:32:22.394+0000] {logging_mixin.py:151} INFO - [2023-10-10T15:32:22.394+0000] {dag.py:2915} INFO - Sync 1 DAGs
[2023-10-10T15:32:22.413+0000] {logging_mixin.py:151} INFO - [2023-10-10T15:32:22.413+0000] {dag.py:3696} INFO - Setting next_dagrun for example_xcom to 2021-01-01T00:00:00+00:00, run_after=2021-01-01T00:00:00+00:00
[2023-10-10T15:32:22.431+0000] {processor.py:179} INFO - Processing /home/airflow/.local/lib/python3.8/site-packages/airflow/example_dags/example_xcom.py took 0.066 seconds
[2023-10-10T15:32:53.446+0000] {processor.py:157} INFO - Started process (PID=1105) to work on /home/airflow/.local/lib/python3.8/site-packages/airflow/example_dags/example_xcom.py
[2023-10-10T15:32:53.447+0000] {processor.py:829} INFO - Processing file /home/airflow/.local/lib/python3.8/site-packages/airflow/example_dags/example_xcom.py for tasks to queue
[2023-10-10T15:32:53.449+0000] {logging_mixin.py:151} INFO - [2023-10-10T15:32:53.448+0000] {dagbag.py:539} INFO - Filling up the DagBag from /home/airflow/.local/lib/python3.8/site-packages/airflow/example_dags/example_xcom.py
[2023-10-10T15:32:53.455+0000] {processor.py:839} INFO - DAG(s) dict_keys(['example_xcom']) retrieved from /home/airflow/.local/lib/python3.8/site-packages/airflow/example_dags/example_xcom.py
[2023-10-10T15:32:53.477+0000] {logging_mixin.py:151} INFO - [2023-10-10T15:32:53.477+0000] {dag.py:2915} INFO - Sync 1 DAGs
[2023-10-10T15:32:53.503+0000] {logging_mixin.py:151} INFO - [2023-10-10T15:32:53.503+0000] {dag.py:3696} INFO - Setting next_dagrun for example_xcom to 2021-01-01T00:00:00+00:00, run_after=2021-01-01T00:00:00+00:00
[2023-10-10T15:32:53.522+0000] {processor.py:179} INFO - Processing /home/airflow/.local/lib/python3.8/site-packages/airflow/example_dags/example_xcom.py took 0.078 seconds
[2023-10-10T15:33:23.860+0000] {processor.py:157} INFO - Started process (PID=1159) to work on /home/airflow/.local/lib/python3.8/site-packages/airflow/example_dags/example_xcom.py
[2023-10-10T15:33:23.861+0000] {processor.py:829} INFO - Processing file /home/airflow/.local/lib/python3.8/site-packages/airflow/example_dags/example_xcom.py for tasks to queue
[2023-10-10T15:33:23.862+0000] {logging_mixin.py:151} INFO - [2023-10-10T15:33:23.862+0000] {dagbag.py:539} INFO - Filling up the DagBag from /home/airflow/.local/lib/python3.8/site-packages/airflow/example_dags/example_xcom.py
[2023-10-10T15:33:23.868+0000] {processor.py:839} INFO - DAG(s) dict_keys(['example_xcom']) retrieved from /home/airflow/.local/lib/python3.8/site-packages/airflow/example_dags/example_xcom.py
[2023-10-10T15:33:23.899+0000] {logging_mixin.py:151} INFO - [2023-10-10T15:33:23.898+0000] {dag.py:2915} INFO - Sync 1 DAGs
[2023-10-10T15:33:23.920+0000] {logging_mixin.py:151} INFO - [2023-10-10T15:33:23.920+0000] {dag.py:3696} INFO - Setting next_dagrun for example_xcom to 2021-01-01T00:00:00+00:00, run_after=2021-01-01T00:00:00+00:00
[2023-10-10T15:33:23.934+0000] {processor.py:179} INFO - Processing /home/airflow/.local/lib/python3.8/site-packages/airflow/example_dags/example_xcom.py took 0.077 seconds
[2023-10-10T15:33:54.153+0000] {processor.py:157} INFO - Started process (PID=1219) to work on /home/airflow/.local/lib/python3.8/site-packages/airflow/example_dags/example_xcom.py
[2023-10-10T15:33:54.154+0000] {processor.py:829} INFO - Processing file /home/airflow/.local/lib/python3.8/site-packages/airflow/example_dags/example_xcom.py for tasks to queue
[2023-10-10T15:33:54.156+0000] {logging_mixin.py:151} INFO - [2023-10-10T15:33:54.155+0000] {dagbag.py:539} INFO - Filling up the DagBag from /home/airflow/.local/lib/python3.8/site-packages/airflow/example_dags/example_xcom.py
[2023-10-10T15:33:54.163+0000] {processor.py:839} INFO - DAG(s) dict_keys(['example_xcom']) retrieved from /home/airflow/.local/lib/python3.8/site-packages/airflow/example_dags/example_xcom.py
[2023-10-10T15:33:54.194+0000] {logging_mixin.py:151} INFO - [2023-10-10T15:33:54.193+0000] {dag.py:2915} INFO - Sync 1 DAGs
[2023-10-10T15:33:54.221+0000] {logging_mixin.py:151} INFO - [2023-10-10T15:33:54.221+0000] {dag.py:3696} INFO - Setting next_dagrun for example_xcom to 2021-01-01T00:00:00+00:00, run_after=2021-01-01T00:00:00+00:00
[2023-10-10T15:33:54.241+0000] {processor.py:179} INFO - Processing /home/airflow/.local/lib/python3.8/site-packages/airflow/example_dags/example_xcom.py took 0.091 seconds
[2023-10-10T15:34:24.969+0000] {processor.py:157} INFO - Started process (PID=1274) to work on /home/airflow/.local/lib/python3.8/site-packages/airflow/example_dags/example_xcom.py
[2023-10-10T15:34:24.970+0000] {processor.py:829} INFO - Processing file /home/airflow/.local/lib/python3.8/site-packages/airflow/example_dags/example_xcom.py for tasks to queue
[2023-10-10T15:34:24.972+0000] {logging_mixin.py:151} INFO - [2023-10-10T15:34:24.971+0000] {dagbag.py:539} INFO - Filling up the DagBag from /home/airflow/.local/lib/python3.8/site-packages/airflow/example_dags/example_xcom.py
[2023-10-10T15:34:24.978+0000] {processor.py:839} INFO - DAG(s) dict_keys(['example_xcom']) retrieved from /home/airflow/.local/lib/python3.8/site-packages/airflow/example_dags/example_xcom.py
[2023-10-10T15:34:25.001+0000] {logging_mixin.py:151} INFO - [2023-10-10T15:34:25.001+0000] {dag.py:2915} INFO - Sync 1 DAGs
[2023-10-10T15:34:25.026+0000] {logging_mixin.py:151} INFO - [2023-10-10T15:34:25.026+0000] {dag.py:3696} INFO - Setting next_dagrun for example_xcom to 2021-01-01T00:00:00+00:00, run_after=2021-01-01T00:00:00+00:00
[2023-10-10T15:34:25.044+0000] {processor.py:179} INFO - Processing /home/airflow/.local/lib/python3.8/site-packages/airflow/example_dags/example_xcom.py took 0.077 seconds
[2023-10-10T15:34:55.968+0000] {processor.py:157} INFO - Started process (PID=1327) to work on /home/airflow/.local/lib/python3.8/site-packages/airflow/example_dags/example_xcom.py
[2023-10-10T15:34:55.969+0000] {processor.py:829} INFO - Processing file /home/airflow/.local/lib/python3.8/site-packages/airflow/example_dags/example_xcom.py for tasks to queue
[2023-10-10T15:34:55.970+0000] {logging_mixin.py:151} INFO - [2023-10-10T15:34:55.970+0000] {dagbag.py:539} INFO - Filling up the DagBag from /home/airflow/.local/lib/python3.8/site-packages/airflow/example_dags/example_xcom.py
[2023-10-10T15:34:55.983+0000] {processor.py:839} INFO - DAG(s) dict_keys(['example_xcom']) retrieved from /home/airflow/.local/lib/python3.8/site-packages/airflow/example_dags/example_xcom.py
[2023-10-10T15:34:56.012+0000] {logging_mixin.py:151} INFO - [2023-10-10T15:34:56.012+0000] {dag.py:2915} INFO - Sync 1 DAGs
[2023-10-10T15:34:56.040+0000] {logging_mixin.py:151} INFO - [2023-10-10T15:34:56.040+0000] {dag.py:3696} INFO - Setting next_dagrun for example_xcom to 2021-01-01T00:00:00+00:00, run_after=2021-01-01T00:00:00+00:00
[2023-10-10T15:34:56.056+0000] {processor.py:179} INFO - Processing /home/airflow/.local/lib/python3.8/site-packages/airflow/example_dags/example_xcom.py took 0.090 seconds
[2023-10-10T15:35:27.151+0000] {processor.py:157} INFO - Started process (PID=1381) to work on /home/airflow/.local/lib/python3.8/site-packages/airflow/example_dags/example_xcom.py
[2023-10-10T15:35:27.151+0000] {processor.py:829} INFO - Processing file /home/airflow/.local/lib/python3.8/site-packages/airflow/example_dags/example_xcom.py for tasks to queue
[2023-10-10T15:35:27.153+0000] {logging_mixin.py:151} INFO - [2023-10-10T15:35:27.153+0000] {dagbag.py:539} INFO - Filling up the DagBag from /home/airflow/.local/lib/python3.8/site-packages/airflow/example_dags/example_xcom.py
[2023-10-10T15:35:27.160+0000] {processor.py:839} INFO - DAG(s) dict_keys(['example_xcom']) retrieved from /home/airflow/.local/lib/python3.8/site-packages/airflow/example_dags/example_xcom.py
[2023-10-10T15:35:27.185+0000] {logging_mixin.py:151} INFO - [2023-10-10T15:35:27.185+0000] {dag.py:2915} INFO - Sync 1 DAGs
[2023-10-10T15:35:27.211+0000] {logging_mixin.py:151} INFO - [2023-10-10T15:35:27.210+0000] {dag.py:3696} INFO - Setting next_dagrun for example_xcom to 2021-01-01T00:00:00+00:00, run_after=2021-01-01T00:00:00+00:00
[2023-10-10T15:35:27.235+0000] {processor.py:179} INFO - Processing /home/airflow/.local/lib/python3.8/site-packages/airflow/example_dags/example_xcom.py took 0.087 seconds
[2023-10-10T15:35:58.337+0000] {processor.py:157} INFO - Started process (PID=1435) to work on /home/airflow/.local/lib/python3.8/site-packages/airflow/example_dags/example_xcom.py
[2023-10-10T15:35:58.338+0000] {processor.py:829} INFO - Processing file /home/airflow/.local/lib/python3.8/site-packages/airflow/example_dags/example_xcom.py for tasks to queue
[2023-10-10T15:35:58.340+0000] {logging_mixin.py:151} INFO - [2023-10-10T15:35:58.339+0000] {dagbag.py:539} INFO - Filling up the DagBag from /home/airflow/.local/lib/python3.8/site-packages/airflow/example_dags/example_xcom.py
[2023-10-10T15:35:58.346+0000] {processor.py:839} INFO - DAG(s) dict_keys(['example_xcom']) retrieved from /home/airflow/.local/lib/python3.8/site-packages/airflow/example_dags/example_xcom.py
[2023-10-10T15:35:58.364+0000] {logging_mixin.py:151} INFO - [2023-10-10T15:35:58.364+0000] {dag.py:2915} INFO - Sync 1 DAGs
[2023-10-10T15:35:58.396+0000] {logging_mixin.py:151} INFO - [2023-10-10T15:35:58.395+0000] {dag.py:3696} INFO - Setting next_dagrun for example_xcom to 2021-01-01T00:00:00+00:00, run_after=2021-01-01T00:00:00+00:00
[2023-10-10T15:35:58.416+0000] {processor.py:179} INFO - Processing /home/airflow/.local/lib/python3.8/site-packages/airflow/example_dags/example_xcom.py took 0.082 seconds
[2023-10-10T15:36:29.036+0000] {processor.py:157} INFO - Started process (PID=1489) to work on /home/airflow/.local/lib/python3.8/site-packages/airflow/example_dags/example_xcom.py
[2023-10-10T15:36:29.037+0000] {processor.py:829} INFO - Processing file /home/airflow/.local/lib/python3.8/site-packages/airflow/example_dags/example_xcom.py for tasks to queue
[2023-10-10T15:36:29.038+0000] {logging_mixin.py:151} INFO - [2023-10-10T15:36:29.038+0000] {dagbag.py:539} INFO - Filling up the DagBag from /home/airflow/.local/lib/python3.8/site-packages/airflow/example_dags/example_xcom.py
[2023-10-10T15:36:29.045+0000] {processor.py:839} INFO - DAG(s) dict_keys(['example_xcom']) retrieved from /home/airflow/.local/lib/python3.8/site-packages/airflow/example_dags/example_xcom.py
[2023-10-10T15:36:29.082+0000] {logging_mixin.py:151} INFO - [2023-10-10T15:36:29.081+0000] {dag.py:2915} INFO - Sync 1 DAGs
[2023-10-10T15:36:29.106+0000] {logging_mixin.py:151} INFO - [2023-10-10T15:36:29.106+0000] {dag.py:3696} INFO - Setting next_dagrun for example_xcom to 2021-01-01T00:00:00+00:00, run_after=2021-01-01T00:00:00+00:00
[2023-10-10T15:36:29.124+0000] {processor.py:179} INFO - Processing /home/airflow/.local/lib/python3.8/site-packages/airflow/example_dags/example_xcom.py took 0.091 seconds
[2023-10-10T15:37:00.182+0000] {processor.py:157} INFO - Started process (PID=1543) to work on /home/airflow/.local/lib/python3.8/site-packages/airflow/example_dags/example_xcom.py
[2023-10-10T15:37:00.183+0000] {processor.py:829} INFO - Processing file /home/airflow/.local/lib/python3.8/site-packages/airflow/example_dags/example_xcom.py for tasks to queue
[2023-10-10T15:37:00.186+0000] {logging_mixin.py:151} INFO - [2023-10-10T15:37:00.186+0000] {dagbag.py:539} INFO - Filling up the DagBag from /home/airflow/.local/lib/python3.8/site-packages/airflow/example_dags/example_xcom.py
[2023-10-10T15:37:00.195+0000] {processor.py:839} INFO - DAG(s) dict_keys(['example_xcom']) retrieved from /home/airflow/.local/lib/python3.8/site-packages/airflow/example_dags/example_xcom.py
[2023-10-10T15:37:00.224+0000] {logging_mixin.py:151} INFO - [2023-10-10T15:37:00.223+0000] {dag.py:2915} INFO - Sync 1 DAGs
[2023-10-10T15:37:00.249+0000] {logging_mixin.py:151} INFO - [2023-10-10T15:37:00.249+0000] {dag.py:3696} INFO - Setting next_dagrun for example_xcom to 2021-01-01T00:00:00+00:00, run_after=2021-01-01T00:00:00+00:00
[2023-10-10T15:37:00.268+0000] {processor.py:179} INFO - Processing /home/airflow/.local/lib/python3.8/site-packages/airflow/example_dags/example_xcom.py took 0.091 seconds
[2023-10-10T15:37:31.343+0000] {processor.py:157} INFO - Started process (PID=1597) to work on /home/airflow/.local/lib/python3.8/site-packages/airflow/example_dags/example_xcom.py
[2023-10-10T15:37:31.344+0000] {processor.py:829} INFO - Processing file /home/airflow/.local/lib/python3.8/site-packages/airflow/example_dags/example_xcom.py for tasks to queue
[2023-10-10T15:37:31.346+0000] {logging_mixin.py:151} INFO - [2023-10-10T15:37:31.346+0000] {dagbag.py:539} INFO - Filling up the DagBag from /home/airflow/.local/lib/python3.8/site-packages/airflow/example_dags/example_xcom.py
[2023-10-10T15:37:31.352+0000] {processor.py:839} INFO - DAG(s) dict_keys(['example_xcom']) retrieved from /home/airflow/.local/lib/python3.8/site-packages/airflow/example_dags/example_xcom.py
[2023-10-10T15:37:31.371+0000] {logging_mixin.py:151} INFO - [2023-10-10T15:37:31.371+0000] {dag.py:2915} INFO - Sync 1 DAGs
[2023-10-10T15:37:31.394+0000] {logging_mixin.py:151} INFO - [2023-10-10T15:37:31.393+0000] {dag.py:3696} INFO - Setting next_dagrun for example_xcom to 2021-01-01T00:00:00+00:00, run_after=2021-01-01T00:00:00+00:00
[2023-10-10T15:37:31.412+0000] {processor.py:179} INFO - Processing /home/airflow/.local/lib/python3.8/site-packages/airflow/example_dags/example_xcom.py took 0.072 seconds
[2023-10-10T15:38:02.967+0000] {processor.py:157} INFO - Started process (PID=1651) to work on /home/airflow/.local/lib/python3.8/site-packages/airflow/example_dags/example_xcom.py
[2023-10-10T15:38:02.968+0000] {processor.py:829} INFO - Processing file /home/airflow/.local/lib/python3.8/site-packages/airflow/example_dags/example_xcom.py for tasks to queue
[2023-10-10T15:38:02.969+0000] {logging_mixin.py:151} INFO - [2023-10-10T15:38:02.969+0000] {dagbag.py:539} INFO - Filling up the DagBag from /home/airflow/.local/lib/python3.8/site-packages/airflow/example_dags/example_xcom.py
[2023-10-10T15:38:02.976+0000] {processor.py:839} INFO - DAG(s) dict_keys(['example_xcom']) retrieved from /home/airflow/.local/lib/python3.8/site-packages/airflow/example_dags/example_xcom.py
[2023-10-10T15:38:03.003+0000] {logging_mixin.py:151} INFO - [2023-10-10T15:38:03.003+0000] {dag.py:2915} INFO - Sync 1 DAGs
[2023-10-10T15:38:03.032+0000] {logging_mixin.py:151} INFO - [2023-10-10T15:38:03.032+0000] {dag.py:3696} INFO - Setting next_dagrun for example_xcom to 2021-01-01T00:00:00+00:00, run_after=2021-01-01T00:00:00+00:00
[2023-10-10T15:38:03.050+0000] {processor.py:179} INFO - Processing /home/airflow/.local/lib/python3.8/site-packages/airflow/example_dags/example_xcom.py took 0.085 seconds
[2023-10-10T15:38:33.423+0000] {processor.py:157} INFO - Started process (PID=1705) to work on /home/airflow/.local/lib/python3.8/site-packages/airflow/example_dags/example_xcom.py
[2023-10-10T15:38:33.424+0000] {processor.py:829} INFO - Processing file /home/airflow/.local/lib/python3.8/site-packages/airflow/example_dags/example_xcom.py for tasks to queue
[2023-10-10T15:38:33.427+0000] {logging_mixin.py:151} INFO - [2023-10-10T15:38:33.426+0000] {dagbag.py:539} INFO - Filling up the DagBag from /home/airflow/.local/lib/python3.8/site-packages/airflow/example_dags/example_xcom.py
[2023-10-10T15:38:33.434+0000] {processor.py:839} INFO - DAG(s) dict_keys(['example_xcom']) retrieved from /home/airflow/.local/lib/python3.8/site-packages/airflow/example_dags/example_xcom.py
[2023-10-10T15:38:33.457+0000] {logging_mixin.py:151} INFO - [2023-10-10T15:38:33.457+0000] {dag.py:2915} INFO - Sync 1 DAGs
[2023-10-10T15:38:33.483+0000] {logging_mixin.py:151} INFO - [2023-10-10T15:38:33.483+0000] {dag.py:3696} INFO - Setting next_dagrun for example_xcom to 2021-01-01T00:00:00+00:00, run_after=2021-01-01T00:00:00+00:00
[2023-10-10T15:38:33.504+0000] {processor.py:179} INFO - Processing /home/airflow/.local/lib/python3.8/site-packages/airflow/example_dags/example_xcom.py took 0.083 seconds
[2023-10-10T15:39:04.662+0000] {processor.py:157} INFO - Started process (PID=1759) to work on /home/airflow/.local/lib/python3.8/site-packages/airflow/example_dags/example_xcom.py
[2023-10-10T15:39:04.663+0000] {processor.py:829} INFO - Processing file /home/airflow/.local/lib/python3.8/site-packages/airflow/example_dags/example_xcom.py for tasks to queue
[2023-10-10T15:39:04.664+0000] {logging_mixin.py:151} INFO - [2023-10-10T15:39:04.664+0000] {dagbag.py:539} INFO - Filling up the DagBag from /home/airflow/.local/lib/python3.8/site-packages/airflow/example_dags/example_xcom.py
[2023-10-10T15:39:04.670+0000] {processor.py:839} INFO - DAG(s) dict_keys(['example_xcom']) retrieved from /home/airflow/.local/lib/python3.8/site-packages/airflow/example_dags/example_xcom.py
[2023-10-10T15:39:04.695+0000] {logging_mixin.py:151} INFO - [2023-10-10T15:39:04.694+0000] {dag.py:2915} INFO - Sync 1 DAGs
[2023-10-10T15:39:04.724+0000] {logging_mixin.py:151} INFO - [2023-10-10T15:39:04.724+0000] {dag.py:3696} INFO - Setting next_dagrun for example_xcom to 2021-01-01T00:00:00+00:00, run_after=2021-01-01T00:00:00+00:00
[2023-10-10T15:39:04.740+0000] {processor.py:179} INFO - Processing /home/airflow/.local/lib/python3.8/site-packages/airflow/example_dags/example_xcom.py took 0.080 seconds
[2023-10-10T15:39:35.014+0000] {processor.py:157} INFO - Started process (PID=1813) to work on /home/airflow/.local/lib/python3.8/site-packages/airflow/example_dags/example_xcom.py
[2023-10-10T15:39:35.015+0000] {processor.py:829} INFO - Processing file /home/airflow/.local/lib/python3.8/site-packages/airflow/example_dags/example_xcom.py for tasks to queue
[2023-10-10T15:39:35.017+0000] {logging_mixin.py:151} INFO - [2023-10-10T15:39:35.016+0000] {dagbag.py:539} INFO - Filling up the DagBag from /home/airflow/.local/lib/python3.8/site-packages/airflow/example_dags/example_xcom.py
[2023-10-10T15:39:35.022+0000] {processor.py:839} INFO - DAG(s) dict_keys(['example_xcom']) retrieved from /home/airflow/.local/lib/python3.8/site-packages/airflow/example_dags/example_xcom.py
[2023-10-10T15:39:35.042+0000] {logging_mixin.py:151} INFO - [2023-10-10T15:39:35.042+0000] {dag.py:2915} INFO - Sync 1 DAGs
[2023-10-10T15:39:35.062+0000] {logging_mixin.py:151} INFO - [2023-10-10T15:39:35.061+0000] {dag.py:3696} INFO - Setting next_dagrun for example_xcom to 2021-01-01T00:00:00+00:00, run_after=2021-01-01T00:00:00+00:00
[2023-10-10T15:39:35.077+0000] {processor.py:179} INFO - Processing /home/airflow/.local/lib/python3.8/site-packages/airflow/example_dags/example_xcom.py took 0.066 seconds
[2023-10-10T15:40:06.300+0000] {processor.py:157} INFO - Started process (PID=1867) to work on /home/airflow/.local/lib/python3.8/site-packages/airflow/example_dags/example_xcom.py
[2023-10-10T15:40:06.301+0000] {processor.py:829} INFO - Processing file /home/airflow/.local/lib/python3.8/site-packages/airflow/example_dags/example_xcom.py for tasks to queue
[2023-10-10T15:40:06.303+0000] {logging_mixin.py:151} INFO - [2023-10-10T15:40:06.302+0000] {dagbag.py:539} INFO - Filling up the DagBag from /home/airflow/.local/lib/python3.8/site-packages/airflow/example_dags/example_xcom.py
[2023-10-10T15:40:06.310+0000] {processor.py:839} INFO - DAG(s) dict_keys(['example_xcom']) retrieved from /home/airflow/.local/lib/python3.8/site-packages/airflow/example_dags/example_xcom.py
[2023-10-10T15:40:06.335+0000] {logging_mixin.py:151} INFO - [2023-10-10T15:40:06.334+0000] {dag.py:2915} INFO - Sync 1 DAGs
[2023-10-10T15:40:06.360+0000] {logging_mixin.py:151} INFO - [2023-10-10T15:40:06.360+0000] {dag.py:3696} INFO - Setting next_dagrun for example_xcom to 2021-01-01T00:00:00+00:00, run_after=2021-01-01T00:00:00+00:00
[2023-10-10T15:40:06.387+0000] {processor.py:179} INFO - Processing /home/airflow/.local/lib/python3.8/site-packages/airflow/example_dags/example_xcom.py took 0.089 seconds
[2023-10-10T15:40:37.345+0000] {processor.py:157} INFO - Started process (PID=1921) to work on /home/airflow/.local/lib/python3.8/site-packages/airflow/example_dags/example_xcom.py
[2023-10-10T15:40:37.346+0000] {processor.py:829} INFO - Processing file /home/airflow/.local/lib/python3.8/site-packages/airflow/example_dags/example_xcom.py for tasks to queue
[2023-10-10T15:40:37.347+0000] {logging_mixin.py:151} INFO - [2023-10-10T15:40:37.347+0000] {dagbag.py:539} INFO - Filling up the DagBag from /home/airflow/.local/lib/python3.8/site-packages/airflow/example_dags/example_xcom.py
[2023-10-10T15:40:37.353+0000] {processor.py:839} INFO - DAG(s) dict_keys(['example_xcom']) retrieved from /home/airflow/.local/lib/python3.8/site-packages/airflow/example_dags/example_xcom.py
[2023-10-10T15:40:37.371+0000] {logging_mixin.py:151} INFO - [2023-10-10T15:40:37.371+0000] {dag.py:2915} INFO - Sync 1 DAGs
[2023-10-10T15:40:37.395+0000] {logging_mixin.py:151} INFO - [2023-10-10T15:40:37.395+0000] {dag.py:3696} INFO - Setting next_dagrun for example_xcom to 2021-01-01T00:00:00+00:00, run_after=2021-01-01T00:00:00+00:00
[2023-10-10T15:40:37.414+0000] {processor.py:179} INFO - Processing /home/airflow/.local/lib/python3.8/site-packages/airflow/example_dags/example_xcom.py took 0.072 seconds
[2023-10-10T15:41:09.125+0000] {processor.py:157} INFO - Started process (PID=1975) to work on /home/airflow/.local/lib/python3.8/site-packages/airflow/example_dags/example_xcom.py
[2023-10-10T15:41:09.126+0000] {processor.py:829} INFO - Processing file /home/airflow/.local/lib/python3.8/site-packages/airflow/example_dags/example_xcom.py for tasks to queue
[2023-10-10T15:41:09.127+0000] {logging_mixin.py:151} INFO - [2023-10-10T15:41:09.127+0000] {dagbag.py:539} INFO - Filling up the DagBag from /home/airflow/.local/lib/python3.8/site-packages/airflow/example_dags/example_xcom.py
[2023-10-10T15:41:09.133+0000] {processor.py:839} INFO - DAG(s) dict_keys(['example_xcom']) retrieved from /home/airflow/.local/lib/python3.8/site-packages/airflow/example_dags/example_xcom.py
[2023-10-10T15:41:09.158+0000] {logging_mixin.py:151} INFO - [2023-10-10T15:41:09.157+0000] {dag.py:2915} INFO - Sync 1 DAGs
[2023-10-10T15:41:09.187+0000] {logging_mixin.py:151} INFO - [2023-10-10T15:41:09.187+0000] {dag.py:3696} INFO - Setting next_dagrun for example_xcom to 2021-01-01T00:00:00+00:00, run_after=2021-01-01T00:00:00+00:00
[2023-10-10T15:41:09.205+0000] {processor.py:179} INFO - Processing /home/airflow/.local/lib/python3.8/site-packages/airflow/example_dags/example_xcom.py took 0.084 seconds
[2023-10-10T15:41:40.881+0000] {processor.py:157} INFO - Started process (PID=2028) to work on /home/airflow/.local/lib/python3.8/site-packages/airflow/example_dags/example_xcom.py
[2023-10-10T15:41:40.882+0000] {processor.py:829} INFO - Processing file /home/airflow/.local/lib/python3.8/site-packages/airflow/example_dags/example_xcom.py for tasks to queue
[2023-10-10T15:41:40.884+0000] {logging_mixin.py:151} INFO - [2023-10-10T15:41:40.884+0000] {dagbag.py:539} INFO - Filling up the DagBag from /home/airflow/.local/lib/python3.8/site-packages/airflow/example_dags/example_xcom.py
[2023-10-10T15:41:40.892+0000] {processor.py:839} INFO - DAG(s) dict_keys(['example_xcom']) retrieved from /home/airflow/.local/lib/python3.8/site-packages/airflow/example_dags/example_xcom.py
[2023-10-10T15:41:40.918+0000] {logging_mixin.py:151} INFO - [2023-10-10T15:41:40.918+0000] {dag.py:2915} INFO - Sync 1 DAGs
[2023-10-10T15:41:40.938+0000] {logging_mixin.py:151} INFO - [2023-10-10T15:41:40.938+0000] {dag.py:3696} INFO - Setting next_dagrun for example_xcom to 2021-01-01T00:00:00+00:00, run_after=2021-01-01T00:00:00+00:00
[2023-10-10T15:41:40.996+0000] {processor.py:179} INFO - Processing /home/airflow/.local/lib/python3.8/site-packages/airflow/example_dags/example_xcom.py took 0.119 seconds
[2023-10-10T15:42:11.491+0000] {processor.py:157} INFO - Started process (PID=2082) to work on /home/airflow/.local/lib/python3.8/site-packages/airflow/example_dags/example_xcom.py
[2023-10-10T15:42:11.492+0000] {processor.py:829} INFO - Processing file /home/airflow/.local/lib/python3.8/site-packages/airflow/example_dags/example_xcom.py for tasks to queue
[2023-10-10T15:42:11.494+0000] {logging_mixin.py:151} INFO - [2023-10-10T15:42:11.493+0000] {dagbag.py:539} INFO - Filling up the DagBag from /home/airflow/.local/lib/python3.8/site-packages/airflow/example_dags/example_xcom.py
[2023-10-10T15:42:11.500+0000] {processor.py:839} INFO - DAG(s) dict_keys(['example_xcom']) retrieved from /home/airflow/.local/lib/python3.8/site-packages/airflow/example_dags/example_xcom.py
[2023-10-10T15:42:11.519+0000] {logging_mixin.py:151} INFO - [2023-10-10T15:42:11.519+0000] {dag.py:2915} INFO - Sync 1 DAGs
[2023-10-10T15:42:11.541+0000] {logging_mixin.py:151} INFO - [2023-10-10T15:42:11.541+0000] {dag.py:3696} INFO - Setting next_dagrun for example_xcom to 2021-01-01T00:00:00+00:00, run_after=2021-01-01T00:00:00+00:00
[2023-10-10T15:42:11.558+0000] {processor.py:179} INFO - Processing /home/airflow/.local/lib/python3.8/site-packages/airflow/example_dags/example_xcom.py took 0.069 seconds
[2023-10-10T15:42:42.410+0000] {processor.py:157} INFO - Started process (PID=2136) to work on /home/airflow/.local/lib/python3.8/site-packages/airflow/example_dags/example_xcom.py
[2023-10-10T15:42:42.411+0000] {processor.py:829} INFO - Processing file /home/airflow/.local/lib/python3.8/site-packages/airflow/example_dags/example_xcom.py for tasks to queue
[2023-10-10T15:42:42.413+0000] {logging_mixin.py:151} INFO - [2023-10-10T15:42:42.413+0000] {dagbag.py:539} INFO - Filling up the DagBag from /home/airflow/.local/lib/python3.8/site-packages/airflow/example_dags/example_xcom.py
[2023-10-10T15:42:42.420+0000] {processor.py:839} INFO - DAG(s) dict_keys(['example_xcom']) retrieved from /home/airflow/.local/lib/python3.8/site-packages/airflow/example_dags/example_xcom.py
[2023-10-10T15:42:42.437+0000] {logging_mixin.py:151} INFO - [2023-10-10T15:42:42.437+0000] {dag.py:2915} INFO - Sync 1 DAGs
[2023-10-10T15:42:42.456+0000] {logging_mixin.py:151} INFO - [2023-10-10T15:42:42.456+0000] {dag.py:3696} INFO - Setting next_dagrun for example_xcom to 2021-01-01T00:00:00+00:00, run_after=2021-01-01T00:00:00+00:00
[2023-10-10T15:42:42.470+0000] {processor.py:179} INFO - Processing /home/airflow/.local/lib/python3.8/site-packages/airflow/example_dags/example_xcom.py took 0.062 seconds
[2023-10-10T15:43:12.909+0000] {processor.py:157} INFO - Started process (PID=2190) to work on /home/airflow/.local/lib/python3.8/site-packages/airflow/example_dags/example_xcom.py
[2023-10-10T15:43:12.910+0000] {processor.py:829} INFO - Processing file /home/airflow/.local/lib/python3.8/site-packages/airflow/example_dags/example_xcom.py for tasks to queue
[2023-10-10T15:43:12.912+0000] {logging_mixin.py:151} INFO - [2023-10-10T15:43:12.911+0000] {dagbag.py:539} INFO - Filling up the DagBag from /home/airflow/.local/lib/python3.8/site-packages/airflow/example_dags/example_xcom.py
[2023-10-10T15:43:12.918+0000] {processor.py:839} INFO - DAG(s) dict_keys(['example_xcom']) retrieved from /home/airflow/.local/lib/python3.8/site-packages/airflow/example_dags/example_xcom.py
[2023-10-10T15:43:12.938+0000] {logging_mixin.py:151} INFO - [2023-10-10T15:43:12.938+0000] {dag.py:2915} INFO - Sync 1 DAGs
[2023-10-10T15:43:12.956+0000] {logging_mixin.py:151} INFO - [2023-10-10T15:43:12.956+0000] {dag.py:3696} INFO - Setting next_dagrun for example_xcom to 2021-01-01T00:00:00+00:00, run_after=2021-01-01T00:00:00+00:00
[2023-10-10T15:43:12.971+0000] {processor.py:179} INFO - Processing /home/airflow/.local/lib/python3.8/site-packages/airflow/example_dags/example_xcom.py took 0.065 seconds
[2023-10-10T15:43:43.853+0000] {processor.py:157} INFO - Started process (PID=2244) to work on /home/airflow/.local/lib/python3.8/site-packages/airflow/example_dags/example_xcom.py
[2023-10-10T15:43:43.853+0000] {processor.py:829} INFO - Processing file /home/airflow/.local/lib/python3.8/site-packages/airflow/example_dags/example_xcom.py for tasks to queue
[2023-10-10T15:43:43.855+0000] {logging_mixin.py:151} INFO - [2023-10-10T15:43:43.855+0000] {dagbag.py:539} INFO - Filling up the DagBag from /home/airflow/.local/lib/python3.8/site-packages/airflow/example_dags/example_xcom.py
[2023-10-10T15:43:43.860+0000] {processor.py:839} INFO - DAG(s) dict_keys(['example_xcom']) retrieved from /home/airflow/.local/lib/python3.8/site-packages/airflow/example_dags/example_xcom.py
[2023-10-10T15:43:43.878+0000] {logging_mixin.py:151} INFO - [2023-10-10T15:43:43.878+0000] {dag.py:2915} INFO - Sync 1 DAGs
[2023-10-10T15:43:43.903+0000] {logging_mixin.py:151} INFO - [2023-10-10T15:43:43.902+0000] {dag.py:3696} INFO - Setting next_dagrun for example_xcom to 2021-01-01T00:00:00+00:00, run_after=2021-01-01T00:00:00+00:00
[2023-10-10T15:43:43.929+0000] {processor.py:179} INFO - Processing /home/airflow/.local/lib/python3.8/site-packages/airflow/example_dags/example_xcom.py took 0.079 seconds
[2023-10-10T15:44:14.936+0000] {processor.py:157} INFO - Started process (PID=2298) to work on /home/airflow/.local/lib/python3.8/site-packages/airflow/example_dags/example_xcom.py
[2023-10-10T15:44:14.936+0000] {processor.py:829} INFO - Processing file /home/airflow/.local/lib/python3.8/site-packages/airflow/example_dags/example_xcom.py for tasks to queue
[2023-10-10T15:44:14.938+0000] {logging_mixin.py:151} INFO - [2023-10-10T15:44:14.938+0000] {dagbag.py:539} INFO - Filling up the DagBag from /home/airflow/.local/lib/python3.8/site-packages/airflow/example_dags/example_xcom.py
[2023-10-10T15:44:14.944+0000] {processor.py:839} INFO - DAG(s) dict_keys(['example_xcom']) retrieved from /home/airflow/.local/lib/python3.8/site-packages/airflow/example_dags/example_xcom.py
[2023-10-10T15:44:14.961+0000] {logging_mixin.py:151} INFO - [2023-10-10T15:44:14.960+0000] {dag.py:2915} INFO - Sync 1 DAGs
[2023-10-10T15:44:14.981+0000] {logging_mixin.py:151} INFO - [2023-10-10T15:44:14.981+0000] {dag.py:3696} INFO - Setting next_dagrun for example_xcom to 2021-01-01T00:00:00+00:00, run_after=2021-01-01T00:00:00+00:00
[2023-10-10T15:44:15.003+0000] {processor.py:179} INFO - Processing /home/airflow/.local/lib/python3.8/site-packages/airflow/example_dags/example_xcom.py took 0.070 seconds
[2023-10-10T15:44:45.524+0000] {processor.py:157} INFO - Started process (PID=2352) to work on /home/airflow/.local/lib/python3.8/site-packages/airflow/example_dags/example_xcom.py
[2023-10-10T15:44:45.525+0000] {processor.py:829} INFO - Processing file /home/airflow/.local/lib/python3.8/site-packages/airflow/example_dags/example_xcom.py for tasks to queue
[2023-10-10T15:44:45.527+0000] {logging_mixin.py:151} INFO - [2023-10-10T15:44:45.526+0000] {dagbag.py:539} INFO - Filling up the DagBag from /home/airflow/.local/lib/python3.8/site-packages/airflow/example_dags/example_xcom.py
[2023-10-10T15:44:45.532+0000] {processor.py:839} INFO - DAG(s) dict_keys(['example_xcom']) retrieved from /home/airflow/.local/lib/python3.8/site-packages/airflow/example_dags/example_xcom.py
[2023-10-10T15:44:45.551+0000] {logging_mixin.py:151} INFO - [2023-10-10T15:44:45.551+0000] {dag.py:2915} INFO - Sync 1 DAGs
[2023-10-10T15:44:45.570+0000] {logging_mixin.py:151} INFO - [2023-10-10T15:44:45.570+0000] {dag.py:3696} INFO - Setting next_dagrun for example_xcom to 2021-01-01T00:00:00+00:00, run_after=2021-01-01T00:00:00+00:00
[2023-10-10T15:44:45.588+0000] {processor.py:179} INFO - Processing /home/airflow/.local/lib/python3.8/site-packages/airflow/example_dags/example_xcom.py took 0.067 seconds
[2023-10-10T15:45:16.779+0000] {processor.py:157} INFO - Started process (PID=2406) to work on /home/airflow/.local/lib/python3.8/site-packages/airflow/example_dags/example_xcom.py
[2023-10-10T15:45:16.780+0000] {processor.py:829} INFO - Processing file /home/airflow/.local/lib/python3.8/site-packages/airflow/example_dags/example_xcom.py for tasks to queue
[2023-10-10T15:45:16.782+0000] {logging_mixin.py:151} INFO - [2023-10-10T15:45:16.782+0000] {dagbag.py:539} INFO - Filling up the DagBag from /home/airflow/.local/lib/python3.8/site-packages/airflow/example_dags/example_xcom.py
[2023-10-10T15:45:16.792+0000] {processor.py:839} INFO - DAG(s) dict_keys(['example_xcom']) retrieved from /home/airflow/.local/lib/python3.8/site-packages/airflow/example_dags/example_xcom.py
[2023-10-10T15:45:16.819+0000] {logging_mixin.py:151} INFO - [2023-10-10T15:45:16.818+0000] {dag.py:2915} INFO - Sync 1 DAGs
[2023-10-10T15:45:16.846+0000] {logging_mixin.py:151} INFO - [2023-10-10T15:45:16.846+0000] {dag.py:3696} INFO - Setting next_dagrun for example_xcom to 2021-01-01T00:00:00+00:00, run_after=2021-01-01T00:00:00+00:00
[2023-10-10T15:45:16.871+0000] {processor.py:179} INFO - Processing /home/airflow/.local/lib/python3.8/site-packages/airflow/example_dags/example_xcom.py took 0.096 seconds
[2023-10-10T15:45:47.728+0000] {processor.py:157} INFO - Started process (PID=2460) to work on /home/airflow/.local/lib/python3.8/site-packages/airflow/example_dags/example_xcom.py
[2023-10-10T15:45:47.728+0000] {processor.py:829} INFO - Processing file /home/airflow/.local/lib/python3.8/site-packages/airflow/example_dags/example_xcom.py for tasks to queue
[2023-10-10T15:45:47.730+0000] {logging_mixin.py:151} INFO - [2023-10-10T15:45:47.730+0000] {dagbag.py:539} INFO - Filling up the DagBag from /home/airflow/.local/lib/python3.8/site-packages/airflow/example_dags/example_xcom.py
[2023-10-10T15:45:47.736+0000] {processor.py:839} INFO - DAG(s) dict_keys(['example_xcom']) retrieved from /home/airflow/.local/lib/python3.8/site-packages/airflow/example_dags/example_xcom.py
[2023-10-10T15:45:47.754+0000] {logging_mixin.py:151} INFO - [2023-10-10T15:45:47.753+0000] {dag.py:2915} INFO - Sync 1 DAGs
[2023-10-10T15:45:47.772+0000] {logging_mixin.py:151} INFO - [2023-10-10T15:45:47.772+0000] {dag.py:3696} INFO - Setting next_dagrun for example_xcom to 2021-01-01T00:00:00+00:00, run_after=2021-01-01T00:00:00+00:00
[2023-10-10T15:45:47.794+0000] {processor.py:179} INFO - Processing /home/airflow/.local/lib/python3.8/site-packages/airflow/example_dags/example_xcom.py took 0.070 seconds
[2023-10-10T15:46:18.824+0000] {processor.py:157} INFO - Started process (PID=2514) to work on /home/airflow/.local/lib/python3.8/site-packages/airflow/example_dags/example_xcom.py
[2023-10-10T15:46:18.825+0000] {processor.py:829} INFO - Processing file /home/airflow/.local/lib/python3.8/site-packages/airflow/example_dags/example_xcom.py for tasks to queue
[2023-10-10T15:46:18.827+0000] {logging_mixin.py:151} INFO - [2023-10-10T15:46:18.827+0000] {dagbag.py:539} INFO - Filling up the DagBag from /home/airflow/.local/lib/python3.8/site-packages/airflow/example_dags/example_xcom.py
[2023-10-10T15:46:18.834+0000] {processor.py:839} INFO - DAG(s) dict_keys(['example_xcom']) retrieved from /home/airflow/.local/lib/python3.8/site-packages/airflow/example_dags/example_xcom.py
[2023-10-10T15:46:18.856+0000] {logging_mixin.py:151} INFO - [2023-10-10T15:46:18.856+0000] {dag.py:2915} INFO - Sync 1 DAGs
[2023-10-10T15:46:18.882+0000] {logging_mixin.py:151} INFO - [2023-10-10T15:46:18.882+0000] {dag.py:3696} INFO - Setting next_dagrun for example_xcom to 2021-01-01T00:00:00+00:00, run_after=2021-01-01T00:00:00+00:00
[2023-10-10T15:46:18.899+0000] {processor.py:179} INFO - Processing /home/airflow/.local/lib/python3.8/site-packages/airflow/example_dags/example_xcom.py took 0.077 seconds
[2023-10-10T15:46:49.920+0000] {processor.py:157} INFO - Started process (PID=2568) to work on /home/airflow/.local/lib/python3.8/site-packages/airflow/example_dags/example_xcom.py
[2023-10-10T15:46:49.921+0000] {processor.py:829} INFO - Processing file /home/airflow/.local/lib/python3.8/site-packages/airflow/example_dags/example_xcom.py for tasks to queue
[2023-10-10T15:46:49.922+0000] {logging_mixin.py:151} INFO - [2023-10-10T15:46:49.922+0000] {dagbag.py:539} INFO - Filling up the DagBag from /home/airflow/.local/lib/python3.8/site-packages/airflow/example_dags/example_xcom.py
[2023-10-10T15:46:49.927+0000] {processor.py:839} INFO - DAG(s) dict_keys(['example_xcom']) retrieved from /home/airflow/.local/lib/python3.8/site-packages/airflow/example_dags/example_xcom.py
[2023-10-10T15:46:49.945+0000] {logging_mixin.py:151} INFO - [2023-10-10T15:46:49.944+0000] {dag.py:2915} INFO - Sync 1 DAGs
[2023-10-10T15:46:49.961+0000] {logging_mixin.py:151} INFO - [2023-10-10T15:46:49.961+0000] {dag.py:3696} INFO - Setting next_dagrun for example_xcom to 2021-01-01T00:00:00+00:00, run_after=2021-01-01T00:00:00+00:00
[2023-10-10T15:46:49.980+0000] {processor.py:179} INFO - Processing /home/airflow/.local/lib/python3.8/site-packages/airflow/example_dags/example_xcom.py took 0.062 seconds
[2023-10-10T15:47:20.441+0000] {processor.py:157} INFO - Started process (PID=2622) to work on /home/airflow/.local/lib/python3.8/site-packages/airflow/example_dags/example_xcom.py
[2023-10-10T15:47:20.442+0000] {processor.py:829} INFO - Processing file /home/airflow/.local/lib/python3.8/site-packages/airflow/example_dags/example_xcom.py for tasks to queue
[2023-10-10T15:47:20.444+0000] {logging_mixin.py:151} INFO - [2023-10-10T15:47:20.444+0000] {dagbag.py:539} INFO - Filling up the DagBag from /home/airflow/.local/lib/python3.8/site-packages/airflow/example_dags/example_xcom.py
[2023-10-10T15:47:20.450+0000] {processor.py:839} INFO - DAG(s) dict_keys(['example_xcom']) retrieved from /home/airflow/.local/lib/python3.8/site-packages/airflow/example_dags/example_xcom.py
[2023-10-10T15:47:20.470+0000] {logging_mixin.py:151} INFO - [2023-10-10T15:47:20.470+0000] {dag.py:2915} INFO - Sync 1 DAGs
[2023-10-10T15:47:20.490+0000] {logging_mixin.py:151} INFO - [2023-10-10T15:47:20.490+0000] {dag.py:3696} INFO - Setting next_dagrun for example_xcom to 2021-01-01T00:00:00+00:00, run_after=2021-01-01T00:00:00+00:00
[2023-10-10T15:47:20.506+0000] {processor.py:179} INFO - Processing /home/airflow/.local/lib/python3.8/site-packages/airflow/example_dags/example_xcom.py took 0.067 seconds
[2023-10-10T15:47:50.974+0000] {processor.py:157} INFO - Started process (PID=2676) to work on /home/airflow/.local/lib/python3.8/site-packages/airflow/example_dags/example_xcom.py
[2023-10-10T15:47:50.975+0000] {processor.py:829} INFO - Processing file /home/airflow/.local/lib/python3.8/site-packages/airflow/example_dags/example_xcom.py for tasks to queue
[2023-10-10T15:47:50.977+0000] {logging_mixin.py:151} INFO - [2023-10-10T15:47:50.977+0000] {dagbag.py:539} INFO - Filling up the DagBag from /home/airflow/.local/lib/python3.8/site-packages/airflow/example_dags/example_xcom.py
[2023-10-10T15:47:50.983+0000] {processor.py:839} INFO - DAG(s) dict_keys(['example_xcom']) retrieved from /home/airflow/.local/lib/python3.8/site-packages/airflow/example_dags/example_xcom.py
[2023-10-10T15:47:51.001+0000] {logging_mixin.py:151} INFO - [2023-10-10T15:47:51.001+0000] {dag.py:2915} INFO - Sync 1 DAGs
[2023-10-10T15:47:51.020+0000] {logging_mixin.py:151} INFO - [2023-10-10T15:47:51.020+0000] {dag.py:3696} INFO - Setting next_dagrun for example_xcom to 2021-01-01T00:00:00+00:00, run_after=2021-01-01T00:00:00+00:00
[2023-10-10T15:47:51.035+0000] {processor.py:179} INFO - Processing /home/airflow/.local/lib/python3.8/site-packages/airflow/example_dags/example_xcom.py took 0.062 seconds
[2023-10-10T15:48:21.486+0000] {processor.py:157} INFO - Started process (PID=2730) to work on /home/airflow/.local/lib/python3.8/site-packages/airflow/example_dags/example_xcom.py
[2023-10-10T15:48:21.487+0000] {processor.py:829} INFO - Processing file /home/airflow/.local/lib/python3.8/site-packages/airflow/example_dags/example_xcom.py for tasks to queue
[2023-10-10T15:48:21.489+0000] {logging_mixin.py:151} INFO - [2023-10-10T15:48:21.489+0000] {dagbag.py:539} INFO - Filling up the DagBag from /home/airflow/.local/lib/python3.8/site-packages/airflow/example_dags/example_xcom.py
[2023-10-10T15:48:21.497+0000] {processor.py:839} INFO - DAG(s) dict_keys(['example_xcom']) retrieved from /home/airflow/.local/lib/python3.8/site-packages/airflow/example_dags/example_xcom.py
[2023-10-10T15:48:21.517+0000] {logging_mixin.py:151} INFO - [2023-10-10T15:48:21.516+0000] {dag.py:2915} INFO - Sync 1 DAGs
[2023-10-10T15:48:21.534+0000] {logging_mixin.py:151} INFO - [2023-10-10T15:48:21.534+0000] {dag.py:3696} INFO - Setting next_dagrun for example_xcom to 2021-01-01T00:00:00+00:00, run_after=2021-01-01T00:00:00+00:00
[2023-10-10T15:48:21.548+0000] {processor.py:179} INFO - Processing /home/airflow/.local/lib/python3.8/site-packages/airflow/example_dags/example_xcom.py took 0.065 seconds
[2023-10-10T15:48:51.997+0000] {processor.py:157} INFO - Started process (PID=2784) to work on /home/airflow/.local/lib/python3.8/site-packages/airflow/example_dags/example_xcom.py
[2023-10-10T15:48:51.997+0000] {processor.py:829} INFO - Processing file /home/airflow/.local/lib/python3.8/site-packages/airflow/example_dags/example_xcom.py for tasks to queue
[2023-10-10T15:48:51.999+0000] {logging_mixin.py:151} INFO - [2023-10-10T15:48:51.999+0000] {dagbag.py:539} INFO - Filling up the DagBag from /home/airflow/.local/lib/python3.8/site-packages/airflow/example_dags/example_xcom.py
[2023-10-10T15:48:52.004+0000] {processor.py:839} INFO - DAG(s) dict_keys(['example_xcom']) retrieved from /home/airflow/.local/lib/python3.8/site-packages/airflow/example_dags/example_xcom.py
[2023-10-10T15:48:52.022+0000] {logging_mixin.py:151} INFO - [2023-10-10T15:48:52.022+0000] {dag.py:2915} INFO - Sync 1 DAGs
[2023-10-10T15:48:52.040+0000] {logging_mixin.py:151} INFO - [2023-10-10T15:48:52.040+0000] {dag.py:3696} INFO - Setting next_dagrun for example_xcom to 2021-01-01T00:00:00+00:00, run_after=2021-01-01T00:00:00+00:00
[2023-10-10T15:48:52.054+0000] {processor.py:179} INFO - Processing /home/airflow/.local/lib/python3.8/site-packages/airflow/example_dags/example_xcom.py took 0.060 seconds
[2023-10-10T15:49:22.839+0000] {processor.py:157} INFO - Started process (PID=2838) to work on /home/airflow/.local/lib/python3.8/site-packages/airflow/example_dags/example_xcom.py
[2023-10-10T15:49:22.840+0000] {processor.py:829} INFO - Processing file /home/airflow/.local/lib/python3.8/site-packages/airflow/example_dags/example_xcom.py for tasks to queue
[2023-10-10T15:49:22.841+0000] {logging_mixin.py:151} INFO - [2023-10-10T15:49:22.841+0000] {dagbag.py:539} INFO - Filling up the DagBag from /home/airflow/.local/lib/python3.8/site-packages/airflow/example_dags/example_xcom.py
[2023-10-10T15:49:22.848+0000] {processor.py:839} INFO - DAG(s) dict_keys(['example_xcom']) retrieved from /home/airflow/.local/lib/python3.8/site-packages/airflow/example_dags/example_xcom.py
[2023-10-10T15:49:22.869+0000] {logging_mixin.py:151} INFO - [2023-10-10T15:49:22.869+0000] {dag.py:2915} INFO - Sync 1 DAGs
[2023-10-10T15:49:22.891+0000] {logging_mixin.py:151} INFO - [2023-10-10T15:49:22.890+0000] {dag.py:3696} INFO - Setting next_dagrun for example_xcom to 2021-01-01T00:00:00+00:00, run_after=2021-01-01T00:00:00+00:00
[2023-10-10T15:49:22.912+0000] {processor.py:179} INFO - Processing /home/airflow/.local/lib/python3.8/site-packages/airflow/example_dags/example_xcom.py took 0.076 seconds
[2023-10-10T15:49:53.588+0000] {processor.py:157} INFO - Started process (PID=2892) to work on /home/airflow/.local/lib/python3.8/site-packages/airflow/example_dags/example_xcom.py
[2023-10-10T15:49:53.589+0000] {processor.py:829} INFO - Processing file /home/airflow/.local/lib/python3.8/site-packages/airflow/example_dags/example_xcom.py for tasks to queue
[2023-10-10T15:49:53.591+0000] {logging_mixin.py:151} INFO - [2023-10-10T15:49:53.590+0000] {dagbag.py:539} INFO - Filling up the DagBag from /home/airflow/.local/lib/python3.8/site-packages/airflow/example_dags/example_xcom.py
[2023-10-10T15:49:53.598+0000] {processor.py:839} INFO - DAG(s) dict_keys(['example_xcom']) retrieved from /home/airflow/.local/lib/python3.8/site-packages/airflow/example_dags/example_xcom.py
[2023-10-10T15:49:53.620+0000] {logging_mixin.py:151} INFO - [2023-10-10T15:49:53.619+0000] {dag.py:2915} INFO - Sync 1 DAGs
[2023-10-10T15:49:53.643+0000] {logging_mixin.py:151} INFO - [2023-10-10T15:49:53.642+0000] {dag.py:3696} INFO - Setting next_dagrun for example_xcom to 2021-01-01T00:00:00+00:00, run_after=2021-01-01T00:00:00+00:00
[2023-10-10T15:49:53.664+0000] {processor.py:179} INFO - Processing /home/airflow/.local/lib/python3.8/site-packages/airflow/example_dags/example_xcom.py took 0.078 seconds
[2023-10-10T15:50:24.530+0000] {processor.py:157} INFO - Started process (PID=2946) to work on /home/airflow/.local/lib/python3.8/site-packages/airflow/example_dags/example_xcom.py
[2023-10-10T15:50:24.531+0000] {processor.py:829} INFO - Processing file /home/airflow/.local/lib/python3.8/site-packages/airflow/example_dags/example_xcom.py for tasks to queue
[2023-10-10T15:50:24.533+0000] {logging_mixin.py:151} INFO - [2023-10-10T15:50:24.532+0000] {dagbag.py:539} INFO - Filling up the DagBag from /home/airflow/.local/lib/python3.8/site-packages/airflow/example_dags/example_xcom.py
[2023-10-10T15:50:24.539+0000] {processor.py:839} INFO - DAG(s) dict_keys(['example_xcom']) retrieved from /home/airflow/.local/lib/python3.8/site-packages/airflow/example_dags/example_xcom.py
[2023-10-10T15:50:24.560+0000] {logging_mixin.py:151} INFO - [2023-10-10T15:50:24.560+0000] {dag.py:2915} INFO - Sync 1 DAGs
[2023-10-10T15:50:24.584+0000] {logging_mixin.py:151} INFO - [2023-10-10T15:50:24.583+0000] {dag.py:3696} INFO - Setting next_dagrun for example_xcom to 2021-01-01T00:00:00+00:00, run_after=2021-01-01T00:00:00+00:00
[2023-10-10T15:50:24.604+0000] {processor.py:179} INFO - Processing /home/airflow/.local/lib/python3.8/site-packages/airflow/example_dags/example_xcom.py took 0.076 seconds
[2023-10-10T15:50:55.031+0000] {processor.py:157} INFO - Started process (PID=3000) to work on /home/airflow/.local/lib/python3.8/site-packages/airflow/example_dags/example_xcom.py
[2023-10-10T15:50:55.033+0000] {processor.py:829} INFO - Processing file /home/airflow/.local/lib/python3.8/site-packages/airflow/example_dags/example_xcom.py for tasks to queue
[2023-10-10T15:50:55.034+0000] {logging_mixin.py:151} INFO - [2023-10-10T15:50:55.034+0000] {dagbag.py:539} INFO - Filling up the DagBag from /home/airflow/.local/lib/python3.8/site-packages/airflow/example_dags/example_xcom.py
[2023-10-10T15:50:55.040+0000] {processor.py:839} INFO - DAG(s) dict_keys(['example_xcom']) retrieved from /home/airflow/.local/lib/python3.8/site-packages/airflow/example_dags/example_xcom.py
[2023-10-10T15:50:55.059+0000] {logging_mixin.py:151} INFO - [2023-10-10T15:50:55.058+0000] {dag.py:2915} INFO - Sync 1 DAGs
[2023-10-10T15:50:55.084+0000] {logging_mixin.py:151} INFO - [2023-10-10T15:50:55.084+0000] {dag.py:3696} INFO - Setting next_dagrun for example_xcom to 2021-01-01T00:00:00+00:00, run_after=2021-01-01T00:00:00+00:00
[2023-10-10T15:50:55.105+0000] {processor.py:179} INFO - Processing /home/airflow/.local/lib/python3.8/site-packages/airflow/example_dags/example_xcom.py took 0.077 seconds
[2023-10-10T15:51:26.093+0000] {processor.py:157} INFO - Started process (PID=3054) to work on /home/airflow/.local/lib/python3.8/site-packages/airflow/example_dags/example_xcom.py
[2023-10-10T15:51:26.094+0000] {processor.py:829} INFO - Processing file /home/airflow/.local/lib/python3.8/site-packages/airflow/example_dags/example_xcom.py for tasks to queue
[2023-10-10T15:51:26.096+0000] {logging_mixin.py:151} INFO - [2023-10-10T15:51:26.095+0000] {dagbag.py:539} INFO - Filling up the DagBag from /home/airflow/.local/lib/python3.8/site-packages/airflow/example_dags/example_xcom.py
[2023-10-10T15:51:26.101+0000] {processor.py:839} INFO - DAG(s) dict_keys(['example_xcom']) retrieved from /home/airflow/.local/lib/python3.8/site-packages/airflow/example_dags/example_xcom.py
[2023-10-10T15:51:26.120+0000] {logging_mixin.py:151} INFO - [2023-10-10T15:51:26.120+0000] {dag.py:2915} INFO - Sync 1 DAGs
[2023-10-10T15:51:26.139+0000] {logging_mixin.py:151} INFO - [2023-10-10T15:51:26.138+0000] {dag.py:3696} INFO - Setting next_dagrun for example_xcom to 2021-01-01T00:00:00+00:00, run_after=2021-01-01T00:00:00+00:00
[2023-10-10T15:51:26.153+0000] {processor.py:179} INFO - Processing /home/airflow/.local/lib/python3.8/site-packages/airflow/example_dags/example_xcom.py took 0.062 seconds
[2023-10-10T15:51:57.595+0000] {processor.py:157} INFO - Started process (PID=3115) to work on /home/airflow/.local/lib/python3.8/site-packages/airflow/example_dags/example_xcom.py
[2023-10-10T15:51:57.597+0000] {processor.py:829} INFO - Processing file /home/airflow/.local/lib/python3.8/site-packages/airflow/example_dags/example_xcom.py for tasks to queue
[2023-10-10T15:51:57.599+0000] {logging_mixin.py:151} INFO - [2023-10-10T15:51:57.599+0000] {dagbag.py:539} INFO - Filling up the DagBag from /home/airflow/.local/lib/python3.8/site-packages/airflow/example_dags/example_xcom.py
[2023-10-10T15:51:57.607+0000] {processor.py:839} INFO - DAG(s) dict_keys(['example_xcom']) retrieved from /home/airflow/.local/lib/python3.8/site-packages/airflow/example_dags/example_xcom.py
[2023-10-10T15:51:57.694+0000] {logging_mixin.py:151} INFO - [2023-10-10T15:51:57.693+0000] {dag.py:2915} INFO - Sync 1 DAGs
[2023-10-10T15:51:57.776+0000] {logging_mixin.py:151} INFO - [2023-10-10T15:51:57.776+0000] {dag.py:3696} INFO - Setting next_dagrun for example_xcom to 2021-01-01T00:00:00+00:00, run_after=2021-01-01T00:00:00+00:00
[2023-10-10T15:51:57.883+0000] {processor.py:179} INFO - Processing /home/airflow/.local/lib/python3.8/site-packages/airflow/example_dags/example_xcom.py took 0.292 seconds
[2023-10-10T15:52:29.248+0000] {processor.py:157} INFO - Started process (PID=3177) to work on /home/airflow/.local/lib/python3.8/site-packages/airflow/example_dags/example_xcom.py
[2023-10-10T15:52:29.249+0000] {processor.py:829} INFO - Processing file /home/airflow/.local/lib/python3.8/site-packages/airflow/example_dags/example_xcom.py for tasks to queue
[2023-10-10T15:52:29.251+0000] {logging_mixin.py:151} INFO - [2023-10-10T15:52:29.251+0000] {dagbag.py:539} INFO - Filling up the DagBag from /home/airflow/.local/lib/python3.8/site-packages/airflow/example_dags/example_xcom.py
[2023-10-10T15:52:29.257+0000] {processor.py:839} INFO - DAG(s) dict_keys(['example_xcom']) retrieved from /home/airflow/.local/lib/python3.8/site-packages/airflow/example_dags/example_xcom.py
[2023-10-10T15:52:29.294+0000] {logging_mixin.py:151} INFO - [2023-10-10T15:52:29.294+0000] {dag.py:2915} INFO - Sync 1 DAGs
[2023-10-10T15:52:29.315+0000] {logging_mixin.py:151} INFO - [2023-10-10T15:52:29.315+0000] {dag.py:3696} INFO - Setting next_dagrun for example_xcom to 2021-01-01T00:00:00+00:00, run_after=2021-01-01T00:00:00+00:00
[2023-10-10T15:52:29.332+0000] {processor.py:179} INFO - Processing /home/airflow/.local/lib/python3.8/site-packages/airflow/example_dags/example_xcom.py took 0.086 seconds
[2023-10-10T15:53:00.137+0000] {processor.py:157} INFO - Started process (PID=3231) to work on /home/airflow/.local/lib/python3.8/site-packages/airflow/example_dags/example_xcom.py
[2023-10-10T15:53:00.138+0000] {processor.py:829} INFO - Processing file /home/airflow/.local/lib/python3.8/site-packages/airflow/example_dags/example_xcom.py for tasks to queue
[2023-10-10T15:53:00.140+0000] {logging_mixin.py:151} INFO - [2023-10-10T15:53:00.140+0000] {dagbag.py:539} INFO - Filling up the DagBag from /home/airflow/.local/lib/python3.8/site-packages/airflow/example_dags/example_xcom.py
[2023-10-10T15:53:00.148+0000] {processor.py:839} INFO - DAG(s) dict_keys(['example_xcom']) retrieved from /home/airflow/.local/lib/python3.8/site-packages/airflow/example_dags/example_xcom.py
[2023-10-10T15:53:00.168+0000] {logging_mixin.py:151} INFO - [2023-10-10T15:53:00.168+0000] {dag.py:2915} INFO - Sync 1 DAGs
[2023-10-10T15:53:00.190+0000] {logging_mixin.py:151} INFO - [2023-10-10T15:53:00.190+0000] {dag.py:3696} INFO - Setting next_dagrun for example_xcom to 2021-01-01T00:00:00+00:00, run_after=2021-01-01T00:00:00+00:00
[2023-10-10T15:53:00.212+0000] {processor.py:179} INFO - Processing /home/airflow/.local/lib/python3.8/site-packages/airflow/example_dags/example_xcom.py took 0.079 seconds
[2023-10-10T15:53:31.200+0000] {processor.py:157} INFO - Started process (PID=3285) to work on /home/airflow/.local/lib/python3.8/site-packages/airflow/example_dags/example_xcom.py
[2023-10-10T15:53:31.201+0000] {processor.py:829} INFO - Processing file /home/airflow/.local/lib/python3.8/site-packages/airflow/example_dags/example_xcom.py for tasks to queue
[2023-10-10T15:53:31.203+0000] {logging_mixin.py:151} INFO - [2023-10-10T15:53:31.202+0000] {dagbag.py:539} INFO - Filling up the DagBag from /home/airflow/.local/lib/python3.8/site-packages/airflow/example_dags/example_xcom.py
[2023-10-10T15:53:31.210+0000] {processor.py:839} INFO - DAG(s) dict_keys(['example_xcom']) retrieved from /home/airflow/.local/lib/python3.8/site-packages/airflow/example_dags/example_xcom.py
[2023-10-10T15:53:31.236+0000] {logging_mixin.py:151} INFO - [2023-10-10T15:53:31.236+0000] {dag.py:2915} INFO - Sync 1 DAGs
[2023-10-10T15:53:31.260+0000] {logging_mixin.py:151} INFO - [2023-10-10T15:53:31.260+0000] {dag.py:3696} INFO - Setting next_dagrun for example_xcom to 2021-01-01T00:00:00+00:00, run_after=2021-01-01T00:00:00+00:00
[2023-10-10T15:53:31.290+0000] {processor.py:179} INFO - Processing /home/airflow/.local/lib/python3.8/site-packages/airflow/example_dags/example_xcom.py took 0.093 seconds
[2023-10-10T15:54:02.308+0000] {processor.py:157} INFO - Started process (PID=3340) to work on /home/airflow/.local/lib/python3.8/site-packages/airflow/example_dags/example_xcom.py
[2023-10-10T15:54:02.309+0000] {processor.py:829} INFO - Processing file /home/airflow/.local/lib/python3.8/site-packages/airflow/example_dags/example_xcom.py for tasks to queue
[2023-10-10T15:54:02.312+0000] {logging_mixin.py:151} INFO - [2023-10-10T15:54:02.311+0000] {dagbag.py:539} INFO - Filling up the DagBag from /home/airflow/.local/lib/python3.8/site-packages/airflow/example_dags/example_xcom.py
[2023-10-10T15:54:02.320+0000] {processor.py:839} INFO - DAG(s) dict_keys(['example_xcom']) retrieved from /home/airflow/.local/lib/python3.8/site-packages/airflow/example_dags/example_xcom.py
[2023-10-10T15:54:02.346+0000] {logging_mixin.py:151} INFO - [2023-10-10T15:54:02.346+0000] {dag.py:2915} INFO - Sync 1 DAGs
[2023-10-10T15:54:02.375+0000] {logging_mixin.py:151} INFO - [2023-10-10T15:54:02.375+0000] {dag.py:3696} INFO - Setting next_dagrun for example_xcom to 2021-01-01T00:00:00+00:00, run_after=2021-01-01T00:00:00+00:00
[2023-10-10T15:54:02.398+0000] {processor.py:179} INFO - Processing /home/airflow/.local/lib/python3.8/site-packages/airflow/example_dags/example_xcom.py took 0.093 seconds
[2023-10-10T15:54:32.579+0000] {processor.py:157} INFO - Started process (PID=3394) to work on /home/airflow/.local/lib/python3.8/site-packages/airflow/example_dags/example_xcom.py
[2023-10-10T15:54:32.580+0000] {processor.py:829} INFO - Processing file /home/airflow/.local/lib/python3.8/site-packages/airflow/example_dags/example_xcom.py for tasks to queue
[2023-10-10T15:54:32.583+0000] {logging_mixin.py:151} INFO - [2023-10-10T15:54:32.582+0000] {dagbag.py:539} INFO - Filling up the DagBag from /home/airflow/.local/lib/python3.8/site-packages/airflow/example_dags/example_xcom.py
[2023-10-10T15:54:32.590+0000] {processor.py:839} INFO - DAG(s) dict_keys(['example_xcom']) retrieved from /home/airflow/.local/lib/python3.8/site-packages/airflow/example_dags/example_xcom.py
[2023-10-10T15:54:32.619+0000] {logging_mixin.py:151} INFO - [2023-10-10T15:54:32.618+0000] {dag.py:2915} INFO - Sync 1 DAGs
[2023-10-10T15:54:32.654+0000] {logging_mixin.py:151} INFO - [2023-10-10T15:54:32.653+0000] {dag.py:3696} INFO - Setting next_dagrun for example_xcom to 2021-01-01T00:00:00+00:00, run_after=2021-01-01T00:00:00+00:00
[2023-10-10T15:54:32.680+0000] {processor.py:179} INFO - Processing /home/airflow/.local/lib/python3.8/site-packages/airflow/example_dags/example_xcom.py took 0.104 seconds
[2023-10-10T15:55:03.415+0000] {processor.py:157} INFO - Started process (PID=3448) to work on /home/airflow/.local/lib/python3.8/site-packages/airflow/example_dags/example_xcom.py
[2023-10-10T15:55:03.416+0000] {processor.py:829} INFO - Processing file /home/airflow/.local/lib/python3.8/site-packages/airflow/example_dags/example_xcom.py for tasks to queue
[2023-10-10T15:55:03.418+0000] {logging_mixin.py:151} INFO - [2023-10-10T15:55:03.417+0000] {dagbag.py:539} INFO - Filling up the DagBag from /home/airflow/.local/lib/python3.8/site-packages/airflow/example_dags/example_xcom.py
[2023-10-10T15:55:03.423+0000] {processor.py:839} INFO - DAG(s) dict_keys(['example_xcom']) retrieved from /home/airflow/.local/lib/python3.8/site-packages/airflow/example_dags/example_xcom.py
[2023-10-10T15:55:03.442+0000] {logging_mixin.py:151} INFO - [2023-10-10T15:55:03.442+0000] {dag.py:2915} INFO - Sync 1 DAGs
[2023-10-10T15:55:03.462+0000] {logging_mixin.py:151} INFO - [2023-10-10T15:55:03.462+0000] {dag.py:3696} INFO - Setting next_dagrun for example_xcom to 2021-01-01T00:00:00+00:00, run_after=2021-01-01T00:00:00+00:00
[2023-10-10T15:55:03.489+0000] {processor.py:179} INFO - Processing /home/airflow/.local/lib/python3.8/site-packages/airflow/example_dags/example_xcom.py took 0.077 seconds
[2023-10-10T15:55:34.643+0000] {processor.py:157} INFO - Started process (PID=3503) to work on /home/airflow/.local/lib/python3.8/site-packages/airflow/example_dags/example_xcom.py
[2023-10-10T15:55:34.644+0000] {processor.py:829} INFO - Processing file /home/airflow/.local/lib/python3.8/site-packages/airflow/example_dags/example_xcom.py for tasks to queue
[2023-10-10T15:55:34.645+0000] {logging_mixin.py:151} INFO - [2023-10-10T15:55:34.645+0000] {dagbag.py:539} INFO - Filling up the DagBag from /home/airflow/.local/lib/python3.8/site-packages/airflow/example_dags/example_xcom.py
[2023-10-10T15:55:34.651+0000] {processor.py:839} INFO - DAG(s) dict_keys(['example_xcom']) retrieved from /home/airflow/.local/lib/python3.8/site-packages/airflow/example_dags/example_xcom.py
[2023-10-10T15:55:34.668+0000] {logging_mixin.py:151} INFO - [2023-10-10T15:55:34.668+0000] {dag.py:2915} INFO - Sync 1 DAGs
[2023-10-10T15:55:34.687+0000] {logging_mixin.py:151} INFO - [2023-10-10T15:55:34.686+0000] {dag.py:3696} INFO - Setting next_dagrun for example_xcom to 2021-01-01T00:00:00+00:00, run_after=2021-01-01T00:00:00+00:00
[2023-10-10T15:55:34.700+0000] {processor.py:179} INFO - Processing /home/airflow/.local/lib/python3.8/site-packages/airflow/example_dags/example_xcom.py took 0.060 seconds
[2023-10-10T15:56:06.410+0000] {processor.py:157} INFO - Started process (PID=3561) to work on /home/airflow/.local/lib/python3.8/site-packages/airflow/example_dags/example_xcom.py
[2023-10-10T15:56:06.411+0000] {processor.py:829} INFO - Processing file /home/airflow/.local/lib/python3.8/site-packages/airflow/example_dags/example_xcom.py for tasks to queue
[2023-10-10T15:56:06.412+0000] {logging_mixin.py:151} INFO - [2023-10-10T15:56:06.412+0000] {dagbag.py:539} INFO - Filling up the DagBag from /home/airflow/.local/lib/python3.8/site-packages/airflow/example_dags/example_xcom.py
[2023-10-10T15:56:06.418+0000] {processor.py:839} INFO - DAG(s) dict_keys(['example_xcom']) retrieved from /home/airflow/.local/lib/python3.8/site-packages/airflow/example_dags/example_xcom.py
[2023-10-10T15:56:06.437+0000] {logging_mixin.py:151} INFO - [2023-10-10T15:56:06.436+0000] {dag.py:2915} INFO - Sync 1 DAGs
[2023-10-10T15:56:06.456+0000] {logging_mixin.py:151} INFO - [2023-10-10T15:56:06.455+0000] {dag.py:3696} INFO - Setting next_dagrun for example_xcom to 2021-01-01T00:00:00+00:00, run_after=2021-01-01T00:00:00+00:00
[2023-10-10T15:56:06.470+0000] {processor.py:179} INFO - Processing /home/airflow/.local/lib/python3.8/site-packages/airflow/example_dags/example_xcom.py took 0.062 seconds
[2023-10-10T15:56:37.487+0000] {processor.py:157} INFO - Started process (PID=3615) to work on /home/airflow/.local/lib/python3.8/site-packages/airflow/example_dags/example_xcom.py
[2023-10-10T15:56:37.488+0000] {processor.py:829} INFO - Processing file /home/airflow/.local/lib/python3.8/site-packages/airflow/example_dags/example_xcom.py for tasks to queue
[2023-10-10T15:56:37.490+0000] {logging_mixin.py:151} INFO - [2023-10-10T15:56:37.490+0000] {dagbag.py:539} INFO - Filling up the DagBag from /home/airflow/.local/lib/python3.8/site-packages/airflow/example_dags/example_xcom.py
[2023-10-10T15:56:37.496+0000] {processor.py:839} INFO - DAG(s) dict_keys(['example_xcom']) retrieved from /home/airflow/.local/lib/python3.8/site-packages/airflow/example_dags/example_xcom.py
[2023-10-10T15:56:37.521+0000] {logging_mixin.py:151} INFO - [2023-10-10T15:56:37.521+0000] {dag.py:2915} INFO - Sync 1 DAGs
[2023-10-10T15:56:37.548+0000] {logging_mixin.py:151} INFO - [2023-10-10T15:56:37.547+0000] {dag.py:3696} INFO - Setting next_dagrun for example_xcom to 2021-01-01T00:00:00+00:00, run_after=2021-01-01T00:00:00+00:00
[2023-10-10T15:56:37.569+0000] {processor.py:179} INFO - Processing /home/airflow/.local/lib/python3.8/site-packages/airflow/example_dags/example_xcom.py took 0.084 seconds
[2023-10-10T15:57:09.137+0000] {processor.py:157} INFO - Started process (PID=3671) to work on /home/airflow/.local/lib/python3.8/site-packages/airflow/example_dags/example_xcom.py
[2023-10-10T15:57:09.138+0000] {processor.py:829} INFO - Processing file /home/airflow/.local/lib/python3.8/site-packages/airflow/example_dags/example_xcom.py for tasks to queue
[2023-10-10T15:57:09.140+0000] {logging_mixin.py:151} INFO - [2023-10-10T15:57:09.139+0000] {dagbag.py:539} INFO - Filling up the DagBag from /home/airflow/.local/lib/python3.8/site-packages/airflow/example_dags/example_xcom.py
[2023-10-10T15:57:09.146+0000] {processor.py:839} INFO - DAG(s) dict_keys(['example_xcom']) retrieved from /home/airflow/.local/lib/python3.8/site-packages/airflow/example_dags/example_xcom.py
[2023-10-10T15:57:09.194+0000] {logging_mixin.py:151} INFO - [2023-10-10T15:57:09.194+0000] {dag.py:2915} INFO - Sync 1 DAGs
[2023-10-10T15:57:09.218+0000] {logging_mixin.py:151} INFO - [2023-10-10T15:57:09.218+0000] {dag.py:3696} INFO - Setting next_dagrun for example_xcom to 2021-01-01T00:00:00+00:00, run_after=2021-01-01T00:00:00+00:00
[2023-10-10T15:57:09.247+0000] {processor.py:179} INFO - Processing /home/airflow/.local/lib/python3.8/site-packages/airflow/example_dags/example_xcom.py took 0.112 seconds
