[2023-10-10T15:24:07.497+0000] {processor.py:157} INFO - Started process (PID=172) to work on /home/airflow/.local/lib/python3.8/site-packages/airflow/example_dags/example_python_operator.py
[2023-10-10T15:24:07.498+0000] {processor.py:829} INFO - Processing file /home/airflow/.local/lib/python3.8/site-packages/airflow/example_dags/example_python_operator.py for tasks to queue
[2023-10-10T15:24:07.500+0000] {logging_mixin.py:151} INFO - [2023-10-10T15:24:07.499+0000] {dagbag.py:539} INFO - Filling up the DagBag from /home/airflow/.local/lib/python3.8/site-packages/airflow/example_dags/example_python_operator.py
[2023-10-10T15:24:07.515+0000] {processor.py:839} INFO - DAG(s) dict_keys(['example_python_operator']) retrieved from /home/airflow/.local/lib/python3.8/site-packages/airflow/example_dags/example_python_operator.py
[2023-10-10T15:24:07.531+0000] {logging_mixin.py:151} INFO - [2023-10-10T15:24:07.531+0000] {dag.py:2915} INFO - Sync 1 DAGs
[2023-10-10T15:24:07.545+0000] {logging_mixin.py:151} INFO - [2023-10-10T15:24:07.545+0000] {dag.py:3696} INFO - Setting next_dagrun for example_python_operator to None, run_after=None
[2023-10-10T15:24:07.583+0000] {processor.py:179} INFO - Processing /home/airflow/.local/lib/python3.8/site-packages/airflow/example_dags/example_python_operator.py took 0.090 seconds
[2023-10-10T15:24:38.636+0000] {processor.py:157} INFO - Started process (PID=226) to work on /home/airflow/.local/lib/python3.8/site-packages/airflow/example_dags/example_python_operator.py
[2023-10-10T15:24:38.637+0000] {processor.py:829} INFO - Processing file /home/airflow/.local/lib/python3.8/site-packages/airflow/example_dags/example_python_operator.py for tasks to queue
[2023-10-10T15:24:38.638+0000] {logging_mixin.py:151} INFO - [2023-10-10T15:24:38.638+0000] {dagbag.py:539} INFO - Filling up the DagBag from /home/airflow/.local/lib/python3.8/site-packages/airflow/example_dags/example_python_operator.py
[2023-10-10T15:24:38.647+0000] {processor.py:839} INFO - DAG(s) dict_keys(['example_python_operator']) retrieved from /home/airflow/.local/lib/python3.8/site-packages/airflow/example_dags/example_python_operator.py
[2023-10-10T15:24:38.754+0000] {logging_mixin.py:151} INFO - [2023-10-10T15:24:38.754+0000] {security.py:708} INFO - Not syncing DAG-level permissions for DAG 'DAG:example_python_operator' as access control is unset.
[2023-10-10T15:24:38.754+0000] {logging_mixin.py:151} INFO - [2023-10-10T15:24:38.754+0000] {dag.py:2915} INFO - Sync 1 DAGs
[2023-10-10T15:24:38.764+0000] {logging_mixin.py:151} INFO - [2023-10-10T15:24:38.764+0000] {dag.py:3696} INFO - Setting next_dagrun for example_python_operator to None, run_after=None
[2023-10-10T15:24:38.793+0000] {processor.py:179} INFO - Processing /home/airflow/.local/lib/python3.8/site-packages/airflow/example_dags/example_python_operator.py took 0.159 seconds
[2023-10-10T15:25:10.046+0000] {processor.py:157} INFO - Started process (PID=280) to work on /home/airflow/.local/lib/python3.8/site-packages/airflow/example_dags/example_python_operator.py
[2023-10-10T15:25:10.047+0000] {processor.py:829} INFO - Processing file /home/airflow/.local/lib/python3.8/site-packages/airflow/example_dags/example_python_operator.py for tasks to queue
[2023-10-10T15:25:10.050+0000] {logging_mixin.py:151} INFO - [2023-10-10T15:25:10.049+0000] {dagbag.py:539} INFO - Filling up the DagBag from /home/airflow/.local/lib/python3.8/site-packages/airflow/example_dags/example_python_operator.py
[2023-10-10T15:25:10.063+0000] {processor.py:839} INFO - DAG(s) dict_keys(['example_python_operator']) retrieved from /home/airflow/.local/lib/python3.8/site-packages/airflow/example_dags/example_python_operator.py
[2023-10-10T15:25:10.091+0000] {logging_mixin.py:151} INFO - [2023-10-10T15:25:10.091+0000] {dag.py:2915} INFO - Sync 1 DAGs
[2023-10-10T15:25:10.107+0000] {logging_mixin.py:151} INFO - [2023-10-10T15:25:10.106+0000] {dag.py:3696} INFO - Setting next_dagrun for example_python_operator to None, run_after=None
[2023-10-10T15:25:10.131+0000] {processor.py:179} INFO - Processing /home/airflow/.local/lib/python3.8/site-packages/airflow/example_dags/example_python_operator.py took 0.088 seconds
[2023-10-10T15:25:40.791+0000] {processor.py:157} INFO - Started process (PID=334) to work on /home/airflow/.local/lib/python3.8/site-packages/airflow/example_dags/example_python_operator.py
[2023-10-10T15:25:40.792+0000] {processor.py:829} INFO - Processing file /home/airflow/.local/lib/python3.8/site-packages/airflow/example_dags/example_python_operator.py for tasks to queue
[2023-10-10T15:25:40.794+0000] {logging_mixin.py:151} INFO - [2023-10-10T15:25:40.793+0000] {dagbag.py:539} INFO - Filling up the DagBag from /home/airflow/.local/lib/python3.8/site-packages/airflow/example_dags/example_python_operator.py
[2023-10-10T15:25:40.802+0000] {processor.py:839} INFO - DAG(s) dict_keys(['example_python_operator']) retrieved from /home/airflow/.local/lib/python3.8/site-packages/airflow/example_dags/example_python_operator.py
[2023-10-10T15:25:40.826+0000] {logging_mixin.py:151} INFO - [2023-10-10T15:25:40.826+0000] {dag.py:2915} INFO - Sync 1 DAGs
[2023-10-10T15:25:40.839+0000] {logging_mixin.py:151} INFO - [2023-10-10T15:25:40.839+0000] {dag.py:3696} INFO - Setting next_dagrun for example_python_operator to None, run_after=None
[2023-10-10T15:25:40.855+0000] {processor.py:179} INFO - Processing /home/airflow/.local/lib/python3.8/site-packages/airflow/example_dags/example_python_operator.py took 0.067 seconds
[2023-10-10T15:26:11.450+0000] {processor.py:157} INFO - Started process (PID=388) to work on /home/airflow/.local/lib/python3.8/site-packages/airflow/example_dags/example_python_operator.py
[2023-10-10T15:26:11.451+0000] {processor.py:829} INFO - Processing file /home/airflow/.local/lib/python3.8/site-packages/airflow/example_dags/example_python_operator.py for tasks to queue
[2023-10-10T15:26:11.454+0000] {logging_mixin.py:151} INFO - [2023-10-10T15:26:11.453+0000] {dagbag.py:539} INFO - Filling up the DagBag from /home/airflow/.local/lib/python3.8/site-packages/airflow/example_dags/example_python_operator.py
[2023-10-10T15:26:11.467+0000] {processor.py:839} INFO - DAG(s) dict_keys(['example_python_operator']) retrieved from /home/airflow/.local/lib/python3.8/site-packages/airflow/example_dags/example_python_operator.py
[2023-10-10T15:26:11.492+0000] {logging_mixin.py:151} INFO - [2023-10-10T15:26:11.492+0000] {dag.py:2915} INFO - Sync 1 DAGs
[2023-10-10T15:26:11.505+0000] {logging_mixin.py:151} INFO - [2023-10-10T15:26:11.505+0000] {dag.py:3696} INFO - Setting next_dagrun for example_python_operator to None, run_after=None
[2023-10-10T15:26:11.524+0000] {processor.py:179} INFO - Processing /home/airflow/.local/lib/python3.8/site-packages/airflow/example_dags/example_python_operator.py took 0.078 seconds
[2023-10-10T15:26:41.994+0000] {processor.py:157} INFO - Started process (PID=442) to work on /home/airflow/.local/lib/python3.8/site-packages/airflow/example_dags/example_python_operator.py
[2023-10-10T15:26:41.995+0000] {processor.py:829} INFO - Processing file /home/airflow/.local/lib/python3.8/site-packages/airflow/example_dags/example_python_operator.py for tasks to queue
[2023-10-10T15:26:41.997+0000] {logging_mixin.py:151} INFO - [2023-10-10T15:26:41.997+0000] {dagbag.py:539} INFO - Filling up the DagBag from /home/airflow/.local/lib/python3.8/site-packages/airflow/example_dags/example_python_operator.py
[2023-10-10T15:26:42.007+0000] {processor.py:839} INFO - DAG(s) dict_keys(['example_python_operator']) retrieved from /home/airflow/.local/lib/python3.8/site-packages/airflow/example_dags/example_python_operator.py
[2023-10-10T15:26:42.030+0000] {logging_mixin.py:151} INFO - [2023-10-10T15:26:42.030+0000] {dag.py:2915} INFO - Sync 1 DAGs
[2023-10-10T15:26:42.044+0000] {logging_mixin.py:151} INFO - [2023-10-10T15:26:42.043+0000] {dag.py:3696} INFO - Setting next_dagrun for example_python_operator to None, run_after=None
[2023-10-10T15:26:42.060+0000] {processor.py:179} INFO - Processing /home/airflow/.local/lib/python3.8/site-packages/airflow/example_dags/example_python_operator.py took 0.069 seconds
[2023-10-10T15:27:12.614+0000] {processor.py:157} INFO - Started process (PID=496) to work on /home/airflow/.local/lib/python3.8/site-packages/airflow/example_dags/example_python_operator.py
[2023-10-10T15:27:12.614+0000] {processor.py:829} INFO - Processing file /home/airflow/.local/lib/python3.8/site-packages/airflow/example_dags/example_python_operator.py for tasks to queue
[2023-10-10T15:27:12.616+0000] {logging_mixin.py:151} INFO - [2023-10-10T15:27:12.616+0000] {dagbag.py:539} INFO - Filling up the DagBag from /home/airflow/.local/lib/python3.8/site-packages/airflow/example_dags/example_python_operator.py
[2023-10-10T15:27:12.624+0000] {processor.py:839} INFO - DAG(s) dict_keys(['example_python_operator']) retrieved from /home/airflow/.local/lib/python3.8/site-packages/airflow/example_dags/example_python_operator.py
[2023-10-10T15:27:12.642+0000] {logging_mixin.py:151} INFO - [2023-10-10T15:27:12.642+0000] {dag.py:2915} INFO - Sync 1 DAGs
[2023-10-10T15:27:12.652+0000] {logging_mixin.py:151} INFO - [2023-10-10T15:27:12.652+0000] {dag.py:3696} INFO - Setting next_dagrun for example_python_operator to None, run_after=None
[2023-10-10T15:27:12.667+0000] {processor.py:179} INFO - Processing /home/airflow/.local/lib/python3.8/site-packages/airflow/example_dags/example_python_operator.py took 0.056 seconds
[2023-10-10T15:27:43.301+0000] {processor.py:157} INFO - Started process (PID=550) to work on /home/airflow/.local/lib/python3.8/site-packages/airflow/example_dags/example_python_operator.py
[2023-10-10T15:27:43.302+0000] {processor.py:829} INFO - Processing file /home/airflow/.local/lib/python3.8/site-packages/airflow/example_dags/example_python_operator.py for tasks to queue
[2023-10-10T15:27:43.304+0000] {logging_mixin.py:151} INFO - [2023-10-10T15:27:43.304+0000] {dagbag.py:539} INFO - Filling up the DagBag from /home/airflow/.local/lib/python3.8/site-packages/airflow/example_dags/example_python_operator.py
[2023-10-10T15:27:43.313+0000] {processor.py:839} INFO - DAG(s) dict_keys(['example_python_operator']) retrieved from /home/airflow/.local/lib/python3.8/site-packages/airflow/example_dags/example_python_operator.py
[2023-10-10T15:27:43.343+0000] {logging_mixin.py:151} INFO - [2023-10-10T15:27:43.343+0000] {dag.py:2915} INFO - Sync 1 DAGs
[2023-10-10T15:27:43.376+0000] {logging_mixin.py:151} INFO - [2023-10-10T15:27:43.376+0000] {dag.py:3696} INFO - Setting next_dagrun for example_python_operator to None, run_after=None
[2023-10-10T15:27:43.400+0000] {processor.py:179} INFO - Processing /home/airflow/.local/lib/python3.8/site-packages/airflow/example_dags/example_python_operator.py took 0.102 seconds
[2023-10-10T15:28:14.139+0000] {processor.py:157} INFO - Started process (PID=604) to work on /home/airflow/.local/lib/python3.8/site-packages/airflow/example_dags/example_python_operator.py
[2023-10-10T15:28:14.142+0000] {processor.py:829} INFO - Processing file /home/airflow/.local/lib/python3.8/site-packages/airflow/example_dags/example_python_operator.py for tasks to queue
[2023-10-10T15:28:14.144+0000] {logging_mixin.py:151} INFO - [2023-10-10T15:28:14.143+0000] {dagbag.py:539} INFO - Filling up the DagBag from /home/airflow/.local/lib/python3.8/site-packages/airflow/example_dags/example_python_operator.py
[2023-10-10T15:28:14.152+0000] {processor.py:839} INFO - DAG(s) dict_keys(['example_python_operator']) retrieved from /home/airflow/.local/lib/python3.8/site-packages/airflow/example_dags/example_python_operator.py
[2023-10-10T15:28:14.170+0000] {logging_mixin.py:151} INFO - [2023-10-10T15:28:14.170+0000] {dag.py:2915} INFO - Sync 1 DAGs
[2023-10-10T15:28:14.181+0000] {logging_mixin.py:151} INFO - [2023-10-10T15:28:14.181+0000] {dag.py:3696} INFO - Setting next_dagrun for example_python_operator to None, run_after=None
[2023-10-10T15:28:14.199+0000] {processor.py:179} INFO - Processing /home/airflow/.local/lib/python3.8/site-packages/airflow/example_dags/example_python_operator.py took 0.062 seconds
[2023-10-10T15:28:44.932+0000] {processor.py:157} INFO - Started process (PID=658) to work on /home/airflow/.local/lib/python3.8/site-packages/airflow/example_dags/example_python_operator.py
[2023-10-10T15:28:44.933+0000] {processor.py:829} INFO - Processing file /home/airflow/.local/lib/python3.8/site-packages/airflow/example_dags/example_python_operator.py for tasks to queue
[2023-10-10T15:28:44.935+0000] {logging_mixin.py:151} INFO - [2023-10-10T15:28:44.934+0000] {dagbag.py:539} INFO - Filling up the DagBag from /home/airflow/.local/lib/python3.8/site-packages/airflow/example_dags/example_python_operator.py
[2023-10-10T15:28:44.946+0000] {processor.py:839} INFO - DAG(s) dict_keys(['example_python_operator']) retrieved from /home/airflow/.local/lib/python3.8/site-packages/airflow/example_dags/example_python_operator.py
[2023-10-10T15:28:44.976+0000] {logging_mixin.py:151} INFO - [2023-10-10T15:28:44.975+0000] {dag.py:2915} INFO - Sync 1 DAGs
[2023-10-10T15:28:44.989+0000] {logging_mixin.py:151} INFO - [2023-10-10T15:28:44.989+0000] {dag.py:3696} INFO - Setting next_dagrun for example_python_operator to None, run_after=None
[2023-10-10T15:28:45.009+0000] {processor.py:179} INFO - Processing /home/airflow/.local/lib/python3.8/site-packages/airflow/example_dags/example_python_operator.py took 0.081 seconds
[2023-10-10T15:29:16.498+0000] {processor.py:157} INFO - Started process (PID=712) to work on /home/airflow/.local/lib/python3.8/site-packages/airflow/example_dags/example_python_operator.py
[2023-10-10T15:29:16.499+0000] {processor.py:829} INFO - Processing file /home/airflow/.local/lib/python3.8/site-packages/airflow/example_dags/example_python_operator.py for tasks to queue
[2023-10-10T15:29:16.501+0000] {logging_mixin.py:151} INFO - [2023-10-10T15:29:16.500+0000] {dagbag.py:539} INFO - Filling up the DagBag from /home/airflow/.local/lib/python3.8/site-packages/airflow/example_dags/example_python_operator.py
[2023-10-10T15:29:16.511+0000] {processor.py:839} INFO - DAG(s) dict_keys(['example_python_operator']) retrieved from /home/airflow/.local/lib/python3.8/site-packages/airflow/example_dags/example_python_operator.py
[2023-10-10T15:29:16.593+0000] {logging_mixin.py:151} INFO - [2023-10-10T15:29:16.593+0000] {dag.py:2915} INFO - Sync 1 DAGs
[2023-10-10T15:29:16.607+0000] {logging_mixin.py:151} INFO - [2023-10-10T15:29:16.607+0000] {dag.py:3696} INFO - Setting next_dagrun for example_python_operator to None, run_after=None
[2023-10-10T15:29:16.686+0000] {processor.py:179} INFO - Processing /home/airflow/.local/lib/python3.8/site-packages/airflow/example_dags/example_python_operator.py took 0.192 seconds
[2023-10-10T15:29:46.747+0000] {processor.py:157} INFO - Started process (PID=766) to work on /home/airflow/.local/lib/python3.8/site-packages/airflow/example_dags/example_python_operator.py
[2023-10-10T15:29:46.748+0000] {processor.py:829} INFO - Processing file /home/airflow/.local/lib/python3.8/site-packages/airflow/example_dags/example_python_operator.py for tasks to queue
[2023-10-10T15:29:46.749+0000] {logging_mixin.py:151} INFO - [2023-10-10T15:29:46.749+0000] {dagbag.py:539} INFO - Filling up the DagBag from /home/airflow/.local/lib/python3.8/site-packages/airflow/example_dags/example_python_operator.py
[2023-10-10T15:29:46.758+0000] {processor.py:839} INFO - DAG(s) dict_keys(['example_python_operator']) retrieved from /home/airflow/.local/lib/python3.8/site-packages/airflow/example_dags/example_python_operator.py
[2023-10-10T15:29:46.779+0000] {logging_mixin.py:151} INFO - [2023-10-10T15:29:46.779+0000] {dag.py:2915} INFO - Sync 1 DAGs
[2023-10-10T15:29:46.793+0000] {logging_mixin.py:151} INFO - [2023-10-10T15:29:46.793+0000] {dag.py:3696} INFO - Setting next_dagrun for example_python_operator to None, run_after=None
[2023-10-10T15:29:46.811+0000] {processor.py:179} INFO - Processing /home/airflow/.local/lib/python3.8/site-packages/airflow/example_dags/example_python_operator.py took 0.066 seconds
[2023-10-10T15:30:17.131+0000] {processor.py:157} INFO - Started process (PID=820) to work on /home/airflow/.local/lib/python3.8/site-packages/airflow/example_dags/example_python_operator.py
[2023-10-10T15:30:17.132+0000] {processor.py:829} INFO - Processing file /home/airflow/.local/lib/python3.8/site-packages/airflow/example_dags/example_python_operator.py for tasks to queue
[2023-10-10T15:30:17.134+0000] {logging_mixin.py:151} INFO - [2023-10-10T15:30:17.134+0000] {dagbag.py:539} INFO - Filling up the DagBag from /home/airflow/.local/lib/python3.8/site-packages/airflow/example_dags/example_python_operator.py
[2023-10-10T15:30:17.146+0000] {processor.py:839} INFO - DAG(s) dict_keys(['example_python_operator']) retrieved from /home/airflow/.local/lib/python3.8/site-packages/airflow/example_dags/example_python_operator.py
[2023-10-10T15:30:17.198+0000] {logging_mixin.py:151} INFO - [2023-10-10T15:30:17.197+0000] {dag.py:2915} INFO - Sync 1 DAGs
[2023-10-10T15:30:17.214+0000] {logging_mixin.py:151} INFO - [2023-10-10T15:30:17.213+0000] {dag.py:3696} INFO - Setting next_dagrun for example_python_operator to None, run_after=None
[2023-10-10T15:30:17.235+0000] {processor.py:179} INFO - Processing /home/airflow/.local/lib/python3.8/site-packages/airflow/example_dags/example_python_operator.py took 0.108 seconds
[2023-10-10T15:30:48.252+0000] {processor.py:157} INFO - Started process (PID=874) to work on /home/airflow/.local/lib/python3.8/site-packages/airflow/example_dags/example_python_operator.py
[2023-10-10T15:30:48.253+0000] {processor.py:829} INFO - Processing file /home/airflow/.local/lib/python3.8/site-packages/airflow/example_dags/example_python_operator.py for tasks to queue
[2023-10-10T15:30:48.255+0000] {logging_mixin.py:151} INFO - [2023-10-10T15:30:48.254+0000] {dagbag.py:539} INFO - Filling up the DagBag from /home/airflow/.local/lib/python3.8/site-packages/airflow/example_dags/example_python_operator.py
[2023-10-10T15:30:48.265+0000] {processor.py:839} INFO - DAG(s) dict_keys(['example_python_operator']) retrieved from /home/airflow/.local/lib/python3.8/site-packages/airflow/example_dags/example_python_operator.py
[2023-10-10T15:30:48.288+0000] {logging_mixin.py:151} INFO - [2023-10-10T15:30:48.288+0000] {dag.py:2915} INFO - Sync 1 DAGs
[2023-10-10T15:30:48.300+0000] {logging_mixin.py:151} INFO - [2023-10-10T15:30:48.300+0000] {dag.py:3696} INFO - Setting next_dagrun for example_python_operator to None, run_after=None
[2023-10-10T15:30:48.321+0000] {processor.py:179} INFO - Processing /home/airflow/.local/lib/python3.8/site-packages/airflow/example_dags/example_python_operator.py took 0.072 seconds
[2023-10-10T15:31:19.488+0000] {processor.py:157} INFO - Started process (PID=928) to work on /home/airflow/.local/lib/python3.8/site-packages/airflow/example_dags/example_python_operator.py
[2023-10-10T15:31:19.489+0000] {processor.py:829} INFO - Processing file /home/airflow/.local/lib/python3.8/site-packages/airflow/example_dags/example_python_operator.py for tasks to queue
[2023-10-10T15:31:19.491+0000] {logging_mixin.py:151} INFO - [2023-10-10T15:31:19.491+0000] {dagbag.py:539} INFO - Filling up the DagBag from /home/airflow/.local/lib/python3.8/site-packages/airflow/example_dags/example_python_operator.py
[2023-10-10T15:31:19.501+0000] {processor.py:839} INFO - DAG(s) dict_keys(['example_python_operator']) retrieved from /home/airflow/.local/lib/python3.8/site-packages/airflow/example_dags/example_python_operator.py
[2023-10-10T15:31:19.529+0000] {logging_mixin.py:151} INFO - [2023-10-10T15:31:19.529+0000] {dag.py:2915} INFO - Sync 1 DAGs
[2023-10-10T15:31:19.546+0000] {logging_mixin.py:151} INFO - [2023-10-10T15:31:19.545+0000] {dag.py:3696} INFO - Setting next_dagrun for example_python_operator to None, run_after=None
[2023-10-10T15:31:19.566+0000] {processor.py:179} INFO - Processing /home/airflow/.local/lib/python3.8/site-packages/airflow/example_dags/example_python_operator.py took 0.081 seconds
[2023-10-10T15:31:50.764+0000] {processor.py:157} INFO - Started process (PID=982) to work on /home/airflow/.local/lib/python3.8/site-packages/airflow/example_dags/example_python_operator.py
[2023-10-10T15:31:50.765+0000] {processor.py:829} INFO - Processing file /home/airflow/.local/lib/python3.8/site-packages/airflow/example_dags/example_python_operator.py for tasks to queue
[2023-10-10T15:31:50.767+0000] {logging_mixin.py:151} INFO - [2023-10-10T15:31:50.766+0000] {dagbag.py:539} INFO - Filling up the DagBag from /home/airflow/.local/lib/python3.8/site-packages/airflow/example_dags/example_python_operator.py
[2023-10-10T15:31:50.776+0000] {processor.py:839} INFO - DAG(s) dict_keys(['example_python_operator']) retrieved from /home/airflow/.local/lib/python3.8/site-packages/airflow/example_dags/example_python_operator.py
[2023-10-10T15:31:50.801+0000] {logging_mixin.py:151} INFO - [2023-10-10T15:31:50.801+0000] {dag.py:2915} INFO - Sync 1 DAGs
[2023-10-10T15:31:50.813+0000] {logging_mixin.py:151} INFO - [2023-10-10T15:31:50.813+0000] {dag.py:3696} INFO - Setting next_dagrun for example_python_operator to None, run_after=None
[2023-10-10T15:31:50.832+0000] {processor.py:179} INFO - Processing /home/airflow/.local/lib/python3.8/site-packages/airflow/example_dags/example_python_operator.py took 0.072 seconds
[2023-10-10T15:32:21.618+0000] {processor.py:157} INFO - Started process (PID=1036) to work on /home/airflow/.local/lib/python3.8/site-packages/airflow/example_dags/example_python_operator.py
[2023-10-10T15:32:21.619+0000] {processor.py:829} INFO - Processing file /home/airflow/.local/lib/python3.8/site-packages/airflow/example_dags/example_python_operator.py for tasks to queue
[2023-10-10T15:32:21.621+0000] {logging_mixin.py:151} INFO - [2023-10-10T15:32:21.621+0000] {dagbag.py:539} INFO - Filling up the DagBag from /home/airflow/.local/lib/python3.8/site-packages/airflow/example_dags/example_python_operator.py
[2023-10-10T15:32:21.631+0000] {processor.py:839} INFO - DAG(s) dict_keys(['example_python_operator']) retrieved from /home/airflow/.local/lib/python3.8/site-packages/airflow/example_dags/example_python_operator.py
[2023-10-10T15:32:21.658+0000] {logging_mixin.py:151} INFO - [2023-10-10T15:32:21.658+0000] {dag.py:2915} INFO - Sync 1 DAGs
[2023-10-10T15:32:21.683+0000] {logging_mixin.py:151} INFO - [2023-10-10T15:32:21.683+0000] {dag.py:3696} INFO - Setting next_dagrun for example_python_operator to None, run_after=None
[2023-10-10T15:32:21.707+0000] {processor.py:179} INFO - Processing /home/airflow/.local/lib/python3.8/site-packages/airflow/example_dags/example_python_operator.py took 0.093 seconds
[2023-10-10T15:32:52.424+0000] {processor.py:157} INFO - Started process (PID=1090) to work on /home/airflow/.local/lib/python3.8/site-packages/airflow/example_dags/example_python_operator.py
[2023-10-10T15:32:52.425+0000] {processor.py:829} INFO - Processing file /home/airflow/.local/lib/python3.8/site-packages/airflow/example_dags/example_python_operator.py for tasks to queue
[2023-10-10T15:32:52.427+0000] {logging_mixin.py:151} INFO - [2023-10-10T15:32:52.426+0000] {dagbag.py:539} INFO - Filling up the DagBag from /home/airflow/.local/lib/python3.8/site-packages/airflow/example_dags/example_python_operator.py
[2023-10-10T15:32:52.436+0000] {processor.py:839} INFO - DAG(s) dict_keys(['example_python_operator']) retrieved from /home/airflow/.local/lib/python3.8/site-packages/airflow/example_dags/example_python_operator.py
[2023-10-10T15:32:52.458+0000] {logging_mixin.py:151} INFO - [2023-10-10T15:32:52.458+0000] {dag.py:2915} INFO - Sync 1 DAGs
[2023-10-10T15:32:52.480+0000] {logging_mixin.py:151} INFO - [2023-10-10T15:32:52.479+0000] {dag.py:3696} INFO - Setting next_dagrun for example_python_operator to None, run_after=None
[2023-10-10T15:32:52.499+0000] {processor.py:179} INFO - Processing /home/airflow/.local/lib/python3.8/site-packages/airflow/example_dags/example_python_operator.py took 0.078 seconds
[2023-10-10T15:33:22.892+0000] {processor.py:157} INFO - Started process (PID=1144) to work on /home/airflow/.local/lib/python3.8/site-packages/airflow/example_dags/example_python_operator.py
[2023-10-10T15:33:22.894+0000] {processor.py:829} INFO - Processing file /home/airflow/.local/lib/python3.8/site-packages/airflow/example_dags/example_python_operator.py for tasks to queue
[2023-10-10T15:33:22.896+0000] {logging_mixin.py:151} INFO - [2023-10-10T15:33:22.896+0000] {dagbag.py:539} INFO - Filling up the DagBag from /home/airflow/.local/lib/python3.8/site-packages/airflow/example_dags/example_python_operator.py
[2023-10-10T15:33:22.906+0000] {processor.py:839} INFO - DAG(s) dict_keys(['example_python_operator']) retrieved from /home/airflow/.local/lib/python3.8/site-packages/airflow/example_dags/example_python_operator.py
[2023-10-10T15:33:22.933+0000] {logging_mixin.py:151} INFO - [2023-10-10T15:33:22.933+0000] {dag.py:2915} INFO - Sync 1 DAGs
[2023-10-10T15:33:22.944+0000] {logging_mixin.py:151} INFO - [2023-10-10T15:33:22.944+0000] {dag.py:3696} INFO - Setting next_dagrun for example_python_operator to None, run_after=None
[2023-10-10T15:33:22.966+0000] {processor.py:179} INFO - Processing /home/airflow/.local/lib/python3.8/site-packages/airflow/example_dags/example_python_operator.py took 0.078 seconds
[2023-10-10T15:33:53.339+0000] {processor.py:157} INFO - Started process (PID=1198) to work on /home/airflow/.local/lib/python3.8/site-packages/airflow/example_dags/example_python_operator.py
[2023-10-10T15:33:53.339+0000] {processor.py:829} INFO - Processing file /home/airflow/.local/lib/python3.8/site-packages/airflow/example_dags/example_python_operator.py for tasks to queue
[2023-10-10T15:33:53.341+0000] {logging_mixin.py:151} INFO - [2023-10-10T15:33:53.341+0000] {dagbag.py:539} INFO - Filling up the DagBag from /home/airflow/.local/lib/python3.8/site-packages/airflow/example_dags/example_python_operator.py
[2023-10-10T15:33:53.352+0000] {processor.py:839} INFO - DAG(s) dict_keys(['example_python_operator']) retrieved from /home/airflow/.local/lib/python3.8/site-packages/airflow/example_dags/example_python_operator.py
[2023-10-10T15:33:53.375+0000] {logging_mixin.py:151} INFO - [2023-10-10T15:33:53.374+0000] {dag.py:2915} INFO - Sync 1 DAGs
[2023-10-10T15:33:53.390+0000] {logging_mixin.py:151} INFO - [2023-10-10T15:33:53.390+0000] {dag.py:3696} INFO - Setting next_dagrun for example_python_operator to None, run_after=None
[2023-10-10T15:33:53.412+0000] {processor.py:179} INFO - Processing /home/airflow/.local/lib/python3.8/site-packages/airflow/example_dags/example_python_operator.py took 0.076 seconds
[2023-10-10T15:34:24.260+0000] {processor.py:157} INFO - Started process (PID=1258) to work on /home/airflow/.local/lib/python3.8/site-packages/airflow/example_dags/example_python_operator.py
[2023-10-10T15:34:24.261+0000] {processor.py:829} INFO - Processing file /home/airflow/.local/lib/python3.8/site-packages/airflow/example_dags/example_python_operator.py for tasks to queue
[2023-10-10T15:34:24.263+0000] {logging_mixin.py:151} INFO - [2023-10-10T15:34:24.263+0000] {dagbag.py:539} INFO - Filling up the DagBag from /home/airflow/.local/lib/python3.8/site-packages/airflow/example_dags/example_python_operator.py
[2023-10-10T15:34:24.274+0000] {processor.py:839} INFO - DAG(s) dict_keys(['example_python_operator']) retrieved from /home/airflow/.local/lib/python3.8/site-packages/airflow/example_dags/example_python_operator.py
[2023-10-10T15:34:24.297+0000] {logging_mixin.py:151} INFO - [2023-10-10T15:34:24.297+0000] {dag.py:2915} INFO - Sync 1 DAGs
[2023-10-10T15:34:24.311+0000] {logging_mixin.py:151} INFO - [2023-10-10T15:34:24.311+0000] {dag.py:3696} INFO - Setting next_dagrun for example_python_operator to None, run_after=None
[2023-10-10T15:34:24.328+0000] {processor.py:179} INFO - Processing /home/airflow/.local/lib/python3.8/site-packages/airflow/example_dags/example_python_operator.py took 0.071 seconds
[2023-10-10T15:34:54.990+0000] {processor.py:157} INFO - Started process (PID=1312) to work on /home/airflow/.local/lib/python3.8/site-packages/airflow/example_dags/example_python_operator.py
[2023-10-10T15:34:54.991+0000] {processor.py:829} INFO - Processing file /home/airflow/.local/lib/python3.8/site-packages/airflow/example_dags/example_python_operator.py for tasks to queue
[2023-10-10T15:34:54.993+0000] {logging_mixin.py:151} INFO - [2023-10-10T15:34:54.993+0000] {dagbag.py:539} INFO - Filling up the DagBag from /home/airflow/.local/lib/python3.8/site-packages/airflow/example_dags/example_python_operator.py
[2023-10-10T15:34:55.005+0000] {processor.py:839} INFO - DAG(s) dict_keys(['example_python_operator']) retrieved from /home/airflow/.local/lib/python3.8/site-packages/airflow/example_dags/example_python_operator.py
[2023-10-10T15:34:55.029+0000] {logging_mixin.py:151} INFO - [2023-10-10T15:34:55.029+0000] {dag.py:2915} INFO - Sync 1 DAGs
[2023-10-10T15:34:55.041+0000] {logging_mixin.py:151} INFO - [2023-10-10T15:34:55.041+0000] {dag.py:3696} INFO - Setting next_dagrun for example_python_operator to None, run_after=None
[2023-10-10T15:34:55.059+0000] {processor.py:179} INFO - Processing /home/airflow/.local/lib/python3.8/site-packages/airflow/example_dags/example_python_operator.py took 0.072 seconds
[2023-10-10T15:35:26.254+0000] {processor.py:157} INFO - Started process (PID=1366) to work on /home/airflow/.local/lib/python3.8/site-packages/airflow/example_dags/example_python_operator.py
[2023-10-10T15:35:26.255+0000] {processor.py:829} INFO - Processing file /home/airflow/.local/lib/python3.8/site-packages/airflow/example_dags/example_python_operator.py for tasks to queue
[2023-10-10T15:35:26.257+0000] {logging_mixin.py:151} INFO - [2023-10-10T15:35:26.257+0000] {dagbag.py:539} INFO - Filling up the DagBag from /home/airflow/.local/lib/python3.8/site-packages/airflow/example_dags/example_python_operator.py
[2023-10-10T15:35:26.268+0000] {processor.py:839} INFO - DAG(s) dict_keys(['example_python_operator']) retrieved from /home/airflow/.local/lib/python3.8/site-packages/airflow/example_dags/example_python_operator.py
[2023-10-10T15:35:26.294+0000] {logging_mixin.py:151} INFO - [2023-10-10T15:35:26.293+0000] {dag.py:2915} INFO - Sync 1 DAGs
[2023-10-10T15:35:26.308+0000] {logging_mixin.py:151} INFO - [2023-10-10T15:35:26.307+0000] {dag.py:3696} INFO - Setting next_dagrun for example_python_operator to None, run_after=None
[2023-10-10T15:35:26.324+0000] {processor.py:179} INFO - Processing /home/airflow/.local/lib/python3.8/site-packages/airflow/example_dags/example_python_operator.py took 0.073 seconds
[2023-10-10T15:35:57.496+0000] {processor.py:157} INFO - Started process (PID=1420) to work on /home/airflow/.local/lib/python3.8/site-packages/airflow/example_dags/example_python_operator.py
[2023-10-10T15:35:57.497+0000] {processor.py:829} INFO - Processing file /home/airflow/.local/lib/python3.8/site-packages/airflow/example_dags/example_python_operator.py for tasks to queue
[2023-10-10T15:35:57.499+0000] {logging_mixin.py:151} INFO - [2023-10-10T15:35:57.499+0000] {dagbag.py:539} INFO - Filling up the DagBag from /home/airflow/.local/lib/python3.8/site-packages/airflow/example_dags/example_python_operator.py
[2023-10-10T15:35:57.508+0000] {processor.py:839} INFO - DAG(s) dict_keys(['example_python_operator']) retrieved from /home/airflow/.local/lib/python3.8/site-packages/airflow/example_dags/example_python_operator.py
[2023-10-10T15:35:57.531+0000] {logging_mixin.py:151} INFO - [2023-10-10T15:35:57.530+0000] {dag.py:2915} INFO - Sync 1 DAGs
[2023-10-10T15:35:57.542+0000] {logging_mixin.py:151} INFO - [2023-10-10T15:35:57.541+0000] {dag.py:3696} INFO - Setting next_dagrun for example_python_operator to None, run_after=None
[2023-10-10T15:35:57.557+0000] {processor.py:179} INFO - Processing /home/airflow/.local/lib/python3.8/site-packages/airflow/example_dags/example_python_operator.py took 0.065 seconds
[2023-10-10T15:36:28.195+0000] {processor.py:157} INFO - Started process (PID=1474) to work on /home/airflow/.local/lib/python3.8/site-packages/airflow/example_dags/example_python_operator.py
[2023-10-10T15:36:28.196+0000] {processor.py:829} INFO - Processing file /home/airflow/.local/lib/python3.8/site-packages/airflow/example_dags/example_python_operator.py for tasks to queue
[2023-10-10T15:36:28.198+0000] {logging_mixin.py:151} INFO - [2023-10-10T15:36:28.198+0000] {dagbag.py:539} INFO - Filling up the DagBag from /home/airflow/.local/lib/python3.8/site-packages/airflow/example_dags/example_python_operator.py
[2023-10-10T15:36:28.209+0000] {processor.py:839} INFO - DAG(s) dict_keys(['example_python_operator']) retrieved from /home/airflow/.local/lib/python3.8/site-packages/airflow/example_dags/example_python_operator.py
[2023-10-10T15:36:28.233+0000] {logging_mixin.py:151} INFO - [2023-10-10T15:36:28.233+0000] {dag.py:2915} INFO - Sync 1 DAGs
[2023-10-10T15:36:28.247+0000] {logging_mixin.py:151} INFO - [2023-10-10T15:36:28.247+0000] {dag.py:3696} INFO - Setting next_dagrun for example_python_operator to None, run_after=None
[2023-10-10T15:36:28.282+0000] {processor.py:179} INFO - Processing /home/airflow/.local/lib/python3.8/site-packages/airflow/example_dags/example_python_operator.py took 0.091 seconds
[2023-10-10T15:36:59.305+0000] {processor.py:157} INFO - Started process (PID=1528) to work on /home/airflow/.local/lib/python3.8/site-packages/airflow/example_dags/example_python_operator.py
[2023-10-10T15:36:59.306+0000] {processor.py:829} INFO - Processing file /home/airflow/.local/lib/python3.8/site-packages/airflow/example_dags/example_python_operator.py for tasks to queue
[2023-10-10T15:36:59.308+0000] {logging_mixin.py:151} INFO - [2023-10-10T15:36:59.307+0000] {dagbag.py:539} INFO - Filling up the DagBag from /home/airflow/.local/lib/python3.8/site-packages/airflow/example_dags/example_python_operator.py
[2023-10-10T15:36:59.319+0000] {processor.py:839} INFO - DAG(s) dict_keys(['example_python_operator']) retrieved from /home/airflow/.local/lib/python3.8/site-packages/airflow/example_dags/example_python_operator.py
[2023-10-10T15:36:59.346+0000] {logging_mixin.py:151} INFO - [2023-10-10T15:36:59.346+0000] {dag.py:2915} INFO - Sync 1 DAGs
[2023-10-10T15:36:59.361+0000] {logging_mixin.py:151} INFO - [2023-10-10T15:36:59.360+0000] {dag.py:3696} INFO - Setting next_dagrun for example_python_operator to None, run_after=None
[2023-10-10T15:36:59.376+0000] {processor.py:179} INFO - Processing /home/airflow/.local/lib/python3.8/site-packages/airflow/example_dags/example_python_operator.py took 0.074 seconds
[2023-10-10T15:37:30.545+0000] {processor.py:157} INFO - Started process (PID=1582) to work on /home/airflow/.local/lib/python3.8/site-packages/airflow/example_dags/example_python_operator.py
[2023-10-10T15:37:30.546+0000] {processor.py:829} INFO - Processing file /home/airflow/.local/lib/python3.8/site-packages/airflow/example_dags/example_python_operator.py for tasks to queue
[2023-10-10T15:37:30.548+0000] {logging_mixin.py:151} INFO - [2023-10-10T15:37:30.548+0000] {dagbag.py:539} INFO - Filling up the DagBag from /home/airflow/.local/lib/python3.8/site-packages/airflow/example_dags/example_python_operator.py
[2023-10-10T15:37:30.557+0000] {processor.py:839} INFO - DAG(s) dict_keys(['example_python_operator']) retrieved from /home/airflow/.local/lib/python3.8/site-packages/airflow/example_dags/example_python_operator.py
[2023-10-10T15:37:30.579+0000] {logging_mixin.py:151} INFO - [2023-10-10T15:37:30.579+0000] {dag.py:2915} INFO - Sync 1 DAGs
[2023-10-10T15:37:30.595+0000] {logging_mixin.py:151} INFO - [2023-10-10T15:37:30.595+0000] {dag.py:3696} INFO - Setting next_dagrun for example_python_operator to None, run_after=None
[2023-10-10T15:37:30.617+0000] {processor.py:179} INFO - Processing /home/airflow/.local/lib/python3.8/site-packages/airflow/example_dags/example_python_operator.py took 0.075 seconds
[2023-10-10T15:38:02.082+0000] {processor.py:157} INFO - Started process (PID=1636) to work on /home/airflow/.local/lib/python3.8/site-packages/airflow/example_dags/example_python_operator.py
[2023-10-10T15:38:02.083+0000] {processor.py:829} INFO - Processing file /home/airflow/.local/lib/python3.8/site-packages/airflow/example_dags/example_python_operator.py for tasks to queue
[2023-10-10T15:38:02.085+0000] {logging_mixin.py:151} INFO - [2023-10-10T15:38:02.085+0000] {dagbag.py:539} INFO - Filling up the DagBag from /home/airflow/.local/lib/python3.8/site-packages/airflow/example_dags/example_python_operator.py
[2023-10-10T15:38:02.096+0000] {processor.py:839} INFO - DAG(s) dict_keys(['example_python_operator']) retrieved from /home/airflow/.local/lib/python3.8/site-packages/airflow/example_dags/example_python_operator.py
[2023-10-10T15:38:02.124+0000] {logging_mixin.py:151} INFO - [2023-10-10T15:38:02.124+0000] {dag.py:2915} INFO - Sync 1 DAGs
[2023-10-10T15:38:02.139+0000] {logging_mixin.py:151} INFO - [2023-10-10T15:38:02.139+0000] {dag.py:3696} INFO - Setting next_dagrun for example_python_operator to None, run_after=None
[2023-10-10T15:38:02.159+0000] {processor.py:179} INFO - Processing /home/airflow/.local/lib/python3.8/site-packages/airflow/example_dags/example_python_operator.py took 0.080 seconds
[2023-10-10T15:38:32.515+0000] {processor.py:157} INFO - Started process (PID=1690) to work on /home/airflow/.local/lib/python3.8/site-packages/airflow/example_dags/example_python_operator.py
[2023-10-10T15:38:32.516+0000] {processor.py:829} INFO - Processing file /home/airflow/.local/lib/python3.8/site-packages/airflow/example_dags/example_python_operator.py for tasks to queue
[2023-10-10T15:38:32.518+0000] {logging_mixin.py:151} INFO - [2023-10-10T15:38:32.517+0000] {dagbag.py:539} INFO - Filling up the DagBag from /home/airflow/.local/lib/python3.8/site-packages/airflow/example_dags/example_python_operator.py
[2023-10-10T15:38:32.527+0000] {processor.py:839} INFO - DAG(s) dict_keys(['example_python_operator']) retrieved from /home/airflow/.local/lib/python3.8/site-packages/airflow/example_dags/example_python_operator.py
[2023-10-10T15:38:32.548+0000] {logging_mixin.py:151} INFO - [2023-10-10T15:38:32.548+0000] {dag.py:2915} INFO - Sync 1 DAGs
[2023-10-10T15:38:32.560+0000] {logging_mixin.py:151} INFO - [2023-10-10T15:38:32.560+0000] {dag.py:3696} INFO - Setting next_dagrun for example_python_operator to None, run_after=None
[2023-10-10T15:38:32.586+0000] {processor.py:179} INFO - Processing /home/airflow/.local/lib/python3.8/site-packages/airflow/example_dags/example_python_operator.py took 0.074 seconds
[2023-10-10T15:39:03.718+0000] {processor.py:157} INFO - Started process (PID=1744) to work on /home/airflow/.local/lib/python3.8/site-packages/airflow/example_dags/example_python_operator.py
[2023-10-10T15:39:03.719+0000] {processor.py:829} INFO - Processing file /home/airflow/.local/lib/python3.8/site-packages/airflow/example_dags/example_python_operator.py for tasks to queue
[2023-10-10T15:39:03.721+0000] {logging_mixin.py:151} INFO - [2023-10-10T15:39:03.721+0000] {dagbag.py:539} INFO - Filling up the DagBag from /home/airflow/.local/lib/python3.8/site-packages/airflow/example_dags/example_python_operator.py
[2023-10-10T15:39:03.734+0000] {processor.py:839} INFO - DAG(s) dict_keys(['example_python_operator']) retrieved from /home/airflow/.local/lib/python3.8/site-packages/airflow/example_dags/example_python_operator.py
[2023-10-10T15:39:03.759+0000] {logging_mixin.py:151} INFO - [2023-10-10T15:39:03.759+0000] {dag.py:2915} INFO - Sync 1 DAGs
[2023-10-10T15:39:03.771+0000] {logging_mixin.py:151} INFO - [2023-10-10T15:39:03.771+0000] {dag.py:3696} INFO - Setting next_dagrun for example_python_operator to None, run_after=None
[2023-10-10T15:39:03.789+0000] {processor.py:179} INFO - Processing /home/airflow/.local/lib/python3.8/site-packages/airflow/example_dags/example_python_operator.py took 0.075 seconds
[2023-10-10T15:39:34.176+0000] {processor.py:157} INFO - Started process (PID=1798) to work on /home/airflow/.local/lib/python3.8/site-packages/airflow/example_dags/example_python_operator.py
[2023-10-10T15:39:34.177+0000] {processor.py:829} INFO - Processing file /home/airflow/.local/lib/python3.8/site-packages/airflow/example_dags/example_python_operator.py for tasks to queue
[2023-10-10T15:39:34.180+0000] {logging_mixin.py:151} INFO - [2023-10-10T15:39:34.179+0000] {dagbag.py:539} INFO - Filling up the DagBag from /home/airflow/.local/lib/python3.8/site-packages/airflow/example_dags/example_python_operator.py
[2023-10-10T15:39:34.191+0000] {processor.py:839} INFO - DAG(s) dict_keys(['example_python_operator']) retrieved from /home/airflow/.local/lib/python3.8/site-packages/airflow/example_dags/example_python_operator.py
[2023-10-10T15:39:34.217+0000] {logging_mixin.py:151} INFO - [2023-10-10T15:39:34.217+0000] {dag.py:2915} INFO - Sync 1 DAGs
[2023-10-10T15:39:34.229+0000] {logging_mixin.py:151} INFO - [2023-10-10T15:39:34.228+0000] {dag.py:3696} INFO - Setting next_dagrun for example_python_operator to None, run_after=None
[2023-10-10T15:39:34.244+0000] {processor.py:179} INFO - Processing /home/airflow/.local/lib/python3.8/site-packages/airflow/example_dags/example_python_operator.py took 0.075 seconds
[2023-10-10T15:40:05.281+0000] {processor.py:157} INFO - Started process (PID=1852) to work on /home/airflow/.local/lib/python3.8/site-packages/airflow/example_dags/example_python_operator.py
[2023-10-10T15:40:05.285+0000] {processor.py:829} INFO - Processing file /home/airflow/.local/lib/python3.8/site-packages/airflow/example_dags/example_python_operator.py for tasks to queue
[2023-10-10T15:40:05.287+0000] {logging_mixin.py:151} INFO - [2023-10-10T15:40:05.287+0000] {dagbag.py:539} INFO - Filling up the DagBag from /home/airflow/.local/lib/python3.8/site-packages/airflow/example_dags/example_python_operator.py
[2023-10-10T15:40:05.298+0000] {processor.py:839} INFO - DAG(s) dict_keys(['example_python_operator']) retrieved from /home/airflow/.local/lib/python3.8/site-packages/airflow/example_dags/example_python_operator.py
[2023-10-10T15:40:05.325+0000] {logging_mixin.py:151} INFO - [2023-10-10T15:40:05.325+0000] {dag.py:2915} INFO - Sync 1 DAGs
[2023-10-10T15:40:05.337+0000] {logging_mixin.py:151} INFO - [2023-10-10T15:40:05.336+0000] {dag.py:3696} INFO - Setting next_dagrun for example_python_operator to None, run_after=None
[2023-10-10T15:40:05.353+0000] {processor.py:179} INFO - Processing /home/airflow/.local/lib/python3.8/site-packages/airflow/example_dags/example_python_operator.py took 0.076 seconds
[2023-10-10T15:40:36.561+0000] {processor.py:157} INFO - Started process (PID=1906) to work on /home/airflow/.local/lib/python3.8/site-packages/airflow/example_dags/example_python_operator.py
[2023-10-10T15:40:36.562+0000] {processor.py:829} INFO - Processing file /home/airflow/.local/lib/python3.8/site-packages/airflow/example_dags/example_python_operator.py for tasks to queue
[2023-10-10T15:40:36.563+0000] {logging_mixin.py:151} INFO - [2023-10-10T15:40:36.563+0000] {dagbag.py:539} INFO - Filling up the DagBag from /home/airflow/.local/lib/python3.8/site-packages/airflow/example_dags/example_python_operator.py
[2023-10-10T15:40:36.574+0000] {processor.py:839} INFO - DAG(s) dict_keys(['example_python_operator']) retrieved from /home/airflow/.local/lib/python3.8/site-packages/airflow/example_dags/example_python_operator.py
[2023-10-10T15:40:36.601+0000] {logging_mixin.py:151} INFO - [2023-10-10T15:40:36.601+0000] {dag.py:2915} INFO - Sync 1 DAGs
[2023-10-10T15:40:36.616+0000] {logging_mixin.py:151} INFO - [2023-10-10T15:40:36.616+0000] {dag.py:3696} INFO - Setting next_dagrun for example_python_operator to None, run_after=None
[2023-10-10T15:40:36.635+0000] {processor.py:179} INFO - Processing /home/airflow/.local/lib/python3.8/site-packages/airflow/example_dags/example_python_operator.py took 0.076 seconds
[2023-10-10T15:41:08.116+0000] {processor.py:157} INFO - Started process (PID=1960) to work on /home/airflow/.local/lib/python3.8/site-packages/airflow/example_dags/example_python_operator.py
[2023-10-10T15:41:08.117+0000] {processor.py:829} INFO - Processing file /home/airflow/.local/lib/python3.8/site-packages/airflow/example_dags/example_python_operator.py for tasks to queue
[2023-10-10T15:41:08.118+0000] {logging_mixin.py:151} INFO - [2023-10-10T15:41:08.118+0000] {dagbag.py:539} INFO - Filling up the DagBag from /home/airflow/.local/lib/python3.8/site-packages/airflow/example_dags/example_python_operator.py
[2023-10-10T15:41:08.128+0000] {processor.py:839} INFO - DAG(s) dict_keys(['example_python_operator']) retrieved from /home/airflow/.local/lib/python3.8/site-packages/airflow/example_dags/example_python_operator.py
[2023-10-10T15:41:08.190+0000] {logging_mixin.py:151} INFO - [2023-10-10T15:41:08.190+0000] {dag.py:2915} INFO - Sync 1 DAGs
[2023-10-10T15:41:08.205+0000] {logging_mixin.py:151} INFO - [2023-10-10T15:41:08.205+0000] {dag.py:3696} INFO - Setting next_dagrun for example_python_operator to None, run_after=None
[2023-10-10T15:41:08.224+0000] {processor.py:179} INFO - Processing /home/airflow/.local/lib/python3.8/site-packages/airflow/example_dags/example_python_operator.py took 0.111 seconds
[2023-10-10T15:41:39.484+0000] {processor.py:157} INFO - Started process (PID=2013) to work on /home/airflow/.local/lib/python3.8/site-packages/airflow/example_dags/example_python_operator.py
[2023-10-10T15:41:39.485+0000] {processor.py:829} INFO - Processing file /home/airflow/.local/lib/python3.8/site-packages/airflow/example_dags/example_python_operator.py for tasks to queue
[2023-10-10T15:41:39.486+0000] {logging_mixin.py:151} INFO - [2023-10-10T15:41:39.486+0000] {dagbag.py:539} INFO - Filling up the DagBag from /home/airflow/.local/lib/python3.8/site-packages/airflow/example_dags/example_python_operator.py
[2023-10-10T15:41:39.496+0000] {processor.py:839} INFO - DAG(s) dict_keys(['example_python_operator']) retrieved from /home/airflow/.local/lib/python3.8/site-packages/airflow/example_dags/example_python_operator.py
[2023-10-10T15:41:39.521+0000] {logging_mixin.py:151} INFO - [2023-10-10T15:41:39.521+0000] {dag.py:2915} INFO - Sync 1 DAGs
[2023-10-10T15:41:39.534+0000] {logging_mixin.py:151} INFO - [2023-10-10T15:41:39.534+0000] {dag.py:3696} INFO - Setting next_dagrun for example_python_operator to None, run_after=None
[2023-10-10T15:41:39.586+0000] {processor.py:179} INFO - Processing /home/airflow/.local/lib/python3.8/site-packages/airflow/example_dags/example_python_operator.py took 0.105 seconds
[2023-10-10T15:42:10.585+0000] {processor.py:157} INFO - Started process (PID=2067) to work on /home/airflow/.local/lib/python3.8/site-packages/airflow/example_dags/example_python_operator.py
[2023-10-10T15:42:10.586+0000] {processor.py:829} INFO - Processing file /home/airflow/.local/lib/python3.8/site-packages/airflow/example_dags/example_python_operator.py for tasks to queue
[2023-10-10T15:42:10.588+0000] {logging_mixin.py:151} INFO - [2023-10-10T15:42:10.588+0000] {dagbag.py:539} INFO - Filling up the DagBag from /home/airflow/.local/lib/python3.8/site-packages/airflow/example_dags/example_python_operator.py
[2023-10-10T15:42:10.600+0000] {processor.py:839} INFO - DAG(s) dict_keys(['example_python_operator']) retrieved from /home/airflow/.local/lib/python3.8/site-packages/airflow/example_dags/example_python_operator.py
[2023-10-10T15:42:10.627+0000] {logging_mixin.py:151} INFO - [2023-10-10T15:42:10.627+0000] {dag.py:2915} INFO - Sync 1 DAGs
[2023-10-10T15:42:10.639+0000] {logging_mixin.py:151} INFO - [2023-10-10T15:42:10.638+0000] {dag.py:3696} INFO - Setting next_dagrun for example_python_operator to None, run_after=None
[2023-10-10T15:42:10.691+0000] {processor.py:179} INFO - Processing /home/airflow/.local/lib/python3.8/site-packages/airflow/example_dags/example_python_operator.py took 0.110 seconds
[2023-10-10T15:42:41.665+0000] {processor.py:157} INFO - Started process (PID=2121) to work on /home/airflow/.local/lib/python3.8/site-packages/airflow/example_dags/example_python_operator.py
[2023-10-10T15:42:41.666+0000] {processor.py:829} INFO - Processing file /home/airflow/.local/lib/python3.8/site-packages/airflow/example_dags/example_python_operator.py for tasks to queue
[2023-10-10T15:42:41.668+0000] {logging_mixin.py:151} INFO - [2023-10-10T15:42:41.668+0000] {dagbag.py:539} INFO - Filling up the DagBag from /home/airflow/.local/lib/python3.8/site-packages/airflow/example_dags/example_python_operator.py
[2023-10-10T15:42:41.684+0000] {processor.py:839} INFO - DAG(s) dict_keys(['example_python_operator']) retrieved from /home/airflow/.local/lib/python3.8/site-packages/airflow/example_dags/example_python_operator.py
[2023-10-10T15:42:41.708+0000] {logging_mixin.py:151} INFO - [2023-10-10T15:42:41.708+0000] {dag.py:2915} INFO - Sync 1 DAGs
[2023-10-10T15:42:41.721+0000] {logging_mixin.py:151} INFO - [2023-10-10T15:42:41.721+0000] {dag.py:3696} INFO - Setting next_dagrun for example_python_operator to None, run_after=None
[2023-10-10T15:42:41.741+0000] {processor.py:179} INFO - Processing /home/airflow/.local/lib/python3.8/site-packages/airflow/example_dags/example_python_operator.py took 0.078 seconds
[2023-10-10T15:43:12.064+0000] {processor.py:157} INFO - Started process (PID=2175) to work on /home/airflow/.local/lib/python3.8/site-packages/airflow/example_dags/example_python_operator.py
[2023-10-10T15:43:12.065+0000] {processor.py:829} INFO - Processing file /home/airflow/.local/lib/python3.8/site-packages/airflow/example_dags/example_python_operator.py for tasks to queue
[2023-10-10T15:43:12.066+0000] {logging_mixin.py:151} INFO - [2023-10-10T15:43:12.066+0000] {dagbag.py:539} INFO - Filling up the DagBag from /home/airflow/.local/lib/python3.8/site-packages/airflow/example_dags/example_python_operator.py
[2023-10-10T15:43:12.078+0000] {processor.py:839} INFO - DAG(s) dict_keys(['example_python_operator']) retrieved from /home/airflow/.local/lib/python3.8/site-packages/airflow/example_dags/example_python_operator.py
[2023-10-10T15:43:12.104+0000] {logging_mixin.py:151} INFO - [2023-10-10T15:43:12.104+0000] {dag.py:2915} INFO - Sync 1 DAGs
[2023-10-10T15:43:12.115+0000] {logging_mixin.py:151} INFO - [2023-10-10T15:43:12.115+0000] {dag.py:3696} INFO - Setting next_dagrun for example_python_operator to None, run_after=None
[2023-10-10T15:43:12.129+0000] {processor.py:179} INFO - Processing /home/airflow/.local/lib/python3.8/site-packages/airflow/example_dags/example_python_operator.py took 0.069 seconds
[2023-10-10T15:43:42.996+0000] {processor.py:157} INFO - Started process (PID=2229) to work on /home/airflow/.local/lib/python3.8/site-packages/airflow/example_dags/example_python_operator.py
[2023-10-10T15:43:42.997+0000] {processor.py:829} INFO - Processing file /home/airflow/.local/lib/python3.8/site-packages/airflow/example_dags/example_python_operator.py for tasks to queue
[2023-10-10T15:43:42.999+0000] {logging_mixin.py:151} INFO - [2023-10-10T15:43:42.999+0000] {dagbag.py:539} INFO - Filling up the DagBag from /home/airflow/.local/lib/python3.8/site-packages/airflow/example_dags/example_python_operator.py
[2023-10-10T15:43:43.012+0000] {processor.py:839} INFO - DAG(s) dict_keys(['example_python_operator']) retrieved from /home/airflow/.local/lib/python3.8/site-packages/airflow/example_dags/example_python_operator.py
[2023-10-10T15:43:43.040+0000] {logging_mixin.py:151} INFO - [2023-10-10T15:43:43.039+0000] {dag.py:2915} INFO - Sync 1 DAGs
[2023-10-10T15:43:43.054+0000] {logging_mixin.py:151} INFO - [2023-10-10T15:43:43.054+0000] {dag.py:3696} INFO - Setting next_dagrun for example_python_operator to None, run_after=None
[2023-10-10T15:43:43.074+0000] {processor.py:179} INFO - Processing /home/airflow/.local/lib/python3.8/site-packages/airflow/example_dags/example_python_operator.py took 0.082 seconds
[2023-10-10T15:44:14.245+0000] {processor.py:157} INFO - Started process (PID=2283) to work on /home/airflow/.local/lib/python3.8/site-packages/airflow/example_dags/example_python_operator.py
[2023-10-10T15:44:14.246+0000] {processor.py:829} INFO - Processing file /home/airflow/.local/lib/python3.8/site-packages/airflow/example_dags/example_python_operator.py for tasks to queue
[2023-10-10T15:44:14.247+0000] {logging_mixin.py:151} INFO - [2023-10-10T15:44:14.247+0000] {dagbag.py:539} INFO - Filling up the DagBag from /home/airflow/.local/lib/python3.8/site-packages/airflow/example_dags/example_python_operator.py
[2023-10-10T15:44:14.256+0000] {processor.py:839} INFO - DAG(s) dict_keys(['example_python_operator']) retrieved from /home/airflow/.local/lib/python3.8/site-packages/airflow/example_dags/example_python_operator.py
[2023-10-10T15:44:14.280+0000] {logging_mixin.py:151} INFO - [2023-10-10T15:44:14.280+0000] {dag.py:2915} INFO - Sync 1 DAGs
[2023-10-10T15:44:14.295+0000] {logging_mixin.py:151} INFO - [2023-10-10T15:44:14.295+0000] {dag.py:3696} INFO - Setting next_dagrun for example_python_operator to None, run_after=None
[2023-10-10T15:44:14.311+0000] {processor.py:179} INFO - Processing /home/airflow/.local/lib/python3.8/site-packages/airflow/example_dags/example_python_operator.py took 0.069 seconds
[2023-10-10T15:44:44.778+0000] {processor.py:157} INFO - Started process (PID=2337) to work on /home/airflow/.local/lib/python3.8/site-packages/airflow/example_dags/example_python_operator.py
[2023-10-10T15:44:44.779+0000] {processor.py:829} INFO - Processing file /home/airflow/.local/lib/python3.8/site-packages/airflow/example_dags/example_python_operator.py for tasks to queue
[2023-10-10T15:44:44.781+0000] {logging_mixin.py:151} INFO - [2023-10-10T15:44:44.781+0000] {dagbag.py:539} INFO - Filling up the DagBag from /home/airflow/.local/lib/python3.8/site-packages/airflow/example_dags/example_python_operator.py
[2023-10-10T15:44:44.791+0000] {processor.py:839} INFO - DAG(s) dict_keys(['example_python_operator']) retrieved from /home/airflow/.local/lib/python3.8/site-packages/airflow/example_dags/example_python_operator.py
[2023-10-10T15:44:44.817+0000] {logging_mixin.py:151} INFO - [2023-10-10T15:44:44.817+0000] {dag.py:2915} INFO - Sync 1 DAGs
[2023-10-10T15:44:44.828+0000] {logging_mixin.py:151} INFO - [2023-10-10T15:44:44.828+0000] {dag.py:3696} INFO - Setting next_dagrun for example_python_operator to None, run_after=None
[2023-10-10T15:44:44.844+0000] {processor.py:179} INFO - Processing /home/airflow/.local/lib/python3.8/site-packages/airflow/example_dags/example_python_operator.py took 0.069 seconds
[2023-10-10T15:45:15.743+0000] {processor.py:157} INFO - Started process (PID=2391) to work on /home/airflow/.local/lib/python3.8/site-packages/airflow/example_dags/example_python_operator.py
[2023-10-10T15:45:15.744+0000] {processor.py:829} INFO - Processing file /home/airflow/.local/lib/python3.8/site-packages/airflow/example_dags/example_python_operator.py for tasks to queue
[2023-10-10T15:45:15.747+0000] {logging_mixin.py:151} INFO - [2023-10-10T15:45:15.746+0000] {dagbag.py:539} INFO - Filling up the DagBag from /home/airflow/.local/lib/python3.8/site-packages/airflow/example_dags/example_python_operator.py
[2023-10-10T15:45:15.759+0000] {processor.py:839} INFO - DAG(s) dict_keys(['example_python_operator']) retrieved from /home/airflow/.local/lib/python3.8/site-packages/airflow/example_dags/example_python_operator.py
[2023-10-10T15:45:15.794+0000] {logging_mixin.py:151} INFO - [2023-10-10T15:45:15.794+0000] {dag.py:2915} INFO - Sync 1 DAGs
[2023-10-10T15:45:15.811+0000] {logging_mixin.py:151} INFO - [2023-10-10T15:45:15.811+0000] {dag.py:3696} INFO - Setting next_dagrun for example_python_operator to None, run_after=None
[2023-10-10T15:45:15.835+0000] {processor.py:179} INFO - Processing /home/airflow/.local/lib/python3.8/site-packages/airflow/example_dags/example_python_operator.py took 0.096 seconds
[2023-10-10T15:45:46.897+0000] {processor.py:157} INFO - Started process (PID=2445) to work on /home/airflow/.local/lib/python3.8/site-packages/airflow/example_dags/example_python_operator.py
[2023-10-10T15:45:46.900+0000] {processor.py:829} INFO - Processing file /home/airflow/.local/lib/python3.8/site-packages/airflow/example_dags/example_python_operator.py for tasks to queue
[2023-10-10T15:45:46.903+0000] {logging_mixin.py:151} INFO - [2023-10-10T15:45:46.902+0000] {dagbag.py:539} INFO - Filling up the DagBag from /home/airflow/.local/lib/python3.8/site-packages/airflow/example_dags/example_python_operator.py
[2023-10-10T15:45:46.913+0000] {processor.py:839} INFO - DAG(s) dict_keys(['example_python_operator']) retrieved from /home/airflow/.local/lib/python3.8/site-packages/airflow/example_dags/example_python_operator.py
[2023-10-10T15:45:46.936+0000] {logging_mixin.py:151} INFO - [2023-10-10T15:45:46.935+0000] {dag.py:2915} INFO - Sync 1 DAGs
[2023-10-10T15:45:46.978+0000] {logging_mixin.py:151} INFO - [2023-10-10T15:45:46.977+0000] {dag.py:3696} INFO - Setting next_dagrun for example_python_operator to None, run_after=None
[2023-10-10T15:45:46.999+0000] {processor.py:179} INFO - Processing /home/airflow/.local/lib/python3.8/site-packages/airflow/example_dags/example_python_operator.py took 0.106 seconds
[2023-10-10T15:46:18.086+0000] {processor.py:157} INFO - Started process (PID=2499) to work on /home/airflow/.local/lib/python3.8/site-packages/airflow/example_dags/example_python_operator.py
[2023-10-10T15:46:18.087+0000] {processor.py:829} INFO - Processing file /home/airflow/.local/lib/python3.8/site-packages/airflow/example_dags/example_python_operator.py for tasks to queue
[2023-10-10T15:46:18.089+0000] {logging_mixin.py:151} INFO - [2023-10-10T15:46:18.088+0000] {dagbag.py:539} INFO - Filling up the DagBag from /home/airflow/.local/lib/python3.8/site-packages/airflow/example_dags/example_python_operator.py
[2023-10-10T15:46:18.097+0000] {processor.py:839} INFO - DAG(s) dict_keys(['example_python_operator']) retrieved from /home/airflow/.local/lib/python3.8/site-packages/airflow/example_dags/example_python_operator.py
[2023-10-10T15:46:18.118+0000] {logging_mixin.py:151} INFO - [2023-10-10T15:46:18.118+0000] {dag.py:2915} INFO - Sync 1 DAGs
[2023-10-10T15:46:18.131+0000] {logging_mixin.py:151} INFO - [2023-10-10T15:46:18.131+0000] {dag.py:3696} INFO - Setting next_dagrun for example_python_operator to None, run_after=None
[2023-10-10T15:46:18.147+0000] {processor.py:179} INFO - Processing /home/airflow/.local/lib/python3.8/site-packages/airflow/example_dags/example_python_operator.py took 0.063 seconds
[2023-10-10T15:46:49.231+0000] {processor.py:157} INFO - Started process (PID=2553) to work on /home/airflow/.local/lib/python3.8/site-packages/airflow/example_dags/example_python_operator.py
[2023-10-10T15:46:49.232+0000] {processor.py:829} INFO - Processing file /home/airflow/.local/lib/python3.8/site-packages/airflow/example_dags/example_python_operator.py for tasks to queue
[2023-10-10T15:46:49.234+0000] {logging_mixin.py:151} INFO - [2023-10-10T15:46:49.233+0000] {dagbag.py:539} INFO - Filling up the DagBag from /home/airflow/.local/lib/python3.8/site-packages/airflow/example_dags/example_python_operator.py
[2023-10-10T15:46:49.243+0000] {processor.py:839} INFO - DAG(s) dict_keys(['example_python_operator']) retrieved from /home/airflow/.local/lib/python3.8/site-packages/airflow/example_dags/example_python_operator.py
[2023-10-10T15:46:49.263+0000] {logging_mixin.py:151} INFO - [2023-10-10T15:46:49.263+0000] {dag.py:2915} INFO - Sync 1 DAGs
[2023-10-10T15:46:49.274+0000] {logging_mixin.py:151} INFO - [2023-10-10T15:46:49.274+0000] {dag.py:3696} INFO - Setting next_dagrun for example_python_operator to None, run_after=None
[2023-10-10T15:46:49.289+0000] {processor.py:179} INFO - Processing /home/airflow/.local/lib/python3.8/site-packages/airflow/example_dags/example_python_operator.py took 0.060 seconds
[2023-10-10T15:47:19.578+0000] {processor.py:157} INFO - Started process (PID=2607) to work on /home/airflow/.local/lib/python3.8/site-packages/airflow/example_dags/example_python_operator.py
[2023-10-10T15:47:19.579+0000] {processor.py:829} INFO - Processing file /home/airflow/.local/lib/python3.8/site-packages/airflow/example_dags/example_python_operator.py for tasks to queue
[2023-10-10T15:47:19.580+0000] {logging_mixin.py:151} INFO - [2023-10-10T15:47:19.580+0000] {dagbag.py:539} INFO - Filling up the DagBag from /home/airflow/.local/lib/python3.8/site-packages/airflow/example_dags/example_python_operator.py
[2023-10-10T15:47:19.589+0000] {processor.py:839} INFO - DAG(s) dict_keys(['example_python_operator']) retrieved from /home/airflow/.local/lib/python3.8/site-packages/airflow/example_dags/example_python_operator.py
[2023-10-10T15:47:19.609+0000] {logging_mixin.py:151} INFO - [2023-10-10T15:47:19.609+0000] {dag.py:2915} INFO - Sync 1 DAGs
[2023-10-10T15:47:19.620+0000] {logging_mixin.py:151} INFO - [2023-10-10T15:47:19.619+0000] {dag.py:3696} INFO - Setting next_dagrun for example_python_operator to None, run_after=None
[2023-10-10T15:47:19.636+0000] {processor.py:179} INFO - Processing /home/airflow/.local/lib/python3.8/site-packages/airflow/example_dags/example_python_operator.py took 0.061 seconds
[2023-10-10T15:47:50.219+0000] {processor.py:157} INFO - Started process (PID=2661) to work on /home/airflow/.local/lib/python3.8/site-packages/airflow/example_dags/example_python_operator.py
[2023-10-10T15:47:50.220+0000] {processor.py:829} INFO - Processing file /home/airflow/.local/lib/python3.8/site-packages/airflow/example_dags/example_python_operator.py for tasks to queue
[2023-10-10T15:47:50.222+0000] {logging_mixin.py:151} INFO - [2023-10-10T15:47:50.221+0000] {dagbag.py:539} INFO - Filling up the DagBag from /home/airflow/.local/lib/python3.8/site-packages/airflow/example_dags/example_python_operator.py
[2023-10-10T15:47:50.230+0000] {processor.py:839} INFO - DAG(s) dict_keys(['example_python_operator']) retrieved from /home/airflow/.local/lib/python3.8/site-packages/airflow/example_dags/example_python_operator.py
[2023-10-10T15:47:50.250+0000] {logging_mixin.py:151} INFO - [2023-10-10T15:47:50.250+0000] {dag.py:2915} INFO - Sync 1 DAGs
[2023-10-10T15:47:50.261+0000] {logging_mixin.py:151} INFO - [2023-10-10T15:47:50.261+0000] {dag.py:3696} INFO - Setting next_dagrun for example_python_operator to None, run_after=None
[2023-10-10T15:47:50.285+0000] {processor.py:179} INFO - Processing /home/airflow/.local/lib/python3.8/site-packages/airflow/example_dags/example_python_operator.py took 0.069 seconds
[2023-10-10T15:48:20.796+0000] {processor.py:157} INFO - Started process (PID=2715) to work on /home/airflow/.local/lib/python3.8/site-packages/airflow/example_dags/example_python_operator.py
[2023-10-10T15:48:20.796+0000] {processor.py:829} INFO - Processing file /home/airflow/.local/lib/python3.8/site-packages/airflow/example_dags/example_python_operator.py for tasks to queue
[2023-10-10T15:48:20.798+0000] {logging_mixin.py:151} INFO - [2023-10-10T15:48:20.798+0000] {dagbag.py:539} INFO - Filling up the DagBag from /home/airflow/.local/lib/python3.8/site-packages/airflow/example_dags/example_python_operator.py
[2023-10-10T15:48:20.807+0000] {processor.py:839} INFO - DAG(s) dict_keys(['example_python_operator']) retrieved from /home/airflow/.local/lib/python3.8/site-packages/airflow/example_dags/example_python_operator.py
[2023-10-10T15:48:20.828+0000] {logging_mixin.py:151} INFO - [2023-10-10T15:48:20.828+0000] {dag.py:2915} INFO - Sync 1 DAGs
[2023-10-10T15:48:20.839+0000] {logging_mixin.py:151} INFO - [2023-10-10T15:48:20.839+0000] {dag.py:3696} INFO - Setting next_dagrun for example_python_operator to None, run_after=None
[2023-10-10T15:48:20.858+0000] {processor.py:179} INFO - Processing /home/airflow/.local/lib/python3.8/site-packages/airflow/example_dags/example_python_operator.py took 0.065 seconds
[2023-10-10T15:48:51.318+0000] {processor.py:157} INFO - Started process (PID=2769) to work on /home/airflow/.local/lib/python3.8/site-packages/airflow/example_dags/example_python_operator.py
[2023-10-10T15:48:51.319+0000] {processor.py:829} INFO - Processing file /home/airflow/.local/lib/python3.8/site-packages/airflow/example_dags/example_python_operator.py for tasks to queue
[2023-10-10T15:48:51.320+0000] {logging_mixin.py:151} INFO - [2023-10-10T15:48:51.320+0000] {dagbag.py:539} INFO - Filling up the DagBag from /home/airflow/.local/lib/python3.8/site-packages/airflow/example_dags/example_python_operator.py
[2023-10-10T15:48:51.329+0000] {processor.py:839} INFO - DAG(s) dict_keys(['example_python_operator']) retrieved from /home/airflow/.local/lib/python3.8/site-packages/airflow/example_dags/example_python_operator.py
[2023-10-10T15:48:51.349+0000] {logging_mixin.py:151} INFO - [2023-10-10T15:48:51.349+0000] {dag.py:2915} INFO - Sync 1 DAGs
[2023-10-10T15:48:51.359+0000] {logging_mixin.py:151} INFO - [2023-10-10T15:48:51.359+0000] {dag.py:3696} INFO - Setting next_dagrun for example_python_operator to None, run_after=None
[2023-10-10T15:48:51.375+0000] {processor.py:179} INFO - Processing /home/airflow/.local/lib/python3.8/site-packages/airflow/example_dags/example_python_operator.py took 0.059 seconds
[2023-10-10T15:49:21.977+0000] {processor.py:157} INFO - Started process (PID=2823) to work on /home/airflow/.local/lib/python3.8/site-packages/airflow/example_dags/example_python_operator.py
[2023-10-10T15:49:21.978+0000] {processor.py:829} INFO - Processing file /home/airflow/.local/lib/python3.8/site-packages/airflow/example_dags/example_python_operator.py for tasks to queue
[2023-10-10T15:49:21.980+0000] {logging_mixin.py:151} INFO - [2023-10-10T15:49:21.979+0000] {dagbag.py:539} INFO - Filling up the DagBag from /home/airflow/.local/lib/python3.8/site-packages/airflow/example_dags/example_python_operator.py
[2023-10-10T15:49:21.988+0000] {processor.py:839} INFO - DAG(s) dict_keys(['example_python_operator']) retrieved from /home/airflow/.local/lib/python3.8/site-packages/airflow/example_dags/example_python_operator.py
[2023-10-10T15:49:22.012+0000] {logging_mixin.py:151} INFO - [2023-10-10T15:49:22.011+0000] {dag.py:2915} INFO - Sync 1 DAGs
[2023-10-10T15:49:22.024+0000] {logging_mixin.py:151} INFO - [2023-10-10T15:49:22.024+0000] {dag.py:3696} INFO - Setting next_dagrun for example_python_operator to None, run_after=None
[2023-10-10T15:49:22.040+0000] {processor.py:179} INFO - Processing /home/airflow/.local/lib/python3.8/site-packages/airflow/example_dags/example_python_operator.py took 0.067 seconds
[2023-10-10T15:49:52.794+0000] {processor.py:157} INFO - Started process (PID=2877) to work on /home/airflow/.local/lib/python3.8/site-packages/airflow/example_dags/example_python_operator.py
[2023-10-10T15:49:52.795+0000] {processor.py:829} INFO - Processing file /home/airflow/.local/lib/python3.8/site-packages/airflow/example_dags/example_python_operator.py for tasks to queue
[2023-10-10T15:49:52.796+0000] {logging_mixin.py:151} INFO - [2023-10-10T15:49:52.796+0000] {dagbag.py:539} INFO - Filling up the DagBag from /home/airflow/.local/lib/python3.8/site-packages/airflow/example_dags/example_python_operator.py
[2023-10-10T15:49:52.806+0000] {processor.py:839} INFO - DAG(s) dict_keys(['example_python_operator']) retrieved from /home/airflow/.local/lib/python3.8/site-packages/airflow/example_dags/example_python_operator.py
[2023-10-10T15:49:52.830+0000] {logging_mixin.py:151} INFO - [2023-10-10T15:49:52.830+0000] {dag.py:2915} INFO - Sync 1 DAGs
[2023-10-10T15:49:52.843+0000] {logging_mixin.py:151} INFO - [2023-10-10T15:49:52.843+0000] {dag.py:3696} INFO - Setting next_dagrun for example_python_operator to None, run_after=None
[2023-10-10T15:49:52.877+0000] {processor.py:179} INFO - Processing /home/airflow/.local/lib/python3.8/site-packages/airflow/example_dags/example_python_operator.py took 0.086 seconds
[2023-10-10T15:50:23.517+0000] {processor.py:157} INFO - Started process (PID=2931) to work on /home/airflow/.local/lib/python3.8/site-packages/airflow/example_dags/example_python_operator.py
[2023-10-10T15:50:23.518+0000] {processor.py:829} INFO - Processing file /home/airflow/.local/lib/python3.8/site-packages/airflow/example_dags/example_python_operator.py for tasks to queue
[2023-10-10T15:50:23.519+0000] {logging_mixin.py:151} INFO - [2023-10-10T15:50:23.519+0000] {dagbag.py:539} INFO - Filling up the DagBag from /home/airflow/.local/lib/python3.8/site-packages/airflow/example_dags/example_python_operator.py
[2023-10-10T15:50:23.530+0000] {processor.py:839} INFO - DAG(s) dict_keys(['example_python_operator']) retrieved from /home/airflow/.local/lib/python3.8/site-packages/airflow/example_dags/example_python_operator.py
[2023-10-10T15:50:23.553+0000] {logging_mixin.py:151} INFO - [2023-10-10T15:50:23.553+0000] {dag.py:2915} INFO - Sync 1 DAGs
[2023-10-10T15:50:23.567+0000] {logging_mixin.py:151} INFO - [2023-10-10T15:50:23.567+0000] {dag.py:3696} INFO - Setting next_dagrun for example_python_operator to None, run_after=None
[2023-10-10T15:50:23.584+0000] {processor.py:179} INFO - Processing /home/airflow/.local/lib/python3.8/site-packages/airflow/example_dags/example_python_operator.py took 0.070 seconds
[2023-10-10T15:50:54.177+0000] {processor.py:157} INFO - Started process (PID=2985) to work on /home/airflow/.local/lib/python3.8/site-packages/airflow/example_dags/example_python_operator.py
[2023-10-10T15:50:54.178+0000] {processor.py:829} INFO - Processing file /home/airflow/.local/lib/python3.8/site-packages/airflow/example_dags/example_python_operator.py for tasks to queue
[2023-10-10T15:50:54.180+0000] {logging_mixin.py:151} INFO - [2023-10-10T15:50:54.180+0000] {dagbag.py:539} INFO - Filling up the DagBag from /home/airflow/.local/lib/python3.8/site-packages/airflow/example_dags/example_python_operator.py
[2023-10-10T15:50:54.191+0000] {processor.py:839} INFO - DAG(s) dict_keys(['example_python_operator']) retrieved from /home/airflow/.local/lib/python3.8/site-packages/airflow/example_dags/example_python_operator.py
[2023-10-10T15:50:54.215+0000] {logging_mixin.py:151} INFO - [2023-10-10T15:50:54.215+0000] {dag.py:2915} INFO - Sync 1 DAGs
[2023-10-10T15:50:54.227+0000] {logging_mixin.py:151} INFO - [2023-10-10T15:50:54.227+0000] {dag.py:3696} INFO - Setting next_dagrun for example_python_operator to None, run_after=None
[2023-10-10T15:50:54.245+0000] {processor.py:179} INFO - Processing /home/airflow/.local/lib/python3.8/site-packages/airflow/example_dags/example_python_operator.py took 0.086 seconds
[2023-10-10T15:51:25.309+0000] {processor.py:157} INFO - Started process (PID=3039) to work on /home/airflow/.local/lib/python3.8/site-packages/airflow/example_dags/example_python_operator.py
[2023-10-10T15:51:25.310+0000] {processor.py:829} INFO - Processing file /home/airflow/.local/lib/python3.8/site-packages/airflow/example_dags/example_python_operator.py for tasks to queue
[2023-10-10T15:51:25.312+0000] {logging_mixin.py:151} INFO - [2023-10-10T15:51:25.311+0000] {dagbag.py:539} INFO - Filling up the DagBag from /home/airflow/.local/lib/python3.8/site-packages/airflow/example_dags/example_python_operator.py
[2023-10-10T15:51:25.320+0000] {processor.py:839} INFO - DAG(s) dict_keys(['example_python_operator']) retrieved from /home/airflow/.local/lib/python3.8/site-packages/airflow/example_dags/example_python_operator.py
[2023-10-10T15:51:25.340+0000] {logging_mixin.py:151} INFO - [2023-10-10T15:51:25.340+0000] {dag.py:2915} INFO - Sync 1 DAGs
[2023-10-10T15:51:25.352+0000] {logging_mixin.py:151} INFO - [2023-10-10T15:51:25.351+0000] {dag.py:3696} INFO - Setting next_dagrun for example_python_operator to None, run_after=None
[2023-10-10T15:51:25.380+0000] {processor.py:179} INFO - Processing /home/airflow/.local/lib/python3.8/site-packages/airflow/example_dags/example_python_operator.py took 0.074 seconds
[2023-10-10T15:51:56.589+0000] {processor.py:157} INFO - Started process (PID=3093) to work on /home/airflow/.local/lib/python3.8/site-packages/airflow/example_dags/example_python_operator.py
[2023-10-10T15:51:56.590+0000] {processor.py:829} INFO - Processing file /home/airflow/.local/lib/python3.8/site-packages/airflow/example_dags/example_python_operator.py for tasks to queue
[2023-10-10T15:51:56.592+0000] {logging_mixin.py:151} INFO - [2023-10-10T15:51:56.591+0000] {dagbag.py:539} INFO - Filling up the DagBag from /home/airflow/.local/lib/python3.8/site-packages/airflow/example_dags/example_python_operator.py
[2023-10-10T15:51:56.602+0000] {processor.py:839} INFO - DAG(s) dict_keys(['example_python_operator']) retrieved from /home/airflow/.local/lib/python3.8/site-packages/airflow/example_dags/example_python_operator.py
[2023-10-10T15:51:56.627+0000] {logging_mixin.py:151} INFO - [2023-10-10T15:51:56.626+0000] {dag.py:2915} INFO - Sync 1 DAGs
[2023-10-10T15:51:56.639+0000] {logging_mixin.py:151} INFO - [2023-10-10T15:51:56.639+0000] {dag.py:3696} INFO - Setting next_dagrun for example_python_operator to None, run_after=None
[2023-10-10T15:51:56.652+0000] {processor.py:179} INFO - Processing /home/airflow/.local/lib/python3.8/site-packages/airflow/example_dags/example_python_operator.py took 0.066 seconds
[2023-10-10T15:52:27.087+0000] {processor.py:157} INFO - Started process (PID=3147) to work on /home/airflow/.local/lib/python3.8/site-packages/airflow/example_dags/example_python_operator.py
[2023-10-10T15:52:27.088+0000] {processor.py:829} INFO - Processing file /home/airflow/.local/lib/python3.8/site-packages/airflow/example_dags/example_python_operator.py for tasks to queue
[2023-10-10T15:52:27.090+0000] {logging_mixin.py:151} INFO - [2023-10-10T15:52:27.089+0000] {dagbag.py:539} INFO - Filling up the DagBag from /home/airflow/.local/lib/python3.8/site-packages/airflow/example_dags/example_python_operator.py
[2023-10-10T15:52:27.098+0000] {processor.py:839} INFO - DAG(s) dict_keys(['example_python_operator']) retrieved from /home/airflow/.local/lib/python3.8/site-packages/airflow/example_dags/example_python_operator.py
[2023-10-10T15:52:27.122+0000] {logging_mixin.py:151} INFO - [2023-10-10T15:52:27.122+0000] {dag.py:2915} INFO - Sync 1 DAGs
[2023-10-10T15:52:27.138+0000] {logging_mixin.py:151} INFO - [2023-10-10T15:52:27.138+0000] {dag.py:3696} INFO - Setting next_dagrun for example_python_operator to None, run_after=None
[2023-10-10T15:52:27.159+0000] {processor.py:179} INFO - Processing /home/airflow/.local/lib/python3.8/site-packages/airflow/example_dags/example_python_operator.py took 0.074 seconds
[2023-10-10T15:52:58.409+0000] {processor.py:157} INFO - Started process (PID=3208) to work on /home/airflow/.local/lib/python3.8/site-packages/airflow/example_dags/example_python_operator.py
[2023-10-10T15:52:58.410+0000] {processor.py:829} INFO - Processing file /home/airflow/.local/lib/python3.8/site-packages/airflow/example_dags/example_python_operator.py for tasks to queue
[2023-10-10T15:52:58.412+0000] {logging_mixin.py:151} INFO - [2023-10-10T15:52:58.412+0000] {dagbag.py:539} INFO - Filling up the DagBag from /home/airflow/.local/lib/python3.8/site-packages/airflow/example_dags/example_python_operator.py
[2023-10-10T15:52:58.424+0000] {processor.py:839} INFO - DAG(s) dict_keys(['example_python_operator']) retrieved from /home/airflow/.local/lib/python3.8/site-packages/airflow/example_dags/example_python_operator.py
[2023-10-10T15:52:58.451+0000] {logging_mixin.py:151} INFO - [2023-10-10T15:52:58.451+0000] {dag.py:2915} INFO - Sync 1 DAGs
[2023-10-10T15:52:58.464+0000] {logging_mixin.py:151} INFO - [2023-10-10T15:52:58.464+0000] {dag.py:3696} INFO - Setting next_dagrun for example_python_operator to None, run_after=None
[2023-10-10T15:52:58.488+0000] {processor.py:179} INFO - Processing /home/airflow/.local/lib/python3.8/site-packages/airflow/example_dags/example_python_operator.py took 0.081 seconds
[2023-10-10T15:53:29.673+0000] {processor.py:157} INFO - Started process (PID=3262) to work on /home/airflow/.local/lib/python3.8/site-packages/airflow/example_dags/example_python_operator.py
[2023-10-10T15:53:29.674+0000] {processor.py:829} INFO - Processing file /home/airflow/.local/lib/python3.8/site-packages/airflow/example_dags/example_python_operator.py for tasks to queue
[2023-10-10T15:53:29.676+0000] {logging_mixin.py:151} INFO - [2023-10-10T15:53:29.676+0000] {dagbag.py:539} INFO - Filling up the DagBag from /home/airflow/.local/lib/python3.8/site-packages/airflow/example_dags/example_python_operator.py
[2023-10-10T15:53:29.687+0000] {processor.py:839} INFO - DAG(s) dict_keys(['example_python_operator']) retrieved from /home/airflow/.local/lib/python3.8/site-packages/airflow/example_dags/example_python_operator.py
[2023-10-10T15:53:29.708+0000] {logging_mixin.py:151} INFO - [2023-10-10T15:53:29.708+0000] {dag.py:2915} INFO - Sync 1 DAGs
[2023-10-10T15:53:29.719+0000] {logging_mixin.py:151} INFO - [2023-10-10T15:53:29.719+0000] {dag.py:3696} INFO - Setting next_dagrun for example_python_operator to None, run_after=None
[2023-10-10T15:53:29.735+0000] {processor.py:179} INFO - Processing /home/airflow/.local/lib/python3.8/site-packages/airflow/example_dags/example_python_operator.py took 0.064 seconds
[2023-10-10T15:54:00.495+0000] {processor.py:157} INFO - Started process (PID=3317) to work on /home/airflow/.local/lib/python3.8/site-packages/airflow/example_dags/example_python_operator.py
[2023-10-10T15:54:00.496+0000] {processor.py:829} INFO - Processing file /home/airflow/.local/lib/python3.8/site-packages/airflow/example_dags/example_python_operator.py for tasks to queue
[2023-10-10T15:54:00.498+0000] {logging_mixin.py:151} INFO - [2023-10-10T15:54:00.498+0000] {dagbag.py:539} INFO - Filling up the DagBag from /home/airflow/.local/lib/python3.8/site-packages/airflow/example_dags/example_python_operator.py
[2023-10-10T15:54:00.511+0000] {processor.py:839} INFO - DAG(s) dict_keys(['example_python_operator']) retrieved from /home/airflow/.local/lib/python3.8/site-packages/airflow/example_dags/example_python_operator.py
[2023-10-10T15:54:00.601+0000] {logging_mixin.py:151} INFO - [2023-10-10T15:54:00.600+0000] {dag.py:2915} INFO - Sync 1 DAGs
[2023-10-10T15:54:00.619+0000] {logging_mixin.py:151} INFO - [2023-10-10T15:54:00.619+0000] {dag.py:3696} INFO - Setting next_dagrun for example_python_operator to None, run_after=None
[2023-10-10T15:54:00.692+0000] {processor.py:179} INFO - Processing /home/airflow/.local/lib/python3.8/site-packages/airflow/example_dags/example_python_operator.py took 0.200 seconds
[2023-10-10T15:54:31.164+0000] {processor.py:157} INFO - Started process (PID=3371) to work on /home/airflow/.local/lib/python3.8/site-packages/airflow/example_dags/example_python_operator.py
[2023-10-10T15:54:31.165+0000] {processor.py:829} INFO - Processing file /home/airflow/.local/lib/python3.8/site-packages/airflow/example_dags/example_python_operator.py for tasks to queue
[2023-10-10T15:54:31.167+0000] {logging_mixin.py:151} INFO - [2023-10-10T15:54:31.167+0000] {dagbag.py:539} INFO - Filling up the DagBag from /home/airflow/.local/lib/python3.8/site-packages/airflow/example_dags/example_python_operator.py
[2023-10-10T15:54:31.180+0000] {processor.py:839} INFO - DAG(s) dict_keys(['example_python_operator']) retrieved from /home/airflow/.local/lib/python3.8/site-packages/airflow/example_dags/example_python_operator.py
[2023-10-10T15:54:31.212+0000] {logging_mixin.py:151} INFO - [2023-10-10T15:54:31.212+0000] {dag.py:2915} INFO - Sync 1 DAGs
[2023-10-10T15:54:31.230+0000] {logging_mixin.py:151} INFO - [2023-10-10T15:54:31.229+0000] {dag.py:3696} INFO - Setting next_dagrun for example_python_operator to None, run_after=None
[2023-10-10T15:54:31.257+0000] {processor.py:179} INFO - Processing /home/airflow/.local/lib/python3.8/site-packages/airflow/example_dags/example_python_operator.py took 0.098 seconds
[2023-10-10T15:55:02.092+0000] {processor.py:157} INFO - Started process (PID=3425) to work on /home/airflow/.local/lib/python3.8/site-packages/airflow/example_dags/example_python_operator.py
[2023-10-10T15:55:02.094+0000] {processor.py:829} INFO - Processing file /home/airflow/.local/lib/python3.8/site-packages/airflow/example_dags/example_python_operator.py for tasks to queue
[2023-10-10T15:55:02.096+0000] {logging_mixin.py:151} INFO - [2023-10-10T15:55:02.096+0000] {dagbag.py:539} INFO - Filling up the DagBag from /home/airflow/.local/lib/python3.8/site-packages/airflow/example_dags/example_python_operator.py
[2023-10-10T15:55:02.105+0000] {processor.py:839} INFO - DAG(s) dict_keys(['example_python_operator']) retrieved from /home/airflow/.local/lib/python3.8/site-packages/airflow/example_dags/example_python_operator.py
[2023-10-10T15:55:02.127+0000] {logging_mixin.py:151} INFO - [2023-10-10T15:55:02.127+0000] {dag.py:2915} INFO - Sync 1 DAGs
[2023-10-10T15:55:02.138+0000] {logging_mixin.py:151} INFO - [2023-10-10T15:55:02.138+0000] {dag.py:3696} INFO - Setting next_dagrun for example_python_operator to None, run_after=None
[2023-10-10T15:55:02.153+0000] {processor.py:179} INFO - Processing /home/airflow/.local/lib/python3.8/site-packages/airflow/example_dags/example_python_operator.py took 0.063 seconds
[2023-10-10T15:55:33.791+0000] {processor.py:157} INFO - Started process (PID=3484) to work on /home/airflow/.local/lib/python3.8/site-packages/airflow/example_dags/example_python_operator.py
[2023-10-10T15:55:33.792+0000] {processor.py:829} INFO - Processing file /home/airflow/.local/lib/python3.8/site-packages/airflow/example_dags/example_python_operator.py for tasks to queue
[2023-10-10T15:55:33.794+0000] {logging_mixin.py:151} INFO - [2023-10-10T15:55:33.794+0000] {dagbag.py:539} INFO - Filling up the DagBag from /home/airflow/.local/lib/python3.8/site-packages/airflow/example_dags/example_python_operator.py
[2023-10-10T15:55:33.803+0000] {processor.py:839} INFO - DAG(s) dict_keys(['example_python_operator']) retrieved from /home/airflow/.local/lib/python3.8/site-packages/airflow/example_dags/example_python_operator.py
[2023-10-10T15:55:33.824+0000] {logging_mixin.py:151} INFO - [2023-10-10T15:55:33.824+0000] {dag.py:2915} INFO - Sync 1 DAGs
[2023-10-10T15:55:33.834+0000] {logging_mixin.py:151} INFO - [2023-10-10T15:55:33.834+0000] {dag.py:3696} INFO - Setting next_dagrun for example_python_operator to None, run_after=None
[2023-10-10T15:55:33.849+0000] {processor.py:179} INFO - Processing /home/airflow/.local/lib/python3.8/site-packages/airflow/example_dags/example_python_operator.py took 0.060 seconds
[2023-10-10T15:56:04.834+0000] {processor.py:157} INFO - Started process (PID=3538) to work on /home/airflow/.local/lib/python3.8/site-packages/airflow/example_dags/example_python_operator.py
[2023-10-10T15:56:04.875+0000] {processor.py:829} INFO - Processing file /home/airflow/.local/lib/python3.8/site-packages/airflow/example_dags/example_python_operator.py for tasks to queue
[2023-10-10T15:56:04.878+0000] {logging_mixin.py:151} INFO - [2023-10-10T15:56:04.877+0000] {dagbag.py:539} INFO - Filling up the DagBag from /home/airflow/.local/lib/python3.8/site-packages/airflow/example_dags/example_python_operator.py
[2023-10-10T15:56:04.887+0000] {processor.py:839} INFO - DAG(s) dict_keys(['example_python_operator']) retrieved from /home/airflow/.local/lib/python3.8/site-packages/airflow/example_dags/example_python_operator.py
[2023-10-10T15:56:04.910+0000] {logging_mixin.py:151} INFO - [2023-10-10T15:56:04.910+0000] {dag.py:2915} INFO - Sync 1 DAGs
[2023-10-10T15:56:04.923+0000] {logging_mixin.py:151} INFO - [2023-10-10T15:56:04.923+0000] {dag.py:3696} INFO - Setting next_dagrun for example_python_operator to None, run_after=None
[2023-10-10T15:56:04.983+0000] {processor.py:179} INFO - Processing /home/airflow/.local/lib/python3.8/site-packages/airflow/example_dags/example_python_operator.py took 0.152 seconds
[2023-10-10T15:56:36.358+0000] {processor.py:157} INFO - Started process (PID=3594) to work on /home/airflow/.local/lib/python3.8/site-packages/airflow/example_dags/example_python_operator.py
[2023-10-10T15:56:36.359+0000] {processor.py:829} INFO - Processing file /home/airflow/.local/lib/python3.8/site-packages/airflow/example_dags/example_python_operator.py for tasks to queue
[2023-10-10T15:56:36.361+0000] {logging_mixin.py:151} INFO - [2023-10-10T15:56:36.360+0000] {dagbag.py:539} INFO - Filling up the DagBag from /home/airflow/.local/lib/python3.8/site-packages/airflow/example_dags/example_python_operator.py
[2023-10-10T15:56:36.369+0000] {processor.py:839} INFO - DAG(s) dict_keys(['example_python_operator']) retrieved from /home/airflow/.local/lib/python3.8/site-packages/airflow/example_dags/example_python_operator.py
[2023-10-10T15:56:36.393+0000] {logging_mixin.py:151} INFO - [2023-10-10T15:56:36.393+0000] {dag.py:2915} INFO - Sync 1 DAGs
[2023-10-10T15:56:36.405+0000] {logging_mixin.py:151} INFO - [2023-10-10T15:56:36.405+0000] {dag.py:3696} INFO - Setting next_dagrun for example_python_operator to None, run_after=None
[2023-10-10T15:56:36.424+0000] {processor.py:179} INFO - Processing /home/airflow/.local/lib/python3.8/site-packages/airflow/example_dags/example_python_operator.py took 0.068 seconds
[2023-10-10T15:57:07.216+0000] {processor.py:157} INFO - Started process (PID=3649) to work on /home/airflow/.local/lib/python3.8/site-packages/airflow/example_dags/example_python_operator.py
[2023-10-10T15:57:07.218+0000] {processor.py:829} INFO - Processing file /home/airflow/.local/lib/python3.8/site-packages/airflow/example_dags/example_python_operator.py for tasks to queue
[2023-10-10T15:57:07.219+0000] {logging_mixin.py:151} INFO - [2023-10-10T15:57:07.219+0000] {dagbag.py:539} INFO - Filling up the DagBag from /home/airflow/.local/lib/python3.8/site-packages/airflow/example_dags/example_python_operator.py
[2023-10-10T15:57:07.231+0000] {processor.py:839} INFO - DAG(s) dict_keys(['example_python_operator']) retrieved from /home/airflow/.local/lib/python3.8/site-packages/airflow/example_dags/example_python_operator.py
[2023-10-10T15:57:07.256+0000] {logging_mixin.py:151} INFO - [2023-10-10T15:57:07.256+0000] {dag.py:2915} INFO - Sync 1 DAGs
[2023-10-10T15:57:07.270+0000] {logging_mixin.py:151} INFO - [2023-10-10T15:57:07.270+0000] {dag.py:3696} INFO - Setting next_dagrun for example_python_operator to None, run_after=None
[2023-10-10T15:57:07.302+0000] {processor.py:179} INFO - Processing /home/airflow/.local/lib/python3.8/site-packages/airflow/example_dags/example_python_operator.py took 0.089 seconds
