[2023-10-10T15:24:07.707+0000] {processor.py:157} INFO - Started process (PID=175) to work on /home/airflow/.local/lib/python3.8/site-packages/airflow/example_dags/example_setup_teardown.py
[2023-10-10T15:24:07.708+0000] {processor.py:829} INFO - Processing file /home/airflow/.local/lib/python3.8/site-packages/airflow/example_dags/example_setup_teardown.py for tasks to queue
[2023-10-10T15:24:07.710+0000] {logging_mixin.py:151} INFO - [2023-10-10T15:24:07.709+0000] {dagbag.py:539} INFO - Filling up the DagBag from /home/airflow/.local/lib/python3.8/site-packages/airflow/example_dags/example_setup_teardown.py
[2023-10-10T15:24:07.721+0000] {processor.py:839} INFO - DAG(s) dict_keys(['example_setup_teardown']) retrieved from /home/airflow/.local/lib/python3.8/site-packages/airflow/example_dags/example_setup_teardown.py
[2023-10-10T15:24:07.738+0000] {logging_mixin.py:151} INFO - [2023-10-10T15:24:07.737+0000] {dag.py:2915} INFO - Sync 1 DAGs
[2023-10-10T15:24:07.783+0000] {logging_mixin.py:151} INFO - [2023-10-10T15:24:07.783+0000] {dag.py:3696} INFO - Setting next_dagrun for example_setup_teardown to 2023-10-09T15:24:07.783246+00:00, run_after=2023-10-10T15:24:07.783246+00:00
[2023-10-10T15:24:07.818+0000] {processor.py:179} INFO - Processing /home/airflow/.local/lib/python3.8/site-packages/airflow/example_dags/example_setup_teardown.py took 0.114 seconds
[2023-10-10T15:24:38.819+0000] {processor.py:157} INFO - Started process (PID=229) to work on /home/airflow/.local/lib/python3.8/site-packages/airflow/example_dags/example_setup_teardown.py
[2023-10-10T15:24:38.820+0000] {processor.py:829} INFO - Processing file /home/airflow/.local/lib/python3.8/site-packages/airflow/example_dags/example_setup_teardown.py for tasks to queue
[2023-10-10T15:24:38.821+0000] {logging_mixin.py:151} INFO - [2023-10-10T15:24:38.821+0000] {dagbag.py:539} INFO - Filling up the DagBag from /home/airflow/.local/lib/python3.8/site-packages/airflow/example_dags/example_setup_teardown.py
[2023-10-10T15:24:38.826+0000] {processor.py:839} INFO - DAG(s) dict_keys(['example_setup_teardown']) retrieved from /home/airflow/.local/lib/python3.8/site-packages/airflow/example_dags/example_setup_teardown.py
[2023-10-10T15:24:38.846+0000] {logging_mixin.py:151} INFO - [2023-10-10T15:24:38.846+0000] {dag.py:2915} INFO - Sync 1 DAGs
[2023-10-10T15:24:38.866+0000] {logging_mixin.py:151} INFO - [2023-10-10T15:24:38.866+0000] {dag.py:3696} INFO - Setting next_dagrun for example_setup_teardown to 2023-10-09T15:24:38.865922+00:00, run_after=2023-10-10T15:24:38.865922+00:00
[2023-10-10T15:24:38.892+0000] {processor.py:179} INFO - Processing /home/airflow/.local/lib/python3.8/site-packages/airflow/example_dags/example_setup_teardown.py took 0.076 seconds
[2023-10-10T15:25:10.271+0000] {processor.py:157} INFO - Started process (PID=283) to work on /home/airflow/.local/lib/python3.8/site-packages/airflow/example_dags/example_setup_teardown.py
[2023-10-10T15:25:10.272+0000] {processor.py:829} INFO - Processing file /home/airflow/.local/lib/python3.8/site-packages/airflow/example_dags/example_setup_teardown.py for tasks to queue
[2023-10-10T15:25:10.274+0000] {logging_mixin.py:151} INFO - [2023-10-10T15:25:10.274+0000] {dagbag.py:539} INFO - Filling up the DagBag from /home/airflow/.local/lib/python3.8/site-packages/airflow/example_dags/example_setup_teardown.py
[2023-10-10T15:25:10.283+0000] {processor.py:839} INFO - DAG(s) dict_keys(['example_setup_teardown']) retrieved from /home/airflow/.local/lib/python3.8/site-packages/airflow/example_dags/example_setup_teardown.py
[2023-10-10T15:25:10.312+0000] {logging_mixin.py:151} INFO - [2023-10-10T15:25:10.311+0000] {dag.py:2915} INFO - Sync 1 DAGs
[2023-10-10T15:25:10.337+0000] {logging_mixin.py:151} INFO - [2023-10-10T15:25:10.337+0000] {dag.py:3696} INFO - Setting next_dagrun for example_setup_teardown to 2023-10-09T15:25:10.337102+00:00, run_after=2023-10-10T15:25:10.337102+00:00
[2023-10-10T15:25:10.358+0000] {processor.py:179} INFO - Processing /home/airflow/.local/lib/python3.8/site-packages/airflow/example_dags/example_setup_teardown.py took 0.091 seconds
[2023-10-10T15:25:40.919+0000] {processor.py:157} INFO - Started process (PID=337) to work on /home/airflow/.local/lib/python3.8/site-packages/airflow/example_dags/example_setup_teardown.py
[2023-10-10T15:25:40.920+0000] {processor.py:829} INFO - Processing file /home/airflow/.local/lib/python3.8/site-packages/airflow/example_dags/example_setup_teardown.py for tasks to queue
[2023-10-10T15:25:40.922+0000] {logging_mixin.py:151} INFO - [2023-10-10T15:25:40.922+0000] {dagbag.py:539} INFO - Filling up the DagBag from /home/airflow/.local/lib/python3.8/site-packages/airflow/example_dags/example_setup_teardown.py
[2023-10-10T15:25:40.930+0000] {processor.py:839} INFO - DAG(s) dict_keys(['example_setup_teardown']) retrieved from /home/airflow/.local/lib/python3.8/site-packages/airflow/example_dags/example_setup_teardown.py
[2023-10-10T15:25:40.951+0000] {logging_mixin.py:151} INFO - [2023-10-10T15:25:40.951+0000] {dag.py:2915} INFO - Sync 1 DAGs
[2023-10-10T15:25:40.969+0000] {logging_mixin.py:151} INFO - [2023-10-10T15:25:40.969+0000] {dag.py:3696} INFO - Setting next_dagrun for example_setup_teardown to 2023-10-09T15:25:40.969317+00:00, run_after=2023-10-10T15:25:40.969317+00:00
[2023-10-10T15:25:40.986+0000] {processor.py:179} INFO - Processing /home/airflow/.local/lib/python3.8/site-packages/airflow/example_dags/example_setup_teardown.py took 0.071 seconds
[2023-10-10T15:26:11.592+0000] {processor.py:157} INFO - Started process (PID=391) to work on /home/airflow/.local/lib/python3.8/site-packages/airflow/example_dags/example_setup_teardown.py
[2023-10-10T15:26:11.593+0000] {processor.py:829} INFO - Processing file /home/airflow/.local/lib/python3.8/site-packages/airflow/example_dags/example_setup_teardown.py for tasks to queue
[2023-10-10T15:26:11.594+0000] {logging_mixin.py:151} INFO - [2023-10-10T15:26:11.594+0000] {dagbag.py:539} INFO - Filling up the DagBag from /home/airflow/.local/lib/python3.8/site-packages/airflow/example_dags/example_setup_teardown.py
[2023-10-10T15:26:11.600+0000] {processor.py:839} INFO - DAG(s) dict_keys(['example_setup_teardown']) retrieved from /home/airflow/.local/lib/python3.8/site-packages/airflow/example_dags/example_setup_teardown.py
[2023-10-10T15:26:11.618+0000] {logging_mixin.py:151} INFO - [2023-10-10T15:26:11.618+0000] {dag.py:2915} INFO - Sync 1 DAGs
[2023-10-10T15:26:11.637+0000] {logging_mixin.py:151} INFO - [2023-10-10T15:26:11.637+0000] {dag.py:3696} INFO - Setting next_dagrun for example_setup_teardown to 2023-10-09T15:26:11.636983+00:00, run_after=2023-10-10T15:26:11.636983+00:00
[2023-10-10T15:26:11.653+0000] {processor.py:179} INFO - Processing /home/airflow/.local/lib/python3.8/site-packages/airflow/example_dags/example_setup_teardown.py took 0.064 seconds
[2023-10-10T15:26:42.128+0000] {processor.py:157} INFO - Started process (PID=445) to work on /home/airflow/.local/lib/python3.8/site-packages/airflow/example_dags/example_setup_teardown.py
[2023-10-10T15:26:42.129+0000] {processor.py:829} INFO - Processing file /home/airflow/.local/lib/python3.8/site-packages/airflow/example_dags/example_setup_teardown.py for tasks to queue
[2023-10-10T15:26:42.131+0000] {logging_mixin.py:151} INFO - [2023-10-10T15:26:42.131+0000] {dagbag.py:539} INFO - Filling up the DagBag from /home/airflow/.local/lib/python3.8/site-packages/airflow/example_dags/example_setup_teardown.py
[2023-10-10T15:26:42.136+0000] {processor.py:839} INFO - DAG(s) dict_keys(['example_setup_teardown']) retrieved from /home/airflow/.local/lib/python3.8/site-packages/airflow/example_dags/example_setup_teardown.py
[2023-10-10T15:26:42.155+0000] {logging_mixin.py:151} INFO - [2023-10-10T15:26:42.155+0000] {dag.py:2915} INFO - Sync 1 DAGs
[2023-10-10T15:26:42.173+0000] {logging_mixin.py:151} INFO - [2023-10-10T15:26:42.173+0000] {dag.py:3696} INFO - Setting next_dagrun for example_setup_teardown to 2023-10-09T15:26:42.173490+00:00, run_after=2023-10-10T15:26:42.173490+00:00
[2023-10-10T15:26:42.190+0000] {processor.py:179} INFO - Processing /home/airflow/.local/lib/python3.8/site-packages/airflow/example_dags/example_setup_teardown.py took 0.064 seconds
[2023-10-10T15:27:12.757+0000] {processor.py:157} INFO - Started process (PID=499) to work on /home/airflow/.local/lib/python3.8/site-packages/airflow/example_dags/example_setup_teardown.py
[2023-10-10T15:27:12.757+0000] {processor.py:829} INFO - Processing file /home/airflow/.local/lib/python3.8/site-packages/airflow/example_dags/example_setup_teardown.py for tasks to queue
[2023-10-10T15:27:12.759+0000] {logging_mixin.py:151} INFO - [2023-10-10T15:27:12.759+0000] {dagbag.py:539} INFO - Filling up the DagBag from /home/airflow/.local/lib/python3.8/site-packages/airflow/example_dags/example_setup_teardown.py
[2023-10-10T15:27:12.764+0000] {processor.py:839} INFO - DAG(s) dict_keys(['example_setup_teardown']) retrieved from /home/airflow/.local/lib/python3.8/site-packages/airflow/example_dags/example_setup_teardown.py
[2023-10-10T15:27:12.788+0000] {logging_mixin.py:151} INFO - [2023-10-10T15:27:12.788+0000] {dag.py:2915} INFO - Sync 1 DAGs
[2023-10-10T15:27:12.813+0000] {logging_mixin.py:151} INFO - [2023-10-10T15:27:12.813+0000] {dag.py:3696} INFO - Setting next_dagrun for example_setup_teardown to 2023-10-09T15:27:12.813003+00:00, run_after=2023-10-10T15:27:12.813003+00:00
[2023-10-10T15:27:12.830+0000] {processor.py:179} INFO - Processing /home/airflow/.local/lib/python3.8/site-packages/airflow/example_dags/example_setup_teardown.py took 0.076 seconds
[2023-10-10T15:27:43.513+0000] {processor.py:157} INFO - Started process (PID=553) to work on /home/airflow/.local/lib/python3.8/site-packages/airflow/example_dags/example_setup_teardown.py
[2023-10-10T15:27:43.514+0000] {processor.py:829} INFO - Processing file /home/airflow/.local/lib/python3.8/site-packages/airflow/example_dags/example_setup_teardown.py for tasks to queue
[2023-10-10T15:27:43.516+0000] {logging_mixin.py:151} INFO - [2023-10-10T15:27:43.515+0000] {dagbag.py:539} INFO - Filling up the DagBag from /home/airflow/.local/lib/python3.8/site-packages/airflow/example_dags/example_setup_teardown.py
[2023-10-10T15:27:43.521+0000] {processor.py:839} INFO - DAG(s) dict_keys(['example_setup_teardown']) retrieved from /home/airflow/.local/lib/python3.8/site-packages/airflow/example_dags/example_setup_teardown.py
[2023-10-10T15:27:43.543+0000] {logging_mixin.py:151} INFO - [2023-10-10T15:27:43.543+0000] {dag.py:2915} INFO - Sync 1 DAGs
[2023-10-10T15:27:43.566+0000] {logging_mixin.py:151} INFO - [2023-10-10T15:27:43.565+0000] {dag.py:3696} INFO - Setting next_dagrun for example_setup_teardown to 2023-10-09T15:27:43.565644+00:00, run_after=2023-10-10T15:27:43.565644+00:00
[2023-10-10T15:27:43.595+0000] {processor.py:179} INFO - Processing /home/airflow/.local/lib/python3.8/site-packages/airflow/example_dags/example_setup_teardown.py took 0.085 seconds
[2023-10-10T15:28:14.309+0000] {processor.py:157} INFO - Started process (PID=607) to work on /home/airflow/.local/lib/python3.8/site-packages/airflow/example_dags/example_setup_teardown.py
[2023-10-10T15:28:14.310+0000] {processor.py:829} INFO - Processing file /home/airflow/.local/lib/python3.8/site-packages/airflow/example_dags/example_setup_teardown.py for tasks to queue
[2023-10-10T15:28:14.312+0000] {logging_mixin.py:151} INFO - [2023-10-10T15:28:14.312+0000] {dagbag.py:539} INFO - Filling up the DagBag from /home/airflow/.local/lib/python3.8/site-packages/airflow/example_dags/example_setup_teardown.py
[2023-10-10T15:28:14.318+0000] {processor.py:839} INFO - DAG(s) dict_keys(['example_setup_teardown']) retrieved from /home/airflow/.local/lib/python3.8/site-packages/airflow/example_dags/example_setup_teardown.py
[2023-10-10T15:28:14.338+0000] {logging_mixin.py:151} INFO - [2023-10-10T15:28:14.338+0000] {dag.py:2915} INFO - Sync 1 DAGs
[2023-10-10T15:28:14.357+0000] {logging_mixin.py:151} INFO - [2023-10-10T15:28:14.357+0000] {dag.py:3696} INFO - Setting next_dagrun for example_setup_teardown to 2023-10-09T15:28:14.357253+00:00, run_after=2023-10-10T15:28:14.357253+00:00
[2023-10-10T15:28:14.375+0000] {processor.py:179} INFO - Processing /home/airflow/.local/lib/python3.8/site-packages/airflow/example_dags/example_setup_teardown.py took 0.069 seconds
[2023-10-10T15:28:45.085+0000] {processor.py:157} INFO - Started process (PID=661) to work on /home/airflow/.local/lib/python3.8/site-packages/airflow/example_dags/example_setup_teardown.py
[2023-10-10T15:28:45.086+0000] {processor.py:829} INFO - Processing file /home/airflow/.local/lib/python3.8/site-packages/airflow/example_dags/example_setup_teardown.py for tasks to queue
[2023-10-10T15:28:45.088+0000] {logging_mixin.py:151} INFO - [2023-10-10T15:28:45.088+0000] {dagbag.py:539} INFO - Filling up the DagBag from /home/airflow/.local/lib/python3.8/site-packages/airflow/example_dags/example_setup_teardown.py
[2023-10-10T15:28:45.094+0000] {processor.py:839} INFO - DAG(s) dict_keys(['example_setup_teardown']) retrieved from /home/airflow/.local/lib/python3.8/site-packages/airflow/example_dags/example_setup_teardown.py
[2023-10-10T15:28:45.115+0000] {logging_mixin.py:151} INFO - [2023-10-10T15:28:45.115+0000] {dag.py:2915} INFO - Sync 1 DAGs
[2023-10-10T15:28:45.139+0000] {logging_mixin.py:151} INFO - [2023-10-10T15:28:45.139+0000] {dag.py:3696} INFO - Setting next_dagrun for example_setup_teardown to 2023-10-09T15:28:45.138763+00:00, run_after=2023-10-10T15:28:45.138763+00:00
[2023-10-10T15:28:45.158+0000] {processor.py:179} INFO - Processing /home/airflow/.local/lib/python3.8/site-packages/airflow/example_dags/example_setup_teardown.py took 0.076 seconds
[2023-10-10T15:29:16.847+0000] {processor.py:157} INFO - Started process (PID=715) to work on /home/airflow/.local/lib/python3.8/site-packages/airflow/example_dags/example_setup_teardown.py
[2023-10-10T15:29:16.848+0000] {processor.py:829} INFO - Processing file /home/airflow/.local/lib/python3.8/site-packages/airflow/example_dags/example_setup_teardown.py for tasks to queue
[2023-10-10T15:29:16.850+0000] {logging_mixin.py:151} INFO - [2023-10-10T15:29:16.849+0000] {dagbag.py:539} INFO - Filling up the DagBag from /home/airflow/.local/lib/python3.8/site-packages/airflow/example_dags/example_setup_teardown.py
[2023-10-10T15:29:16.856+0000] {processor.py:839} INFO - DAG(s) dict_keys(['example_setup_teardown']) retrieved from /home/airflow/.local/lib/python3.8/site-packages/airflow/example_dags/example_setup_teardown.py
[2023-10-10T15:29:16.899+0000] {logging_mixin.py:151} INFO - [2023-10-10T15:29:16.898+0000] {dag.py:2915} INFO - Sync 1 DAGs
[2023-10-10T15:29:16.928+0000] {logging_mixin.py:151} INFO - [2023-10-10T15:29:16.927+0000] {dag.py:3696} INFO - Setting next_dagrun for example_setup_teardown to 2023-10-09T15:29:16.927439+00:00, run_after=2023-10-10T15:29:16.927439+00:00
[2023-10-10T15:29:16.989+0000] {processor.py:179} INFO - Processing /home/airflow/.local/lib/python3.8/site-packages/airflow/example_dags/example_setup_teardown.py took 0.145 seconds
[2023-10-10T15:29:47.857+0000] {processor.py:157} INFO - Started process (PID=769) to work on /home/airflow/.local/lib/python3.8/site-packages/airflow/example_dags/example_setup_teardown.py
[2023-10-10T15:29:47.858+0000] {processor.py:829} INFO - Processing file /home/airflow/.local/lib/python3.8/site-packages/airflow/example_dags/example_setup_teardown.py for tasks to queue
[2023-10-10T15:29:47.859+0000] {logging_mixin.py:151} INFO - [2023-10-10T15:29:47.859+0000] {dagbag.py:539} INFO - Filling up the DagBag from /home/airflow/.local/lib/python3.8/site-packages/airflow/example_dags/example_setup_teardown.py
[2023-10-10T15:29:47.865+0000] {processor.py:839} INFO - DAG(s) dict_keys(['example_setup_teardown']) retrieved from /home/airflow/.local/lib/python3.8/site-packages/airflow/example_dags/example_setup_teardown.py
[2023-10-10T15:29:47.884+0000] {logging_mixin.py:151} INFO - [2023-10-10T15:29:47.884+0000] {dag.py:2915} INFO - Sync 1 DAGs
[2023-10-10T15:29:47.907+0000] {logging_mixin.py:151} INFO - [2023-10-10T15:29:47.906+0000] {dag.py:3696} INFO - Setting next_dagrun for example_setup_teardown to 2023-10-09T15:29:47.906714+00:00, run_after=2023-10-10T15:29:47.906714+00:00
[2023-10-10T15:29:47.925+0000] {processor.py:179} INFO - Processing /home/airflow/.local/lib/python3.8/site-packages/airflow/example_dags/example_setup_teardown.py took 0.070 seconds
[2023-10-10T15:30:18.264+0000] {processor.py:157} INFO - Started process (PID=823) to work on /home/airflow/.local/lib/python3.8/site-packages/airflow/example_dags/example_setup_teardown.py
[2023-10-10T15:30:18.265+0000] {processor.py:829} INFO - Processing file /home/airflow/.local/lib/python3.8/site-packages/airflow/example_dags/example_setup_teardown.py for tasks to queue
[2023-10-10T15:30:18.266+0000] {logging_mixin.py:151} INFO - [2023-10-10T15:30:18.266+0000] {dagbag.py:539} INFO - Filling up the DagBag from /home/airflow/.local/lib/python3.8/site-packages/airflow/example_dags/example_setup_teardown.py
[2023-10-10T15:30:18.271+0000] {processor.py:839} INFO - DAG(s) dict_keys(['example_setup_teardown']) retrieved from /home/airflow/.local/lib/python3.8/site-packages/airflow/example_dags/example_setup_teardown.py
[2023-10-10T15:30:18.296+0000] {logging_mixin.py:151} INFO - [2023-10-10T15:30:18.296+0000] {dag.py:2915} INFO - Sync 1 DAGs
[2023-10-10T15:30:18.319+0000] {logging_mixin.py:151} INFO - [2023-10-10T15:30:18.319+0000] {dag.py:3696} INFO - Setting next_dagrun for example_setup_teardown to 2023-10-09T15:30:18.319332+00:00, run_after=2023-10-10T15:30:18.319332+00:00
[2023-10-10T15:30:18.333+0000] {processor.py:179} INFO - Processing /home/airflow/.local/lib/python3.8/site-packages/airflow/example_dags/example_setup_teardown.py took 0.071 seconds
[2023-10-10T15:30:48.435+0000] {processor.py:157} INFO - Started process (PID=877) to work on /home/airflow/.local/lib/python3.8/site-packages/airflow/example_dags/example_setup_teardown.py
[2023-10-10T15:30:48.435+0000] {processor.py:829} INFO - Processing file /home/airflow/.local/lib/python3.8/site-packages/airflow/example_dags/example_setup_teardown.py for tasks to queue
[2023-10-10T15:30:48.437+0000] {logging_mixin.py:151} INFO - [2023-10-10T15:30:48.437+0000] {dagbag.py:539} INFO - Filling up the DagBag from /home/airflow/.local/lib/python3.8/site-packages/airflow/example_dags/example_setup_teardown.py
[2023-10-10T15:30:48.443+0000] {processor.py:839} INFO - DAG(s) dict_keys(['example_setup_teardown']) retrieved from /home/airflow/.local/lib/python3.8/site-packages/airflow/example_dags/example_setup_teardown.py
[2023-10-10T15:30:48.461+0000] {logging_mixin.py:151} INFO - [2023-10-10T15:30:48.461+0000] {dag.py:2915} INFO - Sync 1 DAGs
[2023-10-10T15:30:48.481+0000] {logging_mixin.py:151} INFO - [2023-10-10T15:30:48.481+0000] {dag.py:3696} INFO - Setting next_dagrun for example_setup_teardown to 2023-10-09T15:30:48.480930+00:00, run_after=2023-10-10T15:30:48.480930+00:00
[2023-10-10T15:30:48.501+0000] {processor.py:179} INFO - Processing /home/airflow/.local/lib/python3.8/site-packages/airflow/example_dags/example_setup_teardown.py took 0.069 seconds
[2023-10-10T15:31:19.677+0000] {processor.py:157} INFO - Started process (PID=931) to work on /home/airflow/.local/lib/python3.8/site-packages/airflow/example_dags/example_setup_teardown.py
[2023-10-10T15:31:19.678+0000] {processor.py:829} INFO - Processing file /home/airflow/.local/lib/python3.8/site-packages/airflow/example_dags/example_setup_teardown.py for tasks to queue
[2023-10-10T15:31:19.680+0000] {logging_mixin.py:151} INFO - [2023-10-10T15:31:19.680+0000] {dagbag.py:539} INFO - Filling up the DagBag from /home/airflow/.local/lib/python3.8/site-packages/airflow/example_dags/example_setup_teardown.py
[2023-10-10T15:31:19.687+0000] {processor.py:839} INFO - DAG(s) dict_keys(['example_setup_teardown']) retrieved from /home/airflow/.local/lib/python3.8/site-packages/airflow/example_dags/example_setup_teardown.py
[2023-10-10T15:31:19.715+0000] {logging_mixin.py:151} INFO - [2023-10-10T15:31:19.714+0000] {dag.py:2915} INFO - Sync 1 DAGs
[2023-10-10T15:31:19.737+0000] {logging_mixin.py:151} INFO - [2023-10-10T15:31:19.736+0000] {dag.py:3696} INFO - Setting next_dagrun for example_setup_teardown to 2023-10-09T15:31:19.736687+00:00, run_after=2023-10-10T15:31:19.736687+00:00
[2023-10-10T15:31:19.751+0000] {processor.py:179} INFO - Processing /home/airflow/.local/lib/python3.8/site-packages/airflow/example_dags/example_setup_teardown.py took 0.078 seconds
[2023-10-10T15:31:50.884+0000] {processor.py:157} INFO - Started process (PID=985) to work on /home/airflow/.local/lib/python3.8/site-packages/airflow/example_dags/example_setup_teardown.py
[2023-10-10T15:31:50.885+0000] {processor.py:829} INFO - Processing file /home/airflow/.local/lib/python3.8/site-packages/airflow/example_dags/example_setup_teardown.py for tasks to queue
[2023-10-10T15:31:50.887+0000] {logging_mixin.py:151} INFO - [2023-10-10T15:31:50.886+0000] {dagbag.py:539} INFO - Filling up the DagBag from /home/airflow/.local/lib/python3.8/site-packages/airflow/example_dags/example_setup_teardown.py
[2023-10-10T15:31:50.892+0000] {processor.py:839} INFO - DAG(s) dict_keys(['example_setup_teardown']) retrieved from /home/airflow/.local/lib/python3.8/site-packages/airflow/example_dags/example_setup_teardown.py
[2023-10-10T15:31:50.916+0000] {logging_mixin.py:151} INFO - [2023-10-10T15:31:50.916+0000] {dag.py:2915} INFO - Sync 1 DAGs
[2023-10-10T15:31:50.942+0000] {logging_mixin.py:151} INFO - [2023-10-10T15:31:50.942+0000] {dag.py:3696} INFO - Setting next_dagrun for example_setup_teardown to 2023-10-09T15:31:50.941862+00:00, run_after=2023-10-10T15:31:50.941862+00:00
[2023-10-10T15:31:50.963+0000] {processor.py:179} INFO - Processing /home/airflow/.local/lib/python3.8/site-packages/airflow/example_dags/example_setup_teardown.py took 0.081 seconds
[2023-10-10T15:32:21.795+0000] {processor.py:157} INFO - Started process (PID=1039) to work on /home/airflow/.local/lib/python3.8/site-packages/airflow/example_dags/example_setup_teardown.py
[2023-10-10T15:32:21.796+0000] {processor.py:829} INFO - Processing file /home/airflow/.local/lib/python3.8/site-packages/airflow/example_dags/example_setup_teardown.py for tasks to queue
[2023-10-10T15:32:21.798+0000] {logging_mixin.py:151} INFO - [2023-10-10T15:32:21.798+0000] {dagbag.py:539} INFO - Filling up the DagBag from /home/airflow/.local/lib/python3.8/site-packages/airflow/example_dags/example_setup_teardown.py
[2023-10-10T15:32:21.803+0000] {processor.py:839} INFO - DAG(s) dict_keys(['example_setup_teardown']) retrieved from /home/airflow/.local/lib/python3.8/site-packages/airflow/example_dags/example_setup_teardown.py
[2023-10-10T15:32:21.823+0000] {logging_mixin.py:151} INFO - [2023-10-10T15:32:21.823+0000] {dag.py:2915} INFO - Sync 1 DAGs
[2023-10-10T15:32:21.844+0000] {logging_mixin.py:151} INFO - [2023-10-10T15:32:21.843+0000] {dag.py:3696} INFO - Setting next_dagrun for example_setup_teardown to 2023-10-09T15:32:21.843664+00:00, run_after=2023-10-10T15:32:21.843664+00:00
[2023-10-10T15:32:21.861+0000] {processor.py:179} INFO - Processing /home/airflow/.local/lib/python3.8/site-packages/airflow/example_dags/example_setup_teardown.py took 0.069 seconds
[2023-10-10T15:32:52.537+0000] {processor.py:157} INFO - Started process (PID=1093) to work on /home/airflow/.local/lib/python3.8/site-packages/airflow/example_dags/example_setup_teardown.py
[2023-10-10T15:32:52.538+0000] {processor.py:829} INFO - Processing file /home/airflow/.local/lib/python3.8/site-packages/airflow/example_dags/example_setup_teardown.py for tasks to queue
[2023-10-10T15:32:52.539+0000] {logging_mixin.py:151} INFO - [2023-10-10T15:32:52.539+0000] {dagbag.py:539} INFO - Filling up the DagBag from /home/airflow/.local/lib/python3.8/site-packages/airflow/example_dags/example_setup_teardown.py
[2023-10-10T15:32:52.545+0000] {processor.py:839} INFO - DAG(s) dict_keys(['example_setup_teardown']) retrieved from /home/airflow/.local/lib/python3.8/site-packages/airflow/example_dags/example_setup_teardown.py
[2023-10-10T15:32:52.568+0000] {logging_mixin.py:151} INFO - [2023-10-10T15:32:52.568+0000] {dag.py:2915} INFO - Sync 1 DAGs
[2023-10-10T15:32:52.598+0000] {logging_mixin.py:151} INFO - [2023-10-10T15:32:52.597+0000] {dag.py:3696} INFO - Setting next_dagrun for example_setup_teardown to 2023-10-09T15:32:52.597377+00:00, run_after=2023-10-10T15:32:52.597377+00:00
[2023-10-10T15:32:52.620+0000] {processor.py:179} INFO - Processing /home/airflow/.local/lib/python3.8/site-packages/airflow/example_dags/example_setup_teardown.py took 0.086 seconds
[2023-10-10T15:33:23.095+0000] {processor.py:157} INFO - Started process (PID=1147) to work on /home/airflow/.local/lib/python3.8/site-packages/airflow/example_dags/example_setup_teardown.py
[2023-10-10T15:33:23.096+0000] {processor.py:829} INFO - Processing file /home/airflow/.local/lib/python3.8/site-packages/airflow/example_dags/example_setup_teardown.py for tasks to queue
[2023-10-10T15:33:23.097+0000] {logging_mixin.py:151} INFO - [2023-10-10T15:33:23.097+0000] {dagbag.py:539} INFO - Filling up the DagBag from /home/airflow/.local/lib/python3.8/site-packages/airflow/example_dags/example_setup_teardown.py
[2023-10-10T15:33:23.104+0000] {processor.py:839} INFO - DAG(s) dict_keys(['example_setup_teardown']) retrieved from /home/airflow/.local/lib/python3.8/site-packages/airflow/example_dags/example_setup_teardown.py
[2023-10-10T15:33:23.129+0000] {logging_mixin.py:151} INFO - [2023-10-10T15:33:23.128+0000] {dag.py:2915} INFO - Sync 1 DAGs
[2023-10-10T15:33:23.153+0000] {logging_mixin.py:151} INFO - [2023-10-10T15:33:23.153+0000] {dag.py:3696} INFO - Setting next_dagrun for example_setup_teardown to 2023-10-09T15:33:23.153206+00:00, run_after=2023-10-10T15:33:23.153206+00:00
[2023-10-10T15:33:23.173+0000] {processor.py:179} INFO - Processing /home/airflow/.local/lib/python3.8/site-packages/airflow/example_dags/example_setup_teardown.py took 0.081 seconds
[2023-10-10T15:33:53.514+0000] {processor.py:157} INFO - Started process (PID=1201) to work on /home/airflow/.local/lib/python3.8/site-packages/airflow/example_dags/example_setup_teardown.py
[2023-10-10T15:33:53.516+0000] {processor.py:829} INFO - Processing file /home/airflow/.local/lib/python3.8/site-packages/airflow/example_dags/example_setup_teardown.py for tasks to queue
[2023-10-10T15:33:53.518+0000] {logging_mixin.py:151} INFO - [2023-10-10T15:33:53.517+0000] {dagbag.py:539} INFO - Filling up the DagBag from /home/airflow/.local/lib/python3.8/site-packages/airflow/example_dags/example_setup_teardown.py
[2023-10-10T15:33:53.524+0000] {processor.py:839} INFO - DAG(s) dict_keys(['example_setup_teardown']) retrieved from /home/airflow/.local/lib/python3.8/site-packages/airflow/example_dags/example_setup_teardown.py
[2023-10-10T15:33:53.548+0000] {logging_mixin.py:151} INFO - [2023-10-10T15:33:53.548+0000] {dag.py:2915} INFO - Sync 1 DAGs
[2023-10-10T15:33:53.574+0000] {logging_mixin.py:151} INFO - [2023-10-10T15:33:53.574+0000] {dag.py:3696} INFO - Setting next_dagrun for example_setup_teardown to 2023-10-09T15:33:53.573795+00:00, run_after=2023-10-10T15:33:53.573795+00:00
[2023-10-10T15:33:53.592+0000] {processor.py:179} INFO - Processing /home/airflow/.local/lib/python3.8/site-packages/airflow/example_dags/example_setup_teardown.py took 0.080 seconds
[2023-10-10T15:34:24.403+0000] {processor.py:157} INFO - Started process (PID=1262) to work on /home/airflow/.local/lib/python3.8/site-packages/airflow/example_dags/example_setup_teardown.py
[2023-10-10T15:34:24.404+0000] {processor.py:829} INFO - Processing file /home/airflow/.local/lib/python3.8/site-packages/airflow/example_dags/example_setup_teardown.py for tasks to queue
[2023-10-10T15:34:24.406+0000] {logging_mixin.py:151} INFO - [2023-10-10T15:34:24.405+0000] {dagbag.py:539} INFO - Filling up the DagBag from /home/airflow/.local/lib/python3.8/site-packages/airflow/example_dags/example_setup_teardown.py
[2023-10-10T15:34:24.411+0000] {processor.py:839} INFO - DAG(s) dict_keys(['example_setup_teardown']) retrieved from /home/airflow/.local/lib/python3.8/site-packages/airflow/example_dags/example_setup_teardown.py
[2023-10-10T15:34:24.432+0000] {logging_mixin.py:151} INFO - [2023-10-10T15:34:24.432+0000] {dag.py:2915} INFO - Sync 1 DAGs
[2023-10-10T15:34:24.451+0000] {logging_mixin.py:151} INFO - [2023-10-10T15:34:24.451+0000] {dag.py:3696} INFO - Setting next_dagrun for example_setup_teardown to 2023-10-09T15:34:24.451184+00:00, run_after=2023-10-10T15:34:24.451184+00:00
[2023-10-10T15:34:24.467+0000] {processor.py:179} INFO - Processing /home/airflow/.local/lib/python3.8/site-packages/airflow/example_dags/example_setup_teardown.py took 0.067 seconds
[2023-10-10T15:34:55.163+0000] {processor.py:157} INFO - Started process (PID=1315) to work on /home/airflow/.local/lib/python3.8/site-packages/airflow/example_dags/example_setup_teardown.py
[2023-10-10T15:34:55.164+0000] {processor.py:829} INFO - Processing file /home/airflow/.local/lib/python3.8/site-packages/airflow/example_dags/example_setup_teardown.py for tasks to queue
[2023-10-10T15:34:55.166+0000] {logging_mixin.py:151} INFO - [2023-10-10T15:34:55.165+0000] {dagbag.py:539} INFO - Filling up the DagBag from /home/airflow/.local/lib/python3.8/site-packages/airflow/example_dags/example_setup_teardown.py
[2023-10-10T15:34:55.170+0000] {processor.py:839} INFO - DAG(s) dict_keys(['example_setup_teardown']) retrieved from /home/airflow/.local/lib/python3.8/site-packages/airflow/example_dags/example_setup_teardown.py
[2023-10-10T15:34:55.196+0000] {logging_mixin.py:151} INFO - [2023-10-10T15:34:55.196+0000] {dag.py:2915} INFO - Sync 1 DAGs
[2023-10-10T15:34:55.217+0000] {logging_mixin.py:151} INFO - [2023-10-10T15:34:55.217+0000] {dag.py:3696} INFO - Setting next_dagrun for example_setup_teardown to 2023-10-09T15:34:55.217486+00:00, run_after=2023-10-10T15:34:55.217486+00:00
[2023-10-10T15:34:55.235+0000] {processor.py:179} INFO - Processing /home/airflow/.local/lib/python3.8/site-packages/airflow/example_dags/example_setup_teardown.py took 0.074 seconds
[2023-10-10T15:35:26.428+0000] {processor.py:157} INFO - Started process (PID=1369) to work on /home/airflow/.local/lib/python3.8/site-packages/airflow/example_dags/example_setup_teardown.py
[2023-10-10T15:35:26.429+0000] {processor.py:829} INFO - Processing file /home/airflow/.local/lib/python3.8/site-packages/airflow/example_dags/example_setup_teardown.py for tasks to queue
[2023-10-10T15:35:26.432+0000] {logging_mixin.py:151} INFO - [2023-10-10T15:35:26.431+0000] {dagbag.py:539} INFO - Filling up the DagBag from /home/airflow/.local/lib/python3.8/site-packages/airflow/example_dags/example_setup_teardown.py
[2023-10-10T15:35:26.439+0000] {processor.py:839} INFO - DAG(s) dict_keys(['example_setup_teardown']) retrieved from /home/airflow/.local/lib/python3.8/site-packages/airflow/example_dags/example_setup_teardown.py
[2023-10-10T15:35:26.461+0000] {logging_mixin.py:151} INFO - [2023-10-10T15:35:26.460+0000] {dag.py:2915} INFO - Sync 1 DAGs
[2023-10-10T15:35:26.489+0000] {logging_mixin.py:151} INFO - [2023-10-10T15:35:26.488+0000] {dag.py:3696} INFO - Setting next_dagrun for example_setup_teardown to 2023-10-09T15:35:26.488555+00:00, run_after=2023-10-10T15:35:26.488555+00:00
[2023-10-10T15:35:26.513+0000] {processor.py:179} INFO - Processing /home/airflow/.local/lib/python3.8/site-packages/airflow/example_dags/example_setup_teardown.py took 0.088 seconds
[2023-10-10T15:35:57.660+0000] {processor.py:157} INFO - Started process (PID=1423) to work on /home/airflow/.local/lib/python3.8/site-packages/airflow/example_dags/example_setup_teardown.py
[2023-10-10T15:35:57.661+0000] {processor.py:829} INFO - Processing file /home/airflow/.local/lib/python3.8/site-packages/airflow/example_dags/example_setup_teardown.py for tasks to queue
[2023-10-10T15:35:57.663+0000] {logging_mixin.py:151} INFO - [2023-10-10T15:35:57.663+0000] {dagbag.py:539} INFO - Filling up the DagBag from /home/airflow/.local/lib/python3.8/site-packages/airflow/example_dags/example_setup_teardown.py
[2023-10-10T15:35:57.670+0000] {processor.py:839} INFO - DAG(s) dict_keys(['example_setup_teardown']) retrieved from /home/airflow/.local/lib/python3.8/site-packages/airflow/example_dags/example_setup_teardown.py
[2023-10-10T15:35:57.696+0000] {logging_mixin.py:151} INFO - [2023-10-10T15:35:57.696+0000] {dag.py:2915} INFO - Sync 1 DAGs
[2023-10-10T15:35:57.725+0000] {logging_mixin.py:151} INFO - [2023-10-10T15:35:57.724+0000] {dag.py:3696} INFO - Setting next_dagrun for example_setup_teardown to 2023-10-09T15:35:57.724596+00:00, run_after=2023-10-10T15:35:57.724596+00:00
[2023-10-10T15:35:57.749+0000] {processor.py:179} INFO - Processing /home/airflow/.local/lib/python3.8/site-packages/airflow/example_dags/example_setup_teardown.py took 0.092 seconds
[2023-10-10T15:36:28.342+0000] {processor.py:157} INFO - Started process (PID=1477) to work on /home/airflow/.local/lib/python3.8/site-packages/airflow/example_dags/example_setup_teardown.py
[2023-10-10T15:36:28.343+0000] {processor.py:829} INFO - Processing file /home/airflow/.local/lib/python3.8/site-packages/airflow/example_dags/example_setup_teardown.py for tasks to queue
[2023-10-10T15:36:28.345+0000] {logging_mixin.py:151} INFO - [2023-10-10T15:36:28.345+0000] {dagbag.py:539} INFO - Filling up the DagBag from /home/airflow/.local/lib/python3.8/site-packages/airflow/example_dags/example_setup_teardown.py
[2023-10-10T15:36:28.351+0000] {processor.py:839} INFO - DAG(s) dict_keys(['example_setup_teardown']) retrieved from /home/airflow/.local/lib/python3.8/site-packages/airflow/example_dags/example_setup_teardown.py
[2023-10-10T15:36:28.372+0000] {logging_mixin.py:151} INFO - [2023-10-10T15:36:28.372+0000] {dag.py:2915} INFO - Sync 1 DAGs
[2023-10-10T15:36:28.402+0000] {logging_mixin.py:151} INFO - [2023-10-10T15:36:28.402+0000] {dag.py:3696} INFO - Setting next_dagrun for example_setup_teardown to 2023-10-09T15:36:28.401727+00:00, run_after=2023-10-10T15:36:28.401727+00:00
[2023-10-10T15:36:28.424+0000] {processor.py:179} INFO - Processing /home/airflow/.local/lib/python3.8/site-packages/airflow/example_dags/example_setup_teardown.py took 0.085 seconds
[2023-10-10T15:36:59.486+0000] {processor.py:157} INFO - Started process (PID=1531) to work on /home/airflow/.local/lib/python3.8/site-packages/airflow/example_dags/example_setup_teardown.py
[2023-10-10T15:36:59.487+0000] {processor.py:829} INFO - Processing file /home/airflow/.local/lib/python3.8/site-packages/airflow/example_dags/example_setup_teardown.py for tasks to queue
[2023-10-10T15:36:59.489+0000] {logging_mixin.py:151} INFO - [2023-10-10T15:36:59.489+0000] {dagbag.py:539} INFO - Filling up the DagBag from /home/airflow/.local/lib/python3.8/site-packages/airflow/example_dags/example_setup_teardown.py
[2023-10-10T15:36:59.496+0000] {processor.py:839} INFO - DAG(s) dict_keys(['example_setup_teardown']) retrieved from /home/airflow/.local/lib/python3.8/site-packages/airflow/example_dags/example_setup_teardown.py
[2023-10-10T15:36:59.519+0000] {logging_mixin.py:151} INFO - [2023-10-10T15:36:59.519+0000] {dag.py:2915} INFO - Sync 1 DAGs
[2023-10-10T15:36:59.545+0000] {logging_mixin.py:151} INFO - [2023-10-10T15:36:59.544+0000] {dag.py:3696} INFO - Setting next_dagrun for example_setup_teardown to 2023-10-09T15:36:59.544444+00:00, run_after=2023-10-10T15:36:59.544444+00:00
[2023-10-10T15:36:59.564+0000] {processor.py:179} INFO - Processing /home/airflow/.local/lib/python3.8/site-packages/airflow/example_dags/example_setup_teardown.py took 0.081 seconds
[2023-10-10T15:37:30.654+0000] {processor.py:157} INFO - Started process (PID=1585) to work on /home/airflow/.local/lib/python3.8/site-packages/airflow/example_dags/example_setup_teardown.py
[2023-10-10T15:37:30.655+0000] {processor.py:829} INFO - Processing file /home/airflow/.local/lib/python3.8/site-packages/airflow/example_dags/example_setup_teardown.py for tasks to queue
[2023-10-10T15:37:30.657+0000] {logging_mixin.py:151} INFO - [2023-10-10T15:37:30.657+0000] {dagbag.py:539} INFO - Filling up the DagBag from /home/airflow/.local/lib/python3.8/site-packages/airflow/example_dags/example_setup_teardown.py
[2023-10-10T15:37:30.663+0000] {processor.py:839} INFO - DAG(s) dict_keys(['example_setup_teardown']) retrieved from /home/airflow/.local/lib/python3.8/site-packages/airflow/example_dags/example_setup_teardown.py
[2023-10-10T15:37:30.684+0000] {logging_mixin.py:151} INFO - [2023-10-10T15:37:30.684+0000] {dag.py:2915} INFO - Sync 1 DAGs
[2023-10-10T15:37:30.708+0000] {logging_mixin.py:151} INFO - [2023-10-10T15:37:30.708+0000] {dag.py:3696} INFO - Setting next_dagrun for example_setup_teardown to 2023-10-09T15:37:30.707779+00:00, run_after=2023-10-10T15:37:30.707779+00:00
[2023-10-10T15:37:30.727+0000] {processor.py:179} INFO - Processing /home/airflow/.local/lib/python3.8/site-packages/airflow/example_dags/example_setup_teardown.py took 0.075 seconds
[2023-10-10T15:38:02.270+0000] {processor.py:157} INFO - Started process (PID=1639) to work on /home/airflow/.local/lib/python3.8/site-packages/airflow/example_dags/example_setup_teardown.py
[2023-10-10T15:38:02.270+0000] {processor.py:829} INFO - Processing file /home/airflow/.local/lib/python3.8/site-packages/airflow/example_dags/example_setup_teardown.py for tasks to queue
[2023-10-10T15:38:02.272+0000] {logging_mixin.py:151} INFO - [2023-10-10T15:38:02.272+0000] {dagbag.py:539} INFO - Filling up the DagBag from /home/airflow/.local/lib/python3.8/site-packages/airflow/example_dags/example_setup_teardown.py
[2023-10-10T15:38:02.278+0000] {processor.py:839} INFO - DAG(s) dict_keys(['example_setup_teardown']) retrieved from /home/airflow/.local/lib/python3.8/site-packages/airflow/example_dags/example_setup_teardown.py
[2023-10-10T15:38:02.301+0000] {logging_mixin.py:151} INFO - [2023-10-10T15:38:02.301+0000] {dag.py:2915} INFO - Sync 1 DAGs
[2023-10-10T15:38:02.329+0000] {logging_mixin.py:151} INFO - [2023-10-10T15:38:02.328+0000] {dag.py:3696} INFO - Setting next_dagrun for example_setup_teardown to 2023-10-09T15:38:02.328649+00:00, run_after=2023-10-10T15:38:02.328649+00:00
[2023-10-10T15:38:02.348+0000] {processor.py:179} INFO - Processing /home/airflow/.local/lib/python3.8/site-packages/airflow/example_dags/example_setup_teardown.py took 0.081 seconds
[2023-10-10T15:38:32.713+0000] {processor.py:157} INFO - Started process (PID=1693) to work on /home/airflow/.local/lib/python3.8/site-packages/airflow/example_dags/example_setup_teardown.py
[2023-10-10T15:38:32.714+0000] {processor.py:829} INFO - Processing file /home/airflow/.local/lib/python3.8/site-packages/airflow/example_dags/example_setup_teardown.py for tasks to queue
[2023-10-10T15:38:32.717+0000] {logging_mixin.py:151} INFO - [2023-10-10T15:38:32.716+0000] {dagbag.py:539} INFO - Filling up the DagBag from /home/airflow/.local/lib/python3.8/site-packages/airflow/example_dags/example_setup_teardown.py
[2023-10-10T15:38:32.723+0000] {processor.py:839} INFO - DAG(s) dict_keys(['example_setup_teardown']) retrieved from /home/airflow/.local/lib/python3.8/site-packages/airflow/example_dags/example_setup_teardown.py
[2023-10-10T15:38:32.745+0000] {logging_mixin.py:151} INFO - [2023-10-10T15:38:32.744+0000] {dag.py:2915} INFO - Sync 1 DAGs
[2023-10-10T15:38:32.765+0000] {logging_mixin.py:151} INFO - [2023-10-10T15:38:32.765+0000] {dag.py:3696} INFO - Setting next_dagrun for example_setup_teardown to 2023-10-09T15:38:32.765048+00:00, run_after=2023-10-10T15:38:32.765048+00:00
[2023-10-10T15:38:32.783+0000] {processor.py:179} INFO - Processing /home/airflow/.local/lib/python3.8/site-packages/airflow/example_dags/example_setup_teardown.py took 0.073 seconds
[2023-10-10T15:39:03.835+0000] {processor.py:157} INFO - Started process (PID=1747) to work on /home/airflow/.local/lib/python3.8/site-packages/airflow/example_dags/example_setup_teardown.py
[2023-10-10T15:39:03.837+0000] {processor.py:829} INFO - Processing file /home/airflow/.local/lib/python3.8/site-packages/airflow/example_dags/example_setup_teardown.py for tasks to queue
[2023-10-10T15:39:03.839+0000] {logging_mixin.py:151} INFO - [2023-10-10T15:39:03.838+0000] {dagbag.py:539} INFO - Filling up the DagBag from /home/airflow/.local/lib/python3.8/site-packages/airflow/example_dags/example_setup_teardown.py
[2023-10-10T15:39:03.847+0000] {processor.py:839} INFO - DAG(s) dict_keys(['example_setup_teardown']) retrieved from /home/airflow/.local/lib/python3.8/site-packages/airflow/example_dags/example_setup_teardown.py
[2023-10-10T15:39:03.866+0000] {logging_mixin.py:151} INFO - [2023-10-10T15:39:03.866+0000] {dag.py:2915} INFO - Sync 1 DAGs
[2023-10-10T15:39:03.890+0000] {logging_mixin.py:151} INFO - [2023-10-10T15:39:03.889+0000] {dag.py:3696} INFO - Setting next_dagrun for example_setup_teardown to 2023-10-09T15:39:03.889610+00:00, run_after=2023-10-10T15:39:03.889610+00:00
[2023-10-10T15:39:03.911+0000] {processor.py:179} INFO - Processing /home/airflow/.local/lib/python3.8/site-packages/airflow/example_dags/example_setup_teardown.py took 0.079 seconds
[2023-10-10T15:39:34.366+0000] {processor.py:157} INFO - Started process (PID=1801) to work on /home/airflow/.local/lib/python3.8/site-packages/airflow/example_dags/example_setup_teardown.py
[2023-10-10T15:39:34.367+0000] {processor.py:829} INFO - Processing file /home/airflow/.local/lib/python3.8/site-packages/airflow/example_dags/example_setup_teardown.py for tasks to queue
[2023-10-10T15:39:34.369+0000] {logging_mixin.py:151} INFO - [2023-10-10T15:39:34.369+0000] {dagbag.py:539} INFO - Filling up the DagBag from /home/airflow/.local/lib/python3.8/site-packages/airflow/example_dags/example_setup_teardown.py
[2023-10-10T15:39:34.375+0000] {processor.py:839} INFO - DAG(s) dict_keys(['example_setup_teardown']) retrieved from /home/airflow/.local/lib/python3.8/site-packages/airflow/example_dags/example_setup_teardown.py
[2023-10-10T15:39:34.395+0000] {logging_mixin.py:151} INFO - [2023-10-10T15:39:34.395+0000] {dag.py:2915} INFO - Sync 1 DAGs
[2023-10-10T15:39:34.419+0000] {logging_mixin.py:151} INFO - [2023-10-10T15:39:34.418+0000] {dag.py:3696} INFO - Setting next_dagrun for example_setup_teardown to 2023-10-09T15:39:34.418643+00:00, run_after=2023-10-10T15:39:34.418643+00:00
[2023-10-10T15:39:34.435+0000] {processor.py:179} INFO - Processing /home/airflow/.local/lib/python3.8/site-packages/airflow/example_dags/example_setup_teardown.py took 0.072 seconds
[2023-10-10T15:40:05.493+0000] {processor.py:157} INFO - Started process (PID=1855) to work on /home/airflow/.local/lib/python3.8/site-packages/airflow/example_dags/example_setup_teardown.py
[2023-10-10T15:40:05.495+0000] {processor.py:829} INFO - Processing file /home/airflow/.local/lib/python3.8/site-packages/airflow/example_dags/example_setup_teardown.py for tasks to queue
[2023-10-10T15:40:05.497+0000] {logging_mixin.py:151} INFO - [2023-10-10T15:40:05.496+0000] {dagbag.py:539} INFO - Filling up the DagBag from /home/airflow/.local/lib/python3.8/site-packages/airflow/example_dags/example_setup_teardown.py
[2023-10-10T15:40:05.504+0000] {processor.py:839} INFO - DAG(s) dict_keys(['example_setup_teardown']) retrieved from /home/airflow/.local/lib/python3.8/site-packages/airflow/example_dags/example_setup_teardown.py
[2023-10-10T15:40:05.583+0000] {logging_mixin.py:151} INFO - [2023-10-10T15:40:05.583+0000] {dag.py:2915} INFO - Sync 1 DAGs
[2023-10-10T15:40:05.615+0000] {logging_mixin.py:151} INFO - [2023-10-10T15:40:05.614+0000] {dag.py:3696} INFO - Setting next_dagrun for example_setup_teardown to 2023-10-09T15:40:05.614463+00:00, run_after=2023-10-10T15:40:05.614463+00:00
[2023-10-10T15:40:05.636+0000] {processor.py:179} INFO - Processing /home/airflow/.local/lib/python3.8/site-packages/airflow/example_dags/example_setup_teardown.py took 0.146 seconds
[2023-10-10T15:40:36.738+0000] {processor.py:157} INFO - Started process (PID=1909) to work on /home/airflow/.local/lib/python3.8/site-packages/airflow/example_dags/example_setup_teardown.py
[2023-10-10T15:40:36.739+0000] {processor.py:829} INFO - Processing file /home/airflow/.local/lib/python3.8/site-packages/airflow/example_dags/example_setup_teardown.py for tasks to queue
[2023-10-10T15:40:36.741+0000] {logging_mixin.py:151} INFO - [2023-10-10T15:40:36.741+0000] {dagbag.py:539} INFO - Filling up the DagBag from /home/airflow/.local/lib/python3.8/site-packages/airflow/example_dags/example_setup_teardown.py
[2023-10-10T15:40:36.746+0000] {processor.py:839} INFO - DAG(s) dict_keys(['example_setup_teardown']) retrieved from /home/airflow/.local/lib/python3.8/site-packages/airflow/example_dags/example_setup_teardown.py
[2023-10-10T15:40:36.765+0000] {logging_mixin.py:151} INFO - [2023-10-10T15:40:36.765+0000] {dag.py:2915} INFO - Sync 1 DAGs
[2023-10-10T15:40:36.789+0000] {logging_mixin.py:151} INFO - [2023-10-10T15:40:36.788+0000] {dag.py:3696} INFO - Setting next_dagrun for example_setup_teardown to 2023-10-09T15:40:36.788679+00:00, run_after=2023-10-10T15:40:36.788679+00:00
[2023-10-10T15:40:36.809+0000] {processor.py:179} INFO - Processing /home/airflow/.local/lib/python3.8/site-packages/airflow/example_dags/example_setup_teardown.py took 0.075 seconds
[2023-10-10T15:41:08.329+0000] {processor.py:157} INFO - Started process (PID=1963) to work on /home/airflow/.local/lib/python3.8/site-packages/airflow/example_dags/example_setup_teardown.py
[2023-10-10T15:41:08.331+0000] {processor.py:829} INFO - Processing file /home/airflow/.local/lib/python3.8/site-packages/airflow/example_dags/example_setup_teardown.py for tasks to queue
[2023-10-10T15:41:08.333+0000] {logging_mixin.py:151} INFO - [2023-10-10T15:41:08.333+0000] {dagbag.py:539} INFO - Filling up the DagBag from /home/airflow/.local/lib/python3.8/site-packages/airflow/example_dags/example_setup_teardown.py
[2023-10-10T15:41:08.338+0000] {processor.py:839} INFO - DAG(s) dict_keys(['example_setup_teardown']) retrieved from /home/airflow/.local/lib/python3.8/site-packages/airflow/example_dags/example_setup_teardown.py
[2023-10-10T15:41:08.394+0000] {logging_mixin.py:151} INFO - [2023-10-10T15:41:08.394+0000] {dag.py:2915} INFO - Sync 1 DAGs
[2023-10-10T15:41:08.422+0000] {logging_mixin.py:151} INFO - [2023-10-10T15:41:08.422+0000] {dag.py:3696} INFO - Setting next_dagrun for example_setup_teardown to 2023-10-09T15:41:08.422280+00:00, run_after=2023-10-10T15:41:08.422280+00:00
[2023-10-10T15:41:08.481+0000] {processor.py:179} INFO - Processing /home/airflow/.local/lib/python3.8/site-packages/airflow/example_dags/example_setup_teardown.py took 0.155 seconds
[2023-10-10T15:41:39.717+0000] {processor.py:157} INFO - Started process (PID=2016) to work on /home/airflow/.local/lib/python3.8/site-packages/airflow/example_dags/example_setup_teardown.py
[2023-10-10T15:41:39.718+0000] {processor.py:829} INFO - Processing file /home/airflow/.local/lib/python3.8/site-packages/airflow/example_dags/example_setup_teardown.py for tasks to queue
[2023-10-10T15:41:39.720+0000] {logging_mixin.py:151} INFO - [2023-10-10T15:41:39.720+0000] {dagbag.py:539} INFO - Filling up the DagBag from /home/airflow/.local/lib/python3.8/site-packages/airflow/example_dags/example_setup_teardown.py
[2023-10-10T15:41:39.726+0000] {processor.py:839} INFO - DAG(s) dict_keys(['example_setup_teardown']) retrieved from /home/airflow/.local/lib/python3.8/site-packages/airflow/example_dags/example_setup_teardown.py
[2023-10-10T15:41:39.785+0000] {logging_mixin.py:151} INFO - [2023-10-10T15:41:39.785+0000] {dag.py:2915} INFO - Sync 1 DAGs
[2023-10-10T15:41:39.808+0000] {logging_mixin.py:151} INFO - [2023-10-10T15:41:39.808+0000] {dag.py:3696} INFO - Setting next_dagrun for example_setup_teardown to 2023-10-09T15:41:39.807952+00:00, run_after=2023-10-10T15:41:39.807952+00:00
[2023-10-10T15:41:39.827+0000] {processor.py:179} INFO - Processing /home/airflow/.local/lib/python3.8/site-packages/airflow/example_dags/example_setup_teardown.py took 0.114 seconds
[2023-10-10T15:42:10.796+0000] {processor.py:157} INFO - Started process (PID=2070) to work on /home/airflow/.local/lib/python3.8/site-packages/airflow/example_dags/example_setup_teardown.py
[2023-10-10T15:42:10.797+0000] {processor.py:829} INFO - Processing file /home/airflow/.local/lib/python3.8/site-packages/airflow/example_dags/example_setup_teardown.py for tasks to queue
[2023-10-10T15:42:10.799+0000] {logging_mixin.py:151} INFO - [2023-10-10T15:42:10.799+0000] {dagbag.py:539} INFO - Filling up the DagBag from /home/airflow/.local/lib/python3.8/site-packages/airflow/example_dags/example_setup_teardown.py
[2023-10-10T15:42:10.806+0000] {processor.py:839} INFO - DAG(s) dict_keys(['example_setup_teardown']) retrieved from /home/airflow/.local/lib/python3.8/site-packages/airflow/example_dags/example_setup_teardown.py
[2023-10-10T15:42:10.831+0000] {logging_mixin.py:151} INFO - [2023-10-10T15:42:10.831+0000] {dag.py:2915} INFO - Sync 1 DAGs
[2023-10-10T15:42:10.850+0000] {logging_mixin.py:151} INFO - [2023-10-10T15:42:10.850+0000] {dag.py:3696} INFO - Setting next_dagrun for example_setup_teardown to 2023-10-09T15:42:10.850420+00:00, run_after=2023-10-10T15:42:10.850420+00:00
[2023-10-10T15:42:10.864+0000] {processor.py:179} INFO - Processing /home/airflow/.local/lib/python3.8/site-packages/airflow/example_dags/example_setup_teardown.py took 0.071 seconds
[2023-10-10T15:42:41.832+0000] {processor.py:157} INFO - Started process (PID=2124) to work on /home/airflow/.local/lib/python3.8/site-packages/airflow/example_dags/example_setup_teardown.py
[2023-10-10T15:42:41.833+0000] {processor.py:829} INFO - Processing file /home/airflow/.local/lib/python3.8/site-packages/airflow/example_dags/example_setup_teardown.py for tasks to queue
[2023-10-10T15:42:41.835+0000] {logging_mixin.py:151} INFO - [2023-10-10T15:42:41.834+0000] {dagbag.py:539} INFO - Filling up the DagBag from /home/airflow/.local/lib/python3.8/site-packages/airflow/example_dags/example_setup_teardown.py
[2023-10-10T15:42:41.840+0000] {processor.py:839} INFO - DAG(s) dict_keys(['example_setup_teardown']) retrieved from /home/airflow/.local/lib/python3.8/site-packages/airflow/example_dags/example_setup_teardown.py
[2023-10-10T15:42:41.857+0000] {logging_mixin.py:151} INFO - [2023-10-10T15:42:41.857+0000] {dag.py:2915} INFO - Sync 1 DAGs
[2023-10-10T15:42:41.880+0000] {logging_mixin.py:151} INFO - [2023-10-10T15:42:41.880+0000] {dag.py:3696} INFO - Setting next_dagrun for example_setup_teardown to 2023-10-09T15:42:41.880105+00:00, run_after=2023-10-10T15:42:41.880105+00:00
[2023-10-10T15:42:41.899+0000] {processor.py:179} INFO - Processing /home/airflow/.local/lib/python3.8/site-packages/airflow/example_dags/example_setup_teardown.py took 0.070 seconds
[2023-10-10T15:43:12.165+0000] {processor.py:157} INFO - Started process (PID=2178) to work on /home/airflow/.local/lib/python3.8/site-packages/airflow/example_dags/example_setup_teardown.py
[2023-10-10T15:43:12.165+0000] {processor.py:829} INFO - Processing file /home/airflow/.local/lib/python3.8/site-packages/airflow/example_dags/example_setup_teardown.py for tasks to queue
[2023-10-10T15:43:12.167+0000] {logging_mixin.py:151} INFO - [2023-10-10T15:43:12.167+0000] {dagbag.py:539} INFO - Filling up the DagBag from /home/airflow/.local/lib/python3.8/site-packages/airflow/example_dags/example_setup_teardown.py
[2023-10-10T15:43:12.172+0000] {processor.py:839} INFO - DAG(s) dict_keys(['example_setup_teardown']) retrieved from /home/airflow/.local/lib/python3.8/site-packages/airflow/example_dags/example_setup_teardown.py
[2023-10-10T15:43:12.197+0000] {logging_mixin.py:151} INFO - [2023-10-10T15:43:12.197+0000] {dag.py:2915} INFO - Sync 1 DAGs
[2023-10-10T15:43:12.221+0000] {logging_mixin.py:151} INFO - [2023-10-10T15:43:12.221+0000] {dag.py:3696} INFO - Setting next_dagrun for example_setup_teardown to 2023-10-09T15:43:12.220981+00:00, run_after=2023-10-10T15:43:12.220981+00:00
[2023-10-10T15:43:12.237+0000] {processor.py:179} INFO - Processing /home/airflow/.local/lib/python3.8/site-packages/airflow/example_dags/example_setup_teardown.py took 0.075 seconds
[2023-10-10T15:43:43.120+0000] {processor.py:157} INFO - Started process (PID=2232) to work on /home/airflow/.local/lib/python3.8/site-packages/airflow/example_dags/example_setup_teardown.py
[2023-10-10T15:43:43.121+0000] {processor.py:829} INFO - Processing file /home/airflow/.local/lib/python3.8/site-packages/airflow/example_dags/example_setup_teardown.py for tasks to queue
[2023-10-10T15:43:43.123+0000] {logging_mixin.py:151} INFO - [2023-10-10T15:43:43.123+0000] {dagbag.py:539} INFO - Filling up the DagBag from /home/airflow/.local/lib/python3.8/site-packages/airflow/example_dags/example_setup_teardown.py
[2023-10-10T15:43:43.129+0000] {processor.py:839} INFO - DAG(s) dict_keys(['example_setup_teardown']) retrieved from /home/airflow/.local/lib/python3.8/site-packages/airflow/example_dags/example_setup_teardown.py
[2023-10-10T15:43:43.152+0000] {logging_mixin.py:151} INFO - [2023-10-10T15:43:43.152+0000] {dag.py:2915} INFO - Sync 1 DAGs
[2023-10-10T15:43:43.177+0000] {logging_mixin.py:151} INFO - [2023-10-10T15:43:43.177+0000] {dag.py:3696} INFO - Setting next_dagrun for example_setup_teardown to 2023-10-09T15:43:43.176824+00:00, run_after=2023-10-10T15:43:43.176824+00:00
[2023-10-10T15:43:43.195+0000] {processor.py:179} INFO - Processing /home/airflow/.local/lib/python3.8/site-packages/airflow/example_dags/example_setup_teardown.py took 0.078 seconds
[2023-10-10T15:44:14.392+0000] {processor.py:157} INFO - Started process (PID=2286) to work on /home/airflow/.local/lib/python3.8/site-packages/airflow/example_dags/example_setup_teardown.py
[2023-10-10T15:44:14.393+0000] {processor.py:829} INFO - Processing file /home/airflow/.local/lib/python3.8/site-packages/airflow/example_dags/example_setup_teardown.py for tasks to queue
[2023-10-10T15:44:14.395+0000] {logging_mixin.py:151} INFO - [2023-10-10T15:44:14.395+0000] {dagbag.py:539} INFO - Filling up the DagBag from /home/airflow/.local/lib/python3.8/site-packages/airflow/example_dags/example_setup_teardown.py
[2023-10-10T15:44:14.401+0000] {processor.py:839} INFO - DAG(s) dict_keys(['example_setup_teardown']) retrieved from /home/airflow/.local/lib/python3.8/site-packages/airflow/example_dags/example_setup_teardown.py
[2023-10-10T15:44:14.420+0000] {logging_mixin.py:151} INFO - [2023-10-10T15:44:14.419+0000] {dag.py:2915} INFO - Sync 1 DAGs
[2023-10-10T15:44:14.440+0000] {logging_mixin.py:151} INFO - [2023-10-10T15:44:14.440+0000] {dag.py:3696} INFO - Setting next_dagrun for example_setup_teardown to 2023-10-09T15:44:14.440130+00:00, run_after=2023-10-10T15:44:14.440130+00:00
[2023-10-10T15:44:14.454+0000] {processor.py:179} INFO - Processing /home/airflow/.local/lib/python3.8/site-packages/airflow/example_dags/example_setup_teardown.py took 0.066 seconds
[2023-10-10T15:44:44.948+0000] {processor.py:157} INFO - Started process (PID=2340) to work on /home/airflow/.local/lib/python3.8/site-packages/airflow/example_dags/example_setup_teardown.py
[2023-10-10T15:44:44.949+0000] {processor.py:829} INFO - Processing file /home/airflow/.local/lib/python3.8/site-packages/airflow/example_dags/example_setup_teardown.py for tasks to queue
[2023-10-10T15:44:44.950+0000] {logging_mixin.py:151} INFO - [2023-10-10T15:44:44.950+0000] {dagbag.py:539} INFO - Filling up the DagBag from /home/airflow/.local/lib/python3.8/site-packages/airflow/example_dags/example_setup_teardown.py
[2023-10-10T15:44:44.956+0000] {processor.py:839} INFO - DAG(s) dict_keys(['example_setup_teardown']) retrieved from /home/airflow/.local/lib/python3.8/site-packages/airflow/example_dags/example_setup_teardown.py
[2023-10-10T15:44:44.974+0000] {logging_mixin.py:151} INFO - [2023-10-10T15:44:44.974+0000] {dag.py:2915} INFO - Sync 1 DAGs
[2023-10-10T15:44:44.998+0000] {logging_mixin.py:151} INFO - [2023-10-10T15:44:44.998+0000] {dag.py:3696} INFO - Setting next_dagrun for example_setup_teardown to 2023-10-09T15:44:44.997859+00:00, run_after=2023-10-10T15:44:44.997859+00:00
[2023-10-10T15:44:45.018+0000] {processor.py:179} INFO - Processing /home/airflow/.local/lib/python3.8/site-packages/airflow/example_dags/example_setup_teardown.py took 0.072 seconds
[2023-10-10T15:45:15.937+0000] {processor.py:157} INFO - Started process (PID=2394) to work on /home/airflow/.local/lib/python3.8/site-packages/airflow/example_dags/example_setup_teardown.py
[2023-10-10T15:45:15.938+0000] {processor.py:829} INFO - Processing file /home/airflow/.local/lib/python3.8/site-packages/airflow/example_dags/example_setup_teardown.py for tasks to queue
[2023-10-10T15:45:15.940+0000] {logging_mixin.py:151} INFO - [2023-10-10T15:45:15.940+0000] {dagbag.py:539} INFO - Filling up the DagBag from /home/airflow/.local/lib/python3.8/site-packages/airflow/example_dags/example_setup_teardown.py
[2023-10-10T15:45:15.948+0000] {processor.py:839} INFO - DAG(s) dict_keys(['example_setup_teardown']) retrieved from /home/airflow/.local/lib/python3.8/site-packages/airflow/example_dags/example_setup_teardown.py
[2023-10-10T15:45:15.998+0000] {logging_mixin.py:151} INFO - [2023-10-10T15:45:15.998+0000] {dag.py:2915} INFO - Sync 1 DAGs
[2023-10-10T15:45:16.026+0000] {logging_mixin.py:151} INFO - [2023-10-10T15:45:16.026+0000] {dag.py:3696} INFO - Setting next_dagrun for example_setup_teardown to 2023-10-09T15:45:16.025925+00:00, run_after=2023-10-10T15:45:16.025925+00:00
[2023-10-10T15:45:16.049+0000] {processor.py:179} INFO - Processing /home/airflow/.local/lib/python3.8/site-packages/airflow/example_dags/example_setup_teardown.py took 0.116 seconds
[2023-10-10T15:45:47.091+0000] {processor.py:157} INFO - Started process (PID=2448) to work on /home/airflow/.local/lib/python3.8/site-packages/airflow/example_dags/example_setup_teardown.py
[2023-10-10T15:45:47.092+0000] {processor.py:829} INFO - Processing file /home/airflow/.local/lib/python3.8/site-packages/airflow/example_dags/example_setup_teardown.py for tasks to queue
[2023-10-10T15:45:47.095+0000] {logging_mixin.py:151} INFO - [2023-10-10T15:45:47.094+0000] {dagbag.py:539} INFO - Filling up the DagBag from /home/airflow/.local/lib/python3.8/site-packages/airflow/example_dags/example_setup_teardown.py
[2023-10-10T15:45:47.101+0000] {processor.py:839} INFO - DAG(s) dict_keys(['example_setup_teardown']) retrieved from /home/airflow/.local/lib/python3.8/site-packages/airflow/example_dags/example_setup_teardown.py
[2023-10-10T15:45:47.120+0000] {logging_mixin.py:151} INFO - [2023-10-10T15:45:47.120+0000] {dag.py:2915} INFO - Sync 1 DAGs
[2023-10-10T15:45:47.140+0000] {logging_mixin.py:151} INFO - [2023-10-10T15:45:47.139+0000] {dag.py:3696} INFO - Setting next_dagrun for example_setup_teardown to 2023-10-09T15:45:47.139757+00:00, run_after=2023-10-10T15:45:47.139757+00:00
[2023-10-10T15:45:47.157+0000] {processor.py:179} INFO - Processing /home/airflow/.local/lib/python3.8/site-packages/airflow/example_dags/example_setup_teardown.py took 0.069 seconds
[2023-10-10T15:46:18.240+0000] {processor.py:157} INFO - Started process (PID=2502) to work on /home/airflow/.local/lib/python3.8/site-packages/airflow/example_dags/example_setup_teardown.py
[2023-10-10T15:46:18.240+0000] {processor.py:829} INFO - Processing file /home/airflow/.local/lib/python3.8/site-packages/airflow/example_dags/example_setup_teardown.py for tasks to queue
[2023-10-10T15:46:18.242+0000] {logging_mixin.py:151} INFO - [2023-10-10T15:46:18.242+0000] {dagbag.py:539} INFO - Filling up the DagBag from /home/airflow/.local/lib/python3.8/site-packages/airflow/example_dags/example_setup_teardown.py
[2023-10-10T15:46:18.247+0000] {processor.py:839} INFO - DAG(s) dict_keys(['example_setup_teardown']) retrieved from /home/airflow/.local/lib/python3.8/site-packages/airflow/example_dags/example_setup_teardown.py
[2023-10-10T15:46:18.265+0000] {logging_mixin.py:151} INFO - [2023-10-10T15:46:18.265+0000] {dag.py:2915} INFO - Sync 1 DAGs
[2023-10-10T15:46:18.285+0000] {logging_mixin.py:151} INFO - [2023-10-10T15:46:18.284+0000] {dag.py:3696} INFO - Setting next_dagrun for example_setup_teardown to 2023-10-09T15:46:18.284584+00:00, run_after=2023-10-10T15:46:18.284584+00:00
[2023-10-10T15:46:18.300+0000] {processor.py:179} INFO - Processing /home/airflow/.local/lib/python3.8/site-packages/airflow/example_dags/example_setup_teardown.py took 0.063 seconds
[2023-10-10T15:46:49.374+0000] {processor.py:157} INFO - Started process (PID=2556) to work on /home/airflow/.local/lib/python3.8/site-packages/airflow/example_dags/example_setup_teardown.py
[2023-10-10T15:46:49.375+0000] {processor.py:829} INFO - Processing file /home/airflow/.local/lib/python3.8/site-packages/airflow/example_dags/example_setup_teardown.py for tasks to queue
[2023-10-10T15:46:49.378+0000] {logging_mixin.py:151} INFO - [2023-10-10T15:46:49.377+0000] {dagbag.py:539} INFO - Filling up the DagBag from /home/airflow/.local/lib/python3.8/site-packages/airflow/example_dags/example_setup_teardown.py
[2023-10-10T15:46:49.385+0000] {processor.py:839} INFO - DAG(s) dict_keys(['example_setup_teardown']) retrieved from /home/airflow/.local/lib/python3.8/site-packages/airflow/example_dags/example_setup_teardown.py
[2023-10-10T15:46:49.403+0000] {logging_mixin.py:151} INFO - [2023-10-10T15:46:49.403+0000] {dag.py:2915} INFO - Sync 1 DAGs
[2023-10-10T15:46:49.422+0000] {logging_mixin.py:151} INFO - [2023-10-10T15:46:49.422+0000] {dag.py:3696} INFO - Setting next_dagrun for example_setup_teardown to 2023-10-09T15:46:49.422329+00:00, run_after=2023-10-10T15:46:49.422329+00:00
[2023-10-10T15:46:49.438+0000] {processor.py:179} INFO - Processing /home/airflow/.local/lib/python3.8/site-packages/airflow/example_dags/example_setup_teardown.py took 0.066 seconds
[2023-10-10T15:47:19.793+0000] {processor.py:157} INFO - Started process (PID=2610) to work on /home/airflow/.local/lib/python3.8/site-packages/airflow/example_dags/example_setup_teardown.py
[2023-10-10T15:47:19.794+0000] {processor.py:829} INFO - Processing file /home/airflow/.local/lib/python3.8/site-packages/airflow/example_dags/example_setup_teardown.py for tasks to queue
[2023-10-10T15:47:19.796+0000] {logging_mixin.py:151} INFO - [2023-10-10T15:47:19.796+0000] {dagbag.py:539} INFO - Filling up the DagBag from /home/airflow/.local/lib/python3.8/site-packages/airflow/example_dags/example_setup_teardown.py
[2023-10-10T15:47:19.801+0000] {processor.py:839} INFO - DAG(s) dict_keys(['example_setup_teardown']) retrieved from /home/airflow/.local/lib/python3.8/site-packages/airflow/example_dags/example_setup_teardown.py
[2023-10-10T15:47:19.820+0000] {logging_mixin.py:151} INFO - [2023-10-10T15:47:19.820+0000] {dag.py:2915} INFO - Sync 1 DAGs
[2023-10-10T15:47:19.839+0000] {logging_mixin.py:151} INFO - [2023-10-10T15:47:19.839+0000] {dag.py:3696} INFO - Setting next_dagrun for example_setup_teardown to 2023-10-09T15:47:19.839388+00:00, run_after=2023-10-10T15:47:19.839388+00:00
[2023-10-10T15:47:19.855+0000] {processor.py:179} INFO - Processing /home/airflow/.local/lib/python3.8/site-packages/airflow/example_dags/example_setup_teardown.py took 0.065 seconds
[2023-10-10T15:47:50.346+0000] {processor.py:157} INFO - Started process (PID=2664) to work on /home/airflow/.local/lib/python3.8/site-packages/airflow/example_dags/example_setup_teardown.py
[2023-10-10T15:47:50.347+0000] {processor.py:829} INFO - Processing file /home/airflow/.local/lib/python3.8/site-packages/airflow/example_dags/example_setup_teardown.py for tasks to queue
[2023-10-10T15:47:50.348+0000] {logging_mixin.py:151} INFO - [2023-10-10T15:47:50.348+0000] {dagbag.py:539} INFO - Filling up the DagBag from /home/airflow/.local/lib/python3.8/site-packages/airflow/example_dags/example_setup_teardown.py
[2023-10-10T15:47:50.354+0000] {processor.py:839} INFO - DAG(s) dict_keys(['example_setup_teardown']) retrieved from /home/airflow/.local/lib/python3.8/site-packages/airflow/example_dags/example_setup_teardown.py
[2023-10-10T15:47:50.384+0000] {logging_mixin.py:151} INFO - [2023-10-10T15:47:50.384+0000] {dag.py:2915} INFO - Sync 1 DAGs
[2023-10-10T15:47:50.402+0000] {logging_mixin.py:151} INFO - [2023-10-10T15:47:50.402+0000] {dag.py:3696} INFO - Setting next_dagrun for example_setup_teardown to 2023-10-09T15:47:50.401934+00:00, run_after=2023-10-10T15:47:50.401934+00:00
[2023-10-10T15:47:50.416+0000] {processor.py:179} INFO - Processing /home/airflow/.local/lib/python3.8/site-packages/airflow/example_dags/example_setup_teardown.py took 0.073 seconds
[2023-10-10T15:48:20.909+0000] {processor.py:157} INFO - Started process (PID=2718) to work on /home/airflow/.local/lib/python3.8/site-packages/airflow/example_dags/example_setup_teardown.py
[2023-10-10T15:48:20.910+0000] {processor.py:829} INFO - Processing file /home/airflow/.local/lib/python3.8/site-packages/airflow/example_dags/example_setup_teardown.py for tasks to queue
[2023-10-10T15:48:20.912+0000] {logging_mixin.py:151} INFO - [2023-10-10T15:48:20.912+0000] {dagbag.py:539} INFO - Filling up the DagBag from /home/airflow/.local/lib/python3.8/site-packages/airflow/example_dags/example_setup_teardown.py
[2023-10-10T15:48:20.918+0000] {processor.py:839} INFO - DAG(s) dict_keys(['example_setup_teardown']) retrieved from /home/airflow/.local/lib/python3.8/site-packages/airflow/example_dags/example_setup_teardown.py
[2023-10-10T15:48:20.938+0000] {logging_mixin.py:151} INFO - [2023-10-10T15:48:20.937+0000] {dag.py:2915} INFO - Sync 1 DAGs
[2023-10-10T15:48:20.960+0000] {logging_mixin.py:151} INFO - [2023-10-10T15:48:20.959+0000] {dag.py:3696} INFO - Setting next_dagrun for example_setup_teardown to 2023-10-09T15:48:20.959545+00:00, run_after=2023-10-10T15:48:20.959545+00:00
[2023-10-10T15:48:20.982+0000] {processor.py:179} INFO - Processing /home/airflow/.local/lib/python3.8/site-packages/airflow/example_dags/example_setup_teardown.py took 0.077 seconds
[2023-10-10T15:48:51.435+0000] {processor.py:157} INFO - Started process (PID=2772) to work on /home/airflow/.local/lib/python3.8/site-packages/airflow/example_dags/example_setup_teardown.py
[2023-10-10T15:48:51.435+0000] {processor.py:829} INFO - Processing file /home/airflow/.local/lib/python3.8/site-packages/airflow/example_dags/example_setup_teardown.py for tasks to queue
[2023-10-10T15:48:51.437+0000] {logging_mixin.py:151} INFO - [2023-10-10T15:48:51.437+0000] {dagbag.py:539} INFO - Filling up the DagBag from /home/airflow/.local/lib/python3.8/site-packages/airflow/example_dags/example_setup_teardown.py
[2023-10-10T15:48:51.441+0000] {processor.py:839} INFO - DAG(s) dict_keys(['example_setup_teardown']) retrieved from /home/airflow/.local/lib/python3.8/site-packages/airflow/example_dags/example_setup_teardown.py
[2023-10-10T15:48:51.458+0000] {logging_mixin.py:151} INFO - [2023-10-10T15:48:51.458+0000] {dag.py:2915} INFO - Sync 1 DAGs
[2023-10-10T15:48:51.476+0000] {logging_mixin.py:151} INFO - [2023-10-10T15:48:51.476+0000] {dag.py:3696} INFO - Setting next_dagrun for example_setup_teardown to 2023-10-09T15:48:51.475999+00:00, run_after=2023-10-10T15:48:51.475999+00:00
[2023-10-10T15:48:51.491+0000] {processor.py:179} INFO - Processing /home/airflow/.local/lib/python3.8/site-packages/airflow/example_dags/example_setup_teardown.py took 0.058 seconds
[2023-10-10T15:49:22.146+0000] {processor.py:157} INFO - Started process (PID=2826) to work on /home/airflow/.local/lib/python3.8/site-packages/airflow/example_dags/example_setup_teardown.py
[2023-10-10T15:49:22.146+0000] {processor.py:829} INFO - Processing file /home/airflow/.local/lib/python3.8/site-packages/airflow/example_dags/example_setup_teardown.py for tasks to queue
[2023-10-10T15:49:22.148+0000] {logging_mixin.py:151} INFO - [2023-10-10T15:49:22.148+0000] {dagbag.py:539} INFO - Filling up the DagBag from /home/airflow/.local/lib/python3.8/site-packages/airflow/example_dags/example_setup_teardown.py
[2023-10-10T15:49:22.154+0000] {processor.py:839} INFO - DAG(s) dict_keys(['example_setup_teardown']) retrieved from /home/airflow/.local/lib/python3.8/site-packages/airflow/example_dags/example_setup_teardown.py
[2023-10-10T15:49:22.174+0000] {logging_mixin.py:151} INFO - [2023-10-10T15:49:22.174+0000] {dag.py:2915} INFO - Sync 1 DAGs
[2023-10-10T15:49:22.194+0000] {logging_mixin.py:151} INFO - [2023-10-10T15:49:22.194+0000] {dag.py:3696} INFO - Setting next_dagrun for example_setup_teardown to 2023-10-09T15:49:22.194017+00:00, run_after=2023-10-10T15:49:22.194017+00:00
[2023-10-10T15:49:22.210+0000] {processor.py:179} INFO - Processing /home/airflow/.local/lib/python3.8/site-packages/airflow/example_dags/example_setup_teardown.py took 0.067 seconds
[2023-10-10T15:49:52.928+0000] {processor.py:157} INFO - Started process (PID=2880) to work on /home/airflow/.local/lib/python3.8/site-packages/airflow/example_dags/example_setup_teardown.py
[2023-10-10T15:49:52.929+0000] {processor.py:829} INFO - Processing file /home/airflow/.local/lib/python3.8/site-packages/airflow/example_dags/example_setup_teardown.py for tasks to queue
[2023-10-10T15:49:52.930+0000] {logging_mixin.py:151} INFO - [2023-10-10T15:49:52.930+0000] {dagbag.py:539} INFO - Filling up the DagBag from /home/airflow/.local/lib/python3.8/site-packages/airflow/example_dags/example_setup_teardown.py
[2023-10-10T15:49:52.935+0000] {processor.py:839} INFO - DAG(s) dict_keys(['example_setup_teardown']) retrieved from /home/airflow/.local/lib/python3.8/site-packages/airflow/example_dags/example_setup_teardown.py
[2023-10-10T15:49:52.953+0000] {logging_mixin.py:151} INFO - [2023-10-10T15:49:52.953+0000] {dag.py:2915} INFO - Sync 1 DAGs
[2023-10-10T15:49:52.981+0000] {logging_mixin.py:151} INFO - [2023-10-10T15:49:52.981+0000] {dag.py:3696} INFO - Setting next_dagrun for example_setup_teardown to 2023-10-09T15:49:52.980662+00:00, run_after=2023-10-10T15:49:52.980662+00:00
[2023-10-10T15:49:52.997+0000] {processor.py:179} INFO - Processing /home/airflow/.local/lib/python3.8/site-packages/airflow/example_dags/example_setup_teardown.py took 0.072 seconds
[2023-10-10T15:50:23.707+0000] {processor.py:157} INFO - Started process (PID=2934) to work on /home/airflow/.local/lib/python3.8/site-packages/airflow/example_dags/example_setup_teardown.py
[2023-10-10T15:50:23.708+0000] {processor.py:829} INFO - Processing file /home/airflow/.local/lib/python3.8/site-packages/airflow/example_dags/example_setup_teardown.py for tasks to queue
[2023-10-10T15:50:23.710+0000] {logging_mixin.py:151} INFO - [2023-10-10T15:50:23.710+0000] {dagbag.py:539} INFO - Filling up the DagBag from /home/airflow/.local/lib/python3.8/site-packages/airflow/example_dags/example_setup_teardown.py
[2023-10-10T15:50:23.716+0000] {processor.py:839} INFO - DAG(s) dict_keys(['example_setup_teardown']) retrieved from /home/airflow/.local/lib/python3.8/site-packages/airflow/example_dags/example_setup_teardown.py
[2023-10-10T15:50:23.740+0000] {logging_mixin.py:151} INFO - [2023-10-10T15:50:23.740+0000] {dag.py:2915} INFO - Sync 1 DAGs
[2023-10-10T15:50:23.764+0000] {logging_mixin.py:151} INFO - [2023-10-10T15:50:23.764+0000] {dag.py:3696} INFO - Setting next_dagrun for example_setup_teardown to 2023-10-09T15:50:23.763816+00:00, run_after=2023-10-10T15:50:23.763816+00:00
[2023-10-10T15:50:23.784+0000] {processor.py:179} INFO - Processing /home/airflow/.local/lib/python3.8/site-packages/airflow/example_dags/example_setup_teardown.py took 0.080 seconds
[2023-10-10T15:50:54.295+0000] {processor.py:157} INFO - Started process (PID=2988) to work on /home/airflow/.local/lib/python3.8/site-packages/airflow/example_dags/example_setup_teardown.py
[2023-10-10T15:50:54.295+0000] {processor.py:829} INFO - Processing file /home/airflow/.local/lib/python3.8/site-packages/airflow/example_dags/example_setup_teardown.py for tasks to queue
[2023-10-10T15:50:54.297+0000] {logging_mixin.py:151} INFO - [2023-10-10T15:50:54.297+0000] {dagbag.py:539} INFO - Filling up the DagBag from /home/airflow/.local/lib/python3.8/site-packages/airflow/example_dags/example_setup_teardown.py
[2023-10-10T15:50:54.303+0000] {processor.py:839} INFO - DAG(s) dict_keys(['example_setup_teardown']) retrieved from /home/airflow/.local/lib/python3.8/site-packages/airflow/example_dags/example_setup_teardown.py
[2023-10-10T15:50:54.326+0000] {logging_mixin.py:151} INFO - [2023-10-10T15:50:54.326+0000] {dag.py:2915} INFO - Sync 1 DAGs
[2023-10-10T15:50:54.354+0000] {logging_mixin.py:151} INFO - [2023-10-10T15:50:54.353+0000] {dag.py:3696} INFO - Setting next_dagrun for example_setup_teardown to 2023-10-09T15:50:54.353696+00:00, run_after=2023-10-10T15:50:54.353696+00:00
[2023-10-10T15:50:54.391+0000] {processor.py:179} INFO - Processing /home/airflow/.local/lib/python3.8/site-packages/airflow/example_dags/example_setup_teardown.py took 0.099 seconds
[2023-10-10T15:51:25.409+0000] {processor.py:157} INFO - Started process (PID=3042) to work on /home/airflow/.local/lib/python3.8/site-packages/airflow/example_dags/example_setup_teardown.py
[2023-10-10T15:51:25.410+0000] {processor.py:829} INFO - Processing file /home/airflow/.local/lib/python3.8/site-packages/airflow/example_dags/example_setup_teardown.py for tasks to queue
[2023-10-10T15:51:25.412+0000] {logging_mixin.py:151} INFO - [2023-10-10T15:51:25.411+0000] {dagbag.py:539} INFO - Filling up the DagBag from /home/airflow/.local/lib/python3.8/site-packages/airflow/example_dags/example_setup_teardown.py
[2023-10-10T15:51:25.417+0000] {processor.py:839} INFO - DAG(s) dict_keys(['example_setup_teardown']) retrieved from /home/airflow/.local/lib/python3.8/site-packages/airflow/example_dags/example_setup_teardown.py
[2023-10-10T15:51:25.433+0000] {logging_mixin.py:151} INFO - [2023-10-10T15:51:25.433+0000] {dag.py:2915} INFO - Sync 1 DAGs
[2023-10-10T15:51:25.450+0000] {logging_mixin.py:151} INFO - [2023-10-10T15:51:25.450+0000] {dag.py:3696} INFO - Setting next_dagrun for example_setup_teardown to 2023-10-09T15:51:25.450505+00:00, run_after=2023-10-10T15:51:25.450505+00:00
[2023-10-10T15:51:25.488+0000] {processor.py:179} INFO - Processing /home/airflow/.local/lib/python3.8/site-packages/airflow/example_dags/example_setup_teardown.py took 0.081 seconds
[2023-10-10T15:51:56.722+0000] {processor.py:157} INFO - Started process (PID=3096) to work on /home/airflow/.local/lib/python3.8/site-packages/airflow/example_dags/example_setup_teardown.py
[2023-10-10T15:51:56.723+0000] {processor.py:829} INFO - Processing file /home/airflow/.local/lib/python3.8/site-packages/airflow/example_dags/example_setup_teardown.py for tasks to queue
[2023-10-10T15:51:56.724+0000] {logging_mixin.py:151} INFO - [2023-10-10T15:51:56.724+0000] {dagbag.py:539} INFO - Filling up the DagBag from /home/airflow/.local/lib/python3.8/site-packages/airflow/example_dags/example_setup_teardown.py
[2023-10-10T15:51:56.730+0000] {processor.py:839} INFO - DAG(s) dict_keys(['example_setup_teardown']) retrieved from /home/airflow/.local/lib/python3.8/site-packages/airflow/example_dags/example_setup_teardown.py
[2023-10-10T15:51:56.749+0000] {logging_mixin.py:151} INFO - [2023-10-10T15:51:56.749+0000] {dag.py:2915} INFO - Sync 1 DAGs
[2023-10-10T15:51:56.770+0000] {logging_mixin.py:151} INFO - [2023-10-10T15:51:56.770+0000] {dag.py:3696} INFO - Setting next_dagrun for example_setup_teardown to 2023-10-09T15:51:56.770084+00:00, run_after=2023-10-10T15:51:56.770084+00:00
[2023-10-10T15:51:56.797+0000] {processor.py:179} INFO - Processing /home/airflow/.local/lib/python3.8/site-packages/airflow/example_dags/example_setup_teardown.py took 0.078 seconds
[2023-10-10T15:52:27.215+0000] {processor.py:157} INFO - Started process (PID=3150) to work on /home/airflow/.local/lib/python3.8/site-packages/airflow/example_dags/example_setup_teardown.py
[2023-10-10T15:52:27.216+0000] {processor.py:829} INFO - Processing file /home/airflow/.local/lib/python3.8/site-packages/airflow/example_dags/example_setup_teardown.py for tasks to queue
[2023-10-10T15:52:27.218+0000] {logging_mixin.py:151} INFO - [2023-10-10T15:52:27.217+0000] {dagbag.py:539} INFO - Filling up the DagBag from /home/airflow/.local/lib/python3.8/site-packages/airflow/example_dags/example_setup_teardown.py
[2023-10-10T15:52:27.222+0000] {processor.py:839} INFO - DAG(s) dict_keys(['example_setup_teardown']) retrieved from /home/airflow/.local/lib/python3.8/site-packages/airflow/example_dags/example_setup_teardown.py
[2023-10-10T15:52:27.240+0000] {logging_mixin.py:151} INFO - [2023-10-10T15:52:27.240+0000] {dag.py:2915} INFO - Sync 1 DAGs
[2023-10-10T15:52:27.258+0000] {logging_mixin.py:151} INFO - [2023-10-10T15:52:27.258+0000] {dag.py:3696} INFO - Setting next_dagrun for example_setup_teardown to 2023-10-09T15:52:27.258454+00:00, run_after=2023-10-10T15:52:27.258454+00:00
[2023-10-10T15:52:27.286+0000] {processor.py:179} INFO - Processing /home/airflow/.local/lib/python3.8/site-packages/airflow/example_dags/example_setup_teardown.py took 0.073 seconds
[2023-10-10T15:52:58.618+0000] {processor.py:157} INFO - Started process (PID=3211) to work on /home/airflow/.local/lib/python3.8/site-packages/airflow/example_dags/example_setup_teardown.py
[2023-10-10T15:52:58.619+0000] {processor.py:829} INFO - Processing file /home/airflow/.local/lib/python3.8/site-packages/airflow/example_dags/example_setup_teardown.py for tasks to queue
[2023-10-10T15:52:58.622+0000] {logging_mixin.py:151} INFO - [2023-10-10T15:52:58.621+0000] {dagbag.py:539} INFO - Filling up the DagBag from /home/airflow/.local/lib/python3.8/site-packages/airflow/example_dags/example_setup_teardown.py
[2023-10-10T15:52:58.629+0000] {processor.py:839} INFO - DAG(s) dict_keys(['example_setup_teardown']) retrieved from /home/airflow/.local/lib/python3.8/site-packages/airflow/example_dags/example_setup_teardown.py
[2023-10-10T15:52:58.654+0000] {logging_mixin.py:151} INFO - [2023-10-10T15:52:58.654+0000] {dag.py:2915} INFO - Sync 1 DAGs
[2023-10-10T15:52:58.681+0000] {logging_mixin.py:151} INFO - [2023-10-10T15:52:58.680+0000] {dag.py:3696} INFO - Setting next_dagrun for example_setup_teardown to 2023-10-09T15:52:58.680644+00:00, run_after=2023-10-10T15:52:58.680644+00:00
[2023-10-10T15:52:58.701+0000] {processor.py:179} INFO - Processing /home/airflow/.local/lib/python3.8/site-packages/airflow/example_dags/example_setup_teardown.py took 0.085 seconds
[2023-10-10T15:53:29.843+0000] {processor.py:157} INFO - Started process (PID=3265) to work on /home/airflow/.local/lib/python3.8/site-packages/airflow/example_dags/example_setup_teardown.py
[2023-10-10T15:53:29.844+0000] {processor.py:829} INFO - Processing file /home/airflow/.local/lib/python3.8/site-packages/airflow/example_dags/example_setup_teardown.py for tasks to queue
[2023-10-10T15:53:29.846+0000] {logging_mixin.py:151} INFO - [2023-10-10T15:53:29.846+0000] {dagbag.py:539} INFO - Filling up the DagBag from /home/airflow/.local/lib/python3.8/site-packages/airflow/example_dags/example_setup_teardown.py
[2023-10-10T15:53:29.852+0000] {processor.py:839} INFO - DAG(s) dict_keys(['example_setup_teardown']) retrieved from /home/airflow/.local/lib/python3.8/site-packages/airflow/example_dags/example_setup_teardown.py
[2023-10-10T15:53:29.874+0000] {logging_mixin.py:151} INFO - [2023-10-10T15:53:29.874+0000] {dag.py:2915} INFO - Sync 1 DAGs
[2023-10-10T15:53:29.896+0000] {logging_mixin.py:151} INFO - [2023-10-10T15:53:29.896+0000] {dag.py:3696} INFO - Setting next_dagrun for example_setup_teardown to 2023-10-09T15:53:29.895786+00:00, run_after=2023-10-10T15:53:29.895786+00:00
[2023-10-10T15:53:29.915+0000] {processor.py:179} INFO - Processing /home/airflow/.local/lib/python3.8/site-packages/airflow/example_dags/example_setup_teardown.py took 0.074 seconds
[2023-10-10T15:54:00.840+0000] {processor.py:157} INFO - Started process (PID=3320) to work on /home/airflow/.local/lib/python3.8/site-packages/airflow/example_dags/example_setup_teardown.py
[2023-10-10T15:54:00.842+0000] {processor.py:829} INFO - Processing file /home/airflow/.local/lib/python3.8/site-packages/airflow/example_dags/example_setup_teardown.py for tasks to queue
[2023-10-10T15:54:00.844+0000] {logging_mixin.py:151} INFO - [2023-10-10T15:54:00.844+0000] {dagbag.py:539} INFO - Filling up the DagBag from /home/airflow/.local/lib/python3.8/site-packages/airflow/example_dags/example_setup_teardown.py
[2023-10-10T15:54:00.853+0000] {processor.py:839} INFO - DAG(s) dict_keys(['example_setup_teardown']) retrieved from /home/airflow/.local/lib/python3.8/site-packages/airflow/example_dags/example_setup_teardown.py
[2023-10-10T15:54:00.884+0000] {logging_mixin.py:151} INFO - [2023-10-10T15:54:00.883+0000] {dag.py:2915} INFO - Sync 1 DAGs
[2023-10-10T15:54:00.914+0000] {logging_mixin.py:151} INFO - [2023-10-10T15:54:00.914+0000] {dag.py:3696} INFO - Setting next_dagrun for example_setup_teardown to 2023-10-09T15:54:00.913951+00:00, run_after=2023-10-10T15:54:00.913951+00:00
[2023-10-10T15:54:00.939+0000] {processor.py:179} INFO - Processing /home/airflow/.local/lib/python3.8/site-packages/airflow/example_dags/example_setup_teardown.py took 0.102 seconds
[2023-10-10T15:54:31.318+0000] {processor.py:157} INFO - Started process (PID=3374) to work on /home/airflow/.local/lib/python3.8/site-packages/airflow/example_dags/example_setup_teardown.py
[2023-10-10T15:54:31.319+0000] {processor.py:829} INFO - Processing file /home/airflow/.local/lib/python3.8/site-packages/airflow/example_dags/example_setup_teardown.py for tasks to queue
[2023-10-10T15:54:31.321+0000] {logging_mixin.py:151} INFO - [2023-10-10T15:54:31.321+0000] {dagbag.py:539} INFO - Filling up the DagBag from /home/airflow/.local/lib/python3.8/site-packages/airflow/example_dags/example_setup_teardown.py
[2023-10-10T15:54:31.328+0000] {processor.py:839} INFO - DAG(s) dict_keys(['example_setup_teardown']) retrieved from /home/airflow/.local/lib/python3.8/site-packages/airflow/example_dags/example_setup_teardown.py
[2023-10-10T15:54:31.355+0000] {logging_mixin.py:151} INFO - [2023-10-10T15:54:31.354+0000] {dag.py:2915} INFO - Sync 1 DAGs
[2023-10-10T15:54:31.382+0000] {logging_mixin.py:151} INFO - [2023-10-10T15:54:31.382+0000] {dag.py:3696} INFO - Setting next_dagrun for example_setup_teardown to 2023-10-09T15:54:31.382014+00:00, run_after=2023-10-10T15:54:31.382014+00:00
[2023-10-10T15:54:31.408+0000] {processor.py:179} INFO - Processing /home/airflow/.local/lib/python3.8/site-packages/airflow/example_dags/example_setup_teardown.py took 0.093 seconds
[2023-10-10T15:55:02.256+0000] {processor.py:157} INFO - Started process (PID=3428) to work on /home/airflow/.local/lib/python3.8/site-packages/airflow/example_dags/example_setup_teardown.py
[2023-10-10T15:55:02.257+0000] {processor.py:829} INFO - Processing file /home/airflow/.local/lib/python3.8/site-packages/airflow/example_dags/example_setup_teardown.py for tasks to queue
[2023-10-10T15:55:02.259+0000] {logging_mixin.py:151} INFO - [2023-10-10T15:55:02.258+0000] {dagbag.py:539} INFO - Filling up the DagBag from /home/airflow/.local/lib/python3.8/site-packages/airflow/example_dags/example_setup_teardown.py
[2023-10-10T15:55:02.264+0000] {processor.py:839} INFO - DAG(s) dict_keys(['example_setup_teardown']) retrieved from /home/airflow/.local/lib/python3.8/site-packages/airflow/example_dags/example_setup_teardown.py
[2023-10-10T15:55:02.286+0000] {logging_mixin.py:151} INFO - [2023-10-10T15:55:02.286+0000] {dag.py:2915} INFO - Sync 1 DAGs
[2023-10-10T15:55:02.307+0000] {logging_mixin.py:151} INFO - [2023-10-10T15:55:02.307+0000] {dag.py:3696} INFO - Setting next_dagrun for example_setup_teardown to 2023-10-09T15:55:02.306784+00:00, run_after=2023-10-10T15:55:02.306784+00:00
[2023-10-10T15:55:02.323+0000] {processor.py:179} INFO - Processing /home/airflow/.local/lib/python3.8/site-packages/airflow/example_dags/example_setup_teardown.py took 0.069 seconds
[2023-10-10T15:55:33.909+0000] {processor.py:157} INFO - Started process (PID=3487) to work on /home/airflow/.local/lib/python3.8/site-packages/airflow/example_dags/example_setup_teardown.py
[2023-10-10T15:55:33.910+0000] {processor.py:829} INFO - Processing file /home/airflow/.local/lib/python3.8/site-packages/airflow/example_dags/example_setup_teardown.py for tasks to queue
[2023-10-10T15:55:33.911+0000] {logging_mixin.py:151} INFO - [2023-10-10T15:55:33.911+0000] {dagbag.py:539} INFO - Filling up the DagBag from /home/airflow/.local/lib/python3.8/site-packages/airflow/example_dags/example_setup_teardown.py
[2023-10-10T15:55:33.917+0000] {processor.py:839} INFO - DAG(s) dict_keys(['example_setup_teardown']) retrieved from /home/airflow/.local/lib/python3.8/site-packages/airflow/example_dags/example_setup_teardown.py
[2023-10-10T15:55:33.934+0000] {logging_mixin.py:151} INFO - [2023-10-10T15:55:33.934+0000] {dag.py:2915} INFO - Sync 1 DAGs
[2023-10-10T15:55:33.952+0000] {logging_mixin.py:151} INFO - [2023-10-10T15:55:33.952+0000] {dag.py:3696} INFO - Setting next_dagrun for example_setup_teardown to 2023-10-09T15:55:33.952415+00:00, run_after=2023-10-10T15:55:33.952415+00:00
[2023-10-10T15:55:33.968+0000] {processor.py:179} INFO - Processing /home/airflow/.local/lib/python3.8/site-packages/airflow/example_dags/example_setup_teardown.py took 0.062 seconds
[2023-10-10T15:56:05.844+0000] {processor.py:157} INFO - Started process (PID=3549) to work on /home/airflow/.local/lib/python3.8/site-packages/airflow/example_dags/example_setup_teardown.py
[2023-10-10T15:56:05.845+0000] {processor.py:829} INFO - Processing file /home/airflow/.local/lib/python3.8/site-packages/airflow/example_dags/example_setup_teardown.py for tasks to queue
[2023-10-10T15:56:05.847+0000] {logging_mixin.py:151} INFO - [2023-10-10T15:56:05.847+0000] {dagbag.py:539} INFO - Filling up the DagBag from /home/airflow/.local/lib/python3.8/site-packages/airflow/example_dags/example_setup_teardown.py
[2023-10-10T15:56:05.853+0000] {processor.py:839} INFO - DAG(s) dict_keys(['example_setup_teardown']) retrieved from /home/airflow/.local/lib/python3.8/site-packages/airflow/example_dags/example_setup_teardown.py
[2023-10-10T15:56:05.890+0000] {logging_mixin.py:151} INFO - [2023-10-10T15:56:05.890+0000] {dag.py:2915} INFO - Sync 1 DAGs
[2023-10-10T15:56:05.914+0000] {logging_mixin.py:151} INFO - [2023-10-10T15:56:05.914+0000] {dag.py:3696} INFO - Setting next_dagrun for example_setup_teardown to 2023-10-09T15:56:05.913796+00:00, run_after=2023-10-10T15:56:05.913796+00:00
[2023-10-10T15:56:05.929+0000] {processor.py:179} INFO - Processing /home/airflow/.local/lib/python3.8/site-packages/airflow/example_dags/example_setup_teardown.py took 0.088 seconds
[2023-10-10T15:56:36.892+0000] {processor.py:157} INFO - Started process (PID=3603) to work on /home/airflow/.local/lib/python3.8/site-packages/airflow/example_dags/example_setup_teardown.py
[2023-10-10T15:56:36.893+0000] {processor.py:829} INFO - Processing file /home/airflow/.local/lib/python3.8/site-packages/airflow/example_dags/example_setup_teardown.py for tasks to queue
[2023-10-10T15:56:36.894+0000] {logging_mixin.py:151} INFO - [2023-10-10T15:56:36.894+0000] {dagbag.py:539} INFO - Filling up the DagBag from /home/airflow/.local/lib/python3.8/site-packages/airflow/example_dags/example_setup_teardown.py
[2023-10-10T15:56:36.899+0000] {processor.py:839} INFO - DAG(s) dict_keys(['example_setup_teardown']) retrieved from /home/airflow/.local/lib/python3.8/site-packages/airflow/example_dags/example_setup_teardown.py
[2023-10-10T15:56:36.926+0000] {logging_mixin.py:151} INFO - [2023-10-10T15:56:36.926+0000] {dag.py:2915} INFO - Sync 1 DAGs
[2023-10-10T15:56:36.951+0000] {logging_mixin.py:151} INFO - [2023-10-10T15:56:36.951+0000] {dag.py:3696} INFO - Setting next_dagrun for example_setup_teardown to 2023-10-09T15:56:36.950879+00:00, run_after=2023-10-10T15:56:36.950879+00:00
[2023-10-10T15:56:36.973+0000] {processor.py:179} INFO - Processing /home/airflow/.local/lib/python3.8/site-packages/airflow/example_dags/example_setup_teardown.py took 0.084 seconds
[2023-10-10T15:57:07.815+0000] {processor.py:157} INFO - Started process (PID=3657) to work on /home/airflow/.local/lib/python3.8/site-packages/airflow/example_dags/example_setup_teardown.py
[2023-10-10T15:57:07.816+0000] {processor.py:829} INFO - Processing file /home/airflow/.local/lib/python3.8/site-packages/airflow/example_dags/example_setup_teardown.py for tasks to queue
[2023-10-10T15:57:07.818+0000] {logging_mixin.py:151} INFO - [2023-10-10T15:57:07.817+0000] {dagbag.py:539} INFO - Filling up the DagBag from /home/airflow/.local/lib/python3.8/site-packages/airflow/example_dags/example_setup_teardown.py
[2023-10-10T15:57:07.825+0000] {processor.py:839} INFO - DAG(s) dict_keys(['example_setup_teardown']) retrieved from /home/airflow/.local/lib/python3.8/site-packages/airflow/example_dags/example_setup_teardown.py
[2023-10-10T15:57:07.847+0000] {logging_mixin.py:151} INFO - [2023-10-10T15:57:07.847+0000] {dag.py:2915} INFO - Sync 1 DAGs
[2023-10-10T15:57:07.867+0000] {logging_mixin.py:151} INFO - [2023-10-10T15:57:07.867+0000] {dag.py:3696} INFO - Setting next_dagrun for example_setup_teardown to 2023-10-09T15:57:07.866819+00:00, run_after=2023-10-10T15:57:07.866819+00:00
[2023-10-10T15:57:07.900+0000] {processor.py:179} INFO - Processing /home/airflow/.local/lib/python3.8/site-packages/airflow/example_dags/example_setup_teardown.py took 0.089 seconds
[2023-10-10T16:51:14.664+0000] {processor.py:157} INFO - Started process (PID=171) to work on /home/airflow/.local/lib/python3.8/site-packages/airflow/example_dags/example_setup_teardown.py
[2023-10-10T16:51:14.665+0000] {processor.py:829} INFO - Processing file /home/airflow/.local/lib/python3.8/site-packages/airflow/example_dags/example_setup_teardown.py for tasks to queue
[2023-10-10T16:51:14.666+0000] {logging_mixin.py:151} INFO - [2023-10-10T16:51:14.666+0000] {dagbag.py:539} INFO - Filling up the DagBag from /home/airflow/.local/lib/python3.8/site-packages/airflow/example_dags/example_setup_teardown.py
[2023-10-10T16:51:14.673+0000] {processor.py:839} INFO - DAG(s) dict_keys(['example_setup_teardown']) retrieved from /home/airflow/.local/lib/python3.8/site-packages/airflow/example_dags/example_setup_teardown.py
[2023-10-10T16:51:14.694+0000] {logging_mixin.py:151} INFO - [2023-10-10T16:51:14.694+0000] {dag.py:2915} INFO - Sync 1 DAGs
[2023-10-10T16:51:14.717+0000] {logging_mixin.py:151} INFO - [2023-10-10T16:51:14.716+0000] {dag.py:3696} INFO - Setting next_dagrun for example_setup_teardown to 2023-10-09T16:51:14.716605+00:00, run_after=2023-10-10T16:51:14.716605+00:00
[2023-10-10T16:51:14.735+0000] {processor.py:179} INFO - Processing /home/airflow/.local/lib/python3.8/site-packages/airflow/example_dags/example_setup_teardown.py took 0.074 seconds
[2023-10-10T16:51:47.132+0000] {processor.py:157} INFO - Started process (PID=225) to work on /home/airflow/.local/lib/python3.8/site-packages/airflow/example_dags/example_setup_teardown.py
[2023-10-10T16:51:47.133+0000] {processor.py:829} INFO - Processing file /home/airflow/.local/lib/python3.8/site-packages/airflow/example_dags/example_setup_teardown.py for tasks to queue
[2023-10-10T16:51:47.135+0000] {logging_mixin.py:151} INFO - [2023-10-10T16:51:47.135+0000] {dagbag.py:539} INFO - Filling up the DagBag from /home/airflow/.local/lib/python3.8/site-packages/airflow/example_dags/example_setup_teardown.py
[2023-10-10T16:51:47.142+0000] {processor.py:839} INFO - DAG(s) dict_keys(['example_setup_teardown']) retrieved from /home/airflow/.local/lib/python3.8/site-packages/airflow/example_dags/example_setup_teardown.py
[2023-10-10T16:51:47.227+0000] {logging_mixin.py:151} INFO - [2023-10-10T16:51:47.227+0000] {dag.py:2915} INFO - Sync 1 DAGs
[2023-10-10T16:51:47.257+0000] {logging_mixin.py:151} INFO - [2023-10-10T16:51:47.257+0000] {dag.py:3696} INFO - Setting next_dagrun for example_setup_teardown to 2023-10-09T16:51:47.256963+00:00, run_after=2023-10-10T16:51:47.256963+00:00
[2023-10-10T16:51:47.336+0000] {processor.py:179} INFO - Processing /home/airflow/.local/lib/python3.8/site-packages/airflow/example_dags/example_setup_teardown.py took 0.207 seconds
[2023-10-10T16:52:18.289+0000] {processor.py:157} INFO - Started process (PID=285) to work on /home/airflow/.local/lib/python3.8/site-packages/airflow/example_dags/example_setup_teardown.py
[2023-10-10T16:52:18.290+0000] {processor.py:829} INFO - Processing file /home/airflow/.local/lib/python3.8/site-packages/airflow/example_dags/example_setup_teardown.py for tasks to queue
[2023-10-10T16:52:18.292+0000] {logging_mixin.py:151} INFO - [2023-10-10T16:52:18.292+0000] {dagbag.py:539} INFO - Filling up the DagBag from /home/airflow/.local/lib/python3.8/site-packages/airflow/example_dags/example_setup_teardown.py
[2023-10-10T16:52:18.299+0000] {processor.py:839} INFO - DAG(s) dict_keys(['example_setup_teardown']) retrieved from /home/airflow/.local/lib/python3.8/site-packages/airflow/example_dags/example_setup_teardown.py
[2023-10-10T16:52:18.317+0000] {logging_mixin.py:151} INFO - [2023-10-10T16:52:18.316+0000] {dag.py:2915} INFO - Sync 1 DAGs
[2023-10-10T16:52:18.339+0000] {logging_mixin.py:151} INFO - [2023-10-10T16:52:18.339+0000] {dag.py:3696} INFO - Setting next_dagrun for example_setup_teardown to 2023-10-09T16:52:18.338980+00:00, run_after=2023-10-10T16:52:18.338980+00:00
[2023-10-10T16:52:18.357+0000] {processor.py:179} INFO - Processing /home/airflow/.local/lib/python3.8/site-packages/airflow/example_dags/example_setup_teardown.py took 0.071 seconds
