[2023-10-10T15:24:08.220+0000] {processor.py:157} INFO - Started process (PID=183) to work on /home/airflow/.local/lib/python3.8/site-packages/airflow/example_dags/example_task_group_decorator.py
[2023-10-10T15:24:08.221+0000] {processor.py:829} INFO - Processing file /home/airflow/.local/lib/python3.8/site-packages/airflow/example_dags/example_task_group_decorator.py for tasks to queue
[2023-10-10T15:24:08.223+0000] {logging_mixin.py:151} INFO - [2023-10-10T15:24:08.222+0000] {dagbag.py:539} INFO - Filling up the DagBag from /home/airflow/.local/lib/python3.8/site-packages/airflow/example_dags/example_task_group_decorator.py
[2023-10-10T15:24:08.237+0000] {processor.py:839} INFO - DAG(s) dict_keys(['example_task_group_decorator']) retrieved from /home/airflow/.local/lib/python3.8/site-packages/airflow/example_dags/example_task_group_decorator.py
[2023-10-10T15:24:08.249+0000] {logging_mixin.py:151} INFO - [2023-10-10T15:24:08.249+0000] {dag.py:2915} INFO - Sync 1 DAGs
[2023-10-10T15:24:08.272+0000] {logging_mixin.py:151} INFO - [2023-10-10T15:24:08.271+0000] {dag.py:3696} INFO - Setting next_dagrun for example_task_group_decorator to 2023-10-09T15:24:08.271656+00:00, run_after=2023-10-10T15:24:08.271656+00:00
[2023-10-10T15:24:08.293+0000] {processor.py:179} INFO - Processing /home/airflow/.local/lib/python3.8/site-packages/airflow/example_dags/example_task_group_decorator.py took 0.076 seconds
[2023-10-10T15:24:39.227+0000] {processor.py:157} INFO - Started process (PID=237) to work on /home/airflow/.local/lib/python3.8/site-packages/airflow/example_dags/example_task_group_decorator.py
[2023-10-10T15:24:39.227+0000] {processor.py:829} INFO - Processing file /home/airflow/.local/lib/python3.8/site-packages/airflow/example_dags/example_task_group_decorator.py for tasks to queue
[2023-10-10T15:24:39.229+0000] {logging_mixin.py:151} INFO - [2023-10-10T15:24:39.229+0000] {dagbag.py:539} INFO - Filling up the DagBag from /home/airflow/.local/lib/python3.8/site-packages/airflow/example_dags/example_task_group_decorator.py
[2023-10-10T15:24:39.240+0000] {processor.py:839} INFO - DAG(s) dict_keys(['example_task_group_decorator']) retrieved from /home/airflow/.local/lib/python3.8/site-packages/airflow/example_dags/example_task_group_decorator.py
[2023-10-10T15:24:39.260+0000] {logging_mixin.py:151} INFO - [2023-10-10T15:24:39.260+0000] {dag.py:2915} INFO - Sync 1 DAGs
[2023-10-10T15:24:39.294+0000] {logging_mixin.py:151} INFO - [2023-10-10T15:24:39.294+0000] {dag.py:3696} INFO - Setting next_dagrun for example_task_group_decorator to 2023-10-09T15:24:39.294266+00:00, run_after=2023-10-10T15:24:39.294266+00:00
[2023-10-10T15:24:39.314+0000] {processor.py:179} INFO - Processing /home/airflow/.local/lib/python3.8/site-packages/airflow/example_dags/example_task_group_decorator.py took 0.089 seconds
[2023-10-10T15:25:10.874+0000] {processor.py:157} INFO - Started process (PID=291) to work on /home/airflow/.local/lib/python3.8/site-packages/airflow/example_dags/example_task_group_decorator.py
[2023-10-10T15:25:10.875+0000] {processor.py:829} INFO - Processing file /home/airflow/.local/lib/python3.8/site-packages/airflow/example_dags/example_task_group_decorator.py for tasks to queue
[2023-10-10T15:25:10.877+0000] {logging_mixin.py:151} INFO - [2023-10-10T15:25:10.877+0000] {dagbag.py:539} INFO - Filling up the DagBag from /home/airflow/.local/lib/python3.8/site-packages/airflow/example_dags/example_task_group_decorator.py
[2023-10-10T15:25:10.898+0000] {processor.py:839} INFO - DAG(s) dict_keys(['example_task_group_decorator']) retrieved from /home/airflow/.local/lib/python3.8/site-packages/airflow/example_dags/example_task_group_decorator.py
[2023-10-10T15:25:10.928+0000] {logging_mixin.py:151} INFO - [2023-10-10T15:25:10.927+0000] {dag.py:2915} INFO - Sync 1 DAGs
[2023-10-10T15:25:10.954+0000] {logging_mixin.py:151} INFO - [2023-10-10T15:25:10.954+0000] {dag.py:3696} INFO - Setting next_dagrun for example_task_group_decorator to 2023-10-09T15:25:10.954145+00:00, run_after=2023-10-10T15:25:10.954145+00:00
[2023-10-10T15:25:10.975+0000] {processor.py:179} INFO - Processing /home/airflow/.local/lib/python3.8/site-packages/airflow/example_dags/example_task_group_decorator.py took 0.105 seconds
[2023-10-10T15:25:41.265+0000] {processor.py:157} INFO - Started process (PID=345) to work on /home/airflow/.local/lib/python3.8/site-packages/airflow/example_dags/example_task_group_decorator.py
[2023-10-10T15:25:41.266+0000] {processor.py:829} INFO - Processing file /home/airflow/.local/lib/python3.8/site-packages/airflow/example_dags/example_task_group_decorator.py for tasks to queue
[2023-10-10T15:25:41.268+0000] {logging_mixin.py:151} INFO - [2023-10-10T15:25:41.268+0000] {dagbag.py:539} INFO - Filling up the DagBag from /home/airflow/.local/lib/python3.8/site-packages/airflow/example_dags/example_task_group_decorator.py
[2023-10-10T15:25:41.280+0000] {processor.py:839} INFO - DAG(s) dict_keys(['example_task_group_decorator']) retrieved from /home/airflow/.local/lib/python3.8/site-packages/airflow/example_dags/example_task_group_decorator.py
[2023-10-10T15:25:41.303+0000] {logging_mixin.py:151} INFO - [2023-10-10T15:25:41.302+0000] {dag.py:2915} INFO - Sync 1 DAGs
[2023-10-10T15:25:41.325+0000] {logging_mixin.py:151} INFO - [2023-10-10T15:25:41.325+0000] {dag.py:3696} INFO - Setting next_dagrun for example_task_group_decorator to 2023-10-09T15:25:41.324889+00:00, run_after=2023-10-10T15:25:41.324889+00:00
[2023-10-10T15:25:41.339+0000] {processor.py:179} INFO - Processing /home/airflow/.local/lib/python3.8/site-packages/airflow/example_dags/example_task_group_decorator.py took 0.076 seconds
[2023-10-10T15:26:11.961+0000] {processor.py:157} INFO - Started process (PID=399) to work on /home/airflow/.local/lib/python3.8/site-packages/airflow/example_dags/example_task_group_decorator.py
[2023-10-10T15:26:11.962+0000] {processor.py:829} INFO - Processing file /home/airflow/.local/lib/python3.8/site-packages/airflow/example_dags/example_task_group_decorator.py for tasks to queue
[2023-10-10T15:26:11.964+0000] {logging_mixin.py:151} INFO - [2023-10-10T15:26:11.964+0000] {dagbag.py:539} INFO - Filling up the DagBag from /home/airflow/.local/lib/python3.8/site-packages/airflow/example_dags/example_task_group_decorator.py
[2023-10-10T15:26:11.980+0000] {processor.py:839} INFO - DAG(s) dict_keys(['example_task_group_decorator']) retrieved from /home/airflow/.local/lib/python3.8/site-packages/airflow/example_dags/example_task_group_decorator.py
[2023-10-10T15:26:12.004+0000] {logging_mixin.py:151} INFO - [2023-10-10T15:26:12.004+0000] {dag.py:2915} INFO - Sync 1 DAGs
[2023-10-10T15:26:12.031+0000] {logging_mixin.py:151} INFO - [2023-10-10T15:26:12.030+0000] {dag.py:3696} INFO - Setting next_dagrun for example_task_group_decorator to 2023-10-09T15:26:12.030650+00:00, run_after=2023-10-10T15:26:12.030650+00:00
[2023-10-10T15:26:12.046+0000] {processor.py:179} INFO - Processing /home/airflow/.local/lib/python3.8/site-packages/airflow/example_dags/example_task_group_decorator.py took 0.087 seconds
[2023-10-10T15:26:42.498+0000] {processor.py:157} INFO - Started process (PID=453) to work on /home/airflow/.local/lib/python3.8/site-packages/airflow/example_dags/example_task_group_decorator.py
[2023-10-10T15:26:42.499+0000] {processor.py:829} INFO - Processing file /home/airflow/.local/lib/python3.8/site-packages/airflow/example_dags/example_task_group_decorator.py for tasks to queue
[2023-10-10T15:26:42.501+0000] {logging_mixin.py:151} INFO - [2023-10-10T15:26:42.501+0000] {dagbag.py:539} INFO - Filling up the DagBag from /home/airflow/.local/lib/python3.8/site-packages/airflow/example_dags/example_task_group_decorator.py
[2023-10-10T15:26:42.514+0000] {processor.py:839} INFO - DAG(s) dict_keys(['example_task_group_decorator']) retrieved from /home/airflow/.local/lib/python3.8/site-packages/airflow/example_dags/example_task_group_decorator.py
[2023-10-10T15:26:42.536+0000] {logging_mixin.py:151} INFO - [2023-10-10T15:26:42.536+0000] {dag.py:2915} INFO - Sync 1 DAGs
[2023-10-10T15:26:42.555+0000] {logging_mixin.py:151} INFO - [2023-10-10T15:26:42.554+0000] {dag.py:3696} INFO - Setting next_dagrun for example_task_group_decorator to 2023-10-09T15:26:42.554629+00:00, run_after=2023-10-10T15:26:42.554629+00:00
[2023-10-10T15:26:42.569+0000] {processor.py:179} INFO - Processing /home/airflow/.local/lib/python3.8/site-packages/airflow/example_dags/example_task_group_decorator.py took 0.073 seconds
[2023-10-10T15:27:13.226+0000] {processor.py:157} INFO - Started process (PID=507) to work on /home/airflow/.local/lib/python3.8/site-packages/airflow/example_dags/example_task_group_decorator.py
[2023-10-10T15:27:13.227+0000] {processor.py:829} INFO - Processing file /home/airflow/.local/lib/python3.8/site-packages/airflow/example_dags/example_task_group_decorator.py for tasks to queue
[2023-10-10T15:27:13.229+0000] {logging_mixin.py:151} INFO - [2023-10-10T15:27:13.229+0000] {dagbag.py:539} INFO - Filling up the DagBag from /home/airflow/.local/lib/python3.8/site-packages/airflow/example_dags/example_task_group_decorator.py
[2023-10-10T15:27:13.240+0000] {processor.py:839} INFO - DAG(s) dict_keys(['example_task_group_decorator']) retrieved from /home/airflow/.local/lib/python3.8/site-packages/airflow/example_dags/example_task_group_decorator.py
[2023-10-10T15:27:13.264+0000] {logging_mixin.py:151} INFO - [2023-10-10T15:27:13.264+0000] {dag.py:2915} INFO - Sync 1 DAGs
[2023-10-10T15:27:13.288+0000] {logging_mixin.py:151} INFO - [2023-10-10T15:27:13.288+0000] {dag.py:3696} INFO - Setting next_dagrun for example_task_group_decorator to 2023-10-09T15:27:13.287735+00:00, run_after=2023-10-10T15:27:13.287735+00:00
[2023-10-10T15:27:13.308+0000] {processor.py:179} INFO - Processing /home/airflow/.local/lib/python3.8/site-packages/airflow/example_dags/example_task_group_decorator.py took 0.084 seconds
[2023-10-10T15:27:43.951+0000] {processor.py:157} INFO - Started process (PID=561) to work on /home/airflow/.local/lib/python3.8/site-packages/airflow/example_dags/example_task_group_decorator.py
[2023-10-10T15:27:43.952+0000] {processor.py:829} INFO - Processing file /home/airflow/.local/lib/python3.8/site-packages/airflow/example_dags/example_task_group_decorator.py for tasks to queue
[2023-10-10T15:27:43.954+0000] {logging_mixin.py:151} INFO - [2023-10-10T15:27:43.954+0000] {dagbag.py:539} INFO - Filling up the DagBag from /home/airflow/.local/lib/python3.8/site-packages/airflow/example_dags/example_task_group_decorator.py
[2023-10-10T15:27:43.965+0000] {processor.py:839} INFO - DAG(s) dict_keys(['example_task_group_decorator']) retrieved from /home/airflow/.local/lib/python3.8/site-packages/airflow/example_dags/example_task_group_decorator.py
[2023-10-10T15:27:43.989+0000] {logging_mixin.py:151} INFO - [2023-10-10T15:27:43.989+0000] {dag.py:2915} INFO - Sync 1 DAGs
[2023-10-10T15:27:44.009+0000] {logging_mixin.py:151} INFO - [2023-10-10T15:27:44.009+0000] {dag.py:3696} INFO - Setting next_dagrun for example_task_group_decorator to 2023-10-09T15:27:44.009368+00:00, run_after=2023-10-10T15:27:44.009368+00:00
[2023-10-10T15:27:44.024+0000] {processor.py:179} INFO - Processing /home/airflow/.local/lib/python3.8/site-packages/airflow/example_dags/example_task_group_decorator.py took 0.076 seconds
[2023-10-10T15:28:14.747+0000] {processor.py:157} INFO - Started process (PID=615) to work on /home/airflow/.local/lib/python3.8/site-packages/airflow/example_dags/example_task_group_decorator.py
[2023-10-10T15:28:14.748+0000] {processor.py:829} INFO - Processing file /home/airflow/.local/lib/python3.8/site-packages/airflow/example_dags/example_task_group_decorator.py for tasks to queue
[2023-10-10T15:28:14.750+0000] {logging_mixin.py:151} INFO - [2023-10-10T15:28:14.749+0000] {dagbag.py:539} INFO - Filling up the DagBag from /home/airflow/.local/lib/python3.8/site-packages/airflow/example_dags/example_task_group_decorator.py
[2023-10-10T15:28:14.763+0000] {processor.py:839} INFO - DAG(s) dict_keys(['example_task_group_decorator']) retrieved from /home/airflow/.local/lib/python3.8/site-packages/airflow/example_dags/example_task_group_decorator.py
[2023-10-10T15:28:14.796+0000] {logging_mixin.py:151} INFO - [2023-10-10T15:28:14.796+0000] {dag.py:2915} INFO - Sync 1 DAGs
[2023-10-10T15:28:14.818+0000] {logging_mixin.py:151} INFO - [2023-10-10T15:28:14.817+0000] {dag.py:3696} INFO - Setting next_dagrun for example_task_group_decorator to 2023-10-09T15:28:14.817613+00:00, run_after=2023-10-10T15:28:14.817613+00:00
[2023-10-10T15:28:14.833+0000] {processor.py:179} INFO - Processing /home/airflow/.local/lib/python3.8/site-packages/airflow/example_dags/example_task_group_decorator.py took 0.089 seconds
[2023-10-10T15:28:45.585+0000] {processor.py:157} INFO - Started process (PID=669) to work on /home/airflow/.local/lib/python3.8/site-packages/airflow/example_dags/example_task_group_decorator.py
[2023-10-10T15:28:45.586+0000] {processor.py:829} INFO - Processing file /home/airflow/.local/lib/python3.8/site-packages/airflow/example_dags/example_task_group_decorator.py for tasks to queue
[2023-10-10T15:28:45.588+0000] {logging_mixin.py:151} INFO - [2023-10-10T15:28:45.588+0000] {dagbag.py:539} INFO - Filling up the DagBag from /home/airflow/.local/lib/python3.8/site-packages/airflow/example_dags/example_task_group_decorator.py
[2023-10-10T15:28:45.601+0000] {processor.py:839} INFO - DAG(s) dict_keys(['example_task_group_decorator']) retrieved from /home/airflow/.local/lib/python3.8/site-packages/airflow/example_dags/example_task_group_decorator.py
[2023-10-10T15:28:45.625+0000] {logging_mixin.py:151} INFO - [2023-10-10T15:28:45.625+0000] {dag.py:2915} INFO - Sync 1 DAGs
[2023-10-10T15:28:45.646+0000] {logging_mixin.py:151} INFO - [2023-10-10T15:28:45.646+0000] {dag.py:3696} INFO - Setting next_dagrun for example_task_group_decorator to 2023-10-09T15:28:45.645990+00:00, run_after=2023-10-10T15:28:45.645990+00:00
[2023-10-10T15:28:45.685+0000] {processor.py:179} INFO - Processing /home/airflow/.local/lib/python3.8/site-packages/airflow/example_dags/example_task_group_decorator.py took 0.103 seconds
[2023-10-10T15:29:17.530+0000] {processor.py:157} INFO - Started process (PID=723) to work on /home/airflow/.local/lib/python3.8/site-packages/airflow/example_dags/example_task_group_decorator.py
[2023-10-10T15:29:17.531+0000] {processor.py:829} INFO - Processing file /home/airflow/.local/lib/python3.8/site-packages/airflow/example_dags/example_task_group_decorator.py for tasks to queue
[2023-10-10T15:29:17.534+0000] {logging_mixin.py:151} INFO - [2023-10-10T15:29:17.533+0000] {dagbag.py:539} INFO - Filling up the DagBag from /home/airflow/.local/lib/python3.8/site-packages/airflow/example_dags/example_task_group_decorator.py
[2023-10-10T15:29:17.588+0000] {processor.py:839} INFO - DAG(s) dict_keys(['example_task_group_decorator']) retrieved from /home/airflow/.local/lib/python3.8/site-packages/airflow/example_dags/example_task_group_decorator.py
[2023-10-10T15:29:17.612+0000] {logging_mixin.py:151} INFO - [2023-10-10T15:29:17.612+0000] {dag.py:2915} INFO - Sync 1 DAGs
[2023-10-10T15:29:17.633+0000] {logging_mixin.py:151} INFO - [2023-10-10T15:29:17.633+0000] {dag.py:3696} INFO - Setting next_dagrun for example_task_group_decorator to 2023-10-09T15:29:17.633050+00:00, run_after=2023-10-10T15:29:17.633050+00:00
[2023-10-10T15:29:17.691+0000] {processor.py:179} INFO - Processing /home/airflow/.local/lib/python3.8/site-packages/airflow/example_dags/example_task_group_decorator.py took 0.163 seconds
[2023-10-10T15:29:48.596+0000] {processor.py:157} INFO - Started process (PID=777) to work on /home/airflow/.local/lib/python3.8/site-packages/airflow/example_dags/example_task_group_decorator.py
[2023-10-10T15:29:48.597+0000] {processor.py:829} INFO - Processing file /home/airflow/.local/lib/python3.8/site-packages/airflow/example_dags/example_task_group_decorator.py for tasks to queue
[2023-10-10T15:29:48.599+0000] {logging_mixin.py:151} INFO - [2023-10-10T15:29:48.599+0000] {dagbag.py:539} INFO - Filling up the DagBag from /home/airflow/.local/lib/python3.8/site-packages/airflow/example_dags/example_task_group_decorator.py
[2023-10-10T15:29:48.615+0000] {processor.py:839} INFO - DAG(s) dict_keys(['example_task_group_decorator']) retrieved from /home/airflow/.local/lib/python3.8/site-packages/airflow/example_dags/example_task_group_decorator.py
[2023-10-10T15:29:48.703+0000] {logging_mixin.py:151} INFO - [2023-10-10T15:29:48.703+0000] {dag.py:2915} INFO - Sync 1 DAGs
[2023-10-10T15:29:48.782+0000] {logging_mixin.py:151} INFO - [2023-10-10T15:29:48.782+0000] {dag.py:3696} INFO - Setting next_dagrun for example_task_group_decorator to 2023-10-09T15:29:48.782193+00:00, run_after=2023-10-10T15:29:48.782193+00:00
[2023-10-10T15:29:48.806+0000] {processor.py:179} INFO - Processing /home/airflow/.local/lib/python3.8/site-packages/airflow/example_dags/example_task_group_decorator.py took 0.213 seconds
[2023-10-10T15:30:18.838+0000] {processor.py:157} INFO - Started process (PID=831) to work on /home/airflow/.local/lib/python3.8/site-packages/airflow/example_dags/example_task_group_decorator.py
[2023-10-10T15:30:18.838+0000] {processor.py:829} INFO - Processing file /home/airflow/.local/lib/python3.8/site-packages/airflow/example_dags/example_task_group_decorator.py for tasks to queue
[2023-10-10T15:30:18.841+0000] {logging_mixin.py:151} INFO - [2023-10-10T15:30:18.840+0000] {dagbag.py:539} INFO - Filling up the DagBag from /home/airflow/.local/lib/python3.8/site-packages/airflow/example_dags/example_task_group_decorator.py
[2023-10-10T15:30:18.854+0000] {processor.py:839} INFO - DAG(s) dict_keys(['example_task_group_decorator']) retrieved from /home/airflow/.local/lib/python3.8/site-packages/airflow/example_dags/example_task_group_decorator.py
[2023-10-10T15:30:18.874+0000] {logging_mixin.py:151} INFO - [2023-10-10T15:30:18.874+0000] {dag.py:2915} INFO - Sync 1 DAGs
[2023-10-10T15:30:18.900+0000] {logging_mixin.py:151} INFO - [2023-10-10T15:30:18.900+0000] {dag.py:3696} INFO - Setting next_dagrun for example_task_group_decorator to 2023-10-09T15:30:18.899673+00:00, run_after=2023-10-10T15:30:18.899673+00:00
[2023-10-10T15:30:18.920+0000] {processor.py:179} INFO - Processing /home/airflow/.local/lib/python3.8/site-packages/airflow/example_dags/example_task_group_decorator.py took 0.085 seconds
[2023-10-10T15:30:48.988+0000] {processor.py:157} INFO - Started process (PID=885) to work on /home/airflow/.local/lib/python3.8/site-packages/airflow/example_dags/example_task_group_decorator.py
[2023-10-10T15:30:48.989+0000] {processor.py:829} INFO - Processing file /home/airflow/.local/lib/python3.8/site-packages/airflow/example_dags/example_task_group_decorator.py for tasks to queue
[2023-10-10T15:30:48.990+0000] {logging_mixin.py:151} INFO - [2023-10-10T15:30:48.990+0000] {dagbag.py:539} INFO - Filling up the DagBag from /home/airflow/.local/lib/python3.8/site-packages/airflow/example_dags/example_task_group_decorator.py
[2023-10-10T15:30:49.004+0000] {processor.py:839} INFO - DAG(s) dict_keys(['example_task_group_decorator']) retrieved from /home/airflow/.local/lib/python3.8/site-packages/airflow/example_dags/example_task_group_decorator.py
[2023-10-10T15:30:49.028+0000] {logging_mixin.py:151} INFO - [2023-10-10T15:30:49.028+0000] {dag.py:2915} INFO - Sync 1 DAGs
[2023-10-10T15:30:49.052+0000] {logging_mixin.py:151} INFO - [2023-10-10T15:30:49.052+0000] {dag.py:3696} INFO - Setting next_dagrun for example_task_group_decorator to 2023-10-09T15:30:49.052151+00:00, run_after=2023-10-10T15:30:49.052151+00:00
[2023-10-10T15:30:49.069+0000] {processor.py:179} INFO - Processing /home/airflow/.local/lib/python3.8/site-packages/airflow/example_dags/example_task_group_decorator.py took 0.084 seconds
[2023-10-10T15:31:20.189+0000] {processor.py:157} INFO - Started process (PID=939) to work on /home/airflow/.local/lib/python3.8/site-packages/airflow/example_dags/example_task_group_decorator.py
[2023-10-10T15:31:20.190+0000] {processor.py:829} INFO - Processing file /home/airflow/.local/lib/python3.8/site-packages/airflow/example_dags/example_task_group_decorator.py for tasks to queue
[2023-10-10T15:31:20.192+0000] {logging_mixin.py:151} INFO - [2023-10-10T15:31:20.192+0000] {dagbag.py:539} INFO - Filling up the DagBag from /home/airflow/.local/lib/python3.8/site-packages/airflow/example_dags/example_task_group_decorator.py
[2023-10-10T15:31:20.207+0000] {processor.py:839} INFO - DAG(s) dict_keys(['example_task_group_decorator']) retrieved from /home/airflow/.local/lib/python3.8/site-packages/airflow/example_dags/example_task_group_decorator.py
[2023-10-10T15:31:20.234+0000] {logging_mixin.py:151} INFO - [2023-10-10T15:31:20.234+0000] {dag.py:2915} INFO - Sync 1 DAGs
[2023-10-10T15:31:20.253+0000] {logging_mixin.py:151} INFO - [2023-10-10T15:31:20.253+0000] {dag.py:3696} INFO - Setting next_dagrun for example_task_group_decorator to 2023-10-09T15:31:20.253122+00:00, run_after=2023-10-10T15:31:20.253122+00:00
[2023-10-10T15:31:20.267+0000] {processor.py:179} INFO - Processing /home/airflow/.local/lib/python3.8/site-packages/airflow/example_dags/example_task_group_decorator.py took 0.082 seconds
[2023-10-10T15:31:51.316+0000] {processor.py:157} INFO - Started process (PID=993) to work on /home/airflow/.local/lib/python3.8/site-packages/airflow/example_dags/example_task_group_decorator.py
[2023-10-10T15:31:51.316+0000] {processor.py:829} INFO - Processing file /home/airflow/.local/lib/python3.8/site-packages/airflow/example_dags/example_task_group_decorator.py for tasks to queue
[2023-10-10T15:31:51.318+0000] {logging_mixin.py:151} INFO - [2023-10-10T15:31:51.318+0000] {dagbag.py:539} INFO - Filling up the DagBag from /home/airflow/.local/lib/python3.8/site-packages/airflow/example_dags/example_task_group_decorator.py
[2023-10-10T15:31:51.330+0000] {processor.py:839} INFO - DAG(s) dict_keys(['example_task_group_decorator']) retrieved from /home/airflow/.local/lib/python3.8/site-packages/airflow/example_dags/example_task_group_decorator.py
[2023-10-10T15:31:51.354+0000] {logging_mixin.py:151} INFO - [2023-10-10T15:31:51.353+0000] {dag.py:2915} INFO - Sync 1 DAGs
[2023-10-10T15:31:51.383+0000] {logging_mixin.py:151} INFO - [2023-10-10T15:31:51.383+0000] {dag.py:3696} INFO - Setting next_dagrun for example_task_group_decorator to 2023-10-09T15:31:51.383047+00:00, run_after=2023-10-10T15:31:51.383047+00:00
[2023-10-10T15:31:51.403+0000] {processor.py:179} INFO - Processing /home/airflow/.local/lib/python3.8/site-packages/airflow/example_dags/example_task_group_decorator.py took 0.090 seconds
[2023-10-10T15:32:22.187+0000] {processor.py:157} INFO - Started process (PID=1047) to work on /home/airflow/.local/lib/python3.8/site-packages/airflow/example_dags/example_task_group_decorator.py
[2023-10-10T15:32:22.188+0000] {processor.py:829} INFO - Processing file /home/airflow/.local/lib/python3.8/site-packages/airflow/example_dags/example_task_group_decorator.py for tasks to queue
[2023-10-10T15:32:22.190+0000] {logging_mixin.py:151} INFO - [2023-10-10T15:32:22.189+0000] {dagbag.py:539} INFO - Filling up the DagBag from /home/airflow/.local/lib/python3.8/site-packages/airflow/example_dags/example_task_group_decorator.py
[2023-10-10T15:32:22.202+0000] {processor.py:839} INFO - DAG(s) dict_keys(['example_task_group_decorator']) retrieved from /home/airflow/.local/lib/python3.8/site-packages/airflow/example_dags/example_task_group_decorator.py
[2023-10-10T15:32:22.226+0000] {logging_mixin.py:151} INFO - [2023-10-10T15:32:22.226+0000] {dag.py:2915} INFO - Sync 1 DAGs
[2023-10-10T15:32:22.246+0000] {logging_mixin.py:151} INFO - [2023-10-10T15:32:22.245+0000] {dag.py:3696} INFO - Setting next_dagrun for example_task_group_decorator to 2023-10-09T15:32:22.245700+00:00, run_after=2023-10-10T15:32:22.245700+00:00
[2023-10-10T15:32:22.261+0000] {processor.py:179} INFO - Processing /home/airflow/.local/lib/python3.8/site-packages/airflow/example_dags/example_task_group_decorator.py took 0.077 seconds
[2023-10-10T15:32:53.047+0000] {processor.py:157} INFO - Started process (PID=1101) to work on /home/airflow/.local/lib/python3.8/site-packages/airflow/example_dags/example_task_group_decorator.py
[2023-10-10T15:32:53.048+0000] {processor.py:829} INFO - Processing file /home/airflow/.local/lib/python3.8/site-packages/airflow/example_dags/example_task_group_decorator.py for tasks to queue
[2023-10-10T15:32:53.075+0000] {logging_mixin.py:151} INFO - [2023-10-10T15:32:53.050+0000] {dagbag.py:539} INFO - Filling up the DagBag from /home/airflow/.local/lib/python3.8/site-packages/airflow/example_dags/example_task_group_decorator.py
[2023-10-10T15:32:53.098+0000] {processor.py:839} INFO - DAG(s) dict_keys(['example_task_group_decorator']) retrieved from /home/airflow/.local/lib/python3.8/site-packages/airflow/example_dags/example_task_group_decorator.py
[2023-10-10T15:32:53.124+0000] {logging_mixin.py:151} INFO - [2023-10-10T15:32:53.124+0000] {dag.py:2915} INFO - Sync 1 DAGs
[2023-10-10T15:32:53.183+0000] {logging_mixin.py:151} INFO - [2023-10-10T15:32:53.182+0000] {dag.py:3696} INFO - Setting next_dagrun for example_task_group_decorator to 2023-10-09T15:32:53.182369+00:00, run_after=2023-10-10T15:32:53.182369+00:00
[2023-10-10T15:32:53.209+0000] {processor.py:179} INFO - Processing /home/airflow/.local/lib/python3.8/site-packages/airflow/example_dags/example_task_group_decorator.py took 0.165 seconds
[2023-10-10T15:33:23.646+0000] {processor.py:157} INFO - Started process (PID=1155) to work on /home/airflow/.local/lib/python3.8/site-packages/airflow/example_dags/example_task_group_decorator.py
[2023-10-10T15:33:23.648+0000] {processor.py:829} INFO - Processing file /home/airflow/.local/lib/python3.8/site-packages/airflow/example_dags/example_task_group_decorator.py for tasks to queue
[2023-10-10T15:33:23.649+0000] {logging_mixin.py:151} INFO - [2023-10-10T15:33:23.649+0000] {dagbag.py:539} INFO - Filling up the DagBag from /home/airflow/.local/lib/python3.8/site-packages/airflow/example_dags/example_task_group_decorator.py
[2023-10-10T15:33:23.661+0000] {processor.py:839} INFO - DAG(s) dict_keys(['example_task_group_decorator']) retrieved from /home/airflow/.local/lib/python3.8/site-packages/airflow/example_dags/example_task_group_decorator.py
[2023-10-10T15:33:23.697+0000] {logging_mixin.py:151} INFO - [2023-10-10T15:33:23.696+0000] {dag.py:2915} INFO - Sync 1 DAGs
[2023-10-10T15:33:23.720+0000] {logging_mixin.py:151} INFO - [2023-10-10T15:33:23.720+0000] {dag.py:3696} INFO - Setting next_dagrun for example_task_group_decorator to 2023-10-09T15:33:23.720105+00:00, run_after=2023-10-10T15:33:23.720105+00:00
[2023-10-10T15:33:23.736+0000] {processor.py:179} INFO - Processing /home/airflow/.local/lib/python3.8/site-packages/airflow/example_dags/example_task_group_decorator.py took 0.092 seconds
[2023-10-10T15:33:53.924+0000] {processor.py:157} INFO - Started process (PID=1209) to work on /home/airflow/.local/lib/python3.8/site-packages/airflow/example_dags/example_task_group_decorator.py
[2023-10-10T15:33:53.925+0000] {processor.py:829} INFO - Processing file /home/airflow/.local/lib/python3.8/site-packages/airflow/example_dags/example_task_group_decorator.py for tasks to queue
[2023-10-10T15:33:53.926+0000] {logging_mixin.py:151} INFO - [2023-10-10T15:33:53.926+0000] {dagbag.py:539} INFO - Filling up the DagBag from /home/airflow/.local/lib/python3.8/site-packages/airflow/example_dags/example_task_group_decorator.py
[2023-10-10T15:33:53.939+0000] {processor.py:839} INFO - DAG(s) dict_keys(['example_task_group_decorator']) retrieved from /home/airflow/.local/lib/python3.8/site-packages/airflow/example_dags/example_task_group_decorator.py
[2023-10-10T15:33:53.967+0000] {logging_mixin.py:151} INFO - [2023-10-10T15:33:53.967+0000] {dag.py:2915} INFO - Sync 1 DAGs
[2023-10-10T15:33:53.995+0000] {logging_mixin.py:151} INFO - [2023-10-10T15:33:53.995+0000] {dag.py:3696} INFO - Setting next_dagrun for example_task_group_decorator to 2023-10-09T15:33:53.995149+00:00, run_after=2023-10-10T15:33:53.995149+00:00
[2023-10-10T15:33:54.019+0000] {processor.py:179} INFO - Processing /home/airflow/.local/lib/python3.8/site-packages/airflow/example_dags/example_task_group_decorator.py took 0.098 seconds
[2023-10-10T15:34:24.771+0000] {processor.py:157} INFO - Started process (PID=1270) to work on /home/airflow/.local/lib/python3.8/site-packages/airflow/example_dags/example_task_group_decorator.py
[2023-10-10T15:34:24.772+0000] {processor.py:829} INFO - Processing file /home/airflow/.local/lib/python3.8/site-packages/airflow/example_dags/example_task_group_decorator.py for tasks to queue
[2023-10-10T15:34:24.774+0000] {logging_mixin.py:151} INFO - [2023-10-10T15:34:24.773+0000] {dagbag.py:539} INFO - Filling up the DagBag from /home/airflow/.local/lib/python3.8/site-packages/airflow/example_dags/example_task_group_decorator.py
[2023-10-10T15:34:24.786+0000] {processor.py:839} INFO - DAG(s) dict_keys(['example_task_group_decorator']) retrieved from /home/airflow/.local/lib/python3.8/site-packages/airflow/example_dags/example_task_group_decorator.py
[2023-10-10T15:34:24.813+0000] {logging_mixin.py:151} INFO - [2023-10-10T15:34:24.812+0000] {dag.py:2915} INFO - Sync 1 DAGs
[2023-10-10T15:34:24.840+0000] {logging_mixin.py:151} INFO - [2023-10-10T15:34:24.839+0000] {dag.py:3696} INFO - Setting next_dagrun for example_task_group_decorator to 2023-10-09T15:34:24.839625+00:00, run_after=2023-10-10T15:34:24.839625+00:00
[2023-10-10T15:34:24.856+0000] {processor.py:179} INFO - Processing /home/airflow/.local/lib/python3.8/site-packages/airflow/example_dags/example_task_group_decorator.py took 0.089 seconds
[2023-10-10T15:34:55.715+0000] {processor.py:157} INFO - Started process (PID=1323) to work on /home/airflow/.local/lib/python3.8/site-packages/airflow/example_dags/example_task_group_decorator.py
[2023-10-10T15:34:55.716+0000] {processor.py:829} INFO - Processing file /home/airflow/.local/lib/python3.8/site-packages/airflow/example_dags/example_task_group_decorator.py for tasks to queue
[2023-10-10T15:34:55.719+0000] {logging_mixin.py:151} INFO - [2023-10-10T15:34:55.718+0000] {dagbag.py:539} INFO - Filling up the DagBag from /home/airflow/.local/lib/python3.8/site-packages/airflow/example_dags/example_task_group_decorator.py
[2023-10-10T15:34:55.733+0000] {processor.py:839} INFO - DAG(s) dict_keys(['example_task_group_decorator']) retrieved from /home/airflow/.local/lib/python3.8/site-packages/airflow/example_dags/example_task_group_decorator.py
[2023-10-10T15:34:55.782+0000] {logging_mixin.py:151} INFO - [2023-10-10T15:34:55.782+0000] {dag.py:2915} INFO - Sync 1 DAGs
[2023-10-10T15:34:55.814+0000] {logging_mixin.py:151} INFO - [2023-10-10T15:34:55.814+0000] {dag.py:3696} INFO - Setting next_dagrun for example_task_group_decorator to 2023-10-09T15:34:55.814053+00:00, run_after=2023-10-10T15:34:55.814053+00:00
[2023-10-10T15:34:55.830+0000] {processor.py:179} INFO - Processing /home/airflow/.local/lib/python3.8/site-packages/airflow/example_dags/example_task_group_decorator.py took 0.118 seconds
[2023-10-10T15:35:26.923+0000] {processor.py:157} INFO - Started process (PID=1377) to work on /home/airflow/.local/lib/python3.8/site-packages/airflow/example_dags/example_task_group_decorator.py
[2023-10-10T15:35:26.924+0000] {processor.py:829} INFO - Processing file /home/airflow/.local/lib/python3.8/site-packages/airflow/example_dags/example_task_group_decorator.py for tasks to queue
[2023-10-10T15:35:26.926+0000] {logging_mixin.py:151} INFO - [2023-10-10T15:35:26.926+0000] {dagbag.py:539} INFO - Filling up the DagBag from /home/airflow/.local/lib/python3.8/site-packages/airflow/example_dags/example_task_group_decorator.py
[2023-10-10T15:35:26.942+0000] {processor.py:839} INFO - DAG(s) dict_keys(['example_task_group_decorator']) retrieved from /home/airflow/.local/lib/python3.8/site-packages/airflow/example_dags/example_task_group_decorator.py
[2023-10-10T15:35:26.978+0000] {logging_mixin.py:151} INFO - [2023-10-10T15:35:26.977+0000] {dag.py:2915} INFO - Sync 1 DAGs
[2023-10-10T15:35:27.003+0000] {logging_mixin.py:151} INFO - [2023-10-10T15:35:27.002+0000] {dag.py:3696} INFO - Setting next_dagrun for example_task_group_decorator to 2023-10-09T15:35:27.002427+00:00, run_after=2023-10-10T15:35:27.002427+00:00
[2023-10-10T15:35:27.025+0000] {processor.py:179} INFO - Processing /home/airflow/.local/lib/python3.8/site-packages/airflow/example_dags/example_task_group_decorator.py took 0.105 seconds
[2023-10-10T15:35:58.149+0000] {processor.py:157} INFO - Started process (PID=1431) to work on /home/airflow/.local/lib/python3.8/site-packages/airflow/example_dags/example_task_group_decorator.py
[2023-10-10T15:35:58.150+0000] {processor.py:829} INFO - Processing file /home/airflow/.local/lib/python3.8/site-packages/airflow/example_dags/example_task_group_decorator.py for tasks to queue
[2023-10-10T15:35:58.152+0000] {logging_mixin.py:151} INFO - [2023-10-10T15:35:58.152+0000] {dagbag.py:539} INFO - Filling up the DagBag from /home/airflow/.local/lib/python3.8/site-packages/airflow/example_dags/example_task_group_decorator.py
[2023-10-10T15:35:58.164+0000] {processor.py:839} INFO - DAG(s) dict_keys(['example_task_group_decorator']) retrieved from /home/airflow/.local/lib/python3.8/site-packages/airflow/example_dags/example_task_group_decorator.py
[2023-10-10T15:35:58.201+0000] {logging_mixin.py:151} INFO - [2023-10-10T15:35:58.201+0000] {dag.py:2915} INFO - Sync 1 DAGs
[2023-10-10T15:35:58.224+0000] {logging_mixin.py:151} INFO - [2023-10-10T15:35:58.223+0000] {dag.py:3696} INFO - Setting next_dagrun for example_task_group_decorator to 2023-10-09T15:35:58.223336+00:00, run_after=2023-10-10T15:35:58.223336+00:00
[2023-10-10T15:35:58.240+0000] {processor.py:179} INFO - Processing /home/airflow/.local/lib/python3.8/site-packages/airflow/example_dags/example_task_group_decorator.py took 0.094 seconds
[2023-10-10T15:36:28.812+0000] {processor.py:157} INFO - Started process (PID=1485) to work on /home/airflow/.local/lib/python3.8/site-packages/airflow/example_dags/example_task_group_decorator.py
[2023-10-10T15:36:28.813+0000] {processor.py:829} INFO - Processing file /home/airflow/.local/lib/python3.8/site-packages/airflow/example_dags/example_task_group_decorator.py for tasks to queue
[2023-10-10T15:36:28.815+0000] {logging_mixin.py:151} INFO - [2023-10-10T15:36:28.815+0000] {dagbag.py:539} INFO - Filling up the DagBag from /home/airflow/.local/lib/python3.8/site-packages/airflow/example_dags/example_task_group_decorator.py
[2023-10-10T15:36:28.830+0000] {processor.py:839} INFO - DAG(s) dict_keys(['example_task_group_decorator']) retrieved from /home/airflow/.local/lib/python3.8/site-packages/airflow/example_dags/example_task_group_decorator.py
[2023-10-10T15:36:28.856+0000] {logging_mixin.py:151} INFO - [2023-10-10T15:36:28.855+0000] {dag.py:2915} INFO - Sync 1 DAGs
[2023-10-10T15:36:28.888+0000] {logging_mixin.py:151} INFO - [2023-10-10T15:36:28.887+0000] {dag.py:3696} INFO - Setting next_dagrun for example_task_group_decorator to 2023-10-09T15:36:28.887679+00:00, run_after=2023-10-10T15:36:28.887679+00:00
[2023-10-10T15:36:28.907+0000] {processor.py:179} INFO - Processing /home/airflow/.local/lib/python3.8/site-packages/airflow/example_dags/example_task_group_decorator.py took 0.098 seconds
[2023-10-10T15:36:59.923+0000] {processor.py:157} INFO - Started process (PID=1539) to work on /home/airflow/.local/lib/python3.8/site-packages/airflow/example_dags/example_task_group_decorator.py
[2023-10-10T15:36:59.924+0000] {processor.py:829} INFO - Processing file /home/airflow/.local/lib/python3.8/site-packages/airflow/example_dags/example_task_group_decorator.py for tasks to queue
[2023-10-10T15:36:59.926+0000] {logging_mixin.py:151} INFO - [2023-10-10T15:36:59.926+0000] {dagbag.py:539} INFO - Filling up the DagBag from /home/airflow/.local/lib/python3.8/site-packages/airflow/example_dags/example_task_group_decorator.py
[2023-10-10T15:36:59.941+0000] {processor.py:839} INFO - DAG(s) dict_keys(['example_task_group_decorator']) retrieved from /home/airflow/.local/lib/python3.8/site-packages/airflow/example_dags/example_task_group_decorator.py
[2023-10-10T15:36:59.998+0000] {logging_mixin.py:151} INFO - [2023-10-10T15:36:59.998+0000] {dag.py:2915} INFO - Sync 1 DAGs
[2023-10-10T15:37:00.022+0000] {logging_mixin.py:151} INFO - [2023-10-10T15:37:00.022+0000] {dag.py:3696} INFO - Setting next_dagrun for example_task_group_decorator to 2023-10-09T15:37:00.021803+00:00, run_after=2023-10-10T15:37:00.021803+00:00
[2023-10-10T15:37:00.036+0000] {processor.py:179} INFO - Processing /home/airflow/.local/lib/python3.8/site-packages/airflow/example_dags/example_task_group_decorator.py took 0.116 seconds
[2023-10-10T15:37:31.153+0000] {processor.py:157} INFO - Started process (PID=1593) to work on /home/airflow/.local/lib/python3.8/site-packages/airflow/example_dags/example_task_group_decorator.py
[2023-10-10T15:37:31.154+0000] {processor.py:829} INFO - Processing file /home/airflow/.local/lib/python3.8/site-packages/airflow/example_dags/example_task_group_decorator.py for tasks to queue
[2023-10-10T15:37:31.155+0000] {logging_mixin.py:151} INFO - [2023-10-10T15:37:31.155+0000] {dagbag.py:539} INFO - Filling up the DagBag from /home/airflow/.local/lib/python3.8/site-packages/airflow/example_dags/example_task_group_decorator.py
[2023-10-10T15:37:31.169+0000] {processor.py:839} INFO - DAG(s) dict_keys(['example_task_group_decorator']) retrieved from /home/airflow/.local/lib/python3.8/site-packages/airflow/example_dags/example_task_group_decorator.py
[2023-10-10T15:37:31.192+0000] {logging_mixin.py:151} INFO - [2023-10-10T15:37:31.192+0000] {dag.py:2915} INFO - Sync 1 DAGs
[2023-10-10T15:37:31.214+0000] {logging_mixin.py:151} INFO - [2023-10-10T15:37:31.214+0000] {dag.py:3696} INFO - Setting next_dagrun for example_task_group_decorator to 2023-10-09T15:37:31.214229+00:00, run_after=2023-10-10T15:37:31.214229+00:00
[2023-10-10T15:37:31.233+0000] {processor.py:179} INFO - Processing /home/airflow/.local/lib/python3.8/site-packages/airflow/example_dags/example_task_group_decorator.py took 0.083 seconds
[2023-10-10T15:38:02.725+0000] {processor.py:157} INFO - Started process (PID=1647) to work on /home/airflow/.local/lib/python3.8/site-packages/airflow/example_dags/example_task_group_decorator.py
[2023-10-10T15:38:02.727+0000] {processor.py:829} INFO - Processing file /home/airflow/.local/lib/python3.8/site-packages/airflow/example_dags/example_task_group_decorator.py for tasks to queue
[2023-10-10T15:38:02.729+0000] {logging_mixin.py:151} INFO - [2023-10-10T15:38:02.729+0000] {dagbag.py:539} INFO - Filling up the DagBag from /home/airflow/.local/lib/python3.8/site-packages/airflow/example_dags/example_task_group_decorator.py
[2023-10-10T15:38:02.745+0000] {processor.py:839} INFO - DAG(s) dict_keys(['example_task_group_decorator']) retrieved from /home/airflow/.local/lib/python3.8/site-packages/airflow/example_dags/example_task_group_decorator.py
[2023-10-10T15:38:02.781+0000] {logging_mixin.py:151} INFO - [2023-10-10T15:38:02.781+0000] {dag.py:2915} INFO - Sync 1 DAGs
[2023-10-10T15:38:02.809+0000] {logging_mixin.py:151} INFO - [2023-10-10T15:38:02.808+0000] {dag.py:3696} INFO - Setting next_dagrun for example_task_group_decorator to 2023-10-09T15:38:02.808673+00:00, run_after=2023-10-10T15:38:02.808673+00:00
[2023-10-10T15:38:02.829+0000] {processor.py:179} INFO - Processing /home/airflow/.local/lib/python3.8/site-packages/airflow/example_dags/example_task_group_decorator.py took 0.107 seconds
[2023-10-10T15:38:33.194+0000] {processor.py:157} INFO - Started process (PID=1701) to work on /home/airflow/.local/lib/python3.8/site-packages/airflow/example_dags/example_task_group_decorator.py
[2023-10-10T15:38:33.196+0000] {processor.py:829} INFO - Processing file /home/airflow/.local/lib/python3.8/site-packages/airflow/example_dags/example_task_group_decorator.py for tasks to queue
[2023-10-10T15:38:33.197+0000] {logging_mixin.py:151} INFO - [2023-10-10T15:38:33.197+0000] {dagbag.py:539} INFO - Filling up the DagBag from /home/airflow/.local/lib/python3.8/site-packages/airflow/example_dags/example_task_group_decorator.py
[2023-10-10T15:38:33.210+0000] {processor.py:839} INFO - DAG(s) dict_keys(['example_task_group_decorator']) retrieved from /home/airflow/.local/lib/python3.8/site-packages/airflow/example_dags/example_task_group_decorator.py
[2023-10-10T15:38:33.236+0000] {logging_mixin.py:151} INFO - [2023-10-10T15:38:33.236+0000] {dag.py:2915} INFO - Sync 1 DAGs
[2023-10-10T15:38:33.260+0000] {logging_mixin.py:151} INFO - [2023-10-10T15:38:33.260+0000] {dag.py:3696} INFO - Setting next_dagrun for example_task_group_decorator to 2023-10-09T15:38:33.260213+00:00, run_after=2023-10-10T15:38:33.260213+00:00
[2023-10-10T15:38:33.293+0000] {processor.py:179} INFO - Processing /home/airflow/.local/lib/python3.8/site-packages/airflow/example_dags/example_task_group_decorator.py took 0.101 seconds
[2023-10-10T15:39:04.353+0000] {processor.py:157} INFO - Started process (PID=1755) to work on /home/airflow/.local/lib/python3.8/site-packages/airflow/example_dags/example_task_group_decorator.py
[2023-10-10T15:39:04.354+0000] {processor.py:829} INFO - Processing file /home/airflow/.local/lib/python3.8/site-packages/airflow/example_dags/example_task_group_decorator.py for tasks to queue
[2023-10-10T15:39:04.357+0000] {logging_mixin.py:151} INFO - [2023-10-10T15:39:04.356+0000] {dagbag.py:539} INFO - Filling up the DagBag from /home/airflow/.local/lib/python3.8/site-packages/airflow/example_dags/example_task_group_decorator.py
[2023-10-10T15:39:04.384+0000] {processor.py:839} INFO - DAG(s) dict_keys(['example_task_group_decorator']) retrieved from /home/airflow/.local/lib/python3.8/site-packages/airflow/example_dags/example_task_group_decorator.py
[2023-10-10T15:39:04.413+0000] {logging_mixin.py:151} INFO - [2023-10-10T15:39:04.413+0000] {dag.py:2915} INFO - Sync 1 DAGs
[2023-10-10T15:39:04.441+0000] {logging_mixin.py:151} INFO - [2023-10-10T15:39:04.441+0000] {dag.py:3696} INFO - Setting next_dagrun for example_task_group_decorator to 2023-10-09T15:39:04.441413+00:00, run_after=2023-10-10T15:39:04.441413+00:00
[2023-10-10T15:39:04.459+0000] {processor.py:179} INFO - Processing /home/airflow/.local/lib/python3.8/site-packages/airflow/example_dags/example_task_group_decorator.py took 0.109 seconds
[2023-10-10T15:39:34.794+0000] {processor.py:157} INFO - Started process (PID=1809) to work on /home/airflow/.local/lib/python3.8/site-packages/airflow/example_dags/example_task_group_decorator.py
[2023-10-10T15:39:34.794+0000] {processor.py:829} INFO - Processing file /home/airflow/.local/lib/python3.8/site-packages/airflow/example_dags/example_task_group_decorator.py for tasks to queue
[2023-10-10T15:39:34.797+0000] {logging_mixin.py:151} INFO - [2023-10-10T15:39:34.796+0000] {dagbag.py:539} INFO - Filling up the DagBag from /home/airflow/.local/lib/python3.8/site-packages/airflow/example_dags/example_task_group_decorator.py
[2023-10-10T15:39:34.811+0000] {processor.py:839} INFO - DAG(s) dict_keys(['example_task_group_decorator']) retrieved from /home/airflow/.local/lib/python3.8/site-packages/airflow/example_dags/example_task_group_decorator.py
[2023-10-10T15:39:34.835+0000] {logging_mixin.py:151} INFO - [2023-10-10T15:39:34.834+0000] {dag.py:2915} INFO - Sync 1 DAGs
[2023-10-10T15:39:34.855+0000] {logging_mixin.py:151} INFO - [2023-10-10T15:39:34.855+0000] {dag.py:3696} INFO - Setting next_dagrun for example_task_group_decorator to 2023-10-09T15:39:34.854745+00:00, run_after=2023-10-10T15:39:34.854745+00:00
[2023-10-10T15:39:34.883+0000] {processor.py:179} INFO - Processing /home/airflow/.local/lib/python3.8/site-packages/airflow/example_dags/example_task_group_decorator.py took 0.093 seconds
[2023-10-10T15:40:06.077+0000] {processor.py:157} INFO - Started process (PID=1863) to work on /home/airflow/.local/lib/python3.8/site-packages/airflow/example_dags/example_task_group_decorator.py
[2023-10-10T15:40:06.078+0000] {processor.py:829} INFO - Processing file /home/airflow/.local/lib/python3.8/site-packages/airflow/example_dags/example_task_group_decorator.py for tasks to queue
[2023-10-10T15:40:06.080+0000] {logging_mixin.py:151} INFO - [2023-10-10T15:40:06.080+0000] {dagbag.py:539} INFO - Filling up the DagBag from /home/airflow/.local/lib/python3.8/site-packages/airflow/example_dags/example_task_group_decorator.py
[2023-10-10T15:40:06.097+0000] {processor.py:839} INFO - DAG(s) dict_keys(['example_task_group_decorator']) retrieved from /home/airflow/.local/lib/python3.8/site-packages/airflow/example_dags/example_task_group_decorator.py
[2023-10-10T15:40:06.128+0000] {logging_mixin.py:151} INFO - [2023-10-10T15:40:06.128+0000] {dag.py:2915} INFO - Sync 1 DAGs
[2023-10-10T15:40:06.153+0000] {logging_mixin.py:151} INFO - [2023-10-10T15:40:06.152+0000] {dag.py:3696} INFO - Setting next_dagrun for example_task_group_decorator to 2023-10-09T15:40:06.152630+00:00, run_after=2023-10-10T15:40:06.152630+00:00
[2023-10-10T15:40:06.181+0000] {processor.py:179} INFO - Processing /home/airflow/.local/lib/python3.8/site-packages/airflow/example_dags/example_task_group_decorator.py took 0.115 seconds
[2023-10-10T15:40:37.152+0000] {processor.py:157} INFO - Started process (PID=1917) to work on /home/airflow/.local/lib/python3.8/site-packages/airflow/example_dags/example_task_group_decorator.py
[2023-10-10T15:40:37.153+0000] {processor.py:829} INFO - Processing file /home/airflow/.local/lib/python3.8/site-packages/airflow/example_dags/example_task_group_decorator.py for tasks to queue
[2023-10-10T15:40:37.155+0000] {logging_mixin.py:151} INFO - [2023-10-10T15:40:37.155+0000] {dagbag.py:539} INFO - Filling up the DagBag from /home/airflow/.local/lib/python3.8/site-packages/airflow/example_dags/example_task_group_decorator.py
[2023-10-10T15:40:37.170+0000] {processor.py:839} INFO - DAG(s) dict_keys(['example_task_group_decorator']) retrieved from /home/airflow/.local/lib/python3.8/site-packages/airflow/example_dags/example_task_group_decorator.py
[2023-10-10T15:40:37.196+0000] {logging_mixin.py:151} INFO - [2023-10-10T15:40:37.196+0000] {dag.py:2915} INFO - Sync 1 DAGs
[2023-10-10T15:40:37.221+0000] {logging_mixin.py:151} INFO - [2023-10-10T15:40:37.221+0000] {dag.py:3696} INFO - Setting next_dagrun for example_task_group_decorator to 2023-10-09T15:40:37.220870+00:00, run_after=2023-10-10T15:40:37.220870+00:00
[2023-10-10T15:40:37.238+0000] {processor.py:179} INFO - Processing /home/airflow/.local/lib/python3.8/site-packages/airflow/example_dags/example_task_group_decorator.py took 0.088 seconds
[2023-10-10T15:41:08.924+0000] {processor.py:157} INFO - Started process (PID=1971) to work on /home/airflow/.local/lib/python3.8/site-packages/airflow/example_dags/example_task_group_decorator.py
[2023-10-10T15:41:08.925+0000] {processor.py:829} INFO - Processing file /home/airflow/.local/lib/python3.8/site-packages/airflow/example_dags/example_task_group_decorator.py for tasks to queue
[2023-10-10T15:41:08.927+0000] {logging_mixin.py:151} INFO - [2023-10-10T15:41:08.926+0000] {dagbag.py:539} INFO - Filling up the DagBag from /home/airflow/.local/lib/python3.8/site-packages/airflow/example_dags/example_task_group_decorator.py
[2023-10-10T15:41:08.940+0000] {processor.py:839} INFO - DAG(s) dict_keys(['example_task_group_decorator']) retrieved from /home/airflow/.local/lib/python3.8/site-packages/airflow/example_dags/example_task_group_decorator.py
[2023-10-10T15:41:08.979+0000] {logging_mixin.py:151} INFO - [2023-10-10T15:41:08.978+0000] {dag.py:2915} INFO - Sync 1 DAGs
[2023-10-10T15:41:08.998+0000] {logging_mixin.py:151} INFO - [2023-10-10T15:41:08.998+0000] {dag.py:3696} INFO - Setting next_dagrun for example_task_group_decorator to 2023-10-09T15:41:08.998403+00:00, run_after=2023-10-10T15:41:08.998403+00:00
[2023-10-10T15:41:09.015+0000] {processor.py:179} INFO - Processing /home/airflow/.local/lib/python3.8/site-packages/airflow/example_dags/example_task_group_decorator.py took 0.094 seconds
[2023-10-10T15:41:40.406+0000] {processor.py:157} INFO - Started process (PID=2024) to work on /home/airflow/.local/lib/python3.8/site-packages/airflow/example_dags/example_task_group_decorator.py
[2023-10-10T15:41:40.407+0000] {processor.py:829} INFO - Processing file /home/airflow/.local/lib/python3.8/site-packages/airflow/example_dags/example_task_group_decorator.py for tasks to queue
[2023-10-10T15:41:40.409+0000] {logging_mixin.py:151} INFO - [2023-10-10T15:41:40.409+0000] {dagbag.py:539} INFO - Filling up the DagBag from /home/airflow/.local/lib/python3.8/site-packages/airflow/example_dags/example_task_group_decorator.py
[2023-10-10T15:41:40.421+0000] {processor.py:839} INFO - DAG(s) dict_keys(['example_task_group_decorator']) retrieved from /home/airflow/.local/lib/python3.8/site-packages/airflow/example_dags/example_task_group_decorator.py
[2023-10-10T15:41:40.488+0000] {logging_mixin.py:151} INFO - [2023-10-10T15:41:40.488+0000] {dag.py:2915} INFO - Sync 1 DAGs
[2023-10-10T15:41:40.515+0000] {logging_mixin.py:151} INFO - [2023-10-10T15:41:40.515+0000] {dag.py:3696} INFO - Setting next_dagrun for example_task_group_decorator to 2023-10-09T15:41:40.514866+00:00, run_after=2023-10-10T15:41:40.514866+00:00
[2023-10-10T15:41:40.597+0000] {processor.py:179} INFO - Processing /home/airflow/.local/lib/python3.8/site-packages/airflow/example_dags/example_task_group_decorator.py took 0.194 seconds
[2023-10-10T15:42:11.239+0000] {processor.py:157} INFO - Started process (PID=2078) to work on /home/airflow/.local/lib/python3.8/site-packages/airflow/example_dags/example_task_group_decorator.py
[2023-10-10T15:42:11.240+0000] {processor.py:829} INFO - Processing file /home/airflow/.local/lib/python3.8/site-packages/airflow/example_dags/example_task_group_decorator.py for tasks to queue
[2023-10-10T15:42:11.242+0000] {logging_mixin.py:151} INFO - [2023-10-10T15:42:11.241+0000] {dagbag.py:539} INFO - Filling up the DagBag from /home/airflow/.local/lib/python3.8/site-packages/airflow/example_dags/example_task_group_decorator.py
[2023-10-10T15:42:11.254+0000] {processor.py:839} INFO - DAG(s) dict_keys(['example_task_group_decorator']) retrieved from /home/airflow/.local/lib/python3.8/site-packages/airflow/example_dags/example_task_group_decorator.py
[2023-10-10T15:42:11.275+0000] {logging_mixin.py:151} INFO - [2023-10-10T15:42:11.275+0000] {dag.py:2915} INFO - Sync 1 DAGs
[2023-10-10T15:42:11.293+0000] {logging_mixin.py:151} INFO - [2023-10-10T15:42:11.293+0000] {dag.py:3696} INFO - Setting next_dagrun for example_task_group_decorator to 2023-10-09T15:42:11.293383+00:00, run_after=2023-10-10T15:42:11.293383+00:00
[2023-10-10T15:42:11.310+0000] {processor.py:179} INFO - Processing /home/airflow/.local/lib/python3.8/site-packages/airflow/example_dags/example_task_group_decorator.py took 0.074 seconds
[2023-10-10T15:42:42.228+0000] {processor.py:157} INFO - Started process (PID=2132) to work on /home/airflow/.local/lib/python3.8/site-packages/airflow/example_dags/example_task_group_decorator.py
[2023-10-10T15:42:42.229+0000] {processor.py:829} INFO - Processing file /home/airflow/.local/lib/python3.8/site-packages/airflow/example_dags/example_task_group_decorator.py for tasks to queue
[2023-10-10T15:42:42.231+0000] {logging_mixin.py:151} INFO - [2023-10-10T15:42:42.231+0000] {dagbag.py:539} INFO - Filling up the DagBag from /home/airflow/.local/lib/python3.8/site-packages/airflow/example_dags/example_task_group_decorator.py
[2023-10-10T15:42:42.242+0000] {processor.py:839} INFO - DAG(s) dict_keys(['example_task_group_decorator']) retrieved from /home/airflow/.local/lib/python3.8/site-packages/airflow/example_dags/example_task_group_decorator.py
[2023-10-10T15:42:42.263+0000] {logging_mixin.py:151} INFO - [2023-10-10T15:42:42.263+0000] {dag.py:2915} INFO - Sync 1 DAGs
[2023-10-10T15:42:42.290+0000] {logging_mixin.py:151} INFO - [2023-10-10T15:42:42.290+0000] {dag.py:3696} INFO - Setting next_dagrun for example_task_group_decorator to 2023-10-09T15:42:42.290055+00:00, run_after=2023-10-10T15:42:42.290055+00:00
[2023-10-10T15:42:42.308+0000] {processor.py:179} INFO - Processing /home/airflow/.local/lib/python3.8/site-packages/airflow/example_dags/example_task_group_decorator.py took 0.082 seconds
[2023-10-10T15:43:12.625+0000] {processor.py:157} INFO - Started process (PID=2186) to work on /home/airflow/.local/lib/python3.8/site-packages/airflow/example_dags/example_task_group_decorator.py
[2023-10-10T15:43:12.625+0000] {processor.py:829} INFO - Processing file /home/airflow/.local/lib/python3.8/site-packages/airflow/example_dags/example_task_group_decorator.py for tasks to queue
[2023-10-10T15:43:12.627+0000] {logging_mixin.py:151} INFO - [2023-10-10T15:43:12.627+0000] {dagbag.py:539} INFO - Filling up the DagBag from /home/airflow/.local/lib/python3.8/site-packages/airflow/example_dags/example_task_group_decorator.py
[2023-10-10T15:43:12.638+0000] {processor.py:839} INFO - DAG(s) dict_keys(['example_task_group_decorator']) retrieved from /home/airflow/.local/lib/python3.8/site-packages/airflow/example_dags/example_task_group_decorator.py
[2023-10-10T15:43:12.664+0000] {logging_mixin.py:151} INFO - [2023-10-10T15:43:12.664+0000] {dag.py:2915} INFO - Sync 1 DAGs
[2023-10-10T15:43:12.692+0000] {logging_mixin.py:151} INFO - [2023-10-10T15:43:12.692+0000] {dag.py:3696} INFO - Setting next_dagrun for example_task_group_decorator to 2023-10-09T15:43:12.692079+00:00, run_after=2023-10-10T15:43:12.692079+00:00
[2023-10-10T15:43:12.713+0000] {processor.py:179} INFO - Processing /home/airflow/.local/lib/python3.8/site-packages/airflow/example_dags/example_task_group_decorator.py took 0.091 seconds
[2023-10-10T15:43:43.658+0000] {processor.py:157} INFO - Started process (PID=2240) to work on /home/airflow/.local/lib/python3.8/site-packages/airflow/example_dags/example_task_group_decorator.py
[2023-10-10T15:43:43.659+0000] {processor.py:829} INFO - Processing file /home/airflow/.local/lib/python3.8/site-packages/airflow/example_dags/example_task_group_decorator.py for tasks to queue
[2023-10-10T15:43:43.661+0000] {logging_mixin.py:151} INFO - [2023-10-10T15:43:43.661+0000] {dagbag.py:539} INFO - Filling up the DagBag from /home/airflow/.local/lib/python3.8/site-packages/airflow/example_dags/example_task_group_decorator.py
[2023-10-10T15:43:43.674+0000] {processor.py:839} INFO - DAG(s) dict_keys(['example_task_group_decorator']) retrieved from /home/airflow/.local/lib/python3.8/site-packages/airflow/example_dags/example_task_group_decorator.py
[2023-10-10T15:43:43.704+0000] {logging_mixin.py:151} INFO - [2023-10-10T15:43:43.704+0000] {dag.py:2915} INFO - Sync 1 DAGs
[2023-10-10T15:43:43.724+0000] {logging_mixin.py:151} INFO - [2023-10-10T15:43:43.724+0000] {dag.py:3696} INFO - Setting next_dagrun for example_task_group_decorator to 2023-10-09T15:43:43.724181+00:00, run_after=2023-10-10T15:43:43.724181+00:00
[2023-10-10T15:43:43.740+0000] {processor.py:179} INFO - Processing /home/airflow/.local/lib/python3.8/site-packages/airflow/example_dags/example_task_group_decorator.py took 0.084 seconds
[2023-10-10T15:44:14.757+0000] {processor.py:157} INFO - Started process (PID=2294) to work on /home/airflow/.local/lib/python3.8/site-packages/airflow/example_dags/example_task_group_decorator.py
[2023-10-10T15:44:14.758+0000] {processor.py:829} INFO - Processing file /home/airflow/.local/lib/python3.8/site-packages/airflow/example_dags/example_task_group_decorator.py for tasks to queue
[2023-10-10T15:44:14.760+0000] {logging_mixin.py:151} INFO - [2023-10-10T15:44:14.760+0000] {dagbag.py:539} INFO - Filling up the DagBag from /home/airflow/.local/lib/python3.8/site-packages/airflow/example_dags/example_task_group_decorator.py
[2023-10-10T15:44:14.771+0000] {processor.py:839} INFO - DAG(s) dict_keys(['example_task_group_decorator']) retrieved from /home/airflow/.local/lib/python3.8/site-packages/airflow/example_dags/example_task_group_decorator.py
[2023-10-10T15:44:14.796+0000] {logging_mixin.py:151} INFO - [2023-10-10T15:44:14.795+0000] {dag.py:2915} INFO - Sync 1 DAGs
[2023-10-10T15:44:14.817+0000] {logging_mixin.py:151} INFO - [2023-10-10T15:44:14.817+0000] {dag.py:3696} INFO - Setting next_dagrun for example_task_group_decorator to 2023-10-09T15:44:14.817342+00:00, run_after=2023-10-10T15:44:14.817342+00:00
[2023-10-10T15:44:14.832+0000] {processor.py:179} INFO - Processing /home/airflow/.local/lib/python3.8/site-packages/airflow/example_dags/example_task_group_decorator.py took 0.077 seconds
[2023-10-10T15:44:45.331+0000] {processor.py:157} INFO - Started process (PID=2348) to work on /home/airflow/.local/lib/python3.8/site-packages/airflow/example_dags/example_task_group_decorator.py
[2023-10-10T15:44:45.332+0000] {processor.py:829} INFO - Processing file /home/airflow/.local/lib/python3.8/site-packages/airflow/example_dags/example_task_group_decorator.py for tasks to queue
[2023-10-10T15:44:45.334+0000] {logging_mixin.py:151} INFO - [2023-10-10T15:44:45.334+0000] {dagbag.py:539} INFO - Filling up the DagBag from /home/airflow/.local/lib/python3.8/site-packages/airflow/example_dags/example_task_group_decorator.py
[2023-10-10T15:44:45.347+0000] {processor.py:839} INFO - DAG(s) dict_keys(['example_task_group_decorator']) retrieved from /home/airflow/.local/lib/python3.8/site-packages/airflow/example_dags/example_task_group_decorator.py
[2023-10-10T15:44:45.368+0000] {logging_mixin.py:151} INFO - [2023-10-10T15:44:45.368+0000] {dag.py:2915} INFO - Sync 1 DAGs
[2023-10-10T15:44:45.393+0000] {logging_mixin.py:151} INFO - [2023-10-10T15:44:45.392+0000] {dag.py:3696} INFO - Setting next_dagrun for example_task_group_decorator to 2023-10-09T15:44:45.392398+00:00, run_after=2023-10-10T15:44:45.392398+00:00
[2023-10-10T15:44:45.411+0000] {processor.py:179} INFO - Processing /home/airflow/.local/lib/python3.8/site-packages/airflow/example_dags/example_task_group_decorator.py took 0.082 seconds
[2023-10-10T15:45:16.501+0000] {processor.py:157} INFO - Started process (PID=2402) to work on /home/airflow/.local/lib/python3.8/site-packages/airflow/example_dags/example_task_group_decorator.py
[2023-10-10T15:45:16.502+0000] {processor.py:829} INFO - Processing file /home/airflow/.local/lib/python3.8/site-packages/airflow/example_dags/example_task_group_decorator.py for tasks to queue
[2023-10-10T15:45:16.504+0000] {logging_mixin.py:151} INFO - [2023-10-10T15:45:16.504+0000] {dagbag.py:539} INFO - Filling up the DagBag from /home/airflow/.local/lib/python3.8/site-packages/airflow/example_dags/example_task_group_decorator.py
[2023-10-10T15:45:16.522+0000] {processor.py:839} INFO - DAG(s) dict_keys(['example_task_group_decorator']) retrieved from /home/airflow/.local/lib/python3.8/site-packages/airflow/example_dags/example_task_group_decorator.py
[2023-10-10T15:45:16.553+0000] {logging_mixin.py:151} INFO - [2023-10-10T15:45:16.553+0000] {dag.py:2915} INFO - Sync 1 DAGs
[2023-10-10T15:45:16.593+0000] {logging_mixin.py:151} INFO - [2023-10-10T15:45:16.593+0000] {dag.py:3696} INFO - Setting next_dagrun for example_task_group_decorator to 2023-10-09T15:45:16.593272+00:00, run_after=2023-10-10T15:45:16.593272+00:00
[2023-10-10T15:45:16.615+0000] {processor.py:179} INFO - Processing /home/airflow/.local/lib/python3.8/site-packages/airflow/example_dags/example_task_group_decorator.py took 0.118 seconds
[2023-10-10T15:45:47.538+0000] {processor.py:157} INFO - Started process (PID=2456) to work on /home/airflow/.local/lib/python3.8/site-packages/airflow/example_dags/example_task_group_decorator.py
[2023-10-10T15:45:47.539+0000] {processor.py:829} INFO - Processing file /home/airflow/.local/lib/python3.8/site-packages/airflow/example_dags/example_task_group_decorator.py for tasks to queue
[2023-10-10T15:45:47.541+0000] {logging_mixin.py:151} INFO - [2023-10-10T15:45:47.541+0000] {dagbag.py:539} INFO - Filling up the DagBag from /home/airflow/.local/lib/python3.8/site-packages/airflow/example_dags/example_task_group_decorator.py
[2023-10-10T15:45:47.554+0000] {processor.py:839} INFO - DAG(s) dict_keys(['example_task_group_decorator']) retrieved from /home/airflow/.local/lib/python3.8/site-packages/airflow/example_dags/example_task_group_decorator.py
[2023-10-10T15:45:47.584+0000] {logging_mixin.py:151} INFO - [2023-10-10T15:45:47.583+0000] {dag.py:2915} INFO - Sync 1 DAGs
[2023-10-10T15:45:47.605+0000] {logging_mixin.py:151} INFO - [2023-10-10T15:45:47.605+0000] {dag.py:3696} INFO - Setting next_dagrun for example_task_group_decorator to 2023-10-09T15:45:47.605103+00:00, run_after=2023-10-10T15:45:47.605103+00:00
[2023-10-10T15:45:47.620+0000] {processor.py:179} INFO - Processing /home/airflow/.local/lib/python3.8/site-packages/airflow/example_dags/example_task_group_decorator.py took 0.085 seconds
[2023-10-10T15:46:18.594+0000] {processor.py:157} INFO - Started process (PID=2510) to work on /home/airflow/.local/lib/python3.8/site-packages/airflow/example_dags/example_task_group_decorator.py
[2023-10-10T15:46:18.595+0000] {processor.py:829} INFO - Processing file /home/airflow/.local/lib/python3.8/site-packages/airflow/example_dags/example_task_group_decorator.py for tasks to queue
[2023-10-10T15:46:18.596+0000] {logging_mixin.py:151} INFO - [2023-10-10T15:46:18.596+0000] {dagbag.py:539} INFO - Filling up the DagBag from /home/airflow/.local/lib/python3.8/site-packages/airflow/example_dags/example_task_group_decorator.py
[2023-10-10T15:46:18.615+0000] {processor.py:839} INFO - DAG(s) dict_keys(['example_task_group_decorator']) retrieved from /home/airflow/.local/lib/python3.8/site-packages/airflow/example_dags/example_task_group_decorator.py
[2023-10-10T15:46:18.645+0000] {logging_mixin.py:151} INFO - [2023-10-10T15:46:18.645+0000] {dag.py:2915} INFO - Sync 1 DAGs
[2023-10-10T15:46:18.684+0000] {logging_mixin.py:151} INFO - [2023-10-10T15:46:18.684+0000] {dag.py:3696} INFO - Setting next_dagrun for example_task_group_decorator to 2023-10-09T15:46:18.683956+00:00, run_after=2023-10-10T15:46:18.683956+00:00
[2023-10-10T15:46:18.703+0000] {processor.py:179} INFO - Processing /home/airflow/.local/lib/python3.8/site-packages/airflow/example_dags/example_task_group_decorator.py took 0.112 seconds
[2023-10-10T15:46:49.745+0000] {processor.py:157} INFO - Started process (PID=2564) to work on /home/airflow/.local/lib/python3.8/site-packages/airflow/example_dags/example_task_group_decorator.py
[2023-10-10T15:46:49.746+0000] {processor.py:829} INFO - Processing file /home/airflow/.local/lib/python3.8/site-packages/airflow/example_dags/example_task_group_decorator.py for tasks to queue
[2023-10-10T15:46:49.748+0000] {logging_mixin.py:151} INFO - [2023-10-10T15:46:49.748+0000] {dagbag.py:539} INFO - Filling up the DagBag from /home/airflow/.local/lib/python3.8/site-packages/airflow/example_dags/example_task_group_decorator.py
[2023-10-10T15:46:49.759+0000] {processor.py:839} INFO - DAG(s) dict_keys(['example_task_group_decorator']) retrieved from /home/airflow/.local/lib/python3.8/site-packages/airflow/example_dags/example_task_group_decorator.py
[2023-10-10T15:46:49.780+0000] {logging_mixin.py:151} INFO - [2023-10-10T15:46:49.780+0000] {dag.py:2915} INFO - Sync 1 DAGs
[2023-10-10T15:46:49.798+0000] {logging_mixin.py:151} INFO - [2023-10-10T15:46:49.798+0000] {dag.py:3696} INFO - Setting next_dagrun for example_task_group_decorator to 2023-10-09T15:46:49.798362+00:00, run_after=2023-10-10T15:46:49.798362+00:00
[2023-10-10T15:46:49.813+0000] {processor.py:179} INFO - Processing /home/airflow/.local/lib/python3.8/site-packages/airflow/example_dags/example_task_group_decorator.py took 0.070 seconds
[2023-10-10T15:47:20.217+0000] {processor.py:157} INFO - Started process (PID=2618) to work on /home/airflow/.local/lib/python3.8/site-packages/airflow/example_dags/example_task_group_decorator.py
[2023-10-10T15:47:20.218+0000] {processor.py:829} INFO - Processing file /home/airflow/.local/lib/python3.8/site-packages/airflow/example_dags/example_task_group_decorator.py for tasks to queue
[2023-10-10T15:47:20.219+0000] {logging_mixin.py:151} INFO - [2023-10-10T15:47:20.219+0000] {dagbag.py:539} INFO - Filling up the DagBag from /home/airflow/.local/lib/python3.8/site-packages/airflow/example_dags/example_task_group_decorator.py
[2023-10-10T15:47:20.230+0000] {processor.py:839} INFO - DAG(s) dict_keys(['example_task_group_decorator']) retrieved from /home/airflow/.local/lib/python3.8/site-packages/airflow/example_dags/example_task_group_decorator.py
[2023-10-10T15:47:20.251+0000] {logging_mixin.py:151} INFO - [2023-10-10T15:47:20.251+0000] {dag.py:2915} INFO - Sync 1 DAGs
[2023-10-10T15:47:20.270+0000] {logging_mixin.py:151} INFO - [2023-10-10T15:47:20.270+0000] {dag.py:3696} INFO - Setting next_dagrun for example_task_group_decorator to 2023-10-09T15:47:20.270228+00:00, run_after=2023-10-10T15:47:20.270228+00:00
[2023-10-10T15:47:20.285+0000] {processor.py:179} INFO - Processing /home/airflow/.local/lib/python3.8/site-packages/airflow/example_dags/example_task_group_decorator.py took 0.070 seconds
[2023-10-10T15:47:50.804+0000] {processor.py:157} INFO - Started process (PID=2672) to work on /home/airflow/.local/lib/python3.8/site-packages/airflow/example_dags/example_task_group_decorator.py
[2023-10-10T15:47:50.805+0000] {processor.py:829} INFO - Processing file /home/airflow/.local/lib/python3.8/site-packages/airflow/example_dags/example_task_group_decorator.py for tasks to queue
[2023-10-10T15:47:50.807+0000] {logging_mixin.py:151} INFO - [2023-10-10T15:47:50.806+0000] {dagbag.py:539} INFO - Filling up the DagBag from /home/airflow/.local/lib/python3.8/site-packages/airflow/example_dags/example_task_group_decorator.py
[2023-10-10T15:47:50.820+0000] {processor.py:839} INFO - DAG(s) dict_keys(['example_task_group_decorator']) retrieved from /home/airflow/.local/lib/python3.8/site-packages/airflow/example_dags/example_task_group_decorator.py
[2023-10-10T15:47:50.841+0000] {logging_mixin.py:151} INFO - [2023-10-10T15:47:50.841+0000] {dag.py:2915} INFO - Sync 1 DAGs
[2023-10-10T15:47:50.861+0000] {logging_mixin.py:151} INFO - [2023-10-10T15:47:50.861+0000] {dag.py:3696} INFO - Setting next_dagrun for example_task_group_decorator to 2023-10-09T15:47:50.860922+00:00, run_after=2023-10-10T15:47:50.860922+00:00
[2023-10-10T15:47:50.875+0000] {processor.py:179} INFO - Processing /home/airflow/.local/lib/python3.8/site-packages/airflow/example_dags/example_task_group_decorator.py took 0.073 seconds
[2023-10-10T15:48:21.303+0000] {processor.py:157} INFO - Started process (PID=2726) to work on /home/airflow/.local/lib/python3.8/site-packages/airflow/example_dags/example_task_group_decorator.py
[2023-10-10T15:48:21.304+0000] {processor.py:829} INFO - Processing file /home/airflow/.local/lib/python3.8/site-packages/airflow/example_dags/example_task_group_decorator.py for tasks to queue
[2023-10-10T15:48:21.307+0000] {logging_mixin.py:151} INFO - [2023-10-10T15:48:21.306+0000] {dagbag.py:539} INFO - Filling up the DagBag from /home/airflow/.local/lib/python3.8/site-packages/airflow/example_dags/example_task_group_decorator.py
[2023-10-10T15:48:21.319+0000] {processor.py:839} INFO - DAG(s) dict_keys(['example_task_group_decorator']) retrieved from /home/airflow/.local/lib/python3.8/site-packages/airflow/example_dags/example_task_group_decorator.py
[2023-10-10T15:48:21.343+0000] {logging_mixin.py:151} INFO - [2023-10-10T15:48:21.342+0000] {dag.py:2915} INFO - Sync 1 DAGs
[2023-10-10T15:48:21.368+0000] {logging_mixin.py:151} INFO - [2023-10-10T15:48:21.368+0000] {dag.py:3696} INFO - Setting next_dagrun for example_task_group_decorator to 2023-10-09T15:48:21.368344+00:00, run_after=2023-10-10T15:48:21.368344+00:00
[2023-10-10T15:48:21.384+0000] {processor.py:179} INFO - Processing /home/airflow/.local/lib/python3.8/site-packages/airflow/example_dags/example_task_group_decorator.py took 0.084 seconds
[2023-10-10T15:48:51.772+0000] {processor.py:157} INFO - Started process (PID=2780) to work on /home/airflow/.local/lib/python3.8/site-packages/airflow/example_dags/example_task_group_decorator.py
[2023-10-10T15:48:51.773+0000] {processor.py:829} INFO - Processing file /home/airflow/.local/lib/python3.8/site-packages/airflow/example_dags/example_task_group_decorator.py for tasks to queue
[2023-10-10T15:48:51.776+0000] {logging_mixin.py:151} INFO - [2023-10-10T15:48:51.775+0000] {dagbag.py:539} INFO - Filling up the DagBag from /home/airflow/.local/lib/python3.8/site-packages/airflow/example_dags/example_task_group_decorator.py
[2023-10-10T15:48:51.789+0000] {processor.py:839} INFO - DAG(s) dict_keys(['example_task_group_decorator']) retrieved from /home/airflow/.local/lib/python3.8/site-packages/airflow/example_dags/example_task_group_decorator.py
[2023-10-10T15:48:51.809+0000] {logging_mixin.py:151} INFO - [2023-10-10T15:48:51.809+0000] {dag.py:2915} INFO - Sync 1 DAGs
[2023-10-10T15:48:51.827+0000] {logging_mixin.py:151} INFO - [2023-10-10T15:48:51.827+0000] {dag.py:3696} INFO - Setting next_dagrun for example_task_group_decorator to 2023-10-09T15:48:51.826873+00:00, run_after=2023-10-10T15:48:51.826873+00:00
[2023-10-10T15:48:51.841+0000] {processor.py:179} INFO - Processing /home/airflow/.local/lib/python3.8/site-packages/airflow/example_dags/example_task_group_decorator.py took 0.071 seconds
[2023-10-10T15:49:22.592+0000] {processor.py:157} INFO - Started process (PID=2834) to work on /home/airflow/.local/lib/python3.8/site-packages/airflow/example_dags/example_task_group_decorator.py
[2023-10-10T15:49:22.593+0000] {processor.py:829} INFO - Processing file /home/airflow/.local/lib/python3.8/site-packages/airflow/example_dags/example_task_group_decorator.py for tasks to queue
[2023-10-10T15:49:22.595+0000] {logging_mixin.py:151} INFO - [2023-10-10T15:49:22.594+0000] {dagbag.py:539} INFO - Filling up the DagBag from /home/airflow/.local/lib/python3.8/site-packages/airflow/example_dags/example_task_group_decorator.py
[2023-10-10T15:49:22.608+0000] {processor.py:839} INFO - DAG(s) dict_keys(['example_task_group_decorator']) retrieved from /home/airflow/.local/lib/python3.8/site-packages/airflow/example_dags/example_task_group_decorator.py
[2023-10-10T15:49:22.631+0000] {logging_mixin.py:151} INFO - [2023-10-10T15:49:22.631+0000] {dag.py:2915} INFO - Sync 1 DAGs
[2023-10-10T15:49:22.653+0000] {logging_mixin.py:151} INFO - [2023-10-10T15:49:22.652+0000] {dag.py:3696} INFO - Setting next_dagrun for example_task_group_decorator to 2023-10-09T15:49:22.652700+00:00, run_after=2023-10-10T15:49:22.652700+00:00
[2023-10-10T15:49:22.680+0000] {processor.py:179} INFO - Processing /home/airflow/.local/lib/python3.8/site-packages/airflow/example_dags/example_task_group_decorator.py took 0.091 seconds
[2023-10-10T15:49:53.353+0000] {processor.py:157} INFO - Started process (PID=2888) to work on /home/airflow/.local/lib/python3.8/site-packages/airflow/example_dags/example_task_group_decorator.py
[2023-10-10T15:49:53.354+0000] {processor.py:829} INFO - Processing file /home/airflow/.local/lib/python3.8/site-packages/airflow/example_dags/example_task_group_decorator.py for tasks to queue
[2023-10-10T15:49:53.356+0000] {logging_mixin.py:151} INFO - [2023-10-10T15:49:53.356+0000] {dagbag.py:539} INFO - Filling up the DagBag from /home/airflow/.local/lib/python3.8/site-packages/airflow/example_dags/example_task_group_decorator.py
[2023-10-10T15:49:53.388+0000] {processor.py:839} INFO - DAG(s) dict_keys(['example_task_group_decorator']) retrieved from /home/airflow/.local/lib/python3.8/site-packages/airflow/example_dags/example_task_group_decorator.py
[2023-10-10T15:49:53.412+0000] {logging_mixin.py:151} INFO - [2023-10-10T15:49:53.412+0000] {dag.py:2915} INFO - Sync 1 DAGs
[2023-10-10T15:49:53.434+0000] {logging_mixin.py:151} INFO - [2023-10-10T15:49:53.434+0000] {dag.py:3696} INFO - Setting next_dagrun for example_task_group_decorator to 2023-10-09T15:49:53.434377+00:00, run_after=2023-10-10T15:49:53.434377+00:00
[2023-10-10T15:49:53.451+0000] {processor.py:179} INFO - Processing /home/airflow/.local/lib/python3.8/site-packages/airflow/example_dags/example_task_group_decorator.py took 0.101 seconds
[2023-10-10T15:50:24.237+0000] {processor.py:157} INFO - Started process (PID=2942) to work on /home/airflow/.local/lib/python3.8/site-packages/airflow/example_dags/example_task_group_decorator.py
[2023-10-10T15:50:24.239+0000] {processor.py:829} INFO - Processing file /home/airflow/.local/lib/python3.8/site-packages/airflow/example_dags/example_task_group_decorator.py for tasks to queue
[2023-10-10T15:50:24.241+0000] {logging_mixin.py:151} INFO - [2023-10-10T15:50:24.241+0000] {dagbag.py:539} INFO - Filling up the DagBag from /home/airflow/.local/lib/python3.8/site-packages/airflow/example_dags/example_task_group_decorator.py
[2023-10-10T15:50:24.258+0000] {processor.py:839} INFO - DAG(s) dict_keys(['example_task_group_decorator']) retrieved from /home/airflow/.local/lib/python3.8/site-packages/airflow/example_dags/example_task_group_decorator.py
[2023-10-10T15:50:24.308+0000] {logging_mixin.py:151} INFO - [2023-10-10T15:50:24.308+0000] {dag.py:2915} INFO - Sync 1 DAGs
[2023-10-10T15:50:24.337+0000] {logging_mixin.py:151} INFO - [2023-10-10T15:50:24.337+0000] {dag.py:3696} INFO - Setting next_dagrun for example_task_group_decorator to 2023-10-09T15:50:24.336842+00:00, run_after=2023-10-10T15:50:24.336842+00:00
[2023-10-10T15:50:24.397+0000] {processor.py:179} INFO - Processing /home/airflow/.local/lib/python3.8/site-packages/airflow/example_dags/example_task_group_decorator.py took 0.164 seconds
[2023-10-10T15:50:54.842+0000] {processor.py:157} INFO - Started process (PID=2996) to work on /home/airflow/.local/lib/python3.8/site-packages/airflow/example_dags/example_task_group_decorator.py
[2023-10-10T15:50:54.843+0000] {processor.py:829} INFO - Processing file /home/airflow/.local/lib/python3.8/site-packages/airflow/example_dags/example_task_group_decorator.py for tasks to queue
[2023-10-10T15:50:54.845+0000] {logging_mixin.py:151} INFO - [2023-10-10T15:50:54.844+0000] {dagbag.py:539} INFO - Filling up the DagBag from /home/airflow/.local/lib/python3.8/site-packages/airflow/example_dags/example_task_group_decorator.py
[2023-10-10T15:50:54.857+0000] {processor.py:839} INFO - DAG(s) dict_keys(['example_task_group_decorator']) retrieved from /home/airflow/.local/lib/python3.8/site-packages/airflow/example_dags/example_task_group_decorator.py
[2023-10-10T15:50:54.878+0000] {logging_mixin.py:151} INFO - [2023-10-10T15:50:54.878+0000] {dag.py:2915} INFO - Sync 1 DAGs
[2023-10-10T15:50:54.902+0000] {logging_mixin.py:151} INFO - [2023-10-10T15:50:54.902+0000] {dag.py:3696} INFO - Setting next_dagrun for example_task_group_decorator to 2023-10-09T15:50:54.902382+00:00, run_after=2023-10-10T15:50:54.902382+00:00
[2023-10-10T15:50:54.920+0000] {processor.py:179} INFO - Processing /home/airflow/.local/lib/python3.8/site-packages/airflow/example_dags/example_task_group_decorator.py took 0.080 seconds
[2023-10-10T15:51:25.902+0000] {processor.py:157} INFO - Started process (PID=3050) to work on /home/airflow/.local/lib/python3.8/site-packages/airflow/example_dags/example_task_group_decorator.py
[2023-10-10T15:51:25.903+0000] {processor.py:829} INFO - Processing file /home/airflow/.local/lib/python3.8/site-packages/airflow/example_dags/example_task_group_decorator.py for tasks to queue
[2023-10-10T15:51:25.905+0000] {logging_mixin.py:151} INFO - [2023-10-10T15:51:25.904+0000] {dagbag.py:539} INFO - Filling up the DagBag from /home/airflow/.local/lib/python3.8/site-packages/airflow/example_dags/example_task_group_decorator.py
[2023-10-10T15:51:25.917+0000] {processor.py:839} INFO - DAG(s) dict_keys(['example_task_group_decorator']) retrieved from /home/airflow/.local/lib/python3.8/site-packages/airflow/example_dags/example_task_group_decorator.py
[2023-10-10T15:51:25.938+0000] {logging_mixin.py:151} INFO - [2023-10-10T15:51:25.938+0000] {dag.py:2915} INFO - Sync 1 DAGs
[2023-10-10T15:51:25.956+0000] {logging_mixin.py:151} INFO - [2023-10-10T15:51:25.956+0000] {dag.py:3696} INFO - Setting next_dagrun for example_task_group_decorator to 2023-10-09T15:51:25.955967+00:00, run_after=2023-10-10T15:51:25.955967+00:00
[2023-10-10T15:51:25.980+0000] {processor.py:179} INFO - Processing /home/airflow/.local/lib/python3.8/site-packages/airflow/example_dags/example_task_group_decorator.py took 0.081 seconds
[2023-10-10T15:51:57.247+0000] {processor.py:157} INFO - Started process (PID=3104) to work on /home/airflow/.local/lib/python3.8/site-packages/airflow/example_dags/example_task_group_decorator.py
[2023-10-10T15:51:57.248+0000] {processor.py:829} INFO - Processing file /home/airflow/.local/lib/python3.8/site-packages/airflow/example_dags/example_task_group_decorator.py for tasks to queue
[2023-10-10T15:51:57.251+0000] {logging_mixin.py:151} INFO - [2023-10-10T15:51:57.250+0000] {dagbag.py:539} INFO - Filling up the DagBag from /home/airflow/.local/lib/python3.8/site-packages/airflow/example_dags/example_task_group_decorator.py
[2023-10-10T15:51:57.296+0000] {processor.py:839} INFO - DAG(s) dict_keys(['example_task_group_decorator']) retrieved from /home/airflow/.local/lib/python3.8/site-packages/airflow/example_dags/example_task_group_decorator.py
[2023-10-10T15:51:57.328+0000] {logging_mixin.py:151} INFO - [2023-10-10T15:51:57.328+0000] {dag.py:2915} INFO - Sync 1 DAGs
[2023-10-10T15:51:57.396+0000] {logging_mixin.py:151} INFO - [2023-10-10T15:51:57.395+0000] {dag.py:3696} INFO - Setting next_dagrun for example_task_group_decorator to 2023-10-09T15:51:57.395419+00:00, run_after=2023-10-10T15:51:57.395419+00:00
[2023-10-10T15:51:57.423+0000] {processor.py:179} INFO - Processing /home/airflow/.local/lib/python3.8/site-packages/airflow/example_dags/example_task_group_decorator.py took 0.179 seconds
[2023-10-10T15:52:27.720+0000] {processor.py:157} INFO - Started process (PID=3166) to work on /home/airflow/.local/lib/python3.8/site-packages/airflow/example_dags/example_task_group_decorator.py
[2023-10-10T15:52:27.721+0000] {processor.py:829} INFO - Processing file /home/airflow/.local/lib/python3.8/site-packages/airflow/example_dags/example_task_group_decorator.py for tasks to queue
[2023-10-10T15:52:27.723+0000] {logging_mixin.py:151} INFO - [2023-10-10T15:52:27.722+0000] {dagbag.py:539} INFO - Filling up the DagBag from /home/airflow/.local/lib/python3.8/site-packages/airflow/example_dags/example_task_group_decorator.py
[2023-10-10T15:52:27.735+0000] {processor.py:839} INFO - DAG(s) dict_keys(['example_task_group_decorator']) retrieved from /home/airflow/.local/lib/python3.8/site-packages/airflow/example_dags/example_task_group_decorator.py
[2023-10-10T15:52:27.756+0000] {logging_mixin.py:151} INFO - [2023-10-10T15:52:27.755+0000] {dag.py:2915} INFO - Sync 1 DAGs
[2023-10-10T15:52:27.783+0000] {logging_mixin.py:151} INFO - [2023-10-10T15:52:27.783+0000] {dag.py:3696} INFO - Setting next_dagrun for example_task_group_decorator to 2023-10-09T15:52:27.783256+00:00, run_after=2023-10-10T15:52:27.783256+00:00
[2023-10-10T15:52:27.804+0000] {processor.py:179} INFO - Processing /home/airflow/.local/lib/python3.8/site-packages/airflow/example_dags/example_task_group_decorator.py took 0.086 seconds
[2023-10-10T15:52:59.284+0000] {processor.py:157} INFO - Started process (PID=3221) to work on /home/airflow/.local/lib/python3.8/site-packages/airflow/example_dags/example_task_group_decorator.py
[2023-10-10T15:52:59.285+0000] {processor.py:829} INFO - Processing file /home/airflow/.local/lib/python3.8/site-packages/airflow/example_dags/example_task_group_decorator.py for tasks to queue
[2023-10-10T15:52:59.288+0000] {logging_mixin.py:151} INFO - [2023-10-10T15:52:59.288+0000] {dagbag.py:539} INFO - Filling up the DagBag from /home/airflow/.local/lib/python3.8/site-packages/airflow/example_dags/example_task_group_decorator.py
[2023-10-10T15:52:59.309+0000] {processor.py:839} INFO - DAG(s) dict_keys(['example_task_group_decorator']) retrieved from /home/airflow/.local/lib/python3.8/site-packages/airflow/example_dags/example_task_group_decorator.py
[2023-10-10T15:52:59.338+0000] {logging_mixin.py:151} INFO - [2023-10-10T15:52:59.338+0000] {dag.py:2915} INFO - Sync 1 DAGs
[2023-10-10T15:52:59.361+0000] {logging_mixin.py:151} INFO - [2023-10-10T15:52:59.360+0000] {dag.py:3696} INFO - Setting next_dagrun for example_task_group_decorator to 2023-10-09T15:52:59.360619+00:00, run_after=2023-10-10T15:52:59.360619+00:00
[2023-10-10T15:52:59.381+0000] {processor.py:179} INFO - Processing /home/airflow/.local/lib/python3.8/site-packages/airflow/example_dags/example_task_group_decorator.py took 0.101 seconds
[2023-10-10T15:53:30.964+0000] {processor.py:157} INFO - Started process (PID=3281) to work on /home/airflow/.local/lib/python3.8/site-packages/airflow/example_dags/example_task_group_decorator.py
[2023-10-10T15:53:30.965+0000] {processor.py:829} INFO - Processing file /home/airflow/.local/lib/python3.8/site-packages/airflow/example_dags/example_task_group_decorator.py for tasks to queue
[2023-10-10T15:53:30.967+0000] {logging_mixin.py:151} INFO - [2023-10-10T15:53:30.966+0000] {dagbag.py:539} INFO - Filling up the DagBag from /home/airflow/.local/lib/python3.8/site-packages/airflow/example_dags/example_task_group_decorator.py
[2023-10-10T15:53:30.986+0000] {processor.py:839} INFO - DAG(s) dict_keys(['example_task_group_decorator']) retrieved from /home/airflow/.local/lib/python3.8/site-packages/airflow/example_dags/example_task_group_decorator.py
[2023-10-10T15:53:31.014+0000] {logging_mixin.py:151} INFO - [2023-10-10T15:53:31.014+0000] {dag.py:2915} INFO - Sync 1 DAGs
[2023-10-10T15:53:31.040+0000] {logging_mixin.py:151} INFO - [2023-10-10T15:53:31.039+0000] {dag.py:3696} INFO - Setting next_dagrun for example_task_group_decorator to 2023-10-09T15:53:31.039666+00:00, run_after=2023-10-10T15:53:31.039666+00:00
[2023-10-10T15:53:31.062+0000] {processor.py:179} INFO - Processing /home/airflow/.local/lib/python3.8/site-packages/airflow/example_dags/example_task_group_decorator.py took 0.100 seconds
[2023-10-10T15:54:02.045+0000] {processor.py:157} INFO - Started process (PID=3336) to work on /home/airflow/.local/lib/python3.8/site-packages/airflow/example_dags/example_task_group_decorator.py
[2023-10-10T15:54:02.047+0000] {processor.py:829} INFO - Processing file /home/airflow/.local/lib/python3.8/site-packages/airflow/example_dags/example_task_group_decorator.py for tasks to queue
[2023-10-10T15:54:02.050+0000] {logging_mixin.py:151} INFO - [2023-10-10T15:54:02.049+0000] {dagbag.py:539} INFO - Filling up the DagBag from /home/airflow/.local/lib/python3.8/site-packages/airflow/example_dags/example_task_group_decorator.py
[2023-10-10T15:54:02.088+0000] {processor.py:839} INFO - DAG(s) dict_keys(['example_task_group_decorator']) retrieved from /home/airflow/.local/lib/python3.8/site-packages/airflow/example_dags/example_task_group_decorator.py
[2023-10-10T15:54:02.123+0000] {logging_mixin.py:151} INFO - [2023-10-10T15:54:02.123+0000] {dag.py:2915} INFO - Sync 1 DAGs
[2023-10-10T15:54:02.153+0000] {logging_mixin.py:151} INFO - [2023-10-10T15:54:02.153+0000] {dag.py:3696} INFO - Setting next_dagrun for example_task_group_decorator to 2023-10-09T15:54:02.153150+00:00, run_after=2023-10-10T15:54:02.153150+00:00
[2023-10-10T15:54:02.184+0000] {processor.py:179} INFO - Processing /home/airflow/.local/lib/python3.8/site-packages/airflow/example_dags/example_task_group_decorator.py took 0.144 seconds
[2023-10-10T15:54:32.335+0000] {processor.py:157} INFO - Started process (PID=3390) to work on /home/airflow/.local/lib/python3.8/site-packages/airflow/example_dags/example_task_group_decorator.py
[2023-10-10T15:54:32.336+0000] {processor.py:829} INFO - Processing file /home/airflow/.local/lib/python3.8/site-packages/airflow/example_dags/example_task_group_decorator.py for tasks to queue
[2023-10-10T15:54:32.338+0000] {logging_mixin.py:151} INFO - [2023-10-10T15:54:32.338+0000] {dagbag.py:539} INFO - Filling up the DagBag from /home/airflow/.local/lib/python3.8/site-packages/airflow/example_dags/example_task_group_decorator.py
[2023-10-10T15:54:32.357+0000] {processor.py:839} INFO - DAG(s) dict_keys(['example_task_group_decorator']) retrieved from /home/airflow/.local/lib/python3.8/site-packages/airflow/example_dags/example_task_group_decorator.py
[2023-10-10T15:54:32.390+0000] {logging_mixin.py:151} INFO - [2023-10-10T15:54:32.389+0000] {dag.py:2915} INFO - Sync 1 DAGs
[2023-10-10T15:54:32.418+0000] {logging_mixin.py:151} INFO - [2023-10-10T15:54:32.418+0000] {dag.py:3696} INFO - Setting next_dagrun for example_task_group_decorator to 2023-10-09T15:54:32.418129+00:00, run_after=2023-10-10T15:54:32.418129+00:00
[2023-10-10T15:54:32.440+0000] {processor.py:179} INFO - Processing /home/airflow/.local/lib/python3.8/site-packages/airflow/example_dags/example_task_group_decorator.py took 0.109 seconds
[2023-10-10T15:55:03.193+0000] {processor.py:157} INFO - Started process (PID=3444) to work on /home/airflow/.local/lib/python3.8/site-packages/airflow/example_dags/example_task_group_decorator.py
[2023-10-10T15:55:03.194+0000] {processor.py:829} INFO - Processing file /home/airflow/.local/lib/python3.8/site-packages/airflow/example_dags/example_task_group_decorator.py for tasks to queue
[2023-10-10T15:55:03.197+0000] {logging_mixin.py:151} INFO - [2023-10-10T15:55:03.196+0000] {dagbag.py:539} INFO - Filling up the DagBag from /home/airflow/.local/lib/python3.8/site-packages/airflow/example_dags/example_task_group_decorator.py
[2023-10-10T15:55:03.216+0000] {processor.py:839} INFO - DAG(s) dict_keys(['example_task_group_decorator']) retrieved from /home/airflow/.local/lib/python3.8/site-packages/airflow/example_dags/example_task_group_decorator.py
[2023-10-10T15:55:03.247+0000] {logging_mixin.py:151} INFO - [2023-10-10T15:55:03.246+0000] {dag.py:2915} INFO - Sync 1 DAGs
[2023-10-10T15:55:03.267+0000] {logging_mixin.py:151} INFO - [2023-10-10T15:55:03.266+0000] {dag.py:3696} INFO - Setting next_dagrun for example_task_group_decorator to 2023-10-09T15:55:03.266707+00:00, run_after=2023-10-10T15:55:03.266707+00:00
[2023-10-10T15:55:03.288+0000] {processor.py:179} INFO - Processing /home/airflow/.local/lib/python3.8/site-packages/airflow/example_dags/example_task_group_decorator.py took 0.098 seconds
[2023-10-10T15:55:34.487+0000] {processor.py:157} INFO - Started process (PID=3499) to work on /home/airflow/.local/lib/python3.8/site-packages/airflow/example_dags/example_task_group_decorator.py
[2023-10-10T15:55:34.488+0000] {processor.py:829} INFO - Processing file /home/airflow/.local/lib/python3.8/site-packages/airflow/example_dags/example_task_group_decorator.py for tasks to queue
[2023-10-10T15:55:34.490+0000] {logging_mixin.py:151} INFO - [2023-10-10T15:55:34.489+0000] {dagbag.py:539} INFO - Filling up the DagBag from /home/airflow/.local/lib/python3.8/site-packages/airflow/example_dags/example_task_group_decorator.py
[2023-10-10T15:55:34.501+0000] {processor.py:839} INFO - DAG(s) dict_keys(['example_task_group_decorator']) retrieved from /home/airflow/.local/lib/python3.8/site-packages/airflow/example_dags/example_task_group_decorator.py
[2023-10-10T15:55:34.523+0000] {logging_mixin.py:151} INFO - [2023-10-10T15:55:34.522+0000] {dag.py:2915} INFO - Sync 1 DAGs
[2023-10-10T15:55:34.541+0000] {logging_mixin.py:151} INFO - [2023-10-10T15:55:34.541+0000] {dag.py:3696} INFO - Setting next_dagrun for example_task_group_decorator to 2023-10-09T15:55:34.541091+00:00, run_after=2023-10-10T15:55:34.541091+00:00
[2023-10-10T15:55:34.554+0000] {processor.py:179} INFO - Processing /home/airflow/.local/lib/python3.8/site-packages/airflow/example_dags/example_task_group_decorator.py took 0.069 seconds
[2023-10-10T15:56:06.247+0000] {processor.py:157} INFO - Started process (PID=3557) to work on /home/airflow/.local/lib/python3.8/site-packages/airflow/example_dags/example_task_group_decorator.py
[2023-10-10T15:56:06.248+0000] {processor.py:829} INFO - Processing file /home/airflow/.local/lib/python3.8/site-packages/airflow/example_dags/example_task_group_decorator.py for tasks to queue
[2023-10-10T15:56:06.250+0000] {logging_mixin.py:151} INFO - [2023-10-10T15:56:06.249+0000] {dagbag.py:539} INFO - Filling up the DagBag from /home/airflow/.local/lib/python3.8/site-packages/airflow/example_dags/example_task_group_decorator.py
[2023-10-10T15:56:06.261+0000] {processor.py:839} INFO - DAG(s) dict_keys(['example_task_group_decorator']) retrieved from /home/airflow/.local/lib/python3.8/site-packages/airflow/example_dags/example_task_group_decorator.py
[2023-10-10T15:56:06.283+0000] {logging_mixin.py:151} INFO - [2023-10-10T15:56:06.283+0000] {dag.py:2915} INFO - Sync 1 DAGs
[2023-10-10T15:56:06.302+0000] {logging_mixin.py:151} INFO - [2023-10-10T15:56:06.302+0000] {dag.py:3696} INFO - Setting next_dagrun for example_task_group_decorator to 2023-10-09T15:56:06.302348+00:00, run_after=2023-10-10T15:56:06.302348+00:00
[2023-10-10T15:56:06.317+0000] {processor.py:179} INFO - Processing /home/airflow/.local/lib/python3.8/site-packages/airflow/example_dags/example_task_group_decorator.py took 0.072 seconds
[2023-10-10T15:56:37.290+0000] {processor.py:157} INFO - Started process (PID=3611) to work on /home/airflow/.local/lib/python3.8/site-packages/airflow/example_dags/example_task_group_decorator.py
[2023-10-10T15:56:37.291+0000] {processor.py:829} INFO - Processing file /home/airflow/.local/lib/python3.8/site-packages/airflow/example_dags/example_task_group_decorator.py for tasks to queue
[2023-10-10T15:56:37.296+0000] {logging_mixin.py:151} INFO - [2023-10-10T15:56:37.296+0000] {dagbag.py:539} INFO - Filling up the DagBag from /home/airflow/.local/lib/python3.8/site-packages/airflow/example_dags/example_task_group_decorator.py
[2023-10-10T15:56:37.309+0000] {processor.py:839} INFO - DAG(s) dict_keys(['example_task_group_decorator']) retrieved from /home/airflow/.local/lib/python3.8/site-packages/airflow/example_dags/example_task_group_decorator.py
[2023-10-10T15:56:37.331+0000] {logging_mixin.py:151} INFO - [2023-10-10T15:56:37.331+0000] {dag.py:2915} INFO - Sync 1 DAGs
[2023-10-10T15:56:37.353+0000] {logging_mixin.py:151} INFO - [2023-10-10T15:56:37.353+0000] {dag.py:3696} INFO - Setting next_dagrun for example_task_group_decorator to 2023-10-09T15:56:37.353192+00:00, run_after=2023-10-10T15:56:37.353192+00:00
[2023-10-10T15:56:37.370+0000] {processor.py:179} INFO - Processing /home/airflow/.local/lib/python3.8/site-packages/airflow/example_dags/example_task_group_decorator.py took 0.082 seconds
[2023-10-10T15:57:08.484+0000] {processor.py:157} INFO - Started process (PID=3665) to work on /home/airflow/.local/lib/python3.8/site-packages/airflow/example_dags/example_task_group_decorator.py
[2023-10-10T15:57:08.489+0000] {processor.py:829} INFO - Processing file /home/airflow/.local/lib/python3.8/site-packages/airflow/example_dags/example_task_group_decorator.py for tasks to queue
[2023-10-10T15:57:08.492+0000] {logging_mixin.py:151} INFO - [2023-10-10T15:57:08.491+0000] {dagbag.py:539} INFO - Filling up the DagBag from /home/airflow/.local/lib/python3.8/site-packages/airflow/example_dags/example_task_group_decorator.py
[2023-10-10T15:57:08.522+0000] {processor.py:839} INFO - DAG(s) dict_keys(['example_task_group_decorator']) retrieved from /home/airflow/.local/lib/python3.8/site-packages/airflow/example_dags/example_task_group_decorator.py
[2023-10-10T15:57:08.619+0000] {logging_mixin.py:151} INFO - [2023-10-10T15:57:08.619+0000] {dag.py:2915} INFO - Sync 1 DAGs
[2023-10-10T15:57:08.687+0000] {logging_mixin.py:151} INFO - [2023-10-10T15:57:08.687+0000] {dag.py:3696} INFO - Setting next_dagrun for example_task_group_decorator to 2023-10-09T15:57:08.684193+00:00, run_after=2023-10-10T15:57:08.684193+00:00
[2023-10-10T15:57:08.730+0000] {processor.py:179} INFO - Processing /home/airflow/.local/lib/python3.8/site-packages/airflow/example_dags/example_task_group_decorator.py took 0.249 seconds
