[2023-10-10T15:24:05.195+0000] {processor.py:157} INFO - Started process (PID=159) to work on /home/airflow/.local/lib/python3.8/site-packages/airflow/example_dags/example_dag_decorator.py
[2023-10-10T15:24:05.196+0000] {processor.py:829} INFO - Processing file /home/airflow/.local/lib/python3.8/site-packages/airflow/example_dags/example_dag_decorator.py for tasks to queue
[2023-10-10T15:24:05.198+0000] {logging_mixin.py:151} INFO - [2023-10-10T15:24:05.197+0000] {dagbag.py:539} INFO - Filling up the DagBag from /home/airflow/.local/lib/python3.8/site-packages/airflow/example_dags/example_dag_decorator.py
[2023-10-10T15:24:05.347+0000] {processor.py:839} INFO - DAG(s) dict_keys(['example_dag_decorator']) retrieved from /home/airflow/.local/lib/python3.8/site-packages/airflow/example_dags/example_dag_decorator.py
[2023-10-10T15:24:05.359+0000] {logging_mixin.py:151} INFO - [2023-10-10T15:24:05.359+0000] {dag.py:2915} INFO - Sync 1 DAGs
[2023-10-10T15:24:05.380+0000] {logging_mixin.py:151} INFO - [2023-10-10T15:24:05.379+0000] {dag.py:3696} INFO - Setting next_dagrun for example_dag_decorator to None, run_after=None
[2023-10-10T15:24:05.400+0000] {processor.py:179} INFO - Processing /home/airflow/.local/lib/python3.8/site-packages/airflow/example_dags/example_dag_decorator.py took 0.209 seconds
[2023-10-10T15:24:35.437+0000] {processor.py:157} INFO - Started process (PID=213) to work on /home/airflow/.local/lib/python3.8/site-packages/airflow/example_dags/example_dag_decorator.py
[2023-10-10T15:24:35.438+0000] {processor.py:829} INFO - Processing file /home/airflow/.local/lib/python3.8/site-packages/airflow/example_dags/example_dag_decorator.py for tasks to queue
[2023-10-10T15:24:35.440+0000] {logging_mixin.py:151} INFO - [2023-10-10T15:24:35.440+0000] {dagbag.py:539} INFO - Filling up the DagBag from /home/airflow/.local/lib/python3.8/site-packages/airflow/example_dags/example_dag_decorator.py
[2023-10-10T15:24:35.526+0000] {processor.py:839} INFO - DAG(s) dict_keys(['example_dag_decorator']) retrieved from /home/airflow/.local/lib/python3.8/site-packages/airflow/example_dags/example_dag_decorator.py
[2023-10-10T15:24:35.708+0000] {logging_mixin.py:151} INFO - [2023-10-10T15:24:35.708+0000] {security.py:708} INFO - Not syncing DAG-level permissions for DAG 'DAG:example_dag_decorator' as access control is unset.
[2023-10-10T15:24:35.708+0000] {logging_mixin.py:151} INFO - [2023-10-10T15:24:35.708+0000] {dag.py:2915} INFO - Sync 1 DAGs
[2023-10-10T15:24:35.722+0000] {logging_mixin.py:151} INFO - [2023-10-10T15:24:35.722+0000] {dag.py:3696} INFO - Setting next_dagrun for example_dag_decorator to None, run_after=None
[2023-10-10T15:24:35.738+0000] {processor.py:179} INFO - Processing /home/airflow/.local/lib/python3.8/site-packages/airflow/example_dags/example_dag_decorator.py took 0.304 seconds
[2023-10-10T15:25:05.799+0000] {processor.py:157} INFO - Started process (PID=267) to work on /home/airflow/.local/lib/python3.8/site-packages/airflow/example_dags/example_dag_decorator.py
[2023-10-10T15:25:05.800+0000] {processor.py:829} INFO - Processing file /home/airflow/.local/lib/python3.8/site-packages/airflow/example_dags/example_dag_decorator.py for tasks to queue
[2023-10-10T15:25:05.802+0000] {logging_mixin.py:151} INFO - [2023-10-10T15:25:05.802+0000] {dagbag.py:539} INFO - Filling up the DagBag from /home/airflow/.local/lib/python3.8/site-packages/airflow/example_dags/example_dag_decorator.py
[2023-10-10T15:25:05.866+0000] {processor.py:839} INFO - DAG(s) dict_keys(['example_dag_decorator']) retrieved from /home/airflow/.local/lib/python3.8/site-packages/airflow/example_dags/example_dag_decorator.py
[2023-10-10T15:25:05.962+0000] {logging_mixin.py:151} INFO - [2023-10-10T15:25:05.962+0000] {security.py:708} INFO - Not syncing DAG-level permissions for DAG 'DAG:example_dag_decorator' as access control is unset.
[2023-10-10T15:25:05.963+0000] {logging_mixin.py:151} INFO - [2023-10-10T15:25:05.962+0000] {dag.py:2915} INFO - Sync 1 DAGs
[2023-10-10T15:25:05.972+0000] {logging_mixin.py:151} INFO - [2023-10-10T15:25:05.972+0000] {dag.py:3696} INFO - Setting next_dagrun for example_dag_decorator to None, run_after=None
[2023-10-10T15:25:05.992+0000] {processor.py:179} INFO - Processing /home/airflow/.local/lib/python3.8/site-packages/airflow/example_dags/example_dag_decorator.py took 0.196 seconds
[2023-10-10T15:25:36.852+0000] {processor.py:157} INFO - Started process (PID=321) to work on /home/airflow/.local/lib/python3.8/site-packages/airflow/example_dags/example_dag_decorator.py
[2023-10-10T15:25:36.853+0000] {processor.py:829} INFO - Processing file /home/airflow/.local/lib/python3.8/site-packages/airflow/example_dags/example_dag_decorator.py for tasks to queue
[2023-10-10T15:25:36.855+0000] {logging_mixin.py:151} INFO - [2023-10-10T15:25:36.854+0000] {dagbag.py:539} INFO - Filling up the DagBag from /home/airflow/.local/lib/python3.8/site-packages/airflow/example_dags/example_dag_decorator.py
[2023-10-10T15:25:36.921+0000] {processor.py:839} INFO - DAG(s) dict_keys(['example_dag_decorator']) retrieved from /home/airflow/.local/lib/python3.8/site-packages/airflow/example_dags/example_dag_decorator.py
[2023-10-10T15:25:37.013+0000] {logging_mixin.py:151} INFO - [2023-10-10T15:25:37.012+0000] {security.py:708} INFO - Not syncing DAG-level permissions for DAG 'DAG:example_dag_decorator' as access control is unset.
[2023-10-10T15:25:37.013+0000] {logging_mixin.py:151} INFO - [2023-10-10T15:25:37.013+0000] {dag.py:2915} INFO - Sync 1 DAGs
[2023-10-10T15:25:37.021+0000] {logging_mixin.py:151} INFO - [2023-10-10T15:25:37.021+0000] {dag.py:3696} INFO - Setting next_dagrun for example_dag_decorator to None, run_after=None
[2023-10-10T15:25:37.035+0000] {processor.py:179} INFO - Processing /home/airflow/.local/lib/python3.8/site-packages/airflow/example_dags/example_dag_decorator.py took 0.186 seconds
[2023-10-10T15:26:07.423+0000] {processor.py:157} INFO - Started process (PID=375) to work on /home/airflow/.local/lib/python3.8/site-packages/airflow/example_dags/example_dag_decorator.py
[2023-10-10T15:26:07.424+0000] {processor.py:829} INFO - Processing file /home/airflow/.local/lib/python3.8/site-packages/airflow/example_dags/example_dag_decorator.py for tasks to queue
[2023-10-10T15:26:07.425+0000] {logging_mixin.py:151} INFO - [2023-10-10T15:26:07.425+0000] {dagbag.py:539} INFO - Filling up the DagBag from /home/airflow/.local/lib/python3.8/site-packages/airflow/example_dags/example_dag_decorator.py
[2023-10-10T15:26:07.493+0000] {processor.py:839} INFO - DAG(s) dict_keys(['example_dag_decorator']) retrieved from /home/airflow/.local/lib/python3.8/site-packages/airflow/example_dags/example_dag_decorator.py
[2023-10-10T15:26:07.600+0000] {logging_mixin.py:151} INFO - [2023-10-10T15:26:07.599+0000] {security.py:708} INFO - Not syncing DAG-level permissions for DAG 'DAG:example_dag_decorator' as access control is unset.
[2023-10-10T15:26:07.600+0000] {logging_mixin.py:151} INFO - [2023-10-10T15:26:07.600+0000] {dag.py:2915} INFO - Sync 1 DAGs
[2023-10-10T15:26:07.609+0000] {logging_mixin.py:151} INFO - [2023-10-10T15:26:07.609+0000] {dag.py:3696} INFO - Setting next_dagrun for example_dag_decorator to None, run_after=None
[2023-10-10T15:26:07.626+0000] {processor.py:179} INFO - Processing /home/airflow/.local/lib/python3.8/site-packages/airflow/example_dags/example_dag_decorator.py took 0.206 seconds
[2023-10-10T15:26:38.003+0000] {processor.py:157} INFO - Started process (PID=429) to work on /home/airflow/.local/lib/python3.8/site-packages/airflow/example_dags/example_dag_decorator.py
[2023-10-10T15:26:38.004+0000] {processor.py:829} INFO - Processing file /home/airflow/.local/lib/python3.8/site-packages/airflow/example_dags/example_dag_decorator.py for tasks to queue
[2023-10-10T15:26:38.006+0000] {logging_mixin.py:151} INFO - [2023-10-10T15:26:38.006+0000] {dagbag.py:539} INFO - Filling up the DagBag from /home/airflow/.local/lib/python3.8/site-packages/airflow/example_dags/example_dag_decorator.py
[2023-10-10T15:26:38.068+0000] {processor.py:839} INFO - DAG(s) dict_keys(['example_dag_decorator']) retrieved from /home/airflow/.local/lib/python3.8/site-packages/airflow/example_dags/example_dag_decorator.py
[2023-10-10T15:26:38.097+0000] {logging_mixin.py:151} INFO - [2023-10-10T15:26:38.097+0000] {dag.py:2915} INFO - Sync 1 DAGs
[2023-10-10T15:26:38.111+0000] {logging_mixin.py:151} INFO - [2023-10-10T15:26:38.111+0000] {dag.py:3696} INFO - Setting next_dagrun for example_dag_decorator to None, run_after=None
[2023-10-10T15:26:38.126+0000] {processor.py:179} INFO - Processing /home/airflow/.local/lib/python3.8/site-packages/airflow/example_dags/example_dag_decorator.py took 0.126 seconds
[2023-10-10T15:27:08.630+0000] {processor.py:157} INFO - Started process (PID=483) to work on /home/airflow/.local/lib/python3.8/site-packages/airflow/example_dags/example_dag_decorator.py
[2023-10-10T15:27:08.631+0000] {processor.py:829} INFO - Processing file /home/airflow/.local/lib/python3.8/site-packages/airflow/example_dags/example_dag_decorator.py for tasks to queue
[2023-10-10T15:27:08.633+0000] {logging_mixin.py:151} INFO - [2023-10-10T15:27:08.632+0000] {dagbag.py:539} INFO - Filling up the DagBag from /home/airflow/.local/lib/python3.8/site-packages/airflow/example_dags/example_dag_decorator.py
[2023-10-10T15:27:08.696+0000] {processor.py:839} INFO - DAG(s) dict_keys(['example_dag_decorator']) retrieved from /home/airflow/.local/lib/python3.8/site-packages/airflow/example_dags/example_dag_decorator.py
[2023-10-10T15:27:08.795+0000] {logging_mixin.py:151} INFO - [2023-10-10T15:27:08.795+0000] {security.py:708} INFO - Not syncing DAG-level permissions for DAG 'DAG:example_dag_decorator' as access control is unset.
[2023-10-10T15:27:08.796+0000] {logging_mixin.py:151} INFO - [2023-10-10T15:27:08.796+0000] {dag.py:2915} INFO - Sync 1 DAGs
[2023-10-10T15:27:08.806+0000] {logging_mixin.py:151} INFO - [2023-10-10T15:27:08.806+0000] {dag.py:3696} INFO - Setting next_dagrun for example_dag_decorator to None, run_after=None
[2023-10-10T15:27:08.822+0000] {processor.py:179} INFO - Processing /home/airflow/.local/lib/python3.8/site-packages/airflow/example_dags/example_dag_decorator.py took 0.194 seconds
[2023-10-10T15:27:38.977+0000] {processor.py:157} INFO - Started process (PID=537) to work on /home/airflow/.local/lib/python3.8/site-packages/airflow/example_dags/example_dag_decorator.py
[2023-10-10T15:27:38.978+0000] {processor.py:829} INFO - Processing file /home/airflow/.local/lib/python3.8/site-packages/airflow/example_dags/example_dag_decorator.py for tasks to queue
[2023-10-10T15:27:38.981+0000] {logging_mixin.py:151} INFO - [2023-10-10T15:27:38.980+0000] {dagbag.py:539} INFO - Filling up the DagBag from /home/airflow/.local/lib/python3.8/site-packages/airflow/example_dags/example_dag_decorator.py
[2023-10-10T15:27:39.105+0000] {processor.py:839} INFO - DAG(s) dict_keys(['example_dag_decorator']) retrieved from /home/airflow/.local/lib/python3.8/site-packages/airflow/example_dags/example_dag_decorator.py
[2023-10-10T15:27:39.294+0000] {logging_mixin.py:151} INFO - [2023-10-10T15:27:39.294+0000] {security.py:708} INFO - Not syncing DAG-level permissions for DAG 'DAG:example_dag_decorator' as access control is unset.
[2023-10-10T15:27:39.294+0000] {logging_mixin.py:151} INFO - [2023-10-10T15:27:39.294+0000] {dag.py:2915} INFO - Sync 1 DAGs
[2023-10-10T15:27:39.305+0000] {logging_mixin.py:151} INFO - [2023-10-10T15:27:39.305+0000] {dag.py:3696} INFO - Setting next_dagrun for example_dag_decorator to None, run_after=None
[2023-10-10T15:27:39.320+0000] {processor.py:179} INFO - Processing /home/airflow/.local/lib/python3.8/site-packages/airflow/example_dags/example_dag_decorator.py took 0.395 seconds
[2023-10-10T15:28:09.516+0000] {processor.py:157} INFO - Started process (PID=591) to work on /home/airflow/.local/lib/python3.8/site-packages/airflow/example_dags/example_dag_decorator.py
[2023-10-10T15:28:09.517+0000] {processor.py:829} INFO - Processing file /home/airflow/.local/lib/python3.8/site-packages/airflow/example_dags/example_dag_decorator.py for tasks to queue
[2023-10-10T15:28:09.519+0000] {logging_mixin.py:151} INFO - [2023-10-10T15:28:09.519+0000] {dagbag.py:539} INFO - Filling up the DagBag from /home/airflow/.local/lib/python3.8/site-packages/airflow/example_dags/example_dag_decorator.py
[2023-10-10T15:28:09.703+0000] {processor.py:839} INFO - DAG(s) dict_keys(['example_dag_decorator']) retrieved from /home/airflow/.local/lib/python3.8/site-packages/airflow/example_dags/example_dag_decorator.py
[2023-10-10T15:28:09.922+0000] {logging_mixin.py:151} INFO - [2023-10-10T15:28:09.921+0000] {security.py:708} INFO - Not syncing DAG-level permissions for DAG 'DAG:example_dag_decorator' as access control is unset.
[2023-10-10T15:28:09.922+0000] {logging_mixin.py:151} INFO - [2023-10-10T15:28:09.922+0000] {dag.py:2915} INFO - Sync 1 DAGs
[2023-10-10T15:28:09.987+0000] {logging_mixin.py:151} INFO - [2023-10-10T15:28:09.987+0000] {dag.py:3696} INFO - Setting next_dagrun for example_dag_decorator to None, run_after=None
[2023-10-10T15:28:10.006+0000] {processor.py:179} INFO - Processing /home/airflow/.local/lib/python3.8/site-packages/airflow/example_dags/example_dag_decorator.py took 0.493 seconds
[2023-10-10T15:28:40.961+0000] {processor.py:157} INFO - Started process (PID=646) to work on /home/airflow/.local/lib/python3.8/site-packages/airflow/example_dags/example_dag_decorator.py
[2023-10-10T15:28:40.962+0000] {processor.py:829} INFO - Processing file /home/airflow/.local/lib/python3.8/site-packages/airflow/example_dags/example_dag_decorator.py for tasks to queue
[2023-10-10T15:28:40.963+0000] {logging_mixin.py:151} INFO - [2023-10-10T15:28:40.963+0000] {dagbag.py:539} INFO - Filling up the DagBag from /home/airflow/.local/lib/python3.8/site-packages/airflow/example_dags/example_dag_decorator.py
[2023-10-10T15:28:41.024+0000] {processor.py:839} INFO - DAG(s) dict_keys(['example_dag_decorator']) retrieved from /home/airflow/.local/lib/python3.8/site-packages/airflow/example_dags/example_dag_decorator.py
[2023-10-10T15:28:41.123+0000] {logging_mixin.py:151} INFO - [2023-10-10T15:28:41.122+0000] {security.py:708} INFO - Not syncing DAG-level permissions for DAG 'DAG:example_dag_decorator' as access control is unset.
[2023-10-10T15:28:41.123+0000] {logging_mixin.py:151} INFO - [2023-10-10T15:28:41.123+0000] {dag.py:2915} INFO - Sync 1 DAGs
[2023-10-10T15:28:41.140+0000] {logging_mixin.py:151} INFO - [2023-10-10T15:28:41.139+0000] {dag.py:3696} INFO - Setting next_dagrun for example_dag_decorator to None, run_after=None
[2023-10-10T15:28:41.159+0000] {processor.py:179} INFO - Processing /home/airflow/.local/lib/python3.8/site-packages/airflow/example_dags/example_dag_decorator.py took 0.200 seconds
[2023-10-10T15:29:11.225+0000] {processor.py:157} INFO - Started process (PID=701) to work on /home/airflow/.local/lib/python3.8/site-packages/airflow/example_dags/example_dag_decorator.py
[2023-10-10T15:29:11.226+0000] {processor.py:829} INFO - Processing file /home/airflow/.local/lib/python3.8/site-packages/airflow/example_dags/example_dag_decorator.py for tasks to queue
[2023-10-10T15:29:11.227+0000] {logging_mixin.py:151} INFO - [2023-10-10T15:29:11.227+0000] {dagbag.py:539} INFO - Filling up the DagBag from /home/airflow/.local/lib/python3.8/site-packages/airflow/example_dags/example_dag_decorator.py
[2023-10-10T15:29:11.291+0000] {processor.py:839} INFO - DAG(s) dict_keys(['example_dag_decorator']) retrieved from /home/airflow/.local/lib/python3.8/site-packages/airflow/example_dags/example_dag_decorator.py
[2023-10-10T15:29:11.396+0000] {logging_mixin.py:151} INFO - [2023-10-10T15:29:11.396+0000] {security.py:708} INFO - Not syncing DAG-level permissions for DAG 'DAG:example_dag_decorator' as access control is unset.
[2023-10-10T15:29:11.397+0000] {logging_mixin.py:151} INFO - [2023-10-10T15:29:11.396+0000] {dag.py:2915} INFO - Sync 1 DAGs
[2023-10-10T15:29:11.411+0000] {logging_mixin.py:151} INFO - [2023-10-10T15:29:11.410+0000] {dag.py:3696} INFO - Setting next_dagrun for example_dag_decorator to None, run_after=None
[2023-10-10T15:29:11.443+0000] {processor.py:179} INFO - Processing /home/airflow/.local/lib/python3.8/site-packages/airflow/example_dags/example_dag_decorator.py took 0.221 seconds
[2023-10-10T15:29:41.539+0000] {processor.py:157} INFO - Started process (PID=755) to work on /home/airflow/.local/lib/python3.8/site-packages/airflow/example_dags/example_dag_decorator.py
[2023-10-10T15:29:41.540+0000] {processor.py:829} INFO - Processing file /home/airflow/.local/lib/python3.8/site-packages/airflow/example_dags/example_dag_decorator.py for tasks to queue
[2023-10-10T15:29:41.542+0000] {logging_mixin.py:151} INFO - [2023-10-10T15:29:41.541+0000] {dagbag.py:539} INFO - Filling up the DagBag from /home/airflow/.local/lib/python3.8/site-packages/airflow/example_dags/example_dag_decorator.py
[2023-10-10T15:29:41.603+0000] {processor.py:839} INFO - DAG(s) dict_keys(['example_dag_decorator']) retrieved from /home/airflow/.local/lib/python3.8/site-packages/airflow/example_dags/example_dag_decorator.py
[2023-10-10T15:29:41.724+0000] {logging_mixin.py:151} INFO - [2023-10-10T15:29:41.724+0000] {security.py:708} INFO - Not syncing DAG-level permissions for DAG 'DAG:example_dag_decorator' as access control is unset.
[2023-10-10T15:29:41.724+0000] {logging_mixin.py:151} INFO - [2023-10-10T15:29:41.724+0000] {dag.py:2915} INFO - Sync 1 DAGs
[2023-10-10T15:29:41.735+0000] {logging_mixin.py:151} INFO - [2023-10-10T15:29:41.735+0000] {dag.py:3696} INFO - Setting next_dagrun for example_dag_decorator to None, run_after=None
[2023-10-10T15:29:41.753+0000] {processor.py:179} INFO - Processing /home/airflow/.local/lib/python3.8/site-packages/airflow/example_dags/example_dag_decorator.py took 0.216 seconds
[2023-10-10T15:30:11.832+0000] {processor.py:157} INFO - Started process (PID=808) to work on /home/airflow/.local/lib/python3.8/site-packages/airflow/example_dags/example_dag_decorator.py
[2023-10-10T15:30:11.833+0000] {processor.py:829} INFO - Processing file /home/airflow/.local/lib/python3.8/site-packages/airflow/example_dags/example_dag_decorator.py for tasks to queue
[2023-10-10T15:30:11.835+0000] {logging_mixin.py:151} INFO - [2023-10-10T15:30:11.835+0000] {dagbag.py:539} INFO - Filling up the DagBag from /home/airflow/.local/lib/python3.8/site-packages/airflow/example_dags/example_dag_decorator.py
[2023-10-10T15:30:11.920+0000] {processor.py:839} INFO - DAG(s) dict_keys(['example_dag_decorator']) retrieved from /home/airflow/.local/lib/python3.8/site-packages/airflow/example_dags/example_dag_decorator.py
[2023-10-10T15:30:12.029+0000] {logging_mixin.py:151} INFO - [2023-10-10T15:30:12.029+0000] {security.py:708} INFO - Not syncing DAG-level permissions for DAG 'DAG:example_dag_decorator' as access control is unset.
[2023-10-10T15:30:12.030+0000] {logging_mixin.py:151} INFO - [2023-10-10T15:30:12.030+0000] {dag.py:2915} INFO - Sync 1 DAGs
[2023-10-10T15:30:12.043+0000] {logging_mixin.py:151} INFO - [2023-10-10T15:30:12.043+0000] {dag.py:3696} INFO - Setting next_dagrun for example_dag_decorator to None, run_after=None
[2023-10-10T15:30:12.065+0000] {processor.py:179} INFO - Processing /home/airflow/.local/lib/python3.8/site-packages/airflow/example_dags/example_dag_decorator.py took 0.236 seconds
[2023-10-10T15:30:42.232+0000] {processor.py:157} INFO - Started process (PID=862) to work on /home/airflow/.local/lib/python3.8/site-packages/airflow/example_dags/example_dag_decorator.py
[2023-10-10T15:30:42.234+0000] {processor.py:829} INFO - Processing file /home/airflow/.local/lib/python3.8/site-packages/airflow/example_dags/example_dag_decorator.py for tasks to queue
[2023-10-10T15:30:42.236+0000] {logging_mixin.py:151} INFO - [2023-10-10T15:30:42.236+0000] {dagbag.py:539} INFO - Filling up the DagBag from /home/airflow/.local/lib/python3.8/site-packages/airflow/example_dags/example_dag_decorator.py
[2023-10-10T15:30:42.305+0000] {processor.py:839} INFO - DAG(s) dict_keys(['example_dag_decorator']) retrieved from /home/airflow/.local/lib/python3.8/site-packages/airflow/example_dags/example_dag_decorator.py
[2023-10-10T15:30:42.431+0000] {logging_mixin.py:151} INFO - [2023-10-10T15:30:42.431+0000] {security.py:708} INFO - Not syncing DAG-level permissions for DAG 'DAG:example_dag_decorator' as access control is unset.
[2023-10-10T15:30:42.431+0000] {logging_mixin.py:151} INFO - [2023-10-10T15:30:42.431+0000] {dag.py:2915} INFO - Sync 1 DAGs
[2023-10-10T15:30:42.441+0000] {logging_mixin.py:151} INFO - [2023-10-10T15:30:42.441+0000] {dag.py:3696} INFO - Setting next_dagrun for example_dag_decorator to None, run_after=None
[2023-10-10T15:30:42.457+0000] {processor.py:179} INFO - Processing /home/airflow/.local/lib/python3.8/site-packages/airflow/example_dags/example_dag_decorator.py took 0.227 seconds
[2023-10-10T15:31:12.480+0000] {processor.py:157} INFO - Started process (PID=916) to work on /home/airflow/.local/lib/python3.8/site-packages/airflow/example_dags/example_dag_decorator.py
[2023-10-10T15:31:12.481+0000] {processor.py:829} INFO - Processing file /home/airflow/.local/lib/python3.8/site-packages/airflow/example_dags/example_dag_decorator.py for tasks to queue
[2023-10-10T15:31:12.483+0000] {logging_mixin.py:151} INFO - [2023-10-10T15:31:12.483+0000] {dagbag.py:539} INFO - Filling up the DagBag from /home/airflow/.local/lib/python3.8/site-packages/airflow/example_dags/example_dag_decorator.py
[2023-10-10T15:31:12.555+0000] {processor.py:839} INFO - DAG(s) dict_keys(['example_dag_decorator']) retrieved from /home/airflow/.local/lib/python3.8/site-packages/airflow/example_dags/example_dag_decorator.py
[2023-10-10T15:31:12.658+0000] {logging_mixin.py:151} INFO - [2023-10-10T15:31:12.658+0000] {security.py:708} INFO - Not syncing DAG-level permissions for DAG 'DAG:example_dag_decorator' as access control is unset.
[2023-10-10T15:31:12.658+0000] {logging_mixin.py:151} INFO - [2023-10-10T15:31:12.658+0000] {dag.py:2915} INFO - Sync 1 DAGs
[2023-10-10T15:31:12.671+0000] {logging_mixin.py:151} INFO - [2023-10-10T15:31:12.671+0000] {dag.py:3696} INFO - Setting next_dagrun for example_dag_decorator to None, run_after=None
[2023-10-10T15:31:12.694+0000] {processor.py:179} INFO - Processing /home/airflow/.local/lib/python3.8/site-packages/airflow/example_dags/example_dag_decorator.py took 0.217 seconds
[2023-10-10T15:31:42.726+0000] {processor.py:157} INFO - Started process (PID=970) to work on /home/airflow/.local/lib/python3.8/site-packages/airflow/example_dags/example_dag_decorator.py
[2023-10-10T15:31:42.727+0000] {processor.py:829} INFO - Processing file /home/airflow/.local/lib/python3.8/site-packages/airflow/example_dags/example_dag_decorator.py for tasks to queue
[2023-10-10T15:31:42.729+0000] {logging_mixin.py:151} INFO - [2023-10-10T15:31:42.729+0000] {dagbag.py:539} INFO - Filling up the DagBag from /home/airflow/.local/lib/python3.8/site-packages/airflow/example_dags/example_dag_decorator.py
[2023-10-10T15:31:42.805+0000] {processor.py:839} INFO - DAG(s) dict_keys(['example_dag_decorator']) retrieved from /home/airflow/.local/lib/python3.8/site-packages/airflow/example_dags/example_dag_decorator.py
[2023-10-10T15:31:42.943+0000] {logging_mixin.py:151} INFO - [2023-10-10T15:31:42.943+0000] {security.py:708} INFO - Not syncing DAG-level permissions for DAG 'DAG:example_dag_decorator' as access control is unset.
[2023-10-10T15:31:42.943+0000] {logging_mixin.py:151} INFO - [2023-10-10T15:31:42.943+0000] {dag.py:2915} INFO - Sync 1 DAGs
[2023-10-10T15:31:42.958+0000] {logging_mixin.py:151} INFO - [2023-10-10T15:31:42.958+0000] {dag.py:3696} INFO - Setting next_dagrun for example_dag_decorator to None, run_after=None
[2023-10-10T15:31:42.978+0000] {processor.py:179} INFO - Processing /home/airflow/.local/lib/python3.8/site-packages/airflow/example_dags/example_dag_decorator.py took 0.254 seconds
[2023-10-10T15:32:13.565+0000] {processor.py:157} INFO - Started process (PID=1024) to work on /home/airflow/.local/lib/python3.8/site-packages/airflow/example_dags/example_dag_decorator.py
[2023-10-10T15:32:13.566+0000] {processor.py:829} INFO - Processing file /home/airflow/.local/lib/python3.8/site-packages/airflow/example_dags/example_dag_decorator.py for tasks to queue
[2023-10-10T15:32:13.568+0000] {logging_mixin.py:151} INFO - [2023-10-10T15:32:13.568+0000] {dagbag.py:539} INFO - Filling up the DagBag from /home/airflow/.local/lib/python3.8/site-packages/airflow/example_dags/example_dag_decorator.py
[2023-10-10T15:32:13.642+0000] {processor.py:839} INFO - DAG(s) dict_keys(['example_dag_decorator']) retrieved from /home/airflow/.local/lib/python3.8/site-packages/airflow/example_dags/example_dag_decorator.py
[2023-10-10T15:32:13.739+0000] {logging_mixin.py:151} INFO - [2023-10-10T15:32:13.739+0000] {security.py:708} INFO - Not syncing DAG-level permissions for DAG 'DAG:example_dag_decorator' as access control is unset.
[2023-10-10T15:32:13.740+0000] {logging_mixin.py:151} INFO - [2023-10-10T15:32:13.740+0000] {dag.py:2915} INFO - Sync 1 DAGs
[2023-10-10T15:32:13.750+0000] {logging_mixin.py:151} INFO - [2023-10-10T15:32:13.750+0000] {dag.py:3696} INFO - Setting next_dagrun for example_dag_decorator to None, run_after=None
[2023-10-10T15:32:13.768+0000] {processor.py:179} INFO - Processing /home/airflow/.local/lib/python3.8/site-packages/airflow/example_dags/example_dag_decorator.py took 0.205 seconds
[2023-10-10T15:32:44.443+0000] {processor.py:157} INFO - Started process (PID=1078) to work on /home/airflow/.local/lib/python3.8/site-packages/airflow/example_dags/example_dag_decorator.py
[2023-10-10T15:32:44.444+0000] {processor.py:829} INFO - Processing file /home/airflow/.local/lib/python3.8/site-packages/airflow/example_dags/example_dag_decorator.py for tasks to queue
[2023-10-10T15:32:44.446+0000] {logging_mixin.py:151} INFO - [2023-10-10T15:32:44.445+0000] {dagbag.py:539} INFO - Filling up the DagBag from /home/airflow/.local/lib/python3.8/site-packages/airflow/example_dags/example_dag_decorator.py
[2023-10-10T15:32:44.514+0000] {processor.py:839} INFO - DAG(s) dict_keys(['example_dag_decorator']) retrieved from /home/airflow/.local/lib/python3.8/site-packages/airflow/example_dags/example_dag_decorator.py
[2023-10-10T15:32:44.618+0000] {logging_mixin.py:151} INFO - [2023-10-10T15:32:44.618+0000] {security.py:708} INFO - Not syncing DAG-level permissions for DAG 'DAG:example_dag_decorator' as access control is unset.
[2023-10-10T15:32:44.620+0000] {logging_mixin.py:151} INFO - [2023-10-10T15:32:44.620+0000] {dag.py:2915} INFO - Sync 1 DAGs
[2023-10-10T15:32:44.630+0000] {logging_mixin.py:151} INFO - [2023-10-10T15:32:44.630+0000] {dag.py:3696} INFO - Setting next_dagrun for example_dag_decorator to None, run_after=None
[2023-10-10T15:32:44.646+0000] {processor.py:179} INFO - Processing /home/airflow/.local/lib/python3.8/site-packages/airflow/example_dags/example_dag_decorator.py took 0.205 seconds
[2023-10-10T15:33:14.777+0000] {processor.py:157} INFO - Started process (PID=1132) to work on /home/airflow/.local/lib/python3.8/site-packages/airflow/example_dags/example_dag_decorator.py
[2023-10-10T15:33:14.778+0000] {processor.py:829} INFO - Processing file /home/airflow/.local/lib/python3.8/site-packages/airflow/example_dags/example_dag_decorator.py for tasks to queue
[2023-10-10T15:33:14.780+0000] {logging_mixin.py:151} INFO - [2023-10-10T15:33:14.780+0000] {dagbag.py:539} INFO - Filling up the DagBag from /home/airflow/.local/lib/python3.8/site-packages/airflow/example_dags/example_dag_decorator.py
[2023-10-10T15:33:14.851+0000] {processor.py:839} INFO - DAG(s) dict_keys(['example_dag_decorator']) retrieved from /home/airflow/.local/lib/python3.8/site-packages/airflow/example_dags/example_dag_decorator.py
[2023-10-10T15:33:14.955+0000] {logging_mixin.py:151} INFO - [2023-10-10T15:33:14.955+0000] {security.py:708} INFO - Not syncing DAG-level permissions for DAG 'DAG:example_dag_decorator' as access control is unset.
[2023-10-10T15:33:14.955+0000] {logging_mixin.py:151} INFO - [2023-10-10T15:33:14.955+0000] {dag.py:2915} INFO - Sync 1 DAGs
[2023-10-10T15:33:14.966+0000] {logging_mixin.py:151} INFO - [2023-10-10T15:33:14.966+0000] {dag.py:3696} INFO - Setting next_dagrun for example_dag_decorator to None, run_after=None
[2023-10-10T15:33:14.986+0000] {processor.py:179} INFO - Processing /home/airflow/.local/lib/python3.8/site-packages/airflow/example_dags/example_dag_decorator.py took 0.213 seconds
[2023-10-10T15:33:45.073+0000] {processor.py:157} INFO - Started process (PID=1188) to work on /home/airflow/.local/lib/python3.8/site-packages/airflow/example_dags/example_dag_decorator.py
[2023-10-10T15:33:45.074+0000] {processor.py:829} INFO - Processing file /home/airflow/.local/lib/python3.8/site-packages/airflow/example_dags/example_dag_decorator.py for tasks to queue
[2023-10-10T15:33:45.076+0000] {logging_mixin.py:151} INFO - [2023-10-10T15:33:45.075+0000] {dagbag.py:539} INFO - Filling up the DagBag from /home/airflow/.local/lib/python3.8/site-packages/airflow/example_dags/example_dag_decorator.py
[2023-10-10T15:33:45.138+0000] {processor.py:839} INFO - DAG(s) dict_keys(['example_dag_decorator']) retrieved from /home/airflow/.local/lib/python3.8/site-packages/airflow/example_dags/example_dag_decorator.py
[2023-10-10T15:33:45.236+0000] {logging_mixin.py:151} INFO - [2023-10-10T15:33:45.236+0000] {security.py:708} INFO - Not syncing DAG-level permissions for DAG 'DAG:example_dag_decorator' as access control is unset.
[2023-10-10T15:33:45.237+0000] {logging_mixin.py:151} INFO - [2023-10-10T15:33:45.237+0000] {dag.py:2915} INFO - Sync 1 DAGs
[2023-10-10T15:33:45.248+0000] {logging_mixin.py:151} INFO - [2023-10-10T15:33:45.247+0000] {dag.py:3696} INFO - Setting next_dagrun for example_dag_decorator to None, run_after=None
[2023-10-10T15:33:45.273+0000] {processor.py:179} INFO - Processing /home/airflow/.local/lib/python3.8/site-packages/airflow/example_dags/example_dag_decorator.py took 0.203 seconds
[2023-10-10T15:34:15.301+0000] {processor.py:157} INFO - Started process (PID=1242) to work on /home/airflow/.local/lib/python3.8/site-packages/airflow/example_dags/example_dag_decorator.py
[2023-10-10T15:34:15.302+0000] {processor.py:829} INFO - Processing file /home/airflow/.local/lib/python3.8/site-packages/airflow/example_dags/example_dag_decorator.py for tasks to queue
[2023-10-10T15:34:15.304+0000] {logging_mixin.py:151} INFO - [2023-10-10T15:34:15.304+0000] {dagbag.py:539} INFO - Filling up the DagBag from /home/airflow/.local/lib/python3.8/site-packages/airflow/example_dags/example_dag_decorator.py
[2023-10-10T15:34:15.368+0000] {processor.py:839} INFO - DAG(s) dict_keys(['example_dag_decorator']) retrieved from /home/airflow/.local/lib/python3.8/site-packages/airflow/example_dags/example_dag_decorator.py
[2023-10-10T15:34:15.469+0000] {logging_mixin.py:151} INFO - [2023-10-10T15:34:15.468+0000] {security.py:708} INFO - Not syncing DAG-level permissions for DAG 'DAG:example_dag_decorator' as access control is unset.
[2023-10-10T15:34:15.469+0000] {logging_mixin.py:151} INFO - [2023-10-10T15:34:15.469+0000] {dag.py:2915} INFO - Sync 1 DAGs
[2023-10-10T15:34:15.480+0000] {logging_mixin.py:151} INFO - [2023-10-10T15:34:15.480+0000] {dag.py:3696} INFO - Setting next_dagrun for example_dag_decorator to None, run_after=None
[2023-10-10T15:34:15.503+0000] {processor.py:179} INFO - Processing /home/airflow/.local/lib/python3.8/site-packages/airflow/example_dags/example_dag_decorator.py took 0.205 seconds
[2023-10-10T15:34:45.740+0000] {processor.py:157} INFO - Started process (PID=1294) to work on /home/airflow/.local/lib/python3.8/site-packages/airflow/example_dags/example_dag_decorator.py
[2023-10-10T15:34:45.742+0000] {processor.py:829} INFO - Processing file /home/airflow/.local/lib/python3.8/site-packages/airflow/example_dags/example_dag_decorator.py for tasks to queue
[2023-10-10T15:34:45.744+0000] {logging_mixin.py:151} INFO - [2023-10-10T15:34:45.744+0000] {dagbag.py:539} INFO - Filling up the DagBag from /home/airflow/.local/lib/python3.8/site-packages/airflow/example_dags/example_dag_decorator.py
[2023-10-10T15:34:45.815+0000] {processor.py:839} INFO - DAG(s) dict_keys(['example_dag_decorator']) retrieved from /home/airflow/.local/lib/python3.8/site-packages/airflow/example_dags/example_dag_decorator.py
[2023-10-10T15:34:45.942+0000] {logging_mixin.py:151} INFO - [2023-10-10T15:34:45.942+0000] {security.py:708} INFO - Not syncing DAG-level permissions for DAG 'DAG:example_dag_decorator' as access control is unset.
[2023-10-10T15:34:45.943+0000] {logging_mixin.py:151} INFO - [2023-10-10T15:34:45.942+0000] {dag.py:2915} INFO - Sync 1 DAGs
[2023-10-10T15:34:45.953+0000] {logging_mixin.py:151} INFO - [2023-10-10T15:34:45.953+0000] {dag.py:3696} INFO - Setting next_dagrun for example_dag_decorator to None, run_after=None
[2023-10-10T15:34:45.969+0000] {processor.py:179} INFO - Processing /home/airflow/.local/lib/python3.8/site-packages/airflow/example_dags/example_dag_decorator.py took 0.232 seconds
[2023-10-10T15:35:16.038+0000] {processor.py:157} INFO - Started process (PID=1347) to work on /home/airflow/.local/lib/python3.8/site-packages/airflow/example_dags/example_dag_decorator.py
[2023-10-10T15:35:16.039+0000] {processor.py:829} INFO - Processing file /home/airflow/.local/lib/python3.8/site-packages/airflow/example_dags/example_dag_decorator.py for tasks to queue
[2023-10-10T15:35:16.041+0000] {logging_mixin.py:151} INFO - [2023-10-10T15:35:16.040+0000] {dagbag.py:539} INFO - Filling up the DagBag from /home/airflow/.local/lib/python3.8/site-packages/airflow/example_dags/example_dag_decorator.py
[2023-10-10T15:35:16.117+0000] {processor.py:839} INFO - DAG(s) dict_keys(['example_dag_decorator']) retrieved from /home/airflow/.local/lib/python3.8/site-packages/airflow/example_dags/example_dag_decorator.py
[2023-10-10T15:35:16.231+0000] {logging_mixin.py:151} INFO - [2023-10-10T15:35:16.231+0000] {security.py:708} INFO - Not syncing DAG-level permissions for DAG 'DAG:example_dag_decorator' as access control is unset.
[2023-10-10T15:35:16.231+0000] {logging_mixin.py:151} INFO - [2023-10-10T15:35:16.231+0000] {dag.py:2915} INFO - Sync 1 DAGs
[2023-10-10T15:35:16.247+0000] {logging_mixin.py:151} INFO - [2023-10-10T15:35:16.247+0000] {dag.py:3696} INFO - Setting next_dagrun for example_dag_decorator to None, run_after=None
[2023-10-10T15:35:16.267+0000] {processor.py:179} INFO - Processing /home/airflow/.local/lib/python3.8/site-packages/airflow/example_dags/example_dag_decorator.py took 0.231 seconds
[2023-10-10T15:35:46.329+0000] {processor.py:157} INFO - Started process (PID=1401) to work on /home/airflow/.local/lib/python3.8/site-packages/airflow/example_dags/example_dag_decorator.py
[2023-10-10T15:35:46.330+0000] {processor.py:829} INFO - Processing file /home/airflow/.local/lib/python3.8/site-packages/airflow/example_dags/example_dag_decorator.py for tasks to queue
[2023-10-10T15:35:46.333+0000] {logging_mixin.py:151} INFO - [2023-10-10T15:35:46.333+0000] {dagbag.py:539} INFO - Filling up the DagBag from /home/airflow/.local/lib/python3.8/site-packages/airflow/example_dags/example_dag_decorator.py
[2023-10-10T15:35:46.415+0000] {processor.py:839} INFO - DAG(s) dict_keys(['example_dag_decorator']) retrieved from /home/airflow/.local/lib/python3.8/site-packages/airflow/example_dags/example_dag_decorator.py
[2023-10-10T15:35:46.526+0000] {logging_mixin.py:151} INFO - [2023-10-10T15:35:46.525+0000] {security.py:708} INFO - Not syncing DAG-level permissions for DAG 'DAG:example_dag_decorator' as access control is unset.
[2023-10-10T15:35:46.526+0000] {logging_mixin.py:151} INFO - [2023-10-10T15:35:46.526+0000] {dag.py:2915} INFO - Sync 1 DAGs
[2023-10-10T15:35:46.539+0000] {logging_mixin.py:151} INFO - [2023-10-10T15:35:46.539+0000] {dag.py:3696} INFO - Setting next_dagrun for example_dag_decorator to None, run_after=None
[2023-10-10T15:35:46.561+0000] {processor.py:179} INFO - Processing /home/airflow/.local/lib/python3.8/site-packages/airflow/example_dags/example_dag_decorator.py took 0.235 seconds
[2023-10-10T15:36:16.956+0000] {processor.py:157} INFO - Started process (PID=1455) to work on /home/airflow/.local/lib/python3.8/site-packages/airflow/example_dags/example_dag_decorator.py
[2023-10-10T15:36:16.957+0000] {processor.py:829} INFO - Processing file /home/airflow/.local/lib/python3.8/site-packages/airflow/example_dags/example_dag_decorator.py for tasks to queue
[2023-10-10T15:36:16.959+0000] {logging_mixin.py:151} INFO - [2023-10-10T15:36:16.959+0000] {dagbag.py:539} INFO - Filling up the DagBag from /home/airflow/.local/lib/python3.8/site-packages/airflow/example_dags/example_dag_decorator.py
[2023-10-10T15:36:17.051+0000] {processor.py:839} INFO - DAG(s) dict_keys(['example_dag_decorator']) retrieved from /home/airflow/.local/lib/python3.8/site-packages/airflow/example_dags/example_dag_decorator.py
[2023-10-10T15:36:17.173+0000] {logging_mixin.py:151} INFO - [2023-10-10T15:36:17.173+0000] {security.py:708} INFO - Not syncing DAG-level permissions for DAG 'DAG:example_dag_decorator' as access control is unset.
[2023-10-10T15:36:17.173+0000] {logging_mixin.py:151} INFO - [2023-10-10T15:36:17.173+0000] {dag.py:2915} INFO - Sync 1 DAGs
[2023-10-10T15:36:17.187+0000] {logging_mixin.py:151} INFO - [2023-10-10T15:36:17.186+0000] {dag.py:3696} INFO - Setting next_dagrun for example_dag_decorator to None, run_after=None
[2023-10-10T15:36:17.207+0000] {processor.py:179} INFO - Processing /home/airflow/.local/lib/python3.8/site-packages/airflow/example_dags/example_dag_decorator.py took 0.255 seconds
[2023-10-10T15:36:47.253+0000] {processor.py:157} INFO - Started process (PID=1511) to work on /home/airflow/.local/lib/python3.8/site-packages/airflow/example_dags/example_dag_decorator.py
[2023-10-10T15:36:47.253+0000] {processor.py:829} INFO - Processing file /home/airflow/.local/lib/python3.8/site-packages/airflow/example_dags/example_dag_decorator.py for tasks to queue
[2023-10-10T15:36:47.255+0000] {logging_mixin.py:151} INFO - [2023-10-10T15:36:47.255+0000] {dagbag.py:539} INFO - Filling up the DagBag from /home/airflow/.local/lib/python3.8/site-packages/airflow/example_dags/example_dag_decorator.py
[2023-10-10T15:36:47.332+0000] {processor.py:839} INFO - DAG(s) dict_keys(['example_dag_decorator']) retrieved from /home/airflow/.local/lib/python3.8/site-packages/airflow/example_dags/example_dag_decorator.py
[2023-10-10T15:36:47.429+0000] {logging_mixin.py:151} INFO - [2023-10-10T15:36:47.429+0000] {security.py:708} INFO - Not syncing DAG-level permissions for DAG 'DAG:example_dag_decorator' as access control is unset.
[2023-10-10T15:36:47.430+0000] {logging_mixin.py:151} INFO - [2023-10-10T15:36:47.429+0000] {dag.py:2915} INFO - Sync 1 DAGs
[2023-10-10T15:36:47.440+0000] {logging_mixin.py:151} INFO - [2023-10-10T15:36:47.440+0000] {dag.py:3696} INFO - Setting next_dagrun for example_dag_decorator to None, run_after=None
[2023-10-10T15:36:47.458+0000] {processor.py:179} INFO - Processing /home/airflow/.local/lib/python3.8/site-packages/airflow/example_dags/example_dag_decorator.py took 0.208 seconds
[2023-10-10T15:37:17.502+0000] {processor.py:157} INFO - Started process (PID=1565) to work on /home/airflow/.local/lib/python3.8/site-packages/airflow/example_dags/example_dag_decorator.py
[2023-10-10T15:37:17.503+0000] {processor.py:829} INFO - Processing file /home/airflow/.local/lib/python3.8/site-packages/airflow/example_dags/example_dag_decorator.py for tasks to queue
[2023-10-10T15:37:17.505+0000] {logging_mixin.py:151} INFO - [2023-10-10T15:37:17.504+0000] {dagbag.py:539} INFO - Filling up the DagBag from /home/airflow/.local/lib/python3.8/site-packages/airflow/example_dags/example_dag_decorator.py
[2023-10-10T15:37:17.577+0000] {processor.py:839} INFO - DAG(s) dict_keys(['example_dag_decorator']) retrieved from /home/airflow/.local/lib/python3.8/site-packages/airflow/example_dags/example_dag_decorator.py
[2023-10-10T15:37:17.689+0000] {logging_mixin.py:151} INFO - [2023-10-10T15:37:17.689+0000] {security.py:708} INFO - Not syncing DAG-level permissions for DAG 'DAG:example_dag_decorator' as access control is unset.
[2023-10-10T15:37:17.689+0000] {logging_mixin.py:151} INFO - [2023-10-10T15:37:17.689+0000] {dag.py:2915} INFO - Sync 1 DAGs
[2023-10-10T15:37:17.701+0000] {logging_mixin.py:151} INFO - [2023-10-10T15:37:17.701+0000] {dag.py:3696} INFO - Setting next_dagrun for example_dag_decorator to None, run_after=None
[2023-10-10T15:37:17.723+0000] {processor.py:179} INFO - Processing /home/airflow/.local/lib/python3.8/site-packages/airflow/example_dags/example_dag_decorator.py took 0.225 seconds
[2023-10-10T15:37:47.831+0000] {processor.py:157} INFO - Started process (PID=1619) to work on /home/airflow/.local/lib/python3.8/site-packages/airflow/example_dags/example_dag_decorator.py
[2023-10-10T15:37:47.832+0000] {processor.py:829} INFO - Processing file /home/airflow/.local/lib/python3.8/site-packages/airflow/example_dags/example_dag_decorator.py for tasks to queue
[2023-10-10T15:37:47.834+0000] {logging_mixin.py:151} INFO - [2023-10-10T15:37:47.834+0000] {dagbag.py:539} INFO - Filling up the DagBag from /home/airflow/.local/lib/python3.8/site-packages/airflow/example_dags/example_dag_decorator.py
[2023-10-10T15:37:47.930+0000] {processor.py:839} INFO - DAG(s) dict_keys(['example_dag_decorator']) retrieved from /home/airflow/.local/lib/python3.8/site-packages/airflow/example_dags/example_dag_decorator.py
[2023-10-10T15:37:48.066+0000] {logging_mixin.py:151} INFO - [2023-10-10T15:37:48.066+0000] {security.py:708} INFO - Not syncing DAG-level permissions for DAG 'DAG:example_dag_decorator' as access control is unset.
[2023-10-10T15:37:48.066+0000] {logging_mixin.py:151} INFO - [2023-10-10T15:37:48.066+0000] {dag.py:2915} INFO - Sync 1 DAGs
[2023-10-10T15:37:48.082+0000] {logging_mixin.py:151} INFO - [2023-10-10T15:37:48.082+0000] {dag.py:3696} INFO - Setting next_dagrun for example_dag_decorator to None, run_after=None
[2023-10-10T15:37:48.105+0000] {processor.py:179} INFO - Processing /home/airflow/.local/lib/python3.8/site-packages/airflow/example_dags/example_dag_decorator.py took 0.278 seconds
[2023-10-10T15:38:18.205+0000] {processor.py:157} INFO - Started process (PID=1670) to work on /home/airflow/.local/lib/python3.8/site-packages/airflow/example_dags/example_dag_decorator.py
[2023-10-10T15:38:18.206+0000] {processor.py:829} INFO - Processing file /home/airflow/.local/lib/python3.8/site-packages/airflow/example_dags/example_dag_decorator.py for tasks to queue
[2023-10-10T15:38:18.209+0000] {logging_mixin.py:151} INFO - [2023-10-10T15:38:18.208+0000] {dagbag.py:539} INFO - Filling up the DagBag from /home/airflow/.local/lib/python3.8/site-packages/airflow/example_dags/example_dag_decorator.py
[2023-10-10T15:38:18.317+0000] {processor.py:839} INFO - DAG(s) dict_keys(['example_dag_decorator']) retrieved from /home/airflow/.local/lib/python3.8/site-packages/airflow/example_dags/example_dag_decorator.py
[2023-10-10T15:38:18.456+0000] {logging_mixin.py:151} INFO - [2023-10-10T15:38:18.456+0000] {security.py:708} INFO - Not syncing DAG-level permissions for DAG 'DAG:example_dag_decorator' as access control is unset.
[2023-10-10T15:38:18.456+0000] {logging_mixin.py:151} INFO - [2023-10-10T15:38:18.456+0000] {dag.py:2915} INFO - Sync 1 DAGs
[2023-10-10T15:38:18.471+0000] {logging_mixin.py:151} INFO - [2023-10-10T15:38:18.471+0000] {dag.py:3696} INFO - Setting next_dagrun for example_dag_decorator to None, run_after=None
[2023-10-10T15:38:18.499+0000] {processor.py:179} INFO - Processing /home/airflow/.local/lib/python3.8/site-packages/airflow/example_dags/example_dag_decorator.py took 0.297 seconds
[2023-10-10T15:38:48.549+0000] {processor.py:157} INFO - Started process (PID=1725) to work on /home/airflow/.local/lib/python3.8/site-packages/airflow/example_dags/example_dag_decorator.py
[2023-10-10T15:38:48.550+0000] {processor.py:829} INFO - Processing file /home/airflow/.local/lib/python3.8/site-packages/airflow/example_dags/example_dag_decorator.py for tasks to queue
[2023-10-10T15:38:48.551+0000] {logging_mixin.py:151} INFO - [2023-10-10T15:38:48.551+0000] {dagbag.py:539} INFO - Filling up the DagBag from /home/airflow/.local/lib/python3.8/site-packages/airflow/example_dags/example_dag_decorator.py
[2023-10-10T15:38:48.623+0000] {processor.py:839} INFO - DAG(s) dict_keys(['example_dag_decorator']) retrieved from /home/airflow/.local/lib/python3.8/site-packages/airflow/example_dags/example_dag_decorator.py
[2023-10-10T15:38:48.732+0000] {logging_mixin.py:151} INFO - [2023-10-10T15:38:48.732+0000] {security.py:708} INFO - Not syncing DAG-level permissions for DAG 'DAG:example_dag_decorator' as access control is unset.
[2023-10-10T15:38:48.732+0000] {logging_mixin.py:151} INFO - [2023-10-10T15:38:48.732+0000] {dag.py:2915} INFO - Sync 1 DAGs
[2023-10-10T15:38:48.741+0000] {logging_mixin.py:151} INFO - [2023-10-10T15:38:48.741+0000] {dag.py:3696} INFO - Setting next_dagrun for example_dag_decorator to None, run_after=None
[2023-10-10T15:38:48.760+0000] {processor.py:179} INFO - Processing /home/airflow/.local/lib/python3.8/site-packages/airflow/example_dags/example_dag_decorator.py took 0.213 seconds
[2023-10-10T15:39:18.820+0000] {processor.py:157} INFO - Started process (PID=1780) to work on /home/airflow/.local/lib/python3.8/site-packages/airflow/example_dags/example_dag_decorator.py
[2023-10-10T15:39:18.821+0000] {processor.py:829} INFO - Processing file /home/airflow/.local/lib/python3.8/site-packages/airflow/example_dags/example_dag_decorator.py for tasks to queue
[2023-10-10T15:39:18.824+0000] {logging_mixin.py:151} INFO - [2023-10-10T15:39:18.823+0000] {dagbag.py:539} INFO - Filling up the DagBag from /home/airflow/.local/lib/python3.8/site-packages/airflow/example_dags/example_dag_decorator.py
[2023-10-10T15:39:18.891+0000] {processor.py:839} INFO - DAG(s) dict_keys(['example_dag_decorator']) retrieved from /home/airflow/.local/lib/python3.8/site-packages/airflow/example_dags/example_dag_decorator.py
[2023-10-10T15:39:19.005+0000] {logging_mixin.py:151} INFO - [2023-10-10T15:39:19.005+0000] {security.py:708} INFO - Not syncing DAG-level permissions for DAG 'DAG:example_dag_decorator' as access control is unset.
[2023-10-10T15:39:19.006+0000] {logging_mixin.py:151} INFO - [2023-10-10T15:39:19.006+0000] {dag.py:2915} INFO - Sync 1 DAGs
[2023-10-10T15:39:19.018+0000] {logging_mixin.py:151} INFO - [2023-10-10T15:39:19.017+0000] {dag.py:3696} INFO - Setting next_dagrun for example_dag_decorator to None, run_after=None
[2023-10-10T15:39:19.038+0000] {processor.py:179} INFO - Processing /home/airflow/.local/lib/python3.8/site-packages/airflow/example_dags/example_dag_decorator.py took 0.221 seconds
[2023-10-10T15:39:49.071+0000] {processor.py:157} INFO - Started process (PID=1832) to work on /home/airflow/.local/lib/python3.8/site-packages/airflow/example_dags/example_dag_decorator.py
[2023-10-10T15:39:49.072+0000] {processor.py:829} INFO - Processing file /home/airflow/.local/lib/python3.8/site-packages/airflow/example_dags/example_dag_decorator.py for tasks to queue
[2023-10-10T15:39:49.073+0000] {logging_mixin.py:151} INFO - [2023-10-10T15:39:49.073+0000] {dagbag.py:539} INFO - Filling up the DagBag from /home/airflow/.local/lib/python3.8/site-packages/airflow/example_dags/example_dag_decorator.py
[2023-10-10T15:39:49.148+0000] {processor.py:839} INFO - DAG(s) dict_keys(['example_dag_decorator']) retrieved from /home/airflow/.local/lib/python3.8/site-packages/airflow/example_dags/example_dag_decorator.py
[2023-10-10T15:39:49.270+0000] {logging_mixin.py:151} INFO - [2023-10-10T15:39:49.270+0000] {security.py:708} INFO - Not syncing DAG-level permissions for DAG 'DAG:example_dag_decorator' as access control is unset.
[2023-10-10T15:39:49.271+0000] {logging_mixin.py:151} INFO - [2023-10-10T15:39:49.270+0000] {dag.py:2915} INFO - Sync 1 DAGs
[2023-10-10T15:39:49.283+0000] {logging_mixin.py:151} INFO - [2023-10-10T15:39:49.283+0000] {dag.py:3696} INFO - Setting next_dagrun for example_dag_decorator to None, run_after=None
[2023-10-10T15:39:49.305+0000] {processor.py:179} INFO - Processing /home/airflow/.local/lib/python3.8/site-packages/airflow/example_dags/example_dag_decorator.py took 0.237 seconds
[2023-10-10T15:40:19.456+0000] {processor.py:157} INFO - Started process (PID=1886) to work on /home/airflow/.local/lib/python3.8/site-packages/airflow/example_dags/example_dag_decorator.py
[2023-10-10T15:40:19.457+0000] {processor.py:829} INFO - Processing file /home/airflow/.local/lib/python3.8/site-packages/airflow/example_dags/example_dag_decorator.py for tasks to queue
[2023-10-10T15:40:19.458+0000] {logging_mixin.py:151} INFO - [2023-10-10T15:40:19.458+0000] {dagbag.py:539} INFO - Filling up the DagBag from /home/airflow/.local/lib/python3.8/site-packages/airflow/example_dags/example_dag_decorator.py
[2023-10-10T15:40:19.527+0000] {processor.py:839} INFO - DAG(s) dict_keys(['example_dag_decorator']) retrieved from /home/airflow/.local/lib/python3.8/site-packages/airflow/example_dags/example_dag_decorator.py
[2023-10-10T15:40:19.549+0000] {logging_mixin.py:151} INFO - [2023-10-10T15:40:19.548+0000] {dag.py:2915} INFO - Sync 1 DAGs
[2023-10-10T15:40:19.559+0000] {logging_mixin.py:151} INFO - [2023-10-10T15:40:19.559+0000] {dag.py:3696} INFO - Setting next_dagrun for example_dag_decorator to None, run_after=None
[2023-10-10T15:40:19.574+0000] {processor.py:179} INFO - Processing /home/airflow/.local/lib/python3.8/site-packages/airflow/example_dags/example_dag_decorator.py took 0.120 seconds
[2023-10-10T15:40:49.629+0000] {processor.py:157} INFO - Started process (PID=1940) to work on /home/airflow/.local/lib/python3.8/site-packages/airflow/example_dags/example_dag_decorator.py
[2023-10-10T15:40:49.629+0000] {processor.py:829} INFO - Processing file /home/airflow/.local/lib/python3.8/site-packages/airflow/example_dags/example_dag_decorator.py for tasks to queue
[2023-10-10T15:40:49.631+0000] {logging_mixin.py:151} INFO - [2023-10-10T15:40:49.631+0000] {dagbag.py:539} INFO - Filling up the DagBag from /home/airflow/.local/lib/python3.8/site-packages/airflow/example_dags/example_dag_decorator.py
[2023-10-10T15:40:49.698+0000] {processor.py:839} INFO - DAG(s) dict_keys(['example_dag_decorator']) retrieved from /home/airflow/.local/lib/python3.8/site-packages/airflow/example_dags/example_dag_decorator.py
[2023-10-10T15:40:49.726+0000] {logging_mixin.py:151} INFO - [2023-10-10T15:40:49.725+0000] {dag.py:2915} INFO - Sync 1 DAGs
[2023-10-10T15:40:49.740+0000] {logging_mixin.py:151} INFO - [2023-10-10T15:40:49.739+0000] {dag.py:3696} INFO - Setting next_dagrun for example_dag_decorator to None, run_after=None
[2023-10-10T15:40:49.758+0000] {processor.py:179} INFO - Processing /home/airflow/.local/lib/python3.8/site-packages/airflow/example_dags/example_dag_decorator.py took 0.132 seconds
[2023-10-10T15:41:20.063+0000] {processor.py:157} INFO - Started process (PID=1994) to work on /home/airflow/.local/lib/python3.8/site-packages/airflow/example_dags/example_dag_decorator.py
[2023-10-10T15:41:20.063+0000] {processor.py:829} INFO - Processing file /home/airflow/.local/lib/python3.8/site-packages/airflow/example_dags/example_dag_decorator.py for tasks to queue
[2023-10-10T15:41:20.065+0000] {logging_mixin.py:151} INFO - [2023-10-10T15:41:20.065+0000] {dagbag.py:539} INFO - Filling up the DagBag from /home/airflow/.local/lib/python3.8/site-packages/airflow/example_dags/example_dag_decorator.py
[2023-10-10T15:41:20.126+0000] {processor.py:839} INFO - DAG(s) dict_keys(['example_dag_decorator']) retrieved from /home/airflow/.local/lib/python3.8/site-packages/airflow/example_dags/example_dag_decorator.py
[2023-10-10T15:41:20.214+0000] {logging_mixin.py:151} INFO - [2023-10-10T15:41:20.214+0000] {security.py:708} INFO - Not syncing DAG-level permissions for DAG 'DAG:example_dag_decorator' as access control is unset.
[2023-10-10T15:41:20.214+0000] {logging_mixin.py:151} INFO - [2023-10-10T15:41:20.214+0000] {dag.py:2915} INFO - Sync 1 DAGs
[2023-10-10T15:41:20.223+0000] {logging_mixin.py:151} INFO - [2023-10-10T15:41:20.223+0000] {dag.py:3696} INFO - Setting next_dagrun for example_dag_decorator to None, run_after=None
[2023-10-10T15:41:20.239+0000] {processor.py:179} INFO - Processing /home/airflow/.local/lib/python3.8/site-packages/airflow/example_dags/example_dag_decorator.py took 0.179 seconds
[2023-10-10T15:41:50.299+0000] {processor.py:157} INFO - Started process (PID=2047) to work on /home/airflow/.local/lib/python3.8/site-packages/airflow/example_dags/example_dag_decorator.py
[2023-10-10T15:41:50.300+0000] {processor.py:829} INFO - Processing file /home/airflow/.local/lib/python3.8/site-packages/airflow/example_dags/example_dag_decorator.py for tasks to queue
[2023-10-10T15:41:50.302+0000] {logging_mixin.py:151} INFO - [2023-10-10T15:41:50.302+0000] {dagbag.py:539} INFO - Filling up the DagBag from /home/airflow/.local/lib/python3.8/site-packages/airflow/example_dags/example_dag_decorator.py
[2023-10-10T15:41:50.361+0000] {processor.py:839} INFO - DAG(s) dict_keys(['example_dag_decorator']) retrieved from /home/airflow/.local/lib/python3.8/site-packages/airflow/example_dags/example_dag_decorator.py
[2023-10-10T15:41:50.480+0000] {logging_mixin.py:151} INFO - [2023-10-10T15:41:50.479+0000] {security.py:708} INFO - Not syncing DAG-level permissions for DAG 'DAG:example_dag_decorator' as access control is unset.
[2023-10-10T15:41:50.481+0000] {logging_mixin.py:151} INFO - [2023-10-10T15:41:50.480+0000] {dag.py:2915} INFO - Sync 1 DAGs
[2023-10-10T15:41:50.497+0000] {logging_mixin.py:151} INFO - [2023-10-10T15:41:50.496+0000] {dag.py:3696} INFO - Setting next_dagrun for example_dag_decorator to None, run_after=None
[2023-10-10T15:41:50.514+0000] {processor.py:179} INFO - Processing /home/airflow/.local/lib/python3.8/site-packages/airflow/example_dags/example_dag_decorator.py took 0.217 seconds
[2023-10-10T15:42:20.546+0000] {processor.py:157} INFO - Started process (PID=2101) to work on /home/airflow/.local/lib/python3.8/site-packages/airflow/example_dags/example_dag_decorator.py
[2023-10-10T15:42:20.547+0000] {processor.py:829} INFO - Processing file /home/airflow/.local/lib/python3.8/site-packages/airflow/example_dags/example_dag_decorator.py for tasks to queue
[2023-10-10T15:42:20.548+0000] {logging_mixin.py:151} INFO - [2023-10-10T15:42:20.548+0000] {dagbag.py:539} INFO - Filling up the DagBag from /home/airflow/.local/lib/python3.8/site-packages/airflow/example_dags/example_dag_decorator.py
[2023-10-10T15:42:20.613+0000] {processor.py:839} INFO - DAG(s) dict_keys(['example_dag_decorator']) retrieved from /home/airflow/.local/lib/python3.8/site-packages/airflow/example_dags/example_dag_decorator.py
[2023-10-10T15:42:20.732+0000] {logging_mixin.py:151} INFO - [2023-10-10T15:42:20.732+0000] {security.py:708} INFO - Not syncing DAG-level permissions for DAG 'DAG:example_dag_decorator' as access control is unset.
[2023-10-10T15:42:20.732+0000] {logging_mixin.py:151} INFO - [2023-10-10T15:42:20.732+0000] {dag.py:2915} INFO - Sync 1 DAGs
[2023-10-10T15:42:20.746+0000] {logging_mixin.py:151} INFO - [2023-10-10T15:42:20.746+0000] {dag.py:3696} INFO - Setting next_dagrun for example_dag_decorator to None, run_after=None
[2023-10-10T15:42:20.768+0000] {processor.py:179} INFO - Processing /home/airflow/.local/lib/python3.8/site-packages/airflow/example_dags/example_dag_decorator.py took 0.224 seconds
[2023-10-10T15:42:50.951+0000] {processor.py:157} INFO - Started process (PID=2156) to work on /home/airflow/.local/lib/python3.8/site-packages/airflow/example_dags/example_dag_decorator.py
[2023-10-10T15:42:50.952+0000] {processor.py:829} INFO - Processing file /home/airflow/.local/lib/python3.8/site-packages/airflow/example_dags/example_dag_decorator.py for tasks to queue
[2023-10-10T15:42:50.953+0000] {logging_mixin.py:151} INFO - [2023-10-10T15:42:50.953+0000] {dagbag.py:539} INFO - Filling up the DagBag from /home/airflow/.local/lib/python3.8/site-packages/airflow/example_dags/example_dag_decorator.py
[2023-10-10T15:42:51.031+0000] {processor.py:839} INFO - DAG(s) dict_keys(['example_dag_decorator']) retrieved from /home/airflow/.local/lib/python3.8/site-packages/airflow/example_dags/example_dag_decorator.py
[2023-10-10T15:42:51.139+0000] {logging_mixin.py:151} INFO - [2023-10-10T15:42:51.139+0000] {security.py:708} INFO - Not syncing DAG-level permissions for DAG 'DAG:example_dag_decorator' as access control is unset.
[2023-10-10T15:42:51.139+0000] {logging_mixin.py:151} INFO - [2023-10-10T15:42:51.139+0000] {dag.py:2915} INFO - Sync 1 DAGs
[2023-10-10T15:42:51.148+0000] {logging_mixin.py:151} INFO - [2023-10-10T15:42:51.148+0000] {dag.py:3696} INFO - Setting next_dagrun for example_dag_decorator to None, run_after=None
[2023-10-10T15:42:51.163+0000] {processor.py:179} INFO - Processing /home/airflow/.local/lib/python3.8/site-packages/airflow/example_dags/example_dag_decorator.py took 0.215 seconds
[2023-10-10T15:43:21.846+0000] {processor.py:157} INFO - Started process (PID=2209) to work on /home/airflow/.local/lib/python3.8/site-packages/airflow/example_dags/example_dag_decorator.py
[2023-10-10T15:43:21.847+0000] {processor.py:829} INFO - Processing file /home/airflow/.local/lib/python3.8/site-packages/airflow/example_dags/example_dag_decorator.py for tasks to queue
[2023-10-10T15:43:21.848+0000] {logging_mixin.py:151} INFO - [2023-10-10T15:43:21.848+0000] {dagbag.py:539} INFO - Filling up the DagBag from /home/airflow/.local/lib/python3.8/site-packages/airflow/example_dags/example_dag_decorator.py
[2023-10-10T15:43:21.915+0000] {processor.py:839} INFO - DAG(s) dict_keys(['example_dag_decorator']) retrieved from /home/airflow/.local/lib/python3.8/site-packages/airflow/example_dags/example_dag_decorator.py
[2023-10-10T15:43:22.020+0000] {logging_mixin.py:151} INFO - [2023-10-10T15:43:22.019+0000] {security.py:708} INFO - Not syncing DAG-level permissions for DAG 'DAG:example_dag_decorator' as access control is unset.
[2023-10-10T15:43:22.020+0000] {logging_mixin.py:151} INFO - [2023-10-10T15:43:22.020+0000] {dag.py:2915} INFO - Sync 1 DAGs
[2023-10-10T15:43:22.031+0000] {logging_mixin.py:151} INFO - [2023-10-10T15:43:22.031+0000] {dag.py:3696} INFO - Setting next_dagrun for example_dag_decorator to None, run_after=None
[2023-10-10T15:43:22.052+0000] {processor.py:179} INFO - Processing /home/airflow/.local/lib/python3.8/site-packages/airflow/example_dags/example_dag_decorator.py took 0.208 seconds
[2023-10-10T15:43:52.117+0000] {processor.py:157} INFO - Started process (PID=2264) to work on /home/airflow/.local/lib/python3.8/site-packages/airflow/example_dags/example_dag_decorator.py
[2023-10-10T15:43:52.118+0000] {processor.py:829} INFO - Processing file /home/airflow/.local/lib/python3.8/site-packages/airflow/example_dags/example_dag_decorator.py for tasks to queue
[2023-10-10T15:43:52.119+0000] {logging_mixin.py:151} INFO - [2023-10-10T15:43:52.119+0000] {dagbag.py:539} INFO - Filling up the DagBag from /home/airflow/.local/lib/python3.8/site-packages/airflow/example_dags/example_dag_decorator.py
[2023-10-10T15:43:52.183+0000] {processor.py:839} INFO - DAG(s) dict_keys(['example_dag_decorator']) retrieved from /home/airflow/.local/lib/python3.8/site-packages/airflow/example_dags/example_dag_decorator.py
[2023-10-10T15:43:52.289+0000] {logging_mixin.py:151} INFO - [2023-10-10T15:43:52.289+0000] {security.py:708} INFO - Not syncing DAG-level permissions for DAG 'DAG:example_dag_decorator' as access control is unset.
[2023-10-10T15:43:52.289+0000] {logging_mixin.py:151} INFO - [2023-10-10T15:43:52.289+0000] {dag.py:2915} INFO - Sync 1 DAGs
[2023-10-10T15:43:52.301+0000] {logging_mixin.py:151} INFO - [2023-10-10T15:43:52.300+0000] {dag.py:3696} INFO - Setting next_dagrun for example_dag_decorator to None, run_after=None
[2023-10-10T15:43:52.317+0000] {processor.py:179} INFO - Processing /home/airflow/.local/lib/python3.8/site-packages/airflow/example_dags/example_dag_decorator.py took 0.203 seconds
[2023-10-10T15:44:22.726+0000] {processor.py:157} INFO - Started process (PID=2317) to work on /home/airflow/.local/lib/python3.8/site-packages/airflow/example_dags/example_dag_decorator.py
[2023-10-10T15:44:22.727+0000] {processor.py:829} INFO - Processing file /home/airflow/.local/lib/python3.8/site-packages/airflow/example_dags/example_dag_decorator.py for tasks to queue
[2023-10-10T15:44:22.729+0000] {logging_mixin.py:151} INFO - [2023-10-10T15:44:22.729+0000] {dagbag.py:539} INFO - Filling up the DagBag from /home/airflow/.local/lib/python3.8/site-packages/airflow/example_dags/example_dag_decorator.py
[2023-10-10T15:44:22.794+0000] {processor.py:839} INFO - DAG(s) dict_keys(['example_dag_decorator']) retrieved from /home/airflow/.local/lib/python3.8/site-packages/airflow/example_dags/example_dag_decorator.py
[2023-10-10T15:44:22.895+0000] {logging_mixin.py:151} INFO - [2023-10-10T15:44:22.894+0000] {security.py:708} INFO - Not syncing DAG-level permissions for DAG 'DAG:example_dag_decorator' as access control is unset.
[2023-10-10T15:44:22.895+0000] {logging_mixin.py:151} INFO - [2023-10-10T15:44:22.895+0000] {dag.py:2915} INFO - Sync 1 DAGs
[2023-10-10T15:44:22.908+0000] {logging_mixin.py:151} INFO - [2023-10-10T15:44:22.908+0000] {dag.py:3696} INFO - Setting next_dagrun for example_dag_decorator to None, run_after=None
[2023-10-10T15:44:22.925+0000] {processor.py:179} INFO - Processing /home/airflow/.local/lib/python3.8/site-packages/airflow/example_dags/example_dag_decorator.py took 0.202 seconds
[2023-10-10T15:44:53.368+0000] {processor.py:157} INFO - Started process (PID=2371) to work on /home/airflow/.local/lib/python3.8/site-packages/airflow/example_dags/example_dag_decorator.py
[2023-10-10T15:44:53.369+0000] {processor.py:829} INFO - Processing file /home/airflow/.local/lib/python3.8/site-packages/airflow/example_dags/example_dag_decorator.py for tasks to queue
[2023-10-10T15:44:53.371+0000] {logging_mixin.py:151} INFO - [2023-10-10T15:44:53.370+0000] {dagbag.py:539} INFO - Filling up the DagBag from /home/airflow/.local/lib/python3.8/site-packages/airflow/example_dags/example_dag_decorator.py
[2023-10-10T15:44:53.446+0000] {processor.py:839} INFO - DAG(s) dict_keys(['example_dag_decorator']) retrieved from /home/airflow/.local/lib/python3.8/site-packages/airflow/example_dags/example_dag_decorator.py
[2023-10-10T15:44:53.470+0000] {logging_mixin.py:151} INFO - [2023-10-10T15:44:53.470+0000] {dag.py:2915} INFO - Sync 1 DAGs
[2023-10-10T15:44:53.491+0000] {logging_mixin.py:151} INFO - [2023-10-10T15:44:53.491+0000] {dag.py:3696} INFO - Setting next_dagrun for example_dag_decorator to None, run_after=None
[2023-10-10T15:44:53.511+0000] {processor.py:179} INFO - Processing /home/airflow/.local/lib/python3.8/site-packages/airflow/example_dags/example_dag_decorator.py took 0.145 seconds
[2023-10-10T15:45:23.805+0000] {processor.py:157} INFO - Started process (PID=2425) to work on /home/airflow/.local/lib/python3.8/site-packages/airflow/example_dags/example_dag_decorator.py
[2023-10-10T15:45:23.806+0000] {processor.py:829} INFO - Processing file /home/airflow/.local/lib/python3.8/site-packages/airflow/example_dags/example_dag_decorator.py for tasks to queue
[2023-10-10T15:45:23.808+0000] {logging_mixin.py:151} INFO - [2023-10-10T15:45:23.808+0000] {dagbag.py:539} INFO - Filling up the DagBag from /home/airflow/.local/lib/python3.8/site-packages/airflow/example_dags/example_dag_decorator.py
[2023-10-10T15:45:23.897+0000] {processor.py:839} INFO - DAG(s) dict_keys(['example_dag_decorator']) retrieved from /home/airflow/.local/lib/python3.8/site-packages/airflow/example_dags/example_dag_decorator.py
[2023-10-10T15:45:23.923+0000] {logging_mixin.py:151} INFO - [2023-10-10T15:45:23.923+0000] {dag.py:2915} INFO - Sync 1 DAGs
[2023-10-10T15:45:23.937+0000] {logging_mixin.py:151} INFO - [2023-10-10T15:45:23.937+0000] {dag.py:3696} INFO - Setting next_dagrun for example_dag_decorator to None, run_after=None
[2023-10-10T15:45:23.955+0000] {processor.py:179} INFO - Processing /home/airflow/.local/lib/python3.8/site-packages/airflow/example_dags/example_dag_decorator.py took 0.154 seconds
[2023-10-10T15:45:54.902+0000] {processor.py:157} INFO - Started process (PID=2479) to work on /home/airflow/.local/lib/python3.8/site-packages/airflow/example_dags/example_dag_decorator.py
[2023-10-10T15:45:54.903+0000] {processor.py:829} INFO - Processing file /home/airflow/.local/lib/python3.8/site-packages/airflow/example_dags/example_dag_decorator.py for tasks to queue
[2023-10-10T15:45:54.905+0000] {logging_mixin.py:151} INFO - [2023-10-10T15:45:54.905+0000] {dagbag.py:539} INFO - Filling up the DagBag from /home/airflow/.local/lib/python3.8/site-packages/airflow/example_dags/example_dag_decorator.py
[2023-10-10T15:45:54.971+0000] {processor.py:839} INFO - DAG(s) dict_keys(['example_dag_decorator']) retrieved from /home/airflow/.local/lib/python3.8/site-packages/airflow/example_dags/example_dag_decorator.py
[2023-10-10T15:45:55.064+0000] {logging_mixin.py:151} INFO - [2023-10-10T15:45:55.064+0000] {security.py:708} INFO - Not syncing DAG-level permissions for DAG 'DAG:example_dag_decorator' as access control is unset.
[2023-10-10T15:45:55.065+0000] {logging_mixin.py:151} INFO - [2023-10-10T15:45:55.065+0000] {dag.py:2915} INFO - Sync 1 DAGs
[2023-10-10T15:45:55.075+0000] {logging_mixin.py:151} INFO - [2023-10-10T15:45:55.075+0000] {dag.py:3696} INFO - Setting next_dagrun for example_dag_decorator to None, run_after=None
[2023-10-10T15:45:55.099+0000] {processor.py:179} INFO - Processing /home/airflow/.local/lib/python3.8/site-packages/airflow/example_dags/example_dag_decorator.py took 0.199 seconds
[2023-10-10T15:46:25.157+0000] {processor.py:157} INFO - Started process (PID=2534) to work on /home/airflow/.local/lib/python3.8/site-packages/airflow/example_dags/example_dag_decorator.py
[2023-10-10T15:46:25.158+0000] {processor.py:829} INFO - Processing file /home/airflow/.local/lib/python3.8/site-packages/airflow/example_dags/example_dag_decorator.py for tasks to queue
[2023-10-10T15:46:25.160+0000] {logging_mixin.py:151} INFO - [2023-10-10T15:46:25.160+0000] {dagbag.py:539} INFO - Filling up the DagBag from /home/airflow/.local/lib/python3.8/site-packages/airflow/example_dags/example_dag_decorator.py
[2023-10-10T15:46:25.220+0000] {processor.py:839} INFO - DAG(s) dict_keys(['example_dag_decorator']) retrieved from /home/airflow/.local/lib/python3.8/site-packages/airflow/example_dags/example_dag_decorator.py
[2023-10-10T15:46:25.320+0000] {logging_mixin.py:151} INFO - [2023-10-10T15:46:25.320+0000] {security.py:708} INFO - Not syncing DAG-level permissions for DAG 'DAG:example_dag_decorator' as access control is unset.
[2023-10-10T15:46:25.321+0000] {logging_mixin.py:151} INFO - [2023-10-10T15:46:25.321+0000] {dag.py:2915} INFO - Sync 1 DAGs
[2023-10-10T15:46:25.330+0000] {logging_mixin.py:151} INFO - [2023-10-10T15:46:25.330+0000] {dag.py:3696} INFO - Setting next_dagrun for example_dag_decorator to None, run_after=None
[2023-10-10T15:46:25.346+0000] {processor.py:179} INFO - Processing /home/airflow/.local/lib/python3.8/site-packages/airflow/example_dags/example_dag_decorator.py took 0.191 seconds
[2023-10-10T15:46:55.587+0000] {processor.py:157} INFO - Started process (PID=2587) to work on /home/airflow/.local/lib/python3.8/site-packages/airflow/example_dags/example_dag_decorator.py
[2023-10-10T15:46:55.588+0000] {processor.py:829} INFO - Processing file /home/airflow/.local/lib/python3.8/site-packages/airflow/example_dags/example_dag_decorator.py for tasks to queue
[2023-10-10T15:46:55.590+0000] {logging_mixin.py:151} INFO - [2023-10-10T15:46:55.589+0000] {dagbag.py:539} INFO - Filling up the DagBag from /home/airflow/.local/lib/python3.8/site-packages/airflow/example_dags/example_dag_decorator.py
[2023-10-10T15:46:55.650+0000] {processor.py:839} INFO - DAG(s) dict_keys(['example_dag_decorator']) retrieved from /home/airflow/.local/lib/python3.8/site-packages/airflow/example_dags/example_dag_decorator.py
[2023-10-10T15:46:55.735+0000] {logging_mixin.py:151} INFO - [2023-10-10T15:46:55.735+0000] {security.py:708} INFO - Not syncing DAG-level permissions for DAG 'DAG:example_dag_decorator' as access control is unset.
[2023-10-10T15:46:55.735+0000] {logging_mixin.py:151} INFO - [2023-10-10T15:46:55.735+0000] {dag.py:2915} INFO - Sync 1 DAGs
[2023-10-10T15:46:55.745+0000] {logging_mixin.py:151} INFO - [2023-10-10T15:46:55.745+0000] {dag.py:3696} INFO - Setting next_dagrun for example_dag_decorator to None, run_after=None
[2023-10-10T15:46:55.761+0000] {processor.py:179} INFO - Processing /home/airflow/.local/lib/python3.8/site-packages/airflow/example_dags/example_dag_decorator.py took 0.176 seconds
[2023-10-10T15:47:26.263+0000] {processor.py:157} INFO - Started process (PID=2641) to work on /home/airflow/.local/lib/python3.8/site-packages/airflow/example_dags/example_dag_decorator.py
[2023-10-10T15:47:26.264+0000] {processor.py:829} INFO - Processing file /home/airflow/.local/lib/python3.8/site-packages/airflow/example_dags/example_dag_decorator.py for tasks to queue
[2023-10-10T15:47:26.265+0000] {logging_mixin.py:151} INFO - [2023-10-10T15:47:26.265+0000] {dagbag.py:539} INFO - Filling up the DagBag from /home/airflow/.local/lib/python3.8/site-packages/airflow/example_dags/example_dag_decorator.py
[2023-10-10T15:47:26.327+0000] {processor.py:839} INFO - DAG(s) dict_keys(['example_dag_decorator']) retrieved from /home/airflow/.local/lib/python3.8/site-packages/airflow/example_dags/example_dag_decorator.py
[2023-10-10T15:47:26.413+0000] {logging_mixin.py:151} INFO - [2023-10-10T15:47:26.412+0000] {security.py:708} INFO - Not syncing DAG-level permissions for DAG 'DAG:example_dag_decorator' as access control is unset.
[2023-10-10T15:47:26.413+0000] {logging_mixin.py:151} INFO - [2023-10-10T15:47:26.413+0000] {dag.py:2915} INFO - Sync 1 DAGs
[2023-10-10T15:47:26.422+0000] {logging_mixin.py:151} INFO - [2023-10-10T15:47:26.422+0000] {dag.py:3696} INFO - Setting next_dagrun for example_dag_decorator to None, run_after=None
[2023-10-10T15:47:26.439+0000] {processor.py:179} INFO - Processing /home/airflow/.local/lib/python3.8/site-packages/airflow/example_dags/example_dag_decorator.py took 0.178 seconds
[2023-10-10T15:47:56.654+0000] {processor.py:157} INFO - Started process (PID=2702) to work on /home/airflow/.local/lib/python3.8/site-packages/airflow/example_dags/example_dag_decorator.py
[2023-10-10T15:47:56.655+0000] {processor.py:829} INFO - Processing file /home/airflow/.local/lib/python3.8/site-packages/airflow/example_dags/example_dag_decorator.py for tasks to queue
[2023-10-10T15:47:56.657+0000] {logging_mixin.py:151} INFO - [2023-10-10T15:47:56.656+0000] {dagbag.py:539} INFO - Filling up the DagBag from /home/airflow/.local/lib/python3.8/site-packages/airflow/example_dags/example_dag_decorator.py
[2023-10-10T15:47:56.732+0000] {processor.py:839} INFO - DAG(s) dict_keys(['example_dag_decorator']) retrieved from /home/airflow/.local/lib/python3.8/site-packages/airflow/example_dags/example_dag_decorator.py
[2023-10-10T15:47:56.751+0000] {logging_mixin.py:151} INFO - [2023-10-10T15:47:56.751+0000] {dag.py:2915} INFO - Sync 1 DAGs
[2023-10-10T15:47:56.761+0000] {logging_mixin.py:151} INFO - [2023-10-10T15:47:56.761+0000] {dag.py:3696} INFO - Setting next_dagrun for example_dag_decorator to None, run_after=None
[2023-10-10T15:47:56.774+0000] {processor.py:179} INFO - Processing /home/airflow/.local/lib/python3.8/site-packages/airflow/example_dags/example_dag_decorator.py took 0.123 seconds
[2023-10-10T15:48:27.161+0000] {processor.py:157} INFO - Started process (PID=2756) to work on /home/airflow/.local/lib/python3.8/site-packages/airflow/example_dags/example_dag_decorator.py
[2023-10-10T15:48:27.162+0000] {processor.py:829} INFO - Processing file /home/airflow/.local/lib/python3.8/site-packages/airflow/example_dags/example_dag_decorator.py for tasks to queue
[2023-10-10T15:48:27.164+0000] {logging_mixin.py:151} INFO - [2023-10-10T15:48:27.164+0000] {dagbag.py:539} INFO - Filling up the DagBag from /home/airflow/.local/lib/python3.8/site-packages/airflow/example_dags/example_dag_decorator.py
[2023-10-10T15:48:27.226+0000] {processor.py:839} INFO - DAG(s) dict_keys(['example_dag_decorator']) retrieved from /home/airflow/.local/lib/python3.8/site-packages/airflow/example_dags/example_dag_decorator.py
[2023-10-10T15:48:27.314+0000] {logging_mixin.py:151} INFO - [2023-10-10T15:48:27.314+0000] {security.py:708} INFO - Not syncing DAG-level permissions for DAG 'DAG:example_dag_decorator' as access control is unset.
[2023-10-10T15:48:27.314+0000] {logging_mixin.py:151} INFO - [2023-10-10T15:48:27.314+0000] {dag.py:2915} INFO - Sync 1 DAGs
[2023-10-10T15:48:27.323+0000] {logging_mixin.py:151} INFO - [2023-10-10T15:48:27.323+0000] {dag.py:3696} INFO - Setting next_dagrun for example_dag_decorator to None, run_after=None
[2023-10-10T15:48:27.339+0000] {processor.py:179} INFO - Processing /home/airflow/.local/lib/python3.8/site-packages/airflow/example_dags/example_dag_decorator.py took 0.180 seconds
[2023-10-10T15:48:57.699+0000] {processor.py:157} INFO - Started process (PID=2810) to work on /home/airflow/.local/lib/python3.8/site-packages/airflow/example_dags/example_dag_decorator.py
[2023-10-10T15:48:57.699+0000] {processor.py:829} INFO - Processing file /home/airflow/.local/lib/python3.8/site-packages/airflow/example_dags/example_dag_decorator.py for tasks to queue
[2023-10-10T15:48:57.701+0000] {logging_mixin.py:151} INFO - [2023-10-10T15:48:57.701+0000] {dagbag.py:539} INFO - Filling up the DagBag from /home/airflow/.local/lib/python3.8/site-packages/airflow/example_dags/example_dag_decorator.py
[2023-10-10T15:48:57.761+0000] {processor.py:839} INFO - DAG(s) dict_keys(['example_dag_decorator']) retrieved from /home/airflow/.local/lib/python3.8/site-packages/airflow/example_dags/example_dag_decorator.py
[2023-10-10T15:48:57.849+0000] {logging_mixin.py:151} INFO - [2023-10-10T15:48:57.849+0000] {security.py:708} INFO - Not syncing DAG-level permissions for DAG 'DAG:example_dag_decorator' as access control is unset.
[2023-10-10T15:48:57.849+0000] {logging_mixin.py:151} INFO - [2023-10-10T15:48:57.849+0000] {dag.py:2915} INFO - Sync 1 DAGs
[2023-10-10T15:48:57.858+0000] {logging_mixin.py:151} INFO - [2023-10-10T15:48:57.858+0000] {dag.py:3696} INFO - Setting next_dagrun for example_dag_decorator to None, run_after=None
[2023-10-10T15:48:57.873+0000] {processor.py:179} INFO - Processing /home/airflow/.local/lib/python3.8/site-packages/airflow/example_dags/example_dag_decorator.py took 0.176 seconds
[2023-10-10T15:49:28.173+0000] {processor.py:157} INFO - Started process (PID=2864) to work on /home/airflow/.local/lib/python3.8/site-packages/airflow/example_dags/example_dag_decorator.py
[2023-10-10T15:49:28.174+0000] {processor.py:829} INFO - Processing file /home/airflow/.local/lib/python3.8/site-packages/airflow/example_dags/example_dag_decorator.py for tasks to queue
[2023-10-10T15:49:28.177+0000] {logging_mixin.py:151} INFO - [2023-10-10T15:49:28.176+0000] {dagbag.py:539} INFO - Filling up the DagBag from /home/airflow/.local/lib/python3.8/site-packages/airflow/example_dags/example_dag_decorator.py
[2023-10-10T15:49:28.250+0000] {processor.py:839} INFO - DAG(s) dict_keys(['example_dag_decorator']) retrieved from /home/airflow/.local/lib/python3.8/site-packages/airflow/example_dags/example_dag_decorator.py
[2023-10-10T15:49:28.429+0000] {logging_mixin.py:151} INFO - [2023-10-10T15:49:28.428+0000] {security.py:708} INFO - Not syncing DAG-level permissions for DAG 'DAG:example_dag_decorator' as access control is unset.
[2023-10-10T15:49:28.429+0000] {logging_mixin.py:151} INFO - [2023-10-10T15:49:28.429+0000] {dag.py:2915} INFO - Sync 1 DAGs
[2023-10-10T15:49:28.489+0000] {logging_mixin.py:151} INFO - [2023-10-10T15:49:28.489+0000] {dag.py:3696} INFO - Setting next_dagrun for example_dag_decorator to None, run_after=None
[2023-10-10T15:49:28.526+0000] {processor.py:179} INFO - Processing /home/airflow/.local/lib/python3.8/site-packages/airflow/example_dags/example_dag_decorator.py took 0.357 seconds
[2023-10-10T15:49:58.886+0000] {processor.py:157} INFO - Started process (PID=2918) to work on /home/airflow/.local/lib/python3.8/site-packages/airflow/example_dags/example_dag_decorator.py
[2023-10-10T15:49:58.887+0000] {processor.py:829} INFO - Processing file /home/airflow/.local/lib/python3.8/site-packages/airflow/example_dags/example_dag_decorator.py for tasks to queue
[2023-10-10T15:49:58.889+0000] {logging_mixin.py:151} INFO - [2023-10-10T15:49:58.888+0000] {dagbag.py:539} INFO - Filling up the DagBag from /home/airflow/.local/lib/python3.8/site-packages/airflow/example_dags/example_dag_decorator.py
[2023-10-10T15:49:58.953+0000] {processor.py:839} INFO - DAG(s) dict_keys(['example_dag_decorator']) retrieved from /home/airflow/.local/lib/python3.8/site-packages/airflow/example_dags/example_dag_decorator.py
[2023-10-10T15:49:59.079+0000] {logging_mixin.py:151} INFO - [2023-10-10T15:49:59.079+0000] {security.py:708} INFO - Not syncing DAG-level permissions for DAG 'DAG:example_dag_decorator' as access control is unset.
[2023-10-10T15:49:59.079+0000] {logging_mixin.py:151} INFO - [2023-10-10T15:49:59.079+0000] {dag.py:2915} INFO - Sync 1 DAGs
[2023-10-10T15:49:59.091+0000] {logging_mixin.py:151} INFO - [2023-10-10T15:49:59.091+0000] {dag.py:3696} INFO - Setting next_dagrun for example_dag_decorator to None, run_after=None
[2023-10-10T15:49:59.113+0000] {processor.py:179} INFO - Processing /home/airflow/.local/lib/python3.8/site-packages/airflow/example_dags/example_dag_decorator.py took 0.230 seconds
[2023-10-10T15:50:29.858+0000] {processor.py:157} INFO - Started process (PID=2972) to work on /home/airflow/.local/lib/python3.8/site-packages/airflow/example_dags/example_dag_decorator.py
[2023-10-10T15:50:29.859+0000] {processor.py:829} INFO - Processing file /home/airflow/.local/lib/python3.8/site-packages/airflow/example_dags/example_dag_decorator.py for tasks to queue
[2023-10-10T15:50:29.861+0000] {logging_mixin.py:151} INFO - [2023-10-10T15:50:29.861+0000] {dagbag.py:539} INFO - Filling up the DagBag from /home/airflow/.local/lib/python3.8/site-packages/airflow/example_dags/example_dag_decorator.py
[2023-10-10T15:50:29.934+0000] {processor.py:839} INFO - DAG(s) dict_keys(['example_dag_decorator']) retrieved from /home/airflow/.local/lib/python3.8/site-packages/airflow/example_dags/example_dag_decorator.py
[2023-10-10T15:50:30.039+0000] {logging_mixin.py:151} INFO - [2023-10-10T15:50:30.039+0000] {security.py:708} INFO - Not syncing DAG-level permissions for DAG 'DAG:example_dag_decorator' as access control is unset.
[2023-10-10T15:50:30.040+0000] {logging_mixin.py:151} INFO - [2023-10-10T15:50:30.040+0000] {dag.py:2915} INFO - Sync 1 DAGs
[2023-10-10T15:50:30.049+0000] {logging_mixin.py:151} INFO - [2023-10-10T15:50:30.049+0000] {dag.py:3696} INFO - Setting next_dagrun for example_dag_decorator to None, run_after=None
[2023-10-10T15:50:30.066+0000] {processor.py:179} INFO - Processing /home/airflow/.local/lib/python3.8/site-packages/airflow/example_dags/example_dag_decorator.py took 0.211 seconds
[2023-10-10T15:51:00.185+0000] {processor.py:157} INFO - Started process (PID=3027) to work on /home/airflow/.local/lib/python3.8/site-packages/airflow/example_dags/example_dag_decorator.py
[2023-10-10T15:51:00.186+0000] {processor.py:829} INFO - Processing file /home/airflow/.local/lib/python3.8/site-packages/airflow/example_dags/example_dag_decorator.py for tasks to queue
[2023-10-10T15:51:00.188+0000] {logging_mixin.py:151} INFO - [2023-10-10T15:51:00.188+0000] {dagbag.py:539} INFO - Filling up the DagBag from /home/airflow/.local/lib/python3.8/site-packages/airflow/example_dags/example_dag_decorator.py
[2023-10-10T15:51:00.252+0000] {processor.py:839} INFO - DAG(s) dict_keys(['example_dag_decorator']) retrieved from /home/airflow/.local/lib/python3.8/site-packages/airflow/example_dags/example_dag_decorator.py
[2023-10-10T15:51:00.343+0000] {logging_mixin.py:151} INFO - [2023-10-10T15:51:00.343+0000] {security.py:708} INFO - Not syncing DAG-level permissions for DAG 'DAG:example_dag_decorator' as access control is unset.
[2023-10-10T15:51:00.343+0000] {logging_mixin.py:151} INFO - [2023-10-10T15:51:00.343+0000] {dag.py:2915} INFO - Sync 1 DAGs
[2023-10-10T15:51:00.353+0000] {logging_mixin.py:151} INFO - [2023-10-10T15:51:00.353+0000] {dag.py:3696} INFO - Setting next_dagrun for example_dag_decorator to None, run_after=None
[2023-10-10T15:51:00.367+0000] {processor.py:179} INFO - Processing /home/airflow/.local/lib/python3.8/site-packages/airflow/example_dags/example_dag_decorator.py took 0.184 seconds
[2023-10-10T15:51:30.420+0000] {processor.py:157} INFO - Started process (PID=3082) to work on /home/airflow/.local/lib/python3.8/site-packages/airflow/example_dags/example_dag_decorator.py
[2023-10-10T15:51:30.421+0000] {processor.py:829} INFO - Processing file /home/airflow/.local/lib/python3.8/site-packages/airflow/example_dags/example_dag_decorator.py for tasks to queue
[2023-10-10T15:51:30.423+0000] {logging_mixin.py:151} INFO - [2023-10-10T15:51:30.422+0000] {dagbag.py:539} INFO - Filling up the DagBag from /home/airflow/.local/lib/python3.8/site-packages/airflow/example_dags/example_dag_decorator.py
[2023-10-10T15:51:30.489+0000] {processor.py:839} INFO - DAG(s) dict_keys(['example_dag_decorator']) retrieved from /home/airflow/.local/lib/python3.8/site-packages/airflow/example_dags/example_dag_decorator.py
[2023-10-10T15:51:30.607+0000] {logging_mixin.py:151} INFO - [2023-10-10T15:51:30.607+0000] {security.py:708} INFO - Not syncing DAG-level permissions for DAG 'DAG:example_dag_decorator' as access control is unset.
[2023-10-10T15:51:30.608+0000] {logging_mixin.py:151} INFO - [2023-10-10T15:51:30.607+0000] {dag.py:2915} INFO - Sync 1 DAGs
[2023-10-10T15:51:30.621+0000] {logging_mixin.py:151} INFO - [2023-10-10T15:51:30.621+0000] {dag.py:3696} INFO - Setting next_dagrun for example_dag_decorator to None, run_after=None
[2023-10-10T15:51:30.639+0000] {processor.py:179} INFO - Processing /home/airflow/.local/lib/python3.8/site-packages/airflow/example_dags/example_dag_decorator.py took 0.221 seconds
[2023-10-10T15:52:00.804+0000] {processor.py:157} INFO - Started process (PID=3134) to work on /home/airflow/.local/lib/python3.8/site-packages/airflow/example_dags/example_dag_decorator.py
[2023-10-10T15:52:00.805+0000] {processor.py:829} INFO - Processing file /home/airflow/.local/lib/python3.8/site-packages/airflow/example_dags/example_dag_decorator.py for tasks to queue
[2023-10-10T15:52:00.807+0000] {logging_mixin.py:151} INFO - [2023-10-10T15:52:00.806+0000] {dagbag.py:539} INFO - Filling up the DagBag from /home/airflow/.local/lib/python3.8/site-packages/airflow/example_dags/example_dag_decorator.py
[2023-10-10T15:52:00.884+0000] {processor.py:839} INFO - DAG(s) dict_keys(['example_dag_decorator']) retrieved from /home/airflow/.local/lib/python3.8/site-packages/airflow/example_dags/example_dag_decorator.py
[2023-10-10T15:52:00.998+0000] {logging_mixin.py:151} INFO - [2023-10-10T15:52:00.998+0000] {security.py:708} INFO - Not syncing DAG-level permissions for DAG 'DAG:example_dag_decorator' as access control is unset.
[2023-10-10T15:52:00.999+0000] {logging_mixin.py:151} INFO - [2023-10-10T15:52:00.999+0000] {dag.py:2915} INFO - Sync 1 DAGs
[2023-10-10T15:52:01.011+0000] {logging_mixin.py:151} INFO - [2023-10-10T15:52:01.011+0000] {dag.py:3696} INFO - Setting next_dagrun for example_dag_decorator to None, run_after=None
[2023-10-10T15:52:01.036+0000] {processor.py:179} INFO - Processing /home/airflow/.local/lib/python3.8/site-packages/airflow/example_dags/example_dag_decorator.py took 0.235 seconds
[2023-10-10T15:52:31.073+0000] {processor.py:157} INFO - Started process (PID=3188) to work on /home/airflow/.local/lib/python3.8/site-packages/airflow/example_dags/example_dag_decorator.py
[2023-10-10T15:52:31.074+0000] {processor.py:829} INFO - Processing file /home/airflow/.local/lib/python3.8/site-packages/airflow/example_dags/example_dag_decorator.py for tasks to queue
[2023-10-10T15:52:31.075+0000] {logging_mixin.py:151} INFO - [2023-10-10T15:52:31.075+0000] {dagbag.py:539} INFO - Filling up the DagBag from /home/airflow/.local/lib/python3.8/site-packages/airflow/example_dags/example_dag_decorator.py
[2023-10-10T15:52:31.137+0000] {processor.py:839} INFO - DAG(s) dict_keys(['example_dag_decorator']) retrieved from /home/airflow/.local/lib/python3.8/site-packages/airflow/example_dags/example_dag_decorator.py
[2023-10-10T15:52:31.242+0000] {logging_mixin.py:151} INFO - [2023-10-10T15:52:31.242+0000] {security.py:708} INFO - Not syncing DAG-level permissions for DAG 'DAG:example_dag_decorator' as access control is unset.
[2023-10-10T15:52:31.242+0000] {logging_mixin.py:151} INFO - [2023-10-10T15:52:31.242+0000] {dag.py:2915} INFO - Sync 1 DAGs
[2023-10-10T15:52:31.252+0000] {logging_mixin.py:151} INFO - [2023-10-10T15:52:31.252+0000] {dag.py:3696} INFO - Setting next_dagrun for example_dag_decorator to None, run_after=None
[2023-10-10T15:52:31.270+0000] {processor.py:179} INFO - Processing /home/airflow/.local/lib/python3.8/site-packages/airflow/example_dags/example_dag_decorator.py took 0.200 seconds
[2023-10-10T15:53:02.157+0000] {processor.py:157} INFO - Started process (PID=3242) to work on /home/airflow/.local/lib/python3.8/site-packages/airflow/example_dags/example_dag_decorator.py
[2023-10-10T15:53:02.158+0000] {processor.py:829} INFO - Processing file /home/airflow/.local/lib/python3.8/site-packages/airflow/example_dags/example_dag_decorator.py for tasks to queue
[2023-10-10T15:53:02.160+0000] {logging_mixin.py:151} INFO - [2023-10-10T15:53:02.159+0000] {dagbag.py:539} INFO - Filling up the DagBag from /home/airflow/.local/lib/python3.8/site-packages/airflow/example_dags/example_dag_decorator.py
[2023-10-10T15:53:02.236+0000] {processor.py:839} INFO - DAG(s) dict_keys(['example_dag_decorator']) retrieved from /home/airflow/.local/lib/python3.8/site-packages/airflow/example_dags/example_dag_decorator.py
[2023-10-10T15:53:02.368+0000] {logging_mixin.py:151} INFO - [2023-10-10T15:53:02.368+0000] {security.py:708} INFO - Not syncing DAG-level permissions for DAG 'DAG:example_dag_decorator' as access control is unset.
[2023-10-10T15:53:02.368+0000] {logging_mixin.py:151} INFO - [2023-10-10T15:53:02.368+0000] {dag.py:2915} INFO - Sync 1 DAGs
[2023-10-10T15:53:02.381+0000] {logging_mixin.py:151} INFO - [2023-10-10T15:53:02.381+0000] {dag.py:3696} INFO - Setting next_dagrun for example_dag_decorator to None, run_after=None
[2023-10-10T15:53:02.404+0000] {processor.py:179} INFO - Processing /home/airflow/.local/lib/python3.8/site-packages/airflow/example_dags/example_dag_decorator.py took 0.251 seconds
[2023-10-10T15:53:32.651+0000] {processor.py:157} INFO - Started process (PID=3296) to work on /home/airflow/.local/lib/python3.8/site-packages/airflow/example_dags/example_dag_decorator.py
[2023-10-10T15:53:32.652+0000] {processor.py:829} INFO - Processing file /home/airflow/.local/lib/python3.8/site-packages/airflow/example_dags/example_dag_decorator.py for tasks to queue
[2023-10-10T15:53:32.654+0000] {logging_mixin.py:151} INFO - [2023-10-10T15:53:32.654+0000] {dagbag.py:539} INFO - Filling up the DagBag from /home/airflow/.local/lib/python3.8/site-packages/airflow/example_dags/example_dag_decorator.py
[2023-10-10T15:53:32.742+0000] {processor.py:839} INFO - DAG(s) dict_keys(['example_dag_decorator']) retrieved from /home/airflow/.local/lib/python3.8/site-packages/airflow/example_dags/example_dag_decorator.py
[2023-10-10T15:53:32.861+0000] {logging_mixin.py:151} INFO - [2023-10-10T15:53:32.861+0000] {security.py:708} INFO - Not syncing DAG-level permissions for DAG 'DAG:example_dag_decorator' as access control is unset.
[2023-10-10T15:53:32.862+0000] {logging_mixin.py:151} INFO - [2023-10-10T15:53:32.862+0000] {dag.py:2915} INFO - Sync 1 DAGs
[2023-10-10T15:53:32.876+0000] {logging_mixin.py:151} INFO - [2023-10-10T15:53:32.876+0000] {dag.py:3696} INFO - Setting next_dagrun for example_dag_decorator to None, run_after=None
[2023-10-10T15:53:32.897+0000] {processor.py:179} INFO - Processing /home/airflow/.local/lib/python3.8/site-packages/airflow/example_dags/example_dag_decorator.py took 0.250 seconds
[2023-10-10T15:54:03.626+0000] {processor.py:157} INFO - Started process (PID=3352) to work on /home/airflow/.local/lib/python3.8/site-packages/airflow/example_dags/example_dag_decorator.py
[2023-10-10T15:54:03.627+0000] {processor.py:829} INFO - Processing file /home/airflow/.local/lib/python3.8/site-packages/airflow/example_dags/example_dag_decorator.py for tasks to queue
[2023-10-10T15:54:03.630+0000] {logging_mixin.py:151} INFO - [2023-10-10T15:54:03.629+0000] {dagbag.py:539} INFO - Filling up the DagBag from /home/airflow/.local/lib/python3.8/site-packages/airflow/example_dags/example_dag_decorator.py
[2023-10-10T15:54:03.725+0000] {processor.py:839} INFO - DAG(s) dict_keys(['example_dag_decorator']) retrieved from /home/airflow/.local/lib/python3.8/site-packages/airflow/example_dags/example_dag_decorator.py
[2023-10-10T15:54:03.757+0000] {logging_mixin.py:151} INFO - [2023-10-10T15:54:03.757+0000] {dag.py:2915} INFO - Sync 1 DAGs
[2023-10-10T15:54:03.773+0000] {logging_mixin.py:151} INFO - [2023-10-10T15:54:03.773+0000] {dag.py:3696} INFO - Setting next_dagrun for example_dag_decorator to None, run_after=None
[2023-10-10T15:54:03.794+0000] {processor.py:179} INFO - Processing /home/airflow/.local/lib/python3.8/site-packages/airflow/example_dags/example_dag_decorator.py took 0.172 seconds
[2023-10-10T15:54:34.299+0000] {processor.py:157} INFO - Started process (PID=3404) to work on /home/airflow/.local/lib/python3.8/site-packages/airflow/example_dags/example_dag_decorator.py
[2023-10-10T15:54:34.300+0000] {processor.py:829} INFO - Processing file /home/airflow/.local/lib/python3.8/site-packages/airflow/example_dags/example_dag_decorator.py for tasks to queue
[2023-10-10T15:54:34.302+0000] {logging_mixin.py:151} INFO - [2023-10-10T15:54:34.302+0000] {dagbag.py:539} INFO - Filling up the DagBag from /home/airflow/.local/lib/python3.8/site-packages/airflow/example_dags/example_dag_decorator.py
[2023-10-10T15:54:34.393+0000] {processor.py:839} INFO - DAG(s) dict_keys(['example_dag_decorator']) retrieved from /home/airflow/.local/lib/python3.8/site-packages/airflow/example_dags/example_dag_decorator.py
[2023-10-10T15:54:34.530+0000] {logging_mixin.py:151} INFO - [2023-10-10T15:54:34.530+0000] {security.py:708} INFO - Not syncing DAG-level permissions for DAG 'DAG:example_dag_decorator' as access control is unset.
[2023-10-10T15:54:34.531+0000] {logging_mixin.py:151} INFO - [2023-10-10T15:54:34.531+0000] {dag.py:2915} INFO - Sync 1 DAGs
[2023-10-10T15:54:34.545+0000] {logging_mixin.py:151} INFO - [2023-10-10T15:54:34.545+0000] {dag.py:3696} INFO - Setting next_dagrun for example_dag_decorator to None, run_after=None
[2023-10-10T15:54:34.569+0000] {processor.py:179} INFO - Processing /home/airflow/.local/lib/python3.8/site-packages/airflow/example_dags/example_dag_decorator.py took 0.274 seconds
[2023-10-10T15:55:04.791+0000] {processor.py:157} INFO - Started process (PID=3458) to work on /home/airflow/.local/lib/python3.8/site-packages/airflow/example_dags/example_dag_decorator.py
[2023-10-10T15:55:04.792+0000] {processor.py:829} INFO - Processing file /home/airflow/.local/lib/python3.8/site-packages/airflow/example_dags/example_dag_decorator.py for tasks to queue
[2023-10-10T15:55:04.793+0000] {logging_mixin.py:151} INFO - [2023-10-10T15:55:04.793+0000] {dagbag.py:539} INFO - Filling up the DagBag from /home/airflow/.local/lib/python3.8/site-packages/airflow/example_dags/example_dag_decorator.py
[2023-10-10T15:55:04.854+0000] {processor.py:839} INFO - DAG(s) dict_keys(['example_dag_decorator']) retrieved from /home/airflow/.local/lib/python3.8/site-packages/airflow/example_dags/example_dag_decorator.py
[2023-10-10T15:55:04.950+0000] {logging_mixin.py:151} INFO - [2023-10-10T15:55:04.950+0000] {security.py:708} INFO - Not syncing DAG-level permissions for DAG 'DAG:example_dag_decorator' as access control is unset.
[2023-10-10T15:55:04.951+0000] {logging_mixin.py:151} INFO - [2023-10-10T15:55:04.951+0000] {dag.py:2915} INFO - Sync 1 DAGs
[2023-10-10T15:55:04.962+0000] {logging_mixin.py:151} INFO - [2023-10-10T15:55:04.962+0000] {dag.py:3696} INFO - Setting next_dagrun for example_dag_decorator to None, run_after=None
[2023-10-10T15:55:04.985+0000] {processor.py:179} INFO - Processing /home/airflow/.local/lib/python3.8/site-packages/airflow/example_dags/example_dag_decorator.py took 0.197 seconds
[2023-10-10T15:55:35.043+0000] {processor.py:157} INFO - Started process (PID=3514) to work on /home/airflow/.local/lib/python3.8/site-packages/airflow/example_dags/example_dag_decorator.py
[2023-10-10T15:55:35.044+0000] {processor.py:829} INFO - Processing file /home/airflow/.local/lib/python3.8/site-packages/airflow/example_dags/example_dag_decorator.py for tasks to queue
[2023-10-10T15:55:35.045+0000] {logging_mixin.py:151} INFO - [2023-10-10T15:55:35.045+0000] {dagbag.py:539} INFO - Filling up the DagBag from /home/airflow/.local/lib/python3.8/site-packages/airflow/example_dags/example_dag_decorator.py
[2023-10-10T15:55:35.108+0000] {processor.py:839} INFO - DAG(s) dict_keys(['example_dag_decorator']) retrieved from /home/airflow/.local/lib/python3.8/site-packages/airflow/example_dags/example_dag_decorator.py
[2023-10-10T15:55:35.198+0000] {logging_mixin.py:151} INFO - [2023-10-10T15:55:35.198+0000] {security.py:708} INFO - Not syncing DAG-level permissions for DAG 'DAG:example_dag_decorator' as access control is unset.
[2023-10-10T15:55:35.199+0000] {logging_mixin.py:151} INFO - [2023-10-10T15:55:35.199+0000] {dag.py:2915} INFO - Sync 1 DAGs
[2023-10-10T15:55:35.208+0000] {logging_mixin.py:151} INFO - [2023-10-10T15:55:35.208+0000] {dag.py:3696} INFO - Setting next_dagrun for example_dag_decorator to None, run_after=None
[2023-10-10T15:55:35.226+0000] {processor.py:179} INFO - Processing /home/airflow/.local/lib/python3.8/site-packages/airflow/example_dags/example_dag_decorator.py took 0.185 seconds
[2023-10-10T15:56:06.776+0000] {processor.py:157} INFO - Started process (PID=3570) to work on /home/airflow/.local/lib/python3.8/site-packages/airflow/example_dags/example_dag_decorator.py
[2023-10-10T15:56:06.777+0000] {processor.py:829} INFO - Processing file /home/airflow/.local/lib/python3.8/site-packages/airflow/example_dags/example_dag_decorator.py for tasks to queue
[2023-10-10T15:56:06.778+0000] {logging_mixin.py:151} INFO - [2023-10-10T15:56:06.778+0000] {dagbag.py:539} INFO - Filling up the DagBag from /home/airflow/.local/lib/python3.8/site-packages/airflow/example_dags/example_dag_decorator.py
[2023-10-10T15:56:06.834+0000] {processor.py:839} INFO - DAG(s) dict_keys(['example_dag_decorator']) retrieved from /home/airflow/.local/lib/python3.8/site-packages/airflow/example_dags/example_dag_decorator.py
[2023-10-10T15:56:06.920+0000] {logging_mixin.py:151} INFO - [2023-10-10T15:56:06.919+0000] {security.py:708} INFO - Not syncing DAG-level permissions for DAG 'DAG:example_dag_decorator' as access control is unset.
[2023-10-10T15:56:06.920+0000] {logging_mixin.py:151} INFO - [2023-10-10T15:56:06.920+0000] {dag.py:2915} INFO - Sync 1 DAGs
[2023-10-10T15:56:06.928+0000] {logging_mixin.py:151} INFO - [2023-10-10T15:56:06.928+0000] {dag.py:3696} INFO - Setting next_dagrun for example_dag_decorator to None, run_after=None
[2023-10-10T15:56:06.943+0000] {processor.py:179} INFO - Processing /home/airflow/.local/lib/python3.8/site-packages/airflow/example_dags/example_dag_decorator.py took 0.170 seconds
[2023-10-10T15:56:37.682+0000] {processor.py:157} INFO - Started process (PID=3618) to work on /home/airflow/.local/lib/python3.8/site-packages/airflow/example_dags/example_dag_decorator.py
[2023-10-10T15:56:37.683+0000] {processor.py:829} INFO - Processing file /home/airflow/.local/lib/python3.8/site-packages/airflow/example_dags/example_dag_decorator.py for tasks to queue
[2023-10-10T15:56:37.685+0000] {logging_mixin.py:151} INFO - [2023-10-10T15:56:37.685+0000] {dagbag.py:539} INFO - Filling up the DagBag from /home/airflow/.local/lib/python3.8/site-packages/airflow/example_dags/example_dag_decorator.py
[2023-10-10T15:56:37.749+0000] {processor.py:839} INFO - DAG(s) dict_keys(['example_dag_decorator']) retrieved from /home/airflow/.local/lib/python3.8/site-packages/airflow/example_dags/example_dag_decorator.py
[2023-10-10T15:56:37.774+0000] {logging_mixin.py:151} INFO - [2023-10-10T15:56:37.773+0000] {dag.py:2915} INFO - Sync 1 DAGs
[2023-10-10T15:56:37.786+0000] {logging_mixin.py:151} INFO - [2023-10-10T15:56:37.786+0000] {dag.py:3696} INFO - Setting next_dagrun for example_dag_decorator to None, run_after=None
[2023-10-10T15:56:37.809+0000] {processor.py:179} INFO - Processing /home/airflow/.local/lib/python3.8/site-packages/airflow/example_dags/example_dag_decorator.py took 0.130 seconds
[2023-10-10T15:57:08.976+0000] {processor.py:157} INFO - Started process (PID=3669) to work on /home/airflow/.local/lib/python3.8/site-packages/airflow/example_dags/example_dag_decorator.py
[2023-10-10T15:57:08.981+0000] {processor.py:829} INFO - Processing file /home/airflow/.local/lib/python3.8/site-packages/airflow/example_dags/example_dag_decorator.py for tasks to queue
[2023-10-10T15:57:08.983+0000] {logging_mixin.py:151} INFO - [2023-10-10T15:57:08.983+0000] {dagbag.py:539} INFO - Filling up the DagBag from /home/airflow/.local/lib/python3.8/site-packages/airflow/example_dags/example_dag_decorator.py
[2023-10-10T15:57:09.117+0000] {processor.py:839} INFO - DAG(s) dict_keys(['example_dag_decorator']) retrieved from /home/airflow/.local/lib/python3.8/site-packages/airflow/example_dags/example_dag_decorator.py
[2023-10-10T15:57:09.418+0000] {logging_mixin.py:151} INFO - [2023-10-10T15:57:09.418+0000] {security.py:708} INFO - Not syncing DAG-level permissions for DAG 'DAG:example_dag_decorator' as access control is unset.
[2023-10-10T15:57:09.419+0000] {logging_mixin.py:151} INFO - [2023-10-10T15:57:09.419+0000] {dag.py:2915} INFO - Sync 1 DAGs
[2023-10-10T15:57:09.432+0000] {logging_mixin.py:151} INFO - [2023-10-10T15:57:09.432+0000] {dag.py:3696} INFO - Setting next_dagrun for example_dag_decorator to None, run_after=None
[2023-10-10T15:57:09.449+0000] {processor.py:179} INFO - Processing /home/airflow/.local/lib/python3.8/site-packages/airflow/example_dags/example_dag_decorator.py took 0.501 seconds
