[2023-10-10T15:24:04.997+0000] {processor.py:157} INFO - Started process (PID=157) to work on /home/airflow/.local/lib/python3.8/site-packages/airflow/example_dags/example_branch_python_dop_operator_3.py
[2023-10-10T15:24:04.997+0000] {processor.py:829} INFO - Processing file /home/airflow/.local/lib/python3.8/site-packages/airflow/example_dags/example_branch_python_dop_operator_3.py for tasks to queue
[2023-10-10T15:24:04.999+0000] {logging_mixin.py:151} INFO - [2023-10-10T15:24:04.999+0000] {dagbag.py:539} INFO - Filling up the DagBag from /home/airflow/.local/lib/python3.8/site-packages/airflow/example_dags/example_branch_python_dop_operator_3.py
[2023-10-10T15:24:05.011+0000] {processor.py:839} INFO - DAG(s) dict_keys(['example_branch_dop_operator_v3']) retrieved from /home/airflow/.local/lib/python3.8/site-packages/airflow/example_dags/example_branch_python_dop_operator_3.py
[2023-10-10T15:24:05.022+0000] {logging_mixin.py:151} INFO - [2023-10-10T15:24:05.021+0000] {dag.py:2915} INFO - Sync 1 DAGs
[2023-10-10T15:24:05.093+0000] {logging_mixin.py:151} INFO - [2023-10-10T15:24:05.093+0000] {dag.py:3696} INFO - Setting next_dagrun for example_branch_dop_operator_v3 to 2023-10-10T15:23:00+00:00, run_after=2023-10-10T15:24:00+00:00
[2023-10-10T15:24:05.186+0000] {processor.py:179} INFO - Processing /home/airflow/.local/lib/python3.8/site-packages/airflow/example_dags/example_branch_python_dop_operator_3.py took 0.192 seconds
[2023-10-10T15:24:35.335+0000] {processor.py:157} INFO - Started process (PID=211) to work on /home/airflow/.local/lib/python3.8/site-packages/airflow/example_dags/example_branch_python_dop_operator_3.py
[2023-10-10T15:24:35.336+0000] {processor.py:829} INFO - Processing file /home/airflow/.local/lib/python3.8/site-packages/airflow/example_dags/example_branch_python_dop_operator_3.py for tasks to queue
[2023-10-10T15:24:35.338+0000] {logging_mixin.py:151} INFO - [2023-10-10T15:24:35.338+0000] {dagbag.py:539} INFO - Filling up the DagBag from /home/airflow/.local/lib/python3.8/site-packages/airflow/example_dags/example_branch_python_dop_operator_3.py
[2023-10-10T15:24:35.346+0000] {processor.py:839} INFO - DAG(s) dict_keys(['example_branch_dop_operator_v3']) retrieved from /home/airflow/.local/lib/python3.8/site-packages/airflow/example_dags/example_branch_python_dop_operator_3.py
[2023-10-10T15:24:35.367+0000] {logging_mixin.py:151} INFO - [2023-10-10T15:24:35.366+0000] {dag.py:2915} INFO - Sync 1 DAGs
[2023-10-10T15:24:35.399+0000] {logging_mixin.py:151} INFO - [2023-10-10T15:24:35.398+0000] {dag.py:3696} INFO - Setting next_dagrun for example_branch_dop_operator_v3 to 2023-10-10T15:23:00+00:00, run_after=2023-10-10T15:24:00+00:00
[2023-10-10T15:24:35.415+0000] {processor.py:179} INFO - Processing /home/airflow/.local/lib/python3.8/site-packages/airflow/example_dags/example_branch_python_dop_operator_3.py took 0.082 seconds
[2023-10-10T15:25:05.605+0000] {processor.py:157} INFO - Started process (PID=265) to work on /home/airflow/.local/lib/python3.8/site-packages/airflow/example_dags/example_branch_python_dop_operator_3.py
[2023-10-10T15:25:05.607+0000] {processor.py:829} INFO - Processing file /home/airflow/.local/lib/python3.8/site-packages/airflow/example_dags/example_branch_python_dop_operator_3.py for tasks to queue
[2023-10-10T15:25:05.609+0000] {logging_mixin.py:151} INFO - [2023-10-10T15:25:05.609+0000] {dagbag.py:539} INFO - Filling up the DagBag from /home/airflow/.local/lib/python3.8/site-packages/airflow/example_dags/example_branch_python_dop_operator_3.py
[2023-10-10T15:25:05.617+0000] {processor.py:839} INFO - DAG(s) dict_keys(['example_branch_dop_operator_v3']) retrieved from /home/airflow/.local/lib/python3.8/site-packages/airflow/example_dags/example_branch_python_dop_operator_3.py
[2023-10-10T15:25:05.637+0000] {logging_mixin.py:151} INFO - [2023-10-10T15:25:05.637+0000] {dag.py:2915} INFO - Sync 1 DAGs
[2023-10-10T15:25:05.663+0000] {logging_mixin.py:151} INFO - [2023-10-10T15:25:05.662+0000] {dag.py:3696} INFO - Setting next_dagrun for example_branch_dop_operator_v3 to 2023-10-10T15:24:00+00:00, run_after=2023-10-10T15:25:00+00:00
[2023-10-10T15:25:05.682+0000] {processor.py:179} INFO - Processing /home/airflow/.local/lib/python3.8/site-packages/airflow/example_dags/example_branch_python_dop_operator_3.py took 0.080 seconds
[2023-10-10T15:25:35.747+0000] {processor.py:157} INFO - Started process (PID=319) to work on /home/airflow/.local/lib/python3.8/site-packages/airflow/example_dags/example_branch_python_dop_operator_3.py
[2023-10-10T15:25:35.748+0000] {processor.py:829} INFO - Processing file /home/airflow/.local/lib/python3.8/site-packages/airflow/example_dags/example_branch_python_dop_operator_3.py for tasks to queue
[2023-10-10T15:25:35.749+0000] {logging_mixin.py:151} INFO - [2023-10-10T15:25:35.749+0000] {dagbag.py:539} INFO - Filling up the DagBag from /home/airflow/.local/lib/python3.8/site-packages/airflow/example_dags/example_branch_python_dop_operator_3.py
[2023-10-10T15:25:35.757+0000] {processor.py:839} INFO - DAG(s) dict_keys(['example_branch_dop_operator_v3']) retrieved from /home/airflow/.local/lib/python3.8/site-packages/airflow/example_dags/example_branch_python_dop_operator_3.py
[2023-10-10T15:25:35.773+0000] {logging_mixin.py:151} INFO - [2023-10-10T15:25:35.773+0000] {dag.py:2915} INFO - Sync 1 DAGs
[2023-10-10T15:25:35.799+0000] {logging_mixin.py:151} INFO - [2023-10-10T15:25:35.799+0000] {dag.py:3696} INFO - Setting next_dagrun for example_branch_dop_operator_v3 to 2023-10-10T15:24:00+00:00, run_after=2023-10-10T15:25:00+00:00
[2023-10-10T15:25:35.818+0000] {processor.py:179} INFO - Processing /home/airflow/.local/lib/python3.8/site-packages/airflow/example_dags/example_branch_python_dop_operator_3.py took 0.074 seconds
[2023-10-10T15:26:06.325+0000] {processor.py:157} INFO - Started process (PID=373) to work on /home/airflow/.local/lib/python3.8/site-packages/airflow/example_dags/example_branch_python_dop_operator_3.py
[2023-10-10T15:26:06.326+0000] {processor.py:829} INFO - Processing file /home/airflow/.local/lib/python3.8/site-packages/airflow/example_dags/example_branch_python_dop_operator_3.py for tasks to queue
[2023-10-10T15:26:06.327+0000] {logging_mixin.py:151} INFO - [2023-10-10T15:26:06.327+0000] {dagbag.py:539} INFO - Filling up the DagBag from /home/airflow/.local/lib/python3.8/site-packages/airflow/example_dags/example_branch_python_dop_operator_3.py
[2023-10-10T15:26:06.335+0000] {processor.py:839} INFO - DAG(s) dict_keys(['example_branch_dop_operator_v3']) retrieved from /home/airflow/.local/lib/python3.8/site-packages/airflow/example_dags/example_branch_python_dop_operator_3.py
[2023-10-10T15:26:06.352+0000] {logging_mixin.py:151} INFO - [2023-10-10T15:26:06.352+0000] {dag.py:2915} INFO - Sync 1 DAGs
[2023-10-10T15:26:06.375+0000] {logging_mixin.py:151} INFO - [2023-10-10T15:26:06.375+0000] {dag.py:3696} INFO - Setting next_dagrun for example_branch_dop_operator_v3 to 2023-10-10T15:25:00+00:00, run_after=2023-10-10T15:26:00+00:00
[2023-10-10T15:26:06.395+0000] {processor.py:179} INFO - Processing /home/airflow/.local/lib/python3.8/site-packages/airflow/example_dags/example_branch_python_dop_operator_3.py took 0.073 seconds
[2023-10-10T15:26:36.900+0000] {processor.py:157} INFO - Started process (PID=427) to work on /home/airflow/.local/lib/python3.8/site-packages/airflow/example_dags/example_branch_python_dop_operator_3.py
[2023-10-10T15:26:36.901+0000] {processor.py:829} INFO - Processing file /home/airflow/.local/lib/python3.8/site-packages/airflow/example_dags/example_branch_python_dop_operator_3.py for tasks to queue
[2023-10-10T15:26:36.902+0000] {logging_mixin.py:151} INFO - [2023-10-10T15:26:36.902+0000] {dagbag.py:539} INFO - Filling up the DagBag from /home/airflow/.local/lib/python3.8/site-packages/airflow/example_dags/example_branch_python_dop_operator_3.py
[2023-10-10T15:26:36.910+0000] {processor.py:839} INFO - DAG(s) dict_keys(['example_branch_dop_operator_v3']) retrieved from /home/airflow/.local/lib/python3.8/site-packages/airflow/example_dags/example_branch_python_dop_operator_3.py
[2023-10-10T15:26:36.930+0000] {logging_mixin.py:151} INFO - [2023-10-10T15:26:36.930+0000] {dag.py:2915} INFO - Sync 1 DAGs
[2023-10-10T15:26:36.956+0000] {logging_mixin.py:151} INFO - [2023-10-10T15:26:36.955+0000] {dag.py:3696} INFO - Setting next_dagrun for example_branch_dop_operator_v3 to 2023-10-10T15:25:00+00:00, run_after=2023-10-10T15:26:00+00:00
[2023-10-10T15:26:36.971+0000] {processor.py:179} INFO - Processing /home/airflow/.local/lib/python3.8/site-packages/airflow/example_dags/example_branch_python_dop_operator_3.py took 0.073 seconds
[2023-10-10T15:27:07.614+0000] {processor.py:157} INFO - Started process (PID=481) to work on /home/airflow/.local/lib/python3.8/site-packages/airflow/example_dags/example_branch_python_dop_operator_3.py
[2023-10-10T15:27:07.615+0000] {processor.py:829} INFO - Processing file /home/airflow/.local/lib/python3.8/site-packages/airflow/example_dags/example_branch_python_dop_operator_3.py for tasks to queue
[2023-10-10T15:27:07.617+0000] {logging_mixin.py:151} INFO - [2023-10-10T15:27:07.616+0000] {dagbag.py:539} INFO - Filling up the DagBag from /home/airflow/.local/lib/python3.8/site-packages/airflow/example_dags/example_branch_python_dop_operator_3.py
[2023-10-10T15:27:07.625+0000] {processor.py:839} INFO - DAG(s) dict_keys(['example_branch_dop_operator_v3']) retrieved from /home/airflow/.local/lib/python3.8/site-packages/airflow/example_dags/example_branch_python_dop_operator_3.py
[2023-10-10T15:27:07.644+0000] {logging_mixin.py:151} INFO - [2023-10-10T15:27:07.644+0000] {dag.py:2915} INFO - Sync 1 DAGs
[2023-10-10T15:27:07.670+0000] {logging_mixin.py:151} INFO - [2023-10-10T15:27:07.669+0000] {dag.py:3696} INFO - Setting next_dagrun for example_branch_dop_operator_v3 to 2023-10-10T15:26:00+00:00, run_after=2023-10-10T15:27:00+00:00
[2023-10-10T15:27:07.688+0000] {processor.py:179} INFO - Processing /home/airflow/.local/lib/python3.8/site-packages/airflow/example_dags/example_branch_python_dop_operator_3.py took 0.077 seconds
[2023-10-10T15:27:38.779+0000] {processor.py:157} INFO - Started process (PID=535) to work on /home/airflow/.local/lib/python3.8/site-packages/airflow/example_dags/example_branch_python_dop_operator_3.py
[2023-10-10T15:27:38.780+0000] {processor.py:829} INFO - Processing file /home/airflow/.local/lib/python3.8/site-packages/airflow/example_dags/example_branch_python_dop_operator_3.py for tasks to queue
[2023-10-10T15:27:38.782+0000] {logging_mixin.py:151} INFO - [2023-10-10T15:27:38.781+0000] {dagbag.py:539} INFO - Filling up the DagBag from /home/airflow/.local/lib/python3.8/site-packages/airflow/example_dags/example_branch_python_dop_operator_3.py
[2023-10-10T15:27:38.790+0000] {processor.py:839} INFO - DAG(s) dict_keys(['example_branch_dop_operator_v3']) retrieved from /home/airflow/.local/lib/python3.8/site-packages/airflow/example_dags/example_branch_python_dop_operator_3.py
[2023-10-10T15:27:38.811+0000] {logging_mixin.py:151} INFO - [2023-10-10T15:27:38.810+0000] {dag.py:2915} INFO - Sync 1 DAGs
[2023-10-10T15:27:38.879+0000] {logging_mixin.py:151} INFO - [2023-10-10T15:27:38.879+0000] {dag.py:3696} INFO - Setting next_dagrun for example_branch_dop_operator_v3 to 2023-10-10T15:26:00+00:00, run_after=2023-10-10T15:27:00+00:00
[2023-10-10T15:27:38.904+0000] {processor.py:179} INFO - Processing /home/airflow/.local/lib/python3.8/site-packages/airflow/example_dags/example_branch_python_dop_operator_3.py took 0.128 seconds
[2023-10-10T15:28:09.209+0000] {processor.py:157} INFO - Started process (PID=589) to work on /home/airflow/.local/lib/python3.8/site-packages/airflow/example_dags/example_branch_python_dop_operator_3.py
[2023-10-10T15:28:09.210+0000] {processor.py:829} INFO - Processing file /home/airflow/.local/lib/python3.8/site-packages/airflow/example_dags/example_branch_python_dop_operator_3.py for tasks to queue
[2023-10-10T15:28:09.212+0000] {logging_mixin.py:151} INFO - [2023-10-10T15:28:09.212+0000] {dagbag.py:539} INFO - Filling up the DagBag from /home/airflow/.local/lib/python3.8/site-packages/airflow/example_dags/example_branch_python_dop_operator_3.py
[2023-10-10T15:28:09.219+0000] {processor.py:839} INFO - DAG(s) dict_keys(['example_branch_dop_operator_v3']) retrieved from /home/airflow/.local/lib/python3.8/site-packages/airflow/example_dags/example_branch_python_dop_operator_3.py
[2023-10-10T15:28:09.286+0000] {logging_mixin.py:151} INFO - [2023-10-10T15:28:09.285+0000] {dag.py:2915} INFO - Sync 1 DAGs
[2023-10-10T15:28:09.320+0000] {logging_mixin.py:151} INFO - [2023-10-10T15:28:09.320+0000] {dag.py:3696} INFO - Setting next_dagrun for example_branch_dop_operator_v3 to 2023-10-10T15:27:00+00:00, run_after=2023-10-10T15:28:00+00:00
[2023-10-10T15:28:09.334+0000] {processor.py:179} INFO - Processing /home/airflow/.local/lib/python3.8/site-packages/airflow/example_dags/example_branch_python_dop_operator_3.py took 0.128 seconds
[2023-10-10T15:28:39.780+0000] {processor.py:157} INFO - Started process (PID=643) to work on /home/airflow/.local/lib/python3.8/site-packages/airflow/example_dags/example_branch_python_dop_operator_3.py
[2023-10-10T15:28:39.781+0000] {processor.py:829} INFO - Processing file /home/airflow/.local/lib/python3.8/site-packages/airflow/example_dags/example_branch_python_dop_operator_3.py for tasks to queue
[2023-10-10T15:28:39.782+0000] {logging_mixin.py:151} INFO - [2023-10-10T15:28:39.782+0000] {dagbag.py:539} INFO - Filling up the DagBag from /home/airflow/.local/lib/python3.8/site-packages/airflow/example_dags/example_branch_python_dop_operator_3.py
[2023-10-10T15:28:39.789+0000] {processor.py:839} INFO - DAG(s) dict_keys(['example_branch_dop_operator_v3']) retrieved from /home/airflow/.local/lib/python3.8/site-packages/airflow/example_dags/example_branch_python_dop_operator_3.py
[2023-10-10T15:28:39.808+0000] {logging_mixin.py:151} INFO - [2023-10-10T15:28:39.808+0000] {dag.py:2915} INFO - Sync 1 DAGs
[2023-10-10T15:28:39.831+0000] {logging_mixin.py:151} INFO - [2023-10-10T15:28:39.831+0000] {dag.py:3696} INFO - Setting next_dagrun for example_branch_dop_operator_v3 to 2023-10-10T15:27:00+00:00, run_after=2023-10-10T15:28:00+00:00
[2023-10-10T15:28:39.847+0000] {processor.py:179} INFO - Processing /home/airflow/.local/lib/python3.8/site-packages/airflow/example_dags/example_branch_python_dop_operator_3.py took 0.070 seconds
[2023-10-10T15:29:10.003+0000] {processor.py:157} INFO - Started process (PID=697) to work on /home/airflow/.local/lib/python3.8/site-packages/airflow/example_dags/example_branch_python_dop_operator_3.py
[2023-10-10T15:29:10.004+0000] {processor.py:829} INFO - Processing file /home/airflow/.local/lib/python3.8/site-packages/airflow/example_dags/example_branch_python_dop_operator_3.py for tasks to queue
[2023-10-10T15:29:10.006+0000] {logging_mixin.py:151} INFO - [2023-10-10T15:29:10.006+0000] {dagbag.py:539} INFO - Filling up the DagBag from /home/airflow/.local/lib/python3.8/site-packages/airflow/example_dags/example_branch_python_dop_operator_3.py
[2023-10-10T15:29:10.016+0000] {processor.py:839} INFO - DAG(s) dict_keys(['example_branch_dop_operator_v3']) retrieved from /home/airflow/.local/lib/python3.8/site-packages/airflow/example_dags/example_branch_python_dop_operator_3.py
[2023-10-10T15:29:10.034+0000] {logging_mixin.py:151} INFO - [2023-10-10T15:29:10.033+0000] {dag.py:2915} INFO - Sync 1 DAGs
[2023-10-10T15:29:10.059+0000] {logging_mixin.py:151} INFO - [2023-10-10T15:29:10.059+0000] {dag.py:3696} INFO - Setting next_dagrun for example_branch_dop_operator_v3 to 2023-10-10T15:28:00+00:00, run_after=2023-10-10T15:29:00+00:00
[2023-10-10T15:29:10.082+0000] {processor.py:179} INFO - Processing /home/airflow/.local/lib/python3.8/site-packages/airflow/example_dags/example_branch_python_dop_operator_3.py took 0.081 seconds
[2023-10-10T15:29:40.253+0000] {processor.py:157} INFO - Started process (PID=751) to work on /home/airflow/.local/lib/python3.8/site-packages/airflow/example_dags/example_branch_python_dop_operator_3.py
[2023-10-10T15:29:40.254+0000] {processor.py:829} INFO - Processing file /home/airflow/.local/lib/python3.8/site-packages/airflow/example_dags/example_branch_python_dop_operator_3.py for tasks to queue
[2023-10-10T15:29:40.255+0000] {logging_mixin.py:151} INFO - [2023-10-10T15:29:40.255+0000] {dagbag.py:539} INFO - Filling up the DagBag from /home/airflow/.local/lib/python3.8/site-packages/airflow/example_dags/example_branch_python_dop_operator_3.py
[2023-10-10T15:29:40.263+0000] {processor.py:839} INFO - DAG(s) dict_keys(['example_branch_dop_operator_v3']) retrieved from /home/airflow/.local/lib/python3.8/site-packages/airflow/example_dags/example_branch_python_dop_operator_3.py
[2023-10-10T15:29:40.285+0000] {logging_mixin.py:151} INFO - [2023-10-10T15:29:40.285+0000] {dag.py:2915} INFO - Sync 1 DAGs
[2023-10-10T15:29:40.314+0000] {logging_mixin.py:151} INFO - [2023-10-10T15:29:40.314+0000] {dag.py:3696} INFO - Setting next_dagrun for example_branch_dop_operator_v3 to 2023-10-10T15:28:00+00:00, run_after=2023-10-10T15:29:00+00:00
[2023-10-10T15:29:40.330+0000] {processor.py:179} INFO - Processing /home/airflow/.local/lib/python3.8/site-packages/airflow/example_dags/example_branch_python_dop_operator_3.py took 0.080 seconds
[2023-10-10T15:30:10.730+0000] {processor.py:157} INFO - Started process (PID=805) to work on /home/airflow/.local/lib/python3.8/site-packages/airflow/example_dags/example_branch_python_dop_operator_3.py
[2023-10-10T15:30:10.731+0000] {processor.py:829} INFO - Processing file /home/airflow/.local/lib/python3.8/site-packages/airflow/example_dags/example_branch_python_dop_operator_3.py for tasks to queue
[2023-10-10T15:30:10.732+0000] {logging_mixin.py:151} INFO - [2023-10-10T15:30:10.732+0000] {dagbag.py:539} INFO - Filling up the DagBag from /home/airflow/.local/lib/python3.8/site-packages/airflow/example_dags/example_branch_python_dop_operator_3.py
[2023-10-10T15:30:10.739+0000] {processor.py:839} INFO - DAG(s) dict_keys(['example_branch_dop_operator_v3']) retrieved from /home/airflow/.local/lib/python3.8/site-packages/airflow/example_dags/example_branch_python_dop_operator_3.py
[2023-10-10T15:30:10.758+0000] {logging_mixin.py:151} INFO - [2023-10-10T15:30:10.757+0000] {dag.py:2915} INFO - Sync 1 DAGs
[2023-10-10T15:30:10.780+0000] {logging_mixin.py:151} INFO - [2023-10-10T15:30:10.780+0000] {dag.py:3696} INFO - Setting next_dagrun for example_branch_dop_operator_v3 to 2023-10-10T15:29:00+00:00, run_after=2023-10-10T15:30:00+00:00
[2023-10-10T15:30:10.795+0000] {processor.py:179} INFO - Processing /home/airflow/.local/lib/python3.8/site-packages/airflow/example_dags/example_branch_python_dop_operator_3.py took 0.067 seconds
[2023-10-10T15:30:41.099+0000] {processor.py:157} INFO - Started process (PID=859) to work on /home/airflow/.local/lib/python3.8/site-packages/airflow/example_dags/example_branch_python_dop_operator_3.py
[2023-10-10T15:30:41.100+0000] {processor.py:829} INFO - Processing file /home/airflow/.local/lib/python3.8/site-packages/airflow/example_dags/example_branch_python_dop_operator_3.py for tasks to queue
[2023-10-10T15:30:41.102+0000] {logging_mixin.py:151} INFO - [2023-10-10T15:30:41.102+0000] {dagbag.py:539} INFO - Filling up the DagBag from /home/airflow/.local/lib/python3.8/site-packages/airflow/example_dags/example_branch_python_dop_operator_3.py
[2023-10-10T15:30:41.110+0000] {processor.py:839} INFO - DAG(s) dict_keys(['example_branch_dop_operator_v3']) retrieved from /home/airflow/.local/lib/python3.8/site-packages/airflow/example_dags/example_branch_python_dop_operator_3.py
[2023-10-10T15:30:41.133+0000] {logging_mixin.py:151} INFO - [2023-10-10T15:30:41.133+0000] {dag.py:2915} INFO - Sync 1 DAGs
[2023-10-10T15:30:41.176+0000] {logging_mixin.py:151} INFO - [2023-10-10T15:30:41.176+0000] {dag.py:3696} INFO - Setting next_dagrun for example_branch_dop_operator_v3 to 2023-10-10T15:29:00+00:00, run_after=2023-10-10T15:30:00+00:00
[2023-10-10T15:30:41.194+0000] {processor.py:179} INFO - Processing /home/airflow/.local/lib/python3.8/site-packages/airflow/example_dags/example_branch_python_dop_operator_3.py took 0.099 seconds
[2023-10-10T15:31:11.351+0000] {processor.py:157} INFO - Started process (PID=913) to work on /home/airflow/.local/lib/python3.8/site-packages/airflow/example_dags/example_branch_python_dop_operator_3.py
[2023-10-10T15:31:11.352+0000] {processor.py:829} INFO - Processing file /home/airflow/.local/lib/python3.8/site-packages/airflow/example_dags/example_branch_python_dop_operator_3.py for tasks to queue
[2023-10-10T15:31:11.354+0000] {logging_mixin.py:151} INFO - [2023-10-10T15:31:11.354+0000] {dagbag.py:539} INFO - Filling up the DagBag from /home/airflow/.local/lib/python3.8/site-packages/airflow/example_dags/example_branch_python_dop_operator_3.py
[2023-10-10T15:31:11.362+0000] {processor.py:839} INFO - DAG(s) dict_keys(['example_branch_dop_operator_v3']) retrieved from /home/airflow/.local/lib/python3.8/site-packages/airflow/example_dags/example_branch_python_dop_operator_3.py
[2023-10-10T15:31:11.380+0000] {logging_mixin.py:151} INFO - [2023-10-10T15:31:11.379+0000] {dag.py:2915} INFO - Sync 1 DAGs
[2023-10-10T15:31:11.406+0000] {logging_mixin.py:151} INFO - [2023-10-10T15:31:11.406+0000] {dag.py:3696} INFO - Setting next_dagrun for example_branch_dop_operator_v3 to 2023-10-10T15:30:00+00:00, run_after=2023-10-10T15:31:00+00:00
[2023-10-10T15:31:11.424+0000] {processor.py:179} INFO - Processing /home/airflow/.local/lib/python3.8/site-packages/airflow/example_dags/example_branch_python_dop_operator_3.py took 0.075 seconds
[2023-10-10T15:31:41.562+0000] {processor.py:157} INFO - Started process (PID=967) to work on /home/airflow/.local/lib/python3.8/site-packages/airflow/example_dags/example_branch_python_dop_operator_3.py
[2023-10-10T15:31:41.563+0000] {processor.py:829} INFO - Processing file /home/airflow/.local/lib/python3.8/site-packages/airflow/example_dags/example_branch_python_dop_operator_3.py for tasks to queue
[2023-10-10T15:31:41.565+0000] {logging_mixin.py:151} INFO - [2023-10-10T15:31:41.565+0000] {dagbag.py:539} INFO - Filling up the DagBag from /home/airflow/.local/lib/python3.8/site-packages/airflow/example_dags/example_branch_python_dop_operator_3.py
[2023-10-10T15:31:41.572+0000] {processor.py:839} INFO - DAG(s) dict_keys(['example_branch_dop_operator_v3']) retrieved from /home/airflow/.local/lib/python3.8/site-packages/airflow/example_dags/example_branch_python_dop_operator_3.py
[2023-10-10T15:31:41.596+0000] {logging_mixin.py:151} INFO - [2023-10-10T15:31:41.596+0000] {dag.py:2915} INFO - Sync 1 DAGs
[2023-10-10T15:31:41.626+0000] {logging_mixin.py:151} INFO - [2023-10-10T15:31:41.626+0000] {dag.py:3696} INFO - Setting next_dagrun for example_branch_dop_operator_v3 to 2023-10-10T15:30:00+00:00, run_after=2023-10-10T15:31:00+00:00
[2023-10-10T15:31:41.647+0000] {processor.py:179} INFO - Processing /home/airflow/.local/lib/python3.8/site-packages/airflow/example_dags/example_branch_python_dop_operator_3.py took 0.088 seconds
[2023-10-10T15:32:12.381+0000] {processor.py:157} INFO - Started process (PID=1021) to work on /home/airflow/.local/lib/python3.8/site-packages/airflow/example_dags/example_branch_python_dop_operator_3.py
[2023-10-10T15:32:12.382+0000] {processor.py:829} INFO - Processing file /home/airflow/.local/lib/python3.8/site-packages/airflow/example_dags/example_branch_python_dop_operator_3.py for tasks to queue
[2023-10-10T15:32:12.384+0000] {logging_mixin.py:151} INFO - [2023-10-10T15:32:12.384+0000] {dagbag.py:539} INFO - Filling up the DagBag from /home/airflow/.local/lib/python3.8/site-packages/airflow/example_dags/example_branch_python_dop_operator_3.py
[2023-10-10T15:32:12.392+0000] {processor.py:839} INFO - DAG(s) dict_keys(['example_branch_dop_operator_v3']) retrieved from /home/airflow/.local/lib/python3.8/site-packages/airflow/example_dags/example_branch_python_dop_operator_3.py
[2023-10-10T15:32:12.413+0000] {logging_mixin.py:151} INFO - [2023-10-10T15:32:12.413+0000] {dag.py:2915} INFO - Sync 1 DAGs
[2023-10-10T15:32:12.441+0000] {logging_mixin.py:151} INFO - [2023-10-10T15:32:12.441+0000] {dag.py:3696} INFO - Setting next_dagrun for example_branch_dop_operator_v3 to 2023-10-10T15:31:00+00:00, run_after=2023-10-10T15:32:00+00:00
[2023-10-10T15:32:12.460+0000] {processor.py:179} INFO - Processing /home/airflow/.local/lib/python3.8/site-packages/airflow/example_dags/example_branch_python_dop_operator_3.py took 0.082 seconds
[2023-10-10T15:32:43.315+0000] {processor.py:157} INFO - Started process (PID=1075) to work on /home/airflow/.local/lib/python3.8/site-packages/airflow/example_dags/example_branch_python_dop_operator_3.py
[2023-10-10T15:32:43.316+0000] {processor.py:829} INFO - Processing file /home/airflow/.local/lib/python3.8/site-packages/airflow/example_dags/example_branch_python_dop_operator_3.py for tasks to queue
[2023-10-10T15:32:43.318+0000] {logging_mixin.py:151} INFO - [2023-10-10T15:32:43.318+0000] {dagbag.py:539} INFO - Filling up the DagBag from /home/airflow/.local/lib/python3.8/site-packages/airflow/example_dags/example_branch_python_dop_operator_3.py
[2023-10-10T15:32:43.326+0000] {processor.py:839} INFO - DAG(s) dict_keys(['example_branch_dop_operator_v3']) retrieved from /home/airflow/.local/lib/python3.8/site-packages/airflow/example_dags/example_branch_python_dop_operator_3.py
[2023-10-10T15:32:43.348+0000] {logging_mixin.py:151} INFO - [2023-10-10T15:32:43.347+0000] {dag.py:2915} INFO - Sync 1 DAGs
[2023-10-10T15:32:43.378+0000] {logging_mixin.py:151} INFO - [2023-10-10T15:32:43.378+0000] {dag.py:3696} INFO - Setting next_dagrun for example_branch_dop_operator_v3 to 2023-10-10T15:31:00+00:00, run_after=2023-10-10T15:32:00+00:00
[2023-10-10T15:32:43.403+0000] {processor.py:179} INFO - Processing /home/airflow/.local/lib/python3.8/site-packages/airflow/example_dags/example_branch_python_dop_operator_3.py took 0.091 seconds
[2023-10-10T15:33:13.666+0000] {processor.py:157} INFO - Started process (PID=1129) to work on /home/airflow/.local/lib/python3.8/site-packages/airflow/example_dags/example_branch_python_dop_operator_3.py
[2023-10-10T15:33:13.667+0000] {processor.py:829} INFO - Processing file /home/airflow/.local/lib/python3.8/site-packages/airflow/example_dags/example_branch_python_dop_operator_3.py for tasks to queue
[2023-10-10T15:33:13.669+0000] {logging_mixin.py:151} INFO - [2023-10-10T15:33:13.669+0000] {dagbag.py:539} INFO - Filling up the DagBag from /home/airflow/.local/lib/python3.8/site-packages/airflow/example_dags/example_branch_python_dop_operator_3.py
[2023-10-10T15:33:13.676+0000] {processor.py:839} INFO - DAG(s) dict_keys(['example_branch_dop_operator_v3']) retrieved from /home/airflow/.local/lib/python3.8/site-packages/airflow/example_dags/example_branch_python_dop_operator_3.py
[2023-10-10T15:33:13.696+0000] {logging_mixin.py:151} INFO - [2023-10-10T15:33:13.695+0000] {dag.py:2915} INFO - Sync 1 DAGs
[2023-10-10T15:33:13.721+0000] {logging_mixin.py:151} INFO - [2023-10-10T15:33:13.720+0000] {dag.py:3696} INFO - Setting next_dagrun for example_branch_dop_operator_v3 to 2023-10-10T15:32:00+00:00, run_after=2023-10-10T15:33:00+00:00
[2023-10-10T15:33:13.740+0000] {processor.py:179} INFO - Processing /home/airflow/.local/lib/python3.8/site-packages/airflow/example_dags/example_branch_python_dop_operator_3.py took 0.077 seconds
[2023-10-10T15:33:43.798+0000] {processor.py:157} INFO - Started process (PID=1183) to work on /home/airflow/.local/lib/python3.8/site-packages/airflow/example_dags/example_branch_python_dop_operator_3.py
[2023-10-10T15:33:43.799+0000] {processor.py:829} INFO - Processing file /home/airflow/.local/lib/python3.8/site-packages/airflow/example_dags/example_branch_python_dop_operator_3.py for tasks to queue
[2023-10-10T15:33:43.801+0000] {logging_mixin.py:151} INFO - [2023-10-10T15:33:43.801+0000] {dagbag.py:539} INFO - Filling up the DagBag from /home/airflow/.local/lib/python3.8/site-packages/airflow/example_dags/example_branch_python_dop_operator_3.py
[2023-10-10T15:33:43.810+0000] {processor.py:839} INFO - DAG(s) dict_keys(['example_branch_dop_operator_v3']) retrieved from /home/airflow/.local/lib/python3.8/site-packages/airflow/example_dags/example_branch_python_dop_operator_3.py
[2023-10-10T15:33:43.834+0000] {logging_mixin.py:151} INFO - [2023-10-10T15:33:43.834+0000] {dag.py:2915} INFO - Sync 1 DAGs
[2023-10-10T15:33:43.869+0000] {logging_mixin.py:151} INFO - [2023-10-10T15:33:43.869+0000] {dag.py:3696} INFO - Setting next_dagrun for example_branch_dop_operator_v3 to 2023-10-10T15:32:00+00:00, run_after=2023-10-10T15:33:00+00:00
[2023-10-10T15:33:43.891+0000] {processor.py:179} INFO - Processing /home/airflow/.local/lib/python3.8/site-packages/airflow/example_dags/example_branch_python_dop_operator_3.py took 0.096 seconds
[2023-10-10T15:34:13.989+0000] {processor.py:157} INFO - Started process (PID=1237) to work on /home/airflow/.local/lib/python3.8/site-packages/airflow/example_dags/example_branch_python_dop_operator_3.py
[2023-10-10T15:34:13.990+0000] {processor.py:829} INFO - Processing file /home/airflow/.local/lib/python3.8/site-packages/airflow/example_dags/example_branch_python_dop_operator_3.py for tasks to queue
[2023-10-10T15:34:13.992+0000] {logging_mixin.py:151} INFO - [2023-10-10T15:34:13.992+0000] {dagbag.py:539} INFO - Filling up the DagBag from /home/airflow/.local/lib/python3.8/site-packages/airflow/example_dags/example_branch_python_dop_operator_3.py
[2023-10-10T15:34:14.003+0000] {processor.py:839} INFO - DAG(s) dict_keys(['example_branch_dop_operator_v3']) retrieved from /home/airflow/.local/lib/python3.8/site-packages/airflow/example_dags/example_branch_python_dop_operator_3.py
[2023-10-10T15:34:14.025+0000] {logging_mixin.py:151} INFO - [2023-10-10T15:34:14.025+0000] {dag.py:2915} INFO - Sync 1 DAGs
[2023-10-10T15:34:14.088+0000] {logging_mixin.py:151} INFO - [2023-10-10T15:34:14.088+0000] {dag.py:3696} INFO - Setting next_dagrun for example_branch_dop_operator_v3 to 2023-10-10T15:33:00+00:00, run_after=2023-10-10T15:34:00+00:00
[2023-10-10T15:34:14.112+0000] {processor.py:179} INFO - Processing /home/airflow/.local/lib/python3.8/site-packages/airflow/example_dags/example_branch_python_dop_operator_3.py took 0.127 seconds
[2023-10-10T15:34:44.526+0000] {processor.py:157} INFO - Started process (PID=1291) to work on /home/airflow/.local/lib/python3.8/site-packages/airflow/example_dags/example_branch_python_dop_operator_3.py
[2023-10-10T15:34:44.527+0000] {processor.py:829} INFO - Processing file /home/airflow/.local/lib/python3.8/site-packages/airflow/example_dags/example_branch_python_dop_operator_3.py for tasks to queue
[2023-10-10T15:34:44.529+0000] {logging_mixin.py:151} INFO - [2023-10-10T15:34:44.528+0000] {dagbag.py:539} INFO - Filling up the DagBag from /home/airflow/.local/lib/python3.8/site-packages/airflow/example_dags/example_branch_python_dop_operator_3.py
[2023-10-10T15:34:44.536+0000] {processor.py:839} INFO - DAG(s) dict_keys(['example_branch_dop_operator_v3']) retrieved from /home/airflow/.local/lib/python3.8/site-packages/airflow/example_dags/example_branch_python_dop_operator_3.py
[2023-10-10T15:34:44.554+0000] {logging_mixin.py:151} INFO - [2023-10-10T15:34:44.554+0000] {dag.py:2915} INFO - Sync 1 DAGs
[2023-10-10T15:34:44.576+0000] {logging_mixin.py:151} INFO - [2023-10-10T15:34:44.576+0000] {dag.py:3696} INFO - Setting next_dagrun for example_branch_dop_operator_v3 to 2023-10-10T15:33:00+00:00, run_after=2023-10-10T15:34:00+00:00
[2023-10-10T15:34:44.596+0000] {processor.py:179} INFO - Processing /home/airflow/.local/lib/python3.8/site-packages/airflow/example_dags/example_branch_python_dop_operator_3.py took 0.073 seconds
[2023-10-10T15:35:14.921+0000] {processor.py:157} INFO - Started process (PID=1344) to work on /home/airflow/.local/lib/python3.8/site-packages/airflow/example_dags/example_branch_python_dop_operator_3.py
[2023-10-10T15:35:14.921+0000] {processor.py:829} INFO - Processing file /home/airflow/.local/lib/python3.8/site-packages/airflow/example_dags/example_branch_python_dop_operator_3.py for tasks to queue
[2023-10-10T15:35:14.923+0000] {logging_mixin.py:151} INFO - [2023-10-10T15:35:14.923+0000] {dagbag.py:539} INFO - Filling up the DagBag from /home/airflow/.local/lib/python3.8/site-packages/airflow/example_dags/example_branch_python_dop_operator_3.py
[2023-10-10T15:35:14.930+0000] {processor.py:839} INFO - DAG(s) dict_keys(['example_branch_dop_operator_v3']) retrieved from /home/airflow/.local/lib/python3.8/site-packages/airflow/example_dags/example_branch_python_dop_operator_3.py
[2023-10-10T15:35:14.947+0000] {logging_mixin.py:151} INFO - [2023-10-10T15:35:14.947+0000] {dag.py:2915} INFO - Sync 1 DAGs
[2023-10-10T15:35:14.969+0000] {logging_mixin.py:151} INFO - [2023-10-10T15:35:14.969+0000] {dag.py:3696} INFO - Setting next_dagrun for example_branch_dop_operator_v3 to 2023-10-10T15:34:00+00:00, run_after=2023-10-10T15:35:00+00:00
[2023-10-10T15:35:14.990+0000] {processor.py:179} INFO - Processing /home/airflow/.local/lib/python3.8/site-packages/airflow/example_dags/example_branch_python_dop_operator_3.py took 0.072 seconds
[2023-10-10T15:35:45.114+0000] {processor.py:157} INFO - Started process (PID=1398) to work on /home/airflow/.local/lib/python3.8/site-packages/airflow/example_dags/example_branch_python_dop_operator_3.py
[2023-10-10T15:35:45.115+0000] {processor.py:829} INFO - Processing file /home/airflow/.local/lib/python3.8/site-packages/airflow/example_dags/example_branch_python_dop_operator_3.py for tasks to queue
[2023-10-10T15:35:45.117+0000] {logging_mixin.py:151} INFO - [2023-10-10T15:35:45.117+0000] {dagbag.py:539} INFO - Filling up the DagBag from /home/airflow/.local/lib/python3.8/site-packages/airflow/example_dags/example_branch_python_dop_operator_3.py
[2023-10-10T15:35:45.126+0000] {processor.py:839} INFO - DAG(s) dict_keys(['example_branch_dop_operator_v3']) retrieved from /home/airflow/.local/lib/python3.8/site-packages/airflow/example_dags/example_branch_python_dop_operator_3.py
[2023-10-10T15:35:45.149+0000] {logging_mixin.py:151} INFO - [2023-10-10T15:35:45.149+0000] {dag.py:2915} INFO - Sync 1 DAGs
[2023-10-10T15:35:45.173+0000] {logging_mixin.py:151} INFO - [2023-10-10T15:35:45.173+0000] {dag.py:3696} INFO - Setting next_dagrun for example_branch_dop_operator_v3 to 2023-10-10T15:34:00+00:00, run_after=2023-10-10T15:35:00+00:00
[2023-10-10T15:35:45.195+0000] {processor.py:179} INFO - Processing /home/airflow/.local/lib/python3.8/site-packages/airflow/example_dags/example_branch_python_dop_operator_3.py took 0.084 seconds
[2023-10-10T15:36:15.803+0000] {processor.py:157} INFO - Started process (PID=1452) to work on /home/airflow/.local/lib/python3.8/site-packages/airflow/example_dags/example_branch_python_dop_operator_3.py
[2023-10-10T15:36:15.804+0000] {processor.py:829} INFO - Processing file /home/airflow/.local/lib/python3.8/site-packages/airflow/example_dags/example_branch_python_dop_operator_3.py for tasks to queue
[2023-10-10T15:36:15.806+0000] {logging_mixin.py:151} INFO - [2023-10-10T15:36:15.806+0000] {dagbag.py:539} INFO - Filling up the DagBag from /home/airflow/.local/lib/python3.8/site-packages/airflow/example_dags/example_branch_python_dop_operator_3.py
[2023-10-10T15:36:15.815+0000] {processor.py:839} INFO - DAG(s) dict_keys(['example_branch_dop_operator_v3']) retrieved from /home/airflow/.local/lib/python3.8/site-packages/airflow/example_dags/example_branch_python_dop_operator_3.py
[2023-10-10T15:36:15.839+0000] {logging_mixin.py:151} INFO - [2023-10-10T15:36:15.838+0000] {dag.py:2915} INFO - Sync 1 DAGs
[2023-10-10T15:36:15.877+0000] {logging_mixin.py:151} INFO - [2023-10-10T15:36:15.877+0000] {dag.py:3696} INFO - Setting next_dagrun for example_branch_dop_operator_v3 to 2023-10-10T15:35:00+00:00, run_after=2023-10-10T15:36:00+00:00
[2023-10-10T15:36:15.903+0000] {processor.py:179} INFO - Processing /home/airflow/.local/lib/python3.8/site-packages/airflow/example_dags/example_branch_python_dop_operator_3.py took 0.103 seconds
[2023-10-10T15:36:45.985+0000] {processor.py:157} INFO - Started process (PID=1506) to work on /home/airflow/.local/lib/python3.8/site-packages/airflow/example_dags/example_branch_python_dop_operator_3.py
[2023-10-10T15:36:45.989+0000] {processor.py:829} INFO - Processing file /home/airflow/.local/lib/python3.8/site-packages/airflow/example_dags/example_branch_python_dop_operator_3.py for tasks to queue
[2023-10-10T15:36:45.991+0000] {logging_mixin.py:151} INFO - [2023-10-10T15:36:45.991+0000] {dagbag.py:539} INFO - Filling up the DagBag from /home/airflow/.local/lib/python3.8/site-packages/airflow/example_dags/example_branch_python_dop_operator_3.py
[2023-10-10T15:36:46.002+0000] {processor.py:839} INFO - DAG(s) dict_keys(['example_branch_dop_operator_v3']) retrieved from /home/airflow/.local/lib/python3.8/site-packages/airflow/example_dags/example_branch_python_dop_operator_3.py
[2023-10-10T15:36:46.028+0000] {logging_mixin.py:151} INFO - [2023-10-10T15:36:46.028+0000] {dag.py:2915} INFO - Sync 1 DAGs
[2023-10-10T15:36:46.065+0000] {logging_mixin.py:151} INFO - [2023-10-10T15:36:46.064+0000] {dag.py:3696} INFO - Setting next_dagrun for example_branch_dop_operator_v3 to 2023-10-10T15:35:00+00:00, run_after=2023-10-10T15:36:00+00:00
[2023-10-10T15:36:46.089+0000] {processor.py:179} INFO - Processing /home/airflow/.local/lib/python3.8/site-packages/airflow/example_dags/example_branch_python_dop_operator_3.py took 0.108 seconds
[2023-10-10T15:37:16.161+0000] {processor.py:157} INFO - Started process (PID=1560) to work on /home/airflow/.local/lib/python3.8/site-packages/airflow/example_dags/example_branch_python_dop_operator_3.py
[2023-10-10T15:37:16.162+0000] {processor.py:829} INFO - Processing file /home/airflow/.local/lib/python3.8/site-packages/airflow/example_dags/example_branch_python_dop_operator_3.py for tasks to queue
[2023-10-10T15:37:16.163+0000] {logging_mixin.py:151} INFO - [2023-10-10T15:37:16.163+0000] {dagbag.py:539} INFO - Filling up the DagBag from /home/airflow/.local/lib/python3.8/site-packages/airflow/example_dags/example_branch_python_dop_operator_3.py
[2023-10-10T15:37:16.170+0000] {processor.py:839} INFO - DAG(s) dict_keys(['example_branch_dop_operator_v3']) retrieved from /home/airflow/.local/lib/python3.8/site-packages/airflow/example_dags/example_branch_python_dop_operator_3.py
[2023-10-10T15:37:16.200+0000] {logging_mixin.py:151} INFO - [2023-10-10T15:37:16.199+0000] {dag.py:2915} INFO - Sync 1 DAGs
[2023-10-10T15:37:16.236+0000] {logging_mixin.py:151} INFO - [2023-10-10T15:37:16.236+0000] {dag.py:3696} INFO - Setting next_dagrun for example_branch_dop_operator_v3 to 2023-10-10T15:36:00+00:00, run_after=2023-10-10T15:37:00+00:00
[2023-10-10T15:37:16.257+0000] {processor.py:179} INFO - Processing /home/airflow/.local/lib/python3.8/site-packages/airflow/example_dags/example_branch_python_dop_operator_3.py took 0.099 seconds
[2023-10-10T15:37:46.535+0000] {processor.py:157} INFO - Started process (PID=1614) to work on /home/airflow/.local/lib/python3.8/site-packages/airflow/example_dags/example_branch_python_dop_operator_3.py
[2023-10-10T15:37:46.536+0000] {processor.py:829} INFO - Processing file /home/airflow/.local/lib/python3.8/site-packages/airflow/example_dags/example_branch_python_dop_operator_3.py for tasks to queue
[2023-10-10T15:37:46.538+0000] {logging_mixin.py:151} INFO - [2023-10-10T15:37:46.537+0000] {dagbag.py:539} INFO - Filling up the DagBag from /home/airflow/.local/lib/python3.8/site-packages/airflow/example_dags/example_branch_python_dop_operator_3.py
[2023-10-10T15:37:46.545+0000] {processor.py:839} INFO - DAG(s) dict_keys(['example_branch_dop_operator_v3']) retrieved from /home/airflow/.local/lib/python3.8/site-packages/airflow/example_dags/example_branch_python_dop_operator_3.py
[2023-10-10T15:37:46.597+0000] {logging_mixin.py:151} INFO - [2023-10-10T15:37:46.597+0000] {dag.py:2915} INFO - Sync 1 DAGs
[2023-10-10T15:37:46.629+0000] {logging_mixin.py:151} INFO - [2023-10-10T15:37:46.629+0000] {dag.py:3696} INFO - Setting next_dagrun for example_branch_dop_operator_v3 to 2023-10-10T15:36:00+00:00, run_after=2023-10-10T15:37:00+00:00
[2023-10-10T15:37:46.644+0000] {processor.py:179} INFO - Processing /home/airflow/.local/lib/python3.8/site-packages/airflow/example_dags/example_branch_python_dop_operator_3.py took 0.112 seconds
[2023-10-10T15:38:17.044+0000] {processor.py:157} INFO - Started process (PID=1668) to work on /home/airflow/.local/lib/python3.8/site-packages/airflow/example_dags/example_branch_python_dop_operator_3.py
[2023-10-10T15:38:17.045+0000] {processor.py:829} INFO - Processing file /home/airflow/.local/lib/python3.8/site-packages/airflow/example_dags/example_branch_python_dop_operator_3.py for tasks to queue
[2023-10-10T15:38:17.047+0000] {logging_mixin.py:151} INFO - [2023-10-10T15:38:17.047+0000] {dagbag.py:539} INFO - Filling up the DagBag from /home/airflow/.local/lib/python3.8/site-packages/airflow/example_dags/example_branch_python_dop_operator_3.py
[2023-10-10T15:38:17.060+0000] {processor.py:839} INFO - DAG(s) dict_keys(['example_branch_dop_operator_v3']) retrieved from /home/airflow/.local/lib/python3.8/site-packages/airflow/example_dags/example_branch_python_dop_operator_3.py
[2023-10-10T15:38:17.088+0000] {logging_mixin.py:151} INFO - [2023-10-10T15:38:17.088+0000] {dag.py:2915} INFO - Sync 1 DAGs
[2023-10-10T15:38:17.127+0000] {logging_mixin.py:151} INFO - [2023-10-10T15:38:17.127+0000] {dag.py:3696} INFO - Setting next_dagrun for example_branch_dop_operator_v3 to 2023-10-10T15:37:00+00:00, run_after=2023-10-10T15:38:00+00:00
[2023-10-10T15:38:17.152+0000] {processor.py:179} INFO - Processing /home/airflow/.local/lib/python3.8/site-packages/airflow/example_dags/example_branch_python_dop_operator_3.py took 0.113 seconds
[2023-10-10T15:38:47.245+0000] {processor.py:157} INFO - Started process (PID=1722) to work on /home/airflow/.local/lib/python3.8/site-packages/airflow/example_dags/example_branch_python_dop_operator_3.py
[2023-10-10T15:38:47.245+0000] {processor.py:829} INFO - Processing file /home/airflow/.local/lib/python3.8/site-packages/airflow/example_dags/example_branch_python_dop_operator_3.py for tasks to queue
[2023-10-10T15:38:47.247+0000] {logging_mixin.py:151} INFO - [2023-10-10T15:38:47.247+0000] {dagbag.py:539} INFO - Filling up the DagBag from /home/airflow/.local/lib/python3.8/site-packages/airflow/example_dags/example_branch_python_dop_operator_3.py
[2023-10-10T15:38:47.254+0000] {processor.py:839} INFO - DAG(s) dict_keys(['example_branch_dop_operator_v3']) retrieved from /home/airflow/.local/lib/python3.8/site-packages/airflow/example_dags/example_branch_python_dop_operator_3.py
[2023-10-10T15:38:47.271+0000] {logging_mixin.py:151} INFO - [2023-10-10T15:38:47.271+0000] {dag.py:2915} INFO - Sync 1 DAGs
[2023-10-10T15:38:47.297+0000] {logging_mixin.py:151} INFO - [2023-10-10T15:38:47.296+0000] {dag.py:3696} INFO - Setting next_dagrun for example_branch_dop_operator_v3 to 2023-10-10T15:37:00+00:00, run_after=2023-10-10T15:38:00+00:00
[2023-10-10T15:38:47.313+0000] {processor.py:179} INFO - Processing /home/airflow/.local/lib/python3.8/site-packages/airflow/example_dags/example_branch_python_dop_operator_3.py took 0.071 seconds
[2023-10-10T15:39:17.547+0000] {processor.py:157} INFO - Started process (PID=1776) to work on /home/airflow/.local/lib/python3.8/site-packages/airflow/example_dags/example_branch_python_dop_operator_3.py
[2023-10-10T15:39:17.548+0000] {processor.py:829} INFO - Processing file /home/airflow/.local/lib/python3.8/site-packages/airflow/example_dags/example_branch_python_dop_operator_3.py for tasks to queue
[2023-10-10T15:39:17.550+0000] {logging_mixin.py:151} INFO - [2023-10-10T15:39:17.550+0000] {dagbag.py:539} INFO - Filling up the DagBag from /home/airflow/.local/lib/python3.8/site-packages/airflow/example_dags/example_branch_python_dop_operator_3.py
[2023-10-10T15:39:17.559+0000] {processor.py:839} INFO - DAG(s) dict_keys(['example_branch_dop_operator_v3']) retrieved from /home/airflow/.local/lib/python3.8/site-packages/airflow/example_dags/example_branch_python_dop_operator_3.py
[2023-10-10T15:39:17.579+0000] {logging_mixin.py:151} INFO - [2023-10-10T15:39:17.578+0000] {dag.py:2915} INFO - Sync 1 DAGs
[2023-10-10T15:39:17.616+0000] {logging_mixin.py:151} INFO - [2023-10-10T15:39:17.616+0000] {dag.py:3696} INFO - Setting next_dagrun for example_branch_dop_operator_v3 to 2023-10-10T15:38:00+00:00, run_after=2023-10-10T15:39:00+00:00
[2023-10-10T15:39:17.639+0000] {processor.py:179} INFO - Processing /home/airflow/.local/lib/python3.8/site-packages/airflow/example_dags/example_branch_python_dop_operator_3.py took 0.094 seconds
[2023-10-10T15:39:47.954+0000] {processor.py:157} INFO - Started process (PID=1830) to work on /home/airflow/.local/lib/python3.8/site-packages/airflow/example_dags/example_branch_python_dop_operator_3.py
[2023-10-10T15:39:47.955+0000] {processor.py:829} INFO - Processing file /home/airflow/.local/lib/python3.8/site-packages/airflow/example_dags/example_branch_python_dop_operator_3.py for tasks to queue
[2023-10-10T15:39:47.957+0000] {logging_mixin.py:151} INFO - [2023-10-10T15:39:47.956+0000] {dagbag.py:539} INFO - Filling up the DagBag from /home/airflow/.local/lib/python3.8/site-packages/airflow/example_dags/example_branch_python_dop_operator_3.py
[2023-10-10T15:39:47.964+0000] {processor.py:839} INFO - DAG(s) dict_keys(['example_branch_dop_operator_v3']) retrieved from /home/airflow/.local/lib/python3.8/site-packages/airflow/example_dags/example_branch_python_dop_operator_3.py
[2023-10-10T15:39:47.981+0000] {logging_mixin.py:151} INFO - [2023-10-10T15:39:47.981+0000] {dag.py:2915} INFO - Sync 1 DAGs
[2023-10-10T15:39:48.012+0000] {logging_mixin.py:151} INFO - [2023-10-10T15:39:48.012+0000] {dag.py:3696} INFO - Setting next_dagrun for example_branch_dop_operator_v3 to 2023-10-10T15:38:00+00:00, run_after=2023-10-10T15:39:00+00:00
[2023-10-10T15:39:48.035+0000] {processor.py:179} INFO - Processing /home/airflow/.local/lib/python3.8/site-packages/airflow/example_dags/example_branch_python_dop_operator_3.py took 0.083 seconds
[2023-10-10T15:40:18.339+0000] {processor.py:157} INFO - Started process (PID=1884) to work on /home/airflow/.local/lib/python3.8/site-packages/airflow/example_dags/example_branch_python_dop_operator_3.py
[2023-10-10T15:40:18.340+0000] {processor.py:829} INFO - Processing file /home/airflow/.local/lib/python3.8/site-packages/airflow/example_dags/example_branch_python_dop_operator_3.py for tasks to queue
[2023-10-10T15:40:18.341+0000] {logging_mixin.py:151} INFO - [2023-10-10T15:40:18.341+0000] {dagbag.py:539} INFO - Filling up the DagBag from /home/airflow/.local/lib/python3.8/site-packages/airflow/example_dags/example_branch_python_dop_operator_3.py
[2023-10-10T15:40:18.349+0000] {processor.py:839} INFO - DAG(s) dict_keys(['example_branch_dop_operator_v3']) retrieved from /home/airflow/.local/lib/python3.8/site-packages/airflow/example_dags/example_branch_python_dop_operator_3.py
[2023-10-10T15:40:18.366+0000] {logging_mixin.py:151} INFO - [2023-10-10T15:40:18.366+0000] {dag.py:2915} INFO - Sync 1 DAGs
[2023-10-10T15:40:18.397+0000] {logging_mixin.py:151} INFO - [2023-10-10T15:40:18.397+0000] {dag.py:3696} INFO - Setting next_dagrun for example_branch_dop_operator_v3 to 2023-10-10T15:39:00+00:00, run_after=2023-10-10T15:40:00+00:00
[2023-10-10T15:40:18.418+0000] {processor.py:179} INFO - Processing /home/airflow/.local/lib/python3.8/site-packages/airflow/example_dags/example_branch_python_dop_operator_3.py took 0.083 seconds
[2023-10-10T15:40:48.509+0000] {processor.py:157} INFO - Started process (PID=1938) to work on /home/airflow/.local/lib/python3.8/site-packages/airflow/example_dags/example_branch_python_dop_operator_3.py
[2023-10-10T15:40:48.510+0000] {processor.py:829} INFO - Processing file /home/airflow/.local/lib/python3.8/site-packages/airflow/example_dags/example_branch_python_dop_operator_3.py for tasks to queue
[2023-10-10T15:40:48.512+0000] {logging_mixin.py:151} INFO - [2023-10-10T15:40:48.511+0000] {dagbag.py:539} INFO - Filling up the DagBag from /home/airflow/.local/lib/python3.8/site-packages/airflow/example_dags/example_branch_python_dop_operator_3.py
[2023-10-10T15:40:48.523+0000] {processor.py:839} INFO - DAG(s) dict_keys(['example_branch_dop_operator_v3']) retrieved from /home/airflow/.local/lib/python3.8/site-packages/airflow/example_dags/example_branch_python_dop_operator_3.py
[2023-10-10T15:40:48.544+0000] {logging_mixin.py:151} INFO - [2023-10-10T15:40:48.544+0000] {dag.py:2915} INFO - Sync 1 DAGs
[2023-10-10T15:40:48.571+0000] {logging_mixin.py:151} INFO - [2023-10-10T15:40:48.571+0000] {dag.py:3696} INFO - Setting next_dagrun for example_branch_dop_operator_v3 to 2023-10-10T15:39:00+00:00, run_after=2023-10-10T15:40:00+00:00
[2023-10-10T15:40:48.594+0000] {processor.py:179} INFO - Processing /home/airflow/.local/lib/python3.8/site-packages/airflow/example_dags/example_branch_python_dop_operator_3.py took 0.089 seconds
[2023-10-10T15:41:18.962+0000] {processor.py:157} INFO - Started process (PID=1992) to work on /home/airflow/.local/lib/python3.8/site-packages/airflow/example_dags/example_branch_python_dop_operator_3.py
[2023-10-10T15:41:18.963+0000] {processor.py:829} INFO - Processing file /home/airflow/.local/lib/python3.8/site-packages/airflow/example_dags/example_branch_python_dop_operator_3.py for tasks to queue
[2023-10-10T15:41:18.964+0000] {logging_mixin.py:151} INFO - [2023-10-10T15:41:18.964+0000] {dagbag.py:539} INFO - Filling up the DagBag from /home/airflow/.local/lib/python3.8/site-packages/airflow/example_dags/example_branch_python_dop_operator_3.py
[2023-10-10T15:41:18.971+0000] {processor.py:839} INFO - DAG(s) dict_keys(['example_branch_dop_operator_v3']) retrieved from /home/airflow/.local/lib/python3.8/site-packages/airflow/example_dags/example_branch_python_dop_operator_3.py
[2023-10-10T15:41:18.990+0000] {logging_mixin.py:151} INFO - [2023-10-10T15:41:18.990+0000] {dag.py:2915} INFO - Sync 1 DAGs
[2023-10-10T15:41:19.022+0000] {logging_mixin.py:151} INFO - [2023-10-10T15:41:19.022+0000] {dag.py:3696} INFO - Setting next_dagrun for example_branch_dop_operator_v3 to 2023-10-10T15:40:00+00:00, run_after=2023-10-10T15:41:00+00:00
[2023-10-10T15:41:19.038+0000] {processor.py:179} INFO - Processing /home/airflow/.local/lib/python3.8/site-packages/airflow/example_dags/example_branch_python_dop_operator_3.py took 0.079 seconds
[2023-10-10T15:41:49.192+0000] {processor.py:157} INFO - Started process (PID=2045) to work on /home/airflow/.local/lib/python3.8/site-packages/airflow/example_dags/example_branch_python_dop_operator_3.py
[2023-10-10T15:41:49.193+0000] {processor.py:829} INFO - Processing file /home/airflow/.local/lib/python3.8/site-packages/airflow/example_dags/example_branch_python_dop_operator_3.py for tasks to queue
[2023-10-10T15:41:49.195+0000] {logging_mixin.py:151} INFO - [2023-10-10T15:41:49.195+0000] {dagbag.py:539} INFO - Filling up the DagBag from /home/airflow/.local/lib/python3.8/site-packages/airflow/example_dags/example_branch_python_dop_operator_3.py
[2023-10-10T15:41:49.205+0000] {processor.py:839} INFO - DAG(s) dict_keys(['example_branch_dop_operator_v3']) retrieved from /home/airflow/.local/lib/python3.8/site-packages/airflow/example_dags/example_branch_python_dop_operator_3.py
[2023-10-10T15:41:49.225+0000] {logging_mixin.py:151} INFO - [2023-10-10T15:41:49.225+0000] {dag.py:2915} INFO - Sync 1 DAGs
[2023-10-10T15:41:49.247+0000] {logging_mixin.py:151} INFO - [2023-10-10T15:41:49.247+0000] {dag.py:3696} INFO - Setting next_dagrun for example_branch_dop_operator_v3 to 2023-10-10T15:40:00+00:00, run_after=2023-10-10T15:41:00+00:00
[2023-10-10T15:41:49.261+0000] {processor.py:179} INFO - Processing /home/airflow/.local/lib/python3.8/site-packages/airflow/example_dags/example_branch_python_dop_operator_3.py took 0.072 seconds
[2023-10-10T15:42:19.445+0000] {processor.py:157} INFO - Started process (PID=2099) to work on /home/airflow/.local/lib/python3.8/site-packages/airflow/example_dags/example_branch_python_dop_operator_3.py
[2023-10-10T15:42:19.446+0000] {processor.py:829} INFO - Processing file /home/airflow/.local/lib/python3.8/site-packages/airflow/example_dags/example_branch_python_dop_operator_3.py for tasks to queue
[2023-10-10T15:42:19.447+0000] {logging_mixin.py:151} INFO - [2023-10-10T15:42:19.447+0000] {dagbag.py:539} INFO - Filling up the DagBag from /home/airflow/.local/lib/python3.8/site-packages/airflow/example_dags/example_branch_python_dop_operator_3.py
[2023-10-10T15:42:19.454+0000] {processor.py:839} INFO - DAG(s) dict_keys(['example_branch_dop_operator_v3']) retrieved from /home/airflow/.local/lib/python3.8/site-packages/airflow/example_dags/example_branch_python_dop_operator_3.py
[2023-10-10T15:42:19.471+0000] {logging_mixin.py:151} INFO - [2023-10-10T15:42:19.470+0000] {dag.py:2915} INFO - Sync 1 DAGs
[2023-10-10T15:42:19.496+0000] {logging_mixin.py:151} INFO - [2023-10-10T15:42:19.495+0000] {dag.py:3696} INFO - Setting next_dagrun for example_branch_dop_operator_v3 to 2023-10-10T15:41:00+00:00, run_after=2023-10-10T15:42:00+00:00
[2023-10-10T15:42:19.514+0000] {processor.py:179} INFO - Processing /home/airflow/.local/lib/python3.8/site-packages/airflow/example_dags/example_branch_python_dop_operator_3.py took 0.072 seconds
[2023-10-10T15:42:49.574+0000] {processor.py:157} INFO - Started process (PID=2153) to work on /home/airflow/.local/lib/python3.8/site-packages/airflow/example_dags/example_branch_python_dop_operator_3.py
[2023-10-10T15:42:49.576+0000] {processor.py:829} INFO - Processing file /home/airflow/.local/lib/python3.8/site-packages/airflow/example_dags/example_branch_python_dop_operator_3.py for tasks to queue
[2023-10-10T15:42:49.578+0000] {logging_mixin.py:151} INFO - [2023-10-10T15:42:49.578+0000] {dagbag.py:539} INFO - Filling up the DagBag from /home/airflow/.local/lib/python3.8/site-packages/airflow/example_dags/example_branch_python_dop_operator_3.py
[2023-10-10T15:42:49.591+0000] {processor.py:839} INFO - DAG(s) dict_keys(['example_branch_dop_operator_v3']) retrieved from /home/airflow/.local/lib/python3.8/site-packages/airflow/example_dags/example_branch_python_dop_operator_3.py
[2023-10-10T15:42:49.619+0000] {logging_mixin.py:151} INFO - [2023-10-10T15:42:49.619+0000] {dag.py:2915} INFO - Sync 1 DAGs
[2023-10-10T15:42:49.644+0000] {logging_mixin.py:151} INFO - [2023-10-10T15:42:49.644+0000] {dag.py:3696} INFO - Setting next_dagrun for example_branch_dop_operator_v3 to 2023-10-10T15:41:00+00:00, run_after=2023-10-10T15:42:00+00:00
[2023-10-10T15:42:49.658+0000] {processor.py:179} INFO - Processing /home/airflow/.local/lib/python3.8/site-packages/airflow/example_dags/example_branch_python_dop_operator_3.py took 0.086 seconds
[2023-10-10T15:43:19.734+0000] {processor.py:157} INFO - Started process (PID=2207) to work on /home/airflow/.local/lib/python3.8/site-packages/airflow/example_dags/example_branch_python_dop_operator_3.py
[2023-10-10T15:43:19.735+0000] {processor.py:829} INFO - Processing file /home/airflow/.local/lib/python3.8/site-packages/airflow/example_dags/example_branch_python_dop_operator_3.py for tasks to queue
[2023-10-10T15:43:19.736+0000] {logging_mixin.py:151} INFO - [2023-10-10T15:43:19.736+0000] {dagbag.py:539} INFO - Filling up the DagBag from /home/airflow/.local/lib/python3.8/site-packages/airflow/example_dags/example_branch_python_dop_operator_3.py
[2023-10-10T15:43:19.744+0000] {processor.py:839} INFO - DAG(s) dict_keys(['example_branch_dop_operator_v3']) retrieved from /home/airflow/.local/lib/python3.8/site-packages/airflow/example_dags/example_branch_python_dop_operator_3.py
[2023-10-10T15:43:19.761+0000] {logging_mixin.py:151} INFO - [2023-10-10T15:43:19.761+0000] {dag.py:2915} INFO - Sync 1 DAGs
[2023-10-10T15:43:19.789+0000] {logging_mixin.py:151} INFO - [2023-10-10T15:43:19.788+0000] {dag.py:3696} INFO - Setting next_dagrun for example_branch_dop_operator_v3 to 2023-10-10T15:42:00+00:00, run_after=2023-10-10T15:43:00+00:00
[2023-10-10T15:43:19.811+0000] {processor.py:179} INFO - Processing /home/airflow/.local/lib/python3.8/site-packages/airflow/example_dags/example_branch_python_dop_operator_3.py took 0.080 seconds
[2023-10-10T15:43:49.894+0000] {processor.py:157} INFO - Started process (PID=2261) to work on /home/airflow/.local/lib/python3.8/site-packages/airflow/example_dags/example_branch_python_dop_operator_3.py
[2023-10-10T15:43:49.895+0000] {processor.py:829} INFO - Processing file /home/airflow/.local/lib/python3.8/site-packages/airflow/example_dags/example_branch_python_dop_operator_3.py for tasks to queue
[2023-10-10T15:43:49.897+0000] {logging_mixin.py:151} INFO - [2023-10-10T15:43:49.897+0000] {dagbag.py:539} INFO - Filling up the DagBag from /home/airflow/.local/lib/python3.8/site-packages/airflow/example_dags/example_branch_python_dop_operator_3.py
[2023-10-10T15:43:49.906+0000] {processor.py:839} INFO - DAG(s) dict_keys(['example_branch_dop_operator_v3']) retrieved from /home/airflow/.local/lib/python3.8/site-packages/airflow/example_dags/example_branch_python_dop_operator_3.py
[2023-10-10T15:43:49.929+0000] {logging_mixin.py:151} INFO - [2023-10-10T15:43:49.928+0000] {dag.py:2915} INFO - Sync 1 DAGs
[2023-10-10T15:43:49.950+0000] {logging_mixin.py:151} INFO - [2023-10-10T15:43:49.950+0000] {dag.py:3696} INFO - Setting next_dagrun for example_branch_dop_operator_v3 to 2023-10-10T15:42:00+00:00, run_after=2023-10-10T15:43:00+00:00
[2023-10-10T15:43:49.965+0000] {processor.py:179} INFO - Processing /home/airflow/.local/lib/python3.8/site-packages/airflow/example_dags/example_branch_python_dop_operator_3.py took 0.074 seconds
[2023-10-10T15:44:20.612+0000] {processor.py:157} INFO - Started process (PID=2315) to work on /home/airflow/.local/lib/python3.8/site-packages/airflow/example_dags/example_branch_python_dop_operator_3.py
[2023-10-10T15:44:20.613+0000] {processor.py:829} INFO - Processing file /home/airflow/.local/lib/python3.8/site-packages/airflow/example_dags/example_branch_python_dop_operator_3.py for tasks to queue
[2023-10-10T15:44:20.615+0000] {logging_mixin.py:151} INFO - [2023-10-10T15:44:20.615+0000] {dagbag.py:539} INFO - Filling up the DagBag from /home/airflow/.local/lib/python3.8/site-packages/airflow/example_dags/example_branch_python_dop_operator_3.py
[2023-10-10T15:44:20.624+0000] {processor.py:839} INFO - DAG(s) dict_keys(['example_branch_dop_operator_v3']) retrieved from /home/airflow/.local/lib/python3.8/site-packages/airflow/example_dags/example_branch_python_dop_operator_3.py
[2023-10-10T15:44:20.644+0000] {logging_mixin.py:151} INFO - [2023-10-10T15:44:20.644+0000] {dag.py:2915} INFO - Sync 1 DAGs
[2023-10-10T15:44:20.671+0000] {logging_mixin.py:151} INFO - [2023-10-10T15:44:20.671+0000] {dag.py:3696} INFO - Setting next_dagrun for example_branch_dop_operator_v3 to 2023-10-10T15:43:00+00:00, run_after=2023-10-10T15:44:00+00:00
[2023-10-10T15:44:20.693+0000] {processor.py:179} INFO - Processing /home/airflow/.local/lib/python3.8/site-packages/airflow/example_dags/example_branch_python_dop_operator_3.py took 0.084 seconds
[2023-10-10T15:44:51.265+0000] {processor.py:157} INFO - Started process (PID=2369) to work on /home/airflow/.local/lib/python3.8/site-packages/airflow/example_dags/example_branch_python_dop_operator_3.py
[2023-10-10T15:44:51.266+0000] {processor.py:829} INFO - Processing file /home/airflow/.local/lib/python3.8/site-packages/airflow/example_dags/example_branch_python_dop_operator_3.py for tasks to queue
[2023-10-10T15:44:51.268+0000] {logging_mixin.py:151} INFO - [2023-10-10T15:44:51.268+0000] {dagbag.py:539} INFO - Filling up the DagBag from /home/airflow/.local/lib/python3.8/site-packages/airflow/example_dags/example_branch_python_dop_operator_3.py
[2023-10-10T15:44:51.276+0000] {processor.py:839} INFO - DAG(s) dict_keys(['example_branch_dop_operator_v3']) retrieved from /home/airflow/.local/lib/python3.8/site-packages/airflow/example_dags/example_branch_python_dop_operator_3.py
[2023-10-10T15:44:51.297+0000] {logging_mixin.py:151} INFO - [2023-10-10T15:44:51.297+0000] {dag.py:2915} INFO - Sync 1 DAGs
[2023-10-10T15:44:51.325+0000] {logging_mixin.py:151} INFO - [2023-10-10T15:44:51.325+0000] {dag.py:3696} INFO - Setting next_dagrun for example_branch_dop_operator_v3 to 2023-10-10T15:43:00+00:00, run_after=2023-10-10T15:44:00+00:00
[2023-10-10T15:44:51.340+0000] {processor.py:179} INFO - Processing /home/airflow/.local/lib/python3.8/site-packages/airflow/example_dags/example_branch_python_dop_operator_3.py took 0.078 seconds
[2023-10-10T15:45:21.696+0000] {processor.py:157} INFO - Started process (PID=2423) to work on /home/airflow/.local/lib/python3.8/site-packages/airflow/example_dags/example_branch_python_dop_operator_3.py
[2023-10-10T15:45:21.697+0000] {processor.py:829} INFO - Processing file /home/airflow/.local/lib/python3.8/site-packages/airflow/example_dags/example_branch_python_dop_operator_3.py for tasks to queue
[2023-10-10T15:45:21.699+0000] {logging_mixin.py:151} INFO - [2023-10-10T15:45:21.698+0000] {dagbag.py:539} INFO - Filling up the DagBag from /home/airflow/.local/lib/python3.8/site-packages/airflow/example_dags/example_branch_python_dop_operator_3.py
[2023-10-10T15:45:21.707+0000] {processor.py:839} INFO - DAG(s) dict_keys(['example_branch_dop_operator_v3']) retrieved from /home/airflow/.local/lib/python3.8/site-packages/airflow/example_dags/example_branch_python_dop_operator_3.py
[2023-10-10T15:45:21.727+0000] {logging_mixin.py:151} INFO - [2023-10-10T15:45:21.726+0000] {dag.py:2915} INFO - Sync 1 DAGs
[2023-10-10T15:45:21.753+0000] {logging_mixin.py:151} INFO - [2023-10-10T15:45:21.752+0000] {dag.py:3696} INFO - Setting next_dagrun for example_branch_dop_operator_v3 to 2023-10-10T15:44:00+00:00, run_after=2023-10-10T15:45:00+00:00
[2023-10-10T15:45:21.769+0000] {processor.py:179} INFO - Processing /home/airflow/.local/lib/python3.8/site-packages/airflow/example_dags/example_branch_python_dop_operator_3.py took 0.076 seconds
[2023-10-10T15:45:51.793+0000] {processor.py:157} INFO - Started process (PID=2477) to work on /home/airflow/.local/lib/python3.8/site-packages/airflow/example_dags/example_branch_python_dop_operator_3.py
[2023-10-10T15:45:51.794+0000] {processor.py:829} INFO - Processing file /home/airflow/.local/lib/python3.8/site-packages/airflow/example_dags/example_branch_python_dop_operator_3.py for tasks to queue
[2023-10-10T15:45:51.796+0000] {logging_mixin.py:151} INFO - [2023-10-10T15:45:51.796+0000] {dagbag.py:539} INFO - Filling up the DagBag from /home/airflow/.local/lib/python3.8/site-packages/airflow/example_dags/example_branch_python_dop_operator_3.py
[2023-10-10T15:45:51.807+0000] {processor.py:839} INFO - DAG(s) dict_keys(['example_branch_dop_operator_v3']) retrieved from /home/airflow/.local/lib/python3.8/site-packages/airflow/example_dags/example_branch_python_dop_operator_3.py
[2023-10-10T15:45:51.826+0000] {logging_mixin.py:151} INFO - [2023-10-10T15:45:51.825+0000] {dag.py:2915} INFO - Sync 1 DAGs
[2023-10-10T15:45:51.850+0000] {logging_mixin.py:151} INFO - [2023-10-10T15:45:51.849+0000] {dag.py:3696} INFO - Setting next_dagrun for example_branch_dop_operator_v3 to 2023-10-10T15:44:00+00:00, run_after=2023-10-10T15:45:00+00:00
[2023-10-10T15:45:51.866+0000] {processor.py:179} INFO - Processing /home/airflow/.local/lib/python3.8/site-packages/airflow/example_dags/example_branch_python_dop_operator_3.py took 0.076 seconds
[2023-10-10T15:46:21.966+0000] {processor.py:157} INFO - Started process (PID=2531) to work on /home/airflow/.local/lib/python3.8/site-packages/airflow/example_dags/example_branch_python_dop_operator_3.py
[2023-10-10T15:46:21.967+0000] {processor.py:829} INFO - Processing file /home/airflow/.local/lib/python3.8/site-packages/airflow/example_dags/example_branch_python_dop_operator_3.py for tasks to queue
[2023-10-10T15:46:21.969+0000] {logging_mixin.py:151} INFO - [2023-10-10T15:46:21.969+0000] {dagbag.py:539} INFO - Filling up the DagBag from /home/airflow/.local/lib/python3.8/site-packages/airflow/example_dags/example_branch_python_dop_operator_3.py
[2023-10-10T15:46:21.977+0000] {processor.py:839} INFO - DAG(s) dict_keys(['example_branch_dop_operator_v3']) retrieved from /home/airflow/.local/lib/python3.8/site-packages/airflow/example_dags/example_branch_python_dop_operator_3.py
[2023-10-10T15:46:21.995+0000] {logging_mixin.py:151} INFO - [2023-10-10T15:46:21.995+0000] {dag.py:2915} INFO - Sync 1 DAGs
[2023-10-10T15:46:22.020+0000] {logging_mixin.py:151} INFO - [2023-10-10T15:46:22.019+0000] {dag.py:3696} INFO - Setting next_dagrun for example_branch_dop_operator_v3 to 2023-10-10T15:45:00+00:00, run_after=2023-10-10T15:46:00+00:00
[2023-10-10T15:46:22.037+0000] {processor.py:179} INFO - Processing /home/airflow/.local/lib/python3.8/site-packages/airflow/example_dags/example_branch_python_dop_operator_3.py took 0.073 seconds
[2023-10-10T15:46:52.564+0000] {processor.py:157} INFO - Started process (PID=2585) to work on /home/airflow/.local/lib/python3.8/site-packages/airflow/example_dags/example_branch_python_dop_operator_3.py
[2023-10-10T15:46:52.565+0000] {processor.py:829} INFO - Processing file /home/airflow/.local/lib/python3.8/site-packages/airflow/example_dags/example_branch_python_dop_operator_3.py for tasks to queue
[2023-10-10T15:46:52.567+0000] {logging_mixin.py:151} INFO - [2023-10-10T15:46:52.567+0000] {dagbag.py:539} INFO - Filling up the DagBag from /home/airflow/.local/lib/python3.8/site-packages/airflow/example_dags/example_branch_python_dop_operator_3.py
[2023-10-10T15:46:52.573+0000] {processor.py:839} INFO - DAG(s) dict_keys(['example_branch_dop_operator_v3']) retrieved from /home/airflow/.local/lib/python3.8/site-packages/airflow/example_dags/example_branch_python_dop_operator_3.py
[2023-10-10T15:46:52.590+0000] {logging_mixin.py:151} INFO - [2023-10-10T15:46:52.590+0000] {dag.py:2915} INFO - Sync 1 DAGs
[2023-10-10T15:46:52.612+0000] {logging_mixin.py:151} INFO - [2023-10-10T15:46:52.612+0000] {dag.py:3696} INFO - Setting next_dagrun for example_branch_dop_operator_v3 to 2023-10-10T15:45:00+00:00, run_after=2023-10-10T15:46:00+00:00
[2023-10-10T15:46:52.626+0000] {processor.py:179} INFO - Processing /home/airflow/.local/lib/python3.8/site-packages/airflow/example_dags/example_branch_python_dop_operator_3.py took 0.064 seconds
[2023-10-10T15:47:23.165+0000] {processor.py:157} INFO - Started process (PID=2639) to work on /home/airflow/.local/lib/python3.8/site-packages/airflow/example_dags/example_branch_python_dop_operator_3.py
[2023-10-10T15:47:23.166+0000] {processor.py:829} INFO - Processing file /home/airflow/.local/lib/python3.8/site-packages/airflow/example_dags/example_branch_python_dop_operator_3.py for tasks to queue
[2023-10-10T15:47:23.168+0000] {logging_mixin.py:151} INFO - [2023-10-10T15:47:23.167+0000] {dagbag.py:539} INFO - Filling up the DagBag from /home/airflow/.local/lib/python3.8/site-packages/airflow/example_dags/example_branch_python_dop_operator_3.py
[2023-10-10T15:47:23.175+0000] {processor.py:839} INFO - DAG(s) dict_keys(['example_branch_dop_operator_v3']) retrieved from /home/airflow/.local/lib/python3.8/site-packages/airflow/example_dags/example_branch_python_dop_operator_3.py
[2023-10-10T15:47:23.192+0000] {logging_mixin.py:151} INFO - [2023-10-10T15:47:23.192+0000] {dag.py:2915} INFO - Sync 1 DAGs
[2023-10-10T15:47:23.216+0000] {logging_mixin.py:151} INFO - [2023-10-10T15:47:23.216+0000] {dag.py:3696} INFO - Setting next_dagrun for example_branch_dop_operator_v3 to 2023-10-10T15:46:00+00:00, run_after=2023-10-10T15:47:00+00:00
[2023-10-10T15:47:23.231+0000] {processor.py:179} INFO - Processing /home/airflow/.local/lib/python3.8/site-packages/airflow/example_dags/example_branch_python_dop_operator_3.py took 0.068 seconds
[2023-10-10T15:47:53.559+0000] {processor.py:157} INFO - Started process (PID=2693) to work on /home/airflow/.local/lib/python3.8/site-packages/airflow/example_dags/example_branch_python_dop_operator_3.py
[2023-10-10T15:47:53.560+0000] {processor.py:829} INFO - Processing file /home/airflow/.local/lib/python3.8/site-packages/airflow/example_dags/example_branch_python_dop_operator_3.py for tasks to queue
[2023-10-10T15:47:53.561+0000] {logging_mixin.py:151} INFO - [2023-10-10T15:47:53.561+0000] {dagbag.py:539} INFO - Filling up the DagBag from /home/airflow/.local/lib/python3.8/site-packages/airflow/example_dags/example_branch_python_dop_operator_3.py
[2023-10-10T15:47:53.568+0000] {processor.py:839} INFO - DAG(s) dict_keys(['example_branch_dop_operator_v3']) retrieved from /home/airflow/.local/lib/python3.8/site-packages/airflow/example_dags/example_branch_python_dop_operator_3.py
[2023-10-10T15:47:53.585+0000] {logging_mixin.py:151} INFO - [2023-10-10T15:47:53.584+0000] {dag.py:2915} INFO - Sync 1 DAGs
[2023-10-10T15:47:53.607+0000] {logging_mixin.py:151} INFO - [2023-10-10T15:47:53.607+0000] {dag.py:3696} INFO - Setting next_dagrun for example_branch_dop_operator_v3 to 2023-10-10T15:46:00+00:00, run_after=2023-10-10T15:47:00+00:00
[2023-10-10T15:47:53.623+0000] {processor.py:179} INFO - Processing /home/airflow/.local/lib/python3.8/site-packages/airflow/example_dags/example_branch_python_dop_operator_3.py took 0.066 seconds
[2023-10-10T15:48:24.137+0000] {processor.py:157} INFO - Started process (PID=2747) to work on /home/airflow/.local/lib/python3.8/site-packages/airflow/example_dags/example_branch_python_dop_operator_3.py
[2023-10-10T15:48:24.137+0000] {processor.py:829} INFO - Processing file /home/airflow/.local/lib/python3.8/site-packages/airflow/example_dags/example_branch_python_dop_operator_3.py for tasks to queue
[2023-10-10T15:48:24.139+0000] {logging_mixin.py:151} INFO - [2023-10-10T15:48:24.139+0000] {dagbag.py:539} INFO - Filling up the DagBag from /home/airflow/.local/lib/python3.8/site-packages/airflow/example_dags/example_branch_python_dop_operator_3.py
[2023-10-10T15:48:24.146+0000] {processor.py:839} INFO - DAG(s) dict_keys(['example_branch_dop_operator_v3']) retrieved from /home/airflow/.local/lib/python3.8/site-packages/airflow/example_dags/example_branch_python_dop_operator_3.py
[2023-10-10T15:48:24.164+0000] {logging_mixin.py:151} INFO - [2023-10-10T15:48:24.164+0000] {dag.py:2915} INFO - Sync 1 DAGs
[2023-10-10T15:48:24.188+0000] {logging_mixin.py:151} INFO - [2023-10-10T15:48:24.188+0000] {dag.py:3696} INFO - Setting next_dagrun for example_branch_dop_operator_v3 to 2023-10-10T15:47:00+00:00, run_after=2023-10-10T15:48:00+00:00
[2023-10-10T15:48:24.203+0000] {processor.py:179} INFO - Processing /home/airflow/.local/lib/python3.8/site-packages/airflow/example_dags/example_branch_python_dop_operator_3.py took 0.069 seconds
[2023-10-10T15:48:54.596+0000] {processor.py:157} INFO - Started process (PID=2801) to work on /home/airflow/.local/lib/python3.8/site-packages/airflow/example_dags/example_branch_python_dop_operator_3.py
[2023-10-10T15:48:54.597+0000] {processor.py:829} INFO - Processing file /home/airflow/.local/lib/python3.8/site-packages/airflow/example_dags/example_branch_python_dop_operator_3.py for tasks to queue
[2023-10-10T15:48:54.598+0000] {logging_mixin.py:151} INFO - [2023-10-10T15:48:54.598+0000] {dagbag.py:539} INFO - Filling up the DagBag from /home/airflow/.local/lib/python3.8/site-packages/airflow/example_dags/example_branch_python_dop_operator_3.py
[2023-10-10T15:48:54.607+0000] {processor.py:839} INFO - DAG(s) dict_keys(['example_branch_dop_operator_v3']) retrieved from /home/airflow/.local/lib/python3.8/site-packages/airflow/example_dags/example_branch_python_dop_operator_3.py
[2023-10-10T15:48:54.626+0000] {logging_mixin.py:151} INFO - [2023-10-10T15:48:54.626+0000] {dag.py:2915} INFO - Sync 1 DAGs
[2023-10-10T15:48:54.650+0000] {logging_mixin.py:151} INFO - [2023-10-10T15:48:54.650+0000] {dag.py:3696} INFO - Setting next_dagrun for example_branch_dop_operator_v3 to 2023-10-10T15:47:00+00:00, run_after=2023-10-10T15:48:00+00:00
[2023-10-10T15:48:54.665+0000] {processor.py:179} INFO - Processing /home/airflow/.local/lib/python3.8/site-packages/airflow/example_dags/example_branch_python_dop_operator_3.py took 0.072 seconds
[2023-10-10T15:49:25.143+0000] {processor.py:157} INFO - Started process (PID=2855) to work on /home/airflow/.local/lib/python3.8/site-packages/airflow/example_dags/example_branch_python_dop_operator_3.py
[2023-10-10T15:49:25.144+0000] {processor.py:829} INFO - Processing file /home/airflow/.local/lib/python3.8/site-packages/airflow/example_dags/example_branch_python_dop_operator_3.py for tasks to queue
[2023-10-10T15:49:25.145+0000] {logging_mixin.py:151} INFO - [2023-10-10T15:49:25.145+0000] {dagbag.py:539} INFO - Filling up the DagBag from /home/airflow/.local/lib/python3.8/site-packages/airflow/example_dags/example_branch_python_dop_operator_3.py
[2023-10-10T15:49:25.154+0000] {processor.py:839} INFO - DAG(s) dict_keys(['example_branch_dop_operator_v3']) retrieved from /home/airflow/.local/lib/python3.8/site-packages/airflow/example_dags/example_branch_python_dop_operator_3.py
[2023-10-10T15:49:25.175+0000] {logging_mixin.py:151} INFO - [2023-10-10T15:49:25.175+0000] {dag.py:2915} INFO - Sync 1 DAGs
[2023-10-10T15:49:25.201+0000] {logging_mixin.py:151} INFO - [2023-10-10T15:49:25.201+0000] {dag.py:3696} INFO - Setting next_dagrun for example_branch_dop_operator_v3 to 2023-10-10T15:48:00+00:00, run_after=2023-10-10T15:49:00+00:00
[2023-10-10T15:49:25.221+0000] {processor.py:179} INFO - Processing /home/airflow/.local/lib/python3.8/site-packages/airflow/example_dags/example_branch_python_dop_operator_3.py took 0.081 seconds
[2023-10-10T15:49:55.855+0000] {processor.py:157} INFO - Started process (PID=2909) to work on /home/airflow/.local/lib/python3.8/site-packages/airflow/example_dags/example_branch_python_dop_operator_3.py
[2023-10-10T15:49:55.856+0000] {processor.py:829} INFO - Processing file /home/airflow/.local/lib/python3.8/site-packages/airflow/example_dags/example_branch_python_dop_operator_3.py for tasks to queue
[2023-10-10T15:49:55.858+0000] {logging_mixin.py:151} INFO - [2023-10-10T15:49:55.857+0000] {dagbag.py:539} INFO - Filling up the DagBag from /home/airflow/.local/lib/python3.8/site-packages/airflow/example_dags/example_branch_python_dop_operator_3.py
[2023-10-10T15:49:55.866+0000] {processor.py:839} INFO - DAG(s) dict_keys(['example_branch_dop_operator_v3']) retrieved from /home/airflow/.local/lib/python3.8/site-packages/airflow/example_dags/example_branch_python_dop_operator_3.py
[2023-10-10T15:49:55.890+0000] {logging_mixin.py:151} INFO - [2023-10-10T15:49:55.890+0000] {dag.py:2915} INFO - Sync 1 DAGs
[2023-10-10T15:49:55.921+0000] {logging_mixin.py:151} INFO - [2023-10-10T15:49:55.921+0000] {dag.py:3696} INFO - Setting next_dagrun for example_branch_dop_operator_v3 to 2023-10-10T15:48:00+00:00, run_after=2023-10-10T15:49:00+00:00
[2023-10-10T15:49:55.939+0000] {processor.py:179} INFO - Processing /home/airflow/.local/lib/python3.8/site-packages/airflow/example_dags/example_branch_python_dop_operator_3.py took 0.087 seconds
[2023-10-10T15:50:26.743+0000] {processor.py:157} INFO - Started process (PID=2963) to work on /home/airflow/.local/lib/python3.8/site-packages/airflow/example_dags/example_branch_python_dop_operator_3.py
[2023-10-10T15:50:26.748+0000] {processor.py:829} INFO - Processing file /home/airflow/.local/lib/python3.8/site-packages/airflow/example_dags/example_branch_python_dop_operator_3.py for tasks to queue
[2023-10-10T15:50:26.749+0000] {logging_mixin.py:151} INFO - [2023-10-10T15:50:26.749+0000] {dagbag.py:539} INFO - Filling up the DagBag from /home/airflow/.local/lib/python3.8/site-packages/airflow/example_dags/example_branch_python_dop_operator_3.py
[2023-10-10T15:50:26.757+0000] {processor.py:839} INFO - DAG(s) dict_keys(['example_branch_dop_operator_v3']) retrieved from /home/airflow/.local/lib/python3.8/site-packages/airflow/example_dags/example_branch_python_dop_operator_3.py
[2023-10-10T15:50:26.777+0000] {logging_mixin.py:151} INFO - [2023-10-10T15:50:26.777+0000] {dag.py:2915} INFO - Sync 1 DAGs
[2023-10-10T15:50:26.802+0000] {logging_mixin.py:151} INFO - [2023-10-10T15:50:26.802+0000] {dag.py:3696} INFO - Setting next_dagrun for example_branch_dop_operator_v3 to 2023-10-10T15:49:00+00:00, run_after=2023-10-10T15:50:00+00:00
[2023-10-10T15:50:26.822+0000] {processor.py:179} INFO - Processing /home/airflow/.local/lib/python3.8/site-packages/airflow/example_dags/example_branch_python_dop_operator_3.py took 0.081 seconds
[2023-10-10T15:50:56.925+0000] {processor.py:157} INFO - Started process (PID=3015) to work on /home/airflow/.local/lib/python3.8/site-packages/airflow/example_dags/example_branch_python_dop_operator_3.py
[2023-10-10T15:50:56.925+0000] {processor.py:829} INFO - Processing file /home/airflow/.local/lib/python3.8/site-packages/airflow/example_dags/example_branch_python_dop_operator_3.py for tasks to queue
[2023-10-10T15:50:56.927+0000] {logging_mixin.py:151} INFO - [2023-10-10T15:50:56.927+0000] {dagbag.py:539} INFO - Filling up the DagBag from /home/airflow/.local/lib/python3.8/site-packages/airflow/example_dags/example_branch_python_dop_operator_3.py
[2023-10-10T15:50:56.935+0000] {processor.py:839} INFO - DAG(s) dict_keys(['example_branch_dop_operator_v3']) retrieved from /home/airflow/.local/lib/python3.8/site-packages/airflow/example_dags/example_branch_python_dop_operator_3.py
[2023-10-10T15:50:56.957+0000] {logging_mixin.py:151} INFO - [2023-10-10T15:50:56.957+0000] {dag.py:2915} INFO - Sync 1 DAGs
[2023-10-10T15:50:56.989+0000] {logging_mixin.py:151} INFO - [2023-10-10T15:50:56.989+0000] {dag.py:3696} INFO - Setting next_dagrun for example_branch_dop_operator_v3 to 2023-10-10T15:49:00+00:00, run_after=2023-10-10T15:50:00+00:00
[2023-10-10T15:50:57.011+0000] {processor.py:179} INFO - Processing /home/airflow/.local/lib/python3.8/site-packages/airflow/example_dags/example_branch_python_dop_operator_3.py took 0.089 seconds
[2023-10-10T15:51:27.688+0000] {processor.py:157} INFO - Started process (PID=3076) to work on /home/airflow/.local/lib/python3.8/site-packages/airflow/example_dags/example_branch_python_dop_operator_3.py
[2023-10-10T15:51:27.688+0000] {processor.py:829} INFO - Processing file /home/airflow/.local/lib/python3.8/site-packages/airflow/example_dags/example_branch_python_dop_operator_3.py for tasks to queue
[2023-10-10T15:51:27.690+0000] {logging_mixin.py:151} INFO - [2023-10-10T15:51:27.690+0000] {dagbag.py:539} INFO - Filling up the DagBag from /home/airflow/.local/lib/python3.8/site-packages/airflow/example_dags/example_branch_python_dop_operator_3.py
[2023-10-10T15:51:27.697+0000] {processor.py:839} INFO - DAG(s) dict_keys(['example_branch_dop_operator_v3']) retrieved from /home/airflow/.local/lib/python3.8/site-packages/airflow/example_dags/example_branch_python_dop_operator_3.py
[2023-10-10T15:51:27.713+0000] {logging_mixin.py:151} INFO - [2023-10-10T15:51:27.713+0000] {dag.py:2915} INFO - Sync 1 DAGs
[2023-10-10T15:51:27.736+0000] {logging_mixin.py:151} INFO - [2023-10-10T15:51:27.736+0000] {dag.py:3696} INFO - Setting next_dagrun for example_branch_dop_operator_v3 to 2023-10-10T15:50:00+00:00, run_after=2023-10-10T15:51:00+00:00
[2023-10-10T15:51:27.787+0000] {processor.py:179} INFO - Processing /home/airflow/.local/lib/python3.8/site-packages/airflow/example_dags/example_branch_python_dop_operator_3.py took 0.102 seconds
[2023-10-10T15:51:58.647+0000] {processor.py:157} INFO - Started process (PID=3130) to work on /home/airflow/.local/lib/python3.8/site-packages/airflow/example_dags/example_branch_python_dop_operator_3.py
[2023-10-10T15:51:58.648+0000] {processor.py:829} INFO - Processing file /home/airflow/.local/lib/python3.8/site-packages/airflow/example_dags/example_branch_python_dop_operator_3.py for tasks to queue
[2023-10-10T15:51:58.650+0000] {logging_mixin.py:151} INFO - [2023-10-10T15:51:58.650+0000] {dagbag.py:539} INFO - Filling up the DagBag from /home/airflow/.local/lib/python3.8/site-packages/airflow/example_dags/example_branch_python_dop_operator_3.py
[2023-10-10T15:51:58.657+0000] {processor.py:839} INFO - DAG(s) dict_keys(['example_branch_dop_operator_v3']) retrieved from /home/airflow/.local/lib/python3.8/site-packages/airflow/example_dags/example_branch_python_dop_operator_3.py
[2023-10-10T15:51:58.696+0000] {logging_mixin.py:151} INFO - [2023-10-10T15:51:58.696+0000] {dag.py:2915} INFO - Sync 1 DAGs
[2023-10-10T15:51:58.727+0000] {logging_mixin.py:151} INFO - [2023-10-10T15:51:58.726+0000] {dag.py:3696} INFO - Setting next_dagrun for example_branch_dop_operator_v3 to 2023-10-10T15:50:00+00:00, run_after=2023-10-10T15:51:00+00:00
[2023-10-10T15:51:58.742+0000] {processor.py:179} INFO - Processing /home/airflow/.local/lib/python3.8/site-packages/airflow/example_dags/example_branch_python_dop_operator_3.py took 0.097 seconds
[2023-10-10T15:52:29.138+0000] {processor.py:157} INFO - Started process (PID=3175) to work on /home/airflow/.local/lib/python3.8/site-packages/airflow/example_dags/example_branch_python_dop_operator_3.py
[2023-10-10T15:52:29.139+0000] {processor.py:829} INFO - Processing file /home/airflow/.local/lib/python3.8/site-packages/airflow/example_dags/example_branch_python_dop_operator_3.py for tasks to queue
[2023-10-10T15:52:29.140+0000] {logging_mixin.py:151} INFO - [2023-10-10T15:52:29.140+0000] {dagbag.py:539} INFO - Filling up the DagBag from /home/airflow/.local/lib/python3.8/site-packages/airflow/example_dags/example_branch_python_dop_operator_3.py
[2023-10-10T15:52:29.147+0000] {processor.py:839} INFO - DAG(s) dict_keys(['example_branch_dop_operator_v3']) retrieved from /home/airflow/.local/lib/python3.8/site-packages/airflow/example_dags/example_branch_python_dop_operator_3.py
[2023-10-10T15:52:29.186+0000] {logging_mixin.py:151} INFO - [2023-10-10T15:52:29.186+0000] {dag.py:2915} INFO - Sync 1 DAGs
[2023-10-10T15:52:29.211+0000] {logging_mixin.py:151} INFO - [2023-10-10T15:52:29.210+0000] {dag.py:3696} INFO - Setting next_dagrun for example_branch_dop_operator_v3 to 2023-10-10T15:51:00+00:00, run_after=2023-10-10T15:52:00+00:00
[2023-10-10T15:52:29.227+0000] {processor.py:179} INFO - Processing /home/airflow/.local/lib/python3.8/site-packages/airflow/example_dags/example_branch_python_dop_operator_3.py took 0.091 seconds
[2023-10-10T15:52:59.829+0000] {processor.py:157} INFO - Started process (PID=3229) to work on /home/airflow/.local/lib/python3.8/site-packages/airflow/example_dags/example_branch_python_dop_operator_3.py
[2023-10-10T15:52:59.830+0000] {processor.py:829} INFO - Processing file /home/airflow/.local/lib/python3.8/site-packages/airflow/example_dags/example_branch_python_dop_operator_3.py for tasks to queue
[2023-10-10T15:52:59.832+0000] {logging_mixin.py:151} INFO - [2023-10-10T15:52:59.832+0000] {dagbag.py:539} INFO - Filling up the DagBag from /home/airflow/.local/lib/python3.8/site-packages/airflow/example_dags/example_branch_python_dop_operator_3.py
[2023-10-10T15:52:59.842+0000] {processor.py:839} INFO - DAG(s) dict_keys(['example_branch_dop_operator_v3']) retrieved from /home/airflow/.local/lib/python3.8/site-packages/airflow/example_dags/example_branch_python_dop_operator_3.py
[2023-10-10T15:52:59.867+0000] {logging_mixin.py:151} INFO - [2023-10-10T15:52:59.866+0000] {dag.py:2915} INFO - Sync 1 DAGs
[2023-10-10T15:52:59.905+0000] {logging_mixin.py:151} INFO - [2023-10-10T15:52:59.905+0000] {dag.py:3696} INFO - Setting next_dagrun for example_branch_dop_operator_v3 to 2023-10-10T15:51:00+00:00, run_after=2023-10-10T15:52:00+00:00
[2023-10-10T15:53:00.109+0000] {processor.py:179} INFO - Processing /home/airflow/.local/lib/python3.8/site-packages/airflow/example_dags/example_branch_python_dop_operator_3.py took 0.283 seconds
[2023-10-10T15:53:30.582+0000] {processor.py:157} INFO - Started process (PID=3276) to work on /home/airflow/.local/lib/python3.8/site-packages/airflow/example_dags/example_branch_python_dop_operator_3.py
[2023-10-10T15:53:30.583+0000] {processor.py:829} INFO - Processing file /home/airflow/.local/lib/python3.8/site-packages/airflow/example_dags/example_branch_python_dop_operator_3.py for tasks to queue
[2023-10-10T15:53:30.586+0000] {logging_mixin.py:151} INFO - [2023-10-10T15:53:30.586+0000] {dagbag.py:539} INFO - Filling up the DagBag from /home/airflow/.local/lib/python3.8/site-packages/airflow/example_dags/example_branch_python_dop_operator_3.py
[2023-10-10T15:53:30.595+0000] {processor.py:839} INFO - DAG(s) dict_keys(['example_branch_dop_operator_v3']) retrieved from /home/airflow/.local/lib/python3.8/site-packages/airflow/example_dags/example_branch_python_dop_operator_3.py
[2023-10-10T15:53:30.616+0000] {logging_mixin.py:151} INFO - [2023-10-10T15:53:30.616+0000] {dag.py:2915} INFO - Sync 1 DAGs
[2023-10-10T15:53:30.649+0000] {logging_mixin.py:151} INFO - [2023-10-10T15:53:30.649+0000] {dag.py:3696} INFO - Setting next_dagrun for example_branch_dop_operator_v3 to 2023-10-10T15:52:00+00:00, run_after=2023-10-10T15:53:00+00:00
[2023-10-10T15:53:30.666+0000] {processor.py:179} INFO - Processing /home/airflow/.local/lib/python3.8/site-packages/airflow/example_dags/example_branch_python_dop_operator_3.py took 0.086 seconds
[2023-10-10T15:54:01.594+0000] {processor.py:157} INFO - Started process (PID=3331) to work on /home/airflow/.local/lib/python3.8/site-packages/airflow/example_dags/example_branch_python_dop_operator_3.py
[2023-10-10T15:54:01.596+0000] {processor.py:829} INFO - Processing file /home/airflow/.local/lib/python3.8/site-packages/airflow/example_dags/example_branch_python_dop_operator_3.py for tasks to queue
[2023-10-10T15:54:01.599+0000] {logging_mixin.py:151} INFO - [2023-10-10T15:54:01.599+0000] {dagbag.py:539} INFO - Filling up the DagBag from /home/airflow/.local/lib/python3.8/site-packages/airflow/example_dags/example_branch_python_dop_operator_3.py
[2023-10-10T15:54:01.609+0000] {processor.py:839} INFO - DAG(s) dict_keys(['example_branch_dop_operator_v3']) retrieved from /home/airflow/.local/lib/python3.8/site-packages/airflow/example_dags/example_branch_python_dop_operator_3.py
[2023-10-10T15:54:01.639+0000] {logging_mixin.py:151} INFO - [2023-10-10T15:54:01.638+0000] {dag.py:2915} INFO - Sync 1 DAGs
[2023-10-10T15:54:01.701+0000] {logging_mixin.py:151} INFO - [2023-10-10T15:54:01.700+0000] {dag.py:3696} INFO - Setting next_dagrun for example_branch_dop_operator_v3 to 2023-10-10T15:53:00+00:00, run_after=2023-10-10T15:54:00+00:00
[2023-10-10T15:54:01.728+0000] {processor.py:179} INFO - Processing /home/airflow/.local/lib/python3.8/site-packages/airflow/example_dags/example_branch_python_dop_operator_3.py took 0.137 seconds
[2023-10-10T15:54:32.027+0000] {processor.py:157} INFO - Started process (PID=3385) to work on /home/airflow/.local/lib/python3.8/site-packages/airflow/example_dags/example_branch_python_dop_operator_3.py
[2023-10-10T15:54:32.029+0000] {processor.py:829} INFO - Processing file /home/airflow/.local/lib/python3.8/site-packages/airflow/example_dags/example_branch_python_dop_operator_3.py for tasks to queue
[2023-10-10T15:54:32.031+0000] {logging_mixin.py:151} INFO - [2023-10-10T15:54:32.031+0000] {dagbag.py:539} INFO - Filling up the DagBag from /home/airflow/.local/lib/python3.8/site-packages/airflow/example_dags/example_branch_python_dop_operator_3.py
[2023-10-10T15:54:32.041+0000] {processor.py:839} INFO - DAG(s) dict_keys(['example_branch_dop_operator_v3']) retrieved from /home/airflow/.local/lib/python3.8/site-packages/airflow/example_dags/example_branch_python_dop_operator_3.py
[2023-10-10T15:54:32.067+0000] {logging_mixin.py:151} INFO - [2023-10-10T15:54:32.067+0000] {dag.py:2915} INFO - Sync 1 DAGs
[2023-10-10T15:54:32.104+0000] {logging_mixin.py:151} INFO - [2023-10-10T15:54:32.103+0000] {dag.py:3696} INFO - Setting next_dagrun for example_branch_dop_operator_v3 to 2023-10-10T15:53:00+00:00, run_after=2023-10-10T15:54:00+00:00
[2023-10-10T15:54:32.126+0000] {processor.py:179} INFO - Processing /home/airflow/.local/lib/python3.8/site-packages/airflow/example_dags/example_branch_python_dop_operator_3.py took 0.102 seconds
[2023-10-10T15:55:02.713+0000] {processor.py:157} INFO - Started process (PID=3435) to work on /home/airflow/.local/lib/python3.8/site-packages/airflow/example_dags/example_branch_python_dop_operator_3.py
[2023-10-10T15:55:02.714+0000] {processor.py:829} INFO - Processing file /home/airflow/.local/lib/python3.8/site-packages/airflow/example_dags/example_branch_python_dop_operator_3.py for tasks to queue
[2023-10-10T15:55:02.715+0000] {logging_mixin.py:151} INFO - [2023-10-10T15:55:02.715+0000] {dagbag.py:539} INFO - Filling up the DagBag from /home/airflow/.local/lib/python3.8/site-packages/airflow/example_dags/example_branch_python_dop_operator_3.py
[2023-10-10T15:55:02.723+0000] {processor.py:839} INFO - DAG(s) dict_keys(['example_branch_dop_operator_v3']) retrieved from /home/airflow/.local/lib/python3.8/site-packages/airflow/example_dags/example_branch_python_dop_operator_3.py
[2023-10-10T15:55:02.741+0000] {logging_mixin.py:151} INFO - [2023-10-10T15:55:02.741+0000] {dag.py:2915} INFO - Sync 1 DAGs
[2023-10-10T15:55:02.766+0000] {logging_mixin.py:151} INFO - [2023-10-10T15:55:02.765+0000] {dag.py:3696} INFO - Setting next_dagrun for example_branch_dop_operator_v3 to 2023-10-10T15:54:00+00:00, run_after=2023-10-10T15:55:00+00:00
[2023-10-10T15:55:02.783+0000] {processor.py:179} INFO - Processing /home/airflow/.local/lib/python3.8/site-packages/airflow/example_dags/example_branch_python_dop_operator_3.py took 0.073 seconds
[2023-10-10T15:55:33.994+0000] {processor.py:157} INFO - Started process (PID=3489) to work on /home/airflow/.local/lib/python3.8/site-packages/airflow/example_dags/example_branch_python_dop_operator_3.py
[2023-10-10T15:55:33.995+0000] {processor.py:829} INFO - Processing file /home/airflow/.local/lib/python3.8/site-packages/airflow/example_dags/example_branch_python_dop_operator_3.py for tasks to queue
[2023-10-10T15:55:33.996+0000] {logging_mixin.py:151} INFO - [2023-10-10T15:55:33.996+0000] {dagbag.py:539} INFO - Filling up the DagBag from /home/airflow/.local/lib/python3.8/site-packages/airflow/example_dags/example_branch_python_dop_operator_3.py
[2023-10-10T15:55:34.004+0000] {processor.py:839} INFO - DAG(s) dict_keys(['example_branch_dop_operator_v3']) retrieved from /home/airflow/.local/lib/python3.8/site-packages/airflow/example_dags/example_branch_python_dop_operator_3.py
[2023-10-10T15:55:34.025+0000] {logging_mixin.py:151} INFO - [2023-10-10T15:55:34.024+0000] {dag.py:2915} INFO - Sync 1 DAGs
[2023-10-10T15:55:34.049+0000] {logging_mixin.py:151} INFO - [2023-10-10T15:55:34.049+0000] {dag.py:3696} INFO - Setting next_dagrun for example_branch_dop_operator_v3 to 2023-10-10T15:54:00+00:00, run_after=2023-10-10T15:55:00+00:00
[2023-10-10T15:55:34.064+0000] {processor.py:179} INFO - Processing /home/airflow/.local/lib/python3.8/site-packages/airflow/example_dags/example_branch_python_dop_operator_3.py took 0.073 seconds
[2023-10-10T15:56:05.225+0000] {processor.py:157} INFO - Started process (PID=3542) to work on /home/airflow/.local/lib/python3.8/site-packages/airflow/example_dags/example_branch_python_dop_operator_3.py
[2023-10-10T15:56:05.226+0000] {processor.py:829} INFO - Processing file /home/airflow/.local/lib/python3.8/site-packages/airflow/example_dags/example_branch_python_dop_operator_3.py for tasks to queue
[2023-10-10T15:56:05.228+0000] {logging_mixin.py:151} INFO - [2023-10-10T15:56:05.227+0000] {dagbag.py:539} INFO - Filling up the DagBag from /home/airflow/.local/lib/python3.8/site-packages/airflow/example_dags/example_branch_python_dop_operator_3.py
[2023-10-10T15:56:05.235+0000] {processor.py:839} INFO - DAG(s) dict_keys(['example_branch_dop_operator_v3']) retrieved from /home/airflow/.local/lib/python3.8/site-packages/airflow/example_dags/example_branch_python_dop_operator_3.py
[2023-10-10T15:56:05.288+0000] {logging_mixin.py:151} INFO - [2023-10-10T15:56:05.287+0000] {dag.py:2915} INFO - Sync 1 DAGs
[2023-10-10T15:56:05.312+0000] {logging_mixin.py:151} INFO - [2023-10-10T15:56:05.312+0000] {dag.py:3696} INFO - Setting next_dagrun for example_branch_dop_operator_v3 to 2023-10-10T15:55:00+00:00, run_after=2023-10-10T15:56:00+00:00
[2023-10-10T15:56:05.384+0000] {processor.py:179} INFO - Processing /home/airflow/.local/lib/python3.8/site-packages/airflow/example_dags/example_branch_python_dop_operator_3.py took 0.162 seconds
[2023-10-10T15:56:35.444+0000] {processor.py:157} INFO - Started process (PID=3589) to work on /home/airflow/.local/lib/python3.8/site-packages/airflow/example_dags/example_branch_python_dop_operator_3.py
[2023-10-10T15:56:35.445+0000] {processor.py:829} INFO - Processing file /home/airflow/.local/lib/python3.8/site-packages/airflow/example_dags/example_branch_python_dop_operator_3.py for tasks to queue
[2023-10-10T15:56:35.446+0000] {logging_mixin.py:151} INFO - [2023-10-10T15:56:35.446+0000] {dagbag.py:539} INFO - Filling up the DagBag from /home/airflow/.local/lib/python3.8/site-packages/airflow/example_dags/example_branch_python_dop_operator_3.py
[2023-10-10T15:56:35.454+0000] {processor.py:839} INFO - DAG(s) dict_keys(['example_branch_dop_operator_v3']) retrieved from /home/airflow/.local/lib/python3.8/site-packages/airflow/example_dags/example_branch_python_dop_operator_3.py
[2023-10-10T15:56:35.472+0000] {logging_mixin.py:151} INFO - [2023-10-10T15:56:35.472+0000] {dag.py:2915} INFO - Sync 1 DAGs
[2023-10-10T15:56:35.496+0000] {logging_mixin.py:151} INFO - [2023-10-10T15:56:35.496+0000] {dag.py:3696} INFO - Setting next_dagrun for example_branch_dop_operator_v3 to 2023-10-10T15:55:00+00:00, run_after=2023-10-10T15:56:00+00:00
[2023-10-10T15:56:35.510+0000] {processor.py:179} INFO - Processing /home/airflow/.local/lib/python3.8/site-packages/airflow/example_dags/example_branch_python_dop_operator_3.py took 0.068 seconds
[2023-10-10T15:57:06.060+0000] {processor.py:157} INFO - Started process (PID=3643) to work on /home/airflow/.local/lib/python3.8/site-packages/airflow/example_dags/example_branch_python_dop_operator_3.py
[2023-10-10T15:57:06.061+0000] {processor.py:829} INFO - Processing file /home/airflow/.local/lib/python3.8/site-packages/airflow/example_dags/example_branch_python_dop_operator_3.py for tasks to queue
[2023-10-10T15:57:06.063+0000] {logging_mixin.py:151} INFO - [2023-10-10T15:57:06.063+0000] {dagbag.py:539} INFO - Filling up the DagBag from /home/airflow/.local/lib/python3.8/site-packages/airflow/example_dags/example_branch_python_dop_operator_3.py
[2023-10-10T15:57:06.072+0000] {processor.py:839} INFO - DAG(s) dict_keys(['example_branch_dop_operator_v3']) retrieved from /home/airflow/.local/lib/python3.8/site-packages/airflow/example_dags/example_branch_python_dop_operator_3.py
[2023-10-10T15:57:06.094+0000] {logging_mixin.py:151} INFO - [2023-10-10T15:57:06.094+0000] {dag.py:2915} INFO - Sync 1 DAGs
[2023-10-10T15:57:06.133+0000] {logging_mixin.py:151} INFO - [2023-10-10T15:57:06.133+0000] {dag.py:3696} INFO - Setting next_dagrun for example_branch_dop_operator_v3 to 2023-10-10T15:56:00+00:00, run_after=2023-10-10T15:57:00+00:00
[2023-10-10T15:57:06.151+0000] {processor.py:179} INFO - Processing /home/airflow/.local/lib/python3.8/site-packages/airflow/example_dags/example_branch_python_dop_operator_3.py took 0.094 seconds
