[2023-10-10T15:24:05.845+0000] {processor.py:157} INFO - Started process (PID=167) to work on /home/airflow/.local/lib/python3.8/site-packages/airflow/example_dags/example_local_kubernetes_executor.py
[2023-10-10T15:24:05.846+0000] {processor.py:829} INFO - Processing file /home/airflow/.local/lib/python3.8/site-packages/airflow/example_dags/example_local_kubernetes_executor.py for tasks to queue
[2023-10-10T15:24:05.847+0000] {logging_mixin.py:151} INFO - [2023-10-10T15:24:05.847+0000] {dagbag.py:539} INFO - Filling up the DagBag from /home/airflow/.local/lib/python3.8/site-packages/airflow/example_dags/example_local_kubernetes_executor.py
[2023-10-10T15:24:07.085+0000] {processor.py:839} INFO - DAG(s) dict_keys(['example_local_kubernetes_executor']) retrieved from /home/airflow/.local/lib/python3.8/site-packages/airflow/example_dags/example_local_kubernetes_executor.py
[2023-10-10T15:24:07.100+0000] {logging_mixin.py:151} INFO - [2023-10-10T15:24:07.099+0000] {dag.py:2915} INFO - Sync 1 DAGs
[2023-10-10T15:24:07.117+0000] {logging_mixin.py:151} INFO - [2023-10-10T15:24:07.117+0000] {dag.py:3696} INFO - Setting next_dagrun for example_local_kubernetes_executor to None, run_after=None
[2023-10-10T15:24:07.139+0000] {processor.py:179} INFO - Processing /home/airflow/.local/lib/python3.8/site-packages/airflow/example_dags/example_local_kubernetes_executor.py took 1.296 seconds
[2023-10-10T15:24:37.893+0000] {processor.py:157} INFO - Started process (PID=221) to work on /home/airflow/.local/lib/python3.8/site-packages/airflow/example_dags/example_local_kubernetes_executor.py
[2023-10-10T15:24:37.893+0000] {processor.py:829} INFO - Processing file /home/airflow/.local/lib/python3.8/site-packages/airflow/example_dags/example_local_kubernetes_executor.py for tasks to queue
[2023-10-10T15:24:37.896+0000] {logging_mixin.py:151} INFO - [2023-10-10T15:24:37.896+0000] {dagbag.py:539} INFO - Filling up the DagBag from /home/airflow/.local/lib/python3.8/site-packages/airflow/example_dags/example_local_kubernetes_executor.py
[2023-10-10T15:24:38.286+0000] {processor.py:839} INFO - DAG(s) dict_keys(['example_local_kubernetes_executor']) retrieved from /home/airflow/.local/lib/python3.8/site-packages/airflow/example_dags/example_local_kubernetes_executor.py
[2023-10-10T15:24:38.330+0000] {logging_mixin.py:151} INFO - [2023-10-10T15:24:38.329+0000] {dag.py:2915} INFO - Sync 1 DAGs
[2023-10-10T15:24:38.340+0000] {logging_mixin.py:151} INFO - [2023-10-10T15:24:38.340+0000] {dag.py:3696} INFO - Setting next_dagrun for example_local_kubernetes_executor to None, run_after=None
[2023-10-10T15:24:38.357+0000] {processor.py:179} INFO - Processing /home/airflow/.local/lib/python3.8/site-packages/airflow/example_dags/example_local_kubernetes_executor.py took 0.468 seconds
[2023-10-10T15:25:09.213+0000] {processor.py:157} INFO - Started process (PID=275) to work on /home/airflow/.local/lib/python3.8/site-packages/airflow/example_dags/example_local_kubernetes_executor.py
[2023-10-10T15:25:09.214+0000] {processor.py:829} INFO - Processing file /home/airflow/.local/lib/python3.8/site-packages/airflow/example_dags/example_local_kubernetes_executor.py for tasks to queue
[2023-10-10T15:25:09.217+0000] {logging_mixin.py:151} INFO - [2023-10-10T15:25:09.216+0000] {dagbag.py:539} INFO - Filling up the DagBag from /home/airflow/.local/lib/python3.8/site-packages/airflow/example_dags/example_local_kubernetes_executor.py
[2023-10-10T15:25:09.621+0000] {processor.py:839} INFO - DAG(s) dict_keys(['example_local_kubernetes_executor']) retrieved from /home/airflow/.local/lib/python3.8/site-packages/airflow/example_dags/example_local_kubernetes_executor.py
[2023-10-10T15:25:09.660+0000] {logging_mixin.py:151} INFO - [2023-10-10T15:25:09.660+0000] {dag.py:2915} INFO - Sync 1 DAGs
[2023-10-10T15:25:09.675+0000] {logging_mixin.py:151} INFO - [2023-10-10T15:25:09.674+0000] {dag.py:3696} INFO - Setting next_dagrun for example_local_kubernetes_executor to None, run_after=None
[2023-10-10T15:25:09.693+0000] {processor.py:179} INFO - Processing /home/airflow/.local/lib/python3.8/site-packages/airflow/example_dags/example_local_kubernetes_executor.py took 0.485 seconds
[2023-10-10T15:25:40.243+0000] {processor.py:157} INFO - Started process (PID=329) to work on /home/airflow/.local/lib/python3.8/site-packages/airflow/example_dags/example_local_kubernetes_executor.py
[2023-10-10T15:25:40.244+0000] {processor.py:829} INFO - Processing file /home/airflow/.local/lib/python3.8/site-packages/airflow/example_dags/example_local_kubernetes_executor.py for tasks to queue
[2023-10-10T15:25:40.245+0000] {logging_mixin.py:151} INFO - [2023-10-10T15:25:40.245+0000] {dagbag.py:539} INFO - Filling up the DagBag from /home/airflow/.local/lib/python3.8/site-packages/airflow/example_dags/example_local_kubernetes_executor.py
[2023-10-10T15:25:40.492+0000] {processor.py:839} INFO - DAG(s) dict_keys(['example_local_kubernetes_executor']) retrieved from /home/airflow/.local/lib/python3.8/site-packages/airflow/example_dags/example_local_kubernetes_executor.py
[2023-10-10T15:25:40.528+0000] {logging_mixin.py:151} INFO - [2023-10-10T15:25:40.527+0000] {dag.py:2915} INFO - Sync 1 DAGs
[2023-10-10T15:25:40.539+0000] {logging_mixin.py:151} INFO - [2023-10-10T15:25:40.539+0000] {dag.py:3696} INFO - Setting next_dagrun for example_local_kubernetes_executor to None, run_after=None
[2023-10-10T15:25:40.554+0000] {processor.py:179} INFO - Processing /home/airflow/.local/lib/python3.8/site-packages/airflow/example_dags/example_local_kubernetes_executor.py took 0.313 seconds
[2023-10-10T15:26:10.849+0000] {processor.py:157} INFO - Started process (PID=383) to work on /home/airflow/.local/lib/python3.8/site-packages/airflow/example_dags/example_local_kubernetes_executor.py
[2023-10-10T15:26:10.850+0000] {processor.py:829} INFO - Processing file /home/airflow/.local/lib/python3.8/site-packages/airflow/example_dags/example_local_kubernetes_executor.py for tasks to queue
[2023-10-10T15:26:10.852+0000] {logging_mixin.py:151} INFO - [2023-10-10T15:26:10.852+0000] {dagbag.py:539} INFO - Filling up the DagBag from /home/airflow/.local/lib/python3.8/site-packages/airflow/example_dags/example_local_kubernetes_executor.py
[2023-10-10T15:26:11.109+0000] {processor.py:839} INFO - DAG(s) dict_keys(['example_local_kubernetes_executor']) retrieved from /home/airflow/.local/lib/python3.8/site-packages/airflow/example_dags/example_local_kubernetes_executor.py
[2023-10-10T15:26:11.140+0000] {logging_mixin.py:151} INFO - [2023-10-10T15:26:11.140+0000] {dag.py:2915} INFO - Sync 1 DAGs
[2023-10-10T15:26:11.153+0000] {logging_mixin.py:151} INFO - [2023-10-10T15:26:11.153+0000] {dag.py:3696} INFO - Setting next_dagrun for example_local_kubernetes_executor to None, run_after=None
[2023-10-10T15:26:11.170+0000] {processor.py:179} INFO - Processing /home/airflow/.local/lib/python3.8/site-packages/airflow/example_dags/example_local_kubernetes_executor.py took 0.324 seconds
[2023-10-10T15:26:41.420+0000] {processor.py:157} INFO - Started process (PID=437) to work on /home/airflow/.local/lib/python3.8/site-packages/airflow/example_dags/example_local_kubernetes_executor.py
[2023-10-10T15:26:41.421+0000] {processor.py:829} INFO - Processing file /home/airflow/.local/lib/python3.8/site-packages/airflow/example_dags/example_local_kubernetes_executor.py for tasks to queue
[2023-10-10T15:26:41.423+0000] {logging_mixin.py:151} INFO - [2023-10-10T15:26:41.423+0000] {dagbag.py:539} INFO - Filling up the DagBag from /home/airflow/.local/lib/python3.8/site-packages/airflow/example_dags/example_local_kubernetes_executor.py
[2023-10-10T15:26:41.687+0000] {processor.py:839} INFO - DAG(s) dict_keys(['example_local_kubernetes_executor']) retrieved from /home/airflow/.local/lib/python3.8/site-packages/airflow/example_dags/example_local_kubernetes_executor.py
[2023-10-10T15:26:41.717+0000] {logging_mixin.py:151} INFO - [2023-10-10T15:26:41.716+0000] {dag.py:2915} INFO - Sync 1 DAGs
[2023-10-10T15:26:41.727+0000] {logging_mixin.py:151} INFO - [2023-10-10T15:26:41.727+0000] {dag.py:3696} INFO - Setting next_dagrun for example_local_kubernetes_executor to None, run_after=None
[2023-10-10T15:26:41.741+0000] {processor.py:179} INFO - Processing /home/airflow/.local/lib/python3.8/site-packages/airflow/example_dags/example_local_kubernetes_executor.py took 0.324 seconds
[2023-10-10T15:27:12.027+0000] {processor.py:157} INFO - Started process (PID=491) to work on /home/airflow/.local/lib/python3.8/site-packages/airflow/example_dags/example_local_kubernetes_executor.py
[2023-10-10T15:27:12.028+0000] {processor.py:829} INFO - Processing file /home/airflow/.local/lib/python3.8/site-packages/airflow/example_dags/example_local_kubernetes_executor.py for tasks to queue
[2023-10-10T15:27:12.029+0000] {logging_mixin.py:151} INFO - [2023-10-10T15:27:12.029+0000] {dagbag.py:539} INFO - Filling up the DagBag from /home/airflow/.local/lib/python3.8/site-packages/airflow/example_dags/example_local_kubernetes_executor.py
[2023-10-10T15:27:12.289+0000] {processor.py:839} INFO - DAG(s) dict_keys(['example_local_kubernetes_executor']) retrieved from /home/airflow/.local/lib/python3.8/site-packages/airflow/example_dags/example_local_kubernetes_executor.py
[2023-10-10T15:27:12.327+0000] {logging_mixin.py:151} INFO - [2023-10-10T15:27:12.326+0000] {dag.py:2915} INFO - Sync 1 DAGs
[2023-10-10T15:27:12.340+0000] {logging_mixin.py:151} INFO - [2023-10-10T15:27:12.339+0000] {dag.py:3696} INFO - Setting next_dagrun for example_local_kubernetes_executor to None, run_after=None
[2023-10-10T15:27:12.354+0000] {processor.py:179} INFO - Processing /home/airflow/.local/lib/python3.8/site-packages/airflow/example_dags/example_local_kubernetes_executor.py took 0.329 seconds
[2023-10-10T15:27:42.589+0000] {processor.py:157} INFO - Started process (PID=545) to work on /home/airflow/.local/lib/python3.8/site-packages/airflow/example_dags/example_local_kubernetes_executor.py
[2023-10-10T15:27:42.590+0000] {processor.py:829} INFO - Processing file /home/airflow/.local/lib/python3.8/site-packages/airflow/example_dags/example_local_kubernetes_executor.py for tasks to queue
[2023-10-10T15:27:42.591+0000] {logging_mixin.py:151} INFO - [2023-10-10T15:27:42.591+0000] {dagbag.py:539} INFO - Filling up the DagBag from /home/airflow/.local/lib/python3.8/site-packages/airflow/example_dags/example_local_kubernetes_executor.py
[2023-10-10T15:27:42.864+0000] {processor.py:839} INFO - DAG(s) dict_keys(['example_local_kubernetes_executor']) retrieved from /home/airflow/.local/lib/python3.8/site-packages/airflow/example_dags/example_local_kubernetes_executor.py
[2023-10-10T15:27:42.911+0000] {logging_mixin.py:151} INFO - [2023-10-10T15:27:42.910+0000] {dag.py:2915} INFO - Sync 1 DAGs
[2023-10-10T15:27:42.927+0000] {logging_mixin.py:151} INFO - [2023-10-10T15:27:42.926+0000] {dag.py:3696} INFO - Setting next_dagrun for example_local_kubernetes_executor to None, run_after=None
[2023-10-10T15:27:42.948+0000] {processor.py:179} INFO - Processing /home/airflow/.local/lib/python3.8/site-packages/airflow/example_dags/example_local_kubernetes_executor.py took 0.362 seconds
[2023-10-10T15:28:13.529+0000] {processor.py:157} INFO - Started process (PID=599) to work on /home/airflow/.local/lib/python3.8/site-packages/airflow/example_dags/example_local_kubernetes_executor.py
[2023-10-10T15:28:13.529+0000] {processor.py:829} INFO - Processing file /home/airflow/.local/lib/python3.8/site-packages/airflow/example_dags/example_local_kubernetes_executor.py for tasks to queue
[2023-10-10T15:28:13.531+0000] {logging_mixin.py:151} INFO - [2023-10-10T15:28:13.530+0000] {dagbag.py:539} INFO - Filling up the DagBag from /home/airflow/.local/lib/python3.8/site-packages/airflow/example_dags/example_local_kubernetes_executor.py
[2023-10-10T15:28:13.801+0000] {processor.py:839} INFO - DAG(s) dict_keys(['example_local_kubernetes_executor']) retrieved from /home/airflow/.local/lib/python3.8/site-packages/airflow/example_dags/example_local_kubernetes_executor.py
[2023-10-10T15:28:13.833+0000] {logging_mixin.py:151} INFO - [2023-10-10T15:28:13.832+0000] {dag.py:2915} INFO - Sync 1 DAGs
[2023-10-10T15:28:13.844+0000] {logging_mixin.py:151} INFO - [2023-10-10T15:28:13.844+0000] {dag.py:3696} INFO - Setting next_dagrun for example_local_kubernetes_executor to None, run_after=None
[2023-10-10T15:28:13.858+0000] {processor.py:179} INFO - Processing /home/airflow/.local/lib/python3.8/site-packages/airflow/example_dags/example_local_kubernetes_executor.py took 0.332 seconds
[2023-10-10T15:28:44.312+0000] {processor.py:157} INFO - Started process (PID=653) to work on /home/airflow/.local/lib/python3.8/site-packages/airflow/example_dags/example_local_kubernetes_executor.py
[2023-10-10T15:28:44.313+0000] {processor.py:829} INFO - Processing file /home/airflow/.local/lib/python3.8/site-packages/airflow/example_dags/example_local_kubernetes_executor.py for tasks to queue
[2023-10-10T15:28:44.314+0000] {logging_mixin.py:151} INFO - [2023-10-10T15:28:44.314+0000] {dagbag.py:539} INFO - Filling up the DagBag from /home/airflow/.local/lib/python3.8/site-packages/airflow/example_dags/example_local_kubernetes_executor.py
[2023-10-10T15:28:44.563+0000] {processor.py:839} INFO - DAG(s) dict_keys(['example_local_kubernetes_executor']) retrieved from /home/airflow/.local/lib/python3.8/site-packages/airflow/example_dags/example_local_kubernetes_executor.py
[2023-10-10T15:28:44.608+0000] {logging_mixin.py:151} INFO - [2023-10-10T15:28:44.607+0000] {dag.py:2915} INFO - Sync 1 DAGs
[2023-10-10T15:28:44.622+0000] {logging_mixin.py:151} INFO - [2023-10-10T15:28:44.622+0000] {dag.py:3696} INFO - Setting next_dagrun for example_local_kubernetes_executor to None, run_after=None
[2023-10-10T15:28:44.643+0000] {processor.py:179} INFO - Processing /home/airflow/.local/lib/python3.8/site-packages/airflow/example_dags/example_local_kubernetes_executor.py took 0.334 seconds
[2023-10-10T15:29:14.696+0000] {processor.py:157} INFO - Started process (PID=707) to work on /home/airflow/.local/lib/python3.8/site-packages/airflow/example_dags/example_local_kubernetes_executor.py
[2023-10-10T15:29:14.697+0000] {processor.py:829} INFO - Processing file /home/airflow/.local/lib/python3.8/site-packages/airflow/example_dags/example_local_kubernetes_executor.py for tasks to queue
[2023-10-10T15:29:14.699+0000] {logging_mixin.py:151} INFO - [2023-10-10T15:29:14.699+0000] {dagbag.py:539} INFO - Filling up the DagBag from /home/airflow/.local/lib/python3.8/site-packages/airflow/example_dags/example_local_kubernetes_executor.py
[2023-10-10T15:29:15.291+0000] {processor.py:839} INFO - DAG(s) dict_keys(['example_local_kubernetes_executor']) retrieved from /home/airflow/.local/lib/python3.8/site-packages/airflow/example_dags/example_local_kubernetes_executor.py
[2023-10-10T15:29:15.589+0000] {logging_mixin.py:151} INFO - [2023-10-10T15:29:15.588+0000] {dag.py:2915} INFO - Sync 1 DAGs
[2023-10-10T15:29:15.700+0000] {logging_mixin.py:151} INFO - [2023-10-10T15:29:15.700+0000] {dag.py:3696} INFO - Setting next_dagrun for example_local_kubernetes_executor to None, run_after=None
[2023-10-10T15:29:15.803+0000] {processor.py:179} INFO - Processing /home/airflow/.local/lib/python3.8/site-packages/airflow/example_dags/example_local_kubernetes_executor.py took 1.110 seconds
[2023-10-10T15:29:46.027+0000] {processor.py:157} INFO - Started process (PID=761) to work on /home/airflow/.local/lib/python3.8/site-packages/airflow/example_dags/example_local_kubernetes_executor.py
[2023-10-10T15:29:46.028+0000] {processor.py:829} INFO - Processing file /home/airflow/.local/lib/python3.8/site-packages/airflow/example_dags/example_local_kubernetes_executor.py for tasks to queue
[2023-10-10T15:29:46.032+0000] {logging_mixin.py:151} INFO - [2023-10-10T15:29:46.032+0000] {dagbag.py:539} INFO - Filling up the DagBag from /home/airflow/.local/lib/python3.8/site-packages/airflow/example_dags/example_local_kubernetes_executor.py
[2023-10-10T15:29:46.309+0000] {processor.py:839} INFO - DAG(s) dict_keys(['example_local_kubernetes_executor']) retrieved from /home/airflow/.local/lib/python3.8/site-packages/airflow/example_dags/example_local_kubernetes_executor.py
[2023-10-10T15:29:46.340+0000] {logging_mixin.py:151} INFO - [2023-10-10T15:29:46.339+0000] {dag.py:2915} INFO - Sync 1 DAGs
[2023-10-10T15:29:46.351+0000] {logging_mixin.py:151} INFO - [2023-10-10T15:29:46.351+0000] {dag.py:3696} INFO - Setting next_dagrun for example_local_kubernetes_executor to None, run_after=None
[2023-10-10T15:29:46.365+0000] {processor.py:179} INFO - Processing /home/airflow/.local/lib/python3.8/site-packages/airflow/example_dags/example_local_kubernetes_executor.py took 0.341 seconds
[2023-10-10T15:30:16.696+0000] {processor.py:157} INFO - Started process (PID=815) to work on /home/airflow/.local/lib/python3.8/site-packages/airflow/example_dags/example_local_kubernetes_executor.py
[2023-10-10T15:30:16.697+0000] {processor.py:829} INFO - Processing file /home/airflow/.local/lib/python3.8/site-packages/airflow/example_dags/example_local_kubernetes_executor.py for tasks to queue
[2023-10-10T15:30:16.699+0000] {logging_mixin.py:151} INFO - [2023-10-10T15:30:16.699+0000] {dagbag.py:539} INFO - Filling up the DagBag from /home/airflow/.local/lib/python3.8/site-packages/airflow/example_dags/example_local_kubernetes_executor.py
[2023-10-10T15:30:16.996+0000] {processor.py:839} INFO - DAG(s) dict_keys(['example_local_kubernetes_executor']) retrieved from /home/airflow/.local/lib/python3.8/site-packages/airflow/example_dags/example_local_kubernetes_executor.py
[2023-10-10T15:30:17.038+0000] {logging_mixin.py:151} INFO - [2023-10-10T15:30:17.038+0000] {dag.py:2915} INFO - Sync 1 DAGs
[2023-10-10T15:30:17.051+0000] {logging_mixin.py:151} INFO - [2023-10-10T15:30:17.051+0000] {dag.py:3696} INFO - Setting next_dagrun for example_local_kubernetes_executor to None, run_after=None
[2023-10-10T15:30:17.066+0000] {processor.py:179} INFO - Processing /home/airflow/.local/lib/python3.8/site-packages/airflow/example_dags/example_local_kubernetes_executor.py took 0.373 seconds
[2023-10-10T15:30:47.626+0000] {processor.py:157} INFO - Started process (PID=869) to work on /home/airflow/.local/lib/python3.8/site-packages/airflow/example_dags/example_local_kubernetes_executor.py
[2023-10-10T15:30:47.627+0000] {processor.py:829} INFO - Processing file /home/airflow/.local/lib/python3.8/site-packages/airflow/example_dags/example_local_kubernetes_executor.py for tasks to queue
[2023-10-10T15:30:47.628+0000] {logging_mixin.py:151} INFO - [2023-10-10T15:30:47.628+0000] {dagbag.py:539} INFO - Filling up the DagBag from /home/airflow/.local/lib/python3.8/site-packages/airflow/example_dags/example_local_kubernetes_executor.py
[2023-10-10T15:30:47.877+0000] {processor.py:839} INFO - DAG(s) dict_keys(['example_local_kubernetes_executor']) retrieved from /home/airflow/.local/lib/python3.8/site-packages/airflow/example_dags/example_local_kubernetes_executor.py
[2023-10-10T15:30:47.921+0000] {logging_mixin.py:151} INFO - [2023-10-10T15:30:47.918+0000] {dag.py:2915} INFO - Sync 1 DAGs
[2023-10-10T15:30:47.936+0000] {logging_mixin.py:151} INFO - [2023-10-10T15:30:47.935+0000] {dag.py:3696} INFO - Setting next_dagrun for example_local_kubernetes_executor to None, run_after=None
[2023-10-10T15:30:47.956+0000] {processor.py:179} INFO - Processing /home/airflow/.local/lib/python3.8/site-packages/airflow/example_dags/example_local_kubernetes_executor.py took 0.332 seconds
[2023-10-10T15:31:18.867+0000] {processor.py:157} INFO - Started process (PID=923) to work on /home/airflow/.local/lib/python3.8/site-packages/airflow/example_dags/example_local_kubernetes_executor.py
[2023-10-10T15:31:18.868+0000] {processor.py:829} INFO - Processing file /home/airflow/.local/lib/python3.8/site-packages/airflow/example_dags/example_local_kubernetes_executor.py for tasks to queue
[2023-10-10T15:31:18.869+0000] {logging_mixin.py:151} INFO - [2023-10-10T15:31:18.869+0000] {dagbag.py:539} INFO - Filling up the DagBag from /home/airflow/.local/lib/python3.8/site-packages/airflow/example_dags/example_local_kubernetes_executor.py
[2023-10-10T15:31:19.144+0000] {processor.py:839} INFO - DAG(s) dict_keys(['example_local_kubernetes_executor']) retrieved from /home/airflow/.local/lib/python3.8/site-packages/airflow/example_dags/example_local_kubernetes_executor.py
[2023-10-10T15:31:19.170+0000] {logging_mixin.py:151} INFO - [2023-10-10T15:31:19.169+0000] {dag.py:2915} INFO - Sync 1 DAGs
[2023-10-10T15:31:19.183+0000] {logging_mixin.py:151} INFO - [2023-10-10T15:31:19.183+0000] {dag.py:3696} INFO - Setting next_dagrun for example_local_kubernetes_executor to None, run_after=None
[2023-10-10T15:31:19.200+0000] {processor.py:179} INFO - Processing /home/airflow/.local/lib/python3.8/site-packages/airflow/example_dags/example_local_kubernetes_executor.py took 0.335 seconds
[2023-10-10T15:31:50.140+0000] {processor.py:157} INFO - Started process (PID=977) to work on /home/airflow/.local/lib/python3.8/site-packages/airflow/example_dags/example_local_kubernetes_executor.py
[2023-10-10T15:31:50.141+0000] {processor.py:829} INFO - Processing file /home/airflow/.local/lib/python3.8/site-packages/airflow/example_dags/example_local_kubernetes_executor.py for tasks to queue
[2023-10-10T15:31:50.145+0000] {logging_mixin.py:151} INFO - [2023-10-10T15:31:50.145+0000] {dagbag.py:539} INFO - Filling up the DagBag from /home/airflow/.local/lib/python3.8/site-packages/airflow/example_dags/example_local_kubernetes_executor.py
[2023-10-10T15:31:50.426+0000] {processor.py:839} INFO - DAG(s) dict_keys(['example_local_kubernetes_executor']) retrieved from /home/airflow/.local/lib/python3.8/site-packages/airflow/example_dags/example_local_kubernetes_executor.py
[2023-10-10T15:31:50.457+0000] {logging_mixin.py:151} INFO - [2023-10-10T15:31:50.456+0000] {dag.py:2915} INFO - Sync 1 DAGs
[2023-10-10T15:31:50.468+0000] {logging_mixin.py:151} INFO - [2023-10-10T15:31:50.468+0000] {dag.py:3696} INFO - Setting next_dagrun for example_local_kubernetes_executor to None, run_after=None
[2023-10-10T15:31:50.487+0000] {processor.py:179} INFO - Processing /home/airflow/.local/lib/python3.8/site-packages/airflow/example_dags/example_local_kubernetes_executor.py took 0.350 seconds
[2023-10-10T15:32:20.931+0000] {processor.py:157} INFO - Started process (PID=1031) to work on /home/airflow/.local/lib/python3.8/site-packages/airflow/example_dags/example_local_kubernetes_executor.py
[2023-10-10T15:32:20.932+0000] {processor.py:829} INFO - Processing file /home/airflow/.local/lib/python3.8/site-packages/airflow/example_dags/example_local_kubernetes_executor.py for tasks to queue
[2023-10-10T15:32:20.934+0000] {logging_mixin.py:151} INFO - [2023-10-10T15:32:20.934+0000] {dagbag.py:539} INFO - Filling up the DagBag from /home/airflow/.local/lib/python3.8/site-packages/airflow/example_dags/example_local_kubernetes_executor.py
[2023-10-10T15:32:21.228+0000] {processor.py:839} INFO - DAG(s) dict_keys(['example_local_kubernetes_executor']) retrieved from /home/airflow/.local/lib/python3.8/site-packages/airflow/example_dags/example_local_kubernetes_executor.py
[2023-10-10T15:32:21.271+0000] {logging_mixin.py:151} INFO - [2023-10-10T15:32:21.270+0000] {dag.py:2915} INFO - Sync 1 DAGs
[2023-10-10T15:32:21.287+0000] {logging_mixin.py:151} INFO - [2023-10-10T15:32:21.287+0000] {dag.py:3696} INFO - Setting next_dagrun for example_local_kubernetes_executor to None, run_after=None
[2023-10-10T15:32:21.309+0000] {processor.py:179} INFO - Processing /home/airflow/.local/lib/python3.8/site-packages/airflow/example_dags/example_local_kubernetes_executor.py took 0.381 seconds
[2023-10-10T15:32:51.799+0000] {processor.py:157} INFO - Started process (PID=1085) to work on /home/airflow/.local/lib/python3.8/site-packages/airflow/example_dags/example_local_kubernetes_executor.py
[2023-10-10T15:32:51.800+0000] {processor.py:829} INFO - Processing file /home/airflow/.local/lib/python3.8/site-packages/airflow/example_dags/example_local_kubernetes_executor.py for tasks to queue
[2023-10-10T15:32:51.802+0000] {logging_mixin.py:151} INFO - [2023-10-10T15:32:51.802+0000] {dagbag.py:539} INFO - Filling up the DagBag from /home/airflow/.local/lib/python3.8/site-packages/airflow/example_dags/example_local_kubernetes_executor.py
[2023-10-10T15:32:52.077+0000] {processor.py:839} INFO - DAG(s) dict_keys(['example_local_kubernetes_executor']) retrieved from /home/airflow/.local/lib/python3.8/site-packages/airflow/example_dags/example_local_kubernetes_executor.py
[2023-10-10T15:32:52.110+0000] {logging_mixin.py:151} INFO - [2023-10-10T15:32:52.109+0000] {dag.py:2915} INFO - Sync 1 DAGs
[2023-10-10T15:32:52.120+0000] {logging_mixin.py:151} INFO - [2023-10-10T15:32:52.120+0000] {dag.py:3696} INFO - Setting next_dagrun for example_local_kubernetes_executor to None, run_after=None
[2023-10-10T15:32:52.135+0000] {processor.py:179} INFO - Processing /home/airflow/.local/lib/python3.8/site-packages/airflow/example_dags/example_local_kubernetes_executor.py took 0.340 seconds
[2023-10-10T15:33:22.162+0000] {processor.py:157} INFO - Started process (PID=1138) to work on /home/airflow/.local/lib/python3.8/site-packages/airflow/example_dags/example_local_kubernetes_executor.py
[2023-10-10T15:33:22.163+0000] {processor.py:829} INFO - Processing file /home/airflow/.local/lib/python3.8/site-packages/airflow/example_dags/example_local_kubernetes_executor.py for tasks to queue
[2023-10-10T15:33:22.164+0000] {logging_mixin.py:151} INFO - [2023-10-10T15:33:22.164+0000] {dagbag.py:539} INFO - Filling up the DagBag from /home/airflow/.local/lib/python3.8/site-packages/airflow/example_dags/example_local_kubernetes_executor.py
[2023-10-10T15:33:22.387+0000] {processor.py:839} INFO - DAG(s) dict_keys(['example_local_kubernetes_executor']) retrieved from /home/airflow/.local/lib/python3.8/site-packages/airflow/example_dags/example_local_kubernetes_executor.py
[2023-10-10T15:33:22.421+0000] {logging_mixin.py:151} INFO - [2023-10-10T15:33:22.420+0000] {dag.py:2915} INFO - Sync 1 DAGs
[2023-10-10T15:33:22.432+0000] {logging_mixin.py:151} INFO - [2023-10-10T15:33:22.432+0000] {dag.py:3696} INFO - Setting next_dagrun for example_local_kubernetes_executor to None, run_after=None
[2023-10-10T15:33:22.448+0000] {processor.py:179} INFO - Processing /home/airflow/.local/lib/python3.8/site-packages/airflow/example_dags/example_local_kubernetes_executor.py took 0.289 seconds
[2023-10-10T15:33:52.511+0000] {processor.py:157} INFO - Started process (PID=1192) to work on /home/airflow/.local/lib/python3.8/site-packages/airflow/example_dags/example_local_kubernetes_executor.py
[2023-10-10T15:33:52.512+0000] {processor.py:829} INFO - Processing file /home/airflow/.local/lib/python3.8/site-packages/airflow/example_dags/example_local_kubernetes_executor.py for tasks to queue
[2023-10-10T15:33:52.515+0000] {logging_mixin.py:151} INFO - [2023-10-10T15:33:52.514+0000] {dagbag.py:539} INFO - Filling up the DagBag from /home/airflow/.local/lib/python3.8/site-packages/airflow/example_dags/example_local_kubernetes_executor.py
[2023-10-10T15:33:52.827+0000] {processor.py:839} INFO - DAG(s) dict_keys(['example_local_kubernetes_executor']) retrieved from /home/airflow/.local/lib/python3.8/site-packages/airflow/example_dags/example_local_kubernetes_executor.py
[2023-10-10T15:33:52.866+0000] {logging_mixin.py:151} INFO - [2023-10-10T15:33:52.865+0000] {dag.py:2915} INFO - Sync 1 DAGs
[2023-10-10T15:33:52.881+0000] {logging_mixin.py:151} INFO - [2023-10-10T15:33:52.881+0000] {dag.py:3696} INFO - Setting next_dagrun for example_local_kubernetes_executor to None, run_after=None
[2023-10-10T15:33:52.899+0000] {processor.py:179} INFO - Processing /home/airflow/.local/lib/python3.8/site-packages/airflow/example_dags/example_local_kubernetes_executor.py took 0.392 seconds
[2023-10-10T15:34:23.670+0000] {processor.py:157} INFO - Started process (PID=1247) to work on /home/airflow/.local/lib/python3.8/site-packages/airflow/example_dags/example_local_kubernetes_executor.py
[2023-10-10T15:34:23.671+0000] {processor.py:829} INFO - Processing file /home/airflow/.local/lib/python3.8/site-packages/airflow/example_dags/example_local_kubernetes_executor.py for tasks to queue
[2023-10-10T15:34:23.672+0000] {logging_mixin.py:151} INFO - [2023-10-10T15:34:23.672+0000] {dagbag.py:539} INFO - Filling up the DagBag from /home/airflow/.local/lib/python3.8/site-packages/airflow/example_dags/example_local_kubernetes_executor.py
[2023-10-10T15:34:23.912+0000] {processor.py:839} INFO - DAG(s) dict_keys(['example_local_kubernetes_executor']) retrieved from /home/airflow/.local/lib/python3.8/site-packages/airflow/example_dags/example_local_kubernetes_executor.py
[2023-10-10T15:34:23.949+0000] {logging_mixin.py:151} INFO - [2023-10-10T15:34:23.948+0000] {dag.py:2915} INFO - Sync 1 DAGs
[2023-10-10T15:34:23.963+0000] {logging_mixin.py:151} INFO - [2023-10-10T15:34:23.963+0000] {dag.py:3696} INFO - Setting next_dagrun for example_local_kubernetes_executor to None, run_after=None
[2023-10-10T15:34:23.982+0000] {processor.py:179} INFO - Processing /home/airflow/.local/lib/python3.8/site-packages/airflow/example_dags/example_local_kubernetes_executor.py took 0.315 seconds
[2023-10-10T15:34:54.146+0000] {processor.py:157} INFO - Started process (PID=1301) to work on /home/airflow/.local/lib/python3.8/site-packages/airflow/example_dags/example_local_kubernetes_executor.py
[2023-10-10T15:34:54.147+0000] {processor.py:829} INFO - Processing file /home/airflow/.local/lib/python3.8/site-packages/airflow/example_dags/example_local_kubernetes_executor.py for tasks to queue
[2023-10-10T15:34:54.149+0000] {logging_mixin.py:151} INFO - [2023-10-10T15:34:54.148+0000] {dagbag.py:539} INFO - Filling up the DagBag from /home/airflow/.local/lib/python3.8/site-packages/airflow/example_dags/example_local_kubernetes_executor.py
[2023-10-10T15:34:54.495+0000] {processor.py:839} INFO - DAG(s) dict_keys(['example_local_kubernetes_executor']) retrieved from /home/airflow/.local/lib/python3.8/site-packages/airflow/example_dags/example_local_kubernetes_executor.py
[2023-10-10T15:34:54.540+0000] {logging_mixin.py:151} INFO - [2023-10-10T15:34:54.539+0000] {dag.py:2915} INFO - Sync 1 DAGs
[2023-10-10T15:34:54.577+0000] {logging_mixin.py:151} INFO - [2023-10-10T15:34:54.576+0000] {dag.py:3696} INFO - Setting next_dagrun for example_local_kubernetes_executor to None, run_after=None
[2023-10-10T15:34:54.599+0000] {processor.py:179} INFO - Processing /home/airflow/.local/lib/python3.8/site-packages/airflow/example_dags/example_local_kubernetes_executor.py took 0.456 seconds
[2023-10-10T15:35:25.453+0000] {processor.py:157} INFO - Started process (PID=1361) to work on /home/airflow/.local/lib/python3.8/site-packages/airflow/example_dags/example_local_kubernetes_executor.py
[2023-10-10T15:35:25.454+0000] {processor.py:829} INFO - Processing file /home/airflow/.local/lib/python3.8/site-packages/airflow/example_dags/example_local_kubernetes_executor.py for tasks to queue
[2023-10-10T15:35:25.457+0000] {logging_mixin.py:151} INFO - [2023-10-10T15:35:25.457+0000] {dagbag.py:539} INFO - Filling up the DagBag from /home/airflow/.local/lib/python3.8/site-packages/airflow/example_dags/example_local_kubernetes_executor.py
[2023-10-10T15:35:25.847+0000] {processor.py:839} INFO - DAG(s) dict_keys(['example_local_kubernetes_executor']) retrieved from /home/airflow/.local/lib/python3.8/site-packages/airflow/example_dags/example_local_kubernetes_executor.py
[2023-10-10T15:35:25.879+0000] {logging_mixin.py:151} INFO - [2023-10-10T15:35:25.878+0000] {dag.py:2915} INFO - Sync 1 DAGs
[2023-10-10T15:35:25.893+0000] {logging_mixin.py:151} INFO - [2023-10-10T15:35:25.893+0000] {dag.py:3696} INFO - Setting next_dagrun for example_local_kubernetes_executor to None, run_after=None
[2023-10-10T15:35:25.915+0000] {processor.py:179} INFO - Processing /home/airflow/.local/lib/python3.8/site-packages/airflow/example_dags/example_local_kubernetes_executor.py took 0.466 seconds
[2023-10-10T15:35:56.742+0000] {processor.py:157} INFO - Started process (PID=1415) to work on /home/airflow/.local/lib/python3.8/site-packages/airflow/example_dags/example_local_kubernetes_executor.py
[2023-10-10T15:35:56.743+0000] {processor.py:829} INFO - Processing file /home/airflow/.local/lib/python3.8/site-packages/airflow/example_dags/example_local_kubernetes_executor.py for tasks to queue
[2023-10-10T15:35:56.746+0000] {logging_mixin.py:151} INFO - [2023-10-10T15:35:56.745+0000] {dagbag.py:539} INFO - Filling up the DagBag from /home/airflow/.local/lib/python3.8/site-packages/airflow/example_dags/example_local_kubernetes_executor.py
[2023-10-10T15:35:57.065+0000] {processor.py:839} INFO - DAG(s) dict_keys(['example_local_kubernetes_executor']) retrieved from /home/airflow/.local/lib/python3.8/site-packages/airflow/example_dags/example_local_kubernetes_executor.py
[2023-10-10T15:35:57.114+0000] {logging_mixin.py:151} INFO - [2023-10-10T15:35:57.113+0000] {dag.py:2915} INFO - Sync 1 DAGs
[2023-10-10T15:35:57.126+0000] {logging_mixin.py:151} INFO - [2023-10-10T15:35:57.126+0000] {dag.py:3696} INFO - Setting next_dagrun for example_local_kubernetes_executor to None, run_after=None
[2023-10-10T15:35:57.145+0000] {processor.py:179} INFO - Processing /home/airflow/.local/lib/python3.8/site-packages/airflow/example_dags/example_local_kubernetes_executor.py took 0.407 seconds
[2023-10-10T15:36:27.408+0000] {processor.py:157} INFO - Started process (PID=1469) to work on /home/airflow/.local/lib/python3.8/site-packages/airflow/example_dags/example_local_kubernetes_executor.py
[2023-10-10T15:36:27.409+0000] {processor.py:829} INFO - Processing file /home/airflow/.local/lib/python3.8/site-packages/airflow/example_dags/example_local_kubernetes_executor.py for tasks to queue
[2023-10-10T15:36:27.411+0000] {logging_mixin.py:151} INFO - [2023-10-10T15:36:27.411+0000] {dagbag.py:539} INFO - Filling up the DagBag from /home/airflow/.local/lib/python3.8/site-packages/airflow/example_dags/example_local_kubernetes_executor.py
[2023-10-10T15:36:27.744+0000] {processor.py:839} INFO - DAG(s) dict_keys(['example_local_kubernetes_executor']) retrieved from /home/airflow/.local/lib/python3.8/site-packages/airflow/example_dags/example_local_kubernetes_executor.py
[2023-10-10T15:36:27.785+0000] {logging_mixin.py:151} INFO - [2023-10-10T15:36:27.785+0000] {dag.py:2915} INFO - Sync 1 DAGs
[2023-10-10T15:36:27.800+0000] {logging_mixin.py:151} INFO - [2023-10-10T15:36:27.800+0000] {dag.py:3696} INFO - Setting next_dagrun for example_local_kubernetes_executor to None, run_after=None
[2023-10-10T15:36:27.824+0000] {processor.py:179} INFO - Processing /home/airflow/.local/lib/python3.8/site-packages/airflow/example_dags/example_local_kubernetes_executor.py took 0.419 seconds
[2023-10-10T15:36:58.635+0000] {processor.py:157} INFO - Started process (PID=1523) to work on /home/airflow/.local/lib/python3.8/site-packages/airflow/example_dags/example_local_kubernetes_executor.py
[2023-10-10T15:36:58.636+0000] {processor.py:829} INFO - Processing file /home/airflow/.local/lib/python3.8/site-packages/airflow/example_dags/example_local_kubernetes_executor.py for tasks to queue
[2023-10-10T15:36:58.638+0000] {logging_mixin.py:151} INFO - [2023-10-10T15:36:58.638+0000] {dagbag.py:539} INFO - Filling up the DagBag from /home/airflow/.local/lib/python3.8/site-packages/airflow/example_dags/example_local_kubernetes_executor.py
[2023-10-10T15:36:58.936+0000] {processor.py:839} INFO - DAG(s) dict_keys(['example_local_kubernetes_executor']) retrieved from /home/airflow/.local/lib/python3.8/site-packages/airflow/example_dags/example_local_kubernetes_executor.py
[2023-10-10T15:36:58.968+0000] {logging_mixin.py:151} INFO - [2023-10-10T15:36:58.967+0000] {dag.py:2915} INFO - Sync 1 DAGs
[2023-10-10T15:36:58.988+0000] {logging_mixin.py:151} INFO - [2023-10-10T15:36:58.988+0000] {dag.py:3696} INFO - Setting next_dagrun for example_local_kubernetes_executor to None, run_after=None
[2023-10-10T15:36:59.007+0000] {processor.py:179} INFO - Processing /home/airflow/.local/lib/python3.8/site-packages/airflow/example_dags/example_local_kubernetes_executor.py took 0.375 seconds
[2023-10-10T15:37:29.917+0000] {processor.py:157} INFO - Started process (PID=1577) to work on /home/airflow/.local/lib/python3.8/site-packages/airflow/example_dags/example_local_kubernetes_executor.py
[2023-10-10T15:37:29.918+0000] {processor.py:829} INFO - Processing file /home/airflow/.local/lib/python3.8/site-packages/airflow/example_dags/example_local_kubernetes_executor.py for tasks to queue
[2023-10-10T15:37:29.919+0000] {logging_mixin.py:151} INFO - [2023-10-10T15:37:29.919+0000] {dagbag.py:539} INFO - Filling up the DagBag from /home/airflow/.local/lib/python3.8/site-packages/airflow/example_dags/example_local_kubernetes_executor.py
[2023-10-10T15:37:30.185+0000] {processor.py:839} INFO - DAG(s) dict_keys(['example_local_kubernetes_executor']) retrieved from /home/airflow/.local/lib/python3.8/site-packages/airflow/example_dags/example_local_kubernetes_executor.py
[2023-10-10T15:37:30.221+0000] {logging_mixin.py:151} INFO - [2023-10-10T15:37:30.220+0000] {dag.py:2915} INFO - Sync 1 DAGs
[2023-10-10T15:37:30.236+0000] {logging_mixin.py:151} INFO - [2023-10-10T15:37:30.235+0000] {dag.py:3696} INFO - Setting next_dagrun for example_local_kubernetes_executor to None, run_after=None
[2023-10-10T15:37:30.255+0000] {processor.py:179} INFO - Processing /home/airflow/.local/lib/python3.8/site-packages/airflow/example_dags/example_local_kubernetes_executor.py took 0.341 seconds
[2023-10-10T15:38:01.222+0000] {processor.py:157} INFO - Started process (PID=1631) to work on /home/airflow/.local/lib/python3.8/site-packages/airflow/example_dags/example_local_kubernetes_executor.py
[2023-10-10T15:38:01.224+0000] {processor.py:829} INFO - Processing file /home/airflow/.local/lib/python3.8/site-packages/airflow/example_dags/example_local_kubernetes_executor.py for tasks to queue
[2023-10-10T15:38:01.226+0000] {logging_mixin.py:151} INFO - [2023-10-10T15:38:01.226+0000] {dagbag.py:539} INFO - Filling up the DagBag from /home/airflow/.local/lib/python3.8/site-packages/airflow/example_dags/example_local_kubernetes_executor.py
[2023-10-10T15:38:01.658+0000] {processor.py:839} INFO - DAG(s) dict_keys(['example_local_kubernetes_executor']) retrieved from /home/airflow/.local/lib/python3.8/site-packages/airflow/example_dags/example_local_kubernetes_executor.py
[2023-10-10T15:38:01.694+0000] {logging_mixin.py:151} INFO - [2023-10-10T15:38:01.694+0000] {dag.py:2915} INFO - Sync 1 DAGs
[2023-10-10T15:38:01.709+0000] {logging_mixin.py:151} INFO - [2023-10-10T15:38:01.709+0000] {dag.py:3696} INFO - Setting next_dagrun for example_local_kubernetes_executor to None, run_after=None
[2023-10-10T15:38:01.734+0000] {processor.py:179} INFO - Processing /home/airflow/.local/lib/python3.8/site-packages/airflow/example_dags/example_local_kubernetes_executor.py took 0.519 seconds
[2023-10-10T15:38:31.867+0000] {processor.py:157} INFO - Started process (PID=1685) to work on /home/airflow/.local/lib/python3.8/site-packages/airflow/example_dags/example_local_kubernetes_executor.py
[2023-10-10T15:38:31.868+0000] {processor.py:829} INFO - Processing file /home/airflow/.local/lib/python3.8/site-packages/airflow/example_dags/example_local_kubernetes_executor.py for tasks to queue
[2023-10-10T15:38:31.870+0000] {logging_mixin.py:151} INFO - [2023-10-10T15:38:31.869+0000] {dagbag.py:539} INFO - Filling up the DagBag from /home/airflow/.local/lib/python3.8/site-packages/airflow/example_dags/example_local_kubernetes_executor.py
[2023-10-10T15:38:32.176+0000] {processor.py:839} INFO - DAG(s) dict_keys(['example_local_kubernetes_executor']) retrieved from /home/airflow/.local/lib/python3.8/site-packages/airflow/example_dags/example_local_kubernetes_executor.py
[2023-10-10T15:38:32.219+0000] {logging_mixin.py:151} INFO - [2023-10-10T15:38:32.218+0000] {dag.py:2915} INFO - Sync 1 DAGs
[2023-10-10T15:38:32.233+0000] {logging_mixin.py:151} INFO - [2023-10-10T15:38:32.233+0000] {dag.py:3696} INFO - Setting next_dagrun for example_local_kubernetes_executor to None, run_after=None
[2023-10-10T15:38:32.249+0000] {processor.py:179} INFO - Processing /home/airflow/.local/lib/python3.8/site-packages/airflow/example_dags/example_local_kubernetes_executor.py took 0.385 seconds
[2023-10-10T15:39:03.036+0000] {processor.py:157} INFO - Started process (PID=1739) to work on /home/airflow/.local/lib/python3.8/site-packages/airflow/example_dags/example_local_kubernetes_executor.py
[2023-10-10T15:39:03.037+0000] {processor.py:829} INFO - Processing file /home/airflow/.local/lib/python3.8/site-packages/airflow/example_dags/example_local_kubernetes_executor.py for tasks to queue
[2023-10-10T15:39:03.038+0000] {logging_mixin.py:151} INFO - [2023-10-10T15:39:03.038+0000] {dagbag.py:539} INFO - Filling up the DagBag from /home/airflow/.local/lib/python3.8/site-packages/airflow/example_dags/example_local_kubernetes_executor.py
[2023-10-10T15:39:03.300+0000] {processor.py:839} INFO - DAG(s) dict_keys(['example_local_kubernetes_executor']) retrieved from /home/airflow/.local/lib/python3.8/site-packages/airflow/example_dags/example_local_kubernetes_executor.py
[2023-10-10T15:39:03.338+0000] {logging_mixin.py:151} INFO - [2023-10-10T15:39:03.338+0000] {dag.py:2915} INFO - Sync 1 DAGs
[2023-10-10T15:39:03.350+0000] {logging_mixin.py:151} INFO - [2023-10-10T15:39:03.350+0000] {dag.py:3696} INFO - Setting next_dagrun for example_local_kubernetes_executor to None, run_after=None
[2023-10-10T15:39:03.382+0000] {processor.py:179} INFO - Processing /home/airflow/.local/lib/python3.8/site-packages/airflow/example_dags/example_local_kubernetes_executor.py took 0.348 seconds
[2023-10-10T15:39:33.431+0000] {processor.py:157} INFO - Started process (PID=1792) to work on /home/airflow/.local/lib/python3.8/site-packages/airflow/example_dags/example_local_kubernetes_executor.py
[2023-10-10T15:39:33.431+0000] {processor.py:829} INFO - Processing file /home/airflow/.local/lib/python3.8/site-packages/airflow/example_dags/example_local_kubernetes_executor.py for tasks to queue
[2023-10-10T15:39:33.433+0000] {logging_mixin.py:151} INFO - [2023-10-10T15:39:33.433+0000] {dagbag.py:539} INFO - Filling up the DagBag from /home/airflow/.local/lib/python3.8/site-packages/airflow/example_dags/example_local_kubernetes_executor.py
[2023-10-10T15:39:33.707+0000] {processor.py:839} INFO - DAG(s) dict_keys(['example_local_kubernetes_executor']) retrieved from /home/airflow/.local/lib/python3.8/site-packages/airflow/example_dags/example_local_kubernetes_executor.py
[2023-10-10T15:39:33.740+0000] {logging_mixin.py:151} INFO - [2023-10-10T15:39:33.739+0000] {dag.py:2915} INFO - Sync 1 DAGs
[2023-10-10T15:39:33.750+0000] {logging_mixin.py:151} INFO - [2023-10-10T15:39:33.750+0000] {dag.py:3696} INFO - Setting next_dagrun for example_local_kubernetes_executor to None, run_after=None
[2023-10-10T15:39:33.765+0000] {processor.py:179} INFO - Processing /home/airflow/.local/lib/python3.8/site-packages/airflow/example_dags/example_local_kubernetes_executor.py took 0.337 seconds
[2023-10-10T15:40:04.589+0000] {processor.py:157} INFO - Started process (PID=1847) to work on /home/airflow/.local/lib/python3.8/site-packages/airflow/example_dags/example_local_kubernetes_executor.py
[2023-10-10T15:40:04.591+0000] {processor.py:829} INFO - Processing file /home/airflow/.local/lib/python3.8/site-packages/airflow/example_dags/example_local_kubernetes_executor.py for tasks to queue
[2023-10-10T15:40:04.593+0000] {logging_mixin.py:151} INFO - [2023-10-10T15:40:04.593+0000] {dagbag.py:539} INFO - Filling up the DagBag from /home/airflow/.local/lib/python3.8/site-packages/airflow/example_dags/example_local_kubernetes_executor.py
[2023-10-10T15:40:04.898+0000] {processor.py:839} INFO - DAG(s) dict_keys(['example_local_kubernetes_executor']) retrieved from /home/airflow/.local/lib/python3.8/site-packages/airflow/example_dags/example_local_kubernetes_executor.py
[2023-10-10T15:40:04.937+0000] {logging_mixin.py:151} INFO - [2023-10-10T15:40:04.935+0000] {dag.py:2915} INFO - Sync 1 DAGs
[2023-10-10T15:40:04.950+0000] {logging_mixin.py:151} INFO - [2023-10-10T15:40:04.950+0000] {dag.py:3696} INFO - Setting next_dagrun for example_local_kubernetes_executor to None, run_after=None
[2023-10-10T15:40:04.987+0000] {processor.py:179} INFO - Processing /home/airflow/.local/lib/python3.8/site-packages/airflow/example_dags/example_local_kubernetes_executor.py took 0.402 seconds
[2023-10-10T15:40:35.905+0000] {processor.py:157} INFO - Started process (PID=1901) to work on /home/airflow/.local/lib/python3.8/site-packages/airflow/example_dags/example_local_kubernetes_executor.py
[2023-10-10T15:40:35.906+0000] {processor.py:829} INFO - Processing file /home/airflow/.local/lib/python3.8/site-packages/airflow/example_dags/example_local_kubernetes_executor.py for tasks to queue
[2023-10-10T15:40:35.908+0000] {logging_mixin.py:151} INFO - [2023-10-10T15:40:35.908+0000] {dagbag.py:539} INFO - Filling up the DagBag from /home/airflow/.local/lib/python3.8/site-packages/airflow/example_dags/example_local_kubernetes_executor.py
[2023-10-10T15:40:36.214+0000] {processor.py:839} INFO - DAG(s) dict_keys(['example_local_kubernetes_executor']) retrieved from /home/airflow/.local/lib/python3.8/site-packages/airflow/example_dags/example_local_kubernetes_executor.py
[2023-10-10T15:40:36.248+0000] {logging_mixin.py:151} INFO - [2023-10-10T15:40:36.248+0000] {dag.py:2915} INFO - Sync 1 DAGs
[2023-10-10T15:40:36.261+0000] {logging_mixin.py:151} INFO - [2023-10-10T15:40:36.261+0000] {dag.py:3696} INFO - Setting next_dagrun for example_local_kubernetes_executor to None, run_after=None
[2023-10-10T15:40:36.279+0000] {processor.py:179} INFO - Processing /home/airflow/.local/lib/python3.8/site-packages/airflow/example_dags/example_local_kubernetes_executor.py took 0.376 seconds
[2023-10-10T15:41:07.153+0000] {processor.py:157} INFO - Started process (PID=1955) to work on /home/airflow/.local/lib/python3.8/site-packages/airflow/example_dags/example_local_kubernetes_executor.py
[2023-10-10T15:41:07.154+0000] {processor.py:829} INFO - Processing file /home/airflow/.local/lib/python3.8/site-packages/airflow/example_dags/example_local_kubernetes_executor.py for tasks to queue
[2023-10-10T15:41:07.156+0000] {logging_mixin.py:151} INFO - [2023-10-10T15:41:07.156+0000] {dagbag.py:539} INFO - Filling up the DagBag from /home/airflow/.local/lib/python3.8/site-packages/airflow/example_dags/example_local_kubernetes_executor.py
[2023-10-10T15:41:07.534+0000] {processor.py:839} INFO - DAG(s) dict_keys(['example_local_kubernetes_executor']) retrieved from /home/airflow/.local/lib/python3.8/site-packages/airflow/example_dags/example_local_kubernetes_executor.py
[2023-10-10T15:41:07.608+0000] {logging_mixin.py:151} INFO - [2023-10-10T15:41:07.608+0000] {dag.py:2915} INFO - Sync 1 DAGs
[2023-10-10T15:41:07.619+0000] {logging_mixin.py:151} INFO - [2023-10-10T15:41:07.619+0000] {dag.py:3696} INFO - Setting next_dagrun for example_local_kubernetes_executor to None, run_after=None
[2023-10-10T15:41:07.635+0000] {processor.py:179} INFO - Processing /home/airflow/.local/lib/python3.8/site-packages/airflow/example_dags/example_local_kubernetes_executor.py took 0.485 seconds
[2023-10-10T15:41:38.531+0000] {processor.py:157} INFO - Started process (PID=2008) to work on /home/airflow/.local/lib/python3.8/site-packages/airflow/example_dags/example_local_kubernetes_executor.py
[2023-10-10T15:41:38.532+0000] {processor.py:829} INFO - Processing file /home/airflow/.local/lib/python3.8/site-packages/airflow/example_dags/example_local_kubernetes_executor.py for tasks to queue
[2023-10-10T15:41:38.534+0000] {logging_mixin.py:151} INFO - [2023-10-10T15:41:38.534+0000] {dagbag.py:539} INFO - Filling up the DagBag from /home/airflow/.local/lib/python3.8/site-packages/airflow/example_dags/example_local_kubernetes_executor.py
[2023-10-10T15:41:38.905+0000] {processor.py:839} INFO - DAG(s) dict_keys(['example_local_kubernetes_executor']) retrieved from /home/airflow/.local/lib/python3.8/site-packages/airflow/example_dags/example_local_kubernetes_executor.py
[2023-10-10T15:41:38.935+0000] {logging_mixin.py:151} INFO - [2023-10-10T15:41:38.934+0000] {dag.py:2915} INFO - Sync 1 DAGs
[2023-10-10T15:41:38.986+0000] {logging_mixin.py:151} INFO - [2023-10-10T15:41:38.985+0000] {dag.py:3696} INFO - Setting next_dagrun for example_local_kubernetes_executor to None, run_after=None
[2023-10-10T15:41:39.007+0000] {processor.py:179} INFO - Processing /home/airflow/.local/lib/python3.8/site-packages/airflow/example_dags/example_local_kubernetes_executor.py took 0.478 seconds
[2023-10-10T15:42:09.855+0000] {processor.py:157} INFO - Started process (PID=2062) to work on /home/airflow/.local/lib/python3.8/site-packages/airflow/example_dags/example_local_kubernetes_executor.py
[2023-10-10T15:42:09.855+0000] {processor.py:829} INFO - Processing file /home/airflow/.local/lib/python3.8/site-packages/airflow/example_dags/example_local_kubernetes_executor.py for tasks to queue
[2023-10-10T15:42:09.857+0000] {logging_mixin.py:151} INFO - [2023-10-10T15:42:09.857+0000] {dagbag.py:539} INFO - Filling up the DagBag from /home/airflow/.local/lib/python3.8/site-packages/airflow/example_dags/example_local_kubernetes_executor.py
[2023-10-10T15:42:10.150+0000] {processor.py:839} INFO - DAG(s) dict_keys(['example_local_kubernetes_executor']) retrieved from /home/airflow/.local/lib/python3.8/site-packages/airflow/example_dags/example_local_kubernetes_executor.py
[2023-10-10T15:42:10.194+0000] {logging_mixin.py:151} INFO - [2023-10-10T15:42:10.194+0000] {dag.py:2915} INFO - Sync 1 DAGs
[2023-10-10T15:42:10.205+0000] {logging_mixin.py:151} INFO - [2023-10-10T15:42:10.205+0000] {dag.py:3696} INFO - Setting next_dagrun for example_local_kubernetes_executor to None, run_after=None
[2023-10-10T15:42:10.221+0000] {processor.py:179} INFO - Processing /home/airflow/.local/lib/python3.8/site-packages/airflow/example_dags/example_local_kubernetes_executor.py took 0.369 seconds
[2023-10-10T15:42:41.080+0000] {processor.py:157} INFO - Started process (PID=2116) to work on /home/airflow/.local/lib/python3.8/site-packages/airflow/example_dags/example_local_kubernetes_executor.py
[2023-10-10T15:42:41.081+0000] {processor.py:829} INFO - Processing file /home/airflow/.local/lib/python3.8/site-packages/airflow/example_dags/example_local_kubernetes_executor.py for tasks to queue
[2023-10-10T15:42:41.082+0000] {logging_mixin.py:151} INFO - [2023-10-10T15:42:41.082+0000] {dagbag.py:539} INFO - Filling up the DagBag from /home/airflow/.local/lib/python3.8/site-packages/airflow/example_dags/example_local_kubernetes_executor.py
[2023-10-10T15:42:41.328+0000] {processor.py:839} INFO - DAG(s) dict_keys(['example_local_kubernetes_executor']) retrieved from /home/airflow/.local/lib/python3.8/site-packages/airflow/example_dags/example_local_kubernetes_executor.py
[2023-10-10T15:42:41.378+0000] {logging_mixin.py:151} INFO - [2023-10-10T15:42:41.377+0000] {dag.py:2915} INFO - Sync 1 DAGs
[2023-10-10T15:42:41.390+0000] {logging_mixin.py:151} INFO - [2023-10-10T15:42:41.389+0000] {dag.py:3696} INFO - Setting next_dagrun for example_local_kubernetes_executor to None, run_after=None
[2023-10-10T15:42:41.406+0000] {processor.py:179} INFO - Processing /home/airflow/.local/lib/python3.8/site-packages/airflow/example_dags/example_local_kubernetes_executor.py took 0.329 seconds
[2023-10-10T15:43:11.468+0000] {processor.py:157} INFO - Started process (PID=2170) to work on /home/airflow/.local/lib/python3.8/site-packages/airflow/example_dags/example_local_kubernetes_executor.py
[2023-10-10T15:43:11.468+0000] {processor.py:829} INFO - Processing file /home/airflow/.local/lib/python3.8/site-packages/airflow/example_dags/example_local_kubernetes_executor.py for tasks to queue
[2023-10-10T15:43:11.470+0000] {logging_mixin.py:151} INFO - [2023-10-10T15:43:11.470+0000] {dagbag.py:539} INFO - Filling up the DagBag from /home/airflow/.local/lib/python3.8/site-packages/airflow/example_dags/example_local_kubernetes_executor.py
[2023-10-10T15:43:11.727+0000] {processor.py:839} INFO - DAG(s) dict_keys(['example_local_kubernetes_executor']) retrieved from /home/airflow/.local/lib/python3.8/site-packages/airflow/example_dags/example_local_kubernetes_executor.py
[2023-10-10T15:43:11.758+0000] {logging_mixin.py:151} INFO - [2023-10-10T15:43:11.757+0000] {dag.py:2915} INFO - Sync 1 DAGs
[2023-10-10T15:43:11.769+0000] {logging_mixin.py:151} INFO - [2023-10-10T15:43:11.769+0000] {dag.py:3696} INFO - Setting next_dagrun for example_local_kubernetes_executor to None, run_after=None
[2023-10-10T15:43:11.790+0000] {processor.py:179} INFO - Processing /home/airflow/.local/lib/python3.8/site-packages/airflow/example_dags/example_local_kubernetes_executor.py took 0.325 seconds
[2023-10-10T15:43:42.362+0000] {processor.py:157} INFO - Started process (PID=2224) to work on /home/airflow/.local/lib/python3.8/site-packages/airflow/example_dags/example_local_kubernetes_executor.py
[2023-10-10T15:43:42.363+0000] {processor.py:829} INFO - Processing file /home/airflow/.local/lib/python3.8/site-packages/airflow/example_dags/example_local_kubernetes_executor.py for tasks to queue
[2023-10-10T15:43:42.364+0000] {logging_mixin.py:151} INFO - [2023-10-10T15:43:42.364+0000] {dagbag.py:539} INFO - Filling up the DagBag from /home/airflow/.local/lib/python3.8/site-packages/airflow/example_dags/example_local_kubernetes_executor.py
[2023-10-10T15:43:42.630+0000] {processor.py:839} INFO - DAG(s) dict_keys(['example_local_kubernetes_executor']) retrieved from /home/airflow/.local/lib/python3.8/site-packages/airflow/example_dags/example_local_kubernetes_executor.py
[2023-10-10T15:43:42.660+0000] {logging_mixin.py:151} INFO - [2023-10-10T15:43:42.659+0000] {dag.py:2915} INFO - Sync 1 DAGs
[2023-10-10T15:43:42.673+0000] {logging_mixin.py:151} INFO - [2023-10-10T15:43:42.673+0000] {dag.py:3696} INFO - Setting next_dagrun for example_local_kubernetes_executor to None, run_after=None
[2023-10-10T15:43:42.691+0000] {processor.py:179} INFO - Processing /home/airflow/.local/lib/python3.8/site-packages/airflow/example_dags/example_local_kubernetes_executor.py took 0.332 seconds
[2023-10-10T15:44:13.553+0000] {processor.py:157} INFO - Started process (PID=2278) to work on /home/airflow/.local/lib/python3.8/site-packages/airflow/example_dags/example_local_kubernetes_executor.py
[2023-10-10T15:44:13.554+0000] {processor.py:829} INFO - Processing file /home/airflow/.local/lib/python3.8/site-packages/airflow/example_dags/example_local_kubernetes_executor.py for tasks to queue
[2023-10-10T15:44:13.555+0000] {logging_mixin.py:151} INFO - [2023-10-10T15:44:13.555+0000] {dagbag.py:539} INFO - Filling up the DagBag from /home/airflow/.local/lib/python3.8/site-packages/airflow/example_dags/example_local_kubernetes_executor.py
[2023-10-10T15:44:13.784+0000] {processor.py:839} INFO - DAG(s) dict_keys(['example_local_kubernetes_executor']) retrieved from /home/airflow/.local/lib/python3.8/site-packages/airflow/example_dags/example_local_kubernetes_executor.py
[2023-10-10T15:44:13.820+0000] {logging_mixin.py:151} INFO - [2023-10-10T15:44:13.819+0000] {dag.py:2915} INFO - Sync 1 DAGs
[2023-10-10T15:44:13.830+0000] {logging_mixin.py:151} INFO - [2023-10-10T15:44:13.830+0000] {dag.py:3696} INFO - Setting next_dagrun for example_local_kubernetes_executor to None, run_after=None
[2023-10-10T15:44:13.981+0000] {processor.py:179} INFO - Processing /home/airflow/.local/lib/python3.8/site-packages/airflow/example_dags/example_local_kubernetes_executor.py took 0.431 seconds
[2023-10-10T15:44:44.229+0000] {processor.py:157} INFO - Started process (PID=2332) to work on /home/airflow/.local/lib/python3.8/site-packages/airflow/example_dags/example_local_kubernetes_executor.py
[2023-10-10T15:44:44.230+0000] {processor.py:829} INFO - Processing file /home/airflow/.local/lib/python3.8/site-packages/airflow/example_dags/example_local_kubernetes_executor.py for tasks to queue
[2023-10-10T15:44:44.232+0000] {logging_mixin.py:151} INFO - [2023-10-10T15:44:44.231+0000] {dagbag.py:539} INFO - Filling up the DagBag from /home/airflow/.local/lib/python3.8/site-packages/airflow/example_dags/example_local_kubernetes_executor.py
[2023-10-10T15:44:44.469+0000] {processor.py:839} INFO - DAG(s) dict_keys(['example_local_kubernetes_executor']) retrieved from /home/airflow/.local/lib/python3.8/site-packages/airflow/example_dags/example_local_kubernetes_executor.py
[2023-10-10T15:44:44.503+0000] {logging_mixin.py:151} INFO - [2023-10-10T15:44:44.502+0000] {dag.py:2915} INFO - Sync 1 DAGs
[2023-10-10T15:44:44.514+0000] {logging_mixin.py:151} INFO - [2023-10-10T15:44:44.514+0000] {dag.py:3696} INFO - Setting next_dagrun for example_local_kubernetes_executor to None, run_after=None
[2023-10-10T15:44:44.530+0000] {processor.py:179} INFO - Processing /home/airflow/.local/lib/python3.8/site-packages/airflow/example_dags/example_local_kubernetes_executor.py took 0.303 seconds
[2023-10-10T15:45:14.826+0000] {processor.py:157} INFO - Started process (PID=2386) to work on /home/airflow/.local/lib/python3.8/site-packages/airflow/example_dags/example_local_kubernetes_executor.py
[2023-10-10T15:45:14.827+0000] {processor.py:829} INFO - Processing file /home/airflow/.local/lib/python3.8/site-packages/airflow/example_dags/example_local_kubernetes_executor.py for tasks to queue
[2023-10-10T15:45:14.829+0000] {logging_mixin.py:151} INFO - [2023-10-10T15:45:14.829+0000] {dagbag.py:539} INFO - Filling up the DagBag from /home/airflow/.local/lib/python3.8/site-packages/airflow/example_dags/example_local_kubernetes_executor.py
[2023-10-10T15:45:15.185+0000] {processor.py:839} INFO - DAG(s) dict_keys(['example_local_kubernetes_executor']) retrieved from /home/airflow/.local/lib/python3.8/site-packages/airflow/example_dags/example_local_kubernetes_executor.py
[2023-10-10T15:45:15.227+0000] {logging_mixin.py:151} INFO - [2023-10-10T15:45:15.226+0000] {dag.py:2915} INFO - Sync 1 DAGs
[2023-10-10T15:45:15.243+0000] {logging_mixin.py:151} INFO - [2023-10-10T15:45:15.243+0000] {dag.py:3696} INFO - Setting next_dagrun for example_local_kubernetes_executor to None, run_after=None
[2023-10-10T15:45:15.269+0000] {processor.py:179} INFO - Processing /home/airflow/.local/lib/python3.8/site-packages/airflow/example_dags/example_local_kubernetes_executor.py took 0.447 seconds
[2023-10-10T15:45:46.267+0000] {processor.py:157} INFO - Started process (PID=2440) to work on /home/airflow/.local/lib/python3.8/site-packages/airflow/example_dags/example_local_kubernetes_executor.py
[2023-10-10T15:45:46.268+0000] {processor.py:829} INFO - Processing file /home/airflow/.local/lib/python3.8/site-packages/airflow/example_dags/example_local_kubernetes_executor.py for tasks to queue
[2023-10-10T15:45:46.269+0000] {logging_mixin.py:151} INFO - [2023-10-10T15:45:46.269+0000] {dagbag.py:539} INFO - Filling up the DagBag from /home/airflow/.local/lib/python3.8/site-packages/airflow/example_dags/example_local_kubernetes_executor.py
[2023-10-10T15:45:46.540+0000] {processor.py:839} INFO - DAG(s) dict_keys(['example_local_kubernetes_executor']) retrieved from /home/airflow/.local/lib/python3.8/site-packages/airflow/example_dags/example_local_kubernetes_executor.py
[2023-10-10T15:45:46.576+0000] {logging_mixin.py:151} INFO - [2023-10-10T15:45:46.575+0000] {dag.py:2915} INFO - Sync 1 DAGs
[2023-10-10T15:45:46.587+0000] {logging_mixin.py:151} INFO - [2023-10-10T15:45:46.587+0000] {dag.py:3696} INFO - Setting next_dagrun for example_local_kubernetes_executor to None, run_after=None
[2023-10-10T15:45:46.604+0000] {processor.py:179} INFO - Processing /home/airflow/.local/lib/python3.8/site-packages/airflow/example_dags/example_local_kubernetes_executor.py took 0.339 seconds
[2023-10-10T15:46:17.406+0000] {processor.py:157} INFO - Started process (PID=2494) to work on /home/airflow/.local/lib/python3.8/site-packages/airflow/example_dags/example_local_kubernetes_executor.py
[2023-10-10T15:46:17.407+0000] {processor.py:829} INFO - Processing file /home/airflow/.local/lib/python3.8/site-packages/airflow/example_dags/example_local_kubernetes_executor.py for tasks to queue
[2023-10-10T15:46:17.409+0000] {logging_mixin.py:151} INFO - [2023-10-10T15:46:17.409+0000] {dagbag.py:539} INFO - Filling up the DagBag from /home/airflow/.local/lib/python3.8/site-packages/airflow/example_dags/example_local_kubernetes_executor.py
[2023-10-10T15:46:17.645+0000] {processor.py:839} INFO - DAG(s) dict_keys(['example_local_kubernetes_executor']) retrieved from /home/airflow/.local/lib/python3.8/site-packages/airflow/example_dags/example_local_kubernetes_executor.py
[2023-10-10T15:46:17.818+0000] {logging_mixin.py:151} INFO - [2023-10-10T15:46:17.683+0000] {dag.py:2915} INFO - Sync 1 DAGs
[2023-10-10T15:46:17.829+0000] {logging_mixin.py:151} INFO - [2023-10-10T15:46:17.829+0000] {dag.py:3696} INFO - Setting next_dagrun for example_local_kubernetes_executor to None, run_after=None
[2023-10-10T15:46:17.844+0000] {processor.py:179} INFO - Processing /home/airflow/.local/lib/python3.8/site-packages/airflow/example_dags/example_local_kubernetes_executor.py took 0.440 seconds
[2023-10-10T15:46:48.542+0000] {processor.py:157} INFO - Started process (PID=2548) to work on /home/airflow/.local/lib/python3.8/site-packages/airflow/example_dags/example_local_kubernetes_executor.py
[2023-10-10T15:46:48.543+0000] {processor.py:829} INFO - Processing file /home/airflow/.local/lib/python3.8/site-packages/airflow/example_dags/example_local_kubernetes_executor.py for tasks to queue
[2023-10-10T15:46:48.544+0000] {logging_mixin.py:151} INFO - [2023-10-10T15:46:48.544+0000] {dagbag.py:539} INFO - Filling up the DagBag from /home/airflow/.local/lib/python3.8/site-packages/airflow/example_dags/example_local_kubernetes_executor.py
[2023-10-10T15:46:48.781+0000] {processor.py:839} INFO - DAG(s) dict_keys(['example_local_kubernetes_executor']) retrieved from /home/airflow/.local/lib/python3.8/site-packages/airflow/example_dags/example_local_kubernetes_executor.py
[2023-10-10T15:46:48.818+0000] {logging_mixin.py:151} INFO - [2023-10-10T15:46:48.817+0000] {dag.py:2915} INFO - Sync 1 DAGs
[2023-10-10T15:46:48.831+0000] {logging_mixin.py:151} INFO - [2023-10-10T15:46:48.831+0000] {dag.py:3696} INFO - Setting next_dagrun for example_local_kubernetes_executor to None, run_after=None
[2023-10-10T15:46:48.985+0000] {processor.py:179} INFO - Processing /home/airflow/.local/lib/python3.8/site-packages/airflow/example_dags/example_local_kubernetes_executor.py took 0.445 seconds
[2023-10-10T15:47:19.055+0000] {processor.py:157} INFO - Started process (PID=2602) to work on /home/airflow/.local/lib/python3.8/site-packages/airflow/example_dags/example_local_kubernetes_executor.py
[2023-10-10T15:47:19.056+0000] {processor.py:829} INFO - Processing file /home/airflow/.local/lib/python3.8/site-packages/airflow/example_dags/example_local_kubernetes_executor.py for tasks to queue
[2023-10-10T15:47:19.057+0000] {logging_mixin.py:151} INFO - [2023-10-10T15:47:19.057+0000] {dagbag.py:539} INFO - Filling up the DagBag from /home/airflow/.local/lib/python3.8/site-packages/airflow/example_dags/example_local_kubernetes_executor.py
[2023-10-10T15:47:19.288+0000] {processor.py:839} INFO - DAG(s) dict_keys(['example_local_kubernetes_executor']) retrieved from /home/airflow/.local/lib/python3.8/site-packages/airflow/example_dags/example_local_kubernetes_executor.py
[2023-10-10T15:47:19.315+0000] {logging_mixin.py:151} INFO - [2023-10-10T15:47:19.314+0000] {dag.py:2915} INFO - Sync 1 DAGs
[2023-10-10T15:47:19.324+0000] {logging_mixin.py:151} INFO - [2023-10-10T15:47:19.324+0000] {dag.py:3696} INFO - Setting next_dagrun for example_local_kubernetes_executor to None, run_after=None
[2023-10-10T15:47:19.338+0000] {processor.py:179} INFO - Processing /home/airflow/.local/lib/python3.8/site-packages/airflow/example_dags/example_local_kubernetes_executor.py took 0.286 seconds
[2023-10-10T15:47:49.703+0000] {processor.py:157} INFO - Started process (PID=2656) to work on /home/airflow/.local/lib/python3.8/site-packages/airflow/example_dags/example_local_kubernetes_executor.py
[2023-10-10T15:47:49.704+0000] {processor.py:829} INFO - Processing file /home/airflow/.local/lib/python3.8/site-packages/airflow/example_dags/example_local_kubernetes_executor.py for tasks to queue
[2023-10-10T15:47:49.705+0000] {logging_mixin.py:151} INFO - [2023-10-10T15:47:49.705+0000] {dagbag.py:539} INFO - Filling up the DagBag from /home/airflow/.local/lib/python3.8/site-packages/airflow/example_dags/example_local_kubernetes_executor.py
[2023-10-10T15:47:49.924+0000] {processor.py:839} INFO - DAG(s) dict_keys(['example_local_kubernetes_executor']) retrieved from /home/airflow/.local/lib/python3.8/site-packages/airflow/example_dags/example_local_kubernetes_executor.py
[2023-10-10T15:47:49.954+0000] {logging_mixin.py:151} INFO - [2023-10-10T15:47:49.953+0000] {dag.py:2915} INFO - Sync 1 DAGs
[2023-10-10T15:47:49.963+0000] {logging_mixin.py:151} INFO - [2023-10-10T15:47:49.963+0000] {dag.py:3696} INFO - Setting next_dagrun for example_local_kubernetes_executor to None, run_after=None
[2023-10-10T15:47:49.980+0000] {processor.py:179} INFO - Processing /home/airflow/.local/lib/python3.8/site-packages/airflow/example_dags/example_local_kubernetes_executor.py took 0.279 seconds
[2023-10-10T15:48:20.068+0000] {processor.py:157} INFO - Started process (PID=2710) to work on /home/airflow/.local/lib/python3.8/site-packages/airflow/example_dags/example_local_kubernetes_executor.py
[2023-10-10T15:48:20.069+0000] {processor.py:829} INFO - Processing file /home/airflow/.local/lib/python3.8/site-packages/airflow/example_dags/example_local_kubernetes_executor.py for tasks to queue
[2023-10-10T15:48:20.070+0000] {logging_mixin.py:151} INFO - [2023-10-10T15:48:20.070+0000] {dagbag.py:539} INFO - Filling up the DagBag from /home/airflow/.local/lib/python3.8/site-packages/airflow/example_dags/example_local_kubernetes_executor.py
[2023-10-10T15:48:20.309+0000] {processor.py:839} INFO - DAG(s) dict_keys(['example_local_kubernetes_executor']) retrieved from /home/airflow/.local/lib/python3.8/site-packages/airflow/example_dags/example_local_kubernetes_executor.py
[2023-10-10T15:48:20.450+0000] {logging_mixin.py:151} INFO - [2023-10-10T15:48:20.449+0000] {dag.py:2915} INFO - Sync 1 DAGs
[2023-10-10T15:48:20.478+0000] {logging_mixin.py:151} INFO - [2023-10-10T15:48:20.478+0000] {dag.py:3696} INFO - Setting next_dagrun for example_local_kubernetes_executor to None, run_after=None
[2023-10-10T15:48:20.493+0000] {processor.py:179} INFO - Processing /home/airflow/.local/lib/python3.8/site-packages/airflow/example_dags/example_local_kubernetes_executor.py took 0.427 seconds
[2023-10-10T15:48:50.617+0000] {processor.py:157} INFO - Started process (PID=2764) to work on /home/airflow/.local/lib/python3.8/site-packages/airflow/example_dags/example_local_kubernetes_executor.py
[2023-10-10T15:48:50.617+0000] {processor.py:829} INFO - Processing file /home/airflow/.local/lib/python3.8/site-packages/airflow/example_dags/example_local_kubernetes_executor.py for tasks to queue
[2023-10-10T15:48:50.619+0000] {logging_mixin.py:151} INFO - [2023-10-10T15:48:50.619+0000] {dagbag.py:539} INFO - Filling up the DagBag from /home/airflow/.local/lib/python3.8/site-packages/airflow/example_dags/example_local_kubernetes_executor.py
[2023-10-10T15:48:50.845+0000] {processor.py:839} INFO - DAG(s) dict_keys(['example_local_kubernetes_executor']) retrieved from /home/airflow/.local/lib/python3.8/site-packages/airflow/example_dags/example_local_kubernetes_executor.py
[2023-10-10T15:48:50.879+0000] {logging_mixin.py:151} INFO - [2023-10-10T15:48:50.878+0000] {dag.py:2915} INFO - Sync 1 DAGs
[2023-10-10T15:48:51.035+0000] {logging_mixin.py:151} INFO - [2023-10-10T15:48:51.034+0000] {dag.py:3696} INFO - Setting next_dagrun for example_local_kubernetes_executor to None, run_after=None
[2023-10-10T15:48:51.049+0000] {processor.py:179} INFO - Processing /home/airflow/.local/lib/python3.8/site-packages/airflow/example_dags/example_local_kubernetes_executor.py took 0.435 seconds
[2023-10-10T15:49:21.198+0000] {processor.py:157} INFO - Started process (PID=2818) to work on /home/airflow/.local/lib/python3.8/site-packages/airflow/example_dags/example_local_kubernetes_executor.py
[2023-10-10T15:49:21.199+0000] {processor.py:829} INFO - Processing file /home/airflow/.local/lib/python3.8/site-packages/airflow/example_dags/example_local_kubernetes_executor.py for tasks to queue
[2023-10-10T15:49:21.201+0000] {logging_mixin.py:151} INFO - [2023-10-10T15:49:21.200+0000] {dagbag.py:539} INFO - Filling up the DagBag from /home/airflow/.local/lib/python3.8/site-packages/airflow/example_dags/example_local_kubernetes_executor.py
[2023-10-10T15:49:21.482+0000] {processor.py:839} INFO - DAG(s) dict_keys(['example_local_kubernetes_executor']) retrieved from /home/airflow/.local/lib/python3.8/site-packages/airflow/example_dags/example_local_kubernetes_executor.py
[2023-10-10T15:49:21.515+0000] {logging_mixin.py:151} INFO - [2023-10-10T15:49:21.514+0000] {dag.py:2915} INFO - Sync 1 DAGs
[2023-10-10T15:49:21.528+0000] {logging_mixin.py:151} INFO - [2023-10-10T15:49:21.528+0000] {dag.py:3696} INFO - Setting next_dagrun for example_local_kubernetes_executor to None, run_after=None
[2023-10-10T15:49:21.716+0000] {processor.py:179} INFO - Processing /home/airflow/.local/lib/python3.8/site-packages/airflow/example_dags/example_local_kubernetes_executor.py took 0.521 seconds
[2023-10-10T15:49:51.958+0000] {processor.py:157} INFO - Started process (PID=2872) to work on /home/airflow/.local/lib/python3.8/site-packages/airflow/example_dags/example_local_kubernetes_executor.py
[2023-10-10T15:49:51.959+0000] {processor.py:829} INFO - Processing file /home/airflow/.local/lib/python3.8/site-packages/airflow/example_dags/example_local_kubernetes_executor.py for tasks to queue
[2023-10-10T15:49:51.961+0000] {logging_mixin.py:151} INFO - [2023-10-10T15:49:51.961+0000] {dagbag.py:539} INFO - Filling up the DagBag from /home/airflow/.local/lib/python3.8/site-packages/airflow/example_dags/example_local_kubernetes_executor.py
[2023-10-10T15:49:52.451+0000] {processor.py:839} INFO - DAG(s) dict_keys(['example_local_kubernetes_executor']) retrieved from /home/airflow/.local/lib/python3.8/site-packages/airflow/example_dags/example_local_kubernetes_executor.py
[2023-10-10T15:49:52.492+0000] {logging_mixin.py:151} INFO - [2023-10-10T15:49:52.491+0000] {dag.py:2915} INFO - Sync 1 DAGs
[2023-10-10T15:49:52.505+0000] {logging_mixin.py:151} INFO - [2023-10-10T15:49:52.505+0000] {dag.py:3696} INFO - Setting next_dagrun for example_local_kubernetes_executor to None, run_after=None
[2023-10-10T15:49:52.523+0000] {processor.py:179} INFO - Processing /home/airflow/.local/lib/python3.8/site-packages/airflow/example_dags/example_local_kubernetes_executor.py took 0.567 seconds
[2023-10-10T15:50:22.968+0000] {processor.py:157} INFO - Started process (PID=2926) to work on /home/airflow/.local/lib/python3.8/site-packages/airflow/example_dags/example_local_kubernetes_executor.py
[2023-10-10T15:50:22.969+0000] {processor.py:829} INFO - Processing file /home/airflow/.local/lib/python3.8/site-packages/airflow/example_dags/example_local_kubernetes_executor.py for tasks to queue
[2023-10-10T15:50:22.970+0000] {logging_mixin.py:151} INFO - [2023-10-10T15:50:22.970+0000] {dagbag.py:539} INFO - Filling up the DagBag from /home/airflow/.local/lib/python3.8/site-packages/airflow/example_dags/example_local_kubernetes_executor.py
[2023-10-10T15:50:23.279+0000] {processor.py:839} INFO - DAG(s) dict_keys(['example_local_kubernetes_executor']) retrieved from /home/airflow/.local/lib/python3.8/site-packages/airflow/example_dags/example_local_kubernetes_executor.py
[2023-10-10T15:50:23.448+0000] {logging_mixin.py:151} INFO - [2023-10-10T15:50:23.448+0000] {dag.py:2915} INFO - Sync 1 DAGs
[2023-10-10T15:50:23.460+0000] {logging_mixin.py:151} INFO - [2023-10-10T15:50:23.460+0000] {dag.py:3696} INFO - Setting next_dagrun for example_local_kubernetes_executor to None, run_after=None
[2023-10-10T15:50:23.482+0000] {processor.py:179} INFO - Processing /home/airflow/.local/lib/python3.8/site-packages/airflow/example_dags/example_local_kubernetes_executor.py took 0.517 seconds
[2023-10-10T15:50:53.632+0000] {processor.py:157} INFO - Started process (PID=2982) to work on /home/airflow/.local/lib/python3.8/site-packages/airflow/example_dags/example_local_kubernetes_executor.py
[2023-10-10T15:50:53.632+0000] {processor.py:829} INFO - Processing file /home/airflow/.local/lib/python3.8/site-packages/airflow/example_dags/example_local_kubernetes_executor.py for tasks to queue
[2023-10-10T15:50:53.634+0000] {logging_mixin.py:151} INFO - [2023-10-10T15:50:53.634+0000] {dagbag.py:539} INFO - Filling up the DagBag from /home/airflow/.local/lib/python3.8/site-packages/airflow/example_dags/example_local_kubernetes_executor.py
[2023-10-10T15:50:53.922+0000] {processor.py:839} INFO - DAG(s) dict_keys(['example_local_kubernetes_executor']) retrieved from /home/airflow/.local/lib/python3.8/site-packages/airflow/example_dags/example_local_kubernetes_executor.py
[2023-10-10T15:50:54.119+0000] {logging_mixin.py:151} INFO - [2023-10-10T15:50:54.118+0000] {dag.py:2915} INFO - Sync 1 DAGs
[2023-10-10T15:50:54.132+0000] {logging_mixin.py:151} INFO - [2023-10-10T15:50:54.132+0000] {dag.py:3696} INFO - Setting next_dagrun for example_local_kubernetes_executor to None, run_after=None
[2023-10-10T15:50:54.151+0000] {processor.py:179} INFO - Processing /home/airflow/.local/lib/python3.8/site-packages/airflow/example_dags/example_local_kubernetes_executor.py took 0.523 seconds
[2023-10-10T15:51:24.697+0000] {processor.py:157} INFO - Started process (PID=3036) to work on /home/airflow/.local/lib/python3.8/site-packages/airflow/example_dags/example_local_kubernetes_executor.py
[2023-10-10T15:51:24.698+0000] {processor.py:829} INFO - Processing file /home/airflow/.local/lib/python3.8/site-packages/airflow/example_dags/example_local_kubernetes_executor.py for tasks to queue
[2023-10-10T15:51:24.700+0000] {logging_mixin.py:151} INFO - [2023-10-10T15:51:24.699+0000] {dagbag.py:539} INFO - Filling up the DagBag from /home/airflow/.local/lib/python3.8/site-packages/airflow/example_dags/example_local_kubernetes_executor.py
[2023-10-10T15:51:24.922+0000] {processor.py:839} INFO - DAG(s) dict_keys(['example_local_kubernetes_executor']) retrieved from /home/airflow/.local/lib/python3.8/site-packages/airflow/example_dags/example_local_kubernetes_executor.py
[2023-10-10T15:51:25.138+0000] {logging_mixin.py:151} INFO - [2023-10-10T15:51:24.978+0000] {dag.py:2915} INFO - Sync 1 DAGs
[2023-10-10T15:51:25.148+0000] {logging_mixin.py:151} INFO - [2023-10-10T15:51:25.148+0000] {dag.py:3696} INFO - Setting next_dagrun for example_local_kubernetes_executor to None, run_after=None
[2023-10-10T15:51:25.178+0000] {processor.py:179} INFO - Processing /home/airflow/.local/lib/python3.8/site-packages/airflow/example_dags/example_local_kubernetes_executor.py took 0.483 seconds
[2023-10-10T15:51:55.944+0000] {processor.py:157} INFO - Started process (PID=3090) to work on /home/airflow/.local/lib/python3.8/site-packages/airflow/example_dags/example_local_kubernetes_executor.py
[2023-10-10T15:51:55.945+0000] {processor.py:829} INFO - Processing file /home/airflow/.local/lib/python3.8/site-packages/airflow/example_dags/example_local_kubernetes_executor.py for tasks to queue
[2023-10-10T15:51:55.946+0000] {logging_mixin.py:151} INFO - [2023-10-10T15:51:55.946+0000] {dagbag.py:539} INFO - Filling up the DagBag from /home/airflow/.local/lib/python3.8/site-packages/airflow/example_dags/example_local_kubernetes_executor.py
[2023-10-10T15:51:56.392+0000] {processor.py:839} INFO - DAG(s) dict_keys(['example_local_kubernetes_executor']) retrieved from /home/airflow/.local/lib/python3.8/site-packages/airflow/example_dags/example_local_kubernetes_executor.py
[2023-10-10T15:51:56.427+0000] {logging_mixin.py:151} INFO - [2023-10-10T15:51:56.426+0000] {dag.py:2915} INFO - Sync 1 DAGs
[2023-10-10T15:51:56.438+0000] {logging_mixin.py:151} INFO - [2023-10-10T15:51:56.438+0000] {dag.py:3696} INFO - Setting next_dagrun for example_local_kubernetes_executor to None, run_after=None
[2023-10-10T15:51:56.457+0000] {processor.py:179} INFO - Processing /home/airflow/.local/lib/python3.8/site-packages/airflow/example_dags/example_local_kubernetes_executor.py took 0.515 seconds
[2023-10-10T15:52:26.512+0000] {processor.py:157} INFO - Started process (PID=3144) to work on /home/airflow/.local/lib/python3.8/site-packages/airflow/example_dags/example_local_kubernetes_executor.py
[2023-10-10T15:52:26.512+0000] {processor.py:829} INFO - Processing file /home/airflow/.local/lib/python3.8/site-packages/airflow/example_dags/example_local_kubernetes_executor.py for tasks to queue
[2023-10-10T15:52:26.514+0000] {logging_mixin.py:151} INFO - [2023-10-10T15:52:26.514+0000] {dagbag.py:539} INFO - Filling up the DagBag from /home/airflow/.local/lib/python3.8/site-packages/airflow/example_dags/example_local_kubernetes_executor.py
[2023-10-10T15:52:26.875+0000] {processor.py:839} INFO - DAG(s) dict_keys(['example_local_kubernetes_executor']) retrieved from /home/airflow/.local/lib/python3.8/site-packages/airflow/example_dags/example_local_kubernetes_executor.py
[2023-10-10T15:52:26.901+0000] {logging_mixin.py:151} INFO - [2023-10-10T15:52:26.901+0000] {dag.py:2915} INFO - Sync 1 DAGs
[2023-10-10T15:52:26.910+0000] {logging_mixin.py:151} INFO - [2023-10-10T15:52:26.910+0000] {dag.py:3696} INFO - Setting next_dagrun for example_local_kubernetes_executor to None, run_after=None
[2023-10-10T15:52:26.926+0000] {processor.py:179} INFO - Processing /home/airflow/.local/lib/python3.8/site-packages/airflow/example_dags/example_local_kubernetes_executor.py took 0.417 seconds
[2023-10-10T15:52:57.706+0000] {processor.py:157} INFO - Started process (PID=3205) to work on /home/airflow/.local/lib/python3.8/site-packages/airflow/example_dags/example_local_kubernetes_executor.py
[2023-10-10T15:52:57.707+0000] {processor.py:829} INFO - Processing file /home/airflow/.local/lib/python3.8/site-packages/airflow/example_dags/example_local_kubernetes_executor.py for tasks to queue
[2023-10-10T15:52:57.709+0000] {logging_mixin.py:151} INFO - [2023-10-10T15:52:57.709+0000] {dagbag.py:539} INFO - Filling up the DagBag from /home/airflow/.local/lib/python3.8/site-packages/airflow/example_dags/example_local_kubernetes_executor.py
[2023-10-10T15:52:58.126+0000] {processor.py:839} INFO - DAG(s) dict_keys(['example_local_kubernetes_executor']) retrieved from /home/airflow/.local/lib/python3.8/site-packages/airflow/example_dags/example_local_kubernetes_executor.py
[2023-10-10T15:52:58.166+0000] {logging_mixin.py:151} INFO - [2023-10-10T15:52:58.165+0000] {dag.py:2915} INFO - Sync 1 DAGs
[2023-10-10T15:52:58.181+0000] {logging_mixin.py:151} INFO - [2023-10-10T15:52:58.181+0000] {dag.py:3696} INFO - Setting next_dagrun for example_local_kubernetes_executor to None, run_after=None
[2023-10-10T15:52:58.205+0000] {processor.py:179} INFO - Processing /home/airflow/.local/lib/python3.8/site-packages/airflow/example_dags/example_local_kubernetes_executor.py took 0.501 seconds
[2023-10-10T15:53:28.998+0000] {processor.py:157} INFO - Started process (PID=3259) to work on /home/airflow/.local/lib/python3.8/site-packages/airflow/example_dags/example_local_kubernetes_executor.py
[2023-10-10T15:53:28.999+0000] {processor.py:829} INFO - Processing file /home/airflow/.local/lib/python3.8/site-packages/airflow/example_dags/example_local_kubernetes_executor.py for tasks to queue
[2023-10-10T15:53:29.001+0000] {logging_mixin.py:151} INFO - [2023-10-10T15:53:29.001+0000] {dagbag.py:539} INFO - Filling up the DagBag from /home/airflow/.local/lib/python3.8/site-packages/airflow/example_dags/example_local_kubernetes_executor.py
[2023-10-10T15:53:29.430+0000] {processor.py:839} INFO - DAG(s) dict_keys(['example_local_kubernetes_executor']) retrieved from /home/airflow/.local/lib/python3.8/site-packages/airflow/example_dags/example_local_kubernetes_executor.py
[2023-10-10T15:53:29.461+0000] {logging_mixin.py:151} INFO - [2023-10-10T15:53:29.459+0000] {dag.py:2915} INFO - Sync 1 DAGs
[2023-10-10T15:53:29.477+0000] {logging_mixin.py:151} INFO - [2023-10-10T15:53:29.476+0000] {dag.py:3696} INFO - Setting next_dagrun for example_local_kubernetes_executor to None, run_after=None
[2023-10-10T15:53:29.496+0000] {processor.py:179} INFO - Processing /home/airflow/.local/lib/python3.8/site-packages/airflow/example_dags/example_local_kubernetes_executor.py took 0.500 seconds
[2023-10-10T15:53:59.643+0000] {processor.py:157} INFO - Started process (PID=3314) to work on /home/airflow/.local/lib/python3.8/site-packages/airflow/example_dags/example_local_kubernetes_executor.py
[2023-10-10T15:53:59.644+0000] {processor.py:829} INFO - Processing file /home/airflow/.local/lib/python3.8/site-packages/airflow/example_dags/example_local_kubernetes_executor.py for tasks to queue
[2023-10-10T15:53:59.646+0000] {logging_mixin.py:151} INFO - [2023-10-10T15:53:59.646+0000] {dagbag.py:539} INFO - Filling up the DagBag from /home/airflow/.local/lib/python3.8/site-packages/airflow/example_dags/example_local_kubernetes_executor.py
[2023-10-10T15:54:00.178+0000] {processor.py:839} INFO - DAG(s) dict_keys(['example_local_kubernetes_executor']) retrieved from /home/airflow/.local/lib/python3.8/site-packages/airflow/example_dags/example_local_kubernetes_executor.py
[2023-10-10T15:54:00.218+0000] {logging_mixin.py:151} INFO - [2023-10-10T15:54:00.217+0000] {dag.py:2915} INFO - Sync 1 DAGs
[2023-10-10T15:54:00.232+0000] {logging_mixin.py:151} INFO - [2023-10-10T15:54:00.232+0000] {dag.py:3696} INFO - Setting next_dagrun for example_local_kubernetes_executor to None, run_after=None
[2023-10-10T15:54:00.254+0000] {processor.py:179} INFO - Processing /home/airflow/.local/lib/python3.8/site-packages/airflow/example_dags/example_local_kubernetes_executor.py took 0.615 seconds
[2023-10-10T15:54:30.384+0000] {processor.py:157} INFO - Started process (PID=3368) to work on /home/airflow/.local/lib/python3.8/site-packages/airflow/example_dags/example_local_kubernetes_executor.py
[2023-10-10T15:54:30.385+0000] {processor.py:829} INFO - Processing file /home/airflow/.local/lib/python3.8/site-packages/airflow/example_dags/example_local_kubernetes_executor.py for tasks to queue
[2023-10-10T15:54:30.387+0000] {logging_mixin.py:151} INFO - [2023-10-10T15:54:30.386+0000] {dagbag.py:539} INFO - Filling up the DagBag from /home/airflow/.local/lib/python3.8/site-packages/airflow/example_dags/example_local_kubernetes_executor.py
[2023-10-10T15:54:30.892+0000] {processor.py:839} INFO - DAG(s) dict_keys(['example_local_kubernetes_executor']) retrieved from /home/airflow/.local/lib/python3.8/site-packages/airflow/example_dags/example_local_kubernetes_executor.py
[2023-10-10T15:54:30.935+0000] {logging_mixin.py:151} INFO - [2023-10-10T15:54:30.934+0000] {dag.py:2915} INFO - Sync 1 DAGs
[2023-10-10T15:54:30.950+0000] {logging_mixin.py:151} INFO - [2023-10-10T15:54:30.950+0000] {dag.py:3696} INFO - Setting next_dagrun for example_local_kubernetes_executor to None, run_after=None
[2023-10-10T15:54:30.975+0000] {processor.py:179} INFO - Processing /home/airflow/.local/lib/python3.8/site-packages/airflow/example_dags/example_local_kubernetes_executor.py took 0.595 seconds
[2023-10-10T15:55:01.502+0000] {processor.py:157} INFO - Started process (PID=3422) to work on /home/airflow/.local/lib/python3.8/site-packages/airflow/example_dags/example_local_kubernetes_executor.py
[2023-10-10T15:55:01.504+0000] {processor.py:829} INFO - Processing file /home/airflow/.local/lib/python3.8/site-packages/airflow/example_dags/example_local_kubernetes_executor.py for tasks to queue
[2023-10-10T15:55:01.506+0000] {logging_mixin.py:151} INFO - [2023-10-10T15:55:01.506+0000] {dagbag.py:539} INFO - Filling up the DagBag from /home/airflow/.local/lib/python3.8/site-packages/airflow/example_dags/example_local_kubernetes_executor.py
[2023-10-10T15:55:01.876+0000] {processor.py:839} INFO - DAG(s) dict_keys(['example_local_kubernetes_executor']) retrieved from /home/airflow/.local/lib/python3.8/site-packages/airflow/example_dags/example_local_kubernetes_executor.py
[2023-10-10T15:55:01.902+0000] {logging_mixin.py:151} INFO - [2023-10-10T15:55:01.901+0000] {dag.py:2915} INFO - Sync 1 DAGs
[2023-10-10T15:55:01.912+0000] {logging_mixin.py:151} INFO - [2023-10-10T15:55:01.912+0000] {dag.py:3696} INFO - Setting next_dagrun for example_local_kubernetes_executor to None, run_after=None
[2023-10-10T15:55:01.928+0000] {processor.py:179} INFO - Processing /home/airflow/.local/lib/python3.8/site-packages/airflow/example_dags/example_local_kubernetes_executor.py took 0.429 seconds
[2023-10-10T15:55:33.108+0000] {processor.py:157} INFO - Started process (PID=3481) to work on /home/airflow/.local/lib/python3.8/site-packages/airflow/example_dags/example_local_kubernetes_executor.py
[2023-10-10T15:55:33.109+0000] {processor.py:829} INFO - Processing file /home/airflow/.local/lib/python3.8/site-packages/airflow/example_dags/example_local_kubernetes_executor.py for tasks to queue
[2023-10-10T15:55:33.111+0000] {logging_mixin.py:151} INFO - [2023-10-10T15:55:33.111+0000] {dagbag.py:539} INFO - Filling up the DagBag from /home/airflow/.local/lib/python3.8/site-packages/airflow/example_dags/example_local_kubernetes_executor.py
[2023-10-10T15:55:33.606+0000] {processor.py:839} INFO - DAG(s) dict_keys(['example_local_kubernetes_executor']) retrieved from /home/airflow/.local/lib/python3.8/site-packages/airflow/example_dags/example_local_kubernetes_executor.py
[2023-10-10T15:55:33.632+0000] {logging_mixin.py:151} INFO - [2023-10-10T15:55:33.631+0000] {dag.py:2915} INFO - Sync 1 DAGs
[2023-10-10T15:55:33.642+0000] {logging_mixin.py:151} INFO - [2023-10-10T15:55:33.642+0000] {dag.py:3696} INFO - Setting next_dagrun for example_local_kubernetes_executor to None, run_after=None
[2023-10-10T15:55:33.658+0000] {processor.py:179} INFO - Processing /home/airflow/.local/lib/python3.8/site-packages/airflow/example_dags/example_local_kubernetes_executor.py took 0.553 seconds
[2023-10-10T15:56:04.517+0000] {processor.py:157} INFO - Started process (PID=3535) to work on /home/airflow/.local/lib/python3.8/site-packages/airflow/example_dags/example_local_kubernetes_executor.py
[2023-10-10T15:56:04.518+0000] {processor.py:829} INFO - Processing file /home/airflow/.local/lib/python3.8/site-packages/airflow/example_dags/example_local_kubernetes_executor.py for tasks to queue
[2023-10-10T15:56:04.520+0000] {logging_mixin.py:151} INFO - [2023-10-10T15:56:04.519+0000] {dagbag.py:539} INFO - Filling up the DagBag from /home/airflow/.local/lib/python3.8/site-packages/airflow/example_dags/example_local_kubernetes_executor.py
[2023-10-10T15:56:05.101+0000] {processor.py:839} INFO - DAG(s) dict_keys(['example_local_kubernetes_executor']) retrieved from /home/airflow/.local/lib/python3.8/site-packages/airflow/example_dags/example_local_kubernetes_executor.py
[2023-10-10T15:56:05.125+0000] {logging_mixin.py:151} INFO - [2023-10-10T15:56:05.125+0000] {dag.py:2915} INFO - Sync 1 DAGs
[2023-10-10T15:56:05.134+0000] {logging_mixin.py:151} INFO - [2023-10-10T15:56:05.134+0000] {dag.py:3696} INFO - Setting next_dagrun for example_local_kubernetes_executor to None, run_after=None
[2023-10-10T15:56:05.186+0000] {processor.py:179} INFO - Processing /home/airflow/.local/lib/python3.8/site-packages/airflow/example_dags/example_local_kubernetes_executor.py took 0.671 seconds
[2023-10-10T15:56:36.014+0000] {processor.py:157} INFO - Started process (PID=3591) to work on /home/airflow/.local/lib/python3.8/site-packages/airflow/example_dags/example_local_kubernetes_executor.py
[2023-10-10T15:56:36.015+0000] {processor.py:829} INFO - Processing file /home/airflow/.local/lib/python3.8/site-packages/airflow/example_dags/example_local_kubernetes_executor.py for tasks to queue
[2023-10-10T15:56:36.016+0000] {logging_mixin.py:151} INFO - [2023-10-10T15:56:36.016+0000] {dagbag.py:539} INFO - Filling up the DagBag from /home/airflow/.local/lib/python3.8/site-packages/airflow/example_dags/example_local_kubernetes_executor.py
[2023-10-10T15:56:36.572+0000] {processor.py:839} INFO - DAG(s) dict_keys(['example_local_kubernetes_executor']) retrieved from /home/airflow/.local/lib/python3.8/site-packages/airflow/example_dags/example_local_kubernetes_executor.py
[2023-10-10T15:56:36.609+0000] {logging_mixin.py:151} INFO - [2023-10-10T15:56:36.608+0000] {dag.py:2915} INFO - Sync 1 DAGs
[2023-10-10T15:56:36.623+0000] {logging_mixin.py:151} INFO - [2023-10-10T15:56:36.622+0000] {dag.py:3696} INFO - Setting next_dagrun for example_local_kubernetes_executor to None, run_after=None
[2023-10-10T15:56:36.641+0000] {processor.py:179} INFO - Processing /home/airflow/.local/lib/python3.8/site-packages/airflow/example_dags/example_local_kubernetes_executor.py took 0.630 seconds
[2023-10-10T15:57:06.761+0000] {processor.py:157} INFO - Started process (PID=3646) to work on /home/airflow/.local/lib/python3.8/site-packages/airflow/example_dags/example_local_kubernetes_executor.py
[2023-10-10T15:57:06.762+0000] {processor.py:829} INFO - Processing file /home/airflow/.local/lib/python3.8/site-packages/airflow/example_dags/example_local_kubernetes_executor.py for tasks to queue
[2023-10-10T15:57:06.764+0000] {logging_mixin.py:151} INFO - [2023-10-10T15:57:06.764+0000] {dagbag.py:539} INFO - Filling up the DagBag from /home/airflow/.local/lib/python3.8/site-packages/airflow/example_dags/example_local_kubernetes_executor.py
[2023-10-10T15:57:07.228+0000] {processor.py:839} INFO - DAG(s) dict_keys(['example_local_kubernetes_executor']) retrieved from /home/airflow/.local/lib/python3.8/site-packages/airflow/example_dags/example_local_kubernetes_executor.py
[2023-10-10T15:57:07.262+0000] {logging_mixin.py:151} INFO - [2023-10-10T15:57:07.262+0000] {dag.py:2915} INFO - Sync 1 DAGs
[2023-10-10T15:57:07.273+0000] {logging_mixin.py:151} INFO - [2023-10-10T15:57:07.273+0000] {dag.py:3696} INFO - Setting next_dagrun for example_local_kubernetes_executor to None, run_after=None
[2023-10-10T15:57:07.307+0000] {processor.py:179} INFO - Processing /home/airflow/.local/lib/python3.8/site-packages/airflow/example_dags/example_local_kubernetes_executor.py took 0.549 seconds
[2023-10-10T16:51:13.790+0000] {processor.py:157} INFO - Started process (PID=163) to work on /home/airflow/.local/lib/python3.8/site-packages/airflow/example_dags/example_local_kubernetes_executor.py
[2023-10-10T16:51:13.791+0000] {processor.py:829} INFO - Processing file /home/airflow/.local/lib/python3.8/site-packages/airflow/example_dags/example_local_kubernetes_executor.py for tasks to queue
[2023-10-10T16:51:13.793+0000] {logging_mixin.py:151} INFO - [2023-10-10T16:51:13.793+0000] {dagbag.py:539} INFO - Filling up the DagBag from /home/airflow/.local/lib/python3.8/site-packages/airflow/example_dags/example_local_kubernetes_executor.py
[2023-10-10T16:51:14.039+0000] {processor.py:839} INFO - DAG(s) dict_keys(['example_local_kubernetes_executor']) retrieved from /home/airflow/.local/lib/python3.8/site-packages/airflow/example_dags/example_local_kubernetes_executor.py
[2023-10-10T16:51:14.079+0000] {logging_mixin.py:151} INFO - [2023-10-10T16:51:14.078+0000] {dag.py:2915} INFO - Sync 1 DAGs
[2023-10-10T16:51:14.091+0000] {logging_mixin.py:151} INFO - [2023-10-10T16:51:14.090+0000] {dag.py:3696} INFO - Setting next_dagrun for example_local_kubernetes_executor to None, run_after=None
[2023-10-10T16:51:14.106+0000] {processor.py:179} INFO - Processing /home/airflow/.local/lib/python3.8/site-packages/airflow/example_dags/example_local_kubernetes_executor.py took 0.319 seconds
[2023-10-10T16:51:45.457+0000] {processor.py:157} INFO - Started process (PID=217) to work on /home/airflow/.local/lib/python3.8/site-packages/airflow/example_dags/example_local_kubernetes_executor.py
[2023-10-10T16:51:45.458+0000] {processor.py:829} INFO - Processing file /home/airflow/.local/lib/python3.8/site-packages/airflow/example_dags/example_local_kubernetes_executor.py for tasks to queue
[2023-10-10T16:51:45.460+0000] {logging_mixin.py:151} INFO - [2023-10-10T16:51:45.460+0000] {dagbag.py:539} INFO - Filling up the DagBag from /home/airflow/.local/lib/python3.8/site-packages/airflow/example_dags/example_local_kubernetes_executor.py
[2023-10-10T16:51:46.145+0000] {processor.py:839} INFO - DAG(s) dict_keys(['example_local_kubernetes_executor']) retrieved from /home/airflow/.local/lib/python3.8/site-packages/airflow/example_dags/example_local_kubernetes_executor.py
[2023-10-10T16:51:46.231+0000] {logging_mixin.py:151} INFO - [2023-10-10T16:51:46.230+0000] {dag.py:2915} INFO - Sync 1 DAGs
[2023-10-10T16:51:46.246+0000] {logging_mixin.py:151} INFO - [2023-10-10T16:51:46.246+0000] {dag.py:3696} INFO - Setting next_dagrun for example_local_kubernetes_executor to None, run_after=None
[2023-10-10T16:51:46.268+0000] {processor.py:179} INFO - Processing /home/airflow/.local/lib/python3.8/site-packages/airflow/example_dags/example_local_kubernetes_executor.py took 0.815 seconds
[2023-10-10T16:52:16.671+0000] {processor.py:157} INFO - Started process (PID=272) to work on /home/airflow/.local/lib/python3.8/site-packages/airflow/example_dags/example_local_kubernetes_executor.py
[2023-10-10T16:52:16.672+0000] {processor.py:829} INFO - Processing file /home/airflow/.local/lib/python3.8/site-packages/airflow/example_dags/example_local_kubernetes_executor.py for tasks to queue
[2023-10-10T16:52:16.674+0000] {logging_mixin.py:151} INFO - [2023-10-10T16:52:16.673+0000] {dagbag.py:539} INFO - Filling up the DagBag from /home/airflow/.local/lib/python3.8/site-packages/airflow/example_dags/example_local_kubernetes_executor.py
[2023-10-10T16:52:16.959+0000] {processor.py:839} INFO - DAG(s) dict_keys(['example_local_kubernetes_executor']) retrieved from /home/airflow/.local/lib/python3.8/site-packages/airflow/example_dags/example_local_kubernetes_executor.py
[2023-10-10T16:52:16.988+0000] {logging_mixin.py:151} INFO - [2023-10-10T16:52:16.988+0000] {dag.py:2915} INFO - Sync 1 DAGs
[2023-10-10T16:52:17.001+0000] {logging_mixin.py:151} INFO - [2023-10-10T16:52:17.001+0000] {dag.py:3696} INFO - Setting next_dagrun for example_local_kubernetes_executor to None, run_after=None
[2023-10-10T16:52:17.019+0000] {processor.py:179} INFO - Processing /home/airflow/.local/lib/python3.8/site-packages/airflow/example_dags/example_local_kubernetes_executor.py took 0.351 seconds
[2023-10-10T16:52:47.567+0000] {processor.py:157} INFO - Started process (PID=325) to work on /home/airflow/.local/lib/python3.8/site-packages/airflow/example_dags/example_local_kubernetes_executor.py
[2023-10-10T16:52:47.568+0000] {processor.py:829} INFO - Processing file /home/airflow/.local/lib/python3.8/site-packages/airflow/example_dags/example_local_kubernetes_executor.py for tasks to queue
[2023-10-10T16:52:47.570+0000] {logging_mixin.py:151} INFO - [2023-10-10T16:52:47.570+0000] {dagbag.py:539} INFO - Filling up the DagBag from /home/airflow/.local/lib/python3.8/site-packages/airflow/example_dags/example_local_kubernetes_executor.py
[2023-10-10T16:52:48.043+0000] {processor.py:839} INFO - DAG(s) dict_keys(['example_local_kubernetes_executor']) retrieved from /home/airflow/.local/lib/python3.8/site-packages/airflow/example_dags/example_local_kubernetes_executor.py
[2023-10-10T16:52:48.128+0000] {logging_mixin.py:151} INFO - [2023-10-10T16:52:48.127+0000] {dag.py:2915} INFO - Sync 1 DAGs
[2023-10-10T16:52:48.144+0000] {logging_mixin.py:151} INFO - [2023-10-10T16:52:48.143+0000] {dag.py:3696} INFO - Setting next_dagrun for example_local_kubernetes_executor to None, run_after=None
[2023-10-10T16:52:48.245+0000] {processor.py:179} INFO - Processing /home/airflow/.local/lib/python3.8/site-packages/airflow/example_dags/example_local_kubernetes_executor.py took 0.681 seconds
