[2023-10-10T15:24:08.601+0000] {processor.py:157} INFO - Started process (PID=189) to work on /home/airflow/.local/lib/python3.8/site-packages/airflow/example_dags/tutorial.py
[2023-10-10T15:24:08.601+0000] {processor.py:829} INFO - Processing file /home/airflow/.local/lib/python3.8/site-packages/airflow/example_dags/tutorial.py for tasks to queue
[2023-10-10T15:24:08.604+0000] {logging_mixin.py:151} INFO - [2023-10-10T15:24:08.604+0000] {dagbag.py:539} INFO - Filling up the DagBag from /home/airflow/.local/lib/python3.8/site-packages/airflow/example_dags/tutorial.py
[2023-10-10T15:24:08.609+0000] {processor.py:839} INFO - DAG(s) dict_keys(['tutorial']) retrieved from /home/airflow/.local/lib/python3.8/site-packages/airflow/example_dags/tutorial.py
[2023-10-10T15:24:08.624+0000] {logging_mixin.py:151} INFO - [2023-10-10T15:24:08.623+0000] {dag.py:2915} INFO - Sync 1 DAGs
[2023-10-10T15:24:08.646+0000] {logging_mixin.py:151} INFO - [2023-10-10T15:24:08.646+0000] {dag.py:3696} INFO - Setting next_dagrun for tutorial to 2023-10-09T15:24:08.645538+00:00, run_after=2023-10-10T15:24:08.645538+00:00
[2023-10-10T15:24:08.677+0000] {processor.py:179} INFO - Processing /home/airflow/.local/lib/python3.8/site-packages/airflow/example_dags/tutorial.py took 0.079 seconds
[2023-10-10T15:24:39.500+0000] {processor.py:157} INFO - Started process (PID=243) to work on /home/airflow/.local/lib/python3.8/site-packages/airflow/example_dags/tutorial.py
[2023-10-10T15:24:39.502+0000] {processor.py:829} INFO - Processing file /home/airflow/.local/lib/python3.8/site-packages/airflow/example_dags/tutorial.py for tasks to queue
[2023-10-10T15:24:39.504+0000] {logging_mixin.py:151} INFO - [2023-10-10T15:24:39.503+0000] {dagbag.py:539} INFO - Filling up the DagBag from /home/airflow/.local/lib/python3.8/site-packages/airflow/example_dags/tutorial.py
[2023-10-10T15:24:39.510+0000] {processor.py:839} INFO - DAG(s) dict_keys(['tutorial']) retrieved from /home/airflow/.local/lib/python3.8/site-packages/airflow/example_dags/tutorial.py
[2023-10-10T15:24:39.530+0000] {logging_mixin.py:151} INFO - [2023-10-10T15:24:39.530+0000] {dag.py:2915} INFO - Sync 1 DAGs
[2023-10-10T15:24:39.550+0000] {logging_mixin.py:151} INFO - [2023-10-10T15:24:39.550+0000] {dag.py:3696} INFO - Setting next_dagrun for tutorial to 2023-10-09T15:24:39.550151+00:00, run_after=2023-10-10T15:24:39.550151+00:00
[2023-10-10T15:24:39.585+0000] {processor.py:179} INFO - Processing /home/airflow/.local/lib/python3.8/site-packages/airflow/example_dags/tutorial.py took 0.088 seconds
[2023-10-10T15:25:11.245+0000] {processor.py:157} INFO - Started process (PID=297) to work on /home/airflow/.local/lib/python3.8/site-packages/airflow/example_dags/tutorial.py
[2023-10-10T15:25:11.246+0000] {processor.py:829} INFO - Processing file /home/airflow/.local/lib/python3.8/site-packages/airflow/example_dags/tutorial.py for tasks to queue
[2023-10-10T15:25:11.248+0000] {logging_mixin.py:151} INFO - [2023-10-10T15:25:11.248+0000] {dagbag.py:539} INFO - Filling up the DagBag from /home/airflow/.local/lib/python3.8/site-packages/airflow/example_dags/tutorial.py
[2023-10-10T15:25:11.255+0000] {processor.py:839} INFO - DAG(s) dict_keys(['tutorial']) retrieved from /home/airflow/.local/lib/python3.8/site-packages/airflow/example_dags/tutorial.py
[2023-10-10T15:25:11.289+0000] {logging_mixin.py:151} INFO - [2023-10-10T15:25:11.289+0000] {dag.py:2915} INFO - Sync 1 DAGs
[2023-10-10T15:25:11.319+0000] {logging_mixin.py:151} INFO - [2023-10-10T15:25:11.319+0000] {dag.py:3696} INFO - Setting next_dagrun for tutorial to 2023-10-09T15:25:11.318780+00:00, run_after=2023-10-10T15:25:11.318780+00:00
[2023-10-10T15:25:11.341+0000] {processor.py:179} INFO - Processing /home/airflow/.local/lib/python3.8/site-packages/airflow/example_dags/tutorial.py took 0.100 seconds
[2023-10-10T15:25:41.624+0000] {processor.py:157} INFO - Started process (PID=351) to work on /home/airflow/.local/lib/python3.8/site-packages/airflow/example_dags/tutorial.py
[2023-10-10T15:25:41.625+0000] {processor.py:829} INFO - Processing file /home/airflow/.local/lib/python3.8/site-packages/airflow/example_dags/tutorial.py for tasks to queue
[2023-10-10T15:25:41.627+0000] {logging_mixin.py:151} INFO - [2023-10-10T15:25:41.626+0000] {dagbag.py:539} INFO - Filling up the DagBag from /home/airflow/.local/lib/python3.8/site-packages/airflow/example_dags/tutorial.py
[2023-10-10T15:25:41.632+0000] {processor.py:839} INFO - DAG(s) dict_keys(['tutorial']) retrieved from /home/airflow/.local/lib/python3.8/site-packages/airflow/example_dags/tutorial.py
[2023-10-10T15:25:41.651+0000] {logging_mixin.py:151} INFO - [2023-10-10T15:25:41.651+0000] {dag.py:2915} INFO - Sync 1 DAGs
[2023-10-10T15:25:41.669+0000] {logging_mixin.py:151} INFO - [2023-10-10T15:25:41.669+0000] {dag.py:3696} INFO - Setting next_dagrun for tutorial to 2023-10-09T15:25:41.669038+00:00, run_after=2023-10-10T15:25:41.669038+00:00
[2023-10-10T15:25:41.688+0000] {processor.py:179} INFO - Processing /home/airflow/.local/lib/python3.8/site-packages/airflow/example_dags/tutorial.py took 0.067 seconds
[2023-10-10T15:26:12.236+0000] {processor.py:157} INFO - Started process (PID=405) to work on /home/airflow/.local/lib/python3.8/site-packages/airflow/example_dags/tutorial.py
[2023-10-10T15:26:12.237+0000] {processor.py:829} INFO - Processing file /home/airflow/.local/lib/python3.8/site-packages/airflow/example_dags/tutorial.py for tasks to queue
[2023-10-10T15:26:12.238+0000] {logging_mixin.py:151} INFO - [2023-10-10T15:26:12.238+0000] {dagbag.py:539} INFO - Filling up the DagBag from /home/airflow/.local/lib/python3.8/site-packages/airflow/example_dags/tutorial.py
[2023-10-10T15:26:12.243+0000] {processor.py:839} INFO - DAG(s) dict_keys(['tutorial']) retrieved from /home/airflow/.local/lib/python3.8/site-packages/airflow/example_dags/tutorial.py
[2023-10-10T15:26:12.260+0000] {logging_mixin.py:151} INFO - [2023-10-10T15:26:12.260+0000] {dag.py:2915} INFO - Sync 1 DAGs
[2023-10-10T15:26:12.280+0000] {logging_mixin.py:151} INFO - [2023-10-10T15:26:12.280+0000] {dag.py:3696} INFO - Setting next_dagrun for tutorial to 2023-10-09T15:26:12.280192+00:00, run_after=2023-10-10T15:26:12.280192+00:00
[2023-10-10T15:26:12.297+0000] {processor.py:179} INFO - Processing /home/airflow/.local/lib/python3.8/site-packages/airflow/example_dags/tutorial.py took 0.064 seconds
[2023-10-10T15:26:42.750+0000] {processor.py:157} INFO - Started process (PID=459) to work on /home/airflow/.local/lib/python3.8/site-packages/airflow/example_dags/tutorial.py
[2023-10-10T15:26:42.751+0000] {processor.py:829} INFO - Processing file /home/airflow/.local/lib/python3.8/site-packages/airflow/example_dags/tutorial.py for tasks to queue
[2023-10-10T15:26:42.753+0000] {logging_mixin.py:151} INFO - [2023-10-10T15:26:42.752+0000] {dagbag.py:539} INFO - Filling up the DagBag from /home/airflow/.local/lib/python3.8/site-packages/airflow/example_dags/tutorial.py
[2023-10-10T15:26:42.758+0000] {processor.py:839} INFO - DAG(s) dict_keys(['tutorial']) retrieved from /home/airflow/.local/lib/python3.8/site-packages/airflow/example_dags/tutorial.py
[2023-10-10T15:26:42.778+0000] {logging_mixin.py:151} INFO - [2023-10-10T15:26:42.778+0000] {dag.py:2915} INFO - Sync 1 DAGs
[2023-10-10T15:26:42.810+0000] {logging_mixin.py:151} INFO - [2023-10-10T15:26:42.809+0000] {dag.py:3696} INFO - Setting next_dagrun for tutorial to 2023-10-09T15:26:42.809359+00:00, run_after=2023-10-10T15:26:42.809359+00:00
[2023-10-10T15:26:42.831+0000] {processor.py:179} INFO - Processing /home/airflow/.local/lib/python3.8/site-packages/airflow/example_dags/tutorial.py took 0.085 seconds
[2023-10-10T15:27:13.524+0000] {processor.py:157} INFO - Started process (PID=513) to work on /home/airflow/.local/lib/python3.8/site-packages/airflow/example_dags/tutorial.py
[2023-10-10T15:27:13.524+0000] {processor.py:829} INFO - Processing file /home/airflow/.local/lib/python3.8/site-packages/airflow/example_dags/tutorial.py for tasks to queue
[2023-10-10T15:27:13.526+0000] {logging_mixin.py:151} INFO - [2023-10-10T15:27:13.526+0000] {dagbag.py:539} INFO - Filling up the DagBag from /home/airflow/.local/lib/python3.8/site-packages/airflow/example_dags/tutorial.py
[2023-10-10T15:27:13.531+0000] {processor.py:839} INFO - DAG(s) dict_keys(['tutorial']) retrieved from /home/airflow/.local/lib/python3.8/site-packages/airflow/example_dags/tutorial.py
[2023-10-10T15:27:13.547+0000] {logging_mixin.py:151} INFO - [2023-10-10T15:27:13.546+0000] {dag.py:2915} INFO - Sync 1 DAGs
[2023-10-10T15:27:13.565+0000] {logging_mixin.py:151} INFO - [2023-10-10T15:27:13.565+0000] {dag.py:3696} INFO - Setting next_dagrun for tutorial to 2023-10-09T15:27:13.564726+00:00, run_after=2023-10-10T15:27:13.564726+00:00
[2023-10-10T15:27:13.581+0000] {processor.py:179} INFO - Processing /home/airflow/.local/lib/python3.8/site-packages/airflow/example_dags/tutorial.py took 0.060 seconds
[2023-10-10T15:27:44.222+0000] {processor.py:157} INFO - Started process (PID=567) to work on /home/airflow/.local/lib/python3.8/site-packages/airflow/example_dags/tutorial.py
[2023-10-10T15:27:44.223+0000] {processor.py:829} INFO - Processing file /home/airflow/.local/lib/python3.8/site-packages/airflow/example_dags/tutorial.py for tasks to queue
[2023-10-10T15:27:44.225+0000] {logging_mixin.py:151} INFO - [2023-10-10T15:27:44.225+0000] {dagbag.py:539} INFO - Filling up the DagBag from /home/airflow/.local/lib/python3.8/site-packages/airflow/example_dags/tutorial.py
[2023-10-10T15:27:44.230+0000] {processor.py:839} INFO - DAG(s) dict_keys(['tutorial']) retrieved from /home/airflow/.local/lib/python3.8/site-packages/airflow/example_dags/tutorial.py
[2023-10-10T15:27:44.249+0000] {logging_mixin.py:151} INFO - [2023-10-10T15:27:44.249+0000] {dag.py:2915} INFO - Sync 1 DAGs
[2023-10-10T15:27:44.269+0000] {logging_mixin.py:151} INFO - [2023-10-10T15:27:44.269+0000] {dag.py:3696} INFO - Setting next_dagrun for tutorial to 2023-10-09T15:27:44.268955+00:00, run_after=2023-10-10T15:27:44.268955+00:00
[2023-10-10T15:27:44.291+0000] {processor.py:179} INFO - Processing /home/airflow/.local/lib/python3.8/site-packages/airflow/example_dags/tutorial.py took 0.072 seconds
[2023-10-10T15:28:15.040+0000] {processor.py:157} INFO - Started process (PID=621) to work on /home/airflow/.local/lib/python3.8/site-packages/airflow/example_dags/tutorial.py
[2023-10-10T15:28:15.040+0000] {processor.py:829} INFO - Processing file /home/airflow/.local/lib/python3.8/site-packages/airflow/example_dags/tutorial.py for tasks to queue
[2023-10-10T15:28:15.042+0000] {logging_mixin.py:151} INFO - [2023-10-10T15:28:15.042+0000] {dagbag.py:539} INFO - Filling up the DagBag from /home/airflow/.local/lib/python3.8/site-packages/airflow/example_dags/tutorial.py
[2023-10-10T15:28:15.047+0000] {processor.py:839} INFO - DAG(s) dict_keys(['tutorial']) retrieved from /home/airflow/.local/lib/python3.8/site-packages/airflow/example_dags/tutorial.py
[2023-10-10T15:28:15.076+0000] {logging_mixin.py:151} INFO - [2023-10-10T15:28:15.075+0000] {dag.py:2915} INFO - Sync 1 DAGs
[2023-10-10T15:28:15.100+0000] {logging_mixin.py:151} INFO - [2023-10-10T15:28:15.100+0000] {dag.py:3696} INFO - Setting next_dagrun for tutorial to 2023-10-09T15:28:15.099942+00:00, run_after=2023-10-10T15:28:15.099942+00:00
[2023-10-10T15:28:15.116+0000] {processor.py:179} INFO - Processing /home/airflow/.local/lib/python3.8/site-packages/airflow/example_dags/tutorial.py took 0.079 seconds
[2023-10-10T15:28:45.948+0000] {processor.py:157} INFO - Started process (PID=675) to work on /home/airflow/.local/lib/python3.8/site-packages/airflow/example_dags/tutorial.py
[2023-10-10T15:28:45.949+0000] {processor.py:829} INFO - Processing file /home/airflow/.local/lib/python3.8/site-packages/airflow/example_dags/tutorial.py for tasks to queue
[2023-10-10T15:28:45.950+0000] {logging_mixin.py:151} INFO - [2023-10-10T15:28:45.950+0000] {dagbag.py:539} INFO - Filling up the DagBag from /home/airflow/.local/lib/python3.8/site-packages/airflow/example_dags/tutorial.py
[2023-10-10T15:28:45.954+0000] {processor.py:839} INFO - DAG(s) dict_keys(['tutorial']) retrieved from /home/airflow/.local/lib/python3.8/site-packages/airflow/example_dags/tutorial.py
[2023-10-10T15:28:45.972+0000] {logging_mixin.py:151} INFO - [2023-10-10T15:28:45.971+0000] {dag.py:2915} INFO - Sync 1 DAGs
[2023-10-10T15:28:45.997+0000] {logging_mixin.py:151} INFO - [2023-10-10T15:28:45.997+0000] {dag.py:3696} INFO - Setting next_dagrun for tutorial to 2023-10-09T15:28:45.996407+00:00, run_after=2023-10-10T15:28:45.996407+00:00
[2023-10-10T15:28:46.013+0000] {processor.py:179} INFO - Processing /home/airflow/.local/lib/python3.8/site-packages/airflow/example_dags/tutorial.py took 0.067 seconds
[2023-10-10T15:29:18.078+0000] {processor.py:157} INFO - Started process (PID=729) to work on /home/airflow/.local/lib/python3.8/site-packages/airflow/example_dags/tutorial.py
[2023-10-10T15:29:18.080+0000] {processor.py:829} INFO - Processing file /home/airflow/.local/lib/python3.8/site-packages/airflow/example_dags/tutorial.py for tasks to queue
[2023-10-10T15:29:18.082+0000] {logging_mixin.py:151} INFO - [2023-10-10T15:29:18.082+0000] {dagbag.py:539} INFO - Filling up the DagBag from /home/airflow/.local/lib/python3.8/site-packages/airflow/example_dags/tutorial.py
[2023-10-10T15:29:18.088+0000] {processor.py:839} INFO - DAG(s) dict_keys(['tutorial']) retrieved from /home/airflow/.local/lib/python3.8/site-packages/airflow/example_dags/tutorial.py
[2023-10-10T15:29:18.112+0000] {logging_mixin.py:151} INFO - [2023-10-10T15:29:18.111+0000] {dag.py:2915} INFO - Sync 1 DAGs
[2023-10-10T15:29:18.176+0000] {logging_mixin.py:151} INFO - [2023-10-10T15:29:18.176+0000] {dag.py:3696} INFO - Setting next_dagrun for tutorial to 2023-10-09T15:29:18.176121+00:00, run_after=2023-10-10T15:29:18.176121+00:00
[2023-10-10T15:29:18.198+0000] {processor.py:179} INFO - Processing /home/airflow/.local/lib/python3.8/site-packages/airflow/example_dags/tutorial.py took 0.160 seconds
[2023-10-10T15:29:49.307+0000] {processor.py:157} INFO - Started process (PID=783) to work on /home/airflow/.local/lib/python3.8/site-packages/airflow/example_dags/tutorial.py
[2023-10-10T15:29:49.308+0000] {processor.py:829} INFO - Processing file /home/airflow/.local/lib/python3.8/site-packages/airflow/example_dags/tutorial.py for tasks to queue
[2023-10-10T15:29:49.310+0000] {logging_mixin.py:151} INFO - [2023-10-10T15:29:49.310+0000] {dagbag.py:539} INFO - Filling up the DagBag from /home/airflow/.local/lib/python3.8/site-packages/airflow/example_dags/tutorial.py
[2023-10-10T15:29:49.315+0000] {processor.py:839} INFO - DAG(s) dict_keys(['tutorial']) retrieved from /home/airflow/.local/lib/python3.8/site-packages/airflow/example_dags/tutorial.py
[2023-10-10T15:29:49.394+0000] {logging_mixin.py:151} INFO - [2023-10-10T15:29:49.393+0000] {dag.py:2915} INFO - Sync 1 DAGs
[2023-10-10T15:29:49.418+0000] {logging_mixin.py:151} INFO - [2023-10-10T15:29:49.418+0000] {dag.py:3696} INFO - Setting next_dagrun for tutorial to 2023-10-09T15:29:49.417996+00:00, run_after=2023-10-10T15:29:49.417996+00:00
[2023-10-10T15:29:49.500+0000] {processor.py:179} INFO - Processing /home/airflow/.local/lib/python3.8/site-packages/airflow/example_dags/tutorial.py took 0.195 seconds
[2023-10-10T15:30:20.181+0000] {processor.py:157} INFO - Started process (PID=837) to work on /home/airflow/.local/lib/python3.8/site-packages/airflow/example_dags/tutorial.py
[2023-10-10T15:30:20.182+0000] {processor.py:829} INFO - Processing file /home/airflow/.local/lib/python3.8/site-packages/airflow/example_dags/tutorial.py for tasks to queue
[2023-10-10T15:30:20.184+0000] {logging_mixin.py:151} INFO - [2023-10-10T15:30:20.184+0000] {dagbag.py:539} INFO - Filling up the DagBag from /home/airflow/.local/lib/python3.8/site-packages/airflow/example_dags/tutorial.py
[2023-10-10T15:30:20.189+0000] {processor.py:839} INFO - DAG(s) dict_keys(['tutorial']) retrieved from /home/airflow/.local/lib/python3.8/site-packages/airflow/example_dags/tutorial.py
[2023-10-10T15:30:20.208+0000] {logging_mixin.py:151} INFO - [2023-10-10T15:30:20.207+0000] {dag.py:2915} INFO - Sync 1 DAGs
[2023-10-10T15:30:20.285+0000] {logging_mixin.py:151} INFO - [2023-10-10T15:30:20.284+0000] {dag.py:3696} INFO - Setting next_dagrun for tutorial to 2023-10-09T15:30:20.284582+00:00, run_after=2023-10-10T15:30:20.284582+00:00
[2023-10-10T15:30:20.301+0000] {processor.py:179} INFO - Processing /home/airflow/.local/lib/python3.8/site-packages/airflow/example_dags/tutorial.py took 0.123 seconds
[2023-10-10T15:30:51.214+0000] {processor.py:157} INFO - Started process (PID=891) to work on /home/airflow/.local/lib/python3.8/site-packages/airflow/example_dags/tutorial.py
[2023-10-10T15:30:51.215+0000] {processor.py:829} INFO - Processing file /home/airflow/.local/lib/python3.8/site-packages/airflow/example_dags/tutorial.py for tasks to queue
[2023-10-10T15:30:51.217+0000] {logging_mixin.py:151} INFO - [2023-10-10T15:30:51.217+0000] {dagbag.py:539} INFO - Filling up the DagBag from /home/airflow/.local/lib/python3.8/site-packages/airflow/example_dags/tutorial.py
[2023-10-10T15:30:51.222+0000] {processor.py:839} INFO - DAG(s) dict_keys(['tutorial']) retrieved from /home/airflow/.local/lib/python3.8/site-packages/airflow/example_dags/tutorial.py
[2023-10-10T15:30:51.241+0000] {logging_mixin.py:151} INFO - [2023-10-10T15:30:51.241+0000] {dag.py:2915} INFO - Sync 1 DAGs
[2023-10-10T15:30:51.259+0000] {logging_mixin.py:151} INFO - [2023-10-10T15:30:51.259+0000] {dag.py:3696} INFO - Setting next_dagrun for tutorial to 2023-10-09T15:30:51.259583+00:00, run_after=2023-10-10T15:30:51.259583+00:00
[2023-10-10T15:30:51.277+0000] {processor.py:179} INFO - Processing /home/airflow/.local/lib/python3.8/site-packages/airflow/example_dags/tutorial.py took 0.066 seconds
[2023-10-10T15:31:21.454+0000] {processor.py:157} INFO - Started process (PID=945) to work on /home/airflow/.local/lib/python3.8/site-packages/airflow/example_dags/tutorial.py
[2023-10-10T15:31:21.455+0000] {processor.py:829} INFO - Processing file /home/airflow/.local/lib/python3.8/site-packages/airflow/example_dags/tutorial.py for tasks to queue
[2023-10-10T15:31:21.457+0000] {logging_mixin.py:151} INFO - [2023-10-10T15:31:21.457+0000] {dagbag.py:539} INFO - Filling up the DagBag from /home/airflow/.local/lib/python3.8/site-packages/airflow/example_dags/tutorial.py
[2023-10-10T15:31:21.464+0000] {processor.py:839} INFO - DAG(s) dict_keys(['tutorial']) retrieved from /home/airflow/.local/lib/python3.8/site-packages/airflow/example_dags/tutorial.py
[2023-10-10T15:31:21.487+0000] {logging_mixin.py:151} INFO - [2023-10-10T15:31:21.487+0000] {dag.py:2915} INFO - Sync 1 DAGs
[2023-10-10T15:31:21.512+0000] {logging_mixin.py:151} INFO - [2023-10-10T15:31:21.512+0000] {dag.py:3696} INFO - Setting next_dagrun for tutorial to 2023-10-09T15:31:21.511668+00:00, run_after=2023-10-10T15:31:21.511668+00:00
[2023-10-10T15:31:21.532+0000] {processor.py:179} INFO - Processing /home/airflow/.local/lib/python3.8/site-packages/airflow/example_dags/tutorial.py took 0.082 seconds
[2023-10-10T15:31:51.652+0000] {processor.py:157} INFO - Started process (PID=999) to work on /home/airflow/.local/lib/python3.8/site-packages/airflow/example_dags/tutorial.py
[2023-10-10T15:31:51.653+0000] {processor.py:829} INFO - Processing file /home/airflow/.local/lib/python3.8/site-packages/airflow/example_dags/tutorial.py for tasks to queue
[2023-10-10T15:31:51.654+0000] {logging_mixin.py:151} INFO - [2023-10-10T15:31:51.654+0000] {dagbag.py:539} INFO - Filling up the DagBag from /home/airflow/.local/lib/python3.8/site-packages/airflow/example_dags/tutorial.py
[2023-10-10T15:31:51.660+0000] {processor.py:839} INFO - DAG(s) dict_keys(['tutorial']) retrieved from /home/airflow/.local/lib/python3.8/site-packages/airflow/example_dags/tutorial.py
[2023-10-10T15:31:51.686+0000] {logging_mixin.py:151} INFO - [2023-10-10T15:31:51.685+0000] {dag.py:2915} INFO - Sync 1 DAGs
[2023-10-10T15:31:51.710+0000] {logging_mixin.py:151} INFO - [2023-10-10T15:31:51.710+0000] {dag.py:3696} INFO - Setting next_dagrun for tutorial to 2023-10-09T15:31:51.710378+00:00, run_after=2023-10-10T15:31:51.710378+00:00
[2023-10-10T15:31:51.730+0000] {processor.py:179} INFO - Processing /home/airflow/.local/lib/python3.8/site-packages/airflow/example_dags/tutorial.py took 0.082 seconds
[2023-10-10T15:32:22.453+0000] {processor.py:157} INFO - Started process (PID=1053) to work on /home/airflow/.local/lib/python3.8/site-packages/airflow/example_dags/tutorial.py
[2023-10-10T15:32:22.454+0000] {processor.py:829} INFO - Processing file /home/airflow/.local/lib/python3.8/site-packages/airflow/example_dags/tutorial.py for tasks to queue
[2023-10-10T15:32:22.456+0000] {logging_mixin.py:151} INFO - [2023-10-10T15:32:22.456+0000] {dagbag.py:539} INFO - Filling up the DagBag from /home/airflow/.local/lib/python3.8/site-packages/airflow/example_dags/tutorial.py
[2023-10-10T15:32:22.461+0000] {processor.py:839} INFO - DAG(s) dict_keys(['tutorial']) retrieved from /home/airflow/.local/lib/python3.8/site-packages/airflow/example_dags/tutorial.py
[2023-10-10T15:32:22.492+0000] {logging_mixin.py:151} INFO - [2023-10-10T15:32:22.492+0000] {dag.py:2915} INFO - Sync 1 DAGs
[2023-10-10T15:32:22.516+0000] {logging_mixin.py:151} INFO - [2023-10-10T15:32:22.515+0000] {dag.py:3696} INFO - Setting next_dagrun for tutorial to 2023-10-09T15:32:22.515706+00:00, run_after=2023-10-10T15:32:22.515706+00:00
[2023-10-10T15:32:22.535+0000] {processor.py:179} INFO - Processing /home/airflow/.local/lib/python3.8/site-packages/airflow/example_dags/tutorial.py took 0.084 seconds
[2023-10-10T15:32:53.544+0000] {processor.py:157} INFO - Started process (PID=1107) to work on /home/airflow/.local/lib/python3.8/site-packages/airflow/example_dags/tutorial.py
[2023-10-10T15:32:53.545+0000] {processor.py:829} INFO - Processing file /home/airflow/.local/lib/python3.8/site-packages/airflow/example_dags/tutorial.py for tasks to queue
[2023-10-10T15:32:53.547+0000] {logging_mixin.py:151} INFO - [2023-10-10T15:32:53.547+0000] {dagbag.py:539} INFO - Filling up the DagBag from /home/airflow/.local/lib/python3.8/site-packages/airflow/example_dags/tutorial.py
[2023-10-10T15:32:53.553+0000] {processor.py:839} INFO - DAG(s) dict_keys(['tutorial']) retrieved from /home/airflow/.local/lib/python3.8/site-packages/airflow/example_dags/tutorial.py
[2023-10-10T15:32:53.576+0000] {logging_mixin.py:151} INFO - [2023-10-10T15:32:53.575+0000] {dag.py:2915} INFO - Sync 1 DAGs
[2023-10-10T15:32:53.601+0000] {logging_mixin.py:151} INFO - [2023-10-10T15:32:53.600+0000] {dag.py:3696} INFO - Setting next_dagrun for tutorial to 2023-10-09T15:32:53.600543+00:00, run_after=2023-10-10T15:32:53.600543+00:00
[2023-10-10T15:32:53.620+0000] {processor.py:179} INFO - Processing /home/airflow/.local/lib/python3.8/site-packages/airflow/example_dags/tutorial.py took 0.079 seconds
[2023-10-10T15:33:23.955+0000] {processor.py:157} INFO - Started process (PID=1161) to work on /home/airflow/.local/lib/python3.8/site-packages/airflow/example_dags/tutorial.py
[2023-10-10T15:33:23.956+0000] {processor.py:829} INFO - Processing file /home/airflow/.local/lib/python3.8/site-packages/airflow/example_dags/tutorial.py for tasks to queue
[2023-10-10T15:33:23.958+0000] {logging_mixin.py:151} INFO - [2023-10-10T15:33:23.957+0000] {dagbag.py:539} INFO - Filling up the DagBag from /home/airflow/.local/lib/python3.8/site-packages/airflow/example_dags/tutorial.py
[2023-10-10T15:33:23.962+0000] {processor.py:839} INFO - DAG(s) dict_keys(['tutorial']) retrieved from /home/airflow/.local/lib/python3.8/site-packages/airflow/example_dags/tutorial.py
[2023-10-10T15:33:23.989+0000] {logging_mixin.py:151} INFO - [2023-10-10T15:33:23.989+0000] {dag.py:2915} INFO - Sync 1 DAGs
[2023-10-10T15:33:24.013+0000] {logging_mixin.py:151} INFO - [2023-10-10T15:33:24.013+0000] {dag.py:3696} INFO - Setting next_dagrun for tutorial to 2023-10-09T15:33:24.012805+00:00, run_after=2023-10-10T15:33:24.012805+00:00
[2023-10-10T15:33:24.031+0000] {processor.py:179} INFO - Processing /home/airflow/.local/lib/python3.8/site-packages/airflow/example_dags/tutorial.py took 0.078 seconds
[2023-10-10T15:33:54.261+0000] {processor.py:157} INFO - Started process (PID=1222) to work on /home/airflow/.local/lib/python3.8/site-packages/airflow/example_dags/tutorial.py
[2023-10-10T15:33:54.261+0000] {processor.py:829} INFO - Processing file /home/airflow/.local/lib/python3.8/site-packages/airflow/example_dags/tutorial.py for tasks to queue
[2023-10-10T15:33:54.263+0000] {logging_mixin.py:151} INFO - [2023-10-10T15:33:54.263+0000] {dagbag.py:539} INFO - Filling up the DagBag from /home/airflow/.local/lib/python3.8/site-packages/airflow/example_dags/tutorial.py
[2023-10-10T15:33:54.267+0000] {processor.py:839} INFO - DAG(s) dict_keys(['tutorial']) retrieved from /home/airflow/.local/lib/python3.8/site-packages/airflow/example_dags/tutorial.py
[2023-10-10T15:33:54.294+0000] {logging_mixin.py:151} INFO - [2023-10-10T15:33:54.294+0000] {dag.py:2915} INFO - Sync 1 DAGs
[2023-10-10T15:33:54.321+0000] {logging_mixin.py:151} INFO - [2023-10-10T15:33:54.321+0000] {dag.py:3696} INFO - Setting next_dagrun for tutorial to 2023-10-09T15:33:54.321421+00:00, run_after=2023-10-10T15:33:54.321421+00:00
[2023-10-10T15:33:54.339+0000] {processor.py:179} INFO - Processing /home/airflow/.local/lib/python3.8/site-packages/airflow/example_dags/tutorial.py took 0.081 seconds
[2023-10-10T15:34:25.065+0000] {processor.py:157} INFO - Started process (PID=1276) to work on /home/airflow/.local/lib/python3.8/site-packages/airflow/example_dags/tutorial.py
[2023-10-10T15:34:25.066+0000] {processor.py:829} INFO - Processing file /home/airflow/.local/lib/python3.8/site-packages/airflow/example_dags/tutorial.py for tasks to queue
[2023-10-10T15:34:25.067+0000] {logging_mixin.py:151} INFO - [2023-10-10T15:34:25.067+0000] {dagbag.py:539} INFO - Filling up the DagBag from /home/airflow/.local/lib/python3.8/site-packages/airflow/example_dags/tutorial.py
[2023-10-10T15:34:25.072+0000] {processor.py:839} INFO - DAG(s) dict_keys(['tutorial']) retrieved from /home/airflow/.local/lib/python3.8/site-packages/airflow/example_dags/tutorial.py
[2023-10-10T15:34:25.097+0000] {logging_mixin.py:151} INFO - [2023-10-10T15:34:25.096+0000] {dag.py:2915} INFO - Sync 1 DAGs
[2023-10-10T15:34:25.120+0000] {logging_mixin.py:151} INFO - [2023-10-10T15:34:25.120+0000] {dag.py:3696} INFO - Setting next_dagrun for tutorial to 2023-10-09T15:34:25.120018+00:00, run_after=2023-10-10T15:34:25.120018+00:00
[2023-10-10T15:34:25.139+0000] {processor.py:179} INFO - Processing /home/airflow/.local/lib/python3.8/site-packages/airflow/example_dags/tutorial.py took 0.076 seconds
[2023-10-10T15:34:56.083+0000] {processor.py:157} INFO - Started process (PID=1329) to work on /home/airflow/.local/lib/python3.8/site-packages/airflow/example_dags/tutorial.py
[2023-10-10T15:34:56.084+0000] {processor.py:829} INFO - Processing file /home/airflow/.local/lib/python3.8/site-packages/airflow/example_dags/tutorial.py for tasks to queue
[2023-10-10T15:34:56.086+0000] {logging_mixin.py:151} INFO - [2023-10-10T15:34:56.086+0000] {dagbag.py:539} INFO - Filling up the DagBag from /home/airflow/.local/lib/python3.8/site-packages/airflow/example_dags/tutorial.py
[2023-10-10T15:34:56.094+0000] {processor.py:839} INFO - DAG(s) dict_keys(['tutorial']) retrieved from /home/airflow/.local/lib/python3.8/site-packages/airflow/example_dags/tutorial.py
[2023-10-10T15:34:56.116+0000] {logging_mixin.py:151} INFO - [2023-10-10T15:34:56.116+0000] {dag.py:2915} INFO - Sync 1 DAGs
[2023-10-10T15:34:56.141+0000] {logging_mixin.py:151} INFO - [2023-10-10T15:34:56.141+0000] {dag.py:3696} INFO - Setting next_dagrun for tutorial to 2023-10-09T15:34:56.140801+00:00, run_after=2023-10-10T15:34:56.140801+00:00
[2023-10-10T15:34:56.156+0000] {processor.py:179} INFO - Processing /home/airflow/.local/lib/python3.8/site-packages/airflow/example_dags/tutorial.py took 0.077 seconds
[2023-10-10T15:35:27.265+0000] {processor.py:157} INFO - Started process (PID=1383) to work on /home/airflow/.local/lib/python3.8/site-packages/airflow/example_dags/tutorial.py
[2023-10-10T15:35:27.266+0000] {processor.py:829} INFO - Processing file /home/airflow/.local/lib/python3.8/site-packages/airflow/example_dags/tutorial.py for tasks to queue
[2023-10-10T15:35:27.267+0000] {logging_mixin.py:151} INFO - [2023-10-10T15:35:27.267+0000] {dagbag.py:539} INFO - Filling up the DagBag from /home/airflow/.local/lib/python3.8/site-packages/airflow/example_dags/tutorial.py
[2023-10-10T15:35:27.272+0000] {processor.py:839} INFO - DAG(s) dict_keys(['tutorial']) retrieved from /home/airflow/.local/lib/python3.8/site-packages/airflow/example_dags/tutorial.py
[2023-10-10T15:35:27.293+0000] {logging_mixin.py:151} INFO - [2023-10-10T15:35:27.293+0000] {dag.py:2915} INFO - Sync 1 DAGs
[2023-10-10T15:35:27.321+0000] {logging_mixin.py:151} INFO - [2023-10-10T15:35:27.320+0000] {dag.py:3696} INFO - Setting next_dagrun for tutorial to 2023-10-09T15:35:27.320557+00:00, run_after=2023-10-10T15:35:27.320557+00:00
[2023-10-10T15:35:27.342+0000] {processor.py:179} INFO - Processing /home/airflow/.local/lib/python3.8/site-packages/airflow/example_dags/tutorial.py took 0.080 seconds
[2023-10-10T15:35:58.440+0000] {processor.py:157} INFO - Started process (PID=1437) to work on /home/airflow/.local/lib/python3.8/site-packages/airflow/example_dags/tutorial.py
[2023-10-10T15:35:58.440+0000] {processor.py:829} INFO - Processing file /home/airflow/.local/lib/python3.8/site-packages/airflow/example_dags/tutorial.py for tasks to queue
[2023-10-10T15:35:58.442+0000] {logging_mixin.py:151} INFO - [2023-10-10T15:35:58.442+0000] {dagbag.py:539} INFO - Filling up the DagBag from /home/airflow/.local/lib/python3.8/site-packages/airflow/example_dags/tutorial.py
[2023-10-10T15:35:58.446+0000] {processor.py:839} INFO - DAG(s) dict_keys(['tutorial']) retrieved from /home/airflow/.local/lib/python3.8/site-packages/airflow/example_dags/tutorial.py
[2023-10-10T15:35:58.465+0000] {logging_mixin.py:151} INFO - [2023-10-10T15:35:58.465+0000] {dag.py:2915} INFO - Sync 1 DAGs
[2023-10-10T15:35:58.487+0000] {logging_mixin.py:151} INFO - [2023-10-10T15:35:58.487+0000] {dag.py:3696} INFO - Setting next_dagrun for tutorial to 2023-10-09T15:35:58.486684+00:00, run_after=2023-10-10T15:35:58.486684+00:00
[2023-10-10T15:35:58.511+0000] {processor.py:179} INFO - Processing /home/airflow/.local/lib/python3.8/site-packages/airflow/example_dags/tutorial.py took 0.074 seconds
[2023-10-10T15:36:29.150+0000] {processor.py:157} INFO - Started process (PID=1491) to work on /home/airflow/.local/lib/python3.8/site-packages/airflow/example_dags/tutorial.py
[2023-10-10T15:36:29.151+0000] {processor.py:829} INFO - Processing file /home/airflow/.local/lib/python3.8/site-packages/airflow/example_dags/tutorial.py for tasks to queue
[2023-10-10T15:36:29.153+0000] {logging_mixin.py:151} INFO - [2023-10-10T15:36:29.153+0000] {dagbag.py:539} INFO - Filling up the DagBag from /home/airflow/.local/lib/python3.8/site-packages/airflow/example_dags/tutorial.py
[2023-10-10T15:36:29.158+0000] {processor.py:839} INFO - DAG(s) dict_keys(['tutorial']) retrieved from /home/airflow/.local/lib/python3.8/site-packages/airflow/example_dags/tutorial.py
[2023-10-10T15:36:29.192+0000] {logging_mixin.py:151} INFO - [2023-10-10T15:36:29.191+0000] {dag.py:2915} INFO - Sync 1 DAGs
[2023-10-10T15:36:29.217+0000] {logging_mixin.py:151} INFO - [2023-10-10T15:36:29.217+0000] {dag.py:3696} INFO - Setting next_dagrun for tutorial to 2023-10-09T15:36:29.216937+00:00, run_after=2023-10-10T15:36:29.216937+00:00
[2023-10-10T15:36:29.237+0000] {processor.py:179} INFO - Processing /home/airflow/.local/lib/python3.8/site-packages/airflow/example_dags/tutorial.py took 0.090 seconds
[2023-10-10T15:37:00.301+0000] {processor.py:157} INFO - Started process (PID=1545) to work on /home/airflow/.local/lib/python3.8/site-packages/airflow/example_dags/tutorial.py
[2023-10-10T15:37:00.302+0000] {processor.py:829} INFO - Processing file /home/airflow/.local/lib/python3.8/site-packages/airflow/example_dags/tutorial.py for tasks to queue
[2023-10-10T15:37:00.304+0000] {logging_mixin.py:151} INFO - [2023-10-10T15:37:00.303+0000] {dagbag.py:539} INFO - Filling up the DagBag from /home/airflow/.local/lib/python3.8/site-packages/airflow/example_dags/tutorial.py
[2023-10-10T15:37:00.310+0000] {processor.py:839} INFO - DAG(s) dict_keys(['tutorial']) retrieved from /home/airflow/.local/lib/python3.8/site-packages/airflow/example_dags/tutorial.py
[2023-10-10T15:37:00.331+0000] {logging_mixin.py:151} INFO - [2023-10-10T15:37:00.331+0000] {dag.py:2915} INFO - Sync 1 DAGs
[2023-10-10T15:37:00.353+0000] {logging_mixin.py:151} INFO - [2023-10-10T15:37:00.352+0000] {dag.py:3696} INFO - Setting next_dagrun for tutorial to 2023-10-09T15:37:00.352535+00:00, run_after=2023-10-10T15:37:00.352535+00:00
[2023-10-10T15:37:00.369+0000] {processor.py:179} INFO - Processing /home/airflow/.local/lib/python3.8/site-packages/airflow/example_dags/tutorial.py took 0.072 seconds
[2023-10-10T15:37:31.435+0000] {processor.py:157} INFO - Started process (PID=1599) to work on /home/airflow/.local/lib/python3.8/site-packages/airflow/example_dags/tutorial.py
[2023-10-10T15:37:31.436+0000] {processor.py:829} INFO - Processing file /home/airflow/.local/lib/python3.8/site-packages/airflow/example_dags/tutorial.py for tasks to queue
[2023-10-10T15:37:31.438+0000] {logging_mixin.py:151} INFO - [2023-10-10T15:37:31.437+0000] {dagbag.py:539} INFO - Filling up the DagBag from /home/airflow/.local/lib/python3.8/site-packages/airflow/example_dags/tutorial.py
[2023-10-10T15:37:31.443+0000] {processor.py:839} INFO - DAG(s) dict_keys(['tutorial']) retrieved from /home/airflow/.local/lib/python3.8/site-packages/airflow/example_dags/tutorial.py
[2023-10-10T15:37:31.462+0000] {logging_mixin.py:151} INFO - [2023-10-10T15:37:31.462+0000] {dag.py:2915} INFO - Sync 1 DAGs
[2023-10-10T15:37:31.484+0000] {logging_mixin.py:151} INFO - [2023-10-10T15:37:31.484+0000] {dag.py:3696} INFO - Setting next_dagrun for tutorial to 2023-10-09T15:37:31.484077+00:00, run_after=2023-10-10T15:37:31.484077+00:00
[2023-10-10T15:37:31.507+0000] {processor.py:179} INFO - Processing /home/airflow/.local/lib/python3.8/site-packages/airflow/example_dags/tutorial.py took 0.075 seconds
[2023-10-10T15:38:03.074+0000] {processor.py:157} INFO - Started process (PID=1653) to work on /home/airflow/.local/lib/python3.8/site-packages/airflow/example_dags/tutorial.py
[2023-10-10T15:38:03.076+0000] {processor.py:829} INFO - Processing file /home/airflow/.local/lib/python3.8/site-packages/airflow/example_dags/tutorial.py for tasks to queue
[2023-10-10T15:38:03.078+0000] {logging_mixin.py:151} INFO - [2023-10-10T15:38:03.078+0000] {dagbag.py:539} INFO - Filling up the DagBag from /home/airflow/.local/lib/python3.8/site-packages/airflow/example_dags/tutorial.py
[2023-10-10T15:38:03.085+0000] {processor.py:839} INFO - DAG(s) dict_keys(['tutorial']) retrieved from /home/airflow/.local/lib/python3.8/site-packages/airflow/example_dags/tutorial.py
[2023-10-10T15:38:03.119+0000] {logging_mixin.py:151} INFO - [2023-10-10T15:38:03.119+0000] {dag.py:2915} INFO - Sync 1 DAGs
[2023-10-10T15:38:03.141+0000] {logging_mixin.py:151} INFO - [2023-10-10T15:38:03.141+0000] {dag.py:3696} INFO - Setting next_dagrun for tutorial to 2023-10-09T15:38:03.141331+00:00, run_after=2023-10-10T15:38:03.141331+00:00
[2023-10-10T15:38:03.163+0000] {processor.py:179} INFO - Processing /home/airflow/.local/lib/python3.8/site-packages/airflow/example_dags/tutorial.py took 0.092 seconds
[2023-10-10T15:38:33.532+0000] {processor.py:157} INFO - Started process (PID=1707) to work on /home/airflow/.local/lib/python3.8/site-packages/airflow/example_dags/tutorial.py
[2023-10-10T15:38:33.533+0000] {processor.py:829} INFO - Processing file /home/airflow/.local/lib/python3.8/site-packages/airflow/example_dags/tutorial.py for tasks to queue
[2023-10-10T15:38:33.535+0000] {logging_mixin.py:151} INFO - [2023-10-10T15:38:33.535+0000] {dagbag.py:539} INFO - Filling up the DagBag from /home/airflow/.local/lib/python3.8/site-packages/airflow/example_dags/tutorial.py
[2023-10-10T15:38:33.541+0000] {processor.py:839} INFO - DAG(s) dict_keys(['tutorial']) retrieved from /home/airflow/.local/lib/python3.8/site-packages/airflow/example_dags/tutorial.py
[2023-10-10T15:38:33.561+0000] {logging_mixin.py:151} INFO - [2023-10-10T15:38:33.561+0000] {dag.py:2915} INFO - Sync 1 DAGs
[2023-10-10T15:38:33.596+0000] {logging_mixin.py:151} INFO - [2023-10-10T15:38:33.596+0000] {dag.py:3696} INFO - Setting next_dagrun for tutorial to 2023-10-09T15:38:33.594601+00:00, run_after=2023-10-10T15:38:33.594601+00:00
[2023-10-10T15:38:33.614+0000] {processor.py:179} INFO - Processing /home/airflow/.local/lib/python3.8/site-packages/airflow/example_dags/tutorial.py took 0.086 seconds
[2023-10-10T15:39:04.765+0000] {processor.py:157} INFO - Started process (PID=1761) to work on /home/airflow/.local/lib/python3.8/site-packages/airflow/example_dags/tutorial.py
[2023-10-10T15:39:04.766+0000] {processor.py:829} INFO - Processing file /home/airflow/.local/lib/python3.8/site-packages/airflow/example_dags/tutorial.py for tasks to queue
[2023-10-10T15:39:04.768+0000] {logging_mixin.py:151} INFO - [2023-10-10T15:39:04.768+0000] {dagbag.py:539} INFO - Filling up the DagBag from /home/airflow/.local/lib/python3.8/site-packages/airflow/example_dags/tutorial.py
[2023-10-10T15:39:04.772+0000] {processor.py:839} INFO - DAG(s) dict_keys(['tutorial']) retrieved from /home/airflow/.local/lib/python3.8/site-packages/airflow/example_dags/tutorial.py
[2023-10-10T15:39:04.797+0000] {logging_mixin.py:151} INFO - [2023-10-10T15:39:04.796+0000] {dag.py:2915} INFO - Sync 1 DAGs
[2023-10-10T15:39:04.824+0000] {logging_mixin.py:151} INFO - [2023-10-10T15:39:04.824+0000] {dag.py:3696} INFO - Setting next_dagrun for tutorial to 2023-10-09T15:39:04.823750+00:00, run_after=2023-10-10T15:39:04.823750+00:00
[2023-10-10T15:39:04.841+0000] {processor.py:179} INFO - Processing /home/airflow/.local/lib/python3.8/site-packages/airflow/example_dags/tutorial.py took 0.078 seconds
[2023-10-10T15:39:35.107+0000] {processor.py:157} INFO - Started process (PID=1815) to work on /home/airflow/.local/lib/python3.8/site-packages/airflow/example_dags/tutorial.py
[2023-10-10T15:39:35.108+0000] {processor.py:829} INFO - Processing file /home/airflow/.local/lib/python3.8/site-packages/airflow/example_dags/tutorial.py for tasks to queue
[2023-10-10T15:39:35.110+0000] {logging_mixin.py:151} INFO - [2023-10-10T15:39:35.110+0000] {dagbag.py:539} INFO - Filling up the DagBag from /home/airflow/.local/lib/python3.8/site-packages/airflow/example_dags/tutorial.py
[2023-10-10T15:39:35.115+0000] {processor.py:839} INFO - DAG(s) dict_keys(['tutorial']) retrieved from /home/airflow/.local/lib/python3.8/site-packages/airflow/example_dags/tutorial.py
[2023-10-10T15:39:35.133+0000] {logging_mixin.py:151} INFO - [2023-10-10T15:39:35.132+0000] {dag.py:2915} INFO - Sync 1 DAGs
[2023-10-10T15:39:35.152+0000] {logging_mixin.py:151} INFO - [2023-10-10T15:39:35.151+0000] {dag.py:3696} INFO - Setting next_dagrun for tutorial to 2023-10-09T15:39:35.151732+00:00, run_after=2023-10-10T15:39:35.151732+00:00
[2023-10-10T15:39:35.165+0000] {processor.py:179} INFO - Processing /home/airflow/.local/lib/python3.8/site-packages/airflow/example_dags/tutorial.py took 0.062 seconds
[2023-10-10T15:40:06.416+0000] {processor.py:157} INFO - Started process (PID=1869) to work on /home/airflow/.local/lib/python3.8/site-packages/airflow/example_dags/tutorial.py
[2023-10-10T15:40:06.418+0000] {processor.py:829} INFO - Processing file /home/airflow/.local/lib/python3.8/site-packages/airflow/example_dags/tutorial.py for tasks to queue
[2023-10-10T15:40:06.419+0000] {logging_mixin.py:151} INFO - [2023-10-10T15:40:06.419+0000] {dagbag.py:539} INFO - Filling up the DagBag from /home/airflow/.local/lib/python3.8/site-packages/airflow/example_dags/tutorial.py
[2023-10-10T15:40:06.424+0000] {processor.py:839} INFO - DAG(s) dict_keys(['tutorial']) retrieved from /home/airflow/.local/lib/python3.8/site-packages/airflow/example_dags/tutorial.py
[2023-10-10T15:40:06.446+0000] {logging_mixin.py:151} INFO - [2023-10-10T15:40:06.446+0000] {dag.py:2915} INFO - Sync 1 DAGs
[2023-10-10T15:40:06.466+0000] {logging_mixin.py:151} INFO - [2023-10-10T15:40:06.466+0000] {dag.py:3696} INFO - Setting next_dagrun for tutorial to 2023-10-09T15:40:06.466286+00:00, run_after=2023-10-10T15:40:06.466286+00:00
[2023-10-10T15:40:06.498+0000] {processor.py:179} INFO - Processing /home/airflow/.local/lib/python3.8/site-packages/airflow/example_dags/tutorial.py took 0.084 seconds
[2023-10-10T15:40:37.442+0000] {processor.py:157} INFO - Started process (PID=1923) to work on /home/airflow/.local/lib/python3.8/site-packages/airflow/example_dags/tutorial.py
[2023-10-10T15:40:37.443+0000] {processor.py:829} INFO - Processing file /home/airflow/.local/lib/python3.8/site-packages/airflow/example_dags/tutorial.py for tasks to queue
[2023-10-10T15:40:37.446+0000] {logging_mixin.py:151} INFO - [2023-10-10T15:40:37.445+0000] {dagbag.py:539} INFO - Filling up the DagBag from /home/airflow/.local/lib/python3.8/site-packages/airflow/example_dags/tutorial.py
[2023-10-10T15:40:37.453+0000] {processor.py:839} INFO - DAG(s) dict_keys(['tutorial']) retrieved from /home/airflow/.local/lib/python3.8/site-packages/airflow/example_dags/tutorial.py
[2023-10-10T15:40:37.478+0000] {logging_mixin.py:151} INFO - [2023-10-10T15:40:37.478+0000] {dag.py:2915} INFO - Sync 1 DAGs
[2023-10-10T15:40:37.505+0000] {logging_mixin.py:151} INFO - [2023-10-10T15:40:37.505+0000] {dag.py:3696} INFO - Setting next_dagrun for tutorial to 2023-10-09T15:40:37.505121+00:00, run_after=2023-10-10T15:40:37.505121+00:00
[2023-10-10T15:40:37.526+0000] {processor.py:179} INFO - Processing /home/airflow/.local/lib/python3.8/site-packages/airflow/example_dags/tutorial.py took 0.088 seconds
[2023-10-10T15:41:09.228+0000] {processor.py:157} INFO - Started process (PID=1977) to work on /home/airflow/.local/lib/python3.8/site-packages/airflow/example_dags/tutorial.py
[2023-10-10T15:41:09.228+0000] {processor.py:829} INFO - Processing file /home/airflow/.local/lib/python3.8/site-packages/airflow/example_dags/tutorial.py for tasks to queue
[2023-10-10T15:41:09.230+0000] {logging_mixin.py:151} INFO - [2023-10-10T15:41:09.230+0000] {dagbag.py:539} INFO - Filling up the DagBag from /home/airflow/.local/lib/python3.8/site-packages/airflow/example_dags/tutorial.py
[2023-10-10T15:41:09.235+0000] {processor.py:839} INFO - DAG(s) dict_keys(['tutorial']) retrieved from /home/airflow/.local/lib/python3.8/site-packages/airflow/example_dags/tutorial.py
[2023-10-10T15:41:09.256+0000] {logging_mixin.py:151} INFO - [2023-10-10T15:41:09.256+0000] {dag.py:2915} INFO - Sync 1 DAGs
[2023-10-10T15:41:09.275+0000] {logging_mixin.py:151} INFO - [2023-10-10T15:41:09.275+0000] {dag.py:3696} INFO - Setting next_dagrun for tutorial to 2023-10-09T15:41:09.274823+00:00, run_after=2023-10-10T15:41:09.274823+00:00
[2023-10-10T15:41:09.298+0000] {processor.py:179} INFO - Processing /home/airflow/.local/lib/python3.8/site-packages/airflow/example_dags/tutorial.py took 0.073 seconds
[2023-10-10T15:41:41.022+0000] {processor.py:157} INFO - Started process (PID=2030) to work on /home/airflow/.local/lib/python3.8/site-packages/airflow/example_dags/tutorial.py
[2023-10-10T15:41:41.023+0000] {processor.py:829} INFO - Processing file /home/airflow/.local/lib/python3.8/site-packages/airflow/example_dags/tutorial.py for tasks to queue
[2023-10-10T15:41:41.025+0000] {logging_mixin.py:151} INFO - [2023-10-10T15:41:41.024+0000] {dagbag.py:539} INFO - Filling up the DagBag from /home/airflow/.local/lib/python3.8/site-packages/airflow/example_dags/tutorial.py
[2023-10-10T15:41:41.029+0000] {processor.py:839} INFO - DAG(s) dict_keys(['tutorial']) retrieved from /home/airflow/.local/lib/python3.8/site-packages/airflow/example_dags/tutorial.py
[2023-10-10T15:41:41.091+0000] {logging_mixin.py:151} INFO - [2023-10-10T15:41:41.091+0000] {dag.py:2915} INFO - Sync 1 DAGs
[2023-10-10T15:41:41.114+0000] {logging_mixin.py:151} INFO - [2023-10-10T15:41:41.114+0000] {dag.py:3696} INFO - Setting next_dagrun for tutorial to 2023-10-09T15:41:41.113974+00:00, run_after=2023-10-10T15:41:41.113974+00:00
[2023-10-10T15:41:41.130+0000] {processor.py:179} INFO - Processing /home/airflow/.local/lib/python3.8/site-packages/airflow/example_dags/tutorial.py took 0.110 seconds
[2023-10-10T15:42:11.592+0000] {processor.py:157} INFO - Started process (PID=2084) to work on /home/airflow/.local/lib/python3.8/site-packages/airflow/example_dags/tutorial.py
[2023-10-10T15:42:11.593+0000] {processor.py:829} INFO - Processing file /home/airflow/.local/lib/python3.8/site-packages/airflow/example_dags/tutorial.py for tasks to queue
[2023-10-10T15:42:11.596+0000] {logging_mixin.py:151} INFO - [2023-10-10T15:42:11.595+0000] {dagbag.py:539} INFO - Filling up the DagBag from /home/airflow/.local/lib/python3.8/site-packages/airflow/example_dags/tutorial.py
[2023-10-10T15:42:11.602+0000] {processor.py:839} INFO - DAG(s) dict_keys(['tutorial']) retrieved from /home/airflow/.local/lib/python3.8/site-packages/airflow/example_dags/tutorial.py
[2023-10-10T15:42:11.627+0000] {logging_mixin.py:151} INFO - [2023-10-10T15:42:11.627+0000] {dag.py:2915} INFO - Sync 1 DAGs
[2023-10-10T15:42:11.649+0000] {logging_mixin.py:151} INFO - [2023-10-10T15:42:11.649+0000] {dag.py:3696} INFO - Setting next_dagrun for tutorial to 2023-10-09T15:42:11.648898+00:00, run_after=2023-10-10T15:42:11.648898+00:00
[2023-10-10T15:42:11.665+0000] {processor.py:179} INFO - Processing /home/airflow/.local/lib/python3.8/site-packages/airflow/example_dags/tutorial.py took 0.076 seconds
[2023-10-10T15:42:42.492+0000] {processor.py:157} INFO - Started process (PID=2138) to work on /home/airflow/.local/lib/python3.8/site-packages/airflow/example_dags/tutorial.py
[2023-10-10T15:42:42.493+0000] {processor.py:829} INFO - Processing file /home/airflow/.local/lib/python3.8/site-packages/airflow/example_dags/tutorial.py for tasks to queue
[2023-10-10T15:42:42.494+0000] {logging_mixin.py:151} INFO - [2023-10-10T15:42:42.494+0000] {dagbag.py:539} INFO - Filling up the DagBag from /home/airflow/.local/lib/python3.8/site-packages/airflow/example_dags/tutorial.py
[2023-10-10T15:42:42.500+0000] {processor.py:839} INFO - DAG(s) dict_keys(['tutorial']) retrieved from /home/airflow/.local/lib/python3.8/site-packages/airflow/example_dags/tutorial.py
[2023-10-10T15:42:42.520+0000] {logging_mixin.py:151} INFO - [2023-10-10T15:42:42.520+0000] {dag.py:2915} INFO - Sync 1 DAGs
[2023-10-10T15:42:42.539+0000] {logging_mixin.py:151} INFO - [2023-10-10T15:42:42.538+0000] {dag.py:3696} INFO - Setting next_dagrun for tutorial to 2023-10-09T15:42:42.538610+00:00, run_after=2023-10-10T15:42:42.538610+00:00
[2023-10-10T15:42:42.556+0000] {processor.py:179} INFO - Processing /home/airflow/.local/lib/python3.8/site-packages/airflow/example_dags/tutorial.py took 0.067 seconds
[2023-10-10T15:43:13.007+0000] {processor.py:157} INFO - Started process (PID=2192) to work on /home/airflow/.local/lib/python3.8/site-packages/airflow/example_dags/tutorial.py
[2023-10-10T15:43:13.008+0000] {processor.py:829} INFO - Processing file /home/airflow/.local/lib/python3.8/site-packages/airflow/example_dags/tutorial.py for tasks to queue
[2023-10-10T15:43:13.010+0000] {logging_mixin.py:151} INFO - [2023-10-10T15:43:13.010+0000] {dagbag.py:539} INFO - Filling up the DagBag from /home/airflow/.local/lib/python3.8/site-packages/airflow/example_dags/tutorial.py
[2023-10-10T15:43:13.015+0000] {processor.py:839} INFO - DAG(s) dict_keys(['tutorial']) retrieved from /home/airflow/.local/lib/python3.8/site-packages/airflow/example_dags/tutorial.py
[2023-10-10T15:43:13.033+0000] {logging_mixin.py:151} INFO - [2023-10-10T15:43:13.033+0000] {dag.py:2915} INFO - Sync 1 DAGs
[2023-10-10T15:43:13.053+0000] {logging_mixin.py:151} INFO - [2023-10-10T15:43:13.052+0000] {dag.py:3696} INFO - Setting next_dagrun for tutorial to 2023-10-09T15:43:13.052674+00:00, run_after=2023-10-10T15:43:13.052674+00:00
[2023-10-10T15:43:13.070+0000] {processor.py:179} INFO - Processing /home/airflow/.local/lib/python3.8/site-packages/airflow/example_dags/tutorial.py took 0.066 seconds
[2023-10-10T15:43:43.953+0000] {processor.py:157} INFO - Started process (PID=2246) to work on /home/airflow/.local/lib/python3.8/site-packages/airflow/example_dags/tutorial.py
[2023-10-10T15:43:43.954+0000] {processor.py:829} INFO - Processing file /home/airflow/.local/lib/python3.8/site-packages/airflow/example_dags/tutorial.py for tasks to queue
[2023-10-10T15:43:43.955+0000] {logging_mixin.py:151} INFO - [2023-10-10T15:43:43.955+0000] {dagbag.py:539} INFO - Filling up the DagBag from /home/airflow/.local/lib/python3.8/site-packages/airflow/example_dags/tutorial.py
[2023-10-10T15:43:43.960+0000] {processor.py:839} INFO - DAG(s) dict_keys(['tutorial']) retrieved from /home/airflow/.local/lib/python3.8/site-packages/airflow/example_dags/tutorial.py
[2023-10-10T15:43:43.982+0000] {logging_mixin.py:151} INFO - [2023-10-10T15:43:43.981+0000] {dag.py:2915} INFO - Sync 1 DAGs
[2023-10-10T15:43:44.007+0000] {logging_mixin.py:151} INFO - [2023-10-10T15:43:44.006+0000] {dag.py:3696} INFO - Setting next_dagrun for tutorial to 2023-10-09T15:43:44.006515+00:00, run_after=2023-10-10T15:43:44.006515+00:00
[2023-10-10T15:43:44.029+0000] {processor.py:179} INFO - Processing /home/airflow/.local/lib/python3.8/site-packages/airflow/example_dags/tutorial.py took 0.078 seconds
[2023-10-10T15:44:15.026+0000] {processor.py:157} INFO - Started process (PID=2300) to work on /home/airflow/.local/lib/python3.8/site-packages/airflow/example_dags/tutorial.py
[2023-10-10T15:44:15.027+0000] {processor.py:829} INFO - Processing file /home/airflow/.local/lib/python3.8/site-packages/airflow/example_dags/tutorial.py for tasks to queue
[2023-10-10T15:44:15.028+0000] {logging_mixin.py:151} INFO - [2023-10-10T15:44:15.028+0000] {dagbag.py:539} INFO - Filling up the DagBag from /home/airflow/.local/lib/python3.8/site-packages/airflow/example_dags/tutorial.py
[2023-10-10T15:44:15.032+0000] {processor.py:839} INFO - DAG(s) dict_keys(['tutorial']) retrieved from /home/airflow/.local/lib/python3.8/site-packages/airflow/example_dags/tutorial.py
[2023-10-10T15:44:15.048+0000] {logging_mixin.py:151} INFO - [2023-10-10T15:44:15.048+0000] {dag.py:2915} INFO - Sync 1 DAGs
[2023-10-10T15:44:15.065+0000] {logging_mixin.py:151} INFO - [2023-10-10T15:44:15.065+0000] {dag.py:3696} INFO - Setting next_dagrun for tutorial to 2023-10-09T15:44:15.065115+00:00, run_after=2023-10-10T15:44:15.065115+00:00
[2023-10-10T15:44:15.082+0000] {processor.py:179} INFO - Processing /home/airflow/.local/lib/python3.8/site-packages/airflow/example_dags/tutorial.py took 0.059 seconds
[2023-10-10T15:44:45.614+0000] {processor.py:157} INFO - Started process (PID=2354) to work on /home/airflow/.local/lib/python3.8/site-packages/airflow/example_dags/tutorial.py
[2023-10-10T15:44:45.615+0000] {processor.py:829} INFO - Processing file /home/airflow/.local/lib/python3.8/site-packages/airflow/example_dags/tutorial.py for tasks to queue
[2023-10-10T15:44:45.616+0000] {logging_mixin.py:151} INFO - [2023-10-10T15:44:45.616+0000] {dagbag.py:539} INFO - Filling up the DagBag from /home/airflow/.local/lib/python3.8/site-packages/airflow/example_dags/tutorial.py
[2023-10-10T15:44:45.621+0000] {processor.py:839} INFO - DAG(s) dict_keys(['tutorial']) retrieved from /home/airflow/.local/lib/python3.8/site-packages/airflow/example_dags/tutorial.py
[2023-10-10T15:44:45.641+0000] {logging_mixin.py:151} INFO - [2023-10-10T15:44:45.641+0000] {dag.py:2915} INFO - Sync 1 DAGs
[2023-10-10T15:44:45.660+0000] {logging_mixin.py:151} INFO - [2023-10-10T15:44:45.660+0000] {dag.py:3696} INFO - Setting next_dagrun for tutorial to 2023-10-09T15:44:45.660061+00:00, run_after=2023-10-10T15:44:45.660061+00:00
[2023-10-10T15:44:45.675+0000] {processor.py:179} INFO - Processing /home/airflow/.local/lib/python3.8/site-packages/airflow/example_dags/tutorial.py took 0.065 seconds
[2023-10-10T15:45:16.900+0000] {processor.py:157} INFO - Started process (PID=2408) to work on /home/airflow/.local/lib/python3.8/site-packages/airflow/example_dags/tutorial.py
[2023-10-10T15:45:16.901+0000] {processor.py:829} INFO - Processing file /home/airflow/.local/lib/python3.8/site-packages/airflow/example_dags/tutorial.py for tasks to queue
[2023-10-10T15:45:16.903+0000] {logging_mixin.py:151} INFO - [2023-10-10T15:45:16.903+0000] {dagbag.py:539} INFO - Filling up the DagBag from /home/airflow/.local/lib/python3.8/site-packages/airflow/example_dags/tutorial.py
[2023-10-10T15:45:16.909+0000] {processor.py:839} INFO - DAG(s) dict_keys(['tutorial']) retrieved from /home/airflow/.local/lib/python3.8/site-packages/airflow/example_dags/tutorial.py
[2023-10-10T15:45:16.936+0000] {logging_mixin.py:151} INFO - [2023-10-10T15:45:16.936+0000] {dag.py:2915} INFO - Sync 1 DAGs
[2023-10-10T15:45:16.965+0000] {logging_mixin.py:151} INFO - [2023-10-10T15:45:16.965+0000] {dag.py:3696} INFO - Setting next_dagrun for tutorial to 2023-10-09T15:45:16.965231+00:00, run_after=2023-10-10T15:45:16.965231+00:00
[2023-10-10T15:45:17.001+0000] {processor.py:179} INFO - Processing /home/airflow/.local/lib/python3.8/site-packages/airflow/example_dags/tutorial.py took 0.105 seconds
[2023-10-10T15:45:47.821+0000] {processor.py:157} INFO - Started process (PID=2462) to work on /home/airflow/.local/lib/python3.8/site-packages/airflow/example_dags/tutorial.py
[2023-10-10T15:45:47.822+0000] {processor.py:829} INFO - Processing file /home/airflow/.local/lib/python3.8/site-packages/airflow/example_dags/tutorial.py for tasks to queue
[2023-10-10T15:45:47.823+0000] {logging_mixin.py:151} INFO - [2023-10-10T15:45:47.823+0000] {dagbag.py:539} INFO - Filling up the DagBag from /home/airflow/.local/lib/python3.8/site-packages/airflow/example_dags/tutorial.py
[2023-10-10T15:45:47.828+0000] {processor.py:839} INFO - DAG(s) dict_keys(['tutorial']) retrieved from /home/airflow/.local/lib/python3.8/site-packages/airflow/example_dags/tutorial.py
[2023-10-10T15:45:47.853+0000] {logging_mixin.py:151} INFO - [2023-10-10T15:45:47.853+0000] {dag.py:2915} INFO - Sync 1 DAGs
[2023-10-10T15:45:47.886+0000] {logging_mixin.py:151} INFO - [2023-10-10T15:45:47.886+0000] {dag.py:3696} INFO - Setting next_dagrun for tutorial to 2023-10-09T15:45:47.885986+00:00, run_after=2023-10-10T15:45:47.885986+00:00
[2023-10-10T15:45:47.909+0000] {processor.py:179} INFO - Processing /home/airflow/.local/lib/python3.8/site-packages/airflow/example_dags/tutorial.py took 0.091 seconds
[2023-10-10T15:46:18.924+0000] {processor.py:157} INFO - Started process (PID=2516) to work on /home/airflow/.local/lib/python3.8/site-packages/airflow/example_dags/tutorial.py
[2023-10-10T15:46:18.924+0000] {processor.py:829} INFO - Processing file /home/airflow/.local/lib/python3.8/site-packages/airflow/example_dags/tutorial.py for tasks to queue
[2023-10-10T15:46:18.926+0000] {logging_mixin.py:151} INFO - [2023-10-10T15:46:18.926+0000] {dagbag.py:539} INFO - Filling up the DagBag from /home/airflow/.local/lib/python3.8/site-packages/airflow/example_dags/tutorial.py
[2023-10-10T15:46:18.931+0000] {processor.py:839} INFO - DAG(s) dict_keys(['tutorial']) retrieved from /home/airflow/.local/lib/python3.8/site-packages/airflow/example_dags/tutorial.py
[2023-10-10T15:46:18.953+0000] {logging_mixin.py:151} INFO - [2023-10-10T15:46:18.953+0000] {dag.py:2915} INFO - Sync 1 DAGs
[2023-10-10T15:46:18.986+0000] {logging_mixin.py:151} INFO - [2023-10-10T15:46:18.985+0000] {dag.py:3696} INFO - Setting next_dagrun for tutorial to 2023-10-09T15:46:18.985629+00:00, run_after=2023-10-10T15:46:18.985629+00:00
[2023-10-10T15:46:19.001+0000] {processor.py:179} INFO - Processing /home/airflow/.local/lib/python3.8/site-packages/airflow/example_dags/tutorial.py took 0.080 seconds
[2023-10-10T15:46:49.998+0000] {processor.py:157} INFO - Started process (PID=2570) to work on /home/airflow/.local/lib/python3.8/site-packages/airflow/example_dags/tutorial.py
[2023-10-10T15:46:49.999+0000] {processor.py:829} INFO - Processing file /home/airflow/.local/lib/python3.8/site-packages/airflow/example_dags/tutorial.py for tasks to queue
[2023-10-10T15:46:50.000+0000] {logging_mixin.py:151} INFO - [2023-10-10T15:46:50.000+0000] {dagbag.py:539} INFO - Filling up the DagBag from /home/airflow/.local/lib/python3.8/site-packages/airflow/example_dags/tutorial.py
[2023-10-10T15:46:50.005+0000] {processor.py:839} INFO - DAG(s) dict_keys(['tutorial']) retrieved from /home/airflow/.local/lib/python3.8/site-packages/airflow/example_dags/tutorial.py
[2023-10-10T15:46:50.021+0000] {logging_mixin.py:151} INFO - [2023-10-10T15:46:50.021+0000] {dag.py:2915} INFO - Sync 1 DAGs
[2023-10-10T15:46:50.038+0000] {logging_mixin.py:151} INFO - [2023-10-10T15:46:50.038+0000] {dag.py:3696} INFO - Setting next_dagrun for tutorial to 2023-10-09T15:46:50.038243+00:00, run_after=2023-10-10T15:46:50.038243+00:00
[2023-10-10T15:46:50.052+0000] {processor.py:179} INFO - Processing /home/airflow/.local/lib/python3.8/site-packages/airflow/example_dags/tutorial.py took 0.057 seconds
[2023-10-10T15:47:20.528+0000] {processor.py:157} INFO - Started process (PID=2624) to work on /home/airflow/.local/lib/python3.8/site-packages/airflow/example_dags/tutorial.py
[2023-10-10T15:47:20.529+0000] {processor.py:829} INFO - Processing file /home/airflow/.local/lib/python3.8/site-packages/airflow/example_dags/tutorial.py for tasks to queue
[2023-10-10T15:47:20.532+0000] {logging_mixin.py:151} INFO - [2023-10-10T15:47:20.532+0000] {dagbag.py:539} INFO - Filling up the DagBag from /home/airflow/.local/lib/python3.8/site-packages/airflow/example_dags/tutorial.py
[2023-10-10T15:47:20.538+0000] {processor.py:839} INFO - DAG(s) dict_keys(['tutorial']) retrieved from /home/airflow/.local/lib/python3.8/site-packages/airflow/example_dags/tutorial.py
[2023-10-10T15:47:20.561+0000] {logging_mixin.py:151} INFO - [2023-10-10T15:47:20.561+0000] {dag.py:2915} INFO - Sync 1 DAGs
[2023-10-10T15:47:20.600+0000] {logging_mixin.py:151} INFO - [2023-10-10T15:47:20.600+0000] {dag.py:3696} INFO - Setting next_dagrun for tutorial to 2023-10-09T15:47:20.600063+00:00, run_after=2023-10-10T15:47:20.600063+00:00
[2023-10-10T15:47:20.618+0000] {processor.py:179} INFO - Processing /home/airflow/.local/lib/python3.8/site-packages/airflow/example_dags/tutorial.py took 0.092 seconds
[2023-10-10T15:47:51.055+0000] {processor.py:157} INFO - Started process (PID=2678) to work on /home/airflow/.local/lib/python3.8/site-packages/airflow/example_dags/tutorial.py
[2023-10-10T15:47:51.056+0000] {processor.py:829} INFO - Processing file /home/airflow/.local/lib/python3.8/site-packages/airflow/example_dags/tutorial.py for tasks to queue
[2023-10-10T15:47:51.057+0000] {logging_mixin.py:151} INFO - [2023-10-10T15:47:51.057+0000] {dagbag.py:539} INFO - Filling up the DagBag from /home/airflow/.local/lib/python3.8/site-packages/airflow/example_dags/tutorial.py
[2023-10-10T15:47:51.062+0000] {processor.py:839} INFO - DAG(s) dict_keys(['tutorial']) retrieved from /home/airflow/.local/lib/python3.8/site-packages/airflow/example_dags/tutorial.py
[2023-10-10T15:47:51.086+0000] {logging_mixin.py:151} INFO - [2023-10-10T15:47:51.086+0000] {dag.py:2915} INFO - Sync 1 DAGs
[2023-10-10T15:47:51.106+0000] {logging_mixin.py:151} INFO - [2023-10-10T15:47:51.106+0000] {dag.py:3696} INFO - Setting next_dagrun for tutorial to 2023-10-09T15:47:51.106270+00:00, run_after=2023-10-10T15:47:51.106270+00:00
[2023-10-10T15:47:51.121+0000] {processor.py:179} INFO - Processing /home/airflow/.local/lib/python3.8/site-packages/airflow/example_dags/tutorial.py took 0.069 seconds
[2023-10-10T15:48:21.569+0000] {processor.py:157} INFO - Started process (PID=2732) to work on /home/airflow/.local/lib/python3.8/site-packages/airflow/example_dags/tutorial.py
[2023-10-10T15:48:21.570+0000] {processor.py:829} INFO - Processing file /home/airflow/.local/lib/python3.8/site-packages/airflow/example_dags/tutorial.py for tasks to queue
[2023-10-10T15:48:21.572+0000] {logging_mixin.py:151} INFO - [2023-10-10T15:48:21.572+0000] {dagbag.py:539} INFO - Filling up the DagBag from /home/airflow/.local/lib/python3.8/site-packages/airflow/example_dags/tutorial.py
[2023-10-10T15:48:21.578+0000] {processor.py:839} INFO - DAG(s) dict_keys(['tutorial']) retrieved from /home/airflow/.local/lib/python3.8/site-packages/airflow/example_dags/tutorial.py
[2023-10-10T15:48:21.600+0000] {logging_mixin.py:151} INFO - [2023-10-10T15:48:21.600+0000] {dag.py:2915} INFO - Sync 1 DAGs
[2023-10-10T15:48:21.619+0000] {logging_mixin.py:151} INFO - [2023-10-10T15:48:21.619+0000] {dag.py:3696} INFO - Setting next_dagrun for tutorial to 2023-10-09T15:48:21.618938+00:00, run_after=2023-10-10T15:48:21.618938+00:00
[2023-10-10T15:48:21.633+0000] {processor.py:179} INFO - Processing /home/airflow/.local/lib/python3.8/site-packages/airflow/example_dags/tutorial.py took 0.068 seconds
[2023-10-10T15:48:52.073+0000] {processor.py:157} INFO - Started process (PID=2786) to work on /home/airflow/.local/lib/python3.8/site-packages/airflow/example_dags/tutorial.py
[2023-10-10T15:48:52.074+0000] {processor.py:829} INFO - Processing file /home/airflow/.local/lib/python3.8/site-packages/airflow/example_dags/tutorial.py for tasks to queue
[2023-10-10T15:48:52.076+0000] {logging_mixin.py:151} INFO - [2023-10-10T15:48:52.076+0000] {dagbag.py:539} INFO - Filling up the DagBag from /home/airflow/.local/lib/python3.8/site-packages/airflow/example_dags/tutorial.py
[2023-10-10T15:48:52.081+0000] {processor.py:839} INFO - DAG(s) dict_keys(['tutorial']) retrieved from /home/airflow/.local/lib/python3.8/site-packages/airflow/example_dags/tutorial.py
[2023-10-10T15:48:52.098+0000] {logging_mixin.py:151} INFO - [2023-10-10T15:48:52.098+0000] {dag.py:2915} INFO - Sync 1 DAGs
[2023-10-10T15:48:52.116+0000] {logging_mixin.py:151} INFO - [2023-10-10T15:48:52.115+0000] {dag.py:3696} INFO - Setting next_dagrun for tutorial to 2023-10-09T15:48:52.115773+00:00, run_after=2023-10-10T15:48:52.115773+00:00
[2023-10-10T15:48:52.130+0000] {processor.py:179} INFO - Processing /home/airflow/.local/lib/python3.8/site-packages/airflow/example_dags/tutorial.py took 0.060 seconds
[2023-10-10T15:49:22.942+0000] {processor.py:157} INFO - Started process (PID=2840) to work on /home/airflow/.local/lib/python3.8/site-packages/airflow/example_dags/tutorial.py
[2023-10-10T15:49:22.943+0000] {processor.py:829} INFO - Processing file /home/airflow/.local/lib/python3.8/site-packages/airflow/example_dags/tutorial.py for tasks to queue
[2023-10-10T15:49:22.945+0000] {logging_mixin.py:151} INFO - [2023-10-10T15:49:22.945+0000] {dagbag.py:539} INFO - Filling up the DagBag from /home/airflow/.local/lib/python3.8/site-packages/airflow/example_dags/tutorial.py
[2023-10-10T15:49:22.950+0000] {processor.py:839} INFO - DAG(s) dict_keys(['tutorial']) retrieved from /home/airflow/.local/lib/python3.8/site-packages/airflow/example_dags/tutorial.py
[2023-10-10T15:49:22.973+0000] {logging_mixin.py:151} INFO - [2023-10-10T15:49:22.973+0000] {dag.py:2915} INFO - Sync 1 DAGs
[2023-10-10T15:49:22.994+0000] {logging_mixin.py:151} INFO - [2023-10-10T15:49:22.994+0000] {dag.py:3696} INFO - Setting next_dagrun for tutorial to 2023-10-09T15:49:22.994321+00:00, run_after=2023-10-10T15:49:22.994321+00:00
[2023-10-10T15:49:23.013+0000] {processor.py:179} INFO - Processing /home/airflow/.local/lib/python3.8/site-packages/airflow/example_dags/tutorial.py took 0.074 seconds
[2023-10-10T15:49:53.690+0000] {processor.py:157} INFO - Started process (PID=2894) to work on /home/airflow/.local/lib/python3.8/site-packages/airflow/example_dags/tutorial.py
[2023-10-10T15:49:53.691+0000] {processor.py:829} INFO - Processing file /home/airflow/.local/lib/python3.8/site-packages/airflow/example_dags/tutorial.py for tasks to queue
[2023-10-10T15:49:53.692+0000] {logging_mixin.py:151} INFO - [2023-10-10T15:49:53.692+0000] {dagbag.py:539} INFO - Filling up the DagBag from /home/airflow/.local/lib/python3.8/site-packages/airflow/example_dags/tutorial.py
[2023-10-10T15:49:53.697+0000] {processor.py:839} INFO - DAG(s) dict_keys(['tutorial']) retrieved from /home/airflow/.local/lib/python3.8/site-packages/airflow/example_dags/tutorial.py
[2023-10-10T15:49:53.717+0000] {logging_mixin.py:151} INFO - [2023-10-10T15:49:53.717+0000] {dag.py:2915} INFO - Sync 1 DAGs
[2023-10-10T15:49:53.742+0000] {logging_mixin.py:151} INFO - [2023-10-10T15:49:53.742+0000] {dag.py:3696} INFO - Setting next_dagrun for tutorial to 2023-10-09T15:49:53.742039+00:00, run_after=2023-10-10T15:49:53.742039+00:00
[2023-10-10T15:49:53.761+0000] {processor.py:179} INFO - Processing /home/airflow/.local/lib/python3.8/site-packages/airflow/example_dags/tutorial.py took 0.073 seconds
[2023-10-10T15:50:24.631+0000] {processor.py:157} INFO - Started process (PID=2948) to work on /home/airflow/.local/lib/python3.8/site-packages/airflow/example_dags/tutorial.py
[2023-10-10T15:50:24.632+0000] {processor.py:829} INFO - Processing file /home/airflow/.local/lib/python3.8/site-packages/airflow/example_dags/tutorial.py for tasks to queue
[2023-10-10T15:50:24.634+0000] {logging_mixin.py:151} INFO - [2023-10-10T15:50:24.634+0000] {dagbag.py:539} INFO - Filling up the DagBag from /home/airflow/.local/lib/python3.8/site-packages/airflow/example_dags/tutorial.py
[2023-10-10T15:50:24.640+0000] {processor.py:839} INFO - DAG(s) dict_keys(['tutorial']) retrieved from /home/airflow/.local/lib/python3.8/site-packages/airflow/example_dags/tutorial.py
[2023-10-10T15:50:24.662+0000] {logging_mixin.py:151} INFO - [2023-10-10T15:50:24.662+0000] {dag.py:2915} INFO - Sync 1 DAGs
[2023-10-10T15:50:24.686+0000] {logging_mixin.py:151} INFO - [2023-10-10T15:50:24.686+0000] {dag.py:3696} INFO - Setting next_dagrun for tutorial to 2023-10-09T15:50:24.685866+00:00, run_after=2023-10-10T15:50:24.685866+00:00
[2023-10-10T15:50:24.703+0000] {processor.py:179} INFO - Processing /home/airflow/.local/lib/python3.8/site-packages/airflow/example_dags/tutorial.py took 0.075 seconds
[2023-10-10T15:50:55.215+0000] {processor.py:157} INFO - Started process (PID=3002) to work on /home/airflow/.local/lib/python3.8/site-packages/airflow/example_dags/tutorial.py
[2023-10-10T15:50:55.216+0000] {processor.py:829} INFO - Processing file /home/airflow/.local/lib/python3.8/site-packages/airflow/example_dags/tutorial.py for tasks to queue
[2023-10-10T15:50:55.218+0000] {logging_mixin.py:151} INFO - [2023-10-10T15:50:55.218+0000] {dagbag.py:539} INFO - Filling up the DagBag from /home/airflow/.local/lib/python3.8/site-packages/airflow/example_dags/tutorial.py
[2023-10-10T15:50:55.223+0000] {processor.py:839} INFO - DAG(s) dict_keys(['tutorial']) retrieved from /home/airflow/.local/lib/python3.8/site-packages/airflow/example_dags/tutorial.py
[2023-10-10T15:50:55.243+0000] {logging_mixin.py:151} INFO - [2023-10-10T15:50:55.243+0000] {dag.py:2915} INFO - Sync 1 DAGs
[2023-10-10T15:50:55.263+0000] {logging_mixin.py:151} INFO - [2023-10-10T15:50:55.263+0000] {dag.py:3696} INFO - Setting next_dagrun for tutorial to 2023-10-09T15:50:55.263333+00:00, run_after=2023-10-10T15:50:55.263333+00:00
[2023-10-10T15:50:55.280+0000] {processor.py:179} INFO - Processing /home/airflow/.local/lib/python3.8/site-packages/airflow/example_dags/tutorial.py took 0.067 seconds
[2023-10-10T15:51:26.184+0000] {processor.py:157} INFO - Started process (PID=3056) to work on /home/airflow/.local/lib/python3.8/site-packages/airflow/example_dags/tutorial.py
[2023-10-10T15:51:26.185+0000] {processor.py:829} INFO - Processing file /home/airflow/.local/lib/python3.8/site-packages/airflow/example_dags/tutorial.py for tasks to queue
[2023-10-10T15:51:26.187+0000] {logging_mixin.py:151} INFO - [2023-10-10T15:51:26.187+0000] {dagbag.py:539} INFO - Filling up the DagBag from /home/airflow/.local/lib/python3.8/site-packages/airflow/example_dags/tutorial.py
[2023-10-10T15:51:26.192+0000] {processor.py:839} INFO - DAG(s) dict_keys(['tutorial']) retrieved from /home/airflow/.local/lib/python3.8/site-packages/airflow/example_dags/tutorial.py
[2023-10-10T15:51:26.208+0000] {logging_mixin.py:151} INFO - [2023-10-10T15:51:26.208+0000] {dag.py:2915} INFO - Sync 1 DAGs
[2023-10-10T15:51:26.227+0000] {logging_mixin.py:151} INFO - [2023-10-10T15:51:26.227+0000] {dag.py:3696} INFO - Setting next_dagrun for tutorial to 2023-10-09T15:51:26.226892+00:00, run_after=2023-10-10T15:51:26.226892+00:00
[2023-10-10T15:51:26.241+0000] {processor.py:179} INFO - Processing /home/airflow/.local/lib/python3.8/site-packages/airflow/example_dags/tutorial.py took 0.059 seconds
[2023-10-10T15:51:57.914+0000] {processor.py:157} INFO - Started process (PID=3117) to work on /home/airflow/.local/lib/python3.8/site-packages/airflow/example_dags/tutorial.py
[2023-10-10T15:51:57.915+0000] {processor.py:829} INFO - Processing file /home/airflow/.local/lib/python3.8/site-packages/airflow/example_dags/tutorial.py for tasks to queue
[2023-10-10T15:51:57.917+0000] {logging_mixin.py:151} INFO - [2023-10-10T15:51:57.917+0000] {dagbag.py:539} INFO - Filling up the DagBag from /home/airflow/.local/lib/python3.8/site-packages/airflow/example_dags/tutorial.py
[2023-10-10T15:51:57.980+0000] {processor.py:839} INFO - DAG(s) dict_keys(['tutorial']) retrieved from /home/airflow/.local/lib/python3.8/site-packages/airflow/example_dags/tutorial.py
[2023-10-10T15:51:58.010+0000] {logging_mixin.py:151} INFO - [2023-10-10T15:51:58.009+0000] {dag.py:2915} INFO - Sync 1 DAGs
[2023-10-10T15:51:58.094+0000] {logging_mixin.py:151} INFO - [2023-10-10T15:51:58.094+0000] {dag.py:3696} INFO - Setting next_dagrun for tutorial to 2023-10-09T15:51:58.093815+00:00, run_after=2023-10-10T15:51:58.093815+00:00
[2023-10-10T15:51:58.115+0000] {processor.py:179} INFO - Processing /home/airflow/.local/lib/python3.8/site-packages/airflow/example_dags/tutorial.py took 0.204 seconds
[2023-10-10T15:52:29.354+0000] {processor.py:157} INFO - Started process (PID=3179) to work on /home/airflow/.local/lib/python3.8/site-packages/airflow/example_dags/tutorial.py
[2023-10-10T15:52:29.354+0000] {processor.py:829} INFO - Processing file /home/airflow/.local/lib/python3.8/site-packages/airflow/example_dags/tutorial.py for tasks to queue
[2023-10-10T15:52:29.356+0000] {logging_mixin.py:151} INFO - [2023-10-10T15:52:29.356+0000] {dagbag.py:539} INFO - Filling up the DagBag from /home/airflow/.local/lib/python3.8/site-packages/airflow/example_dags/tutorial.py
[2023-10-10T15:52:29.362+0000] {processor.py:839} INFO - DAG(s) dict_keys(['tutorial']) retrieved from /home/airflow/.local/lib/python3.8/site-packages/airflow/example_dags/tutorial.py
[2023-10-10T15:52:29.394+0000] {logging_mixin.py:151} INFO - [2023-10-10T15:52:29.393+0000] {dag.py:2915} INFO - Sync 1 DAGs
[2023-10-10T15:52:29.415+0000] {logging_mixin.py:151} INFO - [2023-10-10T15:52:29.415+0000] {dag.py:3696} INFO - Setting next_dagrun for tutorial to 2023-10-09T15:52:29.415105+00:00, run_after=2023-10-10T15:52:29.415105+00:00
[2023-10-10T15:52:29.430+0000] {processor.py:179} INFO - Processing /home/airflow/.local/lib/python3.8/site-packages/airflow/example_dags/tutorial.py took 0.080 seconds
[2023-10-10T15:53:00.246+0000] {processor.py:157} INFO - Started process (PID=3233) to work on /home/airflow/.local/lib/python3.8/site-packages/airflow/example_dags/tutorial.py
[2023-10-10T15:53:00.247+0000] {processor.py:829} INFO - Processing file /home/airflow/.local/lib/python3.8/site-packages/airflow/example_dags/tutorial.py for tasks to queue
[2023-10-10T15:53:00.249+0000] {logging_mixin.py:151} INFO - [2023-10-10T15:53:00.249+0000] {dagbag.py:539} INFO - Filling up the DagBag from /home/airflow/.local/lib/python3.8/site-packages/airflow/example_dags/tutorial.py
[2023-10-10T15:53:00.256+0000] {processor.py:839} INFO - DAG(s) dict_keys(['tutorial']) retrieved from /home/airflow/.local/lib/python3.8/site-packages/airflow/example_dags/tutorial.py
[2023-10-10T15:53:00.283+0000] {logging_mixin.py:151} INFO - [2023-10-10T15:53:00.283+0000] {dag.py:2915} INFO - Sync 1 DAGs
[2023-10-10T15:53:00.311+0000] {logging_mixin.py:151} INFO - [2023-10-10T15:53:00.311+0000] {dag.py:3696} INFO - Setting next_dagrun for tutorial to 2023-10-09T15:53:00.310753+00:00, run_after=2023-10-10T15:53:00.310753+00:00
[2023-10-10T15:53:00.335+0000] {processor.py:179} INFO - Processing /home/airflow/.local/lib/python3.8/site-packages/airflow/example_dags/tutorial.py took 0.093 seconds
[2023-10-10T15:53:31.313+0000] {processor.py:157} INFO - Started process (PID=3287) to work on /home/airflow/.local/lib/python3.8/site-packages/airflow/example_dags/tutorial.py
[2023-10-10T15:53:31.314+0000] {processor.py:829} INFO - Processing file /home/airflow/.local/lib/python3.8/site-packages/airflow/example_dags/tutorial.py for tasks to queue
[2023-10-10T15:53:31.316+0000] {logging_mixin.py:151} INFO - [2023-10-10T15:53:31.316+0000] {dagbag.py:539} INFO - Filling up the DagBag from /home/airflow/.local/lib/python3.8/site-packages/airflow/example_dags/tutorial.py
[2023-10-10T15:53:31.322+0000] {processor.py:839} INFO - DAG(s) dict_keys(['tutorial']) retrieved from /home/airflow/.local/lib/python3.8/site-packages/airflow/example_dags/tutorial.py
[2023-10-10T15:53:31.343+0000] {logging_mixin.py:151} INFO - [2023-10-10T15:53:31.342+0000] {dag.py:2915} INFO - Sync 1 DAGs
[2023-10-10T15:53:31.364+0000] {logging_mixin.py:151} INFO - [2023-10-10T15:53:31.364+0000] {dag.py:3696} INFO - Setting next_dagrun for tutorial to 2023-10-09T15:53:31.364184+00:00, run_after=2023-10-10T15:53:31.364184+00:00
[2023-10-10T15:53:31.390+0000] {processor.py:179} INFO - Processing /home/airflow/.local/lib/python3.8/site-packages/airflow/example_dags/tutorial.py took 0.080 seconds
[2023-10-10T15:54:02.435+0000] {processor.py:157} INFO - Started process (PID=3342) to work on /home/airflow/.local/lib/python3.8/site-packages/airflow/example_dags/tutorial.py
[2023-10-10T15:54:02.436+0000] {processor.py:829} INFO - Processing file /home/airflow/.local/lib/python3.8/site-packages/airflow/example_dags/tutorial.py for tasks to queue
[2023-10-10T15:54:02.439+0000] {logging_mixin.py:151} INFO - [2023-10-10T15:54:02.438+0000] {dagbag.py:539} INFO - Filling up the DagBag from /home/airflow/.local/lib/python3.8/site-packages/airflow/example_dags/tutorial.py
[2023-10-10T15:54:02.445+0000] {processor.py:839} INFO - DAG(s) dict_keys(['tutorial']) retrieved from /home/airflow/.local/lib/python3.8/site-packages/airflow/example_dags/tutorial.py
[2023-10-10T15:54:02.468+0000] {logging_mixin.py:151} INFO - [2023-10-10T15:54:02.468+0000] {dag.py:2915} INFO - Sync 1 DAGs
[2023-10-10T15:54:02.497+0000] {logging_mixin.py:151} INFO - [2023-10-10T15:54:02.497+0000] {dag.py:3696} INFO - Setting next_dagrun for tutorial to 2023-10-09T15:54:02.496760+00:00, run_after=2023-10-10T15:54:02.496760+00:00
[2023-10-10T15:54:02.519+0000] {processor.py:179} INFO - Processing /home/airflow/.local/lib/python3.8/site-packages/airflow/example_dags/tutorial.py took 0.088 seconds
[2023-10-10T15:54:32.709+0000] {processor.py:157} INFO - Started process (PID=3396) to work on /home/airflow/.local/lib/python3.8/site-packages/airflow/example_dags/tutorial.py
[2023-10-10T15:54:32.710+0000] {processor.py:829} INFO - Processing file /home/airflow/.local/lib/python3.8/site-packages/airflow/example_dags/tutorial.py for tasks to queue
[2023-10-10T15:54:32.713+0000] {logging_mixin.py:151} INFO - [2023-10-10T15:54:32.712+0000] {dagbag.py:539} INFO - Filling up the DagBag from /home/airflow/.local/lib/python3.8/site-packages/airflow/example_dags/tutorial.py
[2023-10-10T15:54:32.720+0000] {processor.py:839} INFO - DAG(s) dict_keys(['tutorial']) retrieved from /home/airflow/.local/lib/python3.8/site-packages/airflow/example_dags/tutorial.py
[2023-10-10T15:54:32.749+0000] {logging_mixin.py:151} INFO - [2023-10-10T15:54:32.749+0000] {dag.py:2915} INFO - Sync 1 DAGs
[2023-10-10T15:54:32.778+0000] {logging_mixin.py:151} INFO - [2023-10-10T15:54:32.778+0000] {dag.py:3696} INFO - Setting next_dagrun for tutorial to 2023-10-09T15:54:32.778021+00:00, run_after=2023-10-10T15:54:32.778021+00:00
[2023-10-10T15:54:32.810+0000] {processor.py:179} INFO - Processing /home/airflow/.local/lib/python3.8/site-packages/airflow/example_dags/tutorial.py took 0.106 seconds
[2023-10-10T15:55:03.508+0000] {processor.py:157} INFO - Started process (PID=3450) to work on /home/airflow/.local/lib/python3.8/site-packages/airflow/example_dags/tutorial.py
[2023-10-10T15:55:03.509+0000] {processor.py:829} INFO - Processing file /home/airflow/.local/lib/python3.8/site-packages/airflow/example_dags/tutorial.py for tasks to queue
[2023-10-10T15:55:03.511+0000] {logging_mixin.py:151} INFO - [2023-10-10T15:55:03.511+0000] {dagbag.py:539} INFO - Filling up the DagBag from /home/airflow/.local/lib/python3.8/site-packages/airflow/example_dags/tutorial.py
[2023-10-10T15:55:03.516+0000] {processor.py:839} INFO - DAG(s) dict_keys(['tutorial']) retrieved from /home/airflow/.local/lib/python3.8/site-packages/airflow/example_dags/tutorial.py
[2023-10-10T15:55:03.532+0000] {logging_mixin.py:151} INFO - [2023-10-10T15:55:03.532+0000] {dag.py:2915} INFO - Sync 1 DAGs
[2023-10-10T15:55:03.552+0000] {logging_mixin.py:151} INFO - [2023-10-10T15:55:03.552+0000] {dag.py:3696} INFO - Setting next_dagrun for tutorial to 2023-10-09T15:55:03.551823+00:00, run_after=2023-10-10T15:55:03.551823+00:00
[2023-10-10T15:55:03.570+0000] {processor.py:179} INFO - Processing /home/airflow/.local/lib/python3.8/site-packages/airflow/example_dags/tutorial.py took 0.064 seconds
[2023-10-10T15:55:34.721+0000] {processor.py:157} INFO - Started process (PID=3505) to work on /home/airflow/.local/lib/python3.8/site-packages/airflow/example_dags/tutorial.py
[2023-10-10T15:55:34.721+0000] {processor.py:829} INFO - Processing file /home/airflow/.local/lib/python3.8/site-packages/airflow/example_dags/tutorial.py for tasks to queue
[2023-10-10T15:55:34.723+0000] {logging_mixin.py:151} INFO - [2023-10-10T15:55:34.723+0000] {dagbag.py:539} INFO - Filling up the DagBag from /home/airflow/.local/lib/python3.8/site-packages/airflow/example_dags/tutorial.py
[2023-10-10T15:55:34.727+0000] {processor.py:839} INFO - DAG(s) dict_keys(['tutorial']) retrieved from /home/airflow/.local/lib/python3.8/site-packages/airflow/example_dags/tutorial.py
[2023-10-10T15:55:34.745+0000] {logging_mixin.py:151} INFO - [2023-10-10T15:55:34.745+0000] {dag.py:2915} INFO - Sync 1 DAGs
[2023-10-10T15:55:34.762+0000] {logging_mixin.py:151} INFO - [2023-10-10T15:55:34.762+0000] {dag.py:3696} INFO - Setting next_dagrun for tutorial to 2023-10-09T15:55:34.762586+00:00, run_after=2023-10-10T15:55:34.762586+00:00
[2023-10-10T15:55:34.779+0000] {processor.py:179} INFO - Processing /home/airflow/.local/lib/python3.8/site-packages/airflow/example_dags/tutorial.py took 0.061 seconds
[2023-10-10T15:56:06.494+0000] {processor.py:157} INFO - Started process (PID=3563) to work on /home/airflow/.local/lib/python3.8/site-packages/airflow/example_dags/tutorial.py
[2023-10-10T15:56:06.495+0000] {processor.py:829} INFO - Processing file /home/airflow/.local/lib/python3.8/site-packages/airflow/example_dags/tutorial.py for tasks to queue
[2023-10-10T15:56:06.497+0000] {logging_mixin.py:151} INFO - [2023-10-10T15:56:06.496+0000] {dagbag.py:539} INFO - Filling up the DagBag from /home/airflow/.local/lib/python3.8/site-packages/airflow/example_dags/tutorial.py
[2023-10-10T15:56:06.501+0000] {processor.py:839} INFO - DAG(s) dict_keys(['tutorial']) retrieved from /home/airflow/.local/lib/python3.8/site-packages/airflow/example_dags/tutorial.py
[2023-10-10T15:56:06.518+0000] {logging_mixin.py:151} INFO - [2023-10-10T15:56:06.518+0000] {dag.py:2915} INFO - Sync 1 DAGs
[2023-10-10T15:56:06.538+0000] {logging_mixin.py:151} INFO - [2023-10-10T15:56:06.537+0000] {dag.py:3696} INFO - Setting next_dagrun for tutorial to 2023-10-09T15:56:06.537572+00:00, run_after=2023-10-10T15:56:06.537572+00:00
[2023-10-10T15:56:06.555+0000] {processor.py:179} INFO - Processing /home/airflow/.local/lib/python3.8/site-packages/airflow/example_dags/tutorial.py took 0.064 seconds
[2023-10-10T15:56:37.597+0000] {processor.py:157} INFO - Started process (PID=3617) to work on /home/airflow/.local/lib/python3.8/site-packages/airflow/example_dags/tutorial.py
[2023-10-10T15:56:37.598+0000] {processor.py:829} INFO - Processing file /home/airflow/.local/lib/python3.8/site-packages/airflow/example_dags/tutorial.py for tasks to queue
[2023-10-10T15:56:37.599+0000] {logging_mixin.py:151} INFO - [2023-10-10T15:56:37.599+0000] {dagbag.py:539} INFO - Filling up the DagBag from /home/airflow/.local/lib/python3.8/site-packages/airflow/example_dags/tutorial.py
[2023-10-10T15:56:37.604+0000] {processor.py:839} INFO - DAG(s) dict_keys(['tutorial']) retrieved from /home/airflow/.local/lib/python3.8/site-packages/airflow/example_dags/tutorial.py
[2023-10-10T15:56:37.623+0000] {logging_mixin.py:151} INFO - [2023-10-10T15:56:37.623+0000] {dag.py:2915} INFO - Sync 1 DAGs
[2023-10-10T15:56:37.644+0000] {logging_mixin.py:151} INFO - [2023-10-10T15:56:37.644+0000] {dag.py:3696} INFO - Setting next_dagrun for tutorial to 2023-10-09T15:56:37.644122+00:00, run_after=2023-10-10T15:56:37.644122+00:00
[2023-10-10T15:56:37.660+0000] {processor.py:179} INFO - Processing /home/airflow/.local/lib/python3.8/site-packages/airflow/example_dags/tutorial.py took 0.066 seconds
[2023-10-10T15:57:09.524+0000] {processor.py:157} INFO - Started process (PID=3673) to work on /home/airflow/.local/lib/python3.8/site-packages/airflow/example_dags/tutorial.py
[2023-10-10T15:57:09.525+0000] {processor.py:829} INFO - Processing file /home/airflow/.local/lib/python3.8/site-packages/airflow/example_dags/tutorial.py for tasks to queue
[2023-10-10T15:57:09.527+0000] {logging_mixin.py:151} INFO - [2023-10-10T15:57:09.527+0000] {dagbag.py:539} INFO - Filling up the DagBag from /home/airflow/.local/lib/python3.8/site-packages/airflow/example_dags/tutorial.py
[2023-10-10T15:57:09.535+0000] {processor.py:839} INFO - DAG(s) dict_keys(['tutorial']) retrieved from /home/airflow/.local/lib/python3.8/site-packages/airflow/example_dags/tutorial.py
[2023-10-10T15:57:09.561+0000] {logging_mixin.py:151} INFO - [2023-10-10T15:57:09.561+0000] {dag.py:2915} INFO - Sync 1 DAGs
[2023-10-10T15:57:09.609+0000] {logging_mixin.py:151} INFO - [2023-10-10T15:57:09.609+0000] {dag.py:3696} INFO - Setting next_dagrun for tutorial to 2023-10-09T15:57:09.608872+00:00, run_after=2023-10-10T15:57:09.608872+00:00
[2023-10-10T15:57:09.642+0000] {processor.py:179} INFO - Processing /home/airflow/.local/lib/python3.8/site-packages/airflow/example_dags/tutorial.py took 0.121 seconds
[2023-10-10T16:51:15.350+0000] {processor.py:157} INFO - Started process (PID=185) to work on /home/airflow/.local/lib/python3.8/site-packages/airflow/example_dags/tutorial.py
[2023-10-10T16:51:15.351+0000] {processor.py:829} INFO - Processing file /home/airflow/.local/lib/python3.8/site-packages/airflow/example_dags/tutorial.py for tasks to queue
[2023-10-10T16:51:15.353+0000] {logging_mixin.py:151} INFO - [2023-10-10T16:51:15.353+0000] {dagbag.py:539} INFO - Filling up the DagBag from /home/airflow/.local/lib/python3.8/site-packages/airflow/example_dags/tutorial.py
[2023-10-10T16:51:15.358+0000] {processor.py:839} INFO - DAG(s) dict_keys(['tutorial']) retrieved from /home/airflow/.local/lib/python3.8/site-packages/airflow/example_dags/tutorial.py
[2023-10-10T16:51:15.378+0000] {logging_mixin.py:151} INFO - [2023-10-10T16:51:15.377+0000] {dag.py:2915} INFO - Sync 1 DAGs
[2023-10-10T16:51:15.397+0000] {logging_mixin.py:151} INFO - [2023-10-10T16:51:15.397+0000] {dag.py:3696} INFO - Setting next_dagrun for tutorial to 2023-10-09T16:51:15.396887+00:00, run_after=2023-10-10T16:51:15.396887+00:00
[2023-10-10T16:51:15.414+0000] {processor.py:179} INFO - Processing /home/airflow/.local/lib/python3.8/site-packages/airflow/example_dags/tutorial.py took 0.067 seconds
[2023-10-10T16:51:49.066+0000] {processor.py:157} INFO - Started process (PID=245) to work on /home/airflow/.local/lib/python3.8/site-packages/airflow/example_dags/tutorial.py
[2023-10-10T16:51:49.067+0000] {processor.py:829} INFO - Processing file /home/airflow/.local/lib/python3.8/site-packages/airflow/example_dags/tutorial.py for tasks to queue
[2023-10-10T16:51:49.069+0000] {logging_mixin.py:151} INFO - [2023-10-10T16:51:49.069+0000] {dagbag.py:539} INFO - Filling up the DagBag from /home/airflow/.local/lib/python3.8/site-packages/airflow/example_dags/tutorial.py
[2023-10-10T16:51:49.075+0000] {processor.py:839} INFO - DAG(s) dict_keys(['tutorial']) retrieved from /home/airflow/.local/lib/python3.8/site-packages/airflow/example_dags/tutorial.py
[2023-10-10T16:51:49.150+0000] {logging_mixin.py:151} INFO - [2023-10-10T16:51:49.149+0000] {dag.py:2915} INFO - Sync 1 DAGs
[2023-10-10T16:51:49.237+0000] {logging_mixin.py:151} INFO - [2023-10-10T16:51:49.236+0000] {dag.py:3696} INFO - Setting next_dagrun for tutorial to 2023-10-09T16:51:49.236456+00:00, run_after=2023-10-10T16:51:49.236456+00:00
[2023-10-10T16:51:49.261+0000] {processor.py:179} INFO - Processing /home/airflow/.local/lib/python3.8/site-packages/airflow/example_dags/tutorial.py took 0.198 seconds
[2023-10-10T16:52:20.010+0000] {processor.py:157} INFO - Started process (PID=299) to work on /home/airflow/.local/lib/python3.8/site-packages/airflow/example_dags/tutorial.py
[2023-10-10T16:52:20.011+0000] {processor.py:829} INFO - Processing file /home/airflow/.local/lib/python3.8/site-packages/airflow/example_dags/tutorial.py for tasks to queue
[2023-10-10T16:52:20.012+0000] {logging_mixin.py:151} INFO - [2023-10-10T16:52:20.012+0000] {dagbag.py:539} INFO - Filling up the DagBag from /home/airflow/.local/lib/python3.8/site-packages/airflow/example_dags/tutorial.py
[2023-10-10T16:52:20.017+0000] {processor.py:839} INFO - DAG(s) dict_keys(['tutorial']) retrieved from /home/airflow/.local/lib/python3.8/site-packages/airflow/example_dags/tutorial.py
[2023-10-10T16:52:20.035+0000] {logging_mixin.py:151} INFO - [2023-10-10T16:52:20.034+0000] {dag.py:2915} INFO - Sync 1 DAGs
[2023-10-10T16:52:20.054+0000] {logging_mixin.py:151} INFO - [2023-10-10T16:52:20.054+0000] {dag.py:3696} INFO - Setting next_dagrun for tutorial to 2023-10-09T16:52:20.053817+00:00, run_after=2023-10-10T16:52:20.053817+00:00
[2023-10-10T16:52:20.071+0000] {processor.py:179} INFO - Processing /home/airflow/.local/lib/python3.8/site-packages/airflow/example_dags/tutorial.py took 0.064 seconds
[2023-10-10T16:52:50.738+0000] {processor.py:157} INFO - Started process (PID=353) to work on /home/airflow/.local/lib/python3.8/site-packages/airflow/example_dags/tutorial.py
[2023-10-10T16:52:50.739+0000] {processor.py:829} INFO - Processing file /home/airflow/.local/lib/python3.8/site-packages/airflow/example_dags/tutorial.py for tasks to queue
[2023-10-10T16:52:50.741+0000] {logging_mixin.py:151} INFO - [2023-10-10T16:52:50.740+0000] {dagbag.py:539} INFO - Filling up the DagBag from /home/airflow/.local/lib/python3.8/site-packages/airflow/example_dags/tutorial.py
[2023-10-10T16:52:50.745+0000] {processor.py:839} INFO - DAG(s) dict_keys(['tutorial']) retrieved from /home/airflow/.local/lib/python3.8/site-packages/airflow/example_dags/tutorial.py
[2023-10-10T16:52:50.763+0000] {logging_mixin.py:151} INFO - [2023-10-10T16:52:50.762+0000] {dag.py:2915} INFO - Sync 1 DAGs
[2023-10-10T16:52:50.781+0000] {logging_mixin.py:151} INFO - [2023-10-10T16:52:50.781+0000] {dag.py:3696} INFO - Setting next_dagrun for tutorial to 2023-10-09T16:52:50.781119+00:00, run_after=2023-10-10T16:52:50.781119+00:00
[2023-10-10T16:52:50.795+0000] {processor.py:179} INFO - Processing /home/airflow/.local/lib/python3.8/site-packages/airflow/example_dags/tutorial.py took 0.060 seconds
[2023-10-10T16:53:21.177+0000] {processor.py:157} INFO - Started process (PID=407) to work on /home/airflow/.local/lib/python3.8/site-packages/airflow/example_dags/tutorial.py
[2023-10-10T16:53:21.178+0000] {processor.py:829} INFO - Processing file /home/airflow/.local/lib/python3.8/site-packages/airflow/example_dags/tutorial.py for tasks to queue
[2023-10-10T16:53:21.179+0000] {logging_mixin.py:151} INFO - [2023-10-10T16:53:21.179+0000] {dagbag.py:539} INFO - Filling up the DagBag from /home/airflow/.local/lib/python3.8/site-packages/airflow/example_dags/tutorial.py
[2023-10-10T16:53:21.183+0000] {processor.py:839} INFO - DAG(s) dict_keys(['tutorial']) retrieved from /home/airflow/.local/lib/python3.8/site-packages/airflow/example_dags/tutorial.py
[2023-10-10T16:53:21.200+0000] {logging_mixin.py:151} INFO - [2023-10-10T16:53:21.200+0000] {dag.py:2915} INFO - Sync 1 DAGs
[2023-10-10T16:53:21.217+0000] {logging_mixin.py:151} INFO - [2023-10-10T16:53:21.217+0000] {dag.py:3696} INFO - Setting next_dagrun for tutorial to 2023-10-09T16:53:21.217524+00:00, run_after=2023-10-10T16:53:21.217524+00:00
[2023-10-10T16:53:21.232+0000] {processor.py:179} INFO - Processing /home/airflow/.local/lib/python3.8/site-packages/airflow/example_dags/tutorial.py took 0.057 seconds
[2023-10-10T16:53:51.972+0000] {processor.py:157} INFO - Started process (PID=461) to work on /home/airflow/.local/lib/python3.8/site-packages/airflow/example_dags/tutorial.py
[2023-10-10T16:53:51.973+0000] {processor.py:829} INFO - Processing file /home/airflow/.local/lib/python3.8/site-packages/airflow/example_dags/tutorial.py for tasks to queue
[2023-10-10T16:53:51.974+0000] {logging_mixin.py:151} INFO - [2023-10-10T16:53:51.974+0000] {dagbag.py:539} INFO - Filling up the DagBag from /home/airflow/.local/lib/python3.8/site-packages/airflow/example_dags/tutorial.py
[2023-10-10T16:53:51.978+0000] {processor.py:839} INFO - DAG(s) dict_keys(['tutorial']) retrieved from /home/airflow/.local/lib/python3.8/site-packages/airflow/example_dags/tutorial.py
[2023-10-10T16:53:51.997+0000] {logging_mixin.py:151} INFO - [2023-10-10T16:53:51.997+0000] {dag.py:2915} INFO - Sync 1 DAGs
[2023-10-10T16:53:52.020+0000] {logging_mixin.py:151} INFO - [2023-10-10T16:53:52.020+0000] {dag.py:3696} INFO - Setting next_dagrun for tutorial to 2023-10-09T16:53:52.020308+00:00, run_after=2023-10-10T16:53:52.020308+00:00
[2023-10-10T16:53:52.037+0000] {processor.py:179} INFO - Processing /home/airflow/.local/lib/python3.8/site-packages/airflow/example_dags/tutorial.py took 0.068 seconds
[2023-10-10T16:54:22.961+0000] {processor.py:157} INFO - Started process (PID=515) to work on /home/airflow/.local/lib/python3.8/site-packages/airflow/example_dags/tutorial.py
[2023-10-10T16:54:22.962+0000] {processor.py:829} INFO - Processing file /home/airflow/.local/lib/python3.8/site-packages/airflow/example_dags/tutorial.py for tasks to queue
[2023-10-10T16:54:22.964+0000] {logging_mixin.py:151} INFO - [2023-10-10T16:54:22.963+0000] {dagbag.py:539} INFO - Filling up the DagBag from /home/airflow/.local/lib/python3.8/site-packages/airflow/example_dags/tutorial.py
[2023-10-10T16:54:22.968+0000] {processor.py:839} INFO - DAG(s) dict_keys(['tutorial']) retrieved from /home/airflow/.local/lib/python3.8/site-packages/airflow/example_dags/tutorial.py
[2023-10-10T16:54:22.984+0000] {logging_mixin.py:151} INFO - [2023-10-10T16:54:22.984+0000] {dag.py:2915} INFO - Sync 1 DAGs
[2023-10-10T16:54:23.003+0000] {logging_mixin.py:151} INFO - [2023-10-10T16:54:23.003+0000] {dag.py:3696} INFO - Setting next_dagrun for tutorial to 2023-10-09T16:54:23.003294+00:00, run_after=2023-10-10T16:54:23.003294+00:00
[2023-10-10T16:54:23.019+0000] {processor.py:179} INFO - Processing /home/airflow/.local/lib/python3.8/site-packages/airflow/example_dags/tutorial.py took 0.060 seconds
[2023-10-10T16:54:53.870+0000] {processor.py:157} INFO - Started process (PID=569) to work on /home/airflow/.local/lib/python3.8/site-packages/airflow/example_dags/tutorial.py
[2023-10-10T16:54:53.871+0000] {processor.py:829} INFO - Processing file /home/airflow/.local/lib/python3.8/site-packages/airflow/example_dags/tutorial.py for tasks to queue
[2023-10-10T16:54:53.872+0000] {logging_mixin.py:151} INFO - [2023-10-10T16:54:53.872+0000] {dagbag.py:539} INFO - Filling up the DagBag from /home/airflow/.local/lib/python3.8/site-packages/airflow/example_dags/tutorial.py
[2023-10-10T16:54:53.876+0000] {processor.py:839} INFO - DAG(s) dict_keys(['tutorial']) retrieved from /home/airflow/.local/lib/python3.8/site-packages/airflow/example_dags/tutorial.py
[2023-10-10T16:54:53.895+0000] {logging_mixin.py:151} INFO - [2023-10-10T16:54:53.894+0000] {dag.py:2915} INFO - Sync 1 DAGs
[2023-10-10T16:54:53.915+0000] {logging_mixin.py:151} INFO - [2023-10-10T16:54:53.914+0000] {dag.py:3696} INFO - Setting next_dagrun for tutorial to 2023-10-09T16:54:53.914583+00:00, run_after=2023-10-10T16:54:53.914583+00:00
[2023-10-10T16:54:53.930+0000] {processor.py:179} INFO - Processing /home/airflow/.local/lib/python3.8/site-packages/airflow/example_dags/tutorial.py took 0.062 seconds
