[2023-10-10T15:24:08.609+0000] {processor.py:157} INFO - Started process (PID=190) to work on /home/airflow/.local/lib/python3.8/site-packages/airflow/example_dags/tutorial_dag.py
[2023-10-10T15:24:08.609+0000] {processor.py:829} INFO - Processing file /home/airflow/.local/lib/python3.8/site-packages/airflow/example_dags/tutorial_dag.py for tasks to queue
[2023-10-10T15:24:08.612+0000] {logging_mixin.py:151} INFO - [2023-10-10T15:24:08.611+0000] {dagbag.py:539} INFO - Filling up the DagBag from /home/airflow/.local/lib/python3.8/site-packages/airflow/example_dags/tutorial_dag.py
[2023-10-10T15:24:08.617+0000] {processor.py:839} INFO - DAG(s) dict_keys(['tutorial_dag']) retrieved from /home/airflow/.local/lib/python3.8/site-packages/airflow/example_dags/tutorial_dag.py
[2023-10-10T15:24:08.629+0000] {logging_mixin.py:151} INFO - [2023-10-10T15:24:08.629+0000] {dag.py:2915} INFO - Sync 1 DAGs
[2023-10-10T15:24:08.643+0000] {logging_mixin.py:151} INFO - [2023-10-10T15:24:08.643+0000] {dag.py:3696} INFO - Setting next_dagrun for tutorial_dag to None, run_after=None
[2023-10-10T15:24:08.661+0000] {processor.py:179} INFO - Processing /home/airflow/.local/lib/python3.8/site-packages/airflow/example_dags/tutorial_dag.py took 0.056 seconds
[2023-10-10T15:24:39.514+0000] {processor.py:157} INFO - Started process (PID=244) to work on /home/airflow/.local/lib/python3.8/site-packages/airflow/example_dags/tutorial_dag.py
[2023-10-10T15:24:39.515+0000] {processor.py:829} INFO - Processing file /home/airflow/.local/lib/python3.8/site-packages/airflow/example_dags/tutorial_dag.py for tasks to queue
[2023-10-10T15:24:39.517+0000] {logging_mixin.py:151} INFO - [2023-10-10T15:24:39.517+0000] {dagbag.py:539} INFO - Filling up the DagBag from /home/airflow/.local/lib/python3.8/site-packages/airflow/example_dags/tutorial_dag.py
[2023-10-10T15:24:39.522+0000] {processor.py:839} INFO - DAG(s) dict_keys(['tutorial_dag']) retrieved from /home/airflow/.local/lib/python3.8/site-packages/airflow/example_dags/tutorial_dag.py
[2023-10-10T15:24:39.540+0000] {logging_mixin.py:151} INFO - [2023-10-10T15:24:39.540+0000] {dag.py:2915} INFO - Sync 1 DAGs
[2023-10-10T15:24:39.551+0000] {logging_mixin.py:151} INFO - [2023-10-10T15:24:39.551+0000] {dag.py:3696} INFO - Setting next_dagrun for tutorial_dag to None, run_after=None
[2023-10-10T15:24:39.583+0000] {processor.py:179} INFO - Processing /home/airflow/.local/lib/python3.8/site-packages/airflow/example_dags/tutorial_dag.py took 0.072 seconds
[2023-10-10T15:25:11.364+0000] {processor.py:157} INFO - Started process (PID=298) to work on /home/airflow/.local/lib/python3.8/site-packages/airflow/example_dags/tutorial_dag.py
[2023-10-10T15:25:11.365+0000] {processor.py:829} INFO - Processing file /home/airflow/.local/lib/python3.8/site-packages/airflow/example_dags/tutorial_dag.py for tasks to queue
[2023-10-10T15:25:11.367+0000] {logging_mixin.py:151} INFO - [2023-10-10T15:25:11.367+0000] {dagbag.py:539} INFO - Filling up the DagBag from /home/airflow/.local/lib/python3.8/site-packages/airflow/example_dags/tutorial_dag.py
[2023-10-10T15:25:11.374+0000] {processor.py:839} INFO - DAG(s) dict_keys(['tutorial_dag']) retrieved from /home/airflow/.local/lib/python3.8/site-packages/airflow/example_dags/tutorial_dag.py
[2023-10-10T15:25:11.431+0000] {logging_mixin.py:151} INFO - [2023-10-10T15:25:11.430+0000] {dag.py:2915} INFO - Sync 1 DAGs
[2023-10-10T15:25:11.464+0000] {logging_mixin.py:151} INFO - [2023-10-10T15:25:11.463+0000] {dag.py:3696} INFO - Setting next_dagrun for tutorial_dag to None, run_after=None
[2023-10-10T15:25:11.513+0000] {processor.py:179} INFO - Processing /home/airflow/.local/lib/python3.8/site-packages/airflow/example_dags/tutorial_dag.py took 0.154 seconds
[2023-10-10T15:25:41.701+0000] {processor.py:157} INFO - Started process (PID=352) to work on /home/airflow/.local/lib/python3.8/site-packages/airflow/example_dags/tutorial_dag.py
[2023-10-10T15:25:41.702+0000] {processor.py:829} INFO - Processing file /home/airflow/.local/lib/python3.8/site-packages/airflow/example_dags/tutorial_dag.py for tasks to queue
[2023-10-10T15:25:41.704+0000] {logging_mixin.py:151} INFO - [2023-10-10T15:25:41.704+0000] {dagbag.py:539} INFO - Filling up the DagBag from /home/airflow/.local/lib/python3.8/site-packages/airflow/example_dags/tutorial_dag.py
[2023-10-10T15:25:41.709+0000] {processor.py:839} INFO - DAG(s) dict_keys(['tutorial_dag']) retrieved from /home/airflow/.local/lib/python3.8/site-packages/airflow/example_dags/tutorial_dag.py
[2023-10-10T15:25:41.728+0000] {logging_mixin.py:151} INFO - [2023-10-10T15:25:41.728+0000] {dag.py:2915} INFO - Sync 1 DAGs
[2023-10-10T15:25:41.739+0000] {logging_mixin.py:151} INFO - [2023-10-10T15:25:41.739+0000] {dag.py:3696} INFO - Setting next_dagrun for tutorial_dag to None, run_after=None
[2023-10-10T15:25:41.754+0000] {processor.py:179} INFO - Processing /home/airflow/.local/lib/python3.8/site-packages/airflow/example_dags/tutorial_dag.py took 0.056 seconds
[2023-10-10T15:26:12.250+0000] {processor.py:157} INFO - Started process (PID=406) to work on /home/airflow/.local/lib/python3.8/site-packages/airflow/example_dags/tutorial_dag.py
[2023-10-10T15:26:12.251+0000] {processor.py:829} INFO - Processing file /home/airflow/.local/lib/python3.8/site-packages/airflow/example_dags/tutorial_dag.py for tasks to queue
[2023-10-10T15:26:12.252+0000] {logging_mixin.py:151} INFO - [2023-10-10T15:26:12.252+0000] {dagbag.py:539} INFO - Filling up the DagBag from /home/airflow/.local/lib/python3.8/site-packages/airflow/example_dags/tutorial_dag.py
[2023-10-10T15:26:12.256+0000] {processor.py:839} INFO - DAG(s) dict_keys(['tutorial_dag']) retrieved from /home/airflow/.local/lib/python3.8/site-packages/airflow/example_dags/tutorial_dag.py
[2023-10-10T15:26:12.272+0000] {logging_mixin.py:151} INFO - [2023-10-10T15:26:12.272+0000] {dag.py:2915} INFO - Sync 1 DAGs
[2023-10-10T15:26:12.285+0000] {logging_mixin.py:151} INFO - [2023-10-10T15:26:12.285+0000] {dag.py:3696} INFO - Setting next_dagrun for tutorial_dag to None, run_after=None
[2023-10-10T15:26:12.303+0000] {processor.py:179} INFO - Processing /home/airflow/.local/lib/python3.8/site-packages/airflow/example_dags/tutorial_dag.py took 0.056 seconds
[2023-10-10T15:26:42.842+0000] {processor.py:157} INFO - Started process (PID=460) to work on /home/airflow/.local/lib/python3.8/site-packages/airflow/example_dags/tutorial_dag.py
[2023-10-10T15:26:42.842+0000] {processor.py:829} INFO - Processing file /home/airflow/.local/lib/python3.8/site-packages/airflow/example_dags/tutorial_dag.py for tasks to queue
[2023-10-10T15:26:42.844+0000] {logging_mixin.py:151} INFO - [2023-10-10T15:26:42.844+0000] {dagbag.py:539} INFO - Filling up the DagBag from /home/airflow/.local/lib/python3.8/site-packages/airflow/example_dags/tutorial_dag.py
[2023-10-10T15:26:42.849+0000] {processor.py:839} INFO - DAG(s) dict_keys(['tutorial_dag']) retrieved from /home/airflow/.local/lib/python3.8/site-packages/airflow/example_dags/tutorial_dag.py
[2023-10-10T15:26:42.870+0000] {logging_mixin.py:151} INFO - [2023-10-10T15:26:42.870+0000] {dag.py:2915} INFO - Sync 1 DAGs
[2023-10-10T15:26:42.885+0000] {logging_mixin.py:151} INFO - [2023-10-10T15:26:42.885+0000] {dag.py:3696} INFO - Setting next_dagrun for tutorial_dag to None, run_after=None
[2023-10-10T15:26:42.909+0000] {processor.py:179} INFO - Processing /home/airflow/.local/lib/python3.8/site-packages/airflow/example_dags/tutorial_dag.py took 0.071 seconds
[2023-10-10T15:27:13.600+0000] {processor.py:157} INFO - Started process (PID=514) to work on /home/airflow/.local/lib/python3.8/site-packages/airflow/example_dags/tutorial_dag.py
[2023-10-10T15:27:13.601+0000] {processor.py:829} INFO - Processing file /home/airflow/.local/lib/python3.8/site-packages/airflow/example_dags/tutorial_dag.py for tasks to queue
[2023-10-10T15:27:13.603+0000] {logging_mixin.py:151} INFO - [2023-10-10T15:27:13.603+0000] {dagbag.py:539} INFO - Filling up the DagBag from /home/airflow/.local/lib/python3.8/site-packages/airflow/example_dags/tutorial_dag.py
[2023-10-10T15:27:13.607+0000] {processor.py:839} INFO - DAG(s) dict_keys(['tutorial_dag']) retrieved from /home/airflow/.local/lib/python3.8/site-packages/airflow/example_dags/tutorial_dag.py
[2023-10-10T15:27:13.625+0000] {logging_mixin.py:151} INFO - [2023-10-10T15:27:13.624+0000] {dag.py:2915} INFO - Sync 1 DAGs
[2023-10-10T15:27:13.635+0000] {logging_mixin.py:151} INFO - [2023-10-10T15:27:13.635+0000] {dag.py:3696} INFO - Setting next_dagrun for tutorial_dag to None, run_after=None
[2023-10-10T15:27:13.649+0000] {processor.py:179} INFO - Processing /home/airflow/.local/lib/python3.8/site-packages/airflow/example_dags/tutorial_dag.py took 0.051 seconds
[2023-10-10T15:27:44.292+0000] {processor.py:157} INFO - Started process (PID=568) to work on /home/airflow/.local/lib/python3.8/site-packages/airflow/example_dags/tutorial_dag.py
[2023-10-10T15:27:44.293+0000] {processor.py:829} INFO - Processing file /home/airflow/.local/lib/python3.8/site-packages/airflow/example_dags/tutorial_dag.py for tasks to queue
[2023-10-10T15:27:44.295+0000] {logging_mixin.py:151} INFO - [2023-10-10T15:27:44.294+0000] {dagbag.py:539} INFO - Filling up the DagBag from /home/airflow/.local/lib/python3.8/site-packages/airflow/example_dags/tutorial_dag.py
[2023-10-10T15:27:44.300+0000] {processor.py:839} INFO - DAG(s) dict_keys(['tutorial_dag']) retrieved from /home/airflow/.local/lib/python3.8/site-packages/airflow/example_dags/tutorial_dag.py
[2023-10-10T15:27:44.320+0000] {logging_mixin.py:151} INFO - [2023-10-10T15:27:44.320+0000] {dag.py:2915} INFO - Sync 1 DAGs
[2023-10-10T15:27:44.331+0000] {logging_mixin.py:151} INFO - [2023-10-10T15:27:44.331+0000] {dag.py:3696} INFO - Setting next_dagrun for tutorial_dag to None, run_after=None
[2023-10-10T15:27:44.349+0000] {processor.py:179} INFO - Processing /home/airflow/.local/lib/python3.8/site-packages/airflow/example_dags/tutorial_dag.py took 0.061 seconds
[2023-10-10T15:28:15.108+0000] {processor.py:157} INFO - Started process (PID=622) to work on /home/airflow/.local/lib/python3.8/site-packages/airflow/example_dags/tutorial_dag.py
[2023-10-10T15:28:15.109+0000] {processor.py:829} INFO - Processing file /home/airflow/.local/lib/python3.8/site-packages/airflow/example_dags/tutorial_dag.py for tasks to queue
[2023-10-10T15:28:15.110+0000] {logging_mixin.py:151} INFO - [2023-10-10T15:28:15.110+0000] {dagbag.py:539} INFO - Filling up the DagBag from /home/airflow/.local/lib/python3.8/site-packages/airflow/example_dags/tutorial_dag.py
[2023-10-10T15:28:15.115+0000] {processor.py:839} INFO - DAG(s) dict_keys(['tutorial_dag']) retrieved from /home/airflow/.local/lib/python3.8/site-packages/airflow/example_dags/tutorial_dag.py
[2023-10-10T15:28:15.135+0000] {logging_mixin.py:151} INFO - [2023-10-10T15:28:15.134+0000] {dag.py:2915} INFO - Sync 1 DAGs
[2023-10-10T15:28:15.147+0000] {logging_mixin.py:151} INFO - [2023-10-10T15:28:15.147+0000] {dag.py:3696} INFO - Setting next_dagrun for tutorial_dag to None, run_after=None
[2023-10-10T15:28:15.163+0000] {processor.py:179} INFO - Processing /home/airflow/.local/lib/python3.8/site-packages/airflow/example_dags/tutorial_dag.py took 0.057 seconds
[2023-10-10T15:28:46.030+0000] {processor.py:157} INFO - Started process (PID=676) to work on /home/airflow/.local/lib/python3.8/site-packages/airflow/example_dags/tutorial_dag.py
[2023-10-10T15:28:46.031+0000] {processor.py:829} INFO - Processing file /home/airflow/.local/lib/python3.8/site-packages/airflow/example_dags/tutorial_dag.py for tasks to queue
[2023-10-10T15:28:46.033+0000] {logging_mixin.py:151} INFO - [2023-10-10T15:28:46.033+0000] {dagbag.py:539} INFO - Filling up the DagBag from /home/airflow/.local/lib/python3.8/site-packages/airflow/example_dags/tutorial_dag.py
[2023-10-10T15:28:46.037+0000] {processor.py:839} INFO - DAG(s) dict_keys(['tutorial_dag']) retrieved from /home/airflow/.local/lib/python3.8/site-packages/airflow/example_dags/tutorial_dag.py
[2023-10-10T15:28:46.055+0000] {logging_mixin.py:151} INFO - [2023-10-10T15:28:46.055+0000] {dag.py:2915} INFO - Sync 1 DAGs
[2023-10-10T15:28:46.065+0000] {logging_mixin.py:151} INFO - [2023-10-10T15:28:46.065+0000] {dag.py:3696} INFO - Setting next_dagrun for tutorial_dag to None, run_after=None
[2023-10-10T15:28:46.082+0000] {processor.py:179} INFO - Processing /home/airflow/.local/lib/python3.8/site-packages/airflow/example_dags/tutorial_dag.py took 0.054 seconds
[2023-10-10T15:29:18.107+0000] {processor.py:157} INFO - Started process (PID=730) to work on /home/airflow/.local/lib/python3.8/site-packages/airflow/example_dags/tutorial_dag.py
[2023-10-10T15:29:18.109+0000] {processor.py:829} INFO - Processing file /home/airflow/.local/lib/python3.8/site-packages/airflow/example_dags/tutorial_dag.py for tasks to queue
[2023-10-10T15:29:18.111+0000] {logging_mixin.py:151} INFO - [2023-10-10T15:29:18.111+0000] {dagbag.py:539} INFO - Filling up the DagBag from /home/airflow/.local/lib/python3.8/site-packages/airflow/example_dags/tutorial_dag.py
[2023-10-10T15:29:18.118+0000] {processor.py:839} INFO - DAG(s) dict_keys(['tutorial_dag']) retrieved from /home/airflow/.local/lib/python3.8/site-packages/airflow/example_dags/tutorial_dag.py
[2023-10-10T15:29:18.176+0000] {logging_mixin.py:151} INFO - [2023-10-10T15:29:18.175+0000] {dag.py:2915} INFO - Sync 1 DAGs
[2023-10-10T15:29:18.189+0000] {logging_mixin.py:151} INFO - [2023-10-10T15:29:18.188+0000] {dag.py:3696} INFO - Setting next_dagrun for tutorial_dag to None, run_after=None
[2023-10-10T15:29:18.210+0000] {processor.py:179} INFO - Processing /home/airflow/.local/lib/python3.8/site-packages/airflow/example_dags/tutorial_dag.py took 0.106 seconds
[2023-10-10T15:29:49.380+0000] {processor.py:157} INFO - Started process (PID=784) to work on /home/airflow/.local/lib/python3.8/site-packages/airflow/example_dags/tutorial_dag.py
[2023-10-10T15:29:49.381+0000] {processor.py:829} INFO - Processing file /home/airflow/.local/lib/python3.8/site-packages/airflow/example_dags/tutorial_dag.py for tasks to queue
[2023-10-10T15:29:49.383+0000] {logging_mixin.py:151} INFO - [2023-10-10T15:29:49.383+0000] {dagbag.py:539} INFO - Filling up the DagBag from /home/airflow/.local/lib/python3.8/site-packages/airflow/example_dags/tutorial_dag.py
[2023-10-10T15:29:49.388+0000] {processor.py:839} INFO - DAG(s) dict_keys(['tutorial_dag']) retrieved from /home/airflow/.local/lib/python3.8/site-packages/airflow/example_dags/tutorial_dag.py
[2023-10-10T15:29:49.408+0000] {logging_mixin.py:151} INFO - [2023-10-10T15:29:49.408+0000] {dag.py:2915} INFO - Sync 1 DAGs
[2023-10-10T15:29:49.420+0000] {logging_mixin.py:151} INFO - [2023-10-10T15:29:49.420+0000] {dag.py:3696} INFO - Setting next_dagrun for tutorial_dag to None, run_after=None
[2023-10-10T15:29:49.496+0000] {processor.py:179} INFO - Processing /home/airflow/.local/lib/python3.8/site-packages/airflow/example_dags/tutorial_dag.py took 0.119 seconds
[2023-10-10T15:30:20.313+0000] {processor.py:157} INFO - Started process (PID=838) to work on /home/airflow/.local/lib/python3.8/site-packages/airflow/example_dags/tutorial_dag.py
[2023-10-10T15:30:20.314+0000] {processor.py:829} INFO - Processing file /home/airflow/.local/lib/python3.8/site-packages/airflow/example_dags/tutorial_dag.py for tasks to queue
[2023-10-10T15:30:20.315+0000] {logging_mixin.py:151} INFO - [2023-10-10T15:30:20.315+0000] {dagbag.py:539} INFO - Filling up the DagBag from /home/airflow/.local/lib/python3.8/site-packages/airflow/example_dags/tutorial_dag.py
[2023-10-10T15:30:20.319+0000] {processor.py:839} INFO - DAG(s) dict_keys(['tutorial_dag']) retrieved from /home/airflow/.local/lib/python3.8/site-packages/airflow/example_dags/tutorial_dag.py
[2023-10-10T15:30:20.339+0000] {logging_mixin.py:151} INFO - [2023-10-10T15:30:20.339+0000] {dag.py:2915} INFO - Sync 1 DAGs
[2023-10-10T15:30:20.384+0000] {logging_mixin.py:151} INFO - [2023-10-10T15:30:20.384+0000] {dag.py:3696} INFO - Setting next_dagrun for tutorial_dag to None, run_after=None
[2023-10-10T15:30:20.400+0000] {processor.py:179} INFO - Processing /home/airflow/.local/lib/python3.8/site-packages/airflow/example_dags/tutorial_dag.py took 0.089 seconds
[2023-10-10T15:30:51.298+0000] {processor.py:157} INFO - Started process (PID=892) to work on /home/airflow/.local/lib/python3.8/site-packages/airflow/example_dags/tutorial_dag.py
[2023-10-10T15:30:51.299+0000] {processor.py:829} INFO - Processing file /home/airflow/.local/lib/python3.8/site-packages/airflow/example_dags/tutorial_dag.py for tasks to queue
[2023-10-10T15:30:51.302+0000] {logging_mixin.py:151} INFO - [2023-10-10T15:30:51.301+0000] {dagbag.py:539} INFO - Filling up the DagBag from /home/airflow/.local/lib/python3.8/site-packages/airflow/example_dags/tutorial_dag.py
[2023-10-10T15:30:51.308+0000] {processor.py:839} INFO - DAG(s) dict_keys(['tutorial_dag']) retrieved from /home/airflow/.local/lib/python3.8/site-packages/airflow/example_dags/tutorial_dag.py
[2023-10-10T15:30:51.332+0000] {logging_mixin.py:151} INFO - [2023-10-10T15:30:51.332+0000] {dag.py:2915} INFO - Sync 1 DAGs
[2023-10-10T15:30:51.347+0000] {logging_mixin.py:151} INFO - [2023-10-10T15:30:51.347+0000] {dag.py:3696} INFO - Setting next_dagrun for tutorial_dag to None, run_after=None
[2023-10-10T15:30:51.366+0000] {processor.py:179} INFO - Processing /home/airflow/.local/lib/python3.8/site-packages/airflow/example_dags/tutorial_dag.py took 0.072 seconds
[2023-10-10T15:31:21.545+0000] {processor.py:157} INFO - Started process (PID=946) to work on /home/airflow/.local/lib/python3.8/site-packages/airflow/example_dags/tutorial_dag.py
[2023-10-10T15:31:21.546+0000] {processor.py:829} INFO - Processing file /home/airflow/.local/lib/python3.8/site-packages/airflow/example_dags/tutorial_dag.py for tasks to queue
[2023-10-10T15:31:21.549+0000] {logging_mixin.py:151} INFO - [2023-10-10T15:31:21.548+0000] {dagbag.py:539} INFO - Filling up the DagBag from /home/airflow/.local/lib/python3.8/site-packages/airflow/example_dags/tutorial_dag.py
[2023-10-10T15:31:21.554+0000] {processor.py:839} INFO - DAG(s) dict_keys(['tutorial_dag']) retrieved from /home/airflow/.local/lib/python3.8/site-packages/airflow/example_dags/tutorial_dag.py
[2023-10-10T15:31:21.579+0000] {logging_mixin.py:151} INFO - [2023-10-10T15:31:21.579+0000] {dag.py:2915} INFO - Sync 1 DAGs
[2023-10-10T15:31:21.596+0000] {logging_mixin.py:151} INFO - [2023-10-10T15:31:21.595+0000] {dag.py:3696} INFO - Setting next_dagrun for tutorial_dag to None, run_after=None
[2023-10-10T15:31:21.615+0000] {processor.py:179} INFO - Processing /home/airflow/.local/lib/python3.8/site-packages/airflow/example_dags/tutorial_dag.py took 0.074 seconds
[2023-10-10T15:31:51.679+0000] {processor.py:157} INFO - Started process (PID=1000) to work on /home/airflow/.local/lib/python3.8/site-packages/airflow/example_dags/tutorial_dag.py
[2023-10-10T15:31:51.680+0000] {processor.py:829} INFO - Processing file /home/airflow/.local/lib/python3.8/site-packages/airflow/example_dags/tutorial_dag.py for tasks to queue
[2023-10-10T15:31:51.683+0000] {logging_mixin.py:151} INFO - [2023-10-10T15:31:51.682+0000] {dagbag.py:539} INFO - Filling up the DagBag from /home/airflow/.local/lib/python3.8/site-packages/airflow/example_dags/tutorial_dag.py
[2023-10-10T15:31:51.687+0000] {processor.py:839} INFO - DAG(s) dict_keys(['tutorial_dag']) retrieved from /home/airflow/.local/lib/python3.8/site-packages/airflow/example_dags/tutorial_dag.py
[2023-10-10T15:31:51.709+0000] {logging_mixin.py:151} INFO - [2023-10-10T15:31:51.709+0000] {dag.py:2915} INFO - Sync 1 DAGs
[2023-10-10T15:31:51.723+0000] {logging_mixin.py:151} INFO - [2023-10-10T15:31:51.723+0000] {dag.py:3696} INFO - Setting next_dagrun for tutorial_dag to None, run_after=None
[2023-10-10T15:31:51.743+0000] {processor.py:179} INFO - Processing /home/airflow/.local/lib/python3.8/site-packages/airflow/example_dags/tutorial_dag.py took 0.067 seconds
[2023-10-10T15:32:22.539+0000] {processor.py:157} INFO - Started process (PID=1054) to work on /home/airflow/.local/lib/python3.8/site-packages/airflow/example_dags/tutorial_dag.py
[2023-10-10T15:32:22.540+0000] {processor.py:829} INFO - Processing file /home/airflow/.local/lib/python3.8/site-packages/airflow/example_dags/tutorial_dag.py for tasks to queue
[2023-10-10T15:32:22.542+0000] {logging_mixin.py:151} INFO - [2023-10-10T15:32:22.541+0000] {dagbag.py:539} INFO - Filling up the DagBag from /home/airflow/.local/lib/python3.8/site-packages/airflow/example_dags/tutorial_dag.py
[2023-10-10T15:32:22.546+0000] {processor.py:839} INFO - DAG(s) dict_keys(['tutorial_dag']) retrieved from /home/airflow/.local/lib/python3.8/site-packages/airflow/example_dags/tutorial_dag.py
[2023-10-10T15:32:22.576+0000] {logging_mixin.py:151} INFO - [2023-10-10T15:32:22.576+0000] {dag.py:2915} INFO - Sync 1 DAGs
[2023-10-10T15:32:22.588+0000] {logging_mixin.py:151} INFO - [2023-10-10T15:32:22.588+0000] {dag.py:3696} INFO - Setting next_dagrun for tutorial_dag to None, run_after=None
[2023-10-10T15:32:22.603+0000] {processor.py:179} INFO - Processing /home/airflow/.local/lib/python3.8/site-packages/airflow/example_dags/tutorial_dag.py took 0.066 seconds
[2023-10-10T15:32:53.549+0000] {processor.py:157} INFO - Started process (PID=1108) to work on /home/airflow/.local/lib/python3.8/site-packages/airflow/example_dags/tutorial_dag.py
[2023-10-10T15:32:53.550+0000] {processor.py:829} INFO - Processing file /home/airflow/.local/lib/python3.8/site-packages/airflow/example_dags/tutorial_dag.py for tasks to queue
[2023-10-10T15:32:53.552+0000] {logging_mixin.py:151} INFO - [2023-10-10T15:32:53.551+0000] {dagbag.py:539} INFO - Filling up the DagBag from /home/airflow/.local/lib/python3.8/site-packages/airflow/example_dags/tutorial_dag.py
[2023-10-10T15:32:53.556+0000] {processor.py:839} INFO - DAG(s) dict_keys(['tutorial_dag']) retrieved from /home/airflow/.local/lib/python3.8/site-packages/airflow/example_dags/tutorial_dag.py
[2023-10-10T15:32:53.577+0000] {logging_mixin.py:151} INFO - [2023-10-10T15:32:53.577+0000] {dag.py:2915} INFO - Sync 1 DAGs
[2023-10-10T15:32:53.590+0000] {logging_mixin.py:151} INFO - [2023-10-10T15:32:53.590+0000] {dag.py:3696} INFO - Setting next_dagrun for tutorial_dag to None, run_after=None
[2023-10-10T15:32:53.611+0000] {processor.py:179} INFO - Processing /home/airflow/.local/lib/python3.8/site-packages/airflow/example_dags/tutorial_dag.py took 0.065 seconds
[2023-10-10T15:33:23.999+0000] {processor.py:157} INFO - Started process (PID=1162) to work on /home/airflow/.local/lib/python3.8/site-packages/airflow/example_dags/tutorial_dag.py
[2023-10-10T15:33:24.000+0000] {processor.py:829} INFO - Processing file /home/airflow/.local/lib/python3.8/site-packages/airflow/example_dags/tutorial_dag.py for tasks to queue
[2023-10-10T15:33:24.002+0000] {logging_mixin.py:151} INFO - [2023-10-10T15:33:24.002+0000] {dagbag.py:539} INFO - Filling up the DagBag from /home/airflow/.local/lib/python3.8/site-packages/airflow/example_dags/tutorial_dag.py
[2023-10-10T15:33:24.006+0000] {processor.py:839} INFO - DAG(s) dict_keys(['tutorial_dag']) retrieved from /home/airflow/.local/lib/python3.8/site-packages/airflow/example_dags/tutorial_dag.py
[2023-10-10T15:33:24.026+0000] {logging_mixin.py:151} INFO - [2023-10-10T15:33:24.026+0000] {dag.py:2915} INFO - Sync 1 DAGs
[2023-10-10T15:33:24.038+0000] {logging_mixin.py:151} INFO - [2023-10-10T15:33:24.038+0000] {dag.py:3696} INFO - Setting next_dagrun for tutorial_dag to None, run_after=None
[2023-10-10T15:33:24.052+0000] {processor.py:179} INFO - Processing /home/airflow/.local/lib/python3.8/site-packages/airflow/example_dags/tutorial_dag.py took 0.057 seconds
[2023-10-10T15:33:54.347+0000] {processor.py:157} INFO - Started process (PID=1223) to work on /home/airflow/.local/lib/python3.8/site-packages/airflow/example_dags/tutorial_dag.py
[2023-10-10T15:33:54.348+0000] {processor.py:829} INFO - Processing file /home/airflow/.local/lib/python3.8/site-packages/airflow/example_dags/tutorial_dag.py for tasks to queue
[2023-10-10T15:33:54.349+0000] {logging_mixin.py:151} INFO - [2023-10-10T15:33:54.349+0000] {dagbag.py:539} INFO - Filling up the DagBag from /home/airflow/.local/lib/python3.8/site-packages/airflow/example_dags/tutorial_dag.py
[2023-10-10T15:33:54.353+0000] {processor.py:839} INFO - DAG(s) dict_keys(['tutorial_dag']) retrieved from /home/airflow/.local/lib/python3.8/site-packages/airflow/example_dags/tutorial_dag.py
[2023-10-10T15:33:54.371+0000] {logging_mixin.py:151} INFO - [2023-10-10T15:33:54.370+0000] {dag.py:2915} INFO - Sync 1 DAGs
[2023-10-10T15:33:54.384+0000] {logging_mixin.py:151} INFO - [2023-10-10T15:33:54.384+0000] {dag.py:3696} INFO - Setting next_dagrun for tutorial_dag to None, run_after=None
[2023-10-10T15:33:54.403+0000] {processor.py:179} INFO - Processing /home/airflow/.local/lib/python3.8/site-packages/airflow/example_dags/tutorial_dag.py took 0.059 seconds
[2023-10-10T15:34:25.158+0000] {processor.py:157} INFO - Started process (PID=1277) to work on /home/airflow/.local/lib/python3.8/site-packages/airflow/example_dags/tutorial_dag.py
[2023-10-10T15:34:25.159+0000] {processor.py:829} INFO - Processing file /home/airflow/.local/lib/python3.8/site-packages/airflow/example_dags/tutorial_dag.py for tasks to queue
[2023-10-10T15:34:25.160+0000] {logging_mixin.py:151} INFO - [2023-10-10T15:34:25.160+0000] {dagbag.py:539} INFO - Filling up the DagBag from /home/airflow/.local/lib/python3.8/site-packages/airflow/example_dags/tutorial_dag.py
[2023-10-10T15:34:25.164+0000] {processor.py:839} INFO - DAG(s) dict_keys(['tutorial_dag']) retrieved from /home/airflow/.local/lib/python3.8/site-packages/airflow/example_dags/tutorial_dag.py
[2023-10-10T15:34:25.185+0000] {logging_mixin.py:151} INFO - [2023-10-10T15:34:25.185+0000] {dag.py:2915} INFO - Sync 1 DAGs
[2023-10-10T15:34:25.200+0000] {logging_mixin.py:151} INFO - [2023-10-10T15:34:25.199+0000] {dag.py:3696} INFO - Setting next_dagrun for tutorial_dag to None, run_after=None
[2023-10-10T15:34:25.218+0000] {processor.py:179} INFO - Processing /home/airflow/.local/lib/python3.8/site-packages/airflow/example_dags/tutorial_dag.py took 0.063 seconds
[2023-10-10T15:34:56.101+0000] {processor.py:157} INFO - Started process (PID=1330) to work on /home/airflow/.local/lib/python3.8/site-packages/airflow/example_dags/tutorial_dag.py
[2023-10-10T15:34:56.102+0000] {processor.py:829} INFO - Processing file /home/airflow/.local/lib/python3.8/site-packages/airflow/example_dags/tutorial_dag.py for tasks to queue
[2023-10-10T15:34:56.104+0000] {logging_mixin.py:151} INFO - [2023-10-10T15:34:56.104+0000] {dagbag.py:539} INFO - Filling up the DagBag from /home/airflow/.local/lib/python3.8/site-packages/airflow/example_dags/tutorial_dag.py
[2023-10-10T15:34:56.109+0000] {processor.py:839} INFO - DAG(s) dict_keys(['tutorial_dag']) retrieved from /home/airflow/.local/lib/python3.8/site-packages/airflow/example_dags/tutorial_dag.py
[2023-10-10T15:34:56.133+0000] {logging_mixin.py:151} INFO - [2023-10-10T15:34:56.133+0000] {dag.py:2915} INFO - Sync 1 DAGs
[2023-10-10T15:34:56.145+0000] {logging_mixin.py:151} INFO - [2023-10-10T15:34:56.145+0000] {dag.py:3696} INFO - Setting next_dagrun for tutorial_dag to None, run_after=None
[2023-10-10T15:34:56.161+0000] {processor.py:179} INFO - Processing /home/airflow/.local/lib/python3.8/site-packages/airflow/example_dags/tutorial_dag.py took 0.064 seconds
[2023-10-10T15:35:27.362+0000] {processor.py:157} INFO - Started process (PID=1384) to work on /home/airflow/.local/lib/python3.8/site-packages/airflow/example_dags/tutorial_dag.py
[2023-10-10T15:35:27.363+0000] {processor.py:829} INFO - Processing file /home/airflow/.local/lib/python3.8/site-packages/airflow/example_dags/tutorial_dag.py for tasks to queue
[2023-10-10T15:35:27.367+0000] {logging_mixin.py:151} INFO - [2023-10-10T15:35:27.367+0000] {dagbag.py:539} INFO - Filling up the DagBag from /home/airflow/.local/lib/python3.8/site-packages/airflow/example_dags/tutorial_dag.py
[2023-10-10T15:35:27.372+0000] {processor.py:839} INFO - DAG(s) dict_keys(['tutorial_dag']) retrieved from /home/airflow/.local/lib/python3.8/site-packages/airflow/example_dags/tutorial_dag.py
[2023-10-10T15:35:27.397+0000] {logging_mixin.py:151} INFO - [2023-10-10T15:35:27.396+0000] {dag.py:2915} INFO - Sync 1 DAGs
[2023-10-10T15:35:27.411+0000] {logging_mixin.py:151} INFO - [2023-10-10T15:35:27.410+0000] {dag.py:3696} INFO - Setting next_dagrun for tutorial_dag to None, run_after=None
[2023-10-10T15:35:27.432+0000] {processor.py:179} INFO - Processing /home/airflow/.local/lib/python3.8/site-packages/airflow/example_dags/tutorial_dag.py took 0.073 seconds
[2023-10-10T15:35:58.534+0000] {processor.py:157} INFO - Started process (PID=1438) to work on /home/airflow/.local/lib/python3.8/site-packages/airflow/example_dags/tutorial_dag.py
[2023-10-10T15:35:58.535+0000] {processor.py:829} INFO - Processing file /home/airflow/.local/lib/python3.8/site-packages/airflow/example_dags/tutorial_dag.py for tasks to queue
[2023-10-10T15:35:58.537+0000] {logging_mixin.py:151} INFO - [2023-10-10T15:35:58.536+0000] {dagbag.py:539} INFO - Filling up the DagBag from /home/airflow/.local/lib/python3.8/site-packages/airflow/example_dags/tutorial_dag.py
[2023-10-10T15:35:58.541+0000] {processor.py:839} INFO - DAG(s) dict_keys(['tutorial_dag']) retrieved from /home/airflow/.local/lib/python3.8/site-packages/airflow/example_dags/tutorial_dag.py
[2023-10-10T15:35:58.559+0000] {logging_mixin.py:151} INFO - [2023-10-10T15:35:58.558+0000] {dag.py:2915} INFO - Sync 1 DAGs
[2023-10-10T15:35:58.569+0000] {logging_mixin.py:151} INFO - [2023-10-10T15:35:58.569+0000] {dag.py:3696} INFO - Setting next_dagrun for tutorial_dag to None, run_after=None
[2023-10-10T15:35:58.589+0000] {processor.py:179} INFO - Processing /home/airflow/.local/lib/python3.8/site-packages/airflow/example_dags/tutorial_dag.py took 0.058 seconds
[2023-10-10T15:36:29.224+0000] {processor.py:157} INFO - Started process (PID=1492) to work on /home/airflow/.local/lib/python3.8/site-packages/airflow/example_dags/tutorial_dag.py
[2023-10-10T15:36:29.225+0000] {processor.py:829} INFO - Processing file /home/airflow/.local/lib/python3.8/site-packages/airflow/example_dags/tutorial_dag.py for tasks to queue
[2023-10-10T15:36:29.228+0000] {logging_mixin.py:151} INFO - [2023-10-10T15:36:29.227+0000] {dagbag.py:539} INFO - Filling up the DagBag from /home/airflow/.local/lib/python3.8/site-packages/airflow/example_dags/tutorial_dag.py
[2023-10-10T15:36:29.233+0000] {processor.py:839} INFO - DAG(s) dict_keys(['tutorial_dag']) retrieved from /home/airflow/.local/lib/python3.8/site-packages/airflow/example_dags/tutorial_dag.py
[2023-10-10T15:36:29.258+0000] {logging_mixin.py:151} INFO - [2023-10-10T15:36:29.258+0000] {dag.py:2915} INFO - Sync 1 DAGs
[2023-10-10T15:36:29.302+0000] {logging_mixin.py:151} INFO - [2023-10-10T15:36:29.301+0000] {dag.py:3696} INFO - Setting next_dagrun for tutorial_dag to None, run_after=None
[2023-10-10T15:36:29.323+0000] {processor.py:179} INFO - Processing /home/airflow/.local/lib/python3.8/site-packages/airflow/example_dags/tutorial_dag.py took 0.102 seconds
[2023-10-10T15:37:00.311+0000] {processor.py:157} INFO - Started process (PID=1546) to work on /home/airflow/.local/lib/python3.8/site-packages/airflow/example_dags/tutorial_dag.py
[2023-10-10T15:37:00.313+0000] {processor.py:829} INFO - Processing file /home/airflow/.local/lib/python3.8/site-packages/airflow/example_dags/tutorial_dag.py for tasks to queue
[2023-10-10T15:37:00.315+0000] {logging_mixin.py:151} INFO - [2023-10-10T15:37:00.315+0000] {dagbag.py:539} INFO - Filling up the DagBag from /home/airflow/.local/lib/python3.8/site-packages/airflow/example_dags/tutorial_dag.py
[2023-10-10T15:37:00.322+0000] {processor.py:839} INFO - DAG(s) dict_keys(['tutorial_dag']) retrieved from /home/airflow/.local/lib/python3.8/site-packages/airflow/example_dags/tutorial_dag.py
[2023-10-10T15:37:00.341+0000] {logging_mixin.py:151} INFO - [2023-10-10T15:37:00.340+0000] {dag.py:2915} INFO - Sync 1 DAGs
[2023-10-10T15:37:00.353+0000] {logging_mixin.py:151} INFO - [2023-10-10T15:37:00.353+0000] {dag.py:3696} INFO - Setting next_dagrun for tutorial_dag to None, run_after=None
[2023-10-10T15:37:00.370+0000] {processor.py:179} INFO - Processing /home/airflow/.local/lib/python3.8/site-packages/airflow/example_dags/tutorial_dag.py took 0.061 seconds
[2023-10-10T15:37:31.491+0000] {processor.py:157} INFO - Started process (PID=1600) to work on /home/airflow/.local/lib/python3.8/site-packages/airflow/example_dags/tutorial_dag.py
[2023-10-10T15:37:31.492+0000] {processor.py:829} INFO - Processing file /home/airflow/.local/lib/python3.8/site-packages/airflow/example_dags/tutorial_dag.py for tasks to queue
[2023-10-10T15:37:31.493+0000] {logging_mixin.py:151} INFO - [2023-10-10T15:37:31.493+0000] {dagbag.py:539} INFO - Filling up the DagBag from /home/airflow/.local/lib/python3.8/site-packages/airflow/example_dags/tutorial_dag.py
[2023-10-10T15:37:31.498+0000] {processor.py:839} INFO - DAG(s) dict_keys(['tutorial_dag']) retrieved from /home/airflow/.local/lib/python3.8/site-packages/airflow/example_dags/tutorial_dag.py
[2023-10-10T15:37:31.519+0000] {logging_mixin.py:151} INFO - [2023-10-10T15:37:31.519+0000] {dag.py:2915} INFO - Sync 1 DAGs
[2023-10-10T15:37:31.533+0000] {logging_mixin.py:151} INFO - [2023-10-10T15:37:31.532+0000] {dag.py:3696} INFO - Setting next_dagrun for tutorial_dag to None, run_after=None
[2023-10-10T15:37:31.553+0000] {processor.py:179} INFO - Processing /home/airflow/.local/lib/python3.8/site-packages/airflow/example_dags/tutorial_dag.py took 0.065 seconds
[2023-10-10T15:38:03.159+0000] {processor.py:157} INFO - Started process (PID=1654) to work on /home/airflow/.local/lib/python3.8/site-packages/airflow/example_dags/tutorial_dag.py
[2023-10-10T15:38:03.160+0000] {processor.py:829} INFO - Processing file /home/airflow/.local/lib/python3.8/site-packages/airflow/example_dags/tutorial_dag.py for tasks to queue
[2023-10-10T15:38:03.162+0000] {logging_mixin.py:151} INFO - [2023-10-10T15:38:03.162+0000] {dagbag.py:539} INFO - Filling up the DagBag from /home/airflow/.local/lib/python3.8/site-packages/airflow/example_dags/tutorial_dag.py
[2023-10-10T15:38:03.168+0000] {processor.py:839} INFO - DAG(s) dict_keys(['tutorial_dag']) retrieved from /home/airflow/.local/lib/python3.8/site-packages/airflow/example_dags/tutorial_dag.py
[2023-10-10T15:38:03.190+0000] {logging_mixin.py:151} INFO - [2023-10-10T15:38:03.189+0000] {dag.py:2915} INFO - Sync 1 DAGs
[2023-10-10T15:38:03.204+0000] {logging_mixin.py:151} INFO - [2023-10-10T15:38:03.204+0000] {dag.py:3696} INFO - Setting next_dagrun for tutorial_dag to None, run_after=None
[2023-10-10T15:38:03.224+0000] {processor.py:179} INFO - Processing /home/airflow/.local/lib/python3.8/site-packages/airflow/example_dags/tutorial_dag.py took 0.069 seconds
[2023-10-10T15:38:33.560+0000] {processor.py:157} INFO - Started process (PID=1708) to work on /home/airflow/.local/lib/python3.8/site-packages/airflow/example_dags/tutorial_dag.py
[2023-10-10T15:38:33.561+0000] {processor.py:829} INFO - Processing file /home/airflow/.local/lib/python3.8/site-packages/airflow/example_dags/tutorial_dag.py for tasks to queue
[2023-10-10T15:38:33.563+0000] {logging_mixin.py:151} INFO - [2023-10-10T15:38:33.562+0000] {dagbag.py:539} INFO - Filling up the DagBag from /home/airflow/.local/lib/python3.8/site-packages/airflow/example_dags/tutorial_dag.py
[2023-10-10T15:38:33.567+0000] {processor.py:839} INFO - DAG(s) dict_keys(['tutorial_dag']) retrieved from /home/airflow/.local/lib/python3.8/site-packages/airflow/example_dags/tutorial_dag.py
[2023-10-10T15:38:33.596+0000] {logging_mixin.py:151} INFO - [2023-10-10T15:38:33.596+0000] {dag.py:2915} INFO - Sync 1 DAGs
[2023-10-10T15:38:33.608+0000] {logging_mixin.py:151} INFO - [2023-10-10T15:38:33.608+0000] {dag.py:3696} INFO - Setting next_dagrun for tutorial_dag to None, run_after=None
[2023-10-10T15:38:33.625+0000] {processor.py:179} INFO - Processing /home/airflow/.local/lib/python3.8/site-packages/airflow/example_dags/tutorial_dag.py took 0.067 seconds
[2023-10-10T15:39:04.851+0000] {processor.py:157} INFO - Started process (PID=1762) to work on /home/airflow/.local/lib/python3.8/site-packages/airflow/example_dags/tutorial_dag.py
[2023-10-10T15:39:04.852+0000] {processor.py:829} INFO - Processing file /home/airflow/.local/lib/python3.8/site-packages/airflow/example_dags/tutorial_dag.py for tasks to queue
[2023-10-10T15:39:04.854+0000] {logging_mixin.py:151} INFO - [2023-10-10T15:39:04.854+0000] {dagbag.py:539} INFO - Filling up the DagBag from /home/airflow/.local/lib/python3.8/site-packages/airflow/example_dags/tutorial_dag.py
[2023-10-10T15:39:04.858+0000] {processor.py:839} INFO - DAG(s) dict_keys(['tutorial_dag']) retrieved from /home/airflow/.local/lib/python3.8/site-packages/airflow/example_dags/tutorial_dag.py
[2023-10-10T15:39:04.884+0000] {logging_mixin.py:151} INFO - [2023-10-10T15:39:04.884+0000] {dag.py:2915} INFO - Sync 1 DAGs
[2023-10-10T15:39:04.903+0000] {logging_mixin.py:151} INFO - [2023-10-10T15:39:04.902+0000] {dag.py:3696} INFO - Setting next_dagrun for tutorial_dag to None, run_after=None
[2023-10-10T15:39:04.927+0000] {processor.py:179} INFO - Processing /home/airflow/.local/lib/python3.8/site-packages/airflow/example_dags/tutorial_dag.py took 0.079 seconds
[2023-10-10T15:39:35.181+0000] {processor.py:157} INFO - Started process (PID=1816) to work on /home/airflow/.local/lib/python3.8/site-packages/airflow/example_dags/tutorial_dag.py
[2023-10-10T15:39:35.182+0000] {processor.py:829} INFO - Processing file /home/airflow/.local/lib/python3.8/site-packages/airflow/example_dags/tutorial_dag.py for tasks to queue
[2023-10-10T15:39:35.184+0000] {logging_mixin.py:151} INFO - [2023-10-10T15:39:35.183+0000] {dagbag.py:539} INFO - Filling up the DagBag from /home/airflow/.local/lib/python3.8/site-packages/airflow/example_dags/tutorial_dag.py
[2023-10-10T15:39:35.188+0000] {processor.py:839} INFO - DAG(s) dict_keys(['tutorial_dag']) retrieved from /home/airflow/.local/lib/python3.8/site-packages/airflow/example_dags/tutorial_dag.py
[2023-10-10T15:39:35.210+0000] {logging_mixin.py:151} INFO - [2023-10-10T15:39:35.210+0000] {dag.py:2915} INFO - Sync 1 DAGs
[2023-10-10T15:39:35.224+0000] {logging_mixin.py:151} INFO - [2023-10-10T15:39:35.223+0000] {dag.py:3696} INFO - Setting next_dagrun for tutorial_dag to None, run_after=None
[2023-10-10T15:39:35.241+0000] {processor.py:179} INFO - Processing /home/airflow/.local/lib/python3.8/site-packages/airflow/example_dags/tutorial_dag.py took 0.063 seconds
[2023-10-10T15:40:06.500+0000] {processor.py:157} INFO - Started process (PID=1870) to work on /home/airflow/.local/lib/python3.8/site-packages/airflow/example_dags/tutorial_dag.py
[2023-10-10T15:40:06.501+0000] {processor.py:829} INFO - Processing file /home/airflow/.local/lib/python3.8/site-packages/airflow/example_dags/tutorial_dag.py for tasks to queue
[2023-10-10T15:40:06.504+0000] {logging_mixin.py:151} INFO - [2023-10-10T15:40:06.503+0000] {dagbag.py:539} INFO - Filling up the DagBag from /home/airflow/.local/lib/python3.8/site-packages/airflow/example_dags/tutorial_dag.py
[2023-10-10T15:40:06.509+0000] {processor.py:839} INFO - DAG(s) dict_keys(['tutorial_dag']) retrieved from /home/airflow/.local/lib/python3.8/site-packages/airflow/example_dags/tutorial_dag.py
[2023-10-10T15:40:06.536+0000] {logging_mixin.py:151} INFO - [2023-10-10T15:40:06.536+0000] {dag.py:2915} INFO - Sync 1 DAGs
[2023-10-10T15:40:06.590+0000] {logging_mixin.py:151} INFO - [2023-10-10T15:40:06.590+0000] {dag.py:3696} INFO - Setting next_dagrun for tutorial_dag to None, run_after=None
[2023-10-10T15:40:06.614+0000] {processor.py:179} INFO - Processing /home/airflow/.local/lib/python3.8/site-packages/airflow/example_dags/tutorial_dag.py took 0.118 seconds
[2023-10-10T15:40:37.505+0000] {processor.py:157} INFO - Started process (PID=1924) to work on /home/airflow/.local/lib/python3.8/site-packages/airflow/example_dags/tutorial_dag.py
[2023-10-10T15:40:37.506+0000] {processor.py:829} INFO - Processing file /home/airflow/.local/lib/python3.8/site-packages/airflow/example_dags/tutorial_dag.py for tasks to queue
[2023-10-10T15:40:37.507+0000] {logging_mixin.py:151} INFO - [2023-10-10T15:40:37.507+0000] {dagbag.py:539} INFO - Filling up the DagBag from /home/airflow/.local/lib/python3.8/site-packages/airflow/example_dags/tutorial_dag.py
[2023-10-10T15:40:37.512+0000] {processor.py:839} INFO - DAG(s) dict_keys(['tutorial_dag']) retrieved from /home/airflow/.local/lib/python3.8/site-packages/airflow/example_dags/tutorial_dag.py
[2023-10-10T15:40:37.535+0000] {logging_mixin.py:151} INFO - [2023-10-10T15:40:37.535+0000] {dag.py:2915} INFO - Sync 1 DAGs
[2023-10-10T15:40:37.547+0000] {logging_mixin.py:151} INFO - [2023-10-10T15:40:37.546+0000] {dag.py:3696} INFO - Setting next_dagrun for tutorial_dag to None, run_after=None
[2023-10-10T15:40:37.560+0000] {processor.py:179} INFO - Processing /home/airflow/.local/lib/python3.8/site-packages/airflow/example_dags/tutorial_dag.py took 0.059 seconds
[2023-10-10T15:41:09.316+0000] {processor.py:157} INFO - Started process (PID=1978) to work on /home/airflow/.local/lib/python3.8/site-packages/airflow/example_dags/tutorial_dag.py
[2023-10-10T15:41:09.317+0000] {processor.py:829} INFO - Processing file /home/airflow/.local/lib/python3.8/site-packages/airflow/example_dags/tutorial_dag.py for tasks to queue
[2023-10-10T15:41:09.319+0000] {logging_mixin.py:151} INFO - [2023-10-10T15:41:09.318+0000] {dagbag.py:539} INFO - Filling up the DagBag from /home/airflow/.local/lib/python3.8/site-packages/airflow/example_dags/tutorial_dag.py
[2023-10-10T15:41:09.322+0000] {processor.py:839} INFO - DAG(s) dict_keys(['tutorial_dag']) retrieved from /home/airflow/.local/lib/python3.8/site-packages/airflow/example_dags/tutorial_dag.py
[2023-10-10T15:41:09.339+0000] {logging_mixin.py:151} INFO - [2023-10-10T15:41:09.339+0000] {dag.py:2915} INFO - Sync 1 DAGs
[2023-10-10T15:41:09.351+0000] {logging_mixin.py:151} INFO - [2023-10-10T15:41:09.350+0000] {dag.py:3696} INFO - Setting next_dagrun for tutorial_dag to None, run_after=None
[2023-10-10T15:41:09.367+0000] {processor.py:179} INFO - Processing /home/airflow/.local/lib/python3.8/site-packages/airflow/example_dags/tutorial_dag.py took 0.053 seconds
[2023-10-10T15:41:41.079+0000] {processor.py:157} INFO - Started process (PID=2031) to work on /home/airflow/.local/lib/python3.8/site-packages/airflow/example_dags/tutorial_dag.py
[2023-10-10T15:41:41.080+0000] {processor.py:829} INFO - Processing file /home/airflow/.local/lib/python3.8/site-packages/airflow/example_dags/tutorial_dag.py for tasks to queue
[2023-10-10T15:41:41.082+0000] {logging_mixin.py:151} INFO - [2023-10-10T15:41:41.082+0000] {dagbag.py:539} INFO - Filling up the DagBag from /home/airflow/.local/lib/python3.8/site-packages/airflow/example_dags/tutorial_dag.py
[2023-10-10T15:41:41.088+0000] {processor.py:839} INFO - DAG(s) dict_keys(['tutorial_dag']) retrieved from /home/airflow/.local/lib/python3.8/site-packages/airflow/example_dags/tutorial_dag.py
[2023-10-10T15:41:41.111+0000] {logging_mixin.py:151} INFO - [2023-10-10T15:41:41.110+0000] {dag.py:2915} INFO - Sync 1 DAGs
[2023-10-10T15:41:41.121+0000] {logging_mixin.py:151} INFO - [2023-10-10T15:41:41.121+0000] {dag.py:3696} INFO - Setting next_dagrun for tutorial_dag to None, run_after=None
[2023-10-10T15:41:41.135+0000] {processor.py:179} INFO - Processing /home/airflow/.local/lib/python3.8/site-packages/airflow/example_dags/tutorial_dag.py took 0.097 seconds
[2023-10-10T15:42:11.680+0000] {processor.py:157} INFO - Started process (PID=2085) to work on /home/airflow/.local/lib/python3.8/site-packages/airflow/example_dags/tutorial_dag.py
[2023-10-10T15:42:11.681+0000] {processor.py:829} INFO - Processing file /home/airflow/.local/lib/python3.8/site-packages/airflow/example_dags/tutorial_dag.py for tasks to queue
[2023-10-10T15:42:11.683+0000] {logging_mixin.py:151} INFO - [2023-10-10T15:42:11.683+0000] {dagbag.py:539} INFO - Filling up the DagBag from /home/airflow/.local/lib/python3.8/site-packages/airflow/example_dags/tutorial_dag.py
[2023-10-10T15:42:11.689+0000] {processor.py:839} INFO - DAG(s) dict_keys(['tutorial_dag']) retrieved from /home/airflow/.local/lib/python3.8/site-packages/airflow/example_dags/tutorial_dag.py
[2023-10-10T15:42:11.711+0000] {logging_mixin.py:151} INFO - [2023-10-10T15:42:11.711+0000] {dag.py:2915} INFO - Sync 1 DAGs
[2023-10-10T15:42:11.724+0000] {logging_mixin.py:151} INFO - [2023-10-10T15:42:11.723+0000] {dag.py:3696} INFO - Setting next_dagrun for tutorial_dag to None, run_after=None
[2023-10-10T15:42:11.738+0000] {processor.py:179} INFO - Processing /home/airflow/.local/lib/python3.8/site-packages/airflow/example_dags/tutorial_dag.py took 0.062 seconds
[2023-10-10T15:42:42.555+0000] {processor.py:157} INFO - Started process (PID=2139) to work on /home/airflow/.local/lib/python3.8/site-packages/airflow/example_dags/tutorial_dag.py
[2023-10-10T15:42:42.556+0000] {processor.py:829} INFO - Processing file /home/airflow/.local/lib/python3.8/site-packages/airflow/example_dags/tutorial_dag.py for tasks to queue
[2023-10-10T15:42:42.557+0000] {logging_mixin.py:151} INFO - [2023-10-10T15:42:42.557+0000] {dagbag.py:539} INFO - Filling up the DagBag from /home/airflow/.local/lib/python3.8/site-packages/airflow/example_dags/tutorial_dag.py
[2023-10-10T15:42:42.561+0000] {processor.py:839} INFO - DAG(s) dict_keys(['tutorial_dag']) retrieved from /home/airflow/.local/lib/python3.8/site-packages/airflow/example_dags/tutorial_dag.py
[2023-10-10T15:42:42.587+0000] {logging_mixin.py:151} INFO - [2023-10-10T15:42:42.587+0000] {dag.py:2915} INFO - Sync 1 DAGs
[2023-10-10T15:42:42.602+0000] {logging_mixin.py:151} INFO - [2023-10-10T15:42:42.602+0000] {dag.py:3696} INFO - Setting next_dagrun for tutorial_dag to None, run_after=None
[2023-10-10T15:42:42.618+0000] {processor.py:179} INFO - Processing /home/airflow/.local/lib/python3.8/site-packages/airflow/example_dags/tutorial_dag.py took 0.065 seconds
[2023-10-10T15:43:13.088+0000] {processor.py:157} INFO - Started process (PID=2193) to work on /home/airflow/.local/lib/python3.8/site-packages/airflow/example_dags/tutorial_dag.py
[2023-10-10T15:43:13.089+0000] {processor.py:829} INFO - Processing file /home/airflow/.local/lib/python3.8/site-packages/airflow/example_dags/tutorial_dag.py for tasks to queue
[2023-10-10T15:43:13.091+0000] {logging_mixin.py:151} INFO - [2023-10-10T15:43:13.091+0000] {dagbag.py:539} INFO - Filling up the DagBag from /home/airflow/.local/lib/python3.8/site-packages/airflow/example_dags/tutorial_dag.py
[2023-10-10T15:43:13.096+0000] {processor.py:839} INFO - DAG(s) dict_keys(['tutorial_dag']) retrieved from /home/airflow/.local/lib/python3.8/site-packages/airflow/example_dags/tutorial_dag.py
[2023-10-10T15:43:13.116+0000] {logging_mixin.py:151} INFO - [2023-10-10T15:43:13.116+0000] {dag.py:2915} INFO - Sync 1 DAGs
[2023-10-10T15:43:13.127+0000] {logging_mixin.py:151} INFO - [2023-10-10T15:43:13.127+0000] {dag.py:3696} INFO - Setting next_dagrun for tutorial_dag to None, run_after=None
[2023-10-10T15:43:13.144+0000] {processor.py:179} INFO - Processing /home/airflow/.local/lib/python3.8/site-packages/airflow/example_dags/tutorial_dag.py took 0.059 seconds
[2023-10-10T15:43:43.975+0000] {processor.py:157} INFO - Started process (PID=2247) to work on /home/airflow/.local/lib/python3.8/site-packages/airflow/example_dags/tutorial_dag.py
[2023-10-10T15:43:43.976+0000] {processor.py:829} INFO - Processing file /home/airflow/.local/lib/python3.8/site-packages/airflow/example_dags/tutorial_dag.py for tasks to queue
[2023-10-10T15:43:43.979+0000] {logging_mixin.py:151} INFO - [2023-10-10T15:43:43.978+0000] {dagbag.py:539} INFO - Filling up the DagBag from /home/airflow/.local/lib/python3.8/site-packages/airflow/example_dags/tutorial_dag.py
[2023-10-10T15:43:43.984+0000] {processor.py:839} INFO - DAG(s) dict_keys(['tutorial_dag']) retrieved from /home/airflow/.local/lib/python3.8/site-packages/airflow/example_dags/tutorial_dag.py
[2023-10-10T15:43:44.009+0000] {logging_mixin.py:151} INFO - [2023-10-10T15:43:44.009+0000] {dag.py:2915} INFO - Sync 1 DAGs
[2023-10-10T15:43:44.024+0000] {logging_mixin.py:151} INFO - [2023-10-10T15:43:44.024+0000] {dag.py:3696} INFO - Setting next_dagrun for tutorial_dag to None, run_after=None
[2023-10-10T15:43:44.044+0000] {processor.py:179} INFO - Processing /home/airflow/.local/lib/python3.8/site-packages/airflow/example_dags/tutorial_dag.py took 0.072 seconds
[2023-10-10T15:44:15.086+0000] {processor.py:157} INFO - Started process (PID=2301) to work on /home/airflow/.local/lib/python3.8/site-packages/airflow/example_dags/tutorial_dag.py
[2023-10-10T15:44:15.086+0000] {processor.py:829} INFO - Processing file /home/airflow/.local/lib/python3.8/site-packages/airflow/example_dags/tutorial_dag.py for tasks to queue
[2023-10-10T15:44:15.089+0000] {logging_mixin.py:151} INFO - [2023-10-10T15:44:15.088+0000] {dagbag.py:539} INFO - Filling up the DagBag from /home/airflow/.local/lib/python3.8/site-packages/airflow/example_dags/tutorial_dag.py
[2023-10-10T15:44:15.094+0000] {processor.py:839} INFO - DAG(s) dict_keys(['tutorial_dag']) retrieved from /home/airflow/.local/lib/python3.8/site-packages/airflow/example_dags/tutorial_dag.py
[2023-10-10T15:44:15.114+0000] {logging_mixin.py:151} INFO - [2023-10-10T15:44:15.113+0000] {dag.py:2915} INFO - Sync 1 DAGs
[2023-10-10T15:44:15.124+0000] {logging_mixin.py:151} INFO - [2023-10-10T15:44:15.124+0000] {dag.py:3696} INFO - Setting next_dagrun for tutorial_dag to None, run_after=None
[2023-10-10T15:44:15.138+0000] {processor.py:179} INFO - Processing /home/airflow/.local/lib/python3.8/site-packages/airflow/example_dags/tutorial_dag.py took 0.055 seconds
[2023-10-10T15:44:45.667+0000] {processor.py:157} INFO - Started process (PID=2355) to work on /home/airflow/.local/lib/python3.8/site-packages/airflow/example_dags/tutorial_dag.py
[2023-10-10T15:44:45.668+0000] {processor.py:829} INFO - Processing file /home/airflow/.local/lib/python3.8/site-packages/airflow/example_dags/tutorial_dag.py for tasks to queue
[2023-10-10T15:44:45.670+0000] {logging_mixin.py:151} INFO - [2023-10-10T15:44:45.669+0000] {dagbag.py:539} INFO - Filling up the DagBag from /home/airflow/.local/lib/python3.8/site-packages/airflow/example_dags/tutorial_dag.py
[2023-10-10T15:44:45.674+0000] {processor.py:839} INFO - DAG(s) dict_keys(['tutorial_dag']) retrieved from /home/airflow/.local/lib/python3.8/site-packages/airflow/example_dags/tutorial_dag.py
[2023-10-10T15:44:45.695+0000] {logging_mixin.py:151} INFO - [2023-10-10T15:44:45.695+0000] {dag.py:2915} INFO - Sync 1 DAGs
[2023-10-10T15:44:45.710+0000] {logging_mixin.py:151} INFO - [2023-10-10T15:44:45.710+0000] {dag.py:3696} INFO - Setting next_dagrun for tutorial_dag to None, run_after=None
[2023-10-10T15:44:45.732+0000] {processor.py:179} INFO - Processing /home/airflow/.local/lib/python3.8/site-packages/airflow/example_dags/tutorial_dag.py took 0.068 seconds
[2023-10-10T15:45:16.995+0000] {processor.py:157} INFO - Started process (PID=2409) to work on /home/airflow/.local/lib/python3.8/site-packages/airflow/example_dags/tutorial_dag.py
[2023-10-10T15:45:16.996+0000] {processor.py:829} INFO - Processing file /home/airflow/.local/lib/python3.8/site-packages/airflow/example_dags/tutorial_dag.py for tasks to queue
[2023-10-10T15:45:16.998+0000] {logging_mixin.py:151} INFO - [2023-10-10T15:45:16.998+0000] {dagbag.py:539} INFO - Filling up the DagBag from /home/airflow/.local/lib/python3.8/site-packages/airflow/example_dags/tutorial_dag.py
[2023-10-10T15:45:17.004+0000] {processor.py:839} INFO - DAG(s) dict_keys(['tutorial_dag']) retrieved from /home/airflow/.local/lib/python3.8/site-packages/airflow/example_dags/tutorial_dag.py
[2023-10-10T15:45:17.028+0000] {logging_mixin.py:151} INFO - [2023-10-10T15:45:17.028+0000] {dag.py:2915} INFO - Sync 1 DAGs
[2023-10-10T15:45:17.044+0000] {logging_mixin.py:151} INFO - [2023-10-10T15:45:17.044+0000] {dag.py:3696} INFO - Setting next_dagrun for tutorial_dag to None, run_after=None
[2023-10-10T15:45:17.079+0000] {processor.py:179} INFO - Processing /home/airflow/.local/lib/python3.8/site-packages/airflow/example_dags/tutorial_dag.py took 0.088 seconds
[2023-10-10T15:45:47.887+0000] {processor.py:157} INFO - Started process (PID=2463) to work on /home/airflow/.local/lib/python3.8/site-packages/airflow/example_dags/tutorial_dag.py
[2023-10-10T15:45:47.888+0000] {processor.py:829} INFO - Processing file /home/airflow/.local/lib/python3.8/site-packages/airflow/example_dags/tutorial_dag.py for tasks to queue
[2023-10-10T15:45:47.890+0000] {logging_mixin.py:151} INFO - [2023-10-10T15:45:47.890+0000] {dagbag.py:539} INFO - Filling up the DagBag from /home/airflow/.local/lib/python3.8/site-packages/airflow/example_dags/tutorial_dag.py
[2023-10-10T15:45:47.896+0000] {processor.py:839} INFO - DAG(s) dict_keys(['tutorial_dag']) retrieved from /home/airflow/.local/lib/python3.8/site-packages/airflow/example_dags/tutorial_dag.py
[2023-10-10T15:45:47.919+0000] {logging_mixin.py:151} INFO - [2023-10-10T15:45:47.919+0000] {dag.py:2915} INFO - Sync 1 DAGs
[2023-10-10T15:45:47.930+0000] {logging_mixin.py:151} INFO - [2023-10-10T15:45:47.930+0000] {dag.py:3696} INFO - Setting next_dagrun for tutorial_dag to None, run_after=None
[2023-10-10T15:45:47.946+0000] {processor.py:179} INFO - Processing /home/airflow/.local/lib/python3.8/site-packages/airflow/example_dags/tutorial_dag.py took 0.063 seconds
[2023-10-10T15:46:18.945+0000] {processor.py:157} INFO - Started process (PID=2517) to work on /home/airflow/.local/lib/python3.8/site-packages/airflow/example_dags/tutorial_dag.py
[2023-10-10T15:46:18.946+0000] {processor.py:829} INFO - Processing file /home/airflow/.local/lib/python3.8/site-packages/airflow/example_dags/tutorial_dag.py for tasks to queue
[2023-10-10T15:46:18.948+0000] {logging_mixin.py:151} INFO - [2023-10-10T15:46:18.948+0000] {dagbag.py:539} INFO - Filling up the DagBag from /home/airflow/.local/lib/python3.8/site-packages/airflow/example_dags/tutorial_dag.py
[2023-10-10T15:46:18.953+0000] {processor.py:839} INFO - DAG(s) dict_keys(['tutorial_dag']) retrieved from /home/airflow/.local/lib/python3.8/site-packages/airflow/example_dags/tutorial_dag.py
[2023-10-10T15:46:18.992+0000] {logging_mixin.py:151} INFO - [2023-10-10T15:46:18.991+0000] {dag.py:2915} INFO - Sync 1 DAGs
[2023-10-10T15:46:19.003+0000] {logging_mixin.py:151} INFO - [2023-10-10T15:46:19.003+0000] {dag.py:3696} INFO - Setting next_dagrun for tutorial_dag to None, run_after=None
[2023-10-10T15:46:19.018+0000] {processor.py:179} INFO - Processing /home/airflow/.local/lib/python3.8/site-packages/airflow/example_dags/tutorial_dag.py took 0.077 seconds
[2023-10-10T15:46:50.056+0000] {processor.py:157} INFO - Started process (PID=2571) to work on /home/airflow/.local/lib/python3.8/site-packages/airflow/example_dags/tutorial_dag.py
[2023-10-10T15:46:50.056+0000] {processor.py:829} INFO - Processing file /home/airflow/.local/lib/python3.8/site-packages/airflow/example_dags/tutorial_dag.py for tasks to queue
[2023-10-10T15:46:50.058+0000] {logging_mixin.py:151} INFO - [2023-10-10T15:46:50.058+0000] {dagbag.py:539} INFO - Filling up the DagBag from /home/airflow/.local/lib/python3.8/site-packages/airflow/example_dags/tutorial_dag.py
[2023-10-10T15:46:50.062+0000] {processor.py:839} INFO - DAG(s) dict_keys(['tutorial_dag']) retrieved from /home/airflow/.local/lib/python3.8/site-packages/airflow/example_dags/tutorial_dag.py
[2023-10-10T15:46:50.089+0000] {logging_mixin.py:151} INFO - [2023-10-10T15:46:50.089+0000] {dag.py:2915} INFO - Sync 1 DAGs
[2023-10-10T15:46:50.101+0000] {logging_mixin.py:151} INFO - [2023-10-10T15:46:50.101+0000] {dag.py:3696} INFO - Setting next_dagrun for tutorial_dag to None, run_after=None
[2023-10-10T15:46:50.115+0000] {processor.py:179} INFO - Processing /home/airflow/.local/lib/python3.8/site-packages/airflow/example_dags/tutorial_dag.py took 0.062 seconds
[2023-10-10T15:47:20.637+0000] {processor.py:157} INFO - Started process (PID=2625) to work on /home/airflow/.local/lib/python3.8/site-packages/airflow/example_dags/tutorial_dag.py
[2023-10-10T15:47:20.638+0000] {processor.py:829} INFO - Processing file /home/airflow/.local/lib/python3.8/site-packages/airflow/example_dags/tutorial_dag.py for tasks to queue
[2023-10-10T15:47:20.640+0000] {logging_mixin.py:151} INFO - [2023-10-10T15:47:20.640+0000] {dagbag.py:539} INFO - Filling up the DagBag from /home/airflow/.local/lib/python3.8/site-packages/airflow/example_dags/tutorial_dag.py
[2023-10-10T15:47:20.645+0000] {processor.py:839} INFO - DAG(s) dict_keys(['tutorial_dag']) retrieved from /home/airflow/.local/lib/python3.8/site-packages/airflow/example_dags/tutorial_dag.py
[2023-10-10T15:47:20.663+0000] {logging_mixin.py:151} INFO - [2023-10-10T15:47:20.663+0000] {dag.py:2915} INFO - Sync 1 DAGs
[2023-10-10T15:47:20.674+0000] {logging_mixin.py:151} INFO - [2023-10-10T15:47:20.674+0000] {dag.py:3696} INFO - Setting next_dagrun for tutorial_dag to None, run_after=None
[2023-10-10T15:47:20.690+0000] {processor.py:179} INFO - Processing /home/airflow/.local/lib/python3.8/site-packages/airflow/example_dags/tutorial_dag.py took 0.056 seconds
[2023-10-10T15:47:51.117+0000] {processor.py:157} INFO - Started process (PID=2679) to work on /home/airflow/.local/lib/python3.8/site-packages/airflow/example_dags/tutorial_dag.py
[2023-10-10T15:47:51.117+0000] {processor.py:829} INFO - Processing file /home/airflow/.local/lib/python3.8/site-packages/airflow/example_dags/tutorial_dag.py for tasks to queue
[2023-10-10T15:47:51.119+0000] {logging_mixin.py:151} INFO - [2023-10-10T15:47:51.119+0000] {dagbag.py:539} INFO - Filling up the DagBag from /home/airflow/.local/lib/python3.8/site-packages/airflow/example_dags/tutorial_dag.py
[2023-10-10T15:47:51.124+0000] {processor.py:839} INFO - DAG(s) dict_keys(['tutorial_dag']) retrieved from /home/airflow/.local/lib/python3.8/site-packages/airflow/example_dags/tutorial_dag.py
[2023-10-10T15:47:51.141+0000] {logging_mixin.py:151} INFO - [2023-10-10T15:47:51.141+0000] {dag.py:2915} INFO - Sync 1 DAGs
[2023-10-10T15:47:51.152+0000] {logging_mixin.py:151} INFO - [2023-10-10T15:47:51.152+0000] {dag.py:3696} INFO - Setting next_dagrun for tutorial_dag to None, run_after=None
[2023-10-10T15:47:51.182+0000] {processor.py:179} INFO - Processing /home/airflow/.local/lib/python3.8/site-packages/airflow/example_dags/tutorial_dag.py took 0.068 seconds
[2023-10-10T15:48:21.588+0000] {processor.py:157} INFO - Started process (PID=2733) to work on /home/airflow/.local/lib/python3.8/site-packages/airflow/example_dags/tutorial_dag.py
[2023-10-10T15:48:21.589+0000] {processor.py:829} INFO - Processing file /home/airflow/.local/lib/python3.8/site-packages/airflow/example_dags/tutorial_dag.py for tasks to queue
[2023-10-10T15:48:21.591+0000] {logging_mixin.py:151} INFO - [2023-10-10T15:48:21.591+0000] {dagbag.py:539} INFO - Filling up the DagBag from /home/airflow/.local/lib/python3.8/site-packages/airflow/example_dags/tutorial_dag.py
[2023-10-10T15:48:21.596+0000] {processor.py:839} INFO - DAG(s) dict_keys(['tutorial_dag']) retrieved from /home/airflow/.local/lib/python3.8/site-packages/airflow/example_dags/tutorial_dag.py
[2023-10-10T15:48:21.618+0000] {logging_mixin.py:151} INFO - [2023-10-10T15:48:21.618+0000] {dag.py:2915} INFO - Sync 1 DAGs
[2023-10-10T15:48:21.628+0000] {logging_mixin.py:151} INFO - [2023-10-10T15:48:21.628+0000] {dag.py:3696} INFO - Setting next_dagrun for tutorial_dag to None, run_after=None
[2023-10-10T15:48:21.643+0000] {processor.py:179} INFO - Processing /home/airflow/.local/lib/python3.8/site-packages/airflow/example_dags/tutorial_dag.py took 0.059 seconds
[2023-10-10T15:48:52.152+0000] {processor.py:157} INFO - Started process (PID=2787) to work on /home/airflow/.local/lib/python3.8/site-packages/airflow/example_dags/tutorial_dag.py
[2023-10-10T15:48:52.153+0000] {processor.py:829} INFO - Processing file /home/airflow/.local/lib/python3.8/site-packages/airflow/example_dags/tutorial_dag.py for tasks to queue
[2023-10-10T15:48:52.154+0000] {logging_mixin.py:151} INFO - [2023-10-10T15:48:52.154+0000] {dagbag.py:539} INFO - Filling up the DagBag from /home/airflow/.local/lib/python3.8/site-packages/airflow/example_dags/tutorial_dag.py
[2023-10-10T15:48:52.158+0000] {processor.py:839} INFO - DAG(s) dict_keys(['tutorial_dag']) retrieved from /home/airflow/.local/lib/python3.8/site-packages/airflow/example_dags/tutorial_dag.py
[2023-10-10T15:48:52.179+0000] {logging_mixin.py:151} INFO - [2023-10-10T15:48:52.178+0000] {dag.py:2915} INFO - Sync 1 DAGs
[2023-10-10T15:48:52.189+0000] {logging_mixin.py:151} INFO - [2023-10-10T15:48:52.188+0000] {dag.py:3696} INFO - Setting next_dagrun for tutorial_dag to None, run_after=None
[2023-10-10T15:48:52.203+0000] {processor.py:179} INFO - Processing /home/airflow/.local/lib/python3.8/site-packages/airflow/example_dags/tutorial_dag.py took 0.054 seconds
[2023-10-10T15:49:23.039+0000] {processor.py:157} INFO - Started process (PID=2841) to work on /home/airflow/.local/lib/python3.8/site-packages/airflow/example_dags/tutorial_dag.py
[2023-10-10T15:49:23.040+0000] {processor.py:829} INFO - Processing file /home/airflow/.local/lib/python3.8/site-packages/airflow/example_dags/tutorial_dag.py for tasks to queue
[2023-10-10T15:49:23.043+0000] {logging_mixin.py:151} INFO - [2023-10-10T15:49:23.042+0000] {dagbag.py:539} INFO - Filling up the DagBag from /home/airflow/.local/lib/python3.8/site-packages/airflow/example_dags/tutorial_dag.py
[2023-10-10T15:49:23.049+0000] {processor.py:839} INFO - DAG(s) dict_keys(['tutorial_dag']) retrieved from /home/airflow/.local/lib/python3.8/site-packages/airflow/example_dags/tutorial_dag.py
[2023-10-10T15:49:23.076+0000] {logging_mixin.py:151} INFO - [2023-10-10T15:49:23.075+0000] {dag.py:2915} INFO - Sync 1 DAGs
[2023-10-10T15:49:23.090+0000] {logging_mixin.py:151} INFO - [2023-10-10T15:49:23.089+0000] {dag.py:3696} INFO - Setting next_dagrun for tutorial_dag to None, run_after=None
[2023-10-10T15:49:23.113+0000] {processor.py:179} INFO - Processing /home/airflow/.local/lib/python3.8/site-packages/airflow/example_dags/tutorial_dag.py took 0.078 seconds
[2023-10-10T15:49:53.784+0000] {processor.py:157} INFO - Started process (PID=2895) to work on /home/airflow/.local/lib/python3.8/site-packages/airflow/example_dags/tutorial_dag.py
[2023-10-10T15:49:53.785+0000] {processor.py:829} INFO - Processing file /home/airflow/.local/lib/python3.8/site-packages/airflow/example_dags/tutorial_dag.py for tasks to queue
[2023-10-10T15:49:53.787+0000] {logging_mixin.py:151} INFO - [2023-10-10T15:49:53.787+0000] {dagbag.py:539} INFO - Filling up the DagBag from /home/airflow/.local/lib/python3.8/site-packages/airflow/example_dags/tutorial_dag.py
[2023-10-10T15:49:53.791+0000] {processor.py:839} INFO - DAG(s) dict_keys(['tutorial_dag']) retrieved from /home/airflow/.local/lib/python3.8/site-packages/airflow/example_dags/tutorial_dag.py
[2023-10-10T15:49:53.814+0000] {logging_mixin.py:151} INFO - [2023-10-10T15:49:53.813+0000] {dag.py:2915} INFO - Sync 1 DAGs
[2023-10-10T15:49:53.829+0000] {logging_mixin.py:151} INFO - [2023-10-10T15:49:53.829+0000] {dag.py:3696} INFO - Setting next_dagrun for tutorial_dag to None, run_after=None
[2023-10-10T15:49:53.849+0000] {processor.py:179} INFO - Processing /home/airflow/.local/lib/python3.8/site-packages/airflow/example_dags/tutorial_dag.py took 0.067 seconds
[2023-10-10T15:50:24.682+0000] {processor.py:157} INFO - Started process (PID=2949) to work on /home/airflow/.local/lib/python3.8/site-packages/airflow/example_dags/tutorial_dag.py
[2023-10-10T15:50:24.683+0000] {processor.py:829} INFO - Processing file /home/airflow/.local/lib/python3.8/site-packages/airflow/example_dags/tutorial_dag.py for tasks to queue
[2023-10-10T15:50:24.685+0000] {logging_mixin.py:151} INFO - [2023-10-10T15:50:24.685+0000] {dagbag.py:539} INFO - Filling up the DagBag from /home/airflow/.local/lib/python3.8/site-packages/airflow/example_dags/tutorial_dag.py
[2023-10-10T15:50:24.690+0000] {processor.py:839} INFO - DAG(s) dict_keys(['tutorial_dag']) retrieved from /home/airflow/.local/lib/python3.8/site-packages/airflow/example_dags/tutorial_dag.py
[2023-10-10T15:50:24.707+0000] {logging_mixin.py:151} INFO - [2023-10-10T15:50:24.707+0000] {dag.py:2915} INFO - Sync 1 DAGs
[2023-10-10T15:50:24.718+0000] {logging_mixin.py:151} INFO - [2023-10-10T15:50:24.718+0000] {dag.py:3696} INFO - Setting next_dagrun for tutorial_dag to None, run_after=None
[2023-10-10T15:50:24.732+0000] {processor.py:179} INFO - Processing /home/airflow/.local/lib/python3.8/site-packages/airflow/example_dags/tutorial_dag.py took 0.054 seconds
[2023-10-10T15:50:55.305+0000] {processor.py:157} INFO - Started process (PID=3003) to work on /home/airflow/.local/lib/python3.8/site-packages/airflow/example_dags/tutorial_dag.py
[2023-10-10T15:50:55.306+0000] {processor.py:829} INFO - Processing file /home/airflow/.local/lib/python3.8/site-packages/airflow/example_dags/tutorial_dag.py for tasks to queue
[2023-10-10T15:50:55.308+0000] {logging_mixin.py:151} INFO - [2023-10-10T15:50:55.307+0000] {dagbag.py:539} INFO - Filling up the DagBag from /home/airflow/.local/lib/python3.8/site-packages/airflow/example_dags/tutorial_dag.py
[2023-10-10T15:50:55.312+0000] {processor.py:839} INFO - DAG(s) dict_keys(['tutorial_dag']) retrieved from /home/airflow/.local/lib/python3.8/site-packages/airflow/example_dags/tutorial_dag.py
[2023-10-10T15:50:55.333+0000] {logging_mixin.py:151} INFO - [2023-10-10T15:50:55.332+0000] {dag.py:2915} INFO - Sync 1 DAGs
[2023-10-10T15:50:55.343+0000] {logging_mixin.py:151} INFO - [2023-10-10T15:50:55.343+0000] {dag.py:3696} INFO - Setting next_dagrun for tutorial_dag to None, run_after=None
[2023-10-10T15:50:55.358+0000] {processor.py:179} INFO - Processing /home/airflow/.local/lib/python3.8/site-packages/airflow/example_dags/tutorial_dag.py took 0.057 seconds
[2023-10-10T15:51:26.212+0000] {processor.py:157} INFO - Started process (PID=3057) to work on /home/airflow/.local/lib/python3.8/site-packages/airflow/example_dags/tutorial_dag.py
[2023-10-10T15:51:26.213+0000] {processor.py:829} INFO - Processing file /home/airflow/.local/lib/python3.8/site-packages/airflow/example_dags/tutorial_dag.py for tasks to queue
[2023-10-10T15:51:26.214+0000] {logging_mixin.py:151} INFO - [2023-10-10T15:51:26.214+0000] {dagbag.py:539} INFO - Filling up the DagBag from /home/airflow/.local/lib/python3.8/site-packages/airflow/example_dags/tutorial_dag.py
[2023-10-10T15:51:26.219+0000] {processor.py:839} INFO - DAG(s) dict_keys(['tutorial_dag']) retrieved from /home/airflow/.local/lib/python3.8/site-packages/airflow/example_dags/tutorial_dag.py
[2023-10-10T15:51:26.236+0000] {logging_mixin.py:151} INFO - [2023-10-10T15:51:26.236+0000] {dag.py:2915} INFO - Sync 1 DAGs
[2023-10-10T15:51:26.246+0000] {logging_mixin.py:151} INFO - [2023-10-10T15:51:26.246+0000] {dag.py:3696} INFO - Setting next_dagrun for tutorial_dag to None, run_after=None
[2023-10-10T15:51:26.260+0000] {processor.py:179} INFO - Processing /home/airflow/.local/lib/python3.8/site-packages/airflow/example_dags/tutorial_dag.py took 0.051 seconds
[2023-10-10T15:51:58.002+0000] {processor.py:157} INFO - Started process (PID=3118) to work on /home/airflow/.local/lib/python3.8/site-packages/airflow/example_dags/tutorial_dag.py
[2023-10-10T15:51:58.003+0000] {processor.py:829} INFO - Processing file /home/airflow/.local/lib/python3.8/site-packages/airflow/example_dags/tutorial_dag.py for tasks to queue
[2023-10-10T15:51:58.005+0000] {logging_mixin.py:151} INFO - [2023-10-10T15:51:58.005+0000] {dagbag.py:539} INFO - Filling up the DagBag from /home/airflow/.local/lib/python3.8/site-packages/airflow/example_dags/tutorial_dag.py
[2023-10-10T15:51:58.011+0000] {processor.py:839} INFO - DAG(s) dict_keys(['tutorial_dag']) retrieved from /home/airflow/.local/lib/python3.8/site-packages/airflow/example_dags/tutorial_dag.py
[2023-10-10T15:51:58.097+0000] {logging_mixin.py:151} INFO - [2023-10-10T15:51:58.097+0000] {dag.py:2915} INFO - Sync 1 DAGs
[2023-10-10T15:51:58.112+0000] {logging_mixin.py:151} INFO - [2023-10-10T15:51:58.112+0000] {dag.py:3696} INFO - Setting next_dagrun for tutorial_dag to None, run_after=None
[2023-10-10T15:51:58.128+0000] {processor.py:179} INFO - Processing /home/airflow/.local/lib/python3.8/site-packages/airflow/example_dags/tutorial_dag.py took 0.130 seconds
[2023-10-10T15:52:29.423+0000] {processor.py:157} INFO - Started process (PID=3180) to work on /home/airflow/.local/lib/python3.8/site-packages/airflow/example_dags/tutorial_dag.py
[2023-10-10T15:52:29.423+0000] {processor.py:829} INFO - Processing file /home/airflow/.local/lib/python3.8/site-packages/airflow/example_dags/tutorial_dag.py for tasks to queue
[2023-10-10T15:52:29.425+0000] {logging_mixin.py:151} INFO - [2023-10-10T15:52:29.425+0000] {dagbag.py:539} INFO - Filling up the DagBag from /home/airflow/.local/lib/python3.8/site-packages/airflow/example_dags/tutorial_dag.py
[2023-10-10T15:52:29.429+0000] {processor.py:839} INFO - DAG(s) dict_keys(['tutorial_dag']) retrieved from /home/airflow/.local/lib/python3.8/site-packages/airflow/example_dags/tutorial_dag.py
[2023-10-10T15:52:29.447+0000] {logging_mixin.py:151} INFO - [2023-10-10T15:52:29.447+0000] {dag.py:2915} INFO - Sync 1 DAGs
[2023-10-10T15:52:29.458+0000] {logging_mixin.py:151} INFO - [2023-10-10T15:52:29.458+0000] {dag.py:3696} INFO - Setting next_dagrun for tutorial_dag to None, run_after=None
[2023-10-10T15:52:29.485+0000] {processor.py:179} INFO - Processing /home/airflow/.local/lib/python3.8/site-packages/airflow/example_dags/tutorial_dag.py took 0.065 seconds
[2023-10-10T15:53:00.347+0000] {processor.py:157} INFO - Started process (PID=3234) to work on /home/airflow/.local/lib/python3.8/site-packages/airflow/example_dags/tutorial_dag.py
[2023-10-10T15:53:00.348+0000] {processor.py:829} INFO - Processing file /home/airflow/.local/lib/python3.8/site-packages/airflow/example_dags/tutorial_dag.py for tasks to queue
[2023-10-10T15:53:00.349+0000] {logging_mixin.py:151} INFO - [2023-10-10T15:53:00.349+0000] {dagbag.py:539} INFO - Filling up the DagBag from /home/airflow/.local/lib/python3.8/site-packages/airflow/example_dags/tutorial_dag.py
[2023-10-10T15:53:00.354+0000] {processor.py:839} INFO - DAG(s) dict_keys(['tutorial_dag']) retrieved from /home/airflow/.local/lib/python3.8/site-packages/airflow/example_dags/tutorial_dag.py
[2023-10-10T15:53:00.375+0000] {logging_mixin.py:151} INFO - [2023-10-10T15:53:00.375+0000] {dag.py:2915} INFO - Sync 1 DAGs
[2023-10-10T15:53:00.387+0000] {logging_mixin.py:151} INFO - [2023-10-10T15:53:00.387+0000] {dag.py:3696} INFO - Setting next_dagrun for tutorial_dag to None, run_after=None
[2023-10-10T15:53:00.407+0000] {processor.py:179} INFO - Processing /home/airflow/.local/lib/python3.8/site-packages/airflow/example_dags/tutorial_dag.py took 0.063 seconds
[2023-10-10T15:53:31.335+0000] {processor.py:157} INFO - Started process (PID=3288) to work on /home/airflow/.local/lib/python3.8/site-packages/airflow/example_dags/tutorial_dag.py
[2023-10-10T15:53:31.336+0000] {processor.py:829} INFO - Processing file /home/airflow/.local/lib/python3.8/site-packages/airflow/example_dags/tutorial_dag.py for tasks to queue
[2023-10-10T15:53:31.338+0000] {logging_mixin.py:151} INFO - [2023-10-10T15:53:31.338+0000] {dagbag.py:539} INFO - Filling up the DagBag from /home/airflow/.local/lib/python3.8/site-packages/airflow/example_dags/tutorial_dag.py
[2023-10-10T15:53:31.343+0000] {processor.py:839} INFO - DAG(s) dict_keys(['tutorial_dag']) retrieved from /home/airflow/.local/lib/python3.8/site-packages/airflow/example_dags/tutorial_dag.py
[2023-10-10T15:53:31.363+0000] {logging_mixin.py:151} INFO - [2023-10-10T15:53:31.362+0000] {dag.py:2915} INFO - Sync 1 DAGs
[2023-10-10T15:53:31.385+0000] {logging_mixin.py:151} INFO - [2023-10-10T15:53:31.384+0000] {dag.py:3696} INFO - Setting next_dagrun for tutorial_dag to None, run_after=None
[2023-10-10T15:53:31.403+0000] {processor.py:179} INFO - Processing /home/airflow/.local/lib/python3.8/site-packages/airflow/example_dags/tutorial_dag.py took 0.071 seconds
[2023-10-10T15:54:02.545+0000] {processor.py:157} INFO - Started process (PID=3343) to work on /home/airflow/.local/lib/python3.8/site-packages/airflow/example_dags/tutorial_dag.py
[2023-10-10T15:54:02.546+0000] {processor.py:829} INFO - Processing file /home/airflow/.local/lib/python3.8/site-packages/airflow/example_dags/tutorial_dag.py for tasks to queue
[2023-10-10T15:54:02.549+0000] {logging_mixin.py:151} INFO - [2023-10-10T15:54:02.548+0000] {dagbag.py:539} INFO - Filling up the DagBag from /home/airflow/.local/lib/python3.8/site-packages/airflow/example_dags/tutorial_dag.py
[2023-10-10T15:54:02.554+0000] {processor.py:839} INFO - DAG(s) dict_keys(['tutorial_dag']) retrieved from /home/airflow/.local/lib/python3.8/site-packages/airflow/example_dags/tutorial_dag.py
[2023-10-10T15:54:02.579+0000] {logging_mixin.py:151} INFO - [2023-10-10T15:54:02.579+0000] {dag.py:2915} INFO - Sync 1 DAGs
[2023-10-10T15:54:02.595+0000] {logging_mixin.py:151} INFO - [2023-10-10T15:54:02.595+0000] {dag.py:3696} INFO - Setting next_dagrun for tutorial_dag to None, run_after=None
[2023-10-10T15:54:02.616+0000] {processor.py:179} INFO - Processing /home/airflow/.local/lib/python3.8/site-packages/airflow/example_dags/tutorial_dag.py took 0.075 seconds
[2023-10-10T15:54:32.845+0000] {processor.py:157} INFO - Started process (PID=3397) to work on /home/airflow/.local/lib/python3.8/site-packages/airflow/example_dags/tutorial_dag.py
[2023-10-10T15:54:32.846+0000] {processor.py:829} INFO - Processing file /home/airflow/.local/lib/python3.8/site-packages/airflow/example_dags/tutorial_dag.py for tasks to queue
[2023-10-10T15:54:32.849+0000] {logging_mixin.py:151} INFO - [2023-10-10T15:54:32.849+0000] {dagbag.py:539} INFO - Filling up the DagBag from /home/airflow/.local/lib/python3.8/site-packages/airflow/example_dags/tutorial_dag.py
[2023-10-10T15:54:32.855+0000] {processor.py:839} INFO - DAG(s) dict_keys(['tutorial_dag']) retrieved from /home/airflow/.local/lib/python3.8/site-packages/airflow/example_dags/tutorial_dag.py
[2023-10-10T15:54:32.886+0000] {logging_mixin.py:151} INFO - [2023-10-10T15:54:32.886+0000] {dag.py:2915} INFO - Sync 1 DAGs
[2023-10-10T15:54:32.903+0000] {logging_mixin.py:151} INFO - [2023-10-10T15:54:32.903+0000] {dag.py:3696} INFO - Setting next_dagrun for tutorial_dag to None, run_after=None
[2023-10-10T15:54:32.929+0000] {processor.py:179} INFO - Processing /home/airflow/.local/lib/python3.8/site-packages/airflow/example_dags/tutorial_dag.py took 0.089 seconds
[2023-10-10T15:55:03.535+0000] {processor.py:157} INFO - Started process (PID=3451) to work on /home/airflow/.local/lib/python3.8/site-packages/airflow/example_dags/tutorial_dag.py
[2023-10-10T15:55:03.536+0000] {processor.py:829} INFO - Processing file /home/airflow/.local/lib/python3.8/site-packages/airflow/example_dags/tutorial_dag.py for tasks to queue
[2023-10-10T15:55:03.537+0000] {logging_mixin.py:151} INFO - [2023-10-10T15:55:03.537+0000] {dagbag.py:539} INFO - Filling up the DagBag from /home/airflow/.local/lib/python3.8/site-packages/airflow/example_dags/tutorial_dag.py
[2023-10-10T15:55:03.541+0000] {processor.py:839} INFO - DAG(s) dict_keys(['tutorial_dag']) retrieved from /home/airflow/.local/lib/python3.8/site-packages/airflow/example_dags/tutorial_dag.py
[2023-10-10T15:55:03.562+0000] {logging_mixin.py:151} INFO - [2023-10-10T15:55:03.562+0000] {dag.py:2915} INFO - Sync 1 DAGs
[2023-10-10T15:55:03.580+0000] {logging_mixin.py:151} INFO - [2023-10-10T15:55:03.580+0000] {dag.py:3696} INFO - Setting next_dagrun for tutorial_dag to None, run_after=None
[2023-10-10T15:55:03.595+0000] {processor.py:179} INFO - Processing /home/airflow/.local/lib/python3.8/site-packages/airflow/example_dags/tutorial_dag.py took 0.063 seconds
[2023-10-10T15:55:34.787+0000] {processor.py:157} INFO - Started process (PID=3506) to work on /home/airflow/.local/lib/python3.8/site-packages/airflow/example_dags/tutorial_dag.py
[2023-10-10T15:55:34.788+0000] {processor.py:829} INFO - Processing file /home/airflow/.local/lib/python3.8/site-packages/airflow/example_dags/tutorial_dag.py for tasks to queue
[2023-10-10T15:55:34.790+0000] {logging_mixin.py:151} INFO - [2023-10-10T15:55:34.789+0000] {dagbag.py:539} INFO - Filling up the DagBag from /home/airflow/.local/lib/python3.8/site-packages/airflow/example_dags/tutorial_dag.py
[2023-10-10T15:55:34.793+0000] {processor.py:839} INFO - DAG(s) dict_keys(['tutorial_dag']) retrieved from /home/airflow/.local/lib/python3.8/site-packages/airflow/example_dags/tutorial_dag.py
[2023-10-10T15:55:34.811+0000] {logging_mixin.py:151} INFO - [2023-10-10T15:55:34.810+0000] {dag.py:2915} INFO - Sync 1 DAGs
[2023-10-10T15:55:34.822+0000] {logging_mixin.py:151} INFO - [2023-10-10T15:55:34.822+0000] {dag.py:3696} INFO - Setting next_dagrun for tutorial_dag to None, run_after=None
[2023-10-10T15:55:34.837+0000] {processor.py:179} INFO - Processing /home/airflow/.local/lib/python3.8/site-packages/airflow/example_dags/tutorial_dag.py took 0.053 seconds
[2023-10-10T15:56:06.567+0000] {processor.py:157} INFO - Started process (PID=3564) to work on /home/airflow/.local/lib/python3.8/site-packages/airflow/example_dags/tutorial_dag.py
[2023-10-10T15:56:06.567+0000] {processor.py:829} INFO - Processing file /home/airflow/.local/lib/python3.8/site-packages/airflow/example_dags/tutorial_dag.py for tasks to queue
[2023-10-10T15:56:06.569+0000] {logging_mixin.py:151} INFO - [2023-10-10T15:56:06.569+0000] {dagbag.py:539} INFO - Filling up the DagBag from /home/airflow/.local/lib/python3.8/site-packages/airflow/example_dags/tutorial_dag.py
[2023-10-10T15:56:06.573+0000] {processor.py:839} INFO - DAG(s) dict_keys(['tutorial_dag']) retrieved from /home/airflow/.local/lib/python3.8/site-packages/airflow/example_dags/tutorial_dag.py
[2023-10-10T15:56:06.591+0000] {logging_mixin.py:151} INFO - [2023-10-10T15:56:06.591+0000] {dag.py:2915} INFO - Sync 1 DAGs
[2023-10-10T15:56:06.602+0000] {logging_mixin.py:151} INFO - [2023-10-10T15:56:06.602+0000] {dag.py:3696} INFO - Setting next_dagrun for tutorial_dag to None, run_after=None
[2023-10-10T15:56:06.618+0000] {processor.py:179} INFO - Processing /home/airflow/.local/lib/python3.8/site-packages/airflow/example_dags/tutorial_dag.py took 0.054 seconds
[2023-10-10T15:56:37.843+0000] {processor.py:157} INFO - Started process (PID=3620) to work on /home/airflow/.local/lib/python3.8/site-packages/airflow/example_dags/tutorial_dag.py
[2023-10-10T15:56:37.844+0000] {processor.py:829} INFO - Processing file /home/airflow/.local/lib/python3.8/site-packages/airflow/example_dags/tutorial_dag.py for tasks to queue
[2023-10-10T15:56:37.846+0000] {logging_mixin.py:151} INFO - [2023-10-10T15:56:37.845+0000] {dagbag.py:539} INFO - Filling up the DagBag from /home/airflow/.local/lib/python3.8/site-packages/airflow/example_dags/tutorial_dag.py
[2023-10-10T15:56:37.850+0000] {processor.py:839} INFO - DAG(s) dict_keys(['tutorial_dag']) retrieved from /home/airflow/.local/lib/python3.8/site-packages/airflow/example_dags/tutorial_dag.py
[2023-10-10T15:56:37.869+0000] {logging_mixin.py:151} INFO - [2023-10-10T15:56:37.869+0000] {dag.py:2915} INFO - Sync 1 DAGs
[2023-10-10T15:56:37.884+0000] {logging_mixin.py:151} INFO - [2023-10-10T15:56:37.884+0000] {dag.py:3696} INFO - Setting next_dagrun for tutorial_dag to None, run_after=None
[2023-10-10T15:56:37.904+0000] {processor.py:179} INFO - Processing /home/airflow/.local/lib/python3.8/site-packages/airflow/example_dags/tutorial_dag.py took 0.064 seconds
[2023-10-10T15:57:09.684+0000] {processor.py:157} INFO - Started process (PID=3674) to work on /home/airflow/.local/lib/python3.8/site-packages/airflow/example_dags/tutorial_dag.py
[2023-10-10T15:57:09.687+0000] {processor.py:829} INFO - Processing file /home/airflow/.local/lib/python3.8/site-packages/airflow/example_dags/tutorial_dag.py for tasks to queue
[2023-10-10T15:57:09.698+0000] {logging_mixin.py:151} INFO - [2023-10-10T15:57:09.697+0000] {dagbag.py:539} INFO - Filling up the DagBag from /home/airflow/.local/lib/python3.8/site-packages/airflow/example_dags/tutorial_dag.py
[2023-10-10T15:57:09.710+0000] {processor.py:839} INFO - DAG(s) dict_keys(['tutorial_dag']) retrieved from /home/airflow/.local/lib/python3.8/site-packages/airflow/example_dags/tutorial_dag.py
[2023-10-10T15:57:09.746+0000] {logging_mixin.py:151} INFO - [2023-10-10T15:57:09.746+0000] {dag.py:2915} INFO - Sync 1 DAGs
[2023-10-10T15:57:09.789+0000] {logging_mixin.py:151} INFO - [2023-10-10T15:57:09.789+0000] {dag.py:3696} INFO - Setting next_dagrun for tutorial_dag to None, run_after=None
[2023-10-10T15:57:09.823+0000] {processor.py:179} INFO - Processing /home/airflow/.local/lib/python3.8/site-packages/airflow/example_dags/tutorial_dag.py took 0.151 seconds
[2023-10-10T16:51:15.387+0000] {processor.py:157} INFO - Started process (PID=186) to work on /home/airflow/.local/lib/python3.8/site-packages/airflow/example_dags/tutorial_dag.py
[2023-10-10T16:51:15.388+0000] {processor.py:829} INFO - Processing file /home/airflow/.local/lib/python3.8/site-packages/airflow/example_dags/tutorial_dag.py for tasks to queue
[2023-10-10T16:51:15.390+0000] {logging_mixin.py:151} INFO - [2023-10-10T16:51:15.390+0000] {dagbag.py:539} INFO - Filling up the DagBag from /home/airflow/.local/lib/python3.8/site-packages/airflow/example_dags/tutorial_dag.py
[2023-10-10T16:51:15.395+0000] {processor.py:839} INFO - DAG(s) dict_keys(['tutorial_dag']) retrieved from /home/airflow/.local/lib/python3.8/site-packages/airflow/example_dags/tutorial_dag.py
[2023-10-10T16:51:15.418+0000] {logging_mixin.py:151} INFO - [2023-10-10T16:51:15.418+0000] {dag.py:2915} INFO - Sync 1 DAGs
[2023-10-10T16:51:15.432+0000] {logging_mixin.py:151} INFO - [2023-10-10T16:51:15.431+0000] {dag.py:3696} INFO - Setting next_dagrun for tutorial_dag to None, run_after=None
[2023-10-10T16:51:15.450+0000] {processor.py:179} INFO - Processing /home/airflow/.local/lib/python3.8/site-packages/airflow/example_dags/tutorial_dag.py took 0.066 seconds
[2023-10-10T16:51:49.331+0000] {processor.py:157} INFO - Started process (PID=246) to work on /home/airflow/.local/lib/python3.8/site-packages/airflow/example_dags/tutorial_dag.py
[2023-10-10T16:51:49.333+0000] {processor.py:829} INFO - Processing file /home/airflow/.local/lib/python3.8/site-packages/airflow/example_dags/tutorial_dag.py for tasks to queue
[2023-10-10T16:51:49.335+0000] {logging_mixin.py:151} INFO - [2023-10-10T16:51:49.335+0000] {dagbag.py:539} INFO - Filling up the DagBag from /home/airflow/.local/lib/python3.8/site-packages/airflow/example_dags/tutorial_dag.py
[2023-10-10T16:51:49.341+0000] {processor.py:839} INFO - DAG(s) dict_keys(['tutorial_dag']) retrieved from /home/airflow/.local/lib/python3.8/site-packages/airflow/example_dags/tutorial_dag.py
[2023-10-10T16:51:49.367+0000] {logging_mixin.py:151} INFO - [2023-10-10T16:51:49.366+0000] {dag.py:2915} INFO - Sync 1 DAGs
[2023-10-10T16:51:49.430+0000] {logging_mixin.py:151} INFO - [2023-10-10T16:51:49.430+0000] {dag.py:3696} INFO - Setting next_dagrun for tutorial_dag to None, run_after=None
[2023-10-10T16:51:49.453+0000] {processor.py:179} INFO - Processing /home/airflow/.local/lib/python3.8/site-packages/airflow/example_dags/tutorial_dag.py took 0.126 seconds
[2023-10-10T16:52:20.092+0000] {processor.py:157} INFO - Started process (PID=300) to work on /home/airflow/.local/lib/python3.8/site-packages/airflow/example_dags/tutorial_dag.py
[2023-10-10T16:52:20.093+0000] {processor.py:829} INFO - Processing file /home/airflow/.local/lib/python3.8/site-packages/airflow/example_dags/tutorial_dag.py for tasks to queue
[2023-10-10T16:52:20.094+0000] {logging_mixin.py:151} INFO - [2023-10-10T16:52:20.094+0000] {dagbag.py:539} INFO - Filling up the DagBag from /home/airflow/.local/lib/python3.8/site-packages/airflow/example_dags/tutorial_dag.py
[2023-10-10T16:52:20.098+0000] {processor.py:839} INFO - DAG(s) dict_keys(['tutorial_dag']) retrieved from /home/airflow/.local/lib/python3.8/site-packages/airflow/example_dags/tutorial_dag.py
[2023-10-10T16:52:20.117+0000] {logging_mixin.py:151} INFO - [2023-10-10T16:52:20.117+0000] {dag.py:2915} INFO - Sync 1 DAGs
[2023-10-10T16:52:20.127+0000] {logging_mixin.py:151} INFO - [2023-10-10T16:52:20.127+0000] {dag.py:3696} INFO - Setting next_dagrun for tutorial_dag to None, run_after=None
[2023-10-10T16:52:20.144+0000] {processor.py:179} INFO - Processing /home/airflow/.local/lib/python3.8/site-packages/airflow/example_dags/tutorial_dag.py took 0.055 seconds
