[2023-10-10T15:24:08.781+0000] {processor.py:157} INFO - Started process (PID=192) to work on /home/airflow/.local/lib/python3.8/site-packages/airflow/example_dags/tutorial_taskflow_api_virtualenv.py
[2023-10-10T15:24:08.782+0000] {processor.py:829} INFO - Processing file /home/airflow/.local/lib/python3.8/site-packages/airflow/example_dags/tutorial_taskflow_api_virtualenv.py for tasks to queue
[2023-10-10T15:24:08.784+0000] {logging_mixin.py:151} INFO - [2023-10-10T15:24:08.784+0000] {dagbag.py:539} INFO - Filling up the DagBag from /home/airflow/.local/lib/python3.8/site-packages/airflow/example_dags/tutorial_taskflow_api_virtualenv.py
[2023-10-10T15:24:08.791+0000] {processor.py:839} INFO - DAG(s) dict_keys(['tutorial_taskflow_api_virtualenv']) retrieved from /home/airflow/.local/lib/python3.8/site-packages/airflow/example_dags/tutorial_taskflow_api_virtualenv.py
[2023-10-10T15:24:08.805+0000] {logging_mixin.py:151} INFO - [2023-10-10T15:24:08.805+0000] {dag.py:2915} INFO - Sync 1 DAGs
[2023-10-10T15:24:08.821+0000] {logging_mixin.py:151} INFO - [2023-10-10T15:24:08.820+0000] {dag.py:3696} INFO - Setting next_dagrun for tutorial_taskflow_api_virtualenv to None, run_after=None
[2023-10-10T15:24:08.841+0000] {processor.py:179} INFO - Processing /home/airflow/.local/lib/python3.8/site-packages/airflow/example_dags/tutorial_taskflow_api_virtualenv.py took 0.063 seconds
[2023-10-10T15:24:39.682+0000] {processor.py:157} INFO - Started process (PID=246) to work on /home/airflow/.local/lib/python3.8/site-packages/airflow/example_dags/tutorial_taskflow_api_virtualenv.py
[2023-10-10T15:24:39.683+0000] {processor.py:829} INFO - Processing file /home/airflow/.local/lib/python3.8/site-packages/airflow/example_dags/tutorial_taskflow_api_virtualenv.py for tasks to queue
[2023-10-10T15:24:39.685+0000] {logging_mixin.py:151} INFO - [2023-10-10T15:24:39.685+0000] {dagbag.py:539} INFO - Filling up the DagBag from /home/airflow/.local/lib/python3.8/site-packages/airflow/example_dags/tutorial_taskflow_api_virtualenv.py
[2023-10-10T15:24:39.691+0000] {processor.py:839} INFO - DAG(s) dict_keys(['tutorial_taskflow_api_virtualenv']) retrieved from /home/airflow/.local/lib/python3.8/site-packages/airflow/example_dags/tutorial_taskflow_api_virtualenv.py
[2023-10-10T15:24:39.716+0000] {logging_mixin.py:151} INFO - [2023-10-10T15:24:39.715+0000] {dag.py:2915} INFO - Sync 1 DAGs
[2023-10-10T15:24:39.732+0000] {logging_mixin.py:151} INFO - [2023-10-10T15:24:39.732+0000] {dag.py:3696} INFO - Setting next_dagrun for tutorial_taskflow_api_virtualenv to None, run_after=None
[2023-10-10T15:24:39.751+0000] {processor.py:179} INFO - Processing /home/airflow/.local/lib/python3.8/site-packages/airflow/example_dags/tutorial_taskflow_api_virtualenv.py took 0.072 seconds
[2023-10-10T15:25:11.561+0000] {processor.py:157} INFO - Started process (PID=300) to work on /home/airflow/.local/lib/python3.8/site-packages/airflow/example_dags/tutorial_taskflow_api_virtualenv.py
[2023-10-10T15:25:11.562+0000] {processor.py:829} INFO - Processing file /home/airflow/.local/lib/python3.8/site-packages/airflow/example_dags/tutorial_taskflow_api_virtualenv.py for tasks to queue
[2023-10-10T15:25:11.565+0000] {logging_mixin.py:151} INFO - [2023-10-10T15:25:11.564+0000] {dagbag.py:539} INFO - Filling up the DagBag from /home/airflow/.local/lib/python3.8/site-packages/airflow/example_dags/tutorial_taskflow_api_virtualenv.py
[2023-10-10T15:25:11.573+0000] {processor.py:839} INFO - DAG(s) dict_keys(['tutorial_taskflow_api_virtualenv']) retrieved from /home/airflow/.local/lib/python3.8/site-packages/airflow/example_dags/tutorial_taskflow_api_virtualenv.py
[2023-10-10T15:25:11.601+0000] {logging_mixin.py:151} INFO - [2023-10-10T15:25:11.601+0000] {dag.py:2915} INFO - Sync 1 DAGs
[2023-10-10T15:25:11.624+0000] {logging_mixin.py:151} INFO - [2023-10-10T15:25:11.624+0000] {dag.py:3696} INFO - Setting next_dagrun for tutorial_taskflow_api_virtualenv to None, run_after=None
[2023-10-10T15:25:11.649+0000] {processor.py:179} INFO - Processing /home/airflow/.local/lib/python3.8/site-packages/airflow/example_dags/tutorial_taskflow_api_virtualenv.py took 0.092 seconds
[2023-10-10T15:25:41.774+0000] {processor.py:157} INFO - Started process (PID=354) to work on /home/airflow/.local/lib/python3.8/site-packages/airflow/example_dags/tutorial_taskflow_api_virtualenv.py
[2023-10-10T15:25:41.774+0000] {processor.py:829} INFO - Processing file /home/airflow/.local/lib/python3.8/site-packages/airflow/example_dags/tutorial_taskflow_api_virtualenv.py for tasks to queue
[2023-10-10T15:25:41.776+0000] {logging_mixin.py:151} INFO - [2023-10-10T15:25:41.776+0000] {dagbag.py:539} INFO - Filling up the DagBag from /home/airflow/.local/lib/python3.8/site-packages/airflow/example_dags/tutorial_taskflow_api_virtualenv.py
[2023-10-10T15:25:41.781+0000] {processor.py:839} INFO - DAG(s) dict_keys(['tutorial_taskflow_api_virtualenv']) retrieved from /home/airflow/.local/lib/python3.8/site-packages/airflow/example_dags/tutorial_taskflow_api_virtualenv.py
[2023-10-10T15:25:41.801+0000] {logging_mixin.py:151} INFO - [2023-10-10T15:25:41.801+0000] {dag.py:2915} INFO - Sync 1 DAGs
[2023-10-10T15:25:41.817+0000] {logging_mixin.py:151} INFO - [2023-10-10T15:25:41.816+0000] {dag.py:3696} INFO - Setting next_dagrun for tutorial_taskflow_api_virtualenv to None, run_after=None
[2023-10-10T15:25:41.836+0000] {processor.py:179} INFO - Processing /home/airflow/.local/lib/python3.8/site-packages/airflow/example_dags/tutorial_taskflow_api_virtualenv.py took 0.065 seconds
[2023-10-10T15:26:12.387+0000] {processor.py:157} INFO - Started process (PID=408) to work on /home/airflow/.local/lib/python3.8/site-packages/airflow/example_dags/tutorial_taskflow_api_virtualenv.py
[2023-10-10T15:26:12.388+0000] {processor.py:829} INFO - Processing file /home/airflow/.local/lib/python3.8/site-packages/airflow/example_dags/tutorial_taskflow_api_virtualenv.py for tasks to queue
[2023-10-10T15:26:12.390+0000] {logging_mixin.py:151} INFO - [2023-10-10T15:26:12.390+0000] {dagbag.py:539} INFO - Filling up the DagBag from /home/airflow/.local/lib/python3.8/site-packages/airflow/example_dags/tutorial_taskflow_api_virtualenv.py
[2023-10-10T15:26:12.396+0000] {processor.py:839} INFO - DAG(s) dict_keys(['tutorial_taskflow_api_virtualenv']) retrieved from /home/airflow/.local/lib/python3.8/site-packages/airflow/example_dags/tutorial_taskflow_api_virtualenv.py
[2023-10-10T15:26:12.419+0000] {logging_mixin.py:151} INFO - [2023-10-10T15:26:12.418+0000] {dag.py:2915} INFO - Sync 1 DAGs
[2023-10-10T15:26:12.429+0000] {logging_mixin.py:151} INFO - [2023-10-10T15:26:12.429+0000] {dag.py:3696} INFO - Setting next_dagrun for tutorial_taskflow_api_virtualenv to None, run_after=None
[2023-10-10T15:26:12.444+0000] {processor.py:179} INFO - Processing /home/airflow/.local/lib/python3.8/site-packages/airflow/example_dags/tutorial_taskflow_api_virtualenv.py took 0.060 seconds
[2023-10-10T15:26:42.942+0000] {processor.py:157} INFO - Started process (PID=462) to work on /home/airflow/.local/lib/python3.8/site-packages/airflow/example_dags/tutorial_taskflow_api_virtualenv.py
[2023-10-10T15:26:42.943+0000] {processor.py:829} INFO - Processing file /home/airflow/.local/lib/python3.8/site-packages/airflow/example_dags/tutorial_taskflow_api_virtualenv.py for tasks to queue
[2023-10-10T15:26:42.945+0000] {logging_mixin.py:151} INFO - [2023-10-10T15:26:42.944+0000] {dagbag.py:539} INFO - Filling up the DagBag from /home/airflow/.local/lib/python3.8/site-packages/airflow/example_dags/tutorial_taskflow_api_virtualenv.py
[2023-10-10T15:26:42.950+0000] {processor.py:839} INFO - DAG(s) dict_keys(['tutorial_taskflow_api_virtualenv']) retrieved from /home/airflow/.local/lib/python3.8/site-packages/airflow/example_dags/tutorial_taskflow_api_virtualenv.py
[2023-10-10T15:26:42.975+0000] {logging_mixin.py:151} INFO - [2023-10-10T15:26:42.974+0000] {dag.py:2915} INFO - Sync 1 DAGs
[2023-10-10T15:26:42.989+0000] {logging_mixin.py:151} INFO - [2023-10-10T15:26:42.989+0000] {dag.py:3696} INFO - Setting next_dagrun for tutorial_taskflow_api_virtualenv to None, run_after=None
[2023-10-10T15:26:43.013+0000] {processor.py:179} INFO - Processing /home/airflow/.local/lib/python3.8/site-packages/airflow/example_dags/tutorial_taskflow_api_virtualenv.py took 0.075 seconds
[2023-10-10T15:27:13.672+0000] {processor.py:157} INFO - Started process (PID=516) to work on /home/airflow/.local/lib/python3.8/site-packages/airflow/example_dags/tutorial_taskflow_api_virtualenv.py
[2023-10-10T15:27:13.672+0000] {processor.py:829} INFO - Processing file /home/airflow/.local/lib/python3.8/site-packages/airflow/example_dags/tutorial_taskflow_api_virtualenv.py for tasks to queue
[2023-10-10T15:27:13.674+0000] {logging_mixin.py:151} INFO - [2023-10-10T15:27:13.674+0000] {dagbag.py:539} INFO - Filling up the DagBag from /home/airflow/.local/lib/python3.8/site-packages/airflow/example_dags/tutorial_taskflow_api_virtualenv.py
[2023-10-10T15:27:13.681+0000] {processor.py:839} INFO - DAG(s) dict_keys(['tutorial_taskflow_api_virtualenv']) retrieved from /home/airflow/.local/lib/python3.8/site-packages/airflow/example_dags/tutorial_taskflow_api_virtualenv.py
[2023-10-10T15:27:13.706+0000] {logging_mixin.py:151} INFO - [2023-10-10T15:27:13.706+0000] {dag.py:2915} INFO - Sync 1 DAGs
[2023-10-10T15:27:13.721+0000] {logging_mixin.py:151} INFO - [2023-10-10T15:27:13.721+0000] {dag.py:3696} INFO - Setting next_dagrun for tutorial_taskflow_api_virtualenv to None, run_after=None
[2023-10-10T15:27:13.740+0000] {processor.py:179} INFO - Processing /home/airflow/.local/lib/python3.8/site-packages/airflow/example_dags/tutorial_taskflow_api_virtualenv.py took 0.071 seconds
[2023-10-10T15:27:44.389+0000] {processor.py:157} INFO - Started process (PID=570) to work on /home/airflow/.local/lib/python3.8/site-packages/airflow/example_dags/tutorial_taskflow_api_virtualenv.py
[2023-10-10T15:27:44.390+0000] {processor.py:829} INFO - Processing file /home/airflow/.local/lib/python3.8/site-packages/airflow/example_dags/tutorial_taskflow_api_virtualenv.py for tasks to queue
[2023-10-10T15:27:44.392+0000] {logging_mixin.py:151} INFO - [2023-10-10T15:27:44.392+0000] {dagbag.py:539} INFO - Filling up the DagBag from /home/airflow/.local/lib/python3.8/site-packages/airflow/example_dags/tutorial_taskflow_api_virtualenv.py
[2023-10-10T15:27:44.399+0000] {processor.py:839} INFO - DAG(s) dict_keys(['tutorial_taskflow_api_virtualenv']) retrieved from /home/airflow/.local/lib/python3.8/site-packages/airflow/example_dags/tutorial_taskflow_api_virtualenv.py
[2023-10-10T15:27:44.419+0000] {logging_mixin.py:151} INFO - [2023-10-10T15:27:44.419+0000] {dag.py:2915} INFO - Sync 1 DAGs
[2023-10-10T15:27:44.432+0000] {logging_mixin.py:151} INFO - [2023-10-10T15:27:44.431+0000] {dag.py:3696} INFO - Setting next_dagrun for tutorial_taskflow_api_virtualenv to None, run_after=None
[2023-10-10T15:27:44.449+0000] {processor.py:179} INFO - Processing /home/airflow/.local/lib/python3.8/site-packages/airflow/example_dags/tutorial_taskflow_api_virtualenv.py took 0.063 seconds
[2023-10-10T15:28:15.187+0000] {processor.py:157} INFO - Started process (PID=624) to work on /home/airflow/.local/lib/python3.8/site-packages/airflow/example_dags/tutorial_taskflow_api_virtualenv.py
[2023-10-10T15:28:15.188+0000] {processor.py:829} INFO - Processing file /home/airflow/.local/lib/python3.8/site-packages/airflow/example_dags/tutorial_taskflow_api_virtualenv.py for tasks to queue
[2023-10-10T15:28:15.190+0000] {logging_mixin.py:151} INFO - [2023-10-10T15:28:15.190+0000] {dagbag.py:539} INFO - Filling up the DagBag from /home/airflow/.local/lib/python3.8/site-packages/airflow/example_dags/tutorial_taskflow_api_virtualenv.py
[2023-10-10T15:28:15.196+0000] {processor.py:839} INFO - DAG(s) dict_keys(['tutorial_taskflow_api_virtualenv']) retrieved from /home/airflow/.local/lib/python3.8/site-packages/airflow/example_dags/tutorial_taskflow_api_virtualenv.py
[2023-10-10T15:28:15.215+0000] {logging_mixin.py:151} INFO - [2023-10-10T15:28:15.215+0000] {dag.py:2915} INFO - Sync 1 DAGs
[2023-10-10T15:28:15.229+0000] {logging_mixin.py:151} INFO - [2023-10-10T15:28:15.228+0000] {dag.py:3696} INFO - Setting next_dagrun for tutorial_taskflow_api_virtualenv to None, run_after=None
[2023-10-10T15:28:15.245+0000] {processor.py:179} INFO - Processing /home/airflow/.local/lib/python3.8/site-packages/airflow/example_dags/tutorial_taskflow_api_virtualenv.py took 0.061 seconds
[2023-10-10T15:28:46.109+0000] {processor.py:157} INFO - Started process (PID=678) to work on /home/airflow/.local/lib/python3.8/site-packages/airflow/example_dags/tutorial_taskflow_api_virtualenv.py
[2023-10-10T15:28:46.110+0000] {processor.py:829} INFO - Processing file /home/airflow/.local/lib/python3.8/site-packages/airflow/example_dags/tutorial_taskflow_api_virtualenv.py for tasks to queue
[2023-10-10T15:28:46.112+0000] {logging_mixin.py:151} INFO - [2023-10-10T15:28:46.112+0000] {dagbag.py:539} INFO - Filling up the DagBag from /home/airflow/.local/lib/python3.8/site-packages/airflow/example_dags/tutorial_taskflow_api_virtualenv.py
[2023-10-10T15:28:46.118+0000] {processor.py:839} INFO - DAG(s) dict_keys(['tutorial_taskflow_api_virtualenv']) retrieved from /home/airflow/.local/lib/python3.8/site-packages/airflow/example_dags/tutorial_taskflow_api_virtualenv.py
[2023-10-10T15:28:46.135+0000] {logging_mixin.py:151} INFO - [2023-10-10T15:28:46.135+0000] {dag.py:2915} INFO - Sync 1 DAGs
[2023-10-10T15:28:46.145+0000] {logging_mixin.py:151} INFO - [2023-10-10T15:28:46.145+0000] {dag.py:3696} INFO - Setting next_dagrun for tutorial_taskflow_api_virtualenv to None, run_after=None
[2023-10-10T15:28:46.159+0000] {processor.py:179} INFO - Processing /home/airflow/.local/lib/python3.8/site-packages/airflow/example_dags/tutorial_taskflow_api_virtualenv.py took 0.052 seconds
[2023-10-10T15:29:18.279+0000] {processor.py:157} INFO - Started process (PID=732) to work on /home/airflow/.local/lib/python3.8/site-packages/airflow/example_dags/tutorial_taskflow_api_virtualenv.py
[2023-10-10T15:29:18.281+0000] {processor.py:829} INFO - Processing file /home/airflow/.local/lib/python3.8/site-packages/airflow/example_dags/tutorial_taskflow_api_virtualenv.py for tasks to queue
[2023-10-10T15:29:18.283+0000] {logging_mixin.py:151} INFO - [2023-10-10T15:29:18.282+0000] {dagbag.py:539} INFO - Filling up the DagBag from /home/airflow/.local/lib/python3.8/site-packages/airflow/example_dags/tutorial_taskflow_api_virtualenv.py
[2023-10-10T15:29:18.289+0000] {processor.py:839} INFO - DAG(s) dict_keys(['tutorial_taskflow_api_virtualenv']) retrieved from /home/airflow/.local/lib/python3.8/site-packages/airflow/example_dags/tutorial_taskflow_api_virtualenv.py
[2023-10-10T15:29:18.311+0000] {logging_mixin.py:151} INFO - [2023-10-10T15:29:18.310+0000] {dag.py:2915} INFO - Sync 1 DAGs
[2023-10-10T15:29:18.323+0000] {logging_mixin.py:151} INFO - [2023-10-10T15:29:18.322+0000] {dag.py:3696} INFO - Setting next_dagrun for tutorial_taskflow_api_virtualenv to None, run_after=None
[2023-10-10T15:29:18.342+0000] {processor.py:179} INFO - Processing /home/airflow/.local/lib/python3.8/site-packages/airflow/example_dags/tutorial_taskflow_api_virtualenv.py took 0.066 seconds
[2023-10-10T15:29:49.643+0000] {processor.py:157} INFO - Started process (PID=786) to work on /home/airflow/.local/lib/python3.8/site-packages/airflow/example_dags/tutorial_taskflow_api_virtualenv.py
[2023-10-10T15:29:49.644+0000] {processor.py:829} INFO - Processing file /home/airflow/.local/lib/python3.8/site-packages/airflow/example_dags/tutorial_taskflow_api_virtualenv.py for tasks to queue
[2023-10-10T15:29:49.645+0000] {logging_mixin.py:151} INFO - [2023-10-10T15:29:49.645+0000] {dagbag.py:539} INFO - Filling up the DagBag from /home/airflow/.local/lib/python3.8/site-packages/airflow/example_dags/tutorial_taskflow_api_virtualenv.py
[2023-10-10T15:29:49.680+0000] {processor.py:839} INFO - DAG(s) dict_keys(['tutorial_taskflow_api_virtualenv']) retrieved from /home/airflow/.local/lib/python3.8/site-packages/airflow/example_dags/tutorial_taskflow_api_virtualenv.py
[2023-10-10T15:29:49.704+0000] {logging_mixin.py:151} INFO - [2023-10-10T15:29:49.703+0000] {dag.py:2915} INFO - Sync 1 DAGs
[2023-10-10T15:29:49.716+0000] {logging_mixin.py:151} INFO - [2023-10-10T15:29:49.716+0000] {dag.py:3696} INFO - Setting next_dagrun for tutorial_taskflow_api_virtualenv to None, run_after=None
[2023-10-10T15:29:49.776+0000] {processor.py:179} INFO - Processing /home/airflow/.local/lib/python3.8/site-packages/airflow/example_dags/tutorial_taskflow_api_virtualenv.py took 0.136 seconds
[2023-10-10T15:30:20.430+0000] {processor.py:157} INFO - Started process (PID=840) to work on /home/airflow/.local/lib/python3.8/site-packages/airflow/example_dags/tutorial_taskflow_api_virtualenv.py
[2023-10-10T15:30:20.431+0000] {processor.py:829} INFO - Processing file /home/airflow/.local/lib/python3.8/site-packages/airflow/example_dags/tutorial_taskflow_api_virtualenv.py for tasks to queue
[2023-10-10T15:30:20.433+0000] {logging_mixin.py:151} INFO - [2023-10-10T15:30:20.433+0000] {dagbag.py:539} INFO - Filling up the DagBag from /home/airflow/.local/lib/python3.8/site-packages/airflow/example_dags/tutorial_taskflow_api_virtualenv.py
[2023-10-10T15:30:20.441+0000] {processor.py:839} INFO - DAG(s) dict_keys(['tutorial_taskflow_api_virtualenv']) retrieved from /home/airflow/.local/lib/python3.8/site-packages/airflow/example_dags/tutorial_taskflow_api_virtualenv.py
[2023-10-10T15:30:20.489+0000] {logging_mixin.py:151} INFO - [2023-10-10T15:30:20.488+0000] {dag.py:2915} INFO - Sync 1 DAGs
[2023-10-10T15:30:20.502+0000] {logging_mixin.py:151} INFO - [2023-10-10T15:30:20.502+0000] {dag.py:3696} INFO - Setting next_dagrun for tutorial_taskflow_api_virtualenv to None, run_after=None
[2023-10-10T15:30:20.591+0000] {processor.py:179} INFO - Processing /home/airflow/.local/lib/python3.8/site-packages/airflow/example_dags/tutorial_taskflow_api_virtualenv.py took 0.165 seconds
[2023-10-10T15:30:51.385+0000] {processor.py:157} INFO - Started process (PID=894) to work on /home/airflow/.local/lib/python3.8/site-packages/airflow/example_dags/tutorial_taskflow_api_virtualenv.py
[2023-10-10T15:30:51.386+0000] {processor.py:829} INFO - Processing file /home/airflow/.local/lib/python3.8/site-packages/airflow/example_dags/tutorial_taskflow_api_virtualenv.py for tasks to queue
[2023-10-10T15:30:51.388+0000] {logging_mixin.py:151} INFO - [2023-10-10T15:30:51.388+0000] {dagbag.py:539} INFO - Filling up the DagBag from /home/airflow/.local/lib/python3.8/site-packages/airflow/example_dags/tutorial_taskflow_api_virtualenv.py
[2023-10-10T15:30:51.395+0000] {processor.py:839} INFO - DAG(s) dict_keys(['tutorial_taskflow_api_virtualenv']) retrieved from /home/airflow/.local/lib/python3.8/site-packages/airflow/example_dags/tutorial_taskflow_api_virtualenv.py
[2023-10-10T15:30:51.418+0000] {logging_mixin.py:151} INFO - [2023-10-10T15:30:51.418+0000] {dag.py:2915} INFO - Sync 1 DAGs
[2023-10-10T15:30:51.430+0000] {logging_mixin.py:151} INFO - [2023-10-10T15:30:51.430+0000] {dag.py:3696} INFO - Setting next_dagrun for tutorial_taskflow_api_virtualenv to None, run_after=None
[2023-10-10T15:30:51.453+0000] {processor.py:179} INFO - Processing /home/airflow/.local/lib/python3.8/site-packages/airflow/example_dags/tutorial_taskflow_api_virtualenv.py took 0.071 seconds
[2023-10-10T15:31:21.643+0000] {processor.py:157} INFO - Started process (PID=948) to work on /home/airflow/.local/lib/python3.8/site-packages/airflow/example_dags/tutorial_taskflow_api_virtualenv.py
[2023-10-10T15:31:21.644+0000] {processor.py:829} INFO - Processing file /home/airflow/.local/lib/python3.8/site-packages/airflow/example_dags/tutorial_taskflow_api_virtualenv.py for tasks to queue
[2023-10-10T15:31:21.647+0000] {logging_mixin.py:151} INFO - [2023-10-10T15:31:21.646+0000] {dagbag.py:539} INFO - Filling up the DagBag from /home/airflow/.local/lib/python3.8/site-packages/airflow/example_dags/tutorial_taskflow_api_virtualenv.py
[2023-10-10T15:31:21.654+0000] {processor.py:839} INFO - DAG(s) dict_keys(['tutorial_taskflow_api_virtualenv']) retrieved from /home/airflow/.local/lib/python3.8/site-packages/airflow/example_dags/tutorial_taskflow_api_virtualenv.py
[2023-10-10T15:31:21.677+0000] {logging_mixin.py:151} INFO - [2023-10-10T15:31:21.677+0000] {dag.py:2915} INFO - Sync 1 DAGs
[2023-10-10T15:31:21.692+0000] {logging_mixin.py:151} INFO - [2023-10-10T15:31:21.692+0000] {dag.py:3696} INFO - Setting next_dagrun for tutorial_taskflow_api_virtualenv to None, run_after=None
[2023-10-10T15:31:21.711+0000] {processor.py:179} INFO - Processing /home/airflow/.local/lib/python3.8/site-packages/airflow/example_dags/tutorial_taskflow_api_virtualenv.py took 0.071 seconds
[2023-10-10T15:31:51.780+0000] {processor.py:157} INFO - Started process (PID=1002) to work on /home/airflow/.local/lib/python3.8/site-packages/airflow/example_dags/tutorial_taskflow_api_virtualenv.py
[2023-10-10T15:31:51.781+0000] {processor.py:829} INFO - Processing file /home/airflow/.local/lib/python3.8/site-packages/airflow/example_dags/tutorial_taskflow_api_virtualenv.py for tasks to queue
[2023-10-10T15:31:51.783+0000] {logging_mixin.py:151} INFO - [2023-10-10T15:31:51.783+0000] {dagbag.py:539} INFO - Filling up the DagBag from /home/airflow/.local/lib/python3.8/site-packages/airflow/example_dags/tutorial_taskflow_api_virtualenv.py
[2023-10-10T15:31:51.789+0000] {processor.py:839} INFO - DAG(s) dict_keys(['tutorial_taskflow_api_virtualenv']) retrieved from /home/airflow/.local/lib/python3.8/site-packages/airflow/example_dags/tutorial_taskflow_api_virtualenv.py
[2023-10-10T15:31:51.809+0000] {logging_mixin.py:151} INFO - [2023-10-10T15:31:51.809+0000] {dag.py:2915} INFO - Sync 1 DAGs
[2023-10-10T15:31:51.820+0000] {logging_mixin.py:151} INFO - [2023-10-10T15:31:51.820+0000] {dag.py:3696} INFO - Setting next_dagrun for tutorial_taskflow_api_virtualenv to None, run_after=None
[2023-10-10T15:31:51.836+0000] {processor.py:179} INFO - Processing /home/airflow/.local/lib/python3.8/site-packages/airflow/example_dags/tutorial_taskflow_api_virtualenv.py took 0.058 seconds
[2023-10-10T15:32:22.622+0000] {processor.py:157} INFO - Started process (PID=1056) to work on /home/airflow/.local/lib/python3.8/site-packages/airflow/example_dags/tutorial_taskflow_api_virtualenv.py
[2023-10-10T15:32:22.623+0000] {processor.py:829} INFO - Processing file /home/airflow/.local/lib/python3.8/site-packages/airflow/example_dags/tutorial_taskflow_api_virtualenv.py for tasks to queue
[2023-10-10T15:32:22.625+0000] {logging_mixin.py:151} INFO - [2023-10-10T15:32:22.624+0000] {dagbag.py:539} INFO - Filling up the DagBag from /home/airflow/.local/lib/python3.8/site-packages/airflow/example_dags/tutorial_taskflow_api_virtualenv.py
[2023-10-10T15:32:22.630+0000] {processor.py:839} INFO - DAG(s) dict_keys(['tutorial_taskflow_api_virtualenv']) retrieved from /home/airflow/.local/lib/python3.8/site-packages/airflow/example_dags/tutorial_taskflow_api_virtualenv.py
[2023-10-10T15:32:22.652+0000] {logging_mixin.py:151} INFO - [2023-10-10T15:32:22.651+0000] {dag.py:2915} INFO - Sync 1 DAGs
[2023-10-10T15:32:22.680+0000] {logging_mixin.py:151} INFO - [2023-10-10T15:32:22.680+0000] {dag.py:3696} INFO - Setting next_dagrun for tutorial_taskflow_api_virtualenv to None, run_after=None
[2023-10-10T15:32:22.700+0000] {processor.py:179} INFO - Processing /home/airflow/.local/lib/python3.8/site-packages/airflow/example_dags/tutorial_taskflow_api_virtualenv.py took 0.080 seconds
[2023-10-10T15:32:53.725+0000] {processor.py:157} INFO - Started process (PID=1110) to work on /home/airflow/.local/lib/python3.8/site-packages/airflow/example_dags/tutorial_taskflow_api_virtualenv.py
[2023-10-10T15:32:53.726+0000] {processor.py:829} INFO - Processing file /home/airflow/.local/lib/python3.8/site-packages/airflow/example_dags/tutorial_taskflow_api_virtualenv.py for tasks to queue
[2023-10-10T15:32:53.728+0000] {logging_mixin.py:151} INFO - [2023-10-10T15:32:53.728+0000] {dagbag.py:539} INFO - Filling up the DagBag from /home/airflow/.local/lib/python3.8/site-packages/airflow/example_dags/tutorial_taskflow_api_virtualenv.py
[2023-10-10T15:32:53.734+0000] {processor.py:839} INFO - DAG(s) dict_keys(['tutorial_taskflow_api_virtualenv']) retrieved from /home/airflow/.local/lib/python3.8/site-packages/airflow/example_dags/tutorial_taskflow_api_virtualenv.py
[2023-10-10T15:32:53.756+0000] {logging_mixin.py:151} INFO - [2023-10-10T15:32:53.756+0000] {dag.py:2915} INFO - Sync 1 DAGs
[2023-10-10T15:32:53.768+0000] {logging_mixin.py:151} INFO - [2023-10-10T15:32:53.767+0000] {dag.py:3696} INFO - Setting next_dagrun for tutorial_taskflow_api_virtualenv to None, run_after=None
[2023-10-10T15:32:53.783+0000] {processor.py:179} INFO - Processing /home/airflow/.local/lib/python3.8/site-packages/airflow/example_dags/tutorial_taskflow_api_virtualenv.py took 0.061 seconds
[2023-10-10T15:33:24.100+0000] {processor.py:157} INFO - Started process (PID=1170) to work on /home/airflow/.local/lib/python3.8/site-packages/airflow/example_dags/tutorial_taskflow_api_virtualenv.py
[2023-10-10T15:33:24.101+0000] {processor.py:829} INFO - Processing file /home/airflow/.local/lib/python3.8/site-packages/airflow/example_dags/tutorial_taskflow_api_virtualenv.py for tasks to queue
[2023-10-10T15:33:24.103+0000] {logging_mixin.py:151} INFO - [2023-10-10T15:33:24.102+0000] {dagbag.py:539} INFO - Filling up the DagBag from /home/airflow/.local/lib/python3.8/site-packages/airflow/example_dags/tutorial_taskflow_api_virtualenv.py
[2023-10-10T15:33:24.110+0000] {processor.py:839} INFO - DAG(s) dict_keys(['tutorial_taskflow_api_virtualenv']) retrieved from /home/airflow/.local/lib/python3.8/site-packages/airflow/example_dags/tutorial_taskflow_api_virtualenv.py
[2023-10-10T15:33:24.133+0000] {logging_mixin.py:151} INFO - [2023-10-10T15:33:24.133+0000] {dag.py:2915} INFO - Sync 1 DAGs
[2023-10-10T15:33:24.181+0000] {logging_mixin.py:151} INFO - [2023-10-10T15:33:24.180+0000] {dag.py:3696} INFO - Setting next_dagrun for tutorial_taskflow_api_virtualenv to None, run_after=None
[2023-10-10T15:33:24.207+0000] {processor.py:179} INFO - Processing /home/airflow/.local/lib/python3.8/site-packages/airflow/example_dags/tutorial_taskflow_api_virtualenv.py took 0.111 seconds
[2023-10-10T15:33:54.428+0000] {processor.py:157} INFO - Started process (PID=1225) to work on /home/airflow/.local/lib/python3.8/site-packages/airflow/example_dags/tutorial_taskflow_api_virtualenv.py
[2023-10-10T15:33:54.429+0000] {processor.py:829} INFO - Processing file /home/airflow/.local/lib/python3.8/site-packages/airflow/example_dags/tutorial_taskflow_api_virtualenv.py for tasks to queue
[2023-10-10T15:33:54.431+0000] {logging_mixin.py:151} INFO - [2023-10-10T15:33:54.431+0000] {dagbag.py:539} INFO - Filling up the DagBag from /home/airflow/.local/lib/python3.8/site-packages/airflow/example_dags/tutorial_taskflow_api_virtualenv.py
[2023-10-10T15:33:54.437+0000] {processor.py:839} INFO - DAG(s) dict_keys(['tutorial_taskflow_api_virtualenv']) retrieved from /home/airflow/.local/lib/python3.8/site-packages/airflow/example_dags/tutorial_taskflow_api_virtualenv.py
[2023-10-10T15:33:54.456+0000] {logging_mixin.py:151} INFO - [2023-10-10T15:33:54.456+0000] {dag.py:2915} INFO - Sync 1 DAGs
[2023-10-10T15:33:54.466+0000] {logging_mixin.py:151} INFO - [2023-10-10T15:33:54.466+0000] {dag.py:3696} INFO - Setting next_dagrun for tutorial_taskflow_api_virtualenv to None, run_after=None
[2023-10-10T15:33:54.484+0000] {processor.py:179} INFO - Processing /home/airflow/.local/lib/python3.8/site-packages/airflow/example_dags/tutorial_taskflow_api_virtualenv.py took 0.059 seconds
[2023-10-10T15:34:25.280+0000] {processor.py:157} INFO - Started process (PID=1280) to work on /home/airflow/.local/lib/python3.8/site-packages/airflow/example_dags/tutorial_taskflow_api_virtualenv.py
[2023-10-10T15:34:25.281+0000] {processor.py:829} INFO - Processing file /home/airflow/.local/lib/python3.8/site-packages/airflow/example_dags/tutorial_taskflow_api_virtualenv.py for tasks to queue
[2023-10-10T15:34:25.284+0000] {logging_mixin.py:151} INFO - [2023-10-10T15:34:25.284+0000] {dagbag.py:539} INFO - Filling up the DagBag from /home/airflow/.local/lib/python3.8/site-packages/airflow/example_dags/tutorial_taskflow_api_virtualenv.py
[2023-10-10T15:34:25.295+0000] {processor.py:839} INFO - DAG(s) dict_keys(['tutorial_taskflow_api_virtualenv']) retrieved from /home/airflow/.local/lib/python3.8/site-packages/airflow/example_dags/tutorial_taskflow_api_virtualenv.py
[2023-10-10T15:34:25.319+0000] {logging_mixin.py:151} INFO - [2023-10-10T15:34:25.319+0000] {dag.py:2915} INFO - Sync 1 DAGs
[2023-10-10T15:34:25.332+0000] {logging_mixin.py:151} INFO - [2023-10-10T15:34:25.332+0000] {dag.py:3696} INFO - Setting next_dagrun for tutorial_taskflow_api_virtualenv to None, run_after=None
[2023-10-10T15:34:25.350+0000] {processor.py:179} INFO - Processing /home/airflow/.local/lib/python3.8/site-packages/airflow/example_dags/tutorial_taskflow_api_virtualenv.py took 0.073 seconds
[2023-10-10T15:34:56.328+0000] {processor.py:157} INFO - Started process (PID=1333) to work on /home/airflow/.local/lib/python3.8/site-packages/airflow/example_dags/tutorial_taskflow_api_virtualenv.py
[2023-10-10T15:34:56.329+0000] {processor.py:829} INFO - Processing file /home/airflow/.local/lib/python3.8/site-packages/airflow/example_dags/tutorial_taskflow_api_virtualenv.py for tasks to queue
[2023-10-10T15:34:56.331+0000] {logging_mixin.py:151} INFO - [2023-10-10T15:34:56.331+0000] {dagbag.py:539} INFO - Filling up the DagBag from /home/airflow/.local/lib/python3.8/site-packages/airflow/example_dags/tutorial_taskflow_api_virtualenv.py
[2023-10-10T15:34:56.337+0000] {processor.py:839} INFO - DAG(s) dict_keys(['tutorial_taskflow_api_virtualenv']) retrieved from /home/airflow/.local/lib/python3.8/site-packages/airflow/example_dags/tutorial_taskflow_api_virtualenv.py
[2023-10-10T15:34:56.356+0000] {logging_mixin.py:151} INFO - [2023-10-10T15:34:56.356+0000] {dag.py:2915} INFO - Sync 1 DAGs
[2023-10-10T15:34:56.367+0000] {logging_mixin.py:151} INFO - [2023-10-10T15:34:56.367+0000] {dag.py:3696} INFO - Setting next_dagrun for tutorial_taskflow_api_virtualenv to None, run_after=None
[2023-10-10T15:34:56.389+0000] {processor.py:179} INFO - Processing /home/airflow/.local/lib/python3.8/site-packages/airflow/example_dags/tutorial_taskflow_api_virtualenv.py took 0.063 seconds
[2023-10-10T15:35:27.458+0000] {processor.py:157} INFO - Started process (PID=1386) to work on /home/airflow/.local/lib/python3.8/site-packages/airflow/example_dags/tutorial_taskflow_api_virtualenv.py
[2023-10-10T15:35:27.459+0000] {processor.py:829} INFO - Processing file /home/airflow/.local/lib/python3.8/site-packages/airflow/example_dags/tutorial_taskflow_api_virtualenv.py for tasks to queue
[2023-10-10T15:35:27.461+0000] {logging_mixin.py:151} INFO - [2023-10-10T15:35:27.461+0000] {dagbag.py:539} INFO - Filling up the DagBag from /home/airflow/.local/lib/python3.8/site-packages/airflow/example_dags/tutorial_taskflow_api_virtualenv.py
[2023-10-10T15:35:27.466+0000] {processor.py:839} INFO - DAG(s) dict_keys(['tutorial_taskflow_api_virtualenv']) retrieved from /home/airflow/.local/lib/python3.8/site-packages/airflow/example_dags/tutorial_taskflow_api_virtualenv.py
[2023-10-10T15:35:27.493+0000] {logging_mixin.py:151} INFO - [2023-10-10T15:35:27.492+0000] {dag.py:2915} INFO - Sync 1 DAGs
[2023-10-10T15:35:27.510+0000] {logging_mixin.py:151} INFO - [2023-10-10T15:35:27.509+0000] {dag.py:3696} INFO - Setting next_dagrun for tutorial_taskflow_api_virtualenv to None, run_after=None
[2023-10-10T15:35:27.528+0000] {processor.py:179} INFO - Processing /home/airflow/.local/lib/python3.8/site-packages/airflow/example_dags/tutorial_taskflow_api_virtualenv.py took 0.071 seconds
[2023-10-10T15:35:58.615+0000] {processor.py:157} INFO - Started process (PID=1440) to work on /home/airflow/.local/lib/python3.8/site-packages/airflow/example_dags/tutorial_taskflow_api_virtualenv.py
[2023-10-10T15:35:58.616+0000] {processor.py:829} INFO - Processing file /home/airflow/.local/lib/python3.8/site-packages/airflow/example_dags/tutorial_taskflow_api_virtualenv.py for tasks to queue
[2023-10-10T15:35:58.618+0000] {logging_mixin.py:151} INFO - [2023-10-10T15:35:58.617+0000] {dagbag.py:539} INFO - Filling up the DagBag from /home/airflow/.local/lib/python3.8/site-packages/airflow/example_dags/tutorial_taskflow_api_virtualenv.py
[2023-10-10T15:35:58.623+0000] {processor.py:839} INFO - DAG(s) dict_keys(['tutorial_taskflow_api_virtualenv']) retrieved from /home/airflow/.local/lib/python3.8/site-packages/airflow/example_dags/tutorial_taskflow_api_virtualenv.py
[2023-10-10T15:35:58.641+0000] {logging_mixin.py:151} INFO - [2023-10-10T15:35:58.641+0000] {dag.py:2915} INFO - Sync 1 DAGs
[2023-10-10T15:35:58.653+0000] {logging_mixin.py:151} INFO - [2023-10-10T15:35:58.652+0000] {dag.py:3696} INFO - Setting next_dagrun for tutorial_taskflow_api_virtualenv to None, run_after=None
[2023-10-10T15:35:58.669+0000] {processor.py:179} INFO - Processing /home/airflow/.local/lib/python3.8/site-packages/airflow/example_dags/tutorial_taskflow_api_virtualenv.py took 0.056 seconds
[2023-10-10T15:36:29.349+0000] {processor.py:157} INFO - Started process (PID=1494) to work on /home/airflow/.local/lib/python3.8/site-packages/airflow/example_dags/tutorial_taskflow_api_virtualenv.py
[2023-10-10T15:36:29.350+0000] {processor.py:829} INFO - Processing file /home/airflow/.local/lib/python3.8/site-packages/airflow/example_dags/tutorial_taskflow_api_virtualenv.py for tasks to queue
[2023-10-10T15:36:29.352+0000] {logging_mixin.py:151} INFO - [2023-10-10T15:36:29.352+0000] {dagbag.py:539} INFO - Filling up the DagBag from /home/airflow/.local/lib/python3.8/site-packages/airflow/example_dags/tutorial_taskflow_api_virtualenv.py
[2023-10-10T15:36:29.360+0000] {processor.py:839} INFO - DAG(s) dict_keys(['tutorial_taskflow_api_virtualenv']) retrieved from /home/airflow/.local/lib/python3.8/site-packages/airflow/example_dags/tutorial_taskflow_api_virtualenv.py
[2023-10-10T15:36:29.382+0000] {logging_mixin.py:151} INFO - [2023-10-10T15:36:29.382+0000] {dag.py:2915} INFO - Sync 1 DAGs
[2023-10-10T15:36:29.398+0000] {logging_mixin.py:151} INFO - [2023-10-10T15:36:29.398+0000] {dag.py:3696} INFO - Setting next_dagrun for tutorial_taskflow_api_virtualenv to None, run_after=None
[2023-10-10T15:36:29.418+0000] {processor.py:179} INFO - Processing /home/airflow/.local/lib/python3.8/site-packages/airflow/example_dags/tutorial_taskflow_api_virtualenv.py took 0.072 seconds
[2023-10-10T15:37:00.476+0000] {processor.py:157} INFO - Started process (PID=1548) to work on /home/airflow/.local/lib/python3.8/site-packages/airflow/example_dags/tutorial_taskflow_api_virtualenv.py
[2023-10-10T15:37:00.477+0000] {processor.py:829} INFO - Processing file /home/airflow/.local/lib/python3.8/site-packages/airflow/example_dags/tutorial_taskflow_api_virtualenv.py for tasks to queue
[2023-10-10T15:37:00.482+0000] {logging_mixin.py:151} INFO - [2023-10-10T15:37:00.481+0000] {dagbag.py:539} INFO - Filling up the DagBag from /home/airflow/.local/lib/python3.8/site-packages/airflow/example_dags/tutorial_taskflow_api_virtualenv.py
[2023-10-10T15:37:00.491+0000] {processor.py:839} INFO - DAG(s) dict_keys(['tutorial_taskflow_api_virtualenv']) retrieved from /home/airflow/.local/lib/python3.8/site-packages/airflow/example_dags/tutorial_taskflow_api_virtualenv.py
[2023-10-10T15:37:00.520+0000] {logging_mixin.py:151} INFO - [2023-10-10T15:37:00.520+0000] {dag.py:2915} INFO - Sync 1 DAGs
[2023-10-10T15:37:00.535+0000] {logging_mixin.py:151} INFO - [2023-10-10T15:37:00.535+0000] {dag.py:3696} INFO - Setting next_dagrun for tutorial_taskflow_api_virtualenv to None, run_after=None
[2023-10-10T15:37:00.583+0000] {processor.py:179} INFO - Processing /home/airflow/.local/lib/python3.8/site-packages/airflow/example_dags/tutorial_taskflow_api_virtualenv.py took 0.110 seconds
[2023-10-10T15:37:31.573+0000] {processor.py:157} INFO - Started process (PID=1602) to work on /home/airflow/.local/lib/python3.8/site-packages/airflow/example_dags/tutorial_taskflow_api_virtualenv.py
[2023-10-10T15:37:31.574+0000] {processor.py:829} INFO - Processing file /home/airflow/.local/lib/python3.8/site-packages/airflow/example_dags/tutorial_taskflow_api_virtualenv.py for tasks to queue
[2023-10-10T15:37:31.576+0000] {logging_mixin.py:151} INFO - [2023-10-10T15:37:31.576+0000] {dagbag.py:539} INFO - Filling up the DagBag from /home/airflow/.local/lib/python3.8/site-packages/airflow/example_dags/tutorial_taskflow_api_virtualenv.py
[2023-10-10T15:37:31.584+0000] {processor.py:839} INFO - DAG(s) dict_keys(['tutorial_taskflow_api_virtualenv']) retrieved from /home/airflow/.local/lib/python3.8/site-packages/airflow/example_dags/tutorial_taskflow_api_virtualenv.py
[2023-10-10T15:37:31.607+0000] {logging_mixin.py:151} INFO - [2023-10-10T15:37:31.607+0000] {dag.py:2915} INFO - Sync 1 DAGs
[2023-10-10T15:37:31.621+0000] {logging_mixin.py:151} INFO - [2023-10-10T15:37:31.621+0000] {dag.py:3696} INFO - Setting next_dagrun for tutorial_taskflow_api_virtualenv to None, run_after=None
[2023-10-10T15:37:31.638+0000] {processor.py:179} INFO - Processing /home/airflow/.local/lib/python3.8/site-packages/airflow/example_dags/tutorial_taskflow_api_virtualenv.py took 0.067 seconds
[2023-10-10T15:38:03.250+0000] {processor.py:157} INFO - Started process (PID=1656) to work on /home/airflow/.local/lib/python3.8/site-packages/airflow/example_dags/tutorial_taskflow_api_virtualenv.py
[2023-10-10T15:38:03.251+0000] {processor.py:829} INFO - Processing file /home/airflow/.local/lib/python3.8/site-packages/airflow/example_dags/tutorial_taskflow_api_virtualenv.py for tasks to queue
[2023-10-10T15:38:03.252+0000] {logging_mixin.py:151} INFO - [2023-10-10T15:38:03.252+0000] {dagbag.py:539} INFO - Filling up the DagBag from /home/airflow/.local/lib/python3.8/site-packages/airflow/example_dags/tutorial_taskflow_api_virtualenv.py
[2023-10-10T15:38:03.257+0000] {processor.py:839} INFO - DAG(s) dict_keys(['tutorial_taskflow_api_virtualenv']) retrieved from /home/airflow/.local/lib/python3.8/site-packages/airflow/example_dags/tutorial_taskflow_api_virtualenv.py
[2023-10-10T15:38:03.285+0000] {logging_mixin.py:151} INFO - [2023-10-10T15:38:03.284+0000] {dag.py:2915} INFO - Sync 1 DAGs
[2023-10-10T15:38:03.299+0000] {logging_mixin.py:151} INFO - [2023-10-10T15:38:03.299+0000] {dag.py:3696} INFO - Setting next_dagrun for tutorial_taskflow_api_virtualenv to None, run_after=None
[2023-10-10T15:38:03.321+0000] {processor.py:179} INFO - Processing /home/airflow/.local/lib/python3.8/site-packages/airflow/example_dags/tutorial_taskflow_api_virtualenv.py took 0.074 seconds
[2023-10-10T15:38:33.644+0000] {processor.py:157} INFO - Started process (PID=1710) to work on /home/airflow/.local/lib/python3.8/site-packages/airflow/example_dags/tutorial_taskflow_api_virtualenv.py
[2023-10-10T15:38:33.645+0000] {processor.py:829} INFO - Processing file /home/airflow/.local/lib/python3.8/site-packages/airflow/example_dags/tutorial_taskflow_api_virtualenv.py for tasks to queue
[2023-10-10T15:38:33.647+0000] {logging_mixin.py:151} INFO - [2023-10-10T15:38:33.646+0000] {dagbag.py:539} INFO - Filling up the DagBag from /home/airflow/.local/lib/python3.8/site-packages/airflow/example_dags/tutorial_taskflow_api_virtualenv.py
[2023-10-10T15:38:33.653+0000] {processor.py:839} INFO - DAG(s) dict_keys(['tutorial_taskflow_api_virtualenv']) retrieved from /home/airflow/.local/lib/python3.8/site-packages/airflow/example_dags/tutorial_taskflow_api_virtualenv.py
[2023-10-10T15:38:33.671+0000] {logging_mixin.py:151} INFO - [2023-10-10T15:38:33.671+0000] {dag.py:2915} INFO - Sync 1 DAGs
[2023-10-10T15:38:33.686+0000] {logging_mixin.py:151} INFO - [2023-10-10T15:38:33.685+0000] {dag.py:3696} INFO - Setting next_dagrun for tutorial_taskflow_api_virtualenv to None, run_after=None
[2023-10-10T15:38:33.705+0000] {processor.py:179} INFO - Processing /home/airflow/.local/lib/python3.8/site-packages/airflow/example_dags/tutorial_taskflow_api_virtualenv.py took 0.063 seconds
[2023-10-10T15:39:04.955+0000] {processor.py:157} INFO - Started process (PID=1764) to work on /home/airflow/.local/lib/python3.8/site-packages/airflow/example_dags/tutorial_taskflow_api_virtualenv.py
[2023-10-10T15:39:04.956+0000] {processor.py:829} INFO - Processing file /home/airflow/.local/lib/python3.8/site-packages/airflow/example_dags/tutorial_taskflow_api_virtualenv.py for tasks to queue
[2023-10-10T15:39:04.958+0000] {logging_mixin.py:151} INFO - [2023-10-10T15:39:04.958+0000] {dagbag.py:539} INFO - Filling up the DagBag from /home/airflow/.local/lib/python3.8/site-packages/airflow/example_dags/tutorial_taskflow_api_virtualenv.py
[2023-10-10T15:39:04.967+0000] {processor.py:839} INFO - DAG(s) dict_keys(['tutorial_taskflow_api_virtualenv']) retrieved from /home/airflow/.local/lib/python3.8/site-packages/airflow/example_dags/tutorial_taskflow_api_virtualenv.py
[2023-10-10T15:39:04.989+0000] {logging_mixin.py:151} INFO - [2023-10-10T15:39:04.989+0000] {dag.py:2915} INFO - Sync 1 DAGs
[2023-10-10T15:39:05.003+0000] {logging_mixin.py:151} INFO - [2023-10-10T15:39:05.003+0000] {dag.py:3696} INFO - Setting next_dagrun for tutorial_taskflow_api_virtualenv to None, run_after=None
[2023-10-10T15:39:05.025+0000] {processor.py:179} INFO - Processing /home/airflow/.local/lib/python3.8/site-packages/airflow/example_dags/tutorial_taskflow_api_virtualenv.py took 0.073 seconds
[2023-10-10T15:39:35.267+0000] {processor.py:157} INFO - Started process (PID=1818) to work on /home/airflow/.local/lib/python3.8/site-packages/airflow/example_dags/tutorial_taskflow_api_virtualenv.py
[2023-10-10T15:39:35.268+0000] {processor.py:829} INFO - Processing file /home/airflow/.local/lib/python3.8/site-packages/airflow/example_dags/tutorial_taskflow_api_virtualenv.py for tasks to queue
[2023-10-10T15:39:35.270+0000] {logging_mixin.py:151} INFO - [2023-10-10T15:39:35.269+0000] {dagbag.py:539} INFO - Filling up the DagBag from /home/airflow/.local/lib/python3.8/site-packages/airflow/example_dags/tutorial_taskflow_api_virtualenv.py
[2023-10-10T15:39:35.277+0000] {processor.py:839} INFO - DAG(s) dict_keys(['tutorial_taskflow_api_virtualenv']) retrieved from /home/airflow/.local/lib/python3.8/site-packages/airflow/example_dags/tutorial_taskflow_api_virtualenv.py
[2023-10-10T15:39:35.302+0000] {logging_mixin.py:151} INFO - [2023-10-10T15:39:35.302+0000] {dag.py:2915} INFO - Sync 1 DAGs
[2023-10-10T15:39:35.316+0000] {logging_mixin.py:151} INFO - [2023-10-10T15:39:35.316+0000] {dag.py:3696} INFO - Setting next_dagrun for tutorial_taskflow_api_virtualenv to None, run_after=None
[2023-10-10T15:39:35.332+0000] {processor.py:179} INFO - Processing /home/airflow/.local/lib/python3.8/site-packages/airflow/example_dags/tutorial_taskflow_api_virtualenv.py took 0.068 seconds
[2023-10-10T15:40:06.640+0000] {processor.py:157} INFO - Started process (PID=1872) to work on /home/airflow/.local/lib/python3.8/site-packages/airflow/example_dags/tutorial_taskflow_api_virtualenv.py
[2023-10-10T15:40:06.641+0000] {processor.py:829} INFO - Processing file /home/airflow/.local/lib/python3.8/site-packages/airflow/example_dags/tutorial_taskflow_api_virtualenv.py for tasks to queue
[2023-10-10T15:40:06.643+0000] {logging_mixin.py:151} INFO - [2023-10-10T15:40:06.642+0000] {dagbag.py:539} INFO - Filling up the DagBag from /home/airflow/.local/lib/python3.8/site-packages/airflow/example_dags/tutorial_taskflow_api_virtualenv.py
[2023-10-10T15:40:06.650+0000] {processor.py:839} INFO - DAG(s) dict_keys(['tutorial_taskflow_api_virtualenv']) retrieved from /home/airflow/.local/lib/python3.8/site-packages/airflow/example_dags/tutorial_taskflow_api_virtualenv.py
[2023-10-10T15:40:06.699+0000] {logging_mixin.py:151} INFO - [2023-10-10T15:40:06.699+0000] {dag.py:2915} INFO - Sync 1 DAGs
[2023-10-10T15:40:06.715+0000] {logging_mixin.py:151} INFO - [2023-10-10T15:40:06.714+0000] {dag.py:3696} INFO - Setting next_dagrun for tutorial_taskflow_api_virtualenv to None, run_after=None
[2023-10-10T15:40:06.737+0000] {processor.py:179} INFO - Processing /home/airflow/.local/lib/python3.8/site-packages/airflow/example_dags/tutorial_taskflow_api_virtualenv.py took 0.100 seconds
[2023-10-10T15:40:37.580+0000] {processor.py:157} INFO - Started process (PID=1926) to work on /home/airflow/.local/lib/python3.8/site-packages/airflow/example_dags/tutorial_taskflow_api_virtualenv.py
[2023-10-10T15:40:37.581+0000] {processor.py:829} INFO - Processing file /home/airflow/.local/lib/python3.8/site-packages/airflow/example_dags/tutorial_taskflow_api_virtualenv.py for tasks to queue
[2023-10-10T15:40:37.583+0000] {logging_mixin.py:151} INFO - [2023-10-10T15:40:37.583+0000] {dagbag.py:539} INFO - Filling up the DagBag from /home/airflow/.local/lib/python3.8/site-packages/airflow/example_dags/tutorial_taskflow_api_virtualenv.py
[2023-10-10T15:40:37.590+0000] {processor.py:839} INFO - DAG(s) dict_keys(['tutorial_taskflow_api_virtualenv']) retrieved from /home/airflow/.local/lib/python3.8/site-packages/airflow/example_dags/tutorial_taskflow_api_virtualenv.py
[2023-10-10T15:40:37.613+0000] {logging_mixin.py:151} INFO - [2023-10-10T15:40:37.613+0000] {dag.py:2915} INFO - Sync 1 DAGs
[2023-10-10T15:40:37.627+0000] {logging_mixin.py:151} INFO - [2023-10-10T15:40:37.627+0000] {dag.py:3696} INFO - Setting next_dagrun for tutorial_taskflow_api_virtualenv to None, run_after=None
[2023-10-10T15:40:37.643+0000] {processor.py:179} INFO - Processing /home/airflow/.local/lib/python3.8/site-packages/airflow/example_dags/tutorial_taskflow_api_virtualenv.py took 0.066 seconds
[2023-10-10T15:41:09.394+0000] {processor.py:157} INFO - Started process (PID=1980) to work on /home/airflow/.local/lib/python3.8/site-packages/airflow/example_dags/tutorial_taskflow_api_virtualenv.py
[2023-10-10T15:41:09.395+0000] {processor.py:829} INFO - Processing file /home/airflow/.local/lib/python3.8/site-packages/airflow/example_dags/tutorial_taskflow_api_virtualenv.py for tasks to queue
[2023-10-10T15:41:09.397+0000] {logging_mixin.py:151} INFO - [2023-10-10T15:41:09.397+0000] {dagbag.py:539} INFO - Filling up the DagBag from /home/airflow/.local/lib/python3.8/site-packages/airflow/example_dags/tutorial_taskflow_api_virtualenv.py
[2023-10-10T15:41:09.403+0000] {processor.py:839} INFO - DAG(s) dict_keys(['tutorial_taskflow_api_virtualenv']) retrieved from /home/airflow/.local/lib/python3.8/site-packages/airflow/example_dags/tutorial_taskflow_api_virtualenv.py
[2023-10-10T15:41:09.420+0000] {logging_mixin.py:151} INFO - [2023-10-10T15:41:09.420+0000] {dag.py:2915} INFO - Sync 1 DAGs
[2023-10-10T15:41:09.430+0000] {logging_mixin.py:151} INFO - [2023-10-10T15:41:09.430+0000] {dag.py:3696} INFO - Setting next_dagrun for tutorial_taskflow_api_virtualenv to None, run_after=None
[2023-10-10T15:41:09.444+0000] {processor.py:179} INFO - Processing /home/airflow/.local/lib/python3.8/site-packages/airflow/example_dags/tutorial_taskflow_api_virtualenv.py took 0.054 seconds
[2023-10-10T15:41:41.291+0000] {processor.py:157} INFO - Started process (PID=2033) to work on /home/airflow/.local/lib/python3.8/site-packages/airflow/example_dags/tutorial_taskflow_api_virtualenv.py
[2023-10-10T15:41:41.292+0000] {processor.py:829} INFO - Processing file /home/airflow/.local/lib/python3.8/site-packages/airflow/example_dags/tutorial_taskflow_api_virtualenv.py for tasks to queue
[2023-10-10T15:41:41.295+0000] {logging_mixin.py:151} INFO - [2023-10-10T15:41:41.294+0000] {dagbag.py:539} INFO - Filling up the DagBag from /home/airflow/.local/lib/python3.8/site-packages/airflow/example_dags/tutorial_taskflow_api_virtualenv.py
[2023-10-10T15:41:41.303+0000] {processor.py:839} INFO - DAG(s) dict_keys(['tutorial_taskflow_api_virtualenv']) retrieved from /home/airflow/.local/lib/python3.8/site-packages/airflow/example_dags/tutorial_taskflow_api_virtualenv.py
[2023-10-10T15:41:41.321+0000] {logging_mixin.py:151} INFO - [2023-10-10T15:41:41.320+0000] {dag.py:2915} INFO - Sync 1 DAGs
[2023-10-10T15:41:41.332+0000] {logging_mixin.py:151} INFO - [2023-10-10T15:41:41.332+0000] {dag.py:3696} INFO - Setting next_dagrun for tutorial_taskflow_api_virtualenv to None, run_after=None
[2023-10-10T15:41:41.382+0000] {processor.py:179} INFO - Processing /home/airflow/.local/lib/python3.8/site-packages/airflow/example_dags/tutorial_taskflow_api_virtualenv.py took 0.094 seconds
[2023-10-10T15:42:11.762+0000] {processor.py:157} INFO - Started process (PID=2087) to work on /home/airflow/.local/lib/python3.8/site-packages/airflow/example_dags/tutorial_taskflow_api_virtualenv.py
[2023-10-10T15:42:11.763+0000] {processor.py:829} INFO - Processing file /home/airflow/.local/lib/python3.8/site-packages/airflow/example_dags/tutorial_taskflow_api_virtualenv.py for tasks to queue
[2023-10-10T15:42:11.764+0000] {logging_mixin.py:151} INFO - [2023-10-10T15:42:11.764+0000] {dagbag.py:539} INFO - Filling up the DagBag from /home/airflow/.local/lib/python3.8/site-packages/airflow/example_dags/tutorial_taskflow_api_virtualenv.py
[2023-10-10T15:42:11.770+0000] {processor.py:839} INFO - DAG(s) dict_keys(['tutorial_taskflow_api_virtualenv']) retrieved from /home/airflow/.local/lib/python3.8/site-packages/airflow/example_dags/tutorial_taskflow_api_virtualenv.py
[2023-10-10T15:42:11.792+0000] {logging_mixin.py:151} INFO - [2023-10-10T15:42:11.791+0000] {dag.py:2915} INFO - Sync 1 DAGs
[2023-10-10T15:42:11.806+0000] {logging_mixin.py:151} INFO - [2023-10-10T15:42:11.806+0000] {dag.py:3696} INFO - Setting next_dagrun for tutorial_taskflow_api_virtualenv to None, run_after=None
[2023-10-10T15:42:11.826+0000] {processor.py:179} INFO - Processing /home/airflow/.local/lib/python3.8/site-packages/airflow/example_dags/tutorial_taskflow_api_virtualenv.py took 0.067 seconds
[2023-10-10T15:42:42.638+0000] {processor.py:157} INFO - Started process (PID=2141) to work on /home/airflow/.local/lib/python3.8/site-packages/airflow/example_dags/tutorial_taskflow_api_virtualenv.py
[2023-10-10T15:42:42.639+0000] {processor.py:829} INFO - Processing file /home/airflow/.local/lib/python3.8/site-packages/airflow/example_dags/tutorial_taskflow_api_virtualenv.py for tasks to queue
[2023-10-10T15:42:42.640+0000] {logging_mixin.py:151} INFO - [2023-10-10T15:42:42.640+0000] {dagbag.py:539} INFO - Filling up the DagBag from /home/airflow/.local/lib/python3.8/site-packages/airflow/example_dags/tutorial_taskflow_api_virtualenv.py
[2023-10-10T15:42:42.646+0000] {processor.py:839} INFO - DAG(s) dict_keys(['tutorial_taskflow_api_virtualenv']) retrieved from /home/airflow/.local/lib/python3.8/site-packages/airflow/example_dags/tutorial_taskflow_api_virtualenv.py
[2023-10-10T15:42:42.663+0000] {logging_mixin.py:151} INFO - [2023-10-10T15:42:42.663+0000] {dag.py:2915} INFO - Sync 1 DAGs
[2023-10-10T15:42:42.681+0000] {logging_mixin.py:151} INFO - [2023-10-10T15:42:42.681+0000] {dag.py:3696} INFO - Setting next_dagrun for tutorial_taskflow_api_virtualenv to None, run_after=None
[2023-10-10T15:42:42.702+0000] {processor.py:179} INFO - Processing /home/airflow/.local/lib/python3.8/site-packages/airflow/example_dags/tutorial_taskflow_api_virtualenv.py took 0.066 seconds
[2023-10-10T15:43:13.170+0000] {processor.py:157} INFO - Started process (PID=2195) to work on /home/airflow/.local/lib/python3.8/site-packages/airflow/example_dags/tutorial_taskflow_api_virtualenv.py
[2023-10-10T15:43:13.171+0000] {processor.py:829} INFO - Processing file /home/airflow/.local/lib/python3.8/site-packages/airflow/example_dags/tutorial_taskflow_api_virtualenv.py for tasks to queue
[2023-10-10T15:43:13.173+0000] {logging_mixin.py:151} INFO - [2023-10-10T15:43:13.172+0000] {dagbag.py:539} INFO - Filling up the DagBag from /home/airflow/.local/lib/python3.8/site-packages/airflow/example_dags/tutorial_taskflow_api_virtualenv.py
[2023-10-10T15:43:13.179+0000] {processor.py:839} INFO - DAG(s) dict_keys(['tutorial_taskflow_api_virtualenv']) retrieved from /home/airflow/.local/lib/python3.8/site-packages/airflow/example_dags/tutorial_taskflow_api_virtualenv.py
[2023-10-10T15:43:13.207+0000] {logging_mixin.py:151} INFO - [2023-10-10T15:43:13.207+0000] {dag.py:2915} INFO - Sync 1 DAGs
[2023-10-10T15:43:13.218+0000] {logging_mixin.py:151} INFO - [2023-10-10T15:43:13.218+0000] {dag.py:3696} INFO - Setting next_dagrun for tutorial_taskflow_api_virtualenv to None, run_after=None
[2023-10-10T15:43:13.235+0000] {processor.py:179} INFO - Processing /home/airflow/.local/lib/python3.8/site-packages/airflow/example_dags/tutorial_taskflow_api_virtualenv.py took 0.067 seconds
[2023-10-10T15:43:44.062+0000] {processor.py:157} INFO - Started process (PID=2249) to work on /home/airflow/.local/lib/python3.8/site-packages/airflow/example_dags/tutorial_taskflow_api_virtualenv.py
[2023-10-10T15:43:44.063+0000] {processor.py:829} INFO - Processing file /home/airflow/.local/lib/python3.8/site-packages/airflow/example_dags/tutorial_taskflow_api_virtualenv.py for tasks to queue
[2023-10-10T15:43:44.064+0000] {logging_mixin.py:151} INFO - [2023-10-10T15:43:44.064+0000] {dagbag.py:539} INFO - Filling up the DagBag from /home/airflow/.local/lib/python3.8/site-packages/airflow/example_dags/tutorial_taskflow_api_virtualenv.py
[2023-10-10T15:43:44.070+0000] {processor.py:839} INFO - DAG(s) dict_keys(['tutorial_taskflow_api_virtualenv']) retrieved from /home/airflow/.local/lib/python3.8/site-packages/airflow/example_dags/tutorial_taskflow_api_virtualenv.py
[2023-10-10T15:43:44.091+0000] {logging_mixin.py:151} INFO - [2023-10-10T15:43:44.091+0000] {dag.py:2915} INFO - Sync 1 DAGs
[2023-10-10T15:43:44.107+0000] {logging_mixin.py:151} INFO - [2023-10-10T15:43:44.107+0000] {dag.py:3696} INFO - Setting next_dagrun for tutorial_taskflow_api_virtualenv to None, run_after=None
[2023-10-10T15:43:44.129+0000] {processor.py:179} INFO - Processing /home/airflow/.local/lib/python3.8/site-packages/airflow/example_dags/tutorial_taskflow_api_virtualenv.py took 0.070 seconds
[2023-10-10T15:44:15.161+0000] {processor.py:157} INFO - Started process (PID=2303) to work on /home/airflow/.local/lib/python3.8/site-packages/airflow/example_dags/tutorial_taskflow_api_virtualenv.py
[2023-10-10T15:44:15.162+0000] {processor.py:829} INFO - Processing file /home/airflow/.local/lib/python3.8/site-packages/airflow/example_dags/tutorial_taskflow_api_virtualenv.py for tasks to queue
[2023-10-10T15:44:15.163+0000] {logging_mixin.py:151} INFO - [2023-10-10T15:44:15.163+0000] {dagbag.py:539} INFO - Filling up the DagBag from /home/airflow/.local/lib/python3.8/site-packages/airflow/example_dags/tutorial_taskflow_api_virtualenv.py
[2023-10-10T15:44:15.169+0000] {processor.py:839} INFO - DAG(s) dict_keys(['tutorial_taskflow_api_virtualenv']) retrieved from /home/airflow/.local/lib/python3.8/site-packages/airflow/example_dags/tutorial_taskflow_api_virtualenv.py
[2023-10-10T15:44:15.191+0000] {logging_mixin.py:151} INFO - [2023-10-10T15:44:15.191+0000] {dag.py:2915} INFO - Sync 1 DAGs
[2023-10-10T15:44:15.205+0000] {logging_mixin.py:151} INFO - [2023-10-10T15:44:15.205+0000] {dag.py:3696} INFO - Setting next_dagrun for tutorial_taskflow_api_virtualenv to None, run_after=None
[2023-10-10T15:44:15.220+0000] {processor.py:179} INFO - Processing /home/airflow/.local/lib/python3.8/site-packages/airflow/example_dags/tutorial_taskflow_api_virtualenv.py took 0.062 seconds
[2023-10-10T15:44:45.754+0000] {processor.py:157} INFO - Started process (PID=2357) to work on /home/airflow/.local/lib/python3.8/site-packages/airflow/example_dags/tutorial_taskflow_api_virtualenv.py
[2023-10-10T15:44:45.754+0000] {processor.py:829} INFO - Processing file /home/airflow/.local/lib/python3.8/site-packages/airflow/example_dags/tutorial_taskflow_api_virtualenv.py for tasks to queue
[2023-10-10T15:44:45.756+0000] {logging_mixin.py:151} INFO - [2023-10-10T15:44:45.756+0000] {dagbag.py:539} INFO - Filling up the DagBag from /home/airflow/.local/lib/python3.8/site-packages/airflow/example_dags/tutorial_taskflow_api_virtualenv.py
[2023-10-10T15:44:45.761+0000] {processor.py:839} INFO - DAG(s) dict_keys(['tutorial_taskflow_api_virtualenv']) retrieved from /home/airflow/.local/lib/python3.8/site-packages/airflow/example_dags/tutorial_taskflow_api_virtualenv.py
[2023-10-10T15:44:45.783+0000] {logging_mixin.py:151} INFO - [2023-10-10T15:44:45.783+0000] {dag.py:2915} INFO - Sync 1 DAGs
[2023-10-10T15:44:45.798+0000] {logging_mixin.py:151} INFO - [2023-10-10T15:44:45.798+0000] {dag.py:3696} INFO - Setting next_dagrun for tutorial_taskflow_api_virtualenv to None, run_after=None
[2023-10-10T15:44:45.818+0000] {processor.py:179} INFO - Processing /home/airflow/.local/lib/python3.8/site-packages/airflow/example_dags/tutorial_taskflow_api_virtualenv.py took 0.067 seconds
[2023-10-10T15:45:17.110+0000] {processor.py:157} INFO - Started process (PID=2411) to work on /home/airflow/.local/lib/python3.8/site-packages/airflow/example_dags/tutorial_taskflow_api_virtualenv.py
[2023-10-10T15:45:17.111+0000] {processor.py:829} INFO - Processing file /home/airflow/.local/lib/python3.8/site-packages/airflow/example_dags/tutorial_taskflow_api_virtualenv.py for tasks to queue
[2023-10-10T15:45:17.113+0000] {logging_mixin.py:151} INFO - [2023-10-10T15:45:17.113+0000] {dagbag.py:539} INFO - Filling up the DagBag from /home/airflow/.local/lib/python3.8/site-packages/airflow/example_dags/tutorial_taskflow_api_virtualenv.py
[2023-10-10T15:45:17.121+0000] {processor.py:839} INFO - DAG(s) dict_keys(['tutorial_taskflow_api_virtualenv']) retrieved from /home/airflow/.local/lib/python3.8/site-packages/airflow/example_dags/tutorial_taskflow_api_virtualenv.py
[2023-10-10T15:45:17.146+0000] {logging_mixin.py:151} INFO - [2023-10-10T15:45:17.146+0000] {dag.py:2915} INFO - Sync 1 DAGs
[2023-10-10T15:45:17.183+0000] {logging_mixin.py:151} INFO - [2023-10-10T15:45:17.183+0000] {dag.py:3696} INFO - Setting next_dagrun for tutorial_taskflow_api_virtualenv to None, run_after=None
[2023-10-10T15:45:17.206+0000] {processor.py:179} INFO - Processing /home/airflow/.local/lib/python3.8/site-packages/airflow/example_dags/tutorial_taskflow_api_virtualenv.py took 0.100 seconds
[2023-10-10T15:45:48.027+0000] {processor.py:157} INFO - Started process (PID=2466) to work on /home/airflow/.local/lib/python3.8/site-packages/airflow/example_dags/tutorial_taskflow_api_virtualenv.py
[2023-10-10T15:45:48.028+0000] {processor.py:829} INFO - Processing file /home/airflow/.local/lib/python3.8/site-packages/airflow/example_dags/tutorial_taskflow_api_virtualenv.py for tasks to queue
[2023-10-10T15:45:48.029+0000] {logging_mixin.py:151} INFO - [2023-10-10T15:45:48.029+0000] {dagbag.py:539} INFO - Filling up the DagBag from /home/airflow/.local/lib/python3.8/site-packages/airflow/example_dags/tutorial_taskflow_api_virtualenv.py
[2023-10-10T15:45:48.035+0000] {processor.py:839} INFO - DAG(s) dict_keys(['tutorial_taskflow_api_virtualenv']) retrieved from /home/airflow/.local/lib/python3.8/site-packages/airflow/example_dags/tutorial_taskflow_api_virtualenv.py
[2023-10-10T15:45:48.055+0000] {logging_mixin.py:151} INFO - [2023-10-10T15:45:48.054+0000] {dag.py:2915} INFO - Sync 1 DAGs
[2023-10-10T15:45:48.067+0000] {logging_mixin.py:151} INFO - [2023-10-10T15:45:48.067+0000] {dag.py:3696} INFO - Setting next_dagrun for tutorial_taskflow_api_virtualenv to None, run_after=None
[2023-10-10T15:45:48.089+0000] {processor.py:179} INFO - Processing /home/airflow/.local/lib/python3.8/site-packages/airflow/example_dags/tutorial_taskflow_api_virtualenv.py took 0.065 seconds
[2023-10-10T15:46:19.038+0000] {processor.py:157} INFO - Started process (PID=2519) to work on /home/airflow/.local/lib/python3.8/site-packages/airflow/example_dags/tutorial_taskflow_api_virtualenv.py
[2023-10-10T15:46:19.039+0000] {processor.py:829} INFO - Processing file /home/airflow/.local/lib/python3.8/site-packages/airflow/example_dags/tutorial_taskflow_api_virtualenv.py for tasks to queue
[2023-10-10T15:46:19.040+0000] {logging_mixin.py:151} INFO - [2023-10-10T15:46:19.040+0000] {dagbag.py:539} INFO - Filling up the DagBag from /home/airflow/.local/lib/python3.8/site-packages/airflow/example_dags/tutorial_taskflow_api_virtualenv.py
[2023-10-10T15:46:19.046+0000] {processor.py:839} INFO - DAG(s) dict_keys(['tutorial_taskflow_api_virtualenv']) retrieved from /home/airflow/.local/lib/python3.8/site-packages/airflow/example_dags/tutorial_taskflow_api_virtualenv.py
[2023-10-10T15:46:19.063+0000] {logging_mixin.py:151} INFO - [2023-10-10T15:46:19.063+0000] {dag.py:2915} INFO - Sync 1 DAGs
[2023-10-10T15:46:19.081+0000] {logging_mixin.py:151} INFO - [2023-10-10T15:46:19.081+0000] {dag.py:3696} INFO - Setting next_dagrun for tutorial_taskflow_api_virtualenv to None, run_after=None
[2023-10-10T15:46:19.095+0000] {processor.py:179} INFO - Processing /home/airflow/.local/lib/python3.8/site-packages/airflow/example_dags/tutorial_taskflow_api_virtualenv.py took 0.060 seconds
[2023-10-10T15:46:50.137+0000] {processor.py:157} INFO - Started process (PID=2573) to work on /home/airflow/.local/lib/python3.8/site-packages/airflow/example_dags/tutorial_taskflow_api_virtualenv.py
[2023-10-10T15:46:50.138+0000] {processor.py:829} INFO - Processing file /home/airflow/.local/lib/python3.8/site-packages/airflow/example_dags/tutorial_taskflow_api_virtualenv.py for tasks to queue
[2023-10-10T15:46:50.140+0000] {logging_mixin.py:151} INFO - [2023-10-10T15:46:50.140+0000] {dagbag.py:539} INFO - Filling up the DagBag from /home/airflow/.local/lib/python3.8/site-packages/airflow/example_dags/tutorial_taskflow_api_virtualenv.py
[2023-10-10T15:46:50.145+0000] {processor.py:839} INFO - DAG(s) dict_keys(['tutorial_taskflow_api_virtualenv']) retrieved from /home/airflow/.local/lib/python3.8/site-packages/airflow/example_dags/tutorial_taskflow_api_virtualenv.py
[2023-10-10T15:46:50.162+0000] {logging_mixin.py:151} INFO - [2023-10-10T15:46:50.162+0000] {dag.py:2915} INFO - Sync 1 DAGs
[2023-10-10T15:46:50.173+0000] {logging_mixin.py:151} INFO - [2023-10-10T15:46:50.173+0000] {dag.py:3696} INFO - Setting next_dagrun for tutorial_taskflow_api_virtualenv to None, run_after=None
[2023-10-10T15:46:50.188+0000] {processor.py:179} INFO - Processing /home/airflow/.local/lib/python3.8/site-packages/airflow/example_dags/tutorial_taskflow_api_virtualenv.py took 0.053 seconds
[2023-10-10T15:47:20.709+0000] {processor.py:157} INFO - Started process (PID=2627) to work on /home/airflow/.local/lib/python3.8/site-packages/airflow/example_dags/tutorial_taskflow_api_virtualenv.py
[2023-10-10T15:47:20.710+0000] {processor.py:829} INFO - Processing file /home/airflow/.local/lib/python3.8/site-packages/airflow/example_dags/tutorial_taskflow_api_virtualenv.py for tasks to queue
[2023-10-10T15:47:20.712+0000] {logging_mixin.py:151} INFO - [2023-10-10T15:47:20.711+0000] {dagbag.py:539} INFO - Filling up the DagBag from /home/airflow/.local/lib/python3.8/site-packages/airflow/example_dags/tutorial_taskflow_api_virtualenv.py
[2023-10-10T15:47:20.717+0000] {processor.py:839} INFO - DAG(s) dict_keys(['tutorial_taskflow_api_virtualenv']) retrieved from /home/airflow/.local/lib/python3.8/site-packages/airflow/example_dags/tutorial_taskflow_api_virtualenv.py
[2023-10-10T15:47:20.734+0000] {logging_mixin.py:151} INFO - [2023-10-10T15:47:20.734+0000] {dag.py:2915} INFO - Sync 1 DAGs
[2023-10-10T15:47:20.746+0000] {logging_mixin.py:151} INFO - [2023-10-10T15:47:20.746+0000] {dag.py:3696} INFO - Setting next_dagrun for tutorial_taskflow_api_virtualenv to None, run_after=None
[2023-10-10T15:47:20.761+0000] {processor.py:179} INFO - Processing /home/airflow/.local/lib/python3.8/site-packages/airflow/example_dags/tutorial_taskflow_api_virtualenv.py took 0.054 seconds
[2023-10-10T15:47:51.201+0000] {processor.py:157} INFO - Started process (PID=2681) to work on /home/airflow/.local/lib/python3.8/site-packages/airflow/example_dags/tutorial_taskflow_api_virtualenv.py
[2023-10-10T15:47:51.202+0000] {processor.py:829} INFO - Processing file /home/airflow/.local/lib/python3.8/site-packages/airflow/example_dags/tutorial_taskflow_api_virtualenv.py for tasks to queue
[2023-10-10T15:47:51.204+0000] {logging_mixin.py:151} INFO - [2023-10-10T15:47:51.203+0000] {dagbag.py:539} INFO - Filling up the DagBag from /home/airflow/.local/lib/python3.8/site-packages/airflow/example_dags/tutorial_taskflow_api_virtualenv.py
[2023-10-10T15:47:51.209+0000] {processor.py:839} INFO - DAG(s) dict_keys(['tutorial_taskflow_api_virtualenv']) retrieved from /home/airflow/.local/lib/python3.8/site-packages/airflow/example_dags/tutorial_taskflow_api_virtualenv.py
[2023-10-10T15:47:51.226+0000] {logging_mixin.py:151} INFO - [2023-10-10T15:47:51.226+0000] {dag.py:2915} INFO - Sync 1 DAGs
[2023-10-10T15:47:51.236+0000] {logging_mixin.py:151} INFO - [2023-10-10T15:47:51.236+0000] {dag.py:3696} INFO - Setting next_dagrun for tutorial_taskflow_api_virtualenv to None, run_after=None
[2023-10-10T15:47:51.251+0000] {processor.py:179} INFO - Processing /home/airflow/.local/lib/python3.8/site-packages/airflow/example_dags/tutorial_taskflow_api_virtualenv.py took 0.051 seconds
[2023-10-10T15:48:21.661+0000] {processor.py:157} INFO - Started process (PID=2735) to work on /home/airflow/.local/lib/python3.8/site-packages/airflow/example_dags/tutorial_taskflow_api_virtualenv.py
[2023-10-10T15:48:21.662+0000] {processor.py:829} INFO - Processing file /home/airflow/.local/lib/python3.8/site-packages/airflow/example_dags/tutorial_taskflow_api_virtualenv.py for tasks to queue
[2023-10-10T15:48:21.663+0000] {logging_mixin.py:151} INFO - [2023-10-10T15:48:21.663+0000] {dagbag.py:539} INFO - Filling up the DagBag from /home/airflow/.local/lib/python3.8/site-packages/airflow/example_dags/tutorial_taskflow_api_virtualenv.py
[2023-10-10T15:48:21.669+0000] {processor.py:839} INFO - DAG(s) dict_keys(['tutorial_taskflow_api_virtualenv']) retrieved from /home/airflow/.local/lib/python3.8/site-packages/airflow/example_dags/tutorial_taskflow_api_virtualenv.py
[2023-10-10T15:48:21.687+0000] {logging_mixin.py:151} INFO - [2023-10-10T15:48:21.686+0000] {dag.py:2915} INFO - Sync 1 DAGs
[2023-10-10T15:48:21.697+0000] {logging_mixin.py:151} INFO - [2023-10-10T15:48:21.697+0000] {dag.py:3696} INFO - Setting next_dagrun for tutorial_taskflow_api_virtualenv to None, run_after=None
[2023-10-10T15:48:21.712+0000] {processor.py:179} INFO - Processing /home/airflow/.local/lib/python3.8/site-packages/airflow/example_dags/tutorial_taskflow_api_virtualenv.py took 0.053 seconds
[2023-10-10T15:48:52.222+0000] {processor.py:157} INFO - Started process (PID=2789) to work on /home/airflow/.local/lib/python3.8/site-packages/airflow/example_dags/tutorial_taskflow_api_virtualenv.py
[2023-10-10T15:48:52.223+0000] {processor.py:829} INFO - Processing file /home/airflow/.local/lib/python3.8/site-packages/airflow/example_dags/tutorial_taskflow_api_virtualenv.py for tasks to queue
[2023-10-10T15:48:52.224+0000] {logging_mixin.py:151} INFO - [2023-10-10T15:48:52.224+0000] {dagbag.py:539} INFO - Filling up the DagBag from /home/airflow/.local/lib/python3.8/site-packages/airflow/example_dags/tutorial_taskflow_api_virtualenv.py
[2023-10-10T15:48:52.229+0000] {processor.py:839} INFO - DAG(s) dict_keys(['tutorial_taskflow_api_virtualenv']) retrieved from /home/airflow/.local/lib/python3.8/site-packages/airflow/example_dags/tutorial_taskflow_api_virtualenv.py
[2023-10-10T15:48:52.246+0000] {logging_mixin.py:151} INFO - [2023-10-10T15:48:52.245+0000] {dag.py:2915} INFO - Sync 1 DAGs
[2023-10-10T15:48:52.256+0000] {logging_mixin.py:151} INFO - [2023-10-10T15:48:52.256+0000] {dag.py:3696} INFO - Setting next_dagrun for tutorial_taskflow_api_virtualenv to None, run_after=None
[2023-10-10T15:48:52.271+0000] {processor.py:179} INFO - Processing /home/airflow/.local/lib/python3.8/site-packages/airflow/example_dags/tutorial_taskflow_api_virtualenv.py took 0.052 seconds
[2023-10-10T15:49:23.142+0000] {processor.py:157} INFO - Started process (PID=2843) to work on /home/airflow/.local/lib/python3.8/site-packages/airflow/example_dags/tutorial_taskflow_api_virtualenv.py
[2023-10-10T15:49:23.143+0000] {processor.py:829} INFO - Processing file /home/airflow/.local/lib/python3.8/site-packages/airflow/example_dags/tutorial_taskflow_api_virtualenv.py for tasks to queue
[2023-10-10T15:49:23.145+0000] {logging_mixin.py:151} INFO - [2023-10-10T15:49:23.145+0000] {dagbag.py:539} INFO - Filling up the DagBag from /home/airflow/.local/lib/python3.8/site-packages/airflow/example_dags/tutorial_taskflow_api_virtualenv.py
[2023-10-10T15:49:23.151+0000] {processor.py:839} INFO - DAG(s) dict_keys(['tutorial_taskflow_api_virtualenv']) retrieved from /home/airflow/.local/lib/python3.8/site-packages/airflow/example_dags/tutorial_taskflow_api_virtualenv.py
[2023-10-10T15:49:23.176+0000] {logging_mixin.py:151} INFO - [2023-10-10T15:49:23.176+0000] {dag.py:2915} INFO - Sync 1 DAGs
[2023-10-10T15:49:23.193+0000] {logging_mixin.py:151} INFO - [2023-10-10T15:49:23.192+0000] {dag.py:3696} INFO - Setting next_dagrun for tutorial_taskflow_api_virtualenv to None, run_after=None
[2023-10-10T15:49:23.213+0000] {processor.py:179} INFO - Processing /home/airflow/.local/lib/python3.8/site-packages/airflow/example_dags/tutorial_taskflow_api_virtualenv.py took 0.075 seconds
[2023-10-10T15:49:53.871+0000] {processor.py:157} INFO - Started process (PID=2897) to work on /home/airflow/.local/lib/python3.8/site-packages/airflow/example_dags/tutorial_taskflow_api_virtualenv.py
[2023-10-10T15:49:53.872+0000] {processor.py:829} INFO - Processing file /home/airflow/.local/lib/python3.8/site-packages/airflow/example_dags/tutorial_taskflow_api_virtualenv.py for tasks to queue
[2023-10-10T15:49:53.874+0000] {logging_mixin.py:151} INFO - [2023-10-10T15:49:53.874+0000] {dagbag.py:539} INFO - Filling up the DagBag from /home/airflow/.local/lib/python3.8/site-packages/airflow/example_dags/tutorial_taskflow_api_virtualenv.py
[2023-10-10T15:49:53.881+0000] {processor.py:839} INFO - DAG(s) dict_keys(['tutorial_taskflow_api_virtualenv']) retrieved from /home/airflow/.local/lib/python3.8/site-packages/airflow/example_dags/tutorial_taskflow_api_virtualenv.py
[2023-10-10T15:49:53.902+0000] {logging_mixin.py:151} INFO - [2023-10-10T15:49:53.902+0000] {dag.py:2915} INFO - Sync 1 DAGs
[2023-10-10T15:49:53.914+0000] {logging_mixin.py:151} INFO - [2023-10-10T15:49:53.914+0000] {dag.py:3696} INFO - Setting next_dagrun for tutorial_taskflow_api_virtualenv to None, run_after=None
[2023-10-10T15:49:53.933+0000] {processor.py:179} INFO - Processing /home/airflow/.local/lib/python3.8/site-packages/airflow/example_dags/tutorial_taskflow_api_virtualenv.py took 0.066 seconds
[2023-10-10T15:50:24.755+0000] {processor.py:157} INFO - Started process (PID=2951) to work on /home/airflow/.local/lib/python3.8/site-packages/airflow/example_dags/tutorial_taskflow_api_virtualenv.py
[2023-10-10T15:50:24.756+0000] {processor.py:829} INFO - Processing file /home/airflow/.local/lib/python3.8/site-packages/airflow/example_dags/tutorial_taskflow_api_virtualenv.py for tasks to queue
[2023-10-10T15:50:24.757+0000] {logging_mixin.py:151} INFO - [2023-10-10T15:50:24.757+0000] {dagbag.py:539} INFO - Filling up the DagBag from /home/airflow/.local/lib/python3.8/site-packages/airflow/example_dags/tutorial_taskflow_api_virtualenv.py
[2023-10-10T15:50:24.763+0000] {processor.py:839} INFO - DAG(s) dict_keys(['tutorial_taskflow_api_virtualenv']) retrieved from /home/airflow/.local/lib/python3.8/site-packages/airflow/example_dags/tutorial_taskflow_api_virtualenv.py
[2023-10-10T15:50:24.790+0000] {logging_mixin.py:151} INFO - [2023-10-10T15:50:24.790+0000] {dag.py:2915} INFO - Sync 1 DAGs
[2023-10-10T15:50:24.803+0000] {logging_mixin.py:151} INFO - [2023-10-10T15:50:24.803+0000] {dag.py:3696} INFO - Setting next_dagrun for tutorial_taskflow_api_virtualenv to None, run_after=None
[2023-10-10T15:50:24.820+0000] {processor.py:179} INFO - Processing /home/airflow/.local/lib/python3.8/site-packages/airflow/example_dags/tutorial_taskflow_api_virtualenv.py took 0.068 seconds
[2023-10-10T15:50:55.377+0000] {processor.py:157} INFO - Started process (PID=3005) to work on /home/airflow/.local/lib/python3.8/site-packages/airflow/example_dags/tutorial_taskflow_api_virtualenv.py
[2023-10-10T15:50:55.378+0000] {processor.py:829} INFO - Processing file /home/airflow/.local/lib/python3.8/site-packages/airflow/example_dags/tutorial_taskflow_api_virtualenv.py for tasks to queue
[2023-10-10T15:50:55.380+0000] {logging_mixin.py:151} INFO - [2023-10-10T15:50:55.380+0000] {dagbag.py:539} INFO - Filling up the DagBag from /home/airflow/.local/lib/python3.8/site-packages/airflow/example_dags/tutorial_taskflow_api_virtualenv.py
[2023-10-10T15:50:55.385+0000] {processor.py:839} INFO - DAG(s) dict_keys(['tutorial_taskflow_api_virtualenv']) retrieved from /home/airflow/.local/lib/python3.8/site-packages/airflow/example_dags/tutorial_taskflow_api_virtualenv.py
[2023-10-10T15:50:55.407+0000] {logging_mixin.py:151} INFO - [2023-10-10T15:50:55.406+0000] {dag.py:2915} INFO - Sync 1 DAGs
[2023-10-10T15:50:55.419+0000] {logging_mixin.py:151} INFO - [2023-10-10T15:50:55.419+0000] {dag.py:3696} INFO - Setting next_dagrun for tutorial_taskflow_api_virtualenv to None, run_after=None
[2023-10-10T15:50:55.435+0000] {processor.py:179} INFO - Processing /home/airflow/.local/lib/python3.8/site-packages/airflow/example_dags/tutorial_taskflow_api_virtualenv.py took 0.060 seconds
[2023-10-10T15:51:26.285+0000] {processor.py:157} INFO - Started process (PID=3059) to work on /home/airflow/.local/lib/python3.8/site-packages/airflow/example_dags/tutorial_taskflow_api_virtualenv.py
[2023-10-10T15:51:26.286+0000] {processor.py:829} INFO - Processing file /home/airflow/.local/lib/python3.8/site-packages/airflow/example_dags/tutorial_taskflow_api_virtualenv.py for tasks to queue
[2023-10-10T15:51:26.288+0000] {logging_mixin.py:151} INFO - [2023-10-10T15:51:26.288+0000] {dagbag.py:539} INFO - Filling up the DagBag from /home/airflow/.local/lib/python3.8/site-packages/airflow/example_dags/tutorial_taskflow_api_virtualenv.py
[2023-10-10T15:51:26.293+0000] {processor.py:839} INFO - DAG(s) dict_keys(['tutorial_taskflow_api_virtualenv']) retrieved from /home/airflow/.local/lib/python3.8/site-packages/airflow/example_dags/tutorial_taskflow_api_virtualenv.py
[2023-10-10T15:51:26.310+0000] {logging_mixin.py:151} INFO - [2023-10-10T15:51:26.310+0000] {dag.py:2915} INFO - Sync 1 DAGs
[2023-10-10T15:51:26.321+0000] {logging_mixin.py:151} INFO - [2023-10-10T15:51:26.320+0000] {dag.py:3696} INFO - Setting next_dagrun for tutorial_taskflow_api_virtualenv to None, run_after=None
[2023-10-10T15:51:26.335+0000] {processor.py:179} INFO - Processing /home/airflow/.local/lib/python3.8/site-packages/airflow/example_dags/tutorial_taskflow_api_virtualenv.py took 0.052 seconds
[2023-10-10T15:51:58.146+0000] {processor.py:157} INFO - Started process (PID=3120) to work on /home/airflow/.local/lib/python3.8/site-packages/airflow/example_dags/tutorial_taskflow_api_virtualenv.py
[2023-10-10T15:51:58.147+0000] {processor.py:829} INFO - Processing file /home/airflow/.local/lib/python3.8/site-packages/airflow/example_dags/tutorial_taskflow_api_virtualenv.py for tasks to queue
[2023-10-10T15:51:58.148+0000] {logging_mixin.py:151} INFO - [2023-10-10T15:51:58.148+0000] {dagbag.py:539} INFO - Filling up the DagBag from /home/airflow/.local/lib/python3.8/site-packages/airflow/example_dags/tutorial_taskflow_api_virtualenv.py
[2023-10-10T15:51:58.153+0000] {processor.py:839} INFO - DAG(s) dict_keys(['tutorial_taskflow_api_virtualenv']) retrieved from /home/airflow/.local/lib/python3.8/site-packages/airflow/example_dags/tutorial_taskflow_api_virtualenv.py
[2023-10-10T15:51:58.198+0000] {logging_mixin.py:151} INFO - [2023-10-10T15:51:58.198+0000] {dag.py:2915} INFO - Sync 1 DAGs
[2023-10-10T15:51:58.215+0000] {logging_mixin.py:151} INFO - [2023-10-10T15:51:58.215+0000] {dag.py:3696} INFO - Setting next_dagrun for tutorial_taskflow_api_virtualenv to None, run_after=None
[2023-10-10T15:51:58.230+0000] {processor.py:179} INFO - Processing /home/airflow/.local/lib/python3.8/site-packages/airflow/example_dags/tutorial_taskflow_api_virtualenv.py took 0.086 seconds
[2023-10-10T15:52:29.506+0000] {processor.py:157} INFO - Started process (PID=3182) to work on /home/airflow/.local/lib/python3.8/site-packages/airflow/example_dags/tutorial_taskflow_api_virtualenv.py
[2023-10-10T15:52:29.507+0000] {processor.py:829} INFO - Processing file /home/airflow/.local/lib/python3.8/site-packages/airflow/example_dags/tutorial_taskflow_api_virtualenv.py for tasks to queue
[2023-10-10T15:52:29.509+0000] {logging_mixin.py:151} INFO - [2023-10-10T15:52:29.509+0000] {dagbag.py:539} INFO - Filling up the DagBag from /home/airflow/.local/lib/python3.8/site-packages/airflow/example_dags/tutorial_taskflow_api_virtualenv.py
[2023-10-10T15:52:29.515+0000] {processor.py:839} INFO - DAG(s) dict_keys(['tutorial_taskflow_api_virtualenv']) retrieved from /home/airflow/.local/lib/python3.8/site-packages/airflow/example_dags/tutorial_taskflow_api_virtualenv.py
[2023-10-10T15:52:29.533+0000] {logging_mixin.py:151} INFO - [2023-10-10T15:52:29.533+0000] {dag.py:2915} INFO - Sync 1 DAGs
[2023-10-10T15:52:29.545+0000] {logging_mixin.py:151} INFO - [2023-10-10T15:52:29.545+0000] {dag.py:3696} INFO - Setting next_dagrun for tutorial_taskflow_api_virtualenv to None, run_after=None
[2023-10-10T15:52:29.583+0000] {processor.py:179} INFO - Processing /home/airflow/.local/lib/python3.8/site-packages/airflow/example_dags/tutorial_taskflow_api_virtualenv.py took 0.079 seconds
[2023-10-10T15:53:00.486+0000] {processor.py:157} INFO - Started process (PID=3237) to work on /home/airflow/.local/lib/python3.8/site-packages/airflow/example_dags/tutorial_taskflow_api_virtualenv.py
[2023-10-10T15:53:00.487+0000] {processor.py:829} INFO - Processing file /home/airflow/.local/lib/python3.8/site-packages/airflow/example_dags/tutorial_taskflow_api_virtualenv.py for tasks to queue
[2023-10-10T15:53:00.489+0000] {logging_mixin.py:151} INFO - [2023-10-10T15:53:00.488+0000] {dagbag.py:539} INFO - Filling up the DagBag from /home/airflow/.local/lib/python3.8/site-packages/airflow/example_dags/tutorial_taskflow_api_virtualenv.py
[2023-10-10T15:53:00.496+0000] {processor.py:839} INFO - DAG(s) dict_keys(['tutorial_taskflow_api_virtualenv']) retrieved from /home/airflow/.local/lib/python3.8/site-packages/airflow/example_dags/tutorial_taskflow_api_virtualenv.py
[2023-10-10T15:53:00.517+0000] {logging_mixin.py:151} INFO - [2023-10-10T15:53:00.517+0000] {dag.py:2915} INFO - Sync 1 DAGs
[2023-10-10T15:53:00.532+0000] {logging_mixin.py:151} INFO - [2023-10-10T15:53:00.532+0000] {dag.py:3696} INFO - Setting next_dagrun for tutorial_taskflow_api_virtualenv to None, run_after=None
[2023-10-10T15:53:00.553+0000] {processor.py:179} INFO - Processing /home/airflow/.local/lib/python3.8/site-packages/airflow/example_dags/tutorial_taskflow_api_virtualenv.py took 0.070 seconds
[2023-10-10T15:53:31.432+0000] {processor.py:157} INFO - Started process (PID=3290) to work on /home/airflow/.local/lib/python3.8/site-packages/airflow/example_dags/tutorial_taskflow_api_virtualenv.py
[2023-10-10T15:53:31.432+0000] {processor.py:829} INFO - Processing file /home/airflow/.local/lib/python3.8/site-packages/airflow/example_dags/tutorial_taskflow_api_virtualenv.py for tasks to queue
[2023-10-10T15:53:31.435+0000] {logging_mixin.py:151} INFO - [2023-10-10T15:53:31.435+0000] {dagbag.py:539} INFO - Filling up the DagBag from /home/airflow/.local/lib/python3.8/site-packages/airflow/example_dags/tutorial_taskflow_api_virtualenv.py
[2023-10-10T15:53:31.441+0000] {processor.py:839} INFO - DAG(s) dict_keys(['tutorial_taskflow_api_virtualenv']) retrieved from /home/airflow/.local/lib/python3.8/site-packages/airflow/example_dags/tutorial_taskflow_api_virtualenv.py
[2023-10-10T15:53:31.489+0000] {logging_mixin.py:151} INFO - [2023-10-10T15:53:31.489+0000] {dag.py:2915} INFO - Sync 1 DAGs
[2023-10-10T15:53:31.506+0000] {logging_mixin.py:151} INFO - [2023-10-10T15:53:31.506+0000] {dag.py:3696} INFO - Setting next_dagrun for tutorial_taskflow_api_virtualenv to None, run_after=None
[2023-10-10T15:53:31.526+0000] {processor.py:179} INFO - Processing /home/airflow/.local/lib/python3.8/site-packages/airflow/example_dags/tutorial_taskflow_api_virtualenv.py took 0.097 seconds
[2023-10-10T15:54:02.650+0000] {processor.py:157} INFO - Started process (PID=3345) to work on /home/airflow/.local/lib/python3.8/site-packages/airflow/example_dags/tutorial_taskflow_api_virtualenv.py
[2023-10-10T15:54:02.651+0000] {processor.py:829} INFO - Processing file /home/airflow/.local/lib/python3.8/site-packages/airflow/example_dags/tutorial_taskflow_api_virtualenv.py for tasks to queue
[2023-10-10T15:54:02.653+0000] {logging_mixin.py:151} INFO - [2023-10-10T15:54:02.653+0000] {dagbag.py:539} INFO - Filling up the DagBag from /home/airflow/.local/lib/python3.8/site-packages/airflow/example_dags/tutorial_taskflow_api_virtualenv.py
[2023-10-10T15:54:02.660+0000] {processor.py:839} INFO - DAG(s) dict_keys(['tutorial_taskflow_api_virtualenv']) retrieved from /home/airflow/.local/lib/python3.8/site-packages/airflow/example_dags/tutorial_taskflow_api_virtualenv.py
[2023-10-10T15:54:02.687+0000] {logging_mixin.py:151} INFO - [2023-10-10T15:54:02.686+0000] {dag.py:2915} INFO - Sync 1 DAGs
[2023-10-10T15:54:02.703+0000] {logging_mixin.py:151} INFO - [2023-10-10T15:54:02.702+0000] {dag.py:3696} INFO - Setting next_dagrun for tutorial_taskflow_api_virtualenv to None, run_after=None
[2023-10-10T15:54:02.724+0000] {processor.py:179} INFO - Processing /home/airflow/.local/lib/python3.8/site-packages/airflow/example_dags/tutorial_taskflow_api_virtualenv.py took 0.078 seconds
[2023-10-10T15:54:32.962+0000] {processor.py:157} INFO - Started process (PID=3399) to work on /home/airflow/.local/lib/python3.8/site-packages/airflow/example_dags/tutorial_taskflow_api_virtualenv.py
[2023-10-10T15:54:32.964+0000] {processor.py:829} INFO - Processing file /home/airflow/.local/lib/python3.8/site-packages/airflow/example_dags/tutorial_taskflow_api_virtualenv.py for tasks to queue
[2023-10-10T15:54:32.967+0000] {logging_mixin.py:151} INFO - [2023-10-10T15:54:32.966+0000] {dagbag.py:539} INFO - Filling up the DagBag from /home/airflow/.local/lib/python3.8/site-packages/airflow/example_dags/tutorial_taskflow_api_virtualenv.py
[2023-10-10T15:54:32.975+0000] {processor.py:839} INFO - DAG(s) dict_keys(['tutorial_taskflow_api_virtualenv']) retrieved from /home/airflow/.local/lib/python3.8/site-packages/airflow/example_dags/tutorial_taskflow_api_virtualenv.py
[2023-10-10T15:54:33.004+0000] {logging_mixin.py:151} INFO - [2023-10-10T15:54:33.004+0000] {dag.py:2915} INFO - Sync 1 DAGs
[2023-10-10T15:54:33.022+0000] {logging_mixin.py:151} INFO - [2023-10-10T15:54:33.021+0000] {dag.py:3696} INFO - Setting next_dagrun for tutorial_taskflow_api_virtualenv to None, run_after=None
[2023-10-10T15:54:33.050+0000] {processor.py:179} INFO - Processing /home/airflow/.local/lib/python3.8/site-packages/airflow/example_dags/tutorial_taskflow_api_virtualenv.py took 0.092 seconds
[2023-10-10T15:55:03.615+0000] {processor.py:157} INFO - Started process (PID=3453) to work on /home/airflow/.local/lib/python3.8/site-packages/airflow/example_dags/tutorial_taskflow_api_virtualenv.py
[2023-10-10T15:55:03.616+0000] {processor.py:829} INFO - Processing file /home/airflow/.local/lib/python3.8/site-packages/airflow/example_dags/tutorial_taskflow_api_virtualenv.py for tasks to queue
[2023-10-10T15:55:03.617+0000] {logging_mixin.py:151} INFO - [2023-10-10T15:55:03.617+0000] {dagbag.py:539} INFO - Filling up the DagBag from /home/airflow/.local/lib/python3.8/site-packages/airflow/example_dags/tutorial_taskflow_api_virtualenv.py
[2023-10-10T15:55:03.623+0000] {processor.py:839} INFO - DAG(s) dict_keys(['tutorial_taskflow_api_virtualenv']) retrieved from /home/airflow/.local/lib/python3.8/site-packages/airflow/example_dags/tutorial_taskflow_api_virtualenv.py
[2023-10-10T15:55:03.644+0000] {logging_mixin.py:151} INFO - [2023-10-10T15:55:03.644+0000] {dag.py:2915} INFO - Sync 1 DAGs
[2023-10-10T15:55:03.658+0000] {logging_mixin.py:151} INFO - [2023-10-10T15:55:03.658+0000] {dag.py:3696} INFO - Setting next_dagrun for tutorial_taskflow_api_virtualenv to None, run_after=None
[2023-10-10T15:55:03.683+0000] {processor.py:179} INFO - Processing /home/airflow/.local/lib/python3.8/site-packages/airflow/example_dags/tutorial_taskflow_api_virtualenv.py took 0.072 seconds
[2023-10-10T15:55:34.856+0000] {processor.py:157} INFO - Started process (PID=3508) to work on /home/airflow/.local/lib/python3.8/site-packages/airflow/example_dags/tutorial_taskflow_api_virtualenv.py
[2023-10-10T15:55:34.857+0000] {processor.py:829} INFO - Processing file /home/airflow/.local/lib/python3.8/site-packages/airflow/example_dags/tutorial_taskflow_api_virtualenv.py for tasks to queue
[2023-10-10T15:55:34.858+0000] {logging_mixin.py:151} INFO - [2023-10-10T15:55:34.858+0000] {dagbag.py:539} INFO - Filling up the DagBag from /home/airflow/.local/lib/python3.8/site-packages/airflow/example_dags/tutorial_taskflow_api_virtualenv.py
[2023-10-10T15:55:34.864+0000] {processor.py:839} INFO - DAG(s) dict_keys(['tutorial_taskflow_api_virtualenv']) retrieved from /home/airflow/.local/lib/python3.8/site-packages/airflow/example_dags/tutorial_taskflow_api_virtualenv.py
[2023-10-10T15:55:34.888+0000] {logging_mixin.py:151} INFO - [2023-10-10T15:55:34.888+0000] {dag.py:2915} INFO - Sync 1 DAGs
[2023-10-10T15:55:34.899+0000] {logging_mixin.py:151} INFO - [2023-10-10T15:55:34.898+0000] {dag.py:3696} INFO - Setting next_dagrun for tutorial_taskflow_api_virtualenv to None, run_after=None
[2023-10-10T15:55:34.914+0000] {processor.py:179} INFO - Processing /home/airflow/.local/lib/python3.8/site-packages/airflow/example_dags/tutorial_taskflow_api_virtualenv.py took 0.061 seconds
[2023-10-10T15:56:06.640+0000] {processor.py:157} INFO - Started process (PID=3566) to work on /home/airflow/.local/lib/python3.8/site-packages/airflow/example_dags/tutorial_taskflow_api_virtualenv.py
[2023-10-10T15:56:06.641+0000] {processor.py:829} INFO - Processing file /home/airflow/.local/lib/python3.8/site-packages/airflow/example_dags/tutorial_taskflow_api_virtualenv.py for tasks to queue
[2023-10-10T15:56:06.643+0000] {logging_mixin.py:151} INFO - [2023-10-10T15:56:06.643+0000] {dagbag.py:539} INFO - Filling up the DagBag from /home/airflow/.local/lib/python3.8/site-packages/airflow/example_dags/tutorial_taskflow_api_virtualenv.py
[2023-10-10T15:56:06.648+0000] {processor.py:839} INFO - DAG(s) dict_keys(['tutorial_taskflow_api_virtualenv']) retrieved from /home/airflow/.local/lib/python3.8/site-packages/airflow/example_dags/tutorial_taskflow_api_virtualenv.py
[2023-10-10T15:56:06.666+0000] {logging_mixin.py:151} INFO - [2023-10-10T15:56:06.666+0000] {dag.py:2915} INFO - Sync 1 DAGs
[2023-10-10T15:56:06.678+0000] {logging_mixin.py:151} INFO - [2023-10-10T15:56:06.678+0000] {dag.py:3696} INFO - Setting next_dagrun for tutorial_taskflow_api_virtualenv to None, run_after=None
[2023-10-10T15:56:06.692+0000] {processor.py:179} INFO - Processing /home/airflow/.local/lib/python3.8/site-packages/airflow/example_dags/tutorial_taskflow_api_virtualenv.py took 0.054 seconds
[2023-10-10T15:56:37.947+0000] {processor.py:157} INFO - Started process (PID=3622) to work on /home/airflow/.local/lib/python3.8/site-packages/airflow/example_dags/tutorial_taskflow_api_virtualenv.py
[2023-10-10T15:56:37.948+0000] {processor.py:829} INFO - Processing file /home/airflow/.local/lib/python3.8/site-packages/airflow/example_dags/tutorial_taskflow_api_virtualenv.py for tasks to queue
[2023-10-10T15:56:37.950+0000] {logging_mixin.py:151} INFO - [2023-10-10T15:56:37.949+0000] {dagbag.py:539} INFO - Filling up the DagBag from /home/airflow/.local/lib/python3.8/site-packages/airflow/example_dags/tutorial_taskflow_api_virtualenv.py
[2023-10-10T15:56:37.955+0000] {processor.py:839} INFO - DAG(s) dict_keys(['tutorial_taskflow_api_virtualenv']) retrieved from /home/airflow/.local/lib/python3.8/site-packages/airflow/example_dags/tutorial_taskflow_api_virtualenv.py
[2023-10-10T15:56:37.974+0000] {logging_mixin.py:151} INFO - [2023-10-10T15:56:37.974+0000] {dag.py:2915} INFO - Sync 1 DAGs
[2023-10-10T15:56:37.986+0000] {logging_mixin.py:151} INFO - [2023-10-10T15:56:37.986+0000] {dag.py:3696} INFO - Setting next_dagrun for tutorial_taskflow_api_virtualenv to None, run_after=None
[2023-10-10T15:56:38.005+0000] {processor.py:179} INFO - Processing /home/airflow/.local/lib/python3.8/site-packages/airflow/example_dags/tutorial_taskflow_api_virtualenv.py took 0.066 seconds
[2023-10-10T15:57:09.851+0000] {processor.py:157} INFO - Started process (PID=3676) to work on /home/airflow/.local/lib/python3.8/site-packages/airflow/example_dags/tutorial_taskflow_api_virtualenv.py
[2023-10-10T15:57:09.853+0000] {processor.py:829} INFO - Processing file /home/airflow/.local/lib/python3.8/site-packages/airflow/example_dags/tutorial_taskflow_api_virtualenv.py for tasks to queue
[2023-10-10T15:57:09.875+0000] {logging_mixin.py:151} INFO - [2023-10-10T15:57:09.855+0000] {dagbag.py:539} INFO - Filling up the DagBag from /home/airflow/.local/lib/python3.8/site-packages/airflow/example_dags/tutorial_taskflow_api_virtualenv.py
[2023-10-10T15:57:09.885+0000] {processor.py:839} INFO - DAG(s) dict_keys(['tutorial_taskflow_api_virtualenv']) retrieved from /home/airflow/.local/lib/python3.8/site-packages/airflow/example_dags/tutorial_taskflow_api_virtualenv.py
[2023-10-10T15:57:09.926+0000] {logging_mixin.py:151} INFO - [2023-10-10T15:57:09.925+0000] {dag.py:2915} INFO - Sync 1 DAGs
[2023-10-10T15:57:09.938+0000] {logging_mixin.py:151} INFO - [2023-10-10T15:57:09.938+0000] {dag.py:3696} INFO - Setting next_dagrun for tutorial_taskflow_api_virtualenv to None, run_after=None
[2023-10-10T15:57:09.978+0000] {processor.py:179} INFO - Processing /home/airflow/.local/lib/python3.8/site-packages/airflow/example_dags/tutorial_taskflow_api_virtualenv.py took 0.130 seconds
[2023-10-10T16:51:15.475+0000] {processor.py:157} INFO - Started process (PID=188) to work on /home/airflow/.local/lib/python3.8/site-packages/airflow/example_dags/tutorial_taskflow_api_virtualenv.py
[2023-10-10T16:51:15.476+0000] {processor.py:829} INFO - Processing file /home/airflow/.local/lib/python3.8/site-packages/airflow/example_dags/tutorial_taskflow_api_virtualenv.py for tasks to queue
[2023-10-10T16:51:15.477+0000] {logging_mixin.py:151} INFO - [2023-10-10T16:51:15.477+0000] {dagbag.py:539} INFO - Filling up the DagBag from /home/airflow/.local/lib/python3.8/site-packages/airflow/example_dags/tutorial_taskflow_api_virtualenv.py
[2023-10-10T16:51:15.483+0000] {processor.py:839} INFO - DAG(s) dict_keys(['tutorial_taskflow_api_virtualenv']) retrieved from /home/airflow/.local/lib/python3.8/site-packages/airflow/example_dags/tutorial_taskflow_api_virtualenv.py
[2023-10-10T16:51:15.503+0000] {logging_mixin.py:151} INFO - [2023-10-10T16:51:15.503+0000] {dag.py:2915} INFO - Sync 1 DAGs
[2023-10-10T16:51:15.516+0000] {logging_mixin.py:151} INFO - [2023-10-10T16:51:15.516+0000] {dag.py:3696} INFO - Setting next_dagrun for tutorial_taskflow_api_virtualenv to None, run_after=None
[2023-10-10T16:51:15.532+0000] {processor.py:179} INFO - Processing /home/airflow/.local/lib/python3.8/site-packages/airflow/example_dags/tutorial_taskflow_api_virtualenv.py took 0.060 seconds
[2023-10-10T16:51:49.533+0000] {processor.py:157} INFO - Started process (PID=248) to work on /home/airflow/.local/lib/python3.8/site-packages/airflow/example_dags/tutorial_taskflow_api_virtualenv.py
[2023-10-10T16:51:49.534+0000] {processor.py:829} INFO - Processing file /home/airflow/.local/lib/python3.8/site-packages/airflow/example_dags/tutorial_taskflow_api_virtualenv.py for tasks to queue
[2023-10-10T16:51:49.536+0000] {logging_mixin.py:151} INFO - [2023-10-10T16:51:49.536+0000] {dagbag.py:539} INFO - Filling up the DagBag from /home/airflow/.local/lib/python3.8/site-packages/airflow/example_dags/tutorial_taskflow_api_virtualenv.py
[2023-10-10T16:51:49.543+0000] {processor.py:839} INFO - DAG(s) dict_keys(['tutorial_taskflow_api_virtualenv']) retrieved from /home/airflow/.local/lib/python3.8/site-packages/airflow/example_dags/tutorial_taskflow_api_virtualenv.py
[2023-10-10T16:51:49.636+0000] {logging_mixin.py:151} INFO - [2023-10-10T16:51:49.636+0000] {dag.py:2915} INFO - Sync 1 DAGs
[2023-10-10T16:51:49.727+0000] {logging_mixin.py:151} INFO - [2023-10-10T16:51:49.727+0000] {dag.py:3696} INFO - Setting next_dagrun for tutorial_taskflow_api_virtualenv to None, run_after=None
[2023-10-10T16:51:49.752+0000] {processor.py:179} INFO - Processing /home/airflow/.local/lib/python3.8/site-packages/airflow/example_dags/tutorial_taskflow_api_virtualenv.py took 0.222 seconds
[2023-10-10T16:52:20.167+0000] {processor.py:157} INFO - Started process (PID=302) to work on /home/airflow/.local/lib/python3.8/site-packages/airflow/example_dags/tutorial_taskflow_api_virtualenv.py
[2023-10-10T16:52:20.168+0000] {processor.py:829} INFO - Processing file /home/airflow/.local/lib/python3.8/site-packages/airflow/example_dags/tutorial_taskflow_api_virtualenv.py for tasks to queue
[2023-10-10T16:52:20.169+0000] {logging_mixin.py:151} INFO - [2023-10-10T16:52:20.169+0000] {dagbag.py:539} INFO - Filling up the DagBag from /home/airflow/.local/lib/python3.8/site-packages/airflow/example_dags/tutorial_taskflow_api_virtualenv.py
[2023-10-10T16:52:20.175+0000] {processor.py:839} INFO - DAG(s) dict_keys(['tutorial_taskflow_api_virtualenv']) retrieved from /home/airflow/.local/lib/python3.8/site-packages/airflow/example_dags/tutorial_taskflow_api_virtualenv.py
[2023-10-10T16:52:20.194+0000] {logging_mixin.py:151} INFO - [2023-10-10T16:52:20.194+0000] {dag.py:2915} INFO - Sync 1 DAGs
[2023-10-10T16:52:20.206+0000] {logging_mixin.py:151} INFO - [2023-10-10T16:52:20.205+0000] {dag.py:3696} INFO - Setting next_dagrun for tutorial_taskflow_api_virtualenv to None, run_after=None
[2023-10-10T16:52:20.222+0000] {processor.py:179} INFO - Processing /home/airflow/.local/lib/python3.8/site-packages/airflow/example_dags/tutorial_taskflow_api_virtualenv.py took 0.058 seconds
[2023-10-10T16:52:50.886+0000] {processor.py:157} INFO - Started process (PID=356) to work on /home/airflow/.local/lib/python3.8/site-packages/airflow/example_dags/tutorial_taskflow_api_virtualenv.py
[2023-10-10T16:52:50.887+0000] {processor.py:829} INFO - Processing file /home/airflow/.local/lib/python3.8/site-packages/airflow/example_dags/tutorial_taskflow_api_virtualenv.py for tasks to queue
[2023-10-10T16:52:50.888+0000] {logging_mixin.py:151} INFO - [2023-10-10T16:52:50.888+0000] {dagbag.py:539} INFO - Filling up the DagBag from /home/airflow/.local/lib/python3.8/site-packages/airflow/example_dags/tutorial_taskflow_api_virtualenv.py
[2023-10-10T16:52:50.893+0000] {processor.py:839} INFO - DAG(s) dict_keys(['tutorial_taskflow_api_virtualenv']) retrieved from /home/airflow/.local/lib/python3.8/site-packages/airflow/example_dags/tutorial_taskflow_api_virtualenv.py
[2023-10-10T16:52:50.909+0000] {logging_mixin.py:151} INFO - [2023-10-10T16:52:50.909+0000] {dag.py:2915} INFO - Sync 1 DAGs
[2023-10-10T16:52:50.919+0000] {logging_mixin.py:151} INFO - [2023-10-10T16:52:50.919+0000] {dag.py:3696} INFO - Setting next_dagrun for tutorial_taskflow_api_virtualenv to None, run_after=None
[2023-10-10T16:52:50.939+0000] {processor.py:179} INFO - Processing /home/airflow/.local/lib/python3.8/site-packages/airflow/example_dags/tutorial_taskflow_api_virtualenv.py took 0.056 seconds
